EventID            : 4720
MachineName        : DC.mas-noida.com
Data               : {}
Index              : 37855790
Category           : (13824)
CategoryNumber     : 13824
EntryType          : SuccessAudit
Message            : A user account was created.

                     Subject:
                         Security ID:        S-1-5-21-2373504117-2689643630-3100359099-2600
                         Account Name:        prateeks
                         Account Domain:        MAS-NOIDA
                         Logon ID:        0x11c4d4384

                     New Account:
                         Security ID:        S-1-5-21-2373504117-2689643630-3100359099-15734
                         Account Name:        MAS53518
                         Account Domain:        MAS-NOIDA

                     Attributes:
                         SAM Account Name:    MAS53518
                         Display Name:        RAJ KAMAL MAS53518
                         User Principal Name:    MAS53518@mas-noida.com
                         Home Directory:        -
                         Home Drive:        -
                         Script Path:        -
                         Profile Path:        -
                         User Workstations:    -
                         Password Last Set:    %%1794
                         Account Expires:        %%1794
                         Primary Group ID:    513
                         Allowed To Delegate To:    -
                         Old UAC Value:        0x0
                         New UAC Value:        0x15
                         User Account Control:
                             %%2080
                             %%2082
                             %%2084
                         User Parameters:    -
                         SID History:        -
                         Logon Hours:        %%1793

                     Additional Information:
                         Privileges        -
Source             : Microsoft-Windows-Security-Auditing
ReplacementStrings : {MAS53518, MAS-NOIDA, S-1-5-21-2373504117-2689643630-3100359099-15734,
                     S-1-5-21-2373504117-2689643630-3100359099-2600...}
InstanceId         : 4720
TimeGenerated      : 8/22/2023 8:28:04 PM
TimeWritten        : 8/22/2023 8:28:04 PM
UserName           :
Site               :
Container          :

EventID            : 4720
MachineName        : DC.mas-noida.com
Data               : {}
Index              : 37855695
Category           : (13824)
CategoryNumber     : 13824
EntryType          : SuccessAudit
Message            : A user account was created.

                     Subject:
                         Security ID:        S-1-5-21-2373504117-2689643630-3100359099-2600
                         Account Name:        prateeks
                         Account Domain:        MAS-NOIDA
                         Logon ID:        0x11c4cce90

                     New Account:
                         Security ID:        S-1-5-21-2373504117-2689643630-3100359099-15733
                         Account Name:        MAS53517
                         Account Domain:        MAS-NOIDA

                     Attributes:
                         SAM Account Name:    MAS53517
                         Display Name:        PAWAN KUMAR MAS53517
                         User Principal Name:    MAS53517@mas-noida.com
                         Home Directory:        -
                         Home Drive:        -
                         Script Path:        -
                         Profile Path:        -
                         User Workstations:    -
                         Password Last Set:    %%1794
                         Account Expires:        %%1794
                         Primary Group ID:    513
                         Allowed To Delegate To:    -
                         Old UAC Value:        0x0
                         New UAC Value:        0x15
                         User Account Control:
                             %%2080
                             %%2082
                             %%2084
                         User Parameters:    -
                         SID History:        -
                         Logon Hours:        %%1793

                     Additional Information:
                         Privileges        -
Source             : Microsoft-Windows-Security-Auditing
ReplacementStrings : {MAS53517, MAS-NOIDA, S-1-5-21-2373504117-2689643630-3100359099-15733,
                     S-1-5-21-2373504117-2689643630-3100359099-2600...}
InstanceId         : 4720
TimeGenerated      : 8/22/2023 8:27:34 PM
TimeWritten        : 8/22/2023 8:27:34 PM
UserName           :
Site               :
Container          :

EventID            : 4720
MachineName        : DC.mas-noida.com
Data               : {}
Index              : 37855459
Category           : (13824)
CategoryNumber     : 13824
EntryType          : SuccessAudit
Message            : A user account was created.

                     Subject:
                         Security ID:        S-1-5-21-2373504117-2689643630-3100359099-2600
                         Account Name:        prateeks
                         Account Domain:        MAS-NOIDA
                         Logon ID:        0x11c4c6843

                     New Account:
                         Security ID:        S-1-5-21-2373504117-2689643630-3100359099-15732
                         Account Name:        MAS53516
                         Account Domain:        MAS-NOIDA

                     Attributes:
                         SAM Account Name:    MAS53516
                         Display Name:        PIYUSH SINGH MAS53516
                         User Principal Name:    MAS53516@mas-noida.com
                         Home Directory:        -
                         Home Drive:        -
                         Script Path:        -
                         Profile Path:        -
                         User Workstations:    -
                         Password Last Set:    %%1794
                         Account Expires:        %%1794
                         Primary Group ID:    513
                         Allowed To Delegate To:    -
                         Old UAC Value:        0x0
                         New UAC Value:        0x15
                         User Account Control:
                             %%2080
                             %%2082
                             %%2084
                         User Parameters:    -
                         SID History:        -
                         Logon Hours:        %%1793

                     Additional Information:
                         Privileges        -
Source             : Microsoft-Windows-Security-Auditing
ReplacementStrings : {MAS53516, MAS-NOIDA, S-1-5-21-2373504117-2689643630-3100359099-15732,
                     S-1-5-21-2373504117-2689643630-3100359099-2600...}
InstanceId         : 4720
TimeGenerated      : 8/22/2023 8:26:19 PM
TimeWritten        : 8/22/2023 8:26:19 PM
UserName           :
Site               :
Container          :

EventID            : 4720
MachineName        : DC.mas-noida.com
Data               : {}
Index              : 37855325
Category           : (13824)
CategoryNumber     : 13824
EntryType          : SuccessAudit
Message            : A user account was created.

                     Subject:
                         Security ID:        S-1-5-21-2373504117-2689643630-3100359099-2600
                         Account Name:        prateeks
                         Account Domain:        MAS-NOIDA
                         Logon ID:        0x11c4c46b5

                     New Account:
                         Security ID:        S-1-5-21-2373504117-2689643630-3100359099-15731
                         Account Name:        MAS53515
                         Account Domain:        MAS-NOIDA

                     Attributes:
                         SAM Account Name:    MAS53515
                         Display Name:        SHAILENDRA DHAR MAS53515
                         User Principal Name:    MAS53515@mas-noida.com
                         Home Directory:        -
                         Home Drive:        -
                         Script Path:        -
                         Profile Path:        -
                         User Workstations:    -
                         Password Last Set:    %%1794
                         Account Expires:        %%1794
                         Primary Group ID:    513
                         Allowed To Delegate To:    -
                         Old UAC Value:        0x0
                         New UAC Value:        0x15
                         User Account Control:
                             %%2080
                             %%2082
                             %%2084
                         User Parameters:    -
                         SID History:        -
                         Logon Hours:        %%1793

                     Additional Information:
                         Privileges        -
Source             : Microsoft-Windows-Security-Auditing
ReplacementStrings : {MAS53515, MAS-NOIDA, S-1-5-21-2373504117-2689643630-3100359099-15731,
                     S-1-5-21-2373504117-2689643630-3100359099-2600...}
InstanceId         : 4720
TimeGenerated      : 8/22/2023 8:25:36 PM
TimeWritten        : 8/22/2023 8:25:36 PM
UserName           :
Site               :
Container          :

EventID            : 4720
MachineName        : DC.mas-noida.com
Data               : {}
Index              : 37855205
Category           : (13824)
CategoryNumber     : 13824
EntryType          : SuccessAudit
Message            : A user account was created.

                     Subject:
                         Security ID:        S-1-5-21-2373504117-2689643630-3100359099-2600
                         Account Name:        prateeks
                         Account Domain:        MAS-NOIDA
                         Logon ID:        0x11c4c186b

                     New Account:
                         Security ID:        S-1-5-21-2373504117-2689643630-3100359099-15730
                         Account Name:        MAS53514
                         Account Domain:        MAS-NOIDA

                     Attributes:
                         SAM Account Name:    MAS53514
                         Display Name:        LALIT KUMAR MAS53514
                         User Principal Name:    MAS53514@mas-noida.com
                         Home Directory:        -
                         Home Drive:        -
                         Script Path:        -
                         Profile Path:        -
                         User Workstations:    -
                         Password Last Set:    %%1794
                         Account Expires:        %%1794
                         Primary Group ID:    513
                         Allowed To Delegate To:    -
                         Old UAC Value:        0x0
                         New UAC Value:        0x15
                         User Account Control:
                             %%2080
                             %%2082
                             %%2084
                         User Parameters:    -
                         SID History:        -
                         Logon Hours:        %%1793

                     Additional Information:
                         Privileges        -
Source             : Microsoft-Windows-Security-Auditing
ReplacementStrings : {MAS53514, MAS-NOIDA, S-1-5-21-2373504117-2689643630-3100359099-15730,
                     S-1-5-21-2373504117-2689643630-3100359099-2600...}
InstanceId         : 4720
TimeGenerated      : 8/22/2023 8:25:03 PM
TimeWritten        : 8/22/2023 8:25:03 PM
UserName           :
Site               :
Container          :

EventID            : 4720
MachineName        : DC.mas-noida.com
Data               : {}
Index              : 37855092
Category           : (13824)
CategoryNumber     : 13824
EntryType          : SuccessAudit
Message            : A user account was created.

                     Subject:
                         Security ID:        S-1-5-21-2373504117-2689643630-3100359099-2600
                         Account Name:        prateeks
                         Account Domain:        MAS-NOIDA
                         Logon ID:        0x11c4bfd9f

                     New Account:
                         Security ID:        S-1-5-21-2373504117-2689643630-3100359099-15729
                         Account Name:        MAS53513
                         Account Domain:        MAS-NOIDA

                     Attributes:
                         SAM Account Name:    MAS53513
                         Display Name:        ABHISHEK KUMAR MAS53513
                         User Principal Name:    MAS53513@mas-noida.com
                         Home Directory:        -
                         Home Drive:        -
                         Script Path:        -
                         Profile Path:        -
                         User Workstations:    -
                         Password Last Set:    %%1794
                         Account Expires:        %%1794
                         Primary Group ID:    513
                         Allowed To Delegate To:    -
                         Old UAC Value:        0x0
                         New UAC Value:        0x15
                         User Account Control:
                             %%2080
                             %%2082
                             %%2084
                         User Parameters:    -
                         SID History:        -
                         Logon Hours:        %%1793

                     Additional Information:
                         Privileges        -
Source             : Microsoft-Windows-Security-Auditing
ReplacementStrings : {MAS53513, MAS-NOIDA, S-1-5-21-2373504117-2689643630-3100359099-15729,
                     S-1-5-21-2373504117-2689643630-3100359099-2600...}
InstanceId         : 4720
TimeGenerated      : 8/22/2023 8:24:31 PM
TimeWritten        : 8/22/2023 8:24:31 PM
UserName           :
Site               :
Container          :

EventID            : 4720
MachineName        : DC.mas-noida.com
Data               : {}
Index              : 37854948
Category           : (13824)
CategoryNumber     : 13824
EntryType          : SuccessAudit
Message            : A user account was created.

                     Subject:
                         Security ID:        S-1-5-21-2373504117-2689643630-3100359099-2600
                         Account Name:        prateeks
                         Account Domain:        MAS-NOIDA
                         Logon ID:        0x11c4bd492

                     New Account:
                         Security ID:        S-1-5-21-2373504117-2689643630-3100359099-15728
                         Account Name:        MAS53512
                         Account Domain:        MAS-NOIDA

                     Attributes:
                         SAM Account Name:    MAS53512
                         Display Name:        RANJAN MAS53512
                         User Principal Name:    MAS53512@mas-noida.com
                         Home Directory:        -
                         Home Drive:        -
                         Script Path:        -
                         Profile Path:        -
                         User Workstations:    -
                         Password Last Set:    %%1794
                         Account Expires:        %%1794
                         Primary Group ID:    513
                         Allowed To Delegate To:    -
                         Old UAC Value:        0x0
                         New UAC Value:        0x15
                         User Account Control:
                             %%2080
                             %%2082
                             %%2084
                         User Parameters:    -
                         SID History:        -
                         Logon Hours:        %%1793

                     Additional Information:
                         Privileges        -
Source             : Microsoft-Windows-Security-Auditing
ReplacementStrings : {MAS53512, MAS-NOIDA, S-1-5-21-2373504117-2689643630-3100359099-15728,
                     S-1-5-21-2373504117-2689643630-3100359099-2600...}
InstanceId         : 4720
TimeGenerated      : 8/22/2023 8:23:44 PM
TimeWritten        : 8/22/2023 8:23:44 PM
UserName           :
Site               :
Container          :

