Windows PowerShell
Copyright (C) 2014 Microsoft Corporation. All rights reserved.

PS C:\Windows\system32> Get-EventLog -LogName Security | Where-Object {$_.EventID -eq 4720} | Select-Object -Property *


EventID            : 4720
MachineName        : DC.mas-noida.com
Data               : {}
Index              : 31535293
Category           : (13824)
CategoryNumber     : 13824
EntryType          : SuccessAudit
Message            : A user account was created.

                     Subject:
                         Security ID:        S-1-5-21-2373504117-2689643630-3100359099-2600
                         Account Name:        prateeks
                         Account Domain:        MAS-NOIDA
                         Logon ID:        0x6d8ebfaf

                     New Account:
                         Security ID:        S-1-5-21-2373504117-2689643630-3100359099-14951
                         Account Name:        MAS53146
                         Account Domain:        MAS-NOIDA

                     Attributes:
                         SAM Account Name:    MAS53146
                         Display Name:        SAURABH KUMAR MAS53146
                         User Principal Name:    MAS53146@mas-noida.com
                         Home Directory:        -
                         Home Drive:        -
                         Script Path:        -
                         Profile Path:        -
                         User Workstations:    -
                         Password Last Set:    %%1794
                         Account Expires:        %%1794
                         Primary Group ID:    513
                         Allowed To Delegate To:    -
                         Old UAC Value:        0x0
                         New UAC Value:        0x15
                         User Account Control:
                             %%2080
                             %%2082
                             %%2084
                         User Parameters:    -
                         SID History:        -
                         Logon Hours:        %%1793

                     Additional Information:
                         Privileges        -
Source             : Microsoft-Windows-Security-Auditing
ReplacementStrings : {MAS53146, MAS-NOIDA, S-1-5-21-2373504117-2689643630-3100359099-14951,
                     S-1-5-21-2373504117-2689643630-3100359099-2600...}
InstanceId         : 4720
TimeGenerated      : 7/18/2023 6:13:18 PM
TimeWritten        : 7/18/2023 6:13:18 PM
UserName           :
Site               :
Container          :

EventID            : 4720
MachineName        : DC.mas-noida.com
Data               : {}
Index              : 31535178
Category           : (13824)
CategoryNumber     : 13824
EntryType          : SuccessAudit
Message            : A user account was created.

                     Subject:
                         Security ID:        S-1-5-21-2373504117-2689643630-3100359099-2600
                         Account Name:        prateeks
                         Account Domain:        MAS-NOIDA
                         Logon ID:        0x6d8ebfaf

                     New Account:
                         Security ID:        S-1-5-21-2373504117-2689643630-3100359099-14950
                         Account Name:        MAS53145
                         Account Domain:        MAS-NOIDA

                     Attributes:
                         SAM Account Name:    MAS53145
                         Display Name:        MOHD FAISHAL MAS53145
                         User Principal Name:    MAS53145@mas-noida.com
                         Home Directory:        -
                         Home Drive:        -
                         Script Path:        -
                         Profile Path:        -
                         User Workstations:    -
                         Password Last Set:    %%1794
                         Account Expires:        %%1794
                         Primary Group ID:    513
                         Allowed To Delegate To:    -
                         Old UAC Value:        0x0
                         New UAC Value:        0x15
                         User Account Control:
                             %%2080
                             %%2082
                             %%2084
                         User Parameters:    -
                         SID History:        -
                         Logon Hours:        %%1793

                     Additional Information:
                         Privileges        -
Source             : Microsoft-Windows-Security-Auditing
ReplacementStrings : {MAS53145, MAS-NOIDA, S-1-5-21-2373504117-2689643630-3100359099-14950,
                     S-1-5-21-2373504117-2689643630-3100359099-2600...}
InstanceId         : 4720
TimeGenerated      : 7/18/2023 6:12:36 PM
TimeWritten        : 7/18/2023 6:12:36 PM
UserName           :
Site               :
Container          :

EventID            : 4720
MachineName        : DC.mas-noida.com
Data               : {}
Index              : 31535069
Category           : (13824)
CategoryNumber     : 13824
EntryType          : SuccessAudit
Message            : A user account was created.

                     Subject:
                         Security ID:        S-1-5-21-2373504117-2689643630-3100359099-2600
                         Account Name:        prateeks
                         Account Domain:        MAS-NOIDA
                         Logon ID:        0x6d8ebfaf

                     New Account:
                         Security ID:        S-1-5-21-2373504117-2689643630-3100359099-14949
                         Account Name:        MAS53144
                         Account Domain:        MAS-NOIDA

                     Attributes:
                         SAM Account Name:    MAS53144
                         Display Name:        SHAILESH KUMAR     MAS53144
                         User Principal Name:    MAS53144@mas-noida.com
                         Home Directory:        -
                         Home Drive:        -
                         Script Path:        -
                         Profile Path:        -
                         User Workstations:    -
                         Password Last Set:    %%1794
                         Account Expires:        %%1794
                         Primary Group ID:    513
                         Allowed To Delegate To:    -
                         Old UAC Value:        0x0
                         New UAC Value:        0x15
                         User Account Control:
                             %%2080
                             %%2082
                             %%2084
                         User Parameters:    -
                         SID History:        -
                         Logon Hours:        %%1793

                     Additional Information:
                         Privileges        -
Source             : Microsoft-Windows-Security-Auditing
ReplacementStrings : {MAS53144, MAS-NOIDA, S-1-5-21-2373504117-2689643630-3100359099-14949,
                     S-1-5-21-2373504117-2689643630-3100359099-2600...}
InstanceId         : 4720
TimeGenerated      : 7/18/2023 6:12:03 PM
TimeWritten        : 7/18/2023 6:12:03 PM
UserName           :
Site               :
Container          :

EventID            : 4720
MachineName        : DC.mas-noida.com
Data               : {}
Index              : 31534962
Category           : (13824)
CategoryNumber     : 13824
EntryType          : SuccessAudit
Message            : A user account was created.

                     Subject:
                         Security ID:        S-1-5-21-2373504117-2689643630-3100359099-2600
                         Account Name:        prateeks
                         Account Domain:        MAS-NOIDA
                         Logon ID:        0x6d8ebfaf

                     New Account:
                         Security ID:        S-1-5-21-2373504117-2689643630-3100359099-14948
                         Account Name:        MAS53143
                         Account Domain:        MAS-NOIDA

                     Attributes:
                         SAM Account Name:    MAS53143
                         Display Name:        AAKASH BAWRA MAS53143
                         User Principal Name:    MAS53143@mas-noida.com
                         Home Directory:        -
                         Home Drive:        -
                         Script Path:        -
                         Profile Path:        -
                         User Workstations:    -
                         Password Last Set:    %%1794
                         Account Expires:        %%1794
                         Primary Group ID:    513
                         Allowed To Delegate To:    -
                         Old UAC Value:        0x0
                         New UAC Value:        0x15
                         User Account Control:
                             %%2080
                             %%2082
                             %%2084
                         User Parameters:    -
                         SID History:        -
                         Logon Hours:        %%1793

                     Additional Information:
                         Privileges        -
Source             : Microsoft-Windows-Security-Auditing
ReplacementStrings : {MAS53143, MAS-NOIDA, S-1-5-21-2373504117-2689643630-3100359099-14948,
                     S-1-5-21-2373504117-2689643630-3100359099-2600...}
InstanceId         : 4720
TimeGenerated      : 7/18/2023 6:11:26 PM
TimeWritten        : 7/18/2023 6:11:26 PM
UserName           :
Site               :
Container          :

EventID            : 4720
MachineName        : DC.mas-noida.com
Data               : {}
Index              : 31534857
Category           : (13824)
CategoryNumber     : 13824
EntryType          : SuccessAudit
Message            : A user account was created.

                     Subject:
                         Security ID:        S-1-5-21-2373504117-2689643630-3100359099-2600
                         Account Name:        prateeks
                         Account Domain:        MAS-NOIDA
                         Logon ID:        0x6d8ebfaf

                     New Account:
                         Security ID:        S-1-5-21-2373504117-2689643630-3100359099-14947
                         Account Name:        MAS53142
                         Account Domain:        MAS-NOIDA

                     Attributes:
                         SAM Account Name:    MAS53142
                         Display Name:        RAJAN BHARTI MAS53142
                         User Principal Name:    MAS53142@mas-noida.com
                         Home Directory:        -
                         Home Drive:        -
                         Script Path:        -
                         Profile Path:        -
                         User Workstations:    -
                         Password Last Set:    %%1794
                         Account Expires:        %%1794
                         Primary Group ID:    513
                         Allowed To Delegate To:    -
                         Old UAC Value:        0x0
                         New UAC Value:        0x15
                         User Account Control:
                             %%2080
                             %%2082
                             %%2084
                         User Parameters:    -
                         SID History:        -
                         Logon Hours:        %%1793

                     Additional Information:
                         Privileges        -
Source             : Microsoft-Windows-Security-Auditing
ReplacementStrings : {MAS53142, MAS-NOIDA, S-1-5-21-2373504117-2689643630-3100359099-14947,
                     S-1-5-21-2373504117-2689643630-3100359099-2600...}
InstanceId         : 4720
TimeGenerated      : 7/18/2023 6:10:45 PM
TimeWritten        : 7/18/2023 6:10:45 PM
UserName           :
Site               :
Container          :

EventID            : 4720
MachineName        : DC.mas-noida.com
Data               : {}
Index              : 31534741
Category           : (13824)
CategoryNumber     : 13824
EntryType          : SuccessAudit
Message            : A user account was created.

                     Subject:
                         Security ID:        S-1-5-21-2373504117-2689643630-3100359099-2600
                         Account Name:        prateeks
                         Account Domain:        MAS-NOIDA
                         Logon ID:        0x6d8ebfaf

                     New Account:
                         Security ID:        S-1-5-21-2373504117-2689643630-3100359099-14946
                         Account Name:        MAS53141
                         Account Domain:        MAS-NOIDA

                     Attributes:
                         SAM Account Name:    MAS53141
                         Display Name:        ABHISHEK CHAUHAN MAS53141
                         User Principal Name:    MAS53141@mas-noida.com
                         Home Directory:        -
                         Home Drive:        -
                         Script Path:        -
                         Profile Path:        -
                         User Workstations:    -
                         Password Last Set:    %%1794
                         Account Expires:        %%1794
                         Primary Group ID:    513
                         Allowed To Delegate To:    -
                         Old UAC Value:        0x0
                         New UAC Value:        0x15
                         User Account Control:
                             %%2080
                             %%2082
                             %%2084
                         User Parameters:    -
                         SID History:        -
                         Logon Hours:        %%1793

                     Additional Information:
                         Privileges        -
Source             : Microsoft-Windows-Security-Auditing
ReplacementStrings : {MAS53141, MAS-NOIDA, S-1-5-21-2373504117-2689643630-3100359099-14946,
                     S-1-5-21-2373504117-2689643630-3100359099-2600...}
InstanceId         : 4720
TimeGenerated      : 7/18/2023 6:10:10 PM
TimeWritten        : 7/18/2023 6:10:10 PM
UserName           :
Site               :
Container          :

EventID            : 4720
MachineName        : DC.mas-noida.com
Data               : {}
Index              : 31534524
Category           : (13824)
CategoryNumber     : 13824
EntryType          : SuccessAudit
Message            : A user account was created.

                     Subject:
                         Security ID:        S-1-5-21-2373504117-2689643630-3100359099-2600
                         Account Name:        prateeks
                         Account Domain:        MAS-NOIDA
                         Logon ID:        0x6d8ebfaf

                     New Account:
                         Security ID:        S-1-5-21-2373504117-2689643630-3100359099-14945
                         Account Name:        MAS53140
                         Account Domain:        MAS-NOIDA

                     Attributes:
                         SAM Account Name:    MAS53140
                         Display Name:        MOHAMMAD REHAN MAS53140
                         User Principal Name:    MAS53140@mas-noida.com
                         Home Directory:        -
                         Home Drive:        -
                         Script Path:        -
                         Profile Path:        -
                         User Workstations:    -
                         Password Last Set:    %%1794
                         Account Expires:        %%1794
                         Primary Group ID:    513
                         Allowed To Delegate To:    -
                         Old UAC Value:        0x0
                         New UAC Value:        0x15
                         User Account Control:
                             %%2080
                             %%2082
                             %%2084
                         User Parameters:    -
                         SID History:        -
                         Logon Hours:        %%1793

                     Additional Information:
                         Privileges        -
Source             : Microsoft-Windows-Security-Auditing
ReplacementStrings : {MAS53140, MAS-NOIDA, S-1-5-21-2373504117-2689643630-3100359099-14945,
                     S-1-5-21-2373504117-2689643630-3100359099-2600...}
InstanceId         : 4720
TimeGenerated      : 7/18/2023 6:09:03 PM
TimeWritten        : 7/18/2023 6:09:03 PM
UserName           :
Site               :
Container          :

EventID            : 4720
MachineName        : DC.mas-noida.com
Data               : {}
Index              : 31534395
Category           : (13824)
CategoryNumber     : 13824
EntryType          : SuccessAudit
Message            : A user account was created.

                     Subject:
                         Security ID:        S-1-5-21-2373504117-2689643630-3100359099-2600
                         Account Name:        prateeks
                         Account Domain:        MAS-NOIDA
                         Logon ID:        0x6d8ebfaf

                     New Account:
                         Security ID:        S-1-5-21-2373504117-2689643630-3100359099-14944
                         Account Name:        MAS53139
                         Account Domain:        MAS-NOIDA

                     Attributes:
                         SAM Account Name:    MAS53139
                         Display Name:        DEEPAK SHARMA    MAS53139
                         User Principal Name:    MAS53139@mas-noida.com
                         Home Directory:        -
                         Home Drive:        -
                         Script Path:        -
                         Profile Path:        -
                         User Workstations:    -
                         Password Last Set:    %%1794
                         Account Expires:        %%1794
                         Primary Group ID:    513
                         Allowed To Delegate To:    -
                         Old UAC Value:        0x0
                         New UAC Value:        0x15
                         User Account Control:
                             %%2080
                             %%2082
                             %%2084
                         User Parameters:    -
                         SID History:        -
                         Logon Hours:        %%1793

                     Additional Information:
                         Privileges        -
Source             : Microsoft-Windows-Security-Auditing
ReplacementStrings : {MAS53139, MAS-NOIDA, S-1-5-21-2373504117-2689643630-3100359099-14944,
                     S-1-5-21-2373504117-2689643630-3100359099-2600...}
InstanceId         : 4720
TimeGenerated      : 7/18/2023 6:08:25 PM
TimeWritten        : 7/18/2023 6:08:25 PM
UserName           :
Site               :
Container          :

EventID            : 4720
MachineName        : DC.mas-noida.com
Data               : {}
Index              : 31534279
Category           : (13824)
CategoryNumber     : 13824
EntryType          : SuccessAudit
Message            : A user account was created.

                     Subject:
                         Security ID:        S-1-5-21-2373504117-2689643630-3100359099-2600
                         Account Name:        prateeks
                         Account Domain:        MAS-NOIDA
                         Logon ID:        0x6d8ebfaf

                     New Account:
                         Security ID:        S-1-5-21-2373504117-2689643630-3100359099-14943
                         Account Name:        MAS53138
                         Account Domain:        MAS-NOIDA

                     Attributes:
                         SAM Account Name:    MAS53138
                         Display Name:        AMIT PANDEY MAS53138
                         User Principal Name:    MAS53138@mas-noida.com
                         Home Directory:        -
                         Home Drive:        -
                         Script Path:        -
                         Profile Path:        -
                         User Workstations:    -
                         Password Last Set:    %%1794
                         Account Expires:        %%1794
                         Primary Group ID:    513
                         Allowed To Delegate To:    -
                         Old UAC Value:        0x0
                         New UAC Value:        0x15
                         User Account Control:
                             %%2080
                             %%2082
                             %%2084
                         User Parameters:    -
                         SID History:        -
                         Logon Hours:        %%1793

                     Additional Information:
                         Privileges        -
Source             : Microsoft-Windows-Security-Auditing
ReplacementStrings : {MAS53138, MAS-NOIDA, S-1-5-21-2373504117-2689643630-3100359099-14943,
                     S-1-5-21-2373504117-2689643630-3100359099-2600...}
InstanceId         : 4720
TimeGenerated      : 7/18/2023 6:07:54 PM
TimeWritten        : 7/18/2023 6:07:54 PM
UserName           :
Site               :
Container          :

EventID            : 4720
MachineName        : DC.mas-noida.com
Data               : {}
Index              : 31534108
Category           : (13824)
CategoryNumber     : 13824
EntryType          : SuccessAudit
Message            : A user account was created.

                     Subject:
                         Security ID:        S-1-5-21-2373504117-2689643630-3100359099-2600
                         Account Name:        prateeks
                         Account Domain:        MAS-NOIDA
                         Logon ID:        0x6d8ebfaf

                     New Account:
                         Security ID:        S-1-5-21-2373504117-2689643630-3100359099-14942
                         Account Name:        MAS53137
                         Account Domain:        MAS-NOIDA

                     Attributes:
                         SAM Account Name:    MAS53137
                         Display Name:        PAWAN SINGH MAS53137
                         User Principal Name:    MAS53137@mas-noida.com
                         Home Directory:        -
                         Home Drive:        -
                         Script Path:        -
                         Profile Path:        -
                         User Workstations:    -
                         Password Last Set:    %%1794
                         Account Expires:        %%1794
                         Primary Group ID:    513
                         Allowed To Delegate To:    -
                         Old UAC Value:        0x0
                         New UAC Value:        0x15
                         User Account Control:
                             %%2080
                             %%2082
                             %%2084
                         User Parameters:    -
                         SID History:        -
                         Logon Hours:        %%1793

                     Additional Information:
                         Privileges        -
Source             : Microsoft-Windows-Security-Auditing
ReplacementStrings : {MAS53137, MAS-NOIDA, S-1-5-21-2373504117-2689643630-3100359099-14942,
                     S-1-5-21-2373504117-2689643630-3100359099-2600...}
InstanceId         : 4720
TimeGenerated      : 7/18/2023 6:07:10 PM
TimeWritten        : 7/18/2023 6:07:10 PM
UserName           :
Site               :
Container          :

EventID            : 4720
MachineName        : DC.mas-noida.com
Data               : {}
Index              : 31533944
Category           : (13824)
CategoryNumber     : 13824
EntryType          : SuccessAudit
Message            : A user account was created.

                     Subject:
                         Security ID:        S-1-5-21-2373504117-2689643630-3100359099-2600
                         Account Name:        prateeks
                         Account Domain:        MAS-NOIDA
                         Logon ID:        0x6d8ebfaf

                     New Account:
                         Security ID:        S-1-5-21-2373504117-2689643630-3100359099-14941
                         Account Name:        MAS53136
                         Account Domain:        MAS-NOIDA

                     Attributes:
                         SAM Account Name:    MAS53136
                         Display Name:        SANJIB DOLAI MAS53136
                         User Principal Name:    MAS53136@mas-noida.com
                         Home Directory:        -
                         Home Drive:        -
                         Script Path:        -
                         Profile Path:        -
                         User Workstations:    -
                         Password Last Set:    %%1794
                         Account Expires:        %%1794
                         Primary Group ID:    513
                         Allowed To Delegate To:    -
                         Old UAC Value:        0x0
                         New UAC Value:        0x15
                         User Account Control:
                             %%2080
                             %%2082
                             %%2084
                         User Parameters:    -
                         SID History:        -
                         Logon Hours:        %%1793

                     Additional Information:
                         Privileges        -
Source             : Microsoft-Windows-Security-Auditing
ReplacementStrings : {MAS53136, MAS-NOIDA, S-1-5-21-2373504117-2689643630-3100359099-14941,
                     S-1-5-21-2373504117-2689643630-3100359099-2600...}
InstanceId         : 4720
TimeGenerated      : 7/18/2023 6:06:32 PM
TimeWritten        : 7/18/2023 6:06:32 PM
UserName           :
Site               :
Container          :

EventID            : 4720
MachineName        : DC.mas-noida.com
Data               : {}
Index              : 31533639
Category           : (13824)
CategoryNumber     : 13824
EntryType          : SuccessAudit
Message            : A user account was created.

                     Subject:
                         Security ID:        S-1-5-21-2373504117-2689643630-3100359099-2600
                         Account Name:        prateeks
                         Account Domain:        MAS-NOIDA
                         Logon ID:        0x6d8ebfaf

                     New Account:
                         Security ID:        S-1-5-21-2373504117-2689643630-3100359099-14940
                         Account Name:        MAS53135
                         Account Domain:        MAS-NOIDA

                     Attributes:
                         SAM Account Name:    MAS53135
                         Display Name:        RISHABH AULAKH    MAS53135
                         User Principal Name:    MAS53135@mas-noida.com
                         Home Directory:        -
                         Home Drive:        -
                         Script Path:        -
                         Profile Path:        -
                         User Workstations:    -
                         Password Last Set:    %%1794
                         Account Expires:        %%1794
                         Primary Group ID:    513
                         Allowed To Delegate To:    -
                         Old UAC Value:        0x0
                         New UAC Value:        0x15
                         User Account Control:
                             %%2080
                             %%2082
                             %%2084
                         User Parameters:    -
                         SID History:        -
                         Logon Hours:        %%1793

                     Additional Information:
                         Privileges        -
Source             : Microsoft-Windows-Security-Auditing
ReplacementStrings : {MAS53135, MAS-NOIDA, S-1-5-21-2373504117-2689643630-3100359099-14940,
                     S-1-5-21-2373504117-2689643630-3100359099-2600...}
InstanceId         : 4720
TimeGenerated      : 7/18/2023 6:05:12 PM
TimeWritten        : 7/18/2023 6:05:12 PM
UserName           :
Site               :
Container          :

EventID            : 4720
MachineName        : DC.mas-noida.com
Data               : {}
Index              : 31533502
Category           : (13824)
CategoryNumber     : 13824
EntryType          : SuccessAudit
Message            : A user account was created.

                     Subject:
                         Security ID:        S-1-5-21-2373504117-2689643630-3100359099-2600
                         Account Name:        prateeks
                         Account Domain:        MAS-NOIDA
                         Logon ID:        0x6d8ebfaf

                     New Account:
                         Security ID:        S-1-5-21-2373504117-2689643630-3100359099-14939
                         Account Name:        MAS53134
                         Account Domain:        MAS-NOIDA

                     Attributes:
                         SAM Account Name:    MAS53134
                         Display Name:        SHIVAM NEGI MAS53134
                         User Principal Name:    MAS53134@mas-noida.com
                         Home Directory:        -
                         Home Drive:        -
                         Script Path:        -
                         Profile Path:        -
                         User Workstations:    -
                         Password Last Set:    %%1794
                         Account Expires:        %%1794
                         Primary Group ID:    513
                         Allowed To Delegate To:    -
                         Old UAC Value:        0x0
                         New UAC Value:        0x15
                         User Account Control:
                             %%2080
                             %%2082
                             %%2084
                         User Parameters:    -
                         SID History:        -
                         Logon Hours:        %%1793

                     Additional Information:
                         Privileges        -
Source             : Microsoft-Windows-Security-Auditing
ReplacementStrings : {MAS53134, MAS-NOIDA, S-1-5-21-2373504117-2689643630-3100359099-14939,
                     S-1-5-21-2373504117-2689643630-3100359099-2600...}
InstanceId         : 4720
TimeGenerated      : 7/18/2023 6:04:33 PM
TimeWritten        : 7/18/2023 6:04:33 PM
UserName           :
Site               :
Container          :

EventID            : 4720
MachineName        : DC.mas-noida.com
Data               : {}
Index              : 31533359
Category           : (13824)
CategoryNumber     : 13824
EntryType          : SuccessAudit
Message            : A user account was created.

                     Subject:
                         Security ID:        S-1-5-21-2373504117-2689643630-3100359099-2600
                         Account Name:        prateeks
                         Account Domain:        MAS-NOIDA
                         Logon ID:        0x6d8ebfaf

                     New Account:
                         Security ID:        S-1-5-21-2373504117-2689643630-3100359099-14938
                         Account Name:        MAS53133
                         Account Domain:        MAS-NOIDA

                     Attributes:
                         SAM Account Name:    MAS53133
                         Display Name:        ABHISHEK MANOHAR MAS53133
                         User Principal Name:    MAS53133@mas-noida.com
                         Home Directory:        -
                         Home Drive:        -
                         Script Path:        -
                         Profile Path:        -
                         User Workstations:    -
                         Password Last Set:    %%1794
                         Account Expires:        %%1794
                         Primary Group ID:    513
                         Allowed To Delegate To:    -
                         Old UAC Value:        0x0
                         New UAC Value:        0x15
                         User Account Control:
                             %%2080
                             %%2082
                             %%2084
                         User Parameters:    -
                         SID History:        -
                         Logon Hours:        %%1793

                     Additional Information:
                         Privileges        -
Source             : Microsoft-Windows-Security-Auditing
ReplacementStrings : {MAS53133, MAS-NOIDA, S-1-5-21-2373504117-2689643630-3100359099-14938,
                     S-1-5-21-2373504117-2689643630-3100359099-2600...}
InstanceId         : 4720
TimeGenerated      : 7/18/2023 6:03:47 PM
TimeWritten        : 7/18/2023 6:03:47 PM
UserName           :
Site               :
Container          :

