EventID            : 4720
MachineName        : DC.mas-noida.com
Data               : {}
Index              : 8897764
Category           : (13824)
CategoryNumber     : 13824
EntryType          : SuccessAudit
Message            : A user account was created.

                     Subject:
                        Security ID:            S-1-5-21-2373504117-2689643630-3100359099-1499
                        Account Name:           anupk
                        Account Domain:         MAS-NOIDA
                        Logon ID:               0x15c92302a

                     New Account:
                        Security ID:            S-1-5-21-2373504117-2689643630-3100359099-16850
                        Account Name:           MAS54120
                        Account Domain:         MAS-NOIDA

                     Attributes:
                        SAM Account Name:       MAS54120
                        Display Name:           MOHMMAD AKBAR BADRULHASAN AN
                        User Principal Name:    MAS54120@mas-noida.com
                        Home Directory:         -
                        Home Drive:             -
                        Script Path:            -
                        Profile Path:           -
                        User Workstations:      -
                        Password Last Set:      %%1794
                        Account Expires:                %%1794
                        Primary Group ID:       513
                        Allowed To Delegate To: -
                        Old UAC Value:          0x0
                        New UAC Value:          0x15
                        User Account Control:
                                %%2080
                                %%2082
                                %%2084
                        User Parameters:        -
                        SID History:            -
                        Logon Hours:            %%1793

                     Additional Information:
                        Privileges              -
Source             : Microsoft-Windows-Security-Auditing
ReplacementStrings : {MAS54120, MAS-NOIDA, S-1-5-21-2373504117-2689643630-3100359099-16850,
                     S-1-5-21-2373504117-2689643630-3100359099-1499...}
InstanceId         : 4720
TimeGenerated      : 10/27/2023 1:14:45 PM
TimeWritten        : 10/27/2023 1:14:45 PM
UserName           :
Site               :
Container          :

EventID            : 4720
MachineName        : DC.mas-noida.com
Data               : {}
Index              : 8897188
Category           : (13824)
CategoryNumber     : 13824
EntryType          : SuccessAudit
Message            : A user account was created.

                     Subject:
                        Security ID:            S-1-5-21-2373504117-2689643630-3100359099-1499
                        Account Name:           anupk
                        Account Domain:         MAS-NOIDA
                        Logon ID:               0x15c92302a

                     New Account:
                        Security ID:            S-1-5-21-2373504117-2689643630-3100359099-16849
                        Account Name:           MAS54119
                        Account Domain:         MAS-NOIDA

                     Attributes:
                        SAM Account Name:       MAS54119
                        Display Name:           BALDEV RAMJIBHAI SOLANKI
                        User Principal Name:    MAS54119@mas-noida.com
                        Home Directory:         -
                        Home Drive:             -
                        Script Path:            -
                        Profile Path:           -
                        User Workstations:      -
                        Password Last Set:      %%1794
                        Account Expires:                %%1794
                        Primary Group ID:       513
                        Allowed To Delegate To: -
                        Old UAC Value:          0x0
                        New UAC Value:          0x15
                        User Account Control:
                                %%2080
                                %%2082
                                %%2084
                        User Parameters:        -
                        SID History:            -
                        Logon Hours:            %%1793

                     Additional Information:
                        Privileges              -
Source             : Microsoft-Windows-Security-Auditing
ReplacementStrings : {MAS54119, MAS-NOIDA, S-1-5-21-2373504117-2689643630-3100359099-16849,
                     S-1-5-21-2373504117-2689643630-3100359099-1499...}
InstanceId         : 4720
TimeGenerated      : 10/27/2023 1:12:13 PM
TimeWritten        : 10/27/2023 1:12:13 PM
UserName           :
Site               :
Container          :

EventID            : 4720
MachineName        : DC.mas-noida.com
Data               : {}
Index              : 8896930
Category           : (13824)
CategoryNumber     : 13824
EntryType          : SuccessAudit
Message            : A user account was created.

                     Subject:
                        Security ID:            S-1-5-21-2373504117-2689643630-3100359099-1499
                        Account Name:           anupk
                        Account Domain:         MAS-NOIDA
                        Logon ID:               0x15c92302a

                     New Account:
                        Security ID:            S-1-5-21-2373504117-2689643630-3100359099-16848
                        Account Name:           MAS54118
                        Account Domain:         MAS-NOIDA

                     Attributes:
                        SAM Account Name:       MAS54118
                        Display Name:           ANURAG PANDEY
                        User Principal Name:    MAS54118@mas-noida.com
                        Home Directory:         -
                        Home Drive:             -
                        Script Path:            -
                        Profile Path:           -
                        User Workstations:      -
                        Password Last Set:      %%1794
                        Account Expires:                %%1794
                        Primary Group ID:       513
                        Allowed To Delegate To: -
                        Old UAC Value:          0x0
                        New UAC Value:          0x15
                        User Account Control:
                                %%2080
                                %%2082
                                %%2084
                        User Parameters:        -
                        SID History:            -
                        Logon Hours:            %%1793

                     Additional Information:
                        Privileges              -
Source             : Microsoft-Windows-Security-Auditing
ReplacementStrings : {MAS54118, MAS-NOIDA, S-1-5-21-2373504117-2689643630-3100359099-16848,
                     S-1-5-21-2373504117-2689643630-3100359099-1499...}
InstanceId         : 4720
TimeGenerated      : 10/27/2023 1:11:12 PM
TimeWritten        : 10/27/2023 1:11:12 PM
UserName           :
Site               :
Container          :

EventID            : 4720
MachineName        : DC.mas-noida.com
Data               : {}
Index              : 8896812
Category           : (13824)
CategoryNumber     : 13824
EntryType          : SuccessAudit
Message            : A user account was created.

                     Subject:
                        Security ID:            S-1-5-21-2373504117-2689643630-3100359099-1499
                        Account Name:           anupk
                        Account Domain:         MAS-NOIDA
                        Logon ID:               0x15c92302a

                     New Account:
                        Security ID:            S-1-5-21-2373504117-2689643630-3100359099-16847
                        Account Name:           MAS54117
                        Account Domain:         MAS-NOIDA

                     Attributes:
                        SAM Account Name:       MAS54117
                        Display Name:           PATEL SANJAY KUMAR KANAIYALA
                        User Principal Name:    MAS54117@mas-noida.com
                        Home Directory:         -
                        Home Drive:             -
                        Script Path:            -
                        Profile Path:           -
                        User Workstations:      -
                        Password Last Set:      %%1794
                        Account Expires:                %%1794
                        Primary Group ID:       513
                        Allowed To Delegate To: -
                        Old UAC Value:          0x0
                        New UAC Value:          0x15
                        User Account Control:
                                %%2080
                                %%2082
                                %%2084
                        User Parameters:        -
                        SID History:            -
                        Logon Hours:            %%1793

                     Additional Information:
                        Privileges              -
Source             : Microsoft-Windows-Security-Auditing
ReplacementStrings : {MAS54117, MAS-NOIDA, S-1-5-21-2373504117-2689643630-3100359099-16847,
                     S-1-5-21-2373504117-2689643630-3100359099-1499...}
InstanceId         : 4720
TimeGenerated      : 10/27/2023 1:10:38 PM
TimeWritten        : 10/27/2023 1:10:38 PM
UserName           :
Site               :
Container          :

EventID            : 4720
MachineName        : DC.mas-noida.com
Data               : {}
Index              : 8896643
Category           : (13824)
CategoryNumber     : 13824
EntryType          : SuccessAudit
Message            : A user account was created.

                     Subject:
                        Security ID:            S-1-5-21-2373504117-2689643630-3100359099-1499
                        Account Name:           anupk
                        Account Domain:         MAS-NOIDA
                        Logon ID:               0x15c92302a

                     New Account:
                        Security ID:            S-1-5-21-2373504117-2689643630-3100359099-16846
                        Account Name:           MAS54116
                        Account Domain:         MAS-NOIDA

                     Attributes:
                        SAM Account Name:       MAS54116
                        Display Name:           KINJAL C MAKVANA
                        User Principal Name:    MAS54116@mas-noida.com
                        Home Directory:         -
                        Home Drive:             -
                        Script Path:            -
                        Profile Path:           -
                        User Workstations:      -
                        Password Last Set:      %%1794
                        Account Expires:                %%1794
                        Primary Group ID:       513
                        Allowed To Delegate To: -
                        Old UAC Value:          0x0
                        New UAC Value:          0x15
                        User Account Control:
                                %%2080
                                %%2082
                                %%2084
                        User Parameters:        -
                        SID History:            -
                        Logon Hours:            %%1793

                     Additional Information:
                        Privileges              -
Source             : Microsoft-Windows-Security-Auditing
ReplacementStrings : {MAS54116, MAS-NOIDA, S-1-5-21-2373504117-2689643630-3100359099-16846,
                     S-1-5-21-2373504117-2689643630-3100359099-1499...}
InstanceId         : 4720
TimeGenerated      : 10/27/2023 1:09:57 PM
TimeWritten        : 10/27/2023 1:09:57 PM
UserName           :
Site               :
Container          :

