

EventID            : 4720
MachineName        : DC.mas-noida.com
Data               : {}
Index              : 35612267
Category           : (13824)
CategoryNumber     : 13824
EntryType          : SuccessAudit
Message            : A user account was created.

                     Subject:
                         Security ID:        S-1-5-21-2373504117-2689643630-3100359099-2600
                         Account Name:        prateeks
                         Account Domain:        MAS-NOIDA
                         Logon ID:        0xd9fca9de

                     New Account:
                         Security ID:        S-1-5-21-2373504117-2689643630-3100359099-15636
                         Account Name:        MAS53406
                         Account Domain:        MAS-NOIDA

                     Attributes:
                         SAM Account Name:    MAS53406
                         Display Name:        PARMAR KIRTI MAS53406
                         User Principal Name:    MAS53406@mas-noida.com
                         Home Directory:        -
                         Home Drive:        -
                         Script Path:        -
                         Profile Path:        -
                         User Workstations:    -
                         Password Last Set:    %%1794
                         Account Expires:        %%1794
                         Primary Group ID:    513
                         Allowed To Delegate To:    -
                         Old UAC Value:        0x0
                         New UAC Value:        0x15
                         User Account Control:
                             %%2080
                             %%2082
                             %%2084
                         User Parameters:    -
                         SID History:        -
                         Logon Hours:        %%1793

                     Additional Information:
                         Privileges        -
Source             : Microsoft-Windows-Security-Auditing
ReplacementStrings : {MAS53406, MAS-NOIDA, S-1-5-21-2373504117-2689643630-3100359099-15636,
                     S-1-5-21-2373504117-2689643630-3100359099-2600...}
InstanceId         : 4720
TimeGenerated      : 8/10/2023 4:40:26 PM
TimeWritten        : 8/10/2023 4:40:26 PM
UserName           :
Site               :
Container          :

EventID            : 4720
MachineName        : DC.mas-noida.com
Data               : {}
Index              : 35612026
Category           : (13824)
CategoryNumber     : 13824
EntryType          : SuccessAudit
Message            : A user account was created.

                     Subject:
                         Security ID:        S-1-5-21-2373504117-2689643630-3100359099-2600
                         Account Name:        prateeks
                         Account Domain:        MAS-NOIDA
                         Logon ID:        0xd9fca9de

                     New Account:
                         Security ID:        S-1-5-21-2373504117-2689643630-3100359099-15635
                         Account Name:        MAS53405
                         Account Domain:        MAS-NOIDA

                     Attributes:
                         SAM Account Name:    MAS53405
                         Display Name:        RATHOD HARSHSINH MAS53405
                         User Principal Name:    MAS53405@mas-noida.com
                         Home Directory:        -
                         Home Drive:        -
                         Script Path:        -
                         Profile Path:        -
                         User Workstations:    -
                         Password Last Set:    %%1794
                         Account Expires:        %%1794
                         Primary Group ID:    513
                         Allowed To Delegate To:    -
                         Old UAC Value:        0x0
                         New UAC Value:        0x15
                         User Account Control:
                             %%2080
                             %%2082
                             %%2084
                         User Parameters:    -
                         SID History:        -
                         Logon Hours:        %%1793

                     Additional Information:
                         Privileges        -
Source             : Microsoft-Windows-Security-Auditing
ReplacementStrings : {MAS53405, MAS-NOIDA, S-1-5-21-2373504117-2689643630-3100359099-15635,
                     S-1-5-21-2373504117-2689643630-3100359099-2600...}
InstanceId         : 4720
TimeGenerated      : 8/10/2023 4:39:30 PM
TimeWritten        : 8/10/2023 4:39:30 PM
UserName           :
Site               :
Container          :

EventID            : 4720
MachineName        : DC.mas-noida.com
Data               : {}
Index              : 35611873
Category           : (13824)
CategoryNumber     : 13824
EntryType          : SuccessAudit
Message            : A user account was created.

                     Subject:
                         Security ID:        S-1-5-21-2373504117-2689643630-3100359099-2600
                         Account Name:        prateeks
                         Account Domain:        MAS-NOIDA
                         Logon ID:        0xd9fca9de

                     New Account:
                         Security ID:        S-1-5-21-2373504117-2689643630-3100359099-15634
                         Account Name:        MAS53404
                         Account Domain:        MAS-NOIDA

                     Attributes:
                         SAM Account Name:    MAS53404
                         Display Name:        PRAJAPATI RAHUL MAS53404
                         User Principal Name:    MAS53404@mas-noida.com
                         Home Directory:        -
                         Home Drive:        -
                         Script Path:        -
                         Profile Path:        -
                         User Workstations:    -
                         Password Last Set:    %%1794
                         Account Expires:        %%1794
                         Primary Group ID:    513
                         Allowed To Delegate To:    -
                         Old UAC Value:        0x0
                         New UAC Value:        0x15
                         User Account Control:
                             %%2080
                             %%2082
                             %%2084
                         User Parameters:    -
                         SID History:        -
                         Logon Hours:        %%1793

                     Additional Information:
                         Privileges        -
Source             : Microsoft-Windows-Security-Auditing
ReplacementStrings : {MAS53404, MAS-NOIDA, S-1-5-21-2373504117-2689643630-3100359099-15634,
                     S-1-5-21-2373504117-2689643630-3100359099-2600...}
InstanceId         : 4720
TimeGenerated      : 8/10/2023 4:38:47 PM
TimeWritten        : 8/10/2023 4:38:47 PM
UserName           :
Site               :
Container          :

EventID            : 4720
MachineName        : DC.mas-noida.com
Data               : {}
Index              : 35611706
Category           : (13824)
CategoryNumber     : 13824
EntryType          : SuccessAudit
Message            : A user account was created.

                     Subject:
                         Security ID:        S-1-5-21-2373504117-2689643630-3100359099-2600
                         Account Name:        prateeks
                         Account Domain:        MAS-NOIDA
                         Logon ID:        0xd9fca9de

                     New Account:
                         Security ID:        S-1-5-21-2373504117-2689643630-3100359099-15633
                         Account Name:        MAS53403
                         Account Domain:        MAS-NOIDA

                     Attributes:
                         SAM Account Name:    MAS53403
                         Display Name:        SATYAM GUPTA MAS53403
                         User Principal Name:    MAS53403@mas-noida.com
                         Home Directory:        -
                         Home Drive:        -
                         Script Path:        -
                         Profile Path:        -
                         User Workstations:    -
                         Password Last Set:    %%1794
                         Account Expires:        %%1794
                         Primary Group ID:    513
                         Allowed To Delegate To:    -
                         Old UAC Value:        0x0
                         New UAC Value:        0x15
                         User Account Control:
                             %%2080
                             %%2082
                             %%2084
                         User Parameters:    -
                         SID History:        -
                         Logon Hours:        %%1793

                     Additional Information:
                         Privileges        -
Source             : Microsoft-Windows-Security-Auditing
ReplacementStrings : {MAS53403, MAS-NOIDA, S-1-5-21-2373504117-2689643630-3100359099-15633,
                     S-1-5-21-2373504117-2689643630-3100359099-2600...}
InstanceId         : 4720
TimeGenerated      : 8/10/2023 4:38:10 PM
TimeWritten        : 8/10/2023 4:38:10 PM
UserName           :
Site               :
Container          :

EventID            : 4720
MachineName        : DC.mas-noida.com
Data               : {}
Index              : 35611537
Category           : (13824)
CategoryNumber     : 13824
EntryType          : SuccessAudit
Message            : A user account was created.

                     Subject:
                         Security ID:        S-1-5-21-2373504117-2689643630-3100359099-2600
                         Account Name:        prateeks
                         Account Domain:        MAS-NOIDA
                         Logon ID:        0xd9fca9de

                     New Account:
                         Security ID:        S-1-5-21-2373504117-2689643630-3100359099-15632
                         Account Name:        MAS53402
                         Account Domain:        MAS-NOIDA

                     Attributes:
                         SAM Account Name:    MAS53402
                         Display Name:        JAIMIN HANSORA MAS53402
                         User Principal Name:    MAS53402@mas-noida.com
                         Home Directory:        -
                         Home Drive:        -
                         Script Path:        -
                         Profile Path:        -
                         User Workstations:    -
                         Password Last Set:    %%1794
                         Account Expires:        %%1794
                         Primary Group ID:    513
                         Allowed To Delegate To:    -
                         Old UAC Value:        0x0
                         New UAC Value:        0x15
                         User Account Control:
                             %%2080
                             %%2082
                             %%2084
                         User Parameters:    -
                         SID History:        -
                         Logon Hours:        %%1793

                     Additional Information:
                         Privileges        -
Source             : Microsoft-Windows-Security-Auditing
ReplacementStrings : {MAS53402, MAS-NOIDA, S-1-5-21-2373504117-2689643630-3100359099-15632,
                     S-1-5-21-2373504117-2689643630-3100359099-2600...}
InstanceId         : 4720
TimeGenerated      : 8/10/2023 4:37:21 PM
TimeWritten        : 8/10/2023 4:37:21 PM
UserName           :
Site               :
Container          :

EventID            : 4720
MachineName        : DC.mas-noida.com
Data               : {}
Index              : 35611330
Category           : (13824)
CategoryNumber     : 13824
EntryType          : SuccessAudit
Message            : A user account was created.

                     Subject:
                         Security ID:        S-1-5-21-2373504117-2689643630-3100359099-2600
                         Account Name:        prateeks
                         Account Domain:        MAS-NOIDA
                         Logon ID:        0xd9fca9de

                     New Account:
                         Security ID:        S-1-5-21-2373504117-2689643630-3100359099-15631
                         Account Name:        MAS53401
                         Account Domain:        MAS-NOIDA

                     Attributes:
                         SAM Account Name:    MAS53401
                         Display Name:        AAKASH NALIN KUMAR CHORASIYA MAS53401
                         User Principal Name:    MAS53401@mas-noida.com
                         Home Directory:        -
                         Home Drive:        -
                         Script Path:        -
                         Profile Path:        -
                         User Workstations:    -
                         Password Last Set:    %%1794
                         Account Expires:        %%1794
                         Primary Group ID:    513
                         Allowed To Delegate To:    -
                         Old UAC Value:        0x0
                         New UAC Value:        0x15
                         User Account Control:
                             %%2080
                             %%2082
                             %%2084
                         User Parameters:    -
                         SID History:        -
                         Logon Hours:        %%1793

                     Additional Information:
                         Privileges        -
Source             : Microsoft-Windows-Security-Auditing
ReplacementStrings : {MAS53401, MAS-NOIDA, S-1-5-21-2373504117-2689643630-3100359099-15631,
                     S-1-5-21-2373504117-2689643630-3100359099-2600...}
InstanceId         : 4720
TimeGenerated      : 8/10/2023 4:36:27 PM
TimeWritten        : 8/10/2023 4:36:27 PM
UserName           :
Site               :
Container          :

EventID            : 4720
MachineName        : DC.mas-noida.com
Data               : {}
Index              : 35611051
Category           : (13824)
CategoryNumber     : 13824
EntryType          : SuccessAudit
Message            : A user account was created.

                     Subject:
                         Security ID:        S-1-5-21-2373504117-2689643630-3100359099-2600
                         Account Name:        prateeks
                         Account Domain:        MAS-NOIDA
                         Logon ID:        0xd9fca9de

                     New Account:
                         Security ID:        S-1-5-21-2373504117-2689643630-3100359099-15630
                         Account Name:        MAS53400
                         Account Domain:        MAS-NOIDA

                     Attributes:
                         SAM Account Name:    MAS53400
                         Display Name:        LUV RAJENDRAKUMAR SHAH MAS53400
                         User Principal Name:    MAS53400@mas-noida.com
                         Home Directory:        -
                         Home Drive:        -
                         Script Path:        -
                         Profile Path:        -
                         User Workstations:    -
                         Password Last Set:    %%1794
                         Account Expires:        %%1794
                         Primary Group ID:    513
                         Allowed To Delegate To:    -
                         Old UAC Value:        0x0
                         New UAC Value:        0x15
                         User Account Control:
                             %%2080
                             %%2082
                             %%2084
                         User Parameters:    -
                         SID History:        -
                         Logon Hours:        %%1793

                     Additional Information:
                         Privileges        -
Source             : Microsoft-Windows-Security-Auditing
ReplacementStrings : {MAS53400, MAS-NOIDA, S-1-5-21-2373504117-2689643630-3100359099-15630,
                     S-1-5-21-2373504117-2689643630-3100359099-2600...}
InstanceId         : 4720
TimeGenerated      : 8/10/2023 4:34:56 PM
TimeWritten        : 8/10/2023 4:34:56 PM
UserName           :
Site               :
Container          :

EventID            : 4720
MachineName        : DC.mas-noida.com
Data               : {}
Index              : 35610675
Category           : (13824)
CategoryNumber     : 13824
EntryType          : SuccessAudit
Message            : A user account was created.

                     Subject:
                         Security ID:        S-1-5-21-2373504117-2689643630-3100359099-2600
                         Account Name:        prateeks
                         Account Domain:        MAS-NOIDA
                         Logon ID:        0xd9fca9de

                     New Account:
                         Security ID:        S-1-5-21-2373504117-2689643630-3100359099-15629
                         Account Name:        MAS53399
                         Account Domain:        MAS-NOIDA

                     Attributes:
                         SAM Account Name:    MAS53399
                         Display Name:        MEHUL KANUBHAI PARMAR MAS53399
                         User Principal Name:    MAS53399@mas-noida.com
                         Home Directory:        -
                         Home Drive:        -
                         Script Path:        -
                         Profile Path:        -
                         User Workstations:    -
                         Password Last Set:    %%1794
                         Account Expires:        %%1794
                         Primary Group ID:    513
                         Allowed To Delegate To:    -
                         Old UAC Value:        0x0
                         New UAC Value:        0x15
                         User Account Control:
                             %%2080
                             %%2082
                             %%2084
                         User Parameters:    -
                         SID History:        -
                         Logon Hours:        %%1793

                     Additional Information:
                         Privileges        -
Source             : Microsoft-Windows-Security-Auditing
ReplacementStrings : {MAS53399, MAS-NOIDA, S-1-5-21-2373504117-2689643630-3100359099-15629,
                     S-1-5-21-2373504117-2689643630-3100359099-2600...}
InstanceId         : 4720
TimeGenerated      : 8/10/2023 4:33:42 PM
TimeWritten        : 8/10/2023 4:33:42 PM
UserName           :
Site               :
Container          :

EventID            : 4720
MachineName        : DC.mas-noida.com
Data               : {}
Index              : 35610474
Category           : (13824)
CategoryNumber     : 13824
EntryType          : SuccessAudit
Message            : A user account was created.

                     Subject:
                         Security ID:        S-1-5-21-2373504117-2689643630-3100359099-2600
                         Account Name:        prateeks
                         Account Domain:        MAS-NOIDA
                         Logon ID:        0xd9fca9de

                     New Account:
                         Security ID:        S-1-5-21-2373504117-2689643630-3100359099-15628
                         Account Name:        MAS53398
                         Account Domain:        MAS-NOIDA

                     Attributes:
                         SAM Account Name:    MAS53398
                         Display Name:        AKANKSHA MAS53398
                         User Principal Name:    MAS53398@mas-noida.com
                         Home Directory:        -
                         Home Drive:        -
                         Script Path:        -
                         Profile Path:        -
                         User Workstations:    -
                         Password Last Set:    %%1794
                         Account Expires:        %%1794
                         Primary Group ID:    513
                         Allowed To Delegate To:    -
                         Old UAC Value:        0x0
                         New UAC Value:        0x15
                         User Account Control:
                             %%2080
                             %%2082
                             %%2084
                         User Parameters:    -
                         SID History:        -
                         Logon Hours:        %%1793

                     Additional Information:
                         Privileges        -
Source             : Microsoft-Windows-Security-Auditing
ReplacementStrings : {MAS53398, MAS-NOIDA, S-1-5-21-2373504117-2689643630-3100359099-15628,
                     S-1-5-21-2373504117-2689643630-3100359099-2600...}
InstanceId         : 4720
TimeGenerated      : 8/10/2023 4:32:46 PM
TimeWritten        : 8/10/2023 4:32:46 PM
UserName           :
Site               :
Container          :

EventID            : 4720
MachineName        : DC.mas-noida.com
Data               : {}
Index              : 35610318
Category           : (13824)
CategoryNumber     : 13824
EntryType          : SuccessAudit
Message            : A user account was created.

                     Subject:
                         Security ID:        S-1-5-21-2373504117-2689643630-3100359099-2600
                         Account Name:        prateeks
                         Account Domain:        MAS-NOIDA
                         Logon ID:        0xd9fca9de

                     New Account:
                         Security ID:        S-1-5-21-2373504117-2689643630-3100359099-15627
                         Account Name:        MAS53397
                         Account Domain:        MAS-NOIDA

                     Attributes:
                         SAM Account Name:    MAS53397
                         Display Name:        ROJIVADIYA PRISHITA NARENDRABHAI MAS53397
                         User Principal Name:    MAS53397@mas-noida.com
                         Home Directory:        -
                         Home Drive:        -
                         Script Path:        -
                         Profile Path:        -
                         User Workstations:    -
                         Password Last Set:    %%1794
                         Account Expires:        %%1794
                         Primary Group ID:    513
                         Allowed To Delegate To:    -
                         Old UAC Value:        0x0
                         New UAC Value:        0x15
                         User Account Control:
                             %%2080
                             %%2082
                             %%2084
                         User Parameters:    -
                         SID History:        -
                         Logon Hours:        %%1793

                     Additional Information:
                         Privileges        -
Source             : Microsoft-Windows-Security-Auditing
ReplacementStrings : {MAS53397, MAS-NOIDA, S-1-5-21-2373504117-2689643630-3100359099-15627,
                     S-1-5-21-2373504117-2689643630-3100359099-2600...}
InstanceId         : 4720
TimeGenerated      : 8/10/2023 4:32:12 PM
TimeWritten        : 8/10/2023 4:32:12 PM
UserName           :
Site               :
Container          :

EventID            : 4720
MachineName        : DC.mas-noida.com
Data               : {}
Index              : 35610015
Category           : (13824)
CategoryNumber     : 13824
EntryType          : SuccessAudit
Message            : A user account was created.

                     Subject:
                         Security ID:        S-1-5-21-2373504117-2689643630-3100359099-2600
                         Account Name:        prateeks
                         Account Domain:        MAS-NOIDA
                         Logon ID:        0xd9fca9de

                     New Account:
                         Security ID:        S-1-5-21-2373504117-2689643630-3100359099-15626
                         Account Name:        MAS53396
                         Account Domain:        MAS-NOIDA

                     Attributes:
                         SAM Account Name:    MAS53396
                         Display Name:        KOMAL BHOTIKA MAS53396
                         User Principal Name:    MAS53396@mas-noida.com
                         Home Directory:        -
                         Home Drive:        -
                         Script Path:        -
                         Profile Path:        -
                         User Workstations:    -
                         Password Last Set:    %%1794
                         Account Expires:        %%1794
                         Primary Group ID:    513
                         Allowed To Delegate To:    -
                         Old UAC Value:        0x0
                         New UAC Value:        0x15
                         User Account Control:
                             %%2080
                             %%2082
                             %%2084
                         User Parameters:    -
                         SID History:        -
                         Logon Hours:        %%1793

                     Additional Information:
                         Privileges        -
Source             : Microsoft-Windows-Security-Auditing
ReplacementStrings : {MAS53396, MAS-NOIDA, S-1-5-21-2373504117-2689643630-3100359099-15626,
                     S-1-5-21-2373504117-2689643630-3100359099-2600...}
InstanceId         : 4720
TimeGenerated      : 8/10/2023 4:30:53 PM
TimeWritten        : 8/10/2023 4:30:53 PM
UserName           :
Site               :
Container          :

EventID            : 4720
MachineName        : DC.mas-noida.com
Data               : {}
Index              : 35609867
Category           : (13824)
CategoryNumber     : 13824
EntryType          : SuccessAudit
Message            : A user account was created.

                     Subject:
                         Security ID:        S-1-5-21-2373504117-2689643630-3100359099-2600
                         Account Name:        prateeks
                         Account Domain:        MAS-NOIDA
                         Logon ID:        0xd9fca9de

                     New Account:
                         Security ID:        S-1-5-21-2373504117-2689643630-3100359099-15625
                         Account Name:        MAS53395
                         Account Domain:        MAS-NOIDA

                     Attributes:
                         SAM Account Name:    MAS53395
                         Display Name:        SURESHBHAI CHAUDHARI MAS53395
                         User Principal Name:    MAS53395@mas-noida.com
                         Home Directory:        -
                         Home Drive:        -
                         Script Path:        -
                         Profile Path:        -
                         User Workstations:    -
                         Password Last Set:    %%1794
                         Account Expires:        %%1794
                         Primary Group ID:    513
                         Allowed To Delegate To:    -
                         Old UAC Value:        0x0
                         New UAC Value:        0x15
                         User Account Control:
                             %%2080
                             %%2082
                             %%2084
                         User Parameters:    -
                         SID History:        -
                         Logon Hours:        %%1793

                     Additional Information:
                         Privileges        -
Source             : Microsoft-Windows-Security-Auditing
ReplacementStrings : {MAS53395, MAS-NOIDA, S-1-5-21-2373504117-2689643630-3100359099-15625,
                     S-1-5-21-2373504117-2689643630-3100359099-2600...}
InstanceId         : 4720
TimeGenerated      : 8/10/2023 4:30:13 PM
TimeWritten        : 8/10/2023 4:30:13 PM
UserName           :
Site               :
Container          :

EventID            : 4720
MachineName        : DC.mas-noida.com
Data               : {}
Index              : 35609482
Category           : (13824)
CategoryNumber     : 13824
EntryType          : SuccessAudit
Message            : A user account was created.

                     Subject:
                         Security ID:        S-1-5-21-2373504117-2689643630-3100359099-2600
                         Account Name:        prateeks
                         Account Domain:        MAS-NOIDA
                         Logon ID:        0xd9fca9de

                     New Account:
                         Security ID:        S-1-5-21-2373504117-2689643630-3100359099-15624
                         Account Name:        MAS53394
                         Account Domain:        MAS-NOIDA

                     Attributes:
                         SAM Account Name:    MAS53394
                         Display Name:        RAIDAS KUNAL VIRENDRA MAS53394
                         User Principal Name:    MAS53394@mas-noida.com
                         Home Directory:        -
                         Home Drive:        -
                         Script Path:        -
                         Profile Path:        -
                         User Workstations:    -
                         Password Last Set:    %%1794
                         Account Expires:        %%1794
                         Primary Group ID:    513
                         Allowed To Delegate To:    -
                         Old UAC Value:        0x0
                         New UAC Value:        0x15
                         User Account Control:
                             %%2080
                             %%2082
                             %%2084
                         User Parameters:    -
                         SID History:        -
                         Logon Hours:        %%1793

                     Additional Information:
                         Privileges        -
Source             : Microsoft-Windows-Security-Auditing
ReplacementStrings : {MAS53394, MAS-NOIDA, S-1-5-21-2373504117-2689643630-3100359099-15624,
                     S-1-5-21-2373504117-2689643630-3100359099-2600...}
InstanceId         : 4720
TimeGenerated      : 8/10/2023 4:28:46 PM
TimeWritten        : 8/10/2023 4:28:46 PM
UserName           :
Site               :
Container          :

EventID            : 4720
MachineName        : DC.mas-noida.com
Data               : {}
Index              : 35609105
Category           : (13824)
CategoryNumber     : 13824
EntryType          : SuccessAudit
Message            : A user account was created.

                     Subject:
                         Security ID:        S-1-5-21-2373504117-2689643630-3100359099-2600
                         Account Name:        prateeks
                         Account Domain:        MAS-NOIDA
                         Logon ID:        0xd9fca9de

                     New Account:
                         Security ID:        S-1-5-21-2373504117-2689643630-3100359099-15623
                         Account Name:        MAS53393
                         Account Domain:        MAS-NOIDA

                     Attributes:
                         SAM Account Name:    MAS53393
                         Display Name:        SURESH KUMAR MAS53393
                         User Principal Name:    MAS53393@mas-noida.com
                         Home Directory:        -
                         Home Drive:        -
                         Script Path:        -
                         Profile Path:        -
                         User Workstations:    -
                         Password Last Set:    %%1794
                         Account Expires:        %%1794
                         Primary Group ID:    513
                         Allowed To Delegate To:    -
                         Old UAC Value:        0x0
                         New UAC Value:        0x15
                         User Account Control:
                             %%2080
                             %%2082
                             %%2084
                         User Parameters:    -
                         SID History:        -
                         Logon Hours:        %%1793

                     Additional Information:
                         Privileges        -
Source             : Microsoft-Windows-Security-Auditing
ReplacementStrings : {MAS53393, MAS-NOIDA, S-1-5-21-2373504117-2689643630-3100359099-15623,
                     S-1-5-21-2373504117-2689643630-3100359099-2600...}
InstanceId         : 4720
TimeGenerated      : 8/10/2023 4:26:56 PM
TimeWritten        : 8/10/2023 4:26:56 PM
UserName           :
Site               :
Container          :

EventID            : 4720
MachineName        : DC.mas-noida.com
Data               : {}
Index              : 35608927
Category           : (13824)
CategoryNumber     : 13824
EntryType          : SuccessAudit
Message            : A user account was created.

                     Subject:
                         Security ID:        S-1-5-21-2373504117-2689643630-3100359099-2600
                         Account Name:        prateeks
                         Account Domain:        MAS-NOIDA
                         Logon ID:        0xd9fca9de

                     New Account:
                         Security ID:        S-1-5-21-2373504117-2689643630-3100359099-15622
                         Account Name:        MAS53392
                         Account Domain:        MAS-NOIDA

                     Attributes:
                         SAM Account Name:    MAS53392
                         Display Name:        GAYATRI PARMAR MAS53392
                         User Principal Name:    MAS53392@mas-noida.com
                         Home Directory:        -
                         Home Drive:        -
                         Script Path:        -
                         Profile Path:        -
                         User Workstations:    -
                         Password Last Set:    %%1794
                         Account Expires:        %%1794
                         Primary Group ID:    513
                         Allowed To Delegate To:    -
                         Old UAC Value:        0x0
                         New UAC Value:        0x15
                         User Account Control:
                             %%2080
                             %%2082
                             %%2084
                         User Parameters:    -
                         SID History:        -
                         Logon Hours:        %%1793

                     Additional Information:
                         Privileges        -
Source             : Microsoft-Windows-Security-Auditing
ReplacementStrings : {MAS53392, MAS-NOIDA, S-1-5-21-2373504117-2689643630-3100359099-15622,
                     S-1-5-21-2373504117-2689643630-3100359099-2600...}
InstanceId         : 4720
TimeGenerated      : 8/10/2023 4:26:02 PM
TimeWritten        : 8/10/2023 4:26:02 PM
UserName           :
Site               :
Container          :

EventID            : 4720
MachineName        : DC.mas-noida.com
Data               : {}
Index              : 35608687
Category           : (13824)
CategoryNumber     : 13824
EntryType          : SuccessAudit
Message            : A user account was created.

                     Subject:
                         Security ID:        S-1-5-21-2373504117-2689643630-3100359099-2600
                         Account Name:        prateeks
                         Account Domain:        MAS-NOIDA
                         Logon ID:        0xd9fca9de

                     New Account:
                         Security ID:        S-1-5-21-2373504117-2689643630-3100359099-15621
                         Account Name:        MAS53391
                         Account Domain:        MAS-NOIDA

                     Attributes:
                         SAM Account Name:    MAS53391
                         Display Name:        FAIZKHAN MAS53391
                         User Principal Name:    MAS53391@mas-noida.com
                         Home Directory:        -
                         Home Drive:        -
                         Script Path:        -
                         Profile Path:        -
                         User Workstations:    -
                         Password Last Set:    %%1794
                         Account Expires:        %%1794
                         Primary Group ID:    513
                         Allowed To Delegate To:    -
                         Old UAC Value:        0x0
                         New UAC Value:        0x15
                         User Account Control:
                             %%2080
                             %%2082
                             %%2084
                         User Parameters:    -
                         SID History:        -
                         Logon Hours:        %%1793

                     Additional Information:
                         Privileges        -
Source             : Microsoft-Windows-Security-Auditing
ReplacementStrings : {MAS53391, MAS-NOIDA, S-1-5-21-2373504117-2689643630-3100359099-15621,
                     S-1-5-21-2373504117-2689643630-3100359099-2600...}
InstanceId         : 4720
TimeGenerated      : 8/10/2023 4:25:06 PM
TimeWritten        : 8/10/2023 4:25:06 PM
UserName           :
Site               :
Container          :

EventID            : 4720
MachineName        : DC.mas-noida.com
Data               : {}
Index              : 35608509
Category           : (13824)
CategoryNumber     : 13824
EntryType          : SuccessAudit
Message            : A user account was created.

                     Subject:
                         Security ID:        S-1-5-21-2373504117-2689643630-3100359099-2600
                         Account Name:        prateeks
                         Account Domain:        MAS-NOIDA
                         Logon ID:        0xd9fca9de

                     New Account:
                         Security ID:        S-1-5-21-2373504117-2689643630-3100359099-15620
                         Account Name:        MAS53390
                         Account Domain:        MAS-NOIDA

                     Attributes:
                         SAM Account Name:    MAS53390
                         Display Name:        PIYUSHKUMAR RAJ MAS53390
                         User Principal Name:    MAS53390@mas-noida.com
                         Home Directory:        -
                         Home Drive:        -
                         Script Path:        -
                         Profile Path:        -
                         User Workstations:    -
                         Password Last Set:    %%1794
                         Account Expires:        %%1794
                         Primary Group ID:    513
                         Allowed To Delegate To:    -
                         Old UAC Value:        0x0
                         New UAC Value:        0x15
                         User Account Control:
                             %%2080
                             %%2082
                             %%2084
                         User Parameters:    -
                         SID History:        -
                         Logon Hours:        %%1793

                     Additional Information:
                         Privileges        -
Source             : Microsoft-Windows-Security-Auditing
ReplacementStrings : {MAS53390, MAS-NOIDA, S-1-5-21-2373504117-2689643630-3100359099-15620,
                     S-1-5-21-2373504117-2689643630-3100359099-2600...}
InstanceId         : 4720
TimeGenerated      : 8/10/2023 4:24:19 PM
TimeWritten        : 8/10/2023 4:24:19 PM
UserName           :
Site               :
Container          :

