EventID            : 4720
MachineName        : DC.mas-noida.com
Data               : {}
Index              : 29580446
Category           : (13824)
CategoryNumber     : 13824
EntryType          : SuccessAudit
Message            : A user account was created.

                     Subject:
                         Security ID:        S-1-5-21-2373504117-2689643630-3100359099-1499
                         Account Name:        anupk
                         Account Domain:        MAS-NOIDA
                         Logon ID:        0x46f63d33

                     New Account:
                         Security ID:        S-1-5-21-2373504117-2689643630-3100359099-14866
                         Account Name:        MAS53056
                         Account Domain:        MAS-NOIDA

                     Attributes:
                         SAM Account Name:    MAS53056
                         Display Name:        PAWAN RATHORE
                         User Principal Name:    MAS53056@mas-noida.com
                         Home Directory:        -
                         Home Drive:        -
                         Script Path:        -
                         Profile Path:        -
                         User Workstations:    -
                         Password Last Set:    %%1794
                         Account Expires:        %%1794
                         Primary Group ID:    513
                         Allowed To Delegate To:    -
                         Old UAC Value:        0x0
                         New UAC Value:        0x15
                         User Account Control:
                             %%2080
                             %%2082
                             %%2084
                         User Parameters:    -
                         SID History:        -
                         Logon Hours:        %%1793

                     Additional Information:
                         Privileges        -
Source             : Microsoft-Windows-Security-Auditing
ReplacementStrings : {MAS53056, MAS-NOIDA, S-1-5-21-2373504117-2689643630-3100359099-14866,
                     S-1-5-21-2373504117-2689643630-3100359099-1499...}
InstanceId         : 4720
TimeGenerated      : 7/7/2023 12:46:43 PM
TimeWritten        : 7/7/2023 12:46:43 PM
UserName           :
Site               :
Container          :


Windows PowerShell
Copyright (C) 2014 Microsoft Corporation. All rights reserved.

PS C:\Windows\system32> Get-EventLog -LogName Security | Where-Object {$_.EventID -eq 4720} | Select-Object -Property *


EventID            : 4720
MachineName        : DC.mas-noida.com
Data               : {}
Index              : 31664213
Category           : (13824)
CategoryNumber     : 13824
EntryType          : SuccessAudit
Message            : A user account was created.

                     Subject:
                         Security ID:        S-1-5-21-2373504117-2689643630-3100359099-1499
                         Account Name:        anupk
                         Account Domain:        MAS-NOIDA
                         Logon ID:        0x6fa8c6a1

                     New Account:
                         Security ID:        S-1-5-21-2373504117-2689643630-3100359099-14963
                         Account Name:        MAS53160
                         Account Domain:        MAS-NOIDA

                     Attributes:
                         SAM Account Name:    MAS53160
                         Display Name:        JOGI AKSHAYKUMAR NARESHRAV
                         User Principal Name:    MAS53160@mas-noida.com
                         Home Directory:        -
                         Home Drive:        -
                         Script Path:        -
                         Profile Path:        -
                         User Workstations:    -
                         Password Last Set:    %%1794
                         Account Expires:        %%1794
                         Primary Group ID:    513
                         Allowed To Delegate To:    -
                         Old UAC Value:        0x0
                         New UAC Value:        0x15
                         User Account Control:
                             %%2080
                             %%2082
                             %%2084
                         User Parameters:    -
                         SID History:        -
                         Logon Hours:        %%1793

                     Additional Information:
                         Privileges        -
Source             : Microsoft-Windows-Security-Auditing
ReplacementStrings : {MAS53160, MAS-NOIDA, S-1-5-21-2373504117-2689643630-3100359099-14963,
                     S-1-5-21-2373504117-2689643630-3100359099-1499...}
InstanceId         : 4720
TimeGenerated      : 7/19/2023 12:50:59 PM
TimeWritten        : 7/19/2023 12:50:59 PM
UserName           :
Site               :
Container          :

EventID            : 4720
MachineName        : DC.mas-noida.com
Data               : {}
Index              : 31664119
Category           : (13824)
CategoryNumber     : 13824
EntryType          : SuccessAudit
Message            : A user account was created.

                     Subject:
                         Security ID:        S-1-5-21-2373504117-2689643630-3100359099-1499
                         Account Name:        anupk
                         Account Domain:        MAS-NOIDA
                         Logon ID:        0x6fa8c6a1

                     New Account:
                         Security ID:        S-1-5-21-2373504117-2689643630-3100359099-14962
                         Account Name:        MAS53159
                         Account Domain:        MAS-NOIDA

                     Attributes:
                         SAM Account Name:    MAS53159
                         Display Name:        AAKASH PARMAR
                         User Principal Name:    MAS53159@mas-noida.com
                         Home Directory:        -
                         Home Drive:        -
                         Script Path:        -
                         Profile Path:        -
                         User Workstations:    -
                         Password Last Set:    %%1794
                         Account Expires:        %%1794
                         Primary Group ID:    513
                         Allowed To Delegate To:    -
                         Old UAC Value:        0x0
                         New UAC Value:        0x15
                         User Account Control:
                             %%2080
                             %%2082
                             %%2084
                         User Parameters:    -
                         SID History:        -
                         Logon Hours:        %%1793

                     Additional Information:
                         Privileges        -
Source             : Microsoft-Windows-Security-Auditing
ReplacementStrings : {MAS53159, MAS-NOIDA, S-1-5-21-2373504117-2689643630-3100359099-14962,
                     S-1-5-21-2373504117-2689643630-3100359099-1499...}
InstanceId         : 4720
TimeGenerated      : 7/19/2023 12:50:24 PM
TimeWritten        : 7/19/2023 12:50:24 PM
UserName           :
Site               :
Container          :

EventID            : 4720
MachineName        : DC.mas-noida.com
Data               : {}
Index              : 31664026
Category           : (13824)
CategoryNumber     : 13824
EntryType          : SuccessAudit
Message            : A user account was created.

                     Subject:
                         Security ID:        S-1-5-21-2373504117-2689643630-3100359099-1499
                         Account Name:        anupk
                         Account Domain:        MAS-NOIDA
                         Logon ID:        0x6fa8c6a1

                     New Account:
                         Security ID:        S-1-5-21-2373504117-2689643630-3100359099-14961
                         Account Name:        MAS53158
                         Account Domain:        MAS-NOIDA

                     Attributes:
                         SAM Account Name:    MAS53158
                         Display Name:        GAMARA KIRAN KUMAR GOVIND
                         User Principal Name:    MAS53158@mas-noida.com
                         Home Directory:        -
                         Home Drive:        -
                         Script Path:        -
                         Profile Path:        -
                         User Workstations:    -
                         Password Last Set:    %%1794
                         Account Expires:        %%1794
                         Primary Group ID:    513
                         Allowed To Delegate To:    -
                         Old UAC Value:        0x0
                         New UAC Value:        0x15
                         User Account Control:
                             %%2080
                             %%2082
                             %%2084
                         User Parameters:    -
                         SID History:        -
                         Logon Hours:        %%1793

                     Additional Information:
                         Privileges        -
Source             : Microsoft-Windows-Security-Auditing
ReplacementStrings : {MAS53158, MAS-NOIDA, S-1-5-21-2373504117-2689643630-3100359099-14961,
                     S-1-5-21-2373504117-2689643630-3100359099-1499...}
InstanceId         : 4720
TimeGenerated      : 7/19/2023 12:49:56 PM
TimeWritten        : 7/19/2023 12:49:56 PM
UserName           :
Site               :
Container          :

EventID            : 4720
MachineName        : DC.mas-noida.com
Data               : {}
Index              : 31663824
Category           : (13824)
CategoryNumber     : 13824
EntryType          : SuccessAudit
Message            : A user account was created.

                     Subject:
                         Security ID:        S-1-5-21-2373504117-2689643630-3100359099-1499
                         Account Name:        anupk
                         Account Domain:        MAS-NOIDA
                         Logon ID:        0x6fa8c6a1

                     New Account:
                         Security ID:        S-1-5-21-2373504117-2689643630-3100359099-14960
                         Account Name:        MAS53157
                         Account Domain:        MAS-NOIDA

                     Attributes:
                         SAM Account Name:    MAS53157
                         Display Name:        ANITA
                         User Principal Name:    MAS53157@mas-noida.com
                         Home Directory:        -
                         Home Drive:        -
                         Script Path:        -
                         Profile Path:        -
                         User Workstations:    -
                         Password Last Set:    %%1794
                         Account Expires:        %%1794
                         Primary Group ID:    513
                         Allowed To Delegate To:    -
                         Old UAC Value:        0x0
                         New UAC Value:        0x15
                         User Account Control:
                             %%2080
                             %%2082
                             %%2084
                         User Parameters:    -
                         SID History:        -
                         Logon Hours:        %%1793

                     Additional Information:
                         Privileges        -
Source             : Microsoft-Windows-Security-Auditing
ReplacementStrings : {MAS53157, MAS-NOIDA, S-1-5-21-2373504117-2689643630-3100359099-14960,
                     S-1-5-21-2373504117-2689643630-3100359099-1499...}
InstanceId         : 4720
TimeGenerated      : 7/19/2023 12:49:03 PM
TimeWritten        : 7/19/2023 12:49:03 PM
UserName           :
Site               :
Container          :

EventID            : 4720
MachineName        : DC.mas-noida.com
Data               : {}
Index              : 31663712
Category           : (13824)
CategoryNumber     : 13824
EntryType          : SuccessAudit
Message            : A user account was created.

                     Subject:
                         Security ID:        S-1-5-21-2373504117-2689643630-3100359099-1499
                         Account Name:        anupk
                         Account Domain:        MAS-NOIDA
                         Logon ID:        0x6fa8c6a1

                     New Account:
                         Security ID:        S-1-5-21-2373504117-2689643630-3100359099-14959
                         Account Name:        MAS53156
                         Account Domain:        MAS-NOIDA

                     Attributes:
                         SAM Account Name:    MAS53156
                         Display Name:        SURESH B PARMAR
                         User Principal Name:    MAS53156@mas-noida.com
                         Home Directory:        -
                         Home Drive:        -
                         Script Path:        -
                         Profile Path:        -
                         User Workstations:    -
                         Password Last Set:    %%1794
                         Account Expires:        %%1794
                         Primary Group ID:    513
                         Allowed To Delegate To:    -
                         Old UAC Value:        0x0
                         New UAC Value:        0x15
                         User Account Control:
                             %%2080
                             %%2082
                             %%2084
                         User Parameters:    -
                         SID History:        -
                         Logon Hours:        %%1793

                     Additional Information:
                         Privileges        -
Source             : Microsoft-Windows-Security-Auditing
ReplacementStrings : {MAS53156, MAS-NOIDA, S-1-5-21-2373504117-2689643630-3100359099-14959,
                     S-1-5-21-2373504117-2689643630-3100359099-1499...}
InstanceId         : 4720
TimeGenerated      : 7/19/2023 12:48:29 PM
TimeWritten        : 7/19/2023 12:48:29 PM
UserName           :
Site               :
Container          :

EventID            : 4720
MachineName        : DC.mas-noida.com
Data               : {}
Index              : 31663622
Category           : (13824)
CategoryNumber     : 13824
EntryType          : SuccessAudit
Message            : A user account was created.

                     Subject:
                         Security ID:        S-1-5-21-2373504117-2689643630-3100359099-1499
                         Account Name:        anupk
                         Account Domain:        MAS-NOIDA
                         Logon ID:        0x6fa8c6a1

                     New Account:
                         Security ID:        S-1-5-21-2373504117-2689643630-3100359099-14958
                         Account Name:        MAS53155
                         Account Domain:        MAS-NOIDA

                     Attributes:
                         SAM Account Name:    MAS53155
                         Display Name:        VISHAL
                         User Principal Name:    MAS53155@mas-noida.com
                         Home Directory:        -
                         Home Drive:        -
                         Script Path:        -
                         Profile Path:        -
                         User Workstations:    -
                         Password Last Set:    %%1794
                         Account Expires:        %%1794
                         Primary Group ID:    513
                         Allowed To Delegate To:    -
                         Old UAC Value:        0x0
                         New UAC Value:        0x15
                         User Account Control:
                             %%2080
                             %%2082
                             %%2084
                         User Parameters:    -
                         SID History:        -
                         Logon Hours:        %%1793

                     Additional Information:
                         Privileges        -
Source             : Microsoft-Windows-Security-Auditing
ReplacementStrings : {MAS53155, MAS-NOIDA, S-1-5-21-2373504117-2689643630-3100359099-14958,
                     S-1-5-21-2373504117-2689643630-3100359099-1499...}
InstanceId         : 4720
TimeGenerated      : 7/19/2023 12:47:53 PM
TimeWritten        : 7/19/2023 12:47:53 PM
UserName           :
Site               :
Container          :

EventID            : 4720
MachineName        : DC.mas-noida.com
Data               : {}
Index              : 31663529
Category           : (13824)
CategoryNumber     : 13824
EntryType          : SuccessAudit
Message            : A user account was created.

                     Subject:
                         Security ID:        S-1-5-21-2373504117-2689643630-3100359099-1499
                         Account Name:        anupk
                         Account Domain:        MAS-NOIDA
                         Logon ID:        0x6fa8c6a1

                     New Account:
                         Security ID:        S-1-5-21-2373504117-2689643630-3100359099-14957
                         Account Name:        MAS53154
                         Account Domain:        MAS-NOIDA

                     Attributes:
                         SAM Account Name:    MAS53154
                         Display Name:        HITESH VYAS
                         User Principal Name:    MAS53154@mas-noida.com
                         Home Directory:        -
                         Home Drive:        -
                         Script Path:        -
                         Profile Path:        -
                         User Workstations:    -
                         Password Last Set:    %%1794
                         Account Expires:        %%1794
                         Primary Group ID:    513
                         Allowed To Delegate To:    -
                         Old UAC Value:        0x0
                         New UAC Value:        0x15
                         User Account Control:
                             %%2080
                             %%2082
                             %%2084
                         User Parameters:    -
                         SID History:        -
                         Logon Hours:        %%1793

                     Additional Information:
                         Privileges        -
Source             : Microsoft-Windows-Security-Auditing
ReplacementStrings : {MAS53154, MAS-NOIDA, S-1-5-21-2373504117-2689643630-3100359099-14957,
                     S-1-5-21-2373504117-2689643630-3100359099-1499...}
InstanceId         : 4720
TimeGenerated      : 7/19/2023 12:47:16 PM
TimeWritten        : 7/19/2023 12:47:16 PM
UserName           :
Site               :
Container          :

EventID            : 4720
MachineName        : DC.mas-noida.com
Data               : {}
Index              : 31663398
Category           : (13824)
CategoryNumber     : 13824
EntryType          : SuccessAudit
Message            : A user account was created.

                     Subject:
                         Security ID:        S-1-5-21-2373504117-2689643630-3100359099-1499
                         Account Name:        anupk
                         Account Domain:        MAS-NOIDA
                         Logon ID:        0x6fa8c6a1

                     New Account:
                         Security ID:        S-1-5-21-2373504117-2689643630-3100359099-14956
                         Account Name:        MAS53153
                         Account Domain:        MAS-NOIDA

                     Attributes:
                         SAM Account Name:    MAS53153
                         Display Name:        RAJPUT VISHAL PRADIP
                         User Principal Name:    MAS53153@mas-noida.com
                         Home Directory:        -
                         Home Drive:        -
                         Script Path:        -
                         Profile Path:        -
                         User Workstations:    -
                         Password Last Set:    %%1794
                         Account Expires:        %%1794
                         Primary Group ID:    513
                         Allowed To Delegate To:    -
                         Old UAC Value:        0x0
                         New UAC Value:        0x15
                         User Account Control:
                             %%2080
                             %%2082
                             %%2084
                         User Parameters:    -
                         SID History:        -
                         Logon Hours:        %%1793

                     Additional Information:
                         Privileges        -
Source             : Microsoft-Windows-Security-Auditing
ReplacementStrings : {MAS53153, MAS-NOIDA, S-1-5-21-2373504117-2689643630-3100359099-14956,
                     S-1-5-21-2373504117-2689643630-3100359099-1499...}
InstanceId         : 4720
TimeGenerated      : 7/19/2023 12:46:44 PM
TimeWritten        : 7/19/2023 12:46:44 PM
UserName           :
Site               :
Container          :

EventID            : 4720
MachineName        : DC.mas-noida.com
Data               : {}
Index              : 31663213
Category           : (13824)
CategoryNumber     : 13824
EntryType          : SuccessAudit
Message            : A user account was created.

                     Subject:
                         Security ID:        S-1-5-21-2373504117-2689643630-3100359099-1499
                         Account Name:        anupk
                         Account Domain:        MAS-NOIDA
                         Logon ID:        0x6fa8c6a1

                     New Account:
                         Security ID:        S-1-5-21-2373504117-2689643630-3100359099-14955
                         Account Name:        MAS53152
                         Account Domain:        MAS-NOIDA

                     Attributes:
                         SAM Account Name:    MAS53152
                         Display Name:        DIYA CHAUDHARI
                         User Principal Name:    MAS53152@mas-noida.com
                         Home Directory:        -
                         Home Drive:        -
                         Script Path:        -
                         Profile Path:        -
                         User Workstations:    -
                         Password Last Set:    %%1794
                         Account Expires:        %%1794
                         Primary Group ID:    513
                         Allowed To Delegate To:    -
                         Old UAC Value:        0x0
                         New UAC Value:        0x15
                         User Account Control:
                             %%2080
                             %%2082
                             %%2084
                         User Parameters:    -
                         SID History:        -
                         Logon Hours:        %%1793

                     Additional Information:
                         Privileges        -
Source             : Microsoft-Windows-Security-Auditing
ReplacementStrings : {MAS53152, MAS-NOIDA, S-1-5-21-2373504117-2689643630-3100359099-14955,
                     S-1-5-21-2373504117-2689643630-3100359099-1499...}
InstanceId         : 4720
TimeGenerated      : 7/19/2023 12:45:59 PM
TimeWritten        : 7/19/2023 12:45:59 PM
UserName           :
Site               :
Container          :

EventID            : 4720
MachineName        : DC.mas-noida.com
Data               : {}
Index              : 31662983
Category           : (13824)
CategoryNumber     : 13824
EntryType          : SuccessAudit
Message            : A user account was created.

                     Subject:
                         Security ID:        S-1-5-21-2373504117-2689643630-3100359099-1499
                         Account Name:        anupk
                         Account Domain:        MAS-NOIDA
                         Logon ID:        0x6fa8c6a1

                     New Account:
                         Security ID:        S-1-5-21-2373504117-2689643630-3100359099-14954
                         Account Name:        MAS53151
                         Account Domain:        MAS-NOIDA

                     Attributes:
                         SAM Account Name:    MAS53151
                         Display Name:        DHRUVI PAREKH
                         User Principal Name:    MAS53151@mas-noida.com
                         Home Directory:        -
                         Home Drive:        -
                         Script Path:        -
                         Profile Path:        -
                         User Workstations:    -
                         Password Last Set:    %%1794
                         Account Expires:        %%1794
                         Primary Group ID:    513
                         Allowed To Delegate To:    -
                         Old UAC Value:        0x0
                         New UAC Value:        0x15
                         User Account Control:
                             %%2080
                             %%2082
                             %%2084
                         User Parameters:    -
                         SID History:        -
                         Logon Hours:        %%1793

                     Additional Information:
                         Privileges        -
Source             : Microsoft-Windows-Security-Auditing
ReplacementStrings : {MAS53151, MAS-NOIDA, S-1-5-21-2373504117-2689643630-3100359099-14954,
                     S-1-5-21-2373504117-2689643630-3100359099-1499...}
InstanceId         : 4720
TimeGenerated      : 7/19/2023 12:44:32 PM
TimeWritten        : 7/19/2023 12:44:32 PM
UserName           :
Site               :
Container          :

EventID            : 4720
MachineName        : DC.mas-noida.com
Data               : {}
Index              : 31662881
Category           : (13824)
CategoryNumber     : 13824
EntryType          : SuccessAudit
Message            : A user account was created.

                     Subject:
                         Security ID:        S-1-5-21-2373504117-2689643630-3100359099-1499
                         Account Name:        anupk
                         Account Domain:        MAS-NOIDA
                         Logon ID:        0x6fa8c6a1

                     New Account:
                         Security ID:        S-1-5-21-2373504117-2689643630-3100359099-14953
                         Account Name:        MAS53150
                         Account Domain:        MAS-NOIDA

                     Attributes:
                         SAM Account Name:    MAS53150
                         Display Name:        SAHU KRISHNA
                         User Principal Name:    MAS53150@mas-noida.com
                         Home Directory:        -
                         Home Drive:        -
                         Script Path:        -
                         Profile Path:        -
                         User Workstations:    -
                         Password Last Set:    %%1794
                         Account Expires:        %%1794
                         Primary Group ID:    513
                         Allowed To Delegate To:    -
                         Old UAC Value:        0x0
                         New UAC Value:        0x15
                         User Account Control:
                             %%2080
                             %%2082
                             %%2084
                         User Parameters:    -
                         SID History:        -
                         Logon Hours:        %%1793

                     Additional Information:
                         Privileges        -
Source             : Microsoft-Windows-Security-Auditing
ReplacementStrings : {MAS53150, MAS-NOIDA, S-1-5-21-2373504117-2689643630-3100359099-14953,
                     S-1-5-21-2373504117-2689643630-3100359099-1499...}
InstanceId         : 4720
TimeGenerated      : 7/19/2023 12:44:03 PM
TimeWritten        : 7/19/2023 12:44:03 PM
UserName           :
Site               :
Container          :

EventID            : 4720
MachineName        : DC.mas-noida.com
Data               : {}
Index              : 31662799
Category           : (13824)
CategoryNumber     : 13824
EntryType          : SuccessAudit
Message            : A user account was created.

                     Subject:
                         Security ID:        S-1-5-21-2373504117-2689643630-3100359099-1499
                         Account Name:        anupk
                         Account Domain:        MAS-NOIDA
                         Logon ID:        0x6fa8c6a1

                     New Account:
                         Security ID:        S-1-5-21-2373504117-2689643630-3100359099-14952
                         Account Name:        MAS53149
                         Account Domain:        MAS-NOIDA

                     Attributes:
                         SAM Account Name:    MAS53149
                         Display Name:        KABA YASHPAL
                         User Principal Name:    MAS53149@mas-noida.com
                         Home Directory:        -
                         Home Drive:        -
                         Script Path:        -
                         Profile Path:        -
                         User Workstations:    -
                         Password Last Set:    %%1794
                         Account Expires:        %%1794
                         Primary Group ID:    513
                         Allowed To Delegate To:    -
                         Old UAC Value:        0x0
                         New UAC Value:        0x15
                         User Account Control:
                             %%2080
                             %%2082
                             %%2084
                         User Parameters:    -
                         SID History:        -
                         Logon Hours:        %%1793

                     Additional Information:
                         Privileges        -
Source             : Microsoft-Windows-Security-Auditing
ReplacementStrings : {MAS53149, MAS-NOIDA, S-1-5-21-2373504117-2689643630-3100359099-14952,
                     S-1-5-21-2373504117-2689643630-3100359099-1499...}
InstanceId         : 4720
TimeGenerated      : 7/19/2023 12:43:33 PM
TimeWritten        : 7/19/2023 12:43:33 PM
UserName           :
Site               :
Container          :


EventID            : 4720
MachineName        : DC.mas-noida.com
Data               : {}
Index              : 31743936
Category           : (13824)
CategoryNumber     : 13824
EntryType          : SuccessAudit
Message            : A user account was created.

                     Subject:
                         Security ID:        S-1-5-21-2373504117-2689643630-3100359099-2600
                         Account Name:        prateeks
                         Account Domain:        MAS-NOIDA
                         Logon ID:        0x7b60671e

                     New Account:
                         Security ID:        S-1-5-21-2373504117-2689643630-3100359099-14979
                         Account Name:        MAS53180
                         Account Domain:        MAS-NOIDA

                     Attributes:
                         SAM Account Name:    MAS53180
                         Display Name:        AHIR KRUNALKUMAR PANKAJBHAI MAS53180
                         User Principal Name:    MAS53180@mas-noida.com
                         Home Directory:        -
                         Home Drive:        -
                         Script Path:        -
                         Profile Path:        -
                         User Workstations:    -
                         Password Last Set:    %%1794
                         Account Expires:        %%1794
                         Primary Group ID:    513
                         Allowed To Delegate To:    -
                         Old UAC Value:        0x0
                         New UAC Value:        0x15
                         User Account Control:
                             %%2080
                             %%2082
                             %%2084
                         User Parameters:    -
                         SID History:        -
                         Logon Hours:        %%1793

                     Additional Information:
                         Privileges        -
Source             : Microsoft-Windows-Security-Auditing
ReplacementStrings : {MAS53180, MAS-NOIDA, S-1-5-21-2373504117-2689643630-3100359099-14979,
                     S-1-5-21-2373504117-2689643630-3100359099-2600...}
InstanceId         : 4720
TimeGenerated      : 7/19/2023 9:05:02 PM
TimeWritten        : 7/19/2023 9:05:02 PM
UserName           :
Site               :
Container          :

