

EventID            : 4720
MachineName        : DC.mas-noida.com
Data               : {}
Index              : 26130134
Category           : (13824)
CategoryNumber     : 13824
EntryType          : SuccessAudit
Message            : A user account was created.

                     Subject:
                         Security ID:        S-1-5-21-2373504117-2689643630-3100359099-2600
                         Account Name:        prateeks
                         Account Domain:        MAS-NOIDA
                         Logon ID:        0x540fd79a

                     New Account:
                         Security ID:        S-1-5-21-2373504117-2689643630-3100359099-14636
                         Account Name:        MAS52800
                         Account Domain:        MAS-NOIDA

                     Attributes:
                         SAM Account Name:    MAS52800
                         Display Name:        HIMANSHU RAJORIYA MAS52800
                         User Principal Name:    MAS52800@mas-noida.com
                         Home Directory:        -
                         Home Drive:        -
                         Script Path:        -
                         Profile Path:        -
                         User Workstations:    -
                         Password Last Set:    %%1794
                         Account Expires:        %%1794
                         Primary Group ID:    513
                         Allowed To Delegate To:    -
                         Old UAC Value:        0x0
                         New UAC Value:        0x15
                         User Account Control:
                             %%2080
                             %%2082
                             %%2084
                         User Parameters:    -
                         SID History:        -
                         Logon Hours:        %%1793

                     Additional Information:
                         Privileges        -
Source             : Microsoft-Windows-Security-Auditing
ReplacementStrings : {MAS52800, MAS-NOIDA, S-1-5-21-2373504117-2689643630-3100359099-14636,
                     S-1-5-21-2373504117-2689643630-3100359099-2600...}
InstanceId         : 4720
TimeGenerated      : 6/15/2023 1:56:55 PM
TimeWritten        : 6/15/2023 1:56:55 PM
UserName           :
Site               :
Container          :

EventID            : 4720
MachineName        : DC.mas-noida.com
Data               : {}
Index              : 26129782
Category           : (13824)
CategoryNumber     : 13824
EntryType          : SuccessAudit
Message            : A user account was created.

                     Subject:
                         Security ID:        S-1-5-21-2373504117-2689643630-3100359099-2600
                         Account Name:        prateeks
                         Account Domain:        MAS-NOIDA
                         Logon ID:        0x540fd79a

                     New Account:
                         Security ID:        S-1-5-21-2373504117-2689643630-3100359099-14635
                         Account Name:        MAS52801
                         Account Domain:        MAS-NOIDA

                     Attributes:
                         SAM Account Name:    MAS52801
                         Display Name:        SANI RAI MAS52801
                         User Principal Name:    MAS52801@mas-noida.com
                         Home Directory:        -
                         Home Drive:        -
                         Script Path:        -
                         Profile Path:        -
                         User Workstations:    -
                         Password Last Set:    %%1794
                         Account Expires:        %%1794
                         Primary Group ID:    513
                         Allowed To Delegate To:    -
                         Old UAC Value:        0x0
                         New UAC Value:        0x15
                         User Account Control:
                             %%2080
                             %%2082
                             %%2084
                         User Parameters:    -
                         SID History:        -
                         Logon Hours:        %%1793

                     Additional Information:
                         Privileges        -
Source             : Microsoft-Windows-Security-Auditing
ReplacementStrings : {MAS52801, MAS-NOIDA, S-1-5-21-2373504117-2689643630-3100359099-14635,
                     S-1-5-21-2373504117-2689643630-3100359099-2600...}
InstanceId         : 4720
TimeGenerated      : 6/15/2023 1:54:34 PM
TimeWritten        : 6/15/2023 1:54:34 PM
UserName           :
Site               :
Container          :

EventID            : 4720
MachineName        : DC.mas-noida.com
Data               : {}
Index              : 26129665
Category           : (13824)
CategoryNumber     : 13824
EntryType          : SuccessAudit
Message            : A user account was created.

                     Subject:
                         Security ID:        S-1-5-21-2373504117-2689643630-3100359099-2600
                         Account Name:        prateeks
                         Account Domain:        MAS-NOIDA
                         Logon ID:        0x540fd79a

                     New Account:
                         Security ID:        S-1-5-21-2373504117-2689643630-3100359099-14634
                         Account Name:        MAS52802
                         Account Domain:        MAS-NOIDA

                     Attributes:
                         SAM Account Name:    MAS52802
                         Display Name:        DILIP KUMAR VERMA MAS52802
                         User Principal Name:    MAS52802@mas-noida.com
                         Home Directory:        -
                         Home Drive:        -
                         Script Path:        -
                         Profile Path:        -
                         User Workstations:    -
                         Password Last Set:    %%1794
                         Account Expires:        %%1794
                         Primary Group ID:    513
                         Allowed To Delegate To:    -
                         Old UAC Value:        0x0
                         New UAC Value:        0x15
                         User Account Control:
                             %%2080
                             %%2082
                             %%2084
                         User Parameters:    -
                         SID History:        -
                         Logon Hours:        %%1793

                     Additional Information:
                         Privileges        -
Source             : Microsoft-Windows-Security-Auditing
ReplacementStrings : {MAS52802, MAS-NOIDA, S-1-5-21-2373504117-2689643630-3100359099-14634,
                     S-1-5-21-2373504117-2689643630-3100359099-2600...}
InstanceId         : 4720
TimeGenerated      : 6/15/2023 1:53:46 PM
TimeWritten        : 6/15/2023 1:53:46 PM
UserName           :
Site               :
Container          :

EventID            : 4720
MachineName        : DC.mas-noida.com
Data               : {}
Index              : 26129553
Category           : (13824)
CategoryNumber     : 13824
EntryType          : SuccessAudit
Message            : A user account was created.

                     Subject:
                         Security ID:        S-1-5-21-2373504117-2689643630-3100359099-2600
                         Account Name:        prateeks
                         Account Domain:        MAS-NOIDA
                         Logon ID:        0x540fd79a

                     New Account:
                         Security ID:        S-1-5-21-2373504117-2689643630-3100359099-14633
                         Account Name:        MAS52803
                         Account Domain:        MAS-NOIDA

                     Attributes:
                         SAM Account Name:    MAS52803
                         Display Name:        VIVEK PANWAR MAS52803
                         User Principal Name:    MAS52803@mas-noida.com
                         Home Directory:        -
                         Home Drive:        -
                         Script Path:        -
                         Profile Path:        -
                         User Workstations:    -
                         Password Last Set:    %%1794
                         Account Expires:        %%1794
                         Primary Group ID:    513
                         Allowed To Delegate To:    -
                         Old UAC Value:        0x0
                         New UAC Value:        0x15
                         User Account Control:
                             %%2080
                             %%2082
                             %%2084
                         User Parameters:    -
                         SID History:        -
                         Logon Hours:        %%1793

                     Additional Information:
                         Privileges        -
Source             : Microsoft-Windows-Security-Auditing
ReplacementStrings : {MAS52803, MAS-NOIDA, S-1-5-21-2373504117-2689643630-3100359099-14633,
                     S-1-5-21-2373504117-2689643630-3100359099-2600...}
InstanceId         : 4720
TimeGenerated      : 6/15/2023 1:53:06 PM
TimeWritten        : 6/15/2023 1:53:06 PM
UserName           :
Site               :
Container          :

EventID            : 4720
MachineName        : DC.mas-noida.com
Data               : {}
Index              : 26129333
Category           : (13824)
CategoryNumber     : 13824
EntryType          : SuccessAudit
Message            : A user account was created.

                     Subject:
                         Security ID:        S-1-5-21-2373504117-2689643630-3100359099-2600
                         Account Name:        prateeks
                         Account Domain:        MAS-NOIDA
                         Logon ID:        0x540fd79a

                     New Account:
                         Security ID:        S-1-5-21-2373504117-2689643630-3100359099-14632
                         Account Name:        MAS52804
                         Account Domain:        MAS-NOIDA

                     Attributes:
                         SAM Account Name:    MAS52804
                         Display Name:        KULDEEP KUMAR MAS52804
                         User Principal Name:    MAS52804@mas-noida.com
                         Home Directory:        -
                         Home Drive:        -
                         Script Path:        -
                         Profile Path:        -
                         User Workstations:    -
                         Password Last Set:    %%1794
                         Account Expires:        %%1794
                         Primary Group ID:    513
                         Allowed To Delegate To:    -
                         Old UAC Value:        0x0
                         New UAC Value:        0x15
                         User Account Control:
                             %%2080
                             %%2082
                             %%2084
                         User Parameters:    -
                         SID History:        -
                         Logon Hours:        %%1793

                     Additional Information:
                         Privileges        -
Source             : Microsoft-Windows-Security-Auditing
ReplacementStrings : {MAS52804, MAS-NOIDA, S-1-5-21-2373504117-2689643630-3100359099-14632,
                     S-1-5-21-2373504117-2689643630-3100359099-2600...}
InstanceId         : 4720
TimeGenerated      : 6/15/2023 1:52:10 PM
TimeWritten        : 6/15/2023 1:52:10 PM
UserName           :
Site               :
Container          :

EventID            : 4720
MachineName        : DC.mas-noida.com
Data               : {}
Index              : 26129210
Category           : (13824)
CategoryNumber     : 13824
EntryType          : SuccessAudit
Message            : A user account was created.

                     Subject:
                         Security ID:        S-1-5-21-2373504117-2689643630-3100359099-2600
                         Account Name:        prateeks
                         Account Domain:        MAS-NOIDA
                         Logon ID:        0x540fd79a

                     New Account:
                         Security ID:        S-1-5-21-2373504117-2689643630-3100359099-14631
                         Account Name:        MAS52805
                         Account Domain:        MAS-NOIDA

                     Attributes:
                         SAM Account Name:    MAS52805
                         Display Name:        SATISH KUMAR MAS52805
                         User Principal Name:    MAS52805@mas-noida.com
                         Home Directory:        -
                         Home Drive:        -
                         Script Path:        -
                         Profile Path:        -
                         User Workstations:    -
                         Password Last Set:    %%1794
                         Account Expires:        %%1794
                         Primary Group ID:    513
                         Allowed To Delegate To:    -
                         Old UAC Value:        0x0
                         New UAC Value:        0x15
                         User Account Control:
                             %%2080
                             %%2082
                             %%2084
                         User Parameters:    -
                         SID History:        -
                         Logon Hours:        %%1793

                     Additional Information:
                         Privileges        -
Source             : Microsoft-Windows-Security-Auditing
ReplacementStrings : {MAS52805, MAS-NOIDA, S-1-5-21-2373504117-2689643630-3100359099-14631,
                     S-1-5-21-2373504117-2689643630-3100359099-2600...}
InstanceId         : 4720
TimeGenerated      : 6/15/2023 1:51:32 PM
TimeWritten        : 6/15/2023 1:51:32 PM
UserName           :
Site               :
Container          :

EventID            : 4720
MachineName        : DC.mas-noida.com
Data               : {}
Index              : 26129019
Category           : (13824)
CategoryNumber     : 13824
EntryType          : SuccessAudit
Message            : A user account was created.

                     Subject:
                         Security ID:        S-1-5-21-2373504117-2689643630-3100359099-2600
                         Account Name:        prateeks
                         Account Domain:        MAS-NOIDA
                         Logon ID:        0x540fd79a

                     New Account:
                         Security ID:        S-1-5-21-2373504117-2689643630-3100359099-14630
                         Account Name:        MAS52806
                         Account Domain:        MAS-NOIDA

                     Attributes:
                         SAM Account Name:    MAS52806
                         Display Name:        ABHAY KUMAR MAS52806
                         User Principal Name:    MAS52806@mas-noida.com
                         Home Directory:        -
                         Home Drive:        -
                         Script Path:        -
                         Profile Path:        -
                         User Workstations:    -
                         Password Last Set:    %%1794
                         Account Expires:        %%1794
                         Primary Group ID:    513
                         Allowed To Delegate To:    -
                         Old UAC Value:        0x0
                         New UAC Value:        0x15
                         User Account Control:
                             %%2080
                             %%2082
                             %%2084
                         User Parameters:    -
                         SID History:        -
                         Logon Hours:        %%1793

                     Additional Information:
                         Privileges        -
Source             : Microsoft-Windows-Security-Auditing
ReplacementStrings : {MAS52806, MAS-NOIDA, S-1-5-21-2373504117-2689643630-3100359099-14630,
                     S-1-5-21-2373504117-2689643630-3100359099-2600...}
InstanceId         : 4720
TimeGenerated      : 6/15/2023 1:50:34 PM
TimeWritten        : 6/15/2023 1:50:34 PM
UserName           :
Site               :
Container          :

EventID            : 4720
MachineName        : DC.mas-noida.com
Data               : {}
Index              : 26128886
Category           : (13824)
CategoryNumber     : 13824
EntryType          : SuccessAudit
Message            : A user account was created.

                     Subject:
                         Security ID:        S-1-5-21-2373504117-2689643630-3100359099-2600
                         Account Name:        prateeks
                         Account Domain:        MAS-NOIDA
                         Logon ID:        0x540fd79a

                     New Account:
                         Security ID:        S-1-5-21-2373504117-2689643630-3100359099-14629
                         Account Name:        MAS52807
                         Account Domain:        MAS-NOIDA

                     Attributes:
                         SAM Account Name:    MAS52807
                         Display Name:        HIMANSHU KAUSHAL MAS52807
                         User Principal Name:    MAS52807@mas-noida.com
                         Home Directory:        -
                         Home Drive:        -
                         Script Path:        -
                         Profile Path:        -
                         User Workstations:    -
                         Password Last Set:    %%1794
                         Account Expires:        %%1794
                         Primary Group ID:    513
                         Allowed To Delegate To:    -
                         Old UAC Value:        0x0
                         New UAC Value:        0x15
                         User Account Control:
                             %%2080
                             %%2082
                             %%2084
                         User Parameters:    -
                         SID History:        -
                         Logon Hours:        %%1793

                     Additional Information:
                         Privileges        -
Source             : Microsoft-Windows-Security-Auditing
ReplacementStrings : {MAS52807, MAS-NOIDA, S-1-5-21-2373504117-2689643630-3100359099-14629,
                     S-1-5-21-2373504117-2689643630-3100359099-2600...}
InstanceId         : 4720
TimeGenerated      : 6/15/2023 1:49:50 PM
TimeWritten        : 6/15/2023 1:49:50 PM
UserName           :
Site               :
Container          :

EventID            : 4720
MachineName        : DC.mas-noida.com
Data               : {}
Index              : 26128700
Category           : (13824)
CategoryNumber     : 13824
EntryType          : SuccessAudit
Message            : A user account was created.

                     Subject:
                         Security ID:        S-1-5-21-2373504117-2689643630-3100359099-2600
                         Account Name:        prateeks
                         Account Domain:        MAS-NOIDA
                         Logon ID:        0x540fd79a

                     New Account:
                         Security ID:        S-1-5-21-2373504117-2689643630-3100359099-14628
                         Account Name:        MAS52808
                         Account Domain:        MAS-NOIDA

                     Attributes:
                         SAM Account Name:    MAS52808
                         Display Name:        VISHAL KUMAR MAS52808
                         User Principal Name:    MAS52808@mas-noida.com
                         Home Directory:        -
                         Home Drive:        -
                         Script Path:        -
                         Profile Path:        -
                         User Workstations:    -
                         Password Last Set:    %%1794
                         Account Expires:        %%1794
                         Primary Group ID:    513
                         Allowed To Delegate To:    -
                         Old UAC Value:        0x0
                         New UAC Value:        0x15
                         User Account Control:
                             %%2080
                             %%2082
                             %%2084
                         User Parameters:    -
                         SID History:        -
                         Logon Hours:        %%1793

                     Additional Information:
                         Privileges        -
Source             : Microsoft-Windows-Security-Auditing
ReplacementStrings : {MAS52808, MAS-NOIDA, S-1-5-21-2373504117-2689643630-3100359099-14628,
                     S-1-5-21-2373504117-2689643630-3100359099-2600...}
InstanceId         : 4720
TimeGenerated      : 6/15/2023 1:48:36 PM
TimeWritten        : 6/15/2023 1:48:36 PM
UserName           :
Site               :
Container          :

