EventID            : 4720
MachineName        : DC.mas-noida.com
Data               : {}
Index              : 34234085
Category           : (13824)
CategoryNumber     : 13824
EntryType          : SuccessAudit
Message            : A user account was created.

                     Subject:
                         Security ID:        S-1-5-21-2373504117-2689643630-3100359099-2600
                         Account Name:        prateeks
                         Account Domain:        MAS-NOIDA
                         Logon ID:        0xbab7d3bc

                     New Account:
                         Security ID:        S-1-5-21-2373504117-2689643630-3100359099-15051
                         Account Name:        MAS53293
                         Account Domain:        MAS-NOIDA

                     Attributes:
                         SAM Account Name:    MAS53293
                         Display Name:        SHIV POOJAN SHARMA MAS53293
                         User Principal Name:    MAS53293@mas-noida.com
                         Home Directory:        -
                         Home Drive:        -
                         Script Path:        -
                         Profile Path:        -
                         User Workstations:    -
                         Password Last Set:    %%1794
                         Account Expires:        %%1794
                         Primary Group ID:    513
                         Allowed To Delegate To:    -
                         Old UAC Value:        0x0
                         New UAC Value:        0x15
                         User Account Control:
                             %%2080
                             %%2082
                             %%2084
                         User Parameters:    -
                         SID History:        -
                         Logon Hours:        %%1793

                     Additional Information:
                         Privileges        -
Source             : Microsoft-Windows-Security-Auditing
ReplacementStrings : {MAS53293, MAS-NOIDA, S-1-5-21-2373504117-2689643630-3100359099-15051,
                     S-1-5-21-2373504117-2689643630-3100359099-2600...}
InstanceId         : 4720
TimeGenerated      : 8/2/2023 9:08:14 PM
TimeWritten        : 8/2/2023 9:08:14 PM
UserName           :
Site               :
Container          :

EventID            : 4720
MachineName        : DC.mas-noida.com
Data               : {}
Index              : 34233972
Category           : (13824)
CategoryNumber     : 13824
EntryType          : SuccessAudit
Message            : A user account was created.

                     Subject:
                         Security ID:        S-1-5-21-2373504117-2689643630-3100359099-2600
                         Account Name:        prateeks
                         Account Domain:        MAS-NOIDA
                         Logon ID:        0xbab7d3bc

                     New Account:
                         Security ID:        S-1-5-21-2373504117-2689643630-3100359099-15050
                         Account Name:        MAS53292
                         Account Domain:        MAS-NOIDA

                     Attributes:
                         SAM Account Name:    MAS53292
                         Display Name:        RAJKUMAR GIRI MAS53292
                         User Principal Name:    MAS53292@mas-noida.com
                         Home Directory:        -
                         Home Drive:        -
                         Script Path:        -
                         Profile Path:        -
                         User Workstations:    -
                         Password Last Set:    %%1794
                         Account Expires:        %%1794
                         Primary Group ID:    513
                         Allowed To Delegate To:    -
                         Old UAC Value:        0x0
                         New UAC Value:        0x15
                         User Account Control:
                             %%2080
                             %%2082
                             %%2084
                         User Parameters:    -
                         SID History:        -
                         Logon Hours:        %%1793

                     Additional Information:
                         Privileges        -
Source             : Microsoft-Windows-Security-Auditing
ReplacementStrings : {MAS53292, MAS-NOIDA, S-1-5-21-2373504117-2689643630-3100359099-15050,
                     S-1-5-21-2373504117-2689643630-3100359099-2600...}
InstanceId         : 4720
TimeGenerated      : 8/2/2023 9:07:39 PM
TimeWritten        : 8/2/2023 9:07:39 PM
UserName           :
Site               :
Container          :

EventID            : 4720
MachineName        : DC.mas-noida.com
Data               : {}
Index              : 34233900
Category           : (13824)
CategoryNumber     : 13824
EntryType          : SuccessAudit
Message            : A user account was created.

                     Subject:
                         Security ID:        S-1-5-21-2373504117-2689643630-3100359099-2600
                         Account Name:        prateeks
                         Account Domain:        MAS-NOIDA
                         Logon ID:        0xbab7d3bc

                     New Account:
                         Security ID:        S-1-5-21-2373504117-2689643630-3100359099-15049
                         Account Name:        MAS53291
                         Account Domain:        MAS-NOIDA

                     Attributes:
                         SAM Account Name:    MAS53291
                         Display Name:        SANJAY KUMAR MAS53291
                         User Principal Name:    MAS53291@mas-noida.com
                         Home Directory:        -
                         Home Drive:        -
                         Script Path:        -
                         Profile Path:        -
                         User Workstations:    -
                         Password Last Set:    %%1794
                         Account Expires:        %%1794
                         Primary Group ID:    513
                         Allowed To Delegate To:    -
                         Old UAC Value:        0x0
                         New UAC Value:        0x15
                         User Account Control:
                             %%2080
                             %%2082
                             %%2084
                         User Parameters:    -
                         SID History:        -
                         Logon Hours:        %%1793

                     Additional Information:
                         Privileges        -
Source             : Microsoft-Windows-Security-Auditing
ReplacementStrings : {MAS53291, MAS-NOIDA, S-1-5-21-2373504117-2689643630-3100359099-15049,
                     S-1-5-21-2373504117-2689643630-3100359099-2600...}
InstanceId         : 4720
TimeGenerated      : 8/2/2023 9:07:17 PM
TimeWritten        : 8/2/2023 9:07:17 PM
UserName           :
Site               :
Container          :

EventID            : 4720
MachineName        : DC.mas-noida.com
Data               : {}
Index              : 34233818
Category           : (13824)
CategoryNumber     : 13824
EntryType          : SuccessAudit
Message            : A user account was created.

                     Subject:
                         Security ID:        S-1-5-21-2373504117-2689643630-3100359099-2600
                         Account Name:        prateeks
                         Account Domain:        MAS-NOIDA
                         Logon ID:        0xbab7d3bc

                     New Account:
                         Security ID:        S-1-5-21-2373504117-2689643630-3100359099-15048
                         Account Name:        MAS53290
                         Account Domain:        MAS-NOIDA

                     Attributes:
                         SAM Account Name:    MAS53290
                         Display Name:        MOHD DANISH MAS53290
                         User Principal Name:    MAS53290@mas-noida.com
                         Home Directory:        -
                         Home Drive:        -
                         Script Path:        -
                         Profile Path:        -
                         User Workstations:    -
                         Password Last Set:    %%1794
                         Account Expires:        %%1794
                         Primary Group ID:    513
                         Allowed To Delegate To:    -
                         Old UAC Value:        0x0
                         New UAC Value:        0x15
                         User Account Control:
                             %%2080
                             %%2082
                             %%2084
                         User Parameters:    -
                         SID History:        -
                         Logon Hours:        %%1793

                     Additional Information:
                         Privileges        -
Source             : Microsoft-Windows-Security-Auditing
ReplacementStrings : {MAS53290, MAS-NOIDA, S-1-5-21-2373504117-2689643630-3100359099-15048,
                     S-1-5-21-2373504117-2689643630-3100359099-2600...}
InstanceId         : 4720
TimeGenerated      : 8/2/2023 9:06:55 PM
TimeWritten        : 8/2/2023 9:06:55 PM
UserName           :
Site               :
Container          :

EventID            : 4720
MachineName        : DC.mas-noida.com
Data               : {}
Index              : 34233722
Category           : (13824)
CategoryNumber     : 13824
EntryType          : SuccessAudit
Message            : A user account was created.

                     Subject:
                         Security ID:        S-1-5-21-2373504117-2689643630-3100359099-2600
                         Account Name:        prateeks
                         Account Domain:        MAS-NOIDA
                         Logon ID:        0xbab7d3bc

                     New Account:
                         Security ID:        S-1-5-21-2373504117-2689643630-3100359099-15047
                         Account Name:        MAS53289
                         Account Domain:        MAS-NOIDA

                     Attributes:
                         SAM Account Name:    MAS53289
                         Display Name:        RISHAV KUMAR MAS53289
                         User Principal Name:    MAS53289@mas-noida.com
                         Home Directory:        -
                         Home Drive:        -
                         Script Path:        -
                         Profile Path:        -
                         User Workstations:    -
                         Password Last Set:    %%1794
                         Account Expires:        %%1794
                         Primary Group ID:    513
                         Allowed To Delegate To:    -
                         Old UAC Value:        0x0
                         New UAC Value:        0x15
                         User Account Control:
                             %%2080
                             %%2082
                             %%2084
                         User Parameters:    -
                         SID History:        -
                         Logon Hours:        %%1793

                     Additional Information:
                         Privileges        -
Source             : Microsoft-Windows-Security-Auditing
ReplacementStrings : {MAS53289, MAS-NOIDA, S-1-5-21-2373504117-2689643630-3100359099-15047,
                     S-1-5-21-2373504117-2689643630-3100359099-2600...}
InstanceId         : 4720
TimeGenerated      : 8/2/2023 9:06:31 PM
TimeWritten        : 8/2/2023 9:06:31 PM
UserName           :
Site               :
Container          :

EventID            : 4720
MachineName        : DC.mas-noida.com
Data               : {}
Index              : 34233614
Category           : (13824)
CategoryNumber     : 13824
EntryType          : SuccessAudit
Message            : A user account was created.

                     Subject:
                         Security ID:        S-1-5-21-2373504117-2689643630-3100359099-2600
                         Account Name:        prateeks
                         Account Domain:        MAS-NOIDA
                         Logon ID:        0xbab7d3bc

                     New Account:
                         Security ID:        S-1-5-21-2373504117-2689643630-3100359099-15046
                         Account Name:        MAS53288
                         Account Domain:        MAS-NOIDA

                     Attributes:
                         SAM Account Name:    MAS53288
                         Display Name:        SHUBHAM KUMAR MAS53288
                         User Principal Name:    MAS53288@mas-noida.com
                         Home Directory:        -
                         Home Drive:        -
                         Script Path:        -
                         Profile Path:        -
                         User Workstations:    -
                         Password Last Set:    %%1794
                         Account Expires:        %%1794
                         Primary Group ID:    513
                         Allowed To Delegate To:    -
                         Old UAC Value:        0x0
                         New UAC Value:        0x15
                         User Account Control:
                             %%2080
                             %%2082
                             %%2084
                         User Parameters:    -
                         SID History:        -
                         Logon Hours:        %%1793

                     Additional Information:
                         Privileges        -
Source             : Microsoft-Windows-Security-Auditing
ReplacementStrings : {MAS53288, MAS-NOIDA, S-1-5-21-2373504117-2689643630-3100359099-15046,
                     S-1-5-21-2373504117-2689643630-3100359099-2600...}
InstanceId         : 4720
TimeGenerated      : 8/2/2023 9:06:03 PM
TimeWritten        : 8/2/2023 9:06:03 PM
UserName           :
Site               :
Container          :

EventID            : 4720
MachineName        : DC.mas-noida.com
Data               : {}
Index              : 34233516
Category           : (13824)
CategoryNumber     : 13824
EntryType          : SuccessAudit
Message            : A user account was created.

                     Subject:
                         Security ID:        S-1-5-21-2373504117-2689643630-3100359099-2600
                         Account Name:        prateeks
                         Account Domain:        MAS-NOIDA
                         Logon ID:        0xbab7d3bc

                     New Account:
                         Security ID:        S-1-5-21-2373504117-2689643630-3100359099-15045
                         Account Name:        MAS53287
                         Account Domain:        MAS-NOIDA

                     Attributes:
                         SAM Account Name:    MAS53287
                         Display Name:        ABHISHEK MAS53287
                         User Principal Name:    MAS53287@mas-noida.com
                         Home Directory:        -
                         Home Drive:        -
                         Script Path:        -
                         Profile Path:        -
                         User Workstations:    -
                         Password Last Set:    %%1794
                         Account Expires:        %%1794
                         Primary Group ID:    513
                         Allowed To Delegate To:    -
                         Old UAC Value:        0x0
                         New UAC Value:        0x15
                         User Account Control:
                             %%2080
                             %%2082
                             %%2084
                         User Parameters:    -
                         SID History:        -
                         Logon Hours:        %%1793

                     Additional Information:
                         Privileges        -
Source             : Microsoft-Windows-Security-Auditing
ReplacementStrings : {MAS53287, MAS-NOIDA, S-1-5-21-2373504117-2689643630-3100359099-15045,
                     S-1-5-21-2373504117-2689643630-3100359099-2600...}
InstanceId         : 4720
TimeGenerated      : 8/2/2023 9:05:35 PM
TimeWritten        : 8/2/2023 9:05:35 PM
UserName           :
Site               :
Container          :

EventID            : 4720
MachineName        : DC.mas-noida.com
Data               : {}
Index              : 34233427
Category           : (13824)
CategoryNumber     : 13824
EntryType          : SuccessAudit
Message            : A user account was created.

                     Subject:
                         Security ID:        S-1-5-21-2373504117-2689643630-3100359099-2600
                         Account Name:        prateeks
                         Account Domain:        MAS-NOIDA
                         Logon ID:        0xbab7d3bc

                     New Account:
                         Security ID:        S-1-5-21-2373504117-2689643630-3100359099-15044
                         Account Name:        MAS53286
                         Account Domain:        MAS-NOIDA

                     Attributes:
                         SAM Account Name:    MAS53286
                         Display Name:        TUSHAR ARYA MAS53286
                         User Principal Name:    MAS53286@mas-noida.com
                         Home Directory:        -
                         Home Drive:        -
                         Script Path:        -
                         Profile Path:        -
                         User Workstations:    -
                         Password Last Set:    %%1794
                         Account Expires:        %%1794
                         Primary Group ID:    513
                         Allowed To Delegate To:    -
                         Old UAC Value:        0x0
                         New UAC Value:        0x15
                         User Account Control:
                             %%2080
                             %%2082
                             %%2084
                         User Parameters:    -
                         SID History:        -
                         Logon Hours:        %%1793

                     Additional Information:
                         Privileges        -
Source             : Microsoft-Windows-Security-Auditing
ReplacementStrings : {MAS53286, MAS-NOIDA, S-1-5-21-2373504117-2689643630-3100359099-15044,
                     S-1-5-21-2373504117-2689643630-3100359099-2600...}
InstanceId         : 4720
TimeGenerated      : 8/2/2023 9:05:06 PM
TimeWritten        : 8/2/2023 9:05:06 PM
UserName           :
Site               :
Container          :

