Windows PowerShell
Copyright (C) 2014 Microsoft Corporation. All rights reserved.

PS C:\Windows\system32> Get-EventLog -LogName Security | Where-Object {$_.EventID -eq 4720} | Select-Object -Property *


EventID            : 4720
MachineName        : DC.mas-noida.com
Data               : {}
Index              : 35238126
Category           : (13824)
CategoryNumber     : 13824
EntryType          : SuccessAudit
Message            : A user account was created.

                     Subject:
                         Security ID:        S-1-5-21-2373504117-2689643630-3100359099-10155
                         Account Name:        ranjeetit
                         Account Domain:        MAS-NOIDA
                         Logon ID:        0xd0575e0a

                     New Account:
                         Security ID:        S-1-5-21-2373504117-2689643630-3100359099-15618
                         Account Name:        MAS53380
                         Account Domain:        MAS-NOIDA

                     Attributes:
                         SAM Account Name:    MAS53380
                         Display Name:        MUKENDRA RAWAT MAS53380
                         User Principal Name:    MAS53380@mas-noida.com
                         Home Directory:        -
                         Home Drive:        -
                         Script Path:        -
                         Profile Path:        -
                         User Workstations:    -
                         Password Last Set:    %%1794
                         Account Expires:        %%1794
                         Primary Group ID:    513
                         Allowed To Delegate To:    -
                         Old UAC Value:        0x0
                         New UAC Value:        0x15
                         User Account Control:
                             %%2080
                             %%2082
                             %%2084
                         User Parameters:    -
                         SID History:        -
                         Logon Hours:        %%1793

                     Additional Information:
                         Privileges        -
Source             : Microsoft-Windows-Security-Auditing
ReplacementStrings : {MAS53380, MAS-NOIDA, S-1-5-21-2373504117-2689643630-3100359099-15618,
                     S-1-5-21-2373504117-2689643630-3100359099-10155...}
InstanceId         : 4720
TimeGenerated      : 8/8/2023 4:39:55 PM
TimeWritten        : 8/8/2023 4:39:55 PM
UserName           :
Site               :
Container          :

EventID            : 4720
MachineName        : DC.mas-noida.com
Data               : {}
Index              : 35237945
Category           : (13824)
CategoryNumber     : 13824
EntryType          : SuccessAudit
Message            : A user account was created.

                     Subject:
                         Security ID:        S-1-5-21-2373504117-2689643630-3100359099-10155
                         Account Name:        ranjeetit
                         Account Domain:        MAS-NOIDA
                         Logon ID:        0xd0575e0a

                     New Account:
                         Security ID:        S-1-5-21-2373504117-2689643630-3100359099-15617
                         Account Name:        MAS53379
                         Account Domain:        MAS-NOIDA

                     Attributes:
                         SAM Account Name:    MAS53379
                         Display Name:        MANISH KUMAR MAS53379
                         User Principal Name:    MAS53379@mas-noida.com
                         Home Directory:        -
                         Home Drive:        -
                         Script Path:        -
                         Profile Path:        -
                         User Workstations:    -
                         Password Last Set:    %%1794
                         Account Expires:        %%1794
                         Primary Group ID:    513
                         Allowed To Delegate To:    -
                         Old UAC Value:        0x0
                         New UAC Value:        0x15
                         User Account Control:
                             %%2080
                             %%2082
                             %%2084
                         User Parameters:    -
                         SID History:        -
                         Logon Hours:        %%1793

                     Additional Information:
                         Privileges        -
Source             : Microsoft-Windows-Security-Auditing
ReplacementStrings : {MAS53379, MAS-NOIDA, S-1-5-21-2373504117-2689643630-3100359099-15617,
                     S-1-5-21-2373504117-2689643630-3100359099-10155...}
InstanceId         : 4720
TimeGenerated      : 8/8/2023 4:39:13 PM
TimeWritten        : 8/8/2023 4:39:13 PM
UserName           :
Site               :
Container          :

EventID            : 4720
MachineName        : DC.mas-noida.com
Data               : {}
Index              : 35237800
Category           : (13824)
CategoryNumber     : 13824
EntryType          : SuccessAudit
Message            : A user account was created.

                     Subject:
                         Security ID:        S-1-5-21-2373504117-2689643630-3100359099-10155
                         Account Name:        ranjeetit
                         Account Domain:        MAS-NOIDA
                         Logon ID:        0xd0575e0a

                     New Account:
                         Security ID:        S-1-5-21-2373504117-2689643630-3100359099-15616
                         Account Name:        MAS53378
                         Account Domain:        MAS-NOIDA

                     Attributes:
                         SAM Account Name:    MAS53378
                         Display Name:        PUSHPENDRA SINGH MAS53378
                         User Principal Name:    MAS53378@mas-noida.com
                         Home Directory:        -
                         Home Drive:        -
                         Script Path:        -
                         Profile Path:        -
                         User Workstations:    -
                         Password Last Set:    %%1794
                         Account Expires:        %%1794
                         Primary Group ID:    513
                         Allowed To Delegate To:    -
                         Old UAC Value:        0x0
                         New UAC Value:        0x15
                         User Account Control:
                             %%2080
                             %%2082
                             %%2084
                         User Parameters:    -
                         SID History:        -
                         Logon Hours:        %%1793

                     Additional Information:
                         Privileges        -
Source             : Microsoft-Windows-Security-Auditing
ReplacementStrings : {MAS53378, MAS-NOIDA, S-1-5-21-2373504117-2689643630-3100359099-15616,
                     S-1-5-21-2373504117-2689643630-3100359099-10155...}
InstanceId         : 4720
TimeGenerated      : 8/8/2023 4:38:29 PM
TimeWritten        : 8/8/2023 4:38:29 PM
UserName           :
Site               :
Container          :

EventID            : 4720
MachineName        : DC.mas-noida.com
Data               : {}
Index              : 35237629
Category           : (13824)
CategoryNumber     : 13824
EntryType          : SuccessAudit
Message            : A user account was created.

                     Subject:
                         Security ID:        S-1-5-21-2373504117-2689643630-3100359099-10155
                         Account Name:        ranjeetit
                         Account Domain:        MAS-NOIDA
                         Logon ID:        0xd0575e0a

                     New Account:
                         Security ID:        S-1-5-21-2373504117-2689643630-3100359099-15615
                         Account Name:        MAS53377
                         Account Domain:        MAS-NOIDA

                     Attributes:
                         SAM Account Name:    MAS53377
                         Display Name:        SANKET KUMAR SINGH MAS53377
                         User Principal Name:    MAS53377@mas-noida.com
                         Home Directory:        -
                         Home Drive:        -
                         Script Path:        -
                         Profile Path:        -
                         User Workstations:    -
                         Password Last Set:    %%1794
                         Account Expires:        %%1794
                         Primary Group ID:    513
                         Allowed To Delegate To:    -
                         Old UAC Value:        0x0
                         New UAC Value:        0x15
                         User Account Control:
                             %%2080
                             %%2082
                             %%2084
                         User Parameters:    -
                         SID History:        -
                         Logon Hours:        %%1793

                     Additional Information:
                         Privileges        -
Source             : Microsoft-Windows-Security-Auditing
ReplacementStrings : {MAS53377, MAS-NOIDA, S-1-5-21-2373504117-2689643630-3100359099-15615,
                     S-1-5-21-2373504117-2689643630-3100359099-10155...}
InstanceId         : 4720
TimeGenerated      : 8/8/2023 4:37:44 PM
TimeWritten        : 8/8/2023 4:37:44 PM
UserName           :
Site               :
Container          :

EventID            : 4720
MachineName        : DC.mas-noida.com
Data               : {}
Index              : 35237436
Category           : (13824)
CategoryNumber     : 13824
EntryType          : SuccessAudit
Message            : A user account was created.

                     Subject:
                         Security ID:        S-1-5-21-2373504117-2689643630-3100359099-10155
                         Account Name:        ranjeetit
                         Account Domain:        MAS-NOIDA
                         Logon ID:        0xd0575e0a

                     New Account:
                         Security ID:        S-1-5-21-2373504117-2689643630-3100359099-15614
                         Account Name:        MAS53376
                         Account Domain:        MAS-NOIDA

                     Attributes:
                         SAM Account Name:    MAS53376
                         Display Name:        ABHISHEK KUMAR SRIVASTAV MAS53376
                         User Principal Name:    MAS53376@mas-noida.com
                         Home Directory:        -
                         Home Drive:        -
                         Script Path:        -
                         Profile Path:        -
                         User Workstations:    -
                         Password Last Set:    %%1794
                         Account Expires:        %%1794
                         Primary Group ID:    513
                         Allowed To Delegate To:    -
                         Old UAC Value:        0x0
                         New UAC Value:        0x15
                         User Account Control:
                             %%2080
                             %%2082
                             %%2084
                         User Parameters:    -
                         SID History:        -
                         Logon Hours:        %%1793

                     Additional Information:
                         Privileges        -
Source             : Microsoft-Windows-Security-Auditing
ReplacementStrings : {MAS53376, MAS-NOIDA, S-1-5-21-2373504117-2689643630-3100359099-15614,
                     S-1-5-21-2373504117-2689643630-3100359099-10155...}
InstanceId         : 4720
TimeGenerated      : 8/8/2023 4:36:52 PM
TimeWritten        : 8/8/2023 4:36:52 PM
UserName           :
Site               :
Container          :

EventID            : 4720
MachineName        : DC.mas-noida.com
Data               : {}
Index              : 35237202
Category           : (13824)
CategoryNumber     : 13824
EntryType          : SuccessAudit
Message            : A user account was created.

                     Subject:
                         Security ID:        S-1-5-21-2373504117-2689643630-3100359099-10155
                         Account Name:        ranjeetit
                         Account Domain:        MAS-NOIDA
                         Logon ID:        0xd0575e0a

                     New Account:
                         Security ID:        S-1-5-21-2373504117-2689643630-3100359099-15613
                         Account Name:        MAS53375
                         Account Domain:        MAS-NOIDA

                     Attributes:
                         SAM Account Name:    MAS53375
                         Display Name:        ABHISHEK KUMAR MAS53375
                         User Principal Name:    MAS53375@mas-noida.com
                         Home Directory:        -
                         Home Drive:        -
                         Script Path:        -
                         Profile Path:        -
                         User Workstations:    -
                         Password Last Set:    %%1794
                         Account Expires:        %%1794
                         Primary Group ID:    513
                         Allowed To Delegate To:    -
                         Old UAC Value:        0x0
                         New UAC Value:        0x15
                         User Account Control:
                             %%2080
                             %%2082
                             %%2084
                         User Parameters:    -
                         SID History:        -
                         Logon Hours:        %%1793

                     Additional Information:
                         Privileges        -
Source             : Microsoft-Windows-Security-Auditing
ReplacementStrings : {MAS53375, MAS-NOIDA, S-1-5-21-2373504117-2689643630-3100359099-15613,
                     S-1-5-21-2373504117-2689643630-3100359099-10155...}
InstanceId         : 4720
TimeGenerated      : 8/8/2023 4:35:53 PM
TimeWritten        : 8/8/2023 4:35:53 PM
UserName           :
Site               :
Container          :

EventID            : 4720
MachineName        : DC.mas-noida.com
Data               : {}
Index              : 35236954
Category           : (13824)
CategoryNumber     : 13824
EntryType          : SuccessAudit
Message            : A user account was created.

                     Subject:
                         Security ID:        S-1-5-21-2373504117-2689643630-3100359099-10155
                         Account Name:        ranjeetit
                         Account Domain:        MAS-NOIDA
                         Logon ID:        0xd0575e0a

                     New Account:
                         Security ID:        S-1-5-21-2373504117-2689643630-3100359099-15612
                         Account Name:        MAS53374
                         Account Domain:        MAS-NOIDA

                     Attributes:
                         SAM Account Name:    MAS53374
                         Display Name:        PRASHANT KUMAR MAS53374
                         User Principal Name:    MAS53374@mas-noida.com
                         Home Directory:        -
                         Home Drive:        -
                         Script Path:        -
                         Profile Path:        -
                         User Workstations:    -
                         Password Last Set:    %%1794
                         Account Expires:        %%1794
                         Primary Group ID:    513
                         Allowed To Delegate To:    -
                         Old UAC Value:        0x0
                         New UAC Value:        0x15
                         User Account Control:
                             %%2080
                             %%2082
                             %%2084
                         User Parameters:    -
                         SID History:        -
                         Logon Hours:        %%1793

                     Additional Information:
                         Privileges        -
Source             : Microsoft-Windows-Security-Auditing
ReplacementStrings : {MAS53374, MAS-NOIDA, S-1-5-21-2373504117-2689643630-3100359099-15612,
                     S-1-5-21-2373504117-2689643630-3100359099-10155...}
InstanceId         : 4720
TimeGenerated      : 8/8/2023 4:34:53 PM
TimeWritten        : 8/8/2023 4:34:53 PM
UserName           :
Site               :
Container          :

EventID            : 4720
MachineName        : DC.mas-noida.com
Data               : {}
Index              : 35236802
Category           : (13824)
CategoryNumber     : 13824
EntryType          : SuccessAudit
Message            : A user account was created.

                     Subject:
                         Security ID:        S-1-5-21-2373504117-2689643630-3100359099-10155
                         Account Name:        ranjeetit
                         Account Domain:        MAS-NOIDA
                         Logon ID:        0xd0575e0a

                     New Account:
                         Security ID:        S-1-5-21-2373504117-2689643630-3100359099-15611
                         Account Name:        MAS53373
                         Account Domain:        MAS-NOIDA

                     Attributes:
                         SAM Account Name:    MAS53373
                         Display Name:        BHAVISHYA SRIVASTAVA MAS53373
                         User Principal Name:    MAS53373@mas-noida.com
                         Home Directory:        -
                         Home Drive:        -
                         Script Path:        -
                         Profile Path:        -
                         User Workstations:    -
                         Password Last Set:    %%1794
                         Account Expires:        %%1794
                         Primary Group ID:    513
                         Allowed To Delegate To:    -
                         Old UAC Value:        0x0
                         New UAC Value:        0x15
                         User Account Control:
                             %%2080
                             %%2082
                             %%2084
                         User Parameters:    -
                         SID History:        -
                         Logon Hours:        %%1793

                     Additional Information:
                         Privileges        -
Source             : Microsoft-Windows-Security-Auditing
ReplacementStrings : {MAS53373, MAS-NOIDA, S-1-5-21-2373504117-2689643630-3100359099-15611,
                     S-1-5-21-2373504117-2689643630-3100359099-10155...}
InstanceId         : 4720
TimeGenerated      : 8/8/2023 4:34:08 PM
TimeWritten        : 8/8/2023 4:34:08 PM
UserName           :
Site               :
Container          :

EventID            : 4720
MachineName        : DC.mas-noida.com
Data               : {}
Index              : 35236515
Category           : (13824)
CategoryNumber     : 13824
EntryType          : SuccessAudit
Message            : A user account was created.

                     Subject:
                         Security ID:        S-1-5-21-2373504117-2689643630-3100359099-10155
                         Account Name:        ranjeetit
                         Account Domain:        MAS-NOIDA
                         Logon ID:        0xd0575e0a

                     New Account:
                         Security ID:        S-1-5-21-2373504117-2689643630-3100359099-15610
                         Account Name:        MAS53372
                         Account Domain:        MAS-NOIDA

                     Attributes:
                         SAM Account Name:    MAS53372
                         Display Name:        ANIL KUMAR PATHAK MAS53372
                         User Principal Name:    MAS53372@mas-noida.com
                         Home Directory:        -
                         Home Drive:        -
                         Script Path:        -
                         Profile Path:        -
                         User Workstations:    -
                         Password Last Set:    %%1794
                         Account Expires:        %%1794
                         Primary Group ID:    513
                         Allowed To Delegate To:    -
                         Old UAC Value:        0x0
                         New UAC Value:        0x15
                         User Account Control:
                             %%2080
                             %%2082
                             %%2084
                         User Parameters:    -
                         SID History:        -
                         Logon Hours:        %%1793

                     Additional Information:
                         Privileges        -
Source             : Microsoft-Windows-Security-Auditing
ReplacementStrings : {MAS53372, MAS-NOIDA, S-1-5-21-2373504117-2689643630-3100359099-15610,
                     S-1-5-21-2373504117-2689643630-3100359099-10155...}
InstanceId         : 4720
TimeGenerated      : 8/8/2023 4:32:50 PM
TimeWritten        : 8/8/2023 4:32:50 PM
UserName           :
Site               :
Container          :

EventID            : 4720
MachineName        : DC.mas-noida.com
Data               : {}
Index              : 35236337
Category           : (13824)
CategoryNumber     : 13824
EntryType          : SuccessAudit
Message            : A user account was created.

                     Subject:
                         Security ID:        S-1-5-21-2373504117-2689643630-3100359099-10155
                         Account Name:        ranjeetit
                         Account Domain:        MAS-NOIDA
                         Logon ID:        0xd0575e0a

                     New Account:
                         Security ID:        S-1-5-21-2373504117-2689643630-3100359099-15609
                         Account Name:        MAS53371
                         Account Domain:        MAS-NOIDA

                     Attributes:
                         SAM Account Name:    MAS53371
                         Display Name:        RAM SURAT YADAV MAS53371
                         User Principal Name:    MAS53371@mas-noida.com
                         Home Directory:        -
                         Home Drive:        -
                         Script Path:        -
                         Profile Path:        -
                         User Workstations:    -
                         Password Last Set:    %%1794
                         Account Expires:        %%1794
                         Primary Group ID:    513
                         Allowed To Delegate To:    -
                         Old UAC Value:        0x0
                         New UAC Value:        0x15
                         User Account Control:
                             %%2080
                             %%2082
                             %%2084
                         User Parameters:    -
                         SID History:        -
                         Logon Hours:        %%1793

                     Additional Information:
                         Privileges        -
Source             : Microsoft-Windows-Security-Auditing
ReplacementStrings : {MAS53371, MAS-NOIDA, S-1-5-21-2373504117-2689643630-3100359099-15609,
                     S-1-5-21-2373504117-2689643630-3100359099-10155...}
InstanceId         : 4720
TimeGenerated      : 8/8/2023 4:31:50 PM
TimeWritten        : 8/8/2023 4:31:50 PM
UserName           :
Site               :
Container          :

EventID            : 4720
MachineName        : DC.mas-noida.com
Data               : {}
Index              : 35236221
Category           : (13824)
CategoryNumber     : 13824
EntryType          : SuccessAudit
Message            : A user account was created.

                     Subject:
                         Security ID:        S-1-5-21-2373504117-2689643630-3100359099-10155
                         Account Name:        ranjeetit
                         Account Domain:        MAS-NOIDA
                         Logon ID:        0xd0575e0a

                     New Account:
                         Security ID:        S-1-5-21-2373504117-2689643630-3100359099-15608
                         Account Name:        MAS53370
                         Account Domain:        MAS-NOIDA

                     Attributes:
                         SAM Account Name:    MAS53370
                         Display Name:        UMESHWAR PRATAP MISHRA MAS53370
                         User Principal Name:    MAS53370@mas-noida.com
                         Home Directory:        -
                         Home Drive:        -
                         Script Path:        -
                         Profile Path:        -
                         User Workstations:    -
                         Password Last Set:    %%1794
                         Account Expires:        %%1794
                         Primary Group ID:    513
                         Allowed To Delegate To:    -
                         Old UAC Value:        0x0
                         New UAC Value:        0x15
                         User Account Control:
                             %%2080
                             %%2082
                             %%2084
                         User Parameters:    -
                         SID History:        -
                         Logon Hours:        %%1793

                     Additional Information:
                         Privileges        -
Source             : Microsoft-Windows-Security-Auditing
ReplacementStrings : {MAS53370, MAS-NOIDA, S-1-5-21-2373504117-2689643630-3100359099-15608,
                     S-1-5-21-2373504117-2689643630-3100359099-10155...}
InstanceId         : 4720
TimeGenerated      : 8/8/2023 4:31:05 PM
TimeWritten        : 8/8/2023 4:31:05 PM
UserName           :
Site               :
Container          :

EventID            : 4720
MachineName        : DC.mas-noida.com
Data               : {}
Index              : 35236072
Category           : (13824)
CategoryNumber     : 13824
EntryType          : SuccessAudit
Message            : A user account was created.

                     Subject:
                         Security ID:        S-1-5-21-2373504117-2689643630-3100359099-10155
                         Account Name:        ranjeetit
                         Account Domain:        MAS-NOIDA
                         Logon ID:        0xd0575e0a

                     New Account:
                         Security ID:        S-1-5-21-2373504117-2689643630-3100359099-15607
                         Account Name:        MAS53369
                         Account Domain:        MAS-NOIDA

                     Attributes:
                         SAM Account Name:    MAS53369
                         Display Name:        ABHINANDAN PANDEY MAS53369
                         User Principal Name:    MAS53369@mas-noida.com
                         Home Directory:        -
                         Home Drive:        -
                         Script Path:        -
                         Profile Path:        -
                         User Workstations:    -
                         Password Last Set:    %%1794
                         Account Expires:        %%1794
                         Primary Group ID:    513
                         Allowed To Delegate To:    -
                         Old UAC Value:        0x0
                         New UAC Value:        0x15
                         User Account Control:
                             %%2080
                             %%2082
                             %%2084
                         User Parameters:    -
                         SID History:        -
                         Logon Hours:        %%1793

                     Additional Information:
                         Privileges        -
Source             : Microsoft-Windows-Security-Auditing
ReplacementStrings : {MAS53369, MAS-NOIDA, S-1-5-21-2373504117-2689643630-3100359099-15607,
                     S-1-5-21-2373504117-2689643630-3100359099-10155...}
InstanceId         : 4720
TimeGenerated      : 8/8/2023 4:30:14 PM
TimeWritten        : 8/8/2023 4:30:14 PM
UserName           :
Site               :
Container          :

EventID            : 4720
MachineName        : DC.mas-noida.com
Data               : {}
Index              : 35235918
Category           : (13824)
CategoryNumber     : 13824
EntryType          : SuccessAudit
Message            : A user account was created.

                     Subject:
                         Security ID:        S-1-5-21-2373504117-2689643630-3100359099-10155
                         Account Name:        ranjeetit
                         Account Domain:        MAS-NOIDA
                         Logon ID:        0xd0575e0a

                     New Account:
                         Security ID:        S-1-5-21-2373504117-2689643630-3100359099-15606
                         Account Name:        MAS53368
                         Account Domain:        MAS-NOIDA

                     Attributes:
                         SAM Account Name:    MAS53368
                         Display Name:        BHAGIRATH GOPE MAS53368
                         User Principal Name:    MAS53368@mas-noida.com
                         Home Directory:        -
                         Home Drive:        -
                         Script Path:        -
                         Profile Path:        -
                         User Workstations:    -
                         Password Last Set:    %%1794
                         Account Expires:        %%1794
                         Primary Group ID:    513
                         Allowed To Delegate To:    -
                         Old UAC Value:        0x0
                         New UAC Value:        0x15
                         User Account Control:
                             %%2080
                             %%2082
                             %%2084
                         User Parameters:    -
                         SID History:        -
                         Logon Hours:        %%1793

                     Additional Information:
                         Privileges        -
Source             : Microsoft-Windows-Security-Auditing
ReplacementStrings : {MAS53368, MAS-NOIDA, S-1-5-21-2373504117-2689643630-3100359099-15606,
                     S-1-5-21-2373504117-2689643630-3100359099-10155...}
InstanceId         : 4720
TimeGenerated      : 8/8/2023 4:29:25 PM
TimeWritten        : 8/8/2023 4:29:25 PM
UserName           :
Site               :
Container          :

EventID            : 4720
MachineName        : DC.mas-noida.com
Data               : {}
Index              : 35235713
Category           : (13824)
CategoryNumber     : 13824
EntryType          : SuccessAudit
Message            : A user account was created.

                     Subject:
                         Security ID:        S-1-5-21-2373504117-2689643630-3100359099-10155
                         Account Name:        ranjeetit
                         Account Domain:        MAS-NOIDA
                         Logon ID:        0xd0575e0a

                     New Account:
                         Security ID:        S-1-5-21-2373504117-2689643630-3100359099-15605
                         Account Name:        MAS53367
                         Account Domain:        MAS-NOIDA

                     Attributes:
                         SAM Account Name:    MAS53367
                         Display Name:        YOGESH KUMAR MAS53367
                         User Principal Name:    MAS53367@mas-noida.com
                         Home Directory:        -
                         Home Drive:        -
                         Script Path:        -
                         Profile Path:        -
                         User Workstations:    -
                         Password Last Set:    %%1794
                         Account Expires:        %%1794
                         Primary Group ID:    513
                         Allowed To Delegate To:    -
                         Old UAC Value:        0x0
                         New UAC Value:        0x15
                         User Account Control:
                             %%2080
                             %%2082
                             %%2084
                         User Parameters:    -
                         SID History:        -
                         Logon Hours:        %%1793

                     Additional Information:
                         Privileges        -
Source             : Microsoft-Windows-Security-Auditing
ReplacementStrings : {MAS53367, MAS-NOIDA, S-1-5-21-2373504117-2689643630-3100359099-15605,
                     S-1-5-21-2373504117-2689643630-3100359099-10155...}
InstanceId         : 4720
TimeGenerated      : 8/8/2023 4:28:32 PM
TimeWritten        : 8/8/2023 4:28:32 PM
UserName           :
Site               :
Container          :

EventID            : 4720
MachineName        : DC.mas-noida.com
Data               : {}
Index              : 35235501
Category           : (13824)
CategoryNumber     : 13824
EntryType          : SuccessAudit
Message            : A user account was created.

                     Subject:
                         Security ID:        S-1-5-21-2373504117-2689643630-3100359099-10155
                         Account Name:        ranjeetit
                         Account Domain:        MAS-NOIDA
                         Logon ID:        0xd0575e0a

                     New Account:
                         Security ID:        S-1-5-21-2373504117-2689643630-3100359099-15604
                         Account Name:        MAS53366
                         Account Domain:        MAS-NOIDA

                     Attributes:
                         SAM Account Name:    MAS53366
                         Display Name:        SAGAR PAL MAS53366
                         User Principal Name:    MAS53366@mas-noida.com
                         Home Directory:        -
                         Home Drive:        -
                         Script Path:        -
                         Profile Path:        -
                         User Workstations:    -
                         Password Last Set:    %%1794
                         Account Expires:        %%1794
                         Primary Group ID:    513
                         Allowed To Delegate To:    -
                         Old UAC Value:        0x0
                         New UAC Value:        0x15
                         User Account Control:
                             %%2080
                             %%2082
                             %%2084
                         User Parameters:    -
                         SID History:        -
                         Logon Hours:        %%1793

                     Additional Information:
                         Privileges        -
Source             : Microsoft-Windows-Security-Auditing
ReplacementStrings : {MAS53366, MAS-NOIDA, S-1-5-21-2373504117-2689643630-3100359099-15604,
                     S-1-5-21-2373504117-2689643630-3100359099-10155...}
InstanceId         : 4720
TimeGenerated      : 8/8/2023 4:27:34 PM
TimeWritten        : 8/8/2023 4:27:34 PM
UserName           :
Site               :
Container          :

EventID            : 4720
MachineName        : DC.mas-noida.com
Data               : {}
Index              : 35235314
Category           : (13824)
CategoryNumber     : 13824
EntryType          : SuccessAudit
Message            : A user account was created.

                     Subject:
                         Security ID:        S-1-5-21-2373504117-2689643630-3100359099-10155
                         Account Name:        ranjeetit
                         Account Domain:        MAS-NOIDA
                         Logon ID:        0xd0575e0a

                     New Account:
                         Security ID:        S-1-5-21-2373504117-2689643630-3100359099-15603
                         Account Name:        MAS53365
                         Account Domain:        MAS-NOIDA

                     Attributes:
                         SAM Account Name:    MAS53365
                         Display Name:        RAVINDRA SINGH MAS53365
                         User Principal Name:    MAS53365@mas-noida.com
                         Home Directory:        -
                         Home Drive:        -
                         Script Path:        -
                         Profile Path:        -
                         User Workstations:    -
                         Password Last Set:    %%1794
                         Account Expires:        %%1794
                         Primary Group ID:    513
                         Allowed To Delegate To:    -
                         Old UAC Value:        0x0
                         New UAC Value:        0x15
                         User Account Control:
                             %%2080
                             %%2082
                             %%2084
                         User Parameters:    -
                         SID History:        -
                         Logon Hours:        %%1793

                     Additional Information:
                         Privileges        -
Source             : Microsoft-Windows-Security-Auditing
ReplacementStrings : {MAS53365, MAS-NOIDA, S-1-5-21-2373504117-2689643630-3100359099-15603,
                     S-1-5-21-2373504117-2689643630-3100359099-10155...}
InstanceId         : 4720
TimeGenerated      : 8/8/2023 4:26:33 PM
TimeWritten        : 8/8/2023 4:26:33 PM
UserName           :
Site               :
Container          :

EventID            : 4720
MachineName        : DC.mas-noida.com
Data               : {}
Index              : 35235193
Category           : (13824)
CategoryNumber     : 13824
EntryType          : SuccessAudit
Message            : A user account was created.

                     Subject:
                         Security ID:        S-1-5-21-2373504117-2689643630-3100359099-10155
                         Account Name:        ranjeetit
                         Account Domain:        MAS-NOIDA
                         Logon ID:        0xd0575e0a

                     New Account:
                         Security ID:        S-1-5-21-2373504117-2689643630-3100359099-15602
                         Account Name:        MAS53364
                         Account Domain:        MAS-NOIDA

                     Attributes:
                         SAM Account Name:    MAS53364
                         Display Name:        AMIT KUMAR MAS53364
                         User Principal Name:    MAS53364@mas-noida.com
                         Home Directory:        -
                         Home Drive:        -
                         Script Path:        -
                         Profile Path:        -
                         User Workstations:    -
                         Password Last Set:    %%1794
                         Account Expires:        %%1794
                         Primary Group ID:    513
                         Allowed To Delegate To:    -
                         Old UAC Value:        0x0
                         New UAC Value:        0x15
                         User Account Control:
                             %%2080
                             %%2082
                             %%2084
                         User Parameters:    -
                         SID History:        -
                         Logon Hours:        %%1793

                     Additional Information:
                         Privileges        -
Source             : Microsoft-Windows-Security-Auditing
ReplacementStrings : {MAS53364, MAS-NOIDA, S-1-5-21-2373504117-2689643630-3100359099-15602,
                     S-1-5-21-2373504117-2689643630-3100359099-10155...}
InstanceId         : 4720
TimeGenerated      : 8/8/2023 4:25:46 PM
TimeWritten        : 8/8/2023 4:25:46 PM
UserName           :
Site               :
Container          :

EventID            : 4720
MachineName        : DC.mas-noida.com
Data               : {}
Index              : 35234979
Category           : (13824)
CategoryNumber     : 13824
EntryType          : SuccessAudit
Message            : A user account was created.

                     Subject:
                         Security ID:        S-1-5-21-2373504117-2689643630-3100359099-10155
                         Account Name:        ranjeetit
                         Account Domain:        MAS-NOIDA
                         Logon ID:        0xd0575e0a

                     New Account:
                         Security ID:        S-1-5-21-2373504117-2689643630-3100359099-15601
                         Account Name:        MAS53363
                         Account Domain:        MAS-NOIDA

                     Attributes:
                         SAM Account Name:    MAS53363
                         Display Name:        RAHUL VERMA MAS53363
                         User Principal Name:    MAS53363@mas-noida.com
                         Home Directory:        -
                         Home Drive:        -
                         Script Path:        -
                         Profile Path:        -
                         User Workstations:    -
                         Password Last Set:    %%1794
                         Account Expires:        %%1794
                         Primary Group ID:    513
                         Allowed To Delegate To:    -
                         Old UAC Value:        0x0
                         New UAC Value:        0x15
                         User Account Control:
                             %%2080
                             %%2082
                             %%2084
                         User Parameters:    -
                         SID History:        -
                         Logon Hours:        %%1793

                     Additional Information:
                         Privileges        -
Source             : Microsoft-Windows-Security-Auditing
ReplacementStrings : {MAS53363, MAS-NOIDA, S-1-5-21-2373504117-2689643630-3100359099-15601,
                     S-1-5-21-2373504117-2689643630-3100359099-10155...}
InstanceId         : 4720
TimeGenerated      : 8/8/2023 4:24:24 PM
TimeWritten        : 8/8/2023 4:24:24 PM
UserName           :
Site               :
Container          :

EventID            : 4720
MachineName        : DC.mas-noida.com
Data               : {}
Index              : 35234790
Category           : (13824)
CategoryNumber     : 13824
EntryType          : SuccessAudit
Message            : A user account was created.

                     Subject:
                         Security ID:        S-1-5-21-2373504117-2689643630-3100359099-10155
                         Account Name:        ranjeetit
                         Account Domain:        MAS-NOIDA
                         Logon ID:        0xd0575e0a

                     New Account:
                         Security ID:        S-1-5-21-2373504117-2689643630-3100359099-15100
                         Account Name:        MAS53362
                         Account Domain:        MAS-NOIDA

                     Attributes:
                         SAM Account Name:    MAS53362
                         Display Name:        SANGAM YADAV MAS53362
                         User Principal Name:    MAS53362@mas-noida.com
                         Home Directory:        -
                         Home Drive:        -
                         Script Path:        -
                         Profile Path:        -
                         User Workstations:    -
                         Password Last Set:    %%1794
                         Account Expires:        %%1794
                         Primary Group ID:    513
                         Allowed To Delegate To:    -
                         Old UAC Value:        0x0
                         New UAC Value:        0x15
                         User Account Control:
                             %%2080
                             %%2082
                             %%2084
                         User Parameters:    -
                         SID History:        -
                         Logon Hours:        %%1793

                     Additional Information:
                         Privileges        -
Source             : Microsoft-Windows-Security-Auditing
ReplacementStrings : {MAS53362, MAS-NOIDA, S-1-5-21-2373504117-2689643630-3100359099-15100,
                     S-1-5-21-2373504117-2689643630-3100359099-10155...}
InstanceId         : 4720
TimeGenerated      : 8/8/2023 4:23:29 PM
TimeWritten        : 8/8/2023 4:23:29 PM
UserName           :
Site               :
Container          :

EventID            : 4720
MachineName        : DC.mas-noida.com
Data               : {}
Index              : 35234599
Category           : (13824)
CategoryNumber     : 13824
EntryType          : SuccessAudit
Message            : A user account was created.

                     Subject:
                         Security ID:        S-1-5-21-2373504117-2689643630-3100359099-10155
                         Account Name:        ranjeetit
                         Account Domain:        MAS-NOIDA
                         Logon ID:        0xd0575e0a

                     New Account:
                         Security ID:        S-1-5-21-2373504117-2689643630-3100359099-15099
                         Account Name:        MAS53361
                         Account Domain:        MAS-NOIDA

                     Attributes:
                         SAM Account Name:    MAS53361
                         Display Name:        ANAND KUMAR MAS53361
                         User Principal Name:    MAS53361@mas-noida.com
                         Home Directory:        -
                         Home Drive:        -
                         Script Path:        -
                         Profile Path:        -
                         User Workstations:    -
                         Password Last Set:    %%1794
                         Account Expires:        %%1794
                         Primary Group ID:    513
                         Allowed To Delegate To:    -
                         Old UAC Value:        0x0
                         New UAC Value:        0x15
                         User Account Control:
                             %%2080
                             %%2082
                             %%2084
                         User Parameters:    -
                         SID History:        -
                         Logon Hours:        %%1793

                     Additional Information:
                         Privileges        -
Source             : Microsoft-Windows-Security-Auditing
ReplacementStrings : {MAS53361, MAS-NOIDA, S-1-5-21-2373504117-2689643630-3100359099-15099,
                     S-1-5-21-2373504117-2689643630-3100359099-10155...}
InstanceId         : 4720
TimeGenerated      : 8/8/2023 4:22:37 PM
TimeWritten        : 8/8/2023 4:22:37 PM
UserName           :
Site               :
Container          :

EventID            : 4720
MachineName        : DC.mas-noida.com
Data               : {}
Index              : 35234399
Category           : (13824)
CategoryNumber     : 13824
EntryType          : SuccessAudit
Message            : A user account was created.

                     Subject:
                         Security ID:        S-1-5-21-2373504117-2689643630-3100359099-10155
                         Account Name:        ranjeetit
                         Account Domain:        MAS-NOIDA
                         Logon ID:        0xd0575e0a

                     New Account:
                         Security ID:        S-1-5-21-2373504117-2689643630-3100359099-15098
                         Account Name:        MAS53360
                         Account Domain:        MAS-NOIDA

                     Attributes:
                         SAM Account Name:    MAS53360
                         Display Name:        AKASH SHARMA MAS53360
                         User Principal Name:    MAS53360@mas-noida.com
                         Home Directory:        -
                         Home Drive:        -
                         Script Path:        -
                         Profile Path:        -
                         User Workstations:    -
                         Password Last Set:    %%1794
                         Account Expires:        %%1794
                         Primary Group ID:    513
                         Allowed To Delegate To:    -
                         Old UAC Value:        0x0
                         New UAC Value:        0x15
                         User Account Control:
                             %%2080
                             %%2082
                             %%2084
                         User Parameters:    -
                         SID History:        -
                         Logon Hours:        %%1793

                     Additional Information:
                         Privileges        -
Source             : Microsoft-Windows-Security-Auditing
ReplacementStrings : {MAS53360, MAS-NOIDA, S-1-5-21-2373504117-2689643630-3100359099-15098,
                     S-1-5-21-2373504117-2689643630-3100359099-10155...}
InstanceId         : 4720
TimeGenerated      : 8/8/2023 4:21:52 PM
TimeWritten        : 8/8/2023 4:21:52 PM
UserName           :
Site               :
Container          :

