EventID            : 4720
MachineName        : DC.mas-noida.com
Data               : {}
Index              : 40042376
Category           : (13824)
CategoryNumber     : 13824
EntryType          : SuccessAudit
Message            : A user account was created.

                     Subject:
                         Security ID:        S-1-5-21-2373504117-2689643630-3100359099-1499
                         Account Name:        anupk
                         Account Domain:        MAS-NOIDA
                         Logon ID:        0x187c0e1d6

                     New Account:
                         Security ID:        S-1-5-21-2373504117-2689643630-3100359099-15875
                         Account Name:        MAS53670
                         Account Domain:        MAS-NOIDA

                     Attributes:
                         SAM Account Name:    MAS53670
                         Display Name:        ABHISHEK KUMAR UPADHYAY
                         User Principal Name:    MAS53670@mas-noida.com
                         Home Directory:        -
                         Home Drive:        -
                         Script Path:        -
                         Profile Path:        -
                         User Workstations:    -
                         Password Last Set:    %%1794
                         Account Expires:        %%1794
                         Primary Group ID:    513
                         Allowed To Delegate To:    -
                         Old UAC Value:        0x0
                         New UAC Value:        0x15
                         User Account Control:
                             %%2080
                             %%2082
                             %%2084
                         User Parameters:    -
                         SID History:        -
                         Logon Hours:        %%1793

                     Additional Information:
                         Privileges        -
Source             : Microsoft-Windows-Security-Auditing
ReplacementStrings : {MAS53670, MAS-NOIDA, S-1-5-21-2373504117-2689643630-3100359099-15875,
                     S-1-5-21-2373504117-2689643630-3100359099-1499...}
InstanceId         : 4720
TimeGenerated      : 9/2/2023 4:29:55 PM
TimeWritten        : 9/2/2023 4:29:55 PM
UserName           :
Site               :
Container          :

EventID            : 4720
MachineName        : DC.mas-noida.com
Data               : {}
Index              : 40042319
Category           : (13824)
CategoryNumber     : 13824
EntryType          : SuccessAudit
Message            : A user account was created.

                     Subject:
                         Security ID:        S-1-5-21-2373504117-2689643630-3100359099-1499
                         Account Name:        anupk
                         Account Domain:        MAS-NOIDA
                         Logon ID:        0x187c0e1d6

                     New Account:
                         Security ID:        S-1-5-21-2373504117-2689643630-3100359099-15874
                         Account Name:        MAS53670
                         Account Domain:        MAS-NOIDA

                     Attributes:
                         SAM Account Name:    MAS53670
                         Display Name:        ABHISHEK KUMAR UPADHYAY
                         User Principal Name:    MAS53670@mas-noida.com
                         Home Directory:        -
                         Home Drive:        -
                         Script Path:        -
                         Profile Path:        -
                         User Workstations:    -
                         Password Last Set:    %%1794
                         Account Expires:        %%1794
                         Primary Group ID:    513
                         Allowed To Delegate To:    -
                         Old UAC Value:        0x0
                         New UAC Value:        0x15
                         User Account Control:
                             %%2080
                             %%2082
                             %%2084
                         User Parameters:    -
                         SID History:        -
                         Logon Hours:        %%1793

                     Additional Information:
                         Privileges        -
Source             : Microsoft-Windows-Security-Auditing
ReplacementStrings : {MAS53670, MAS-NOIDA, S-1-5-21-2373504117-2689643630-3100359099-15874,
                     S-1-5-21-2373504117-2689643630-3100359099-1499...}
InstanceId         : 4720
TimeGenerated      : 9/2/2023 4:29:45 PM
TimeWritten        : 9/2/2023 4:29:45 PM
UserName           :
Site               :
Container          :

EventID            : 4720
MachineName        : DC.mas-noida.com
Data               : {}
Index              : 40042246
Category           : (13824)
CategoryNumber     : 13824
EntryType          : SuccessAudit
Message            : A user account was created.

                     Subject:
                         Security ID:        S-1-5-21-2373504117-2689643630-3100359099-1499
                         Account Name:        anupk
                         Account Domain:        MAS-NOIDA
                         Logon ID:        0x187c0e1d6

                     New Account:
                         Security ID:        S-1-5-21-2373504117-2689643630-3100359099-15873
                         Account Name:        MAS53669
                         Account Domain:        MAS-NOIDA

                     Attributes:
                         SAM Account Name:    MAS53669
                         Display Name:        DEEPAK 2
                         User Principal Name:    MAS53669@mas-noida.com
                         Home Directory:        -
                         Home Drive:        -
                         Script Path:        -
                         Profile Path:        -
                         User Workstations:    -
                         Password Last Set:    %%1794
                         Account Expires:        %%1794
                         Primary Group ID:    513
                         Allowed To Delegate To:    -
                         Old UAC Value:        0x0
                         New UAC Value:        0x15
                         User Account Control:
                             %%2080
                             %%2082
                             %%2084
                         User Parameters:    -
                         SID History:        -
                         Logon Hours:        %%1793

                     Additional Information:
                         Privileges        -
Source             : Microsoft-Windows-Security-Auditing
ReplacementStrings : {MAS53669, MAS-NOIDA, S-1-5-21-2373504117-2689643630-3100359099-15873,
                     S-1-5-21-2373504117-2689643630-3100359099-1499...}
InstanceId         : 4720
TimeGenerated      : 9/2/2023 4:29:26 PM
TimeWritten        : 9/2/2023 4:29:26 PM
UserName           :
Site               :
Container          :

EventID            : 4720
MachineName        : DC.mas-noida.com
Data               : {}
Index              : 40042040
Category           : (13824)
CategoryNumber     : 13824
EntryType          : SuccessAudit
Message            : A user account was created.

                     Subject:
                         Security ID:        S-1-5-21-2373504117-2689643630-3100359099-1499
                         Account Name:        anupk
                         Account Domain:        MAS-NOIDA
                         Logon ID:        0x187c0e1d6

                     New Account:
                         Security ID:        S-1-5-21-2373504117-2689643630-3100359099-15872
                         Account Name:        MAS53668
                         Account Domain:        MAS-NOIDA

                     Attributes:
                         SAM Account Name:    MAS53668
                         Display Name:        DEEPAK PAL
                         User Principal Name:    MAS53668@mas-noida.com
                         Home Directory:        -
                         Home Drive:        -
                         Script Path:        -
                         Profile Path:        -
                         User Workstations:    -
                         Password Last Set:    %%1794
                         Account Expires:        %%1794
                         Primary Group ID:    513
                         Allowed To Delegate To:    -
                         Old UAC Value:        0x0
                         New UAC Value:        0x15
                         User Account Control:
                             %%2080
                             %%2082
                             %%2084
                         User Parameters:    -
                         SID History:        -
                         Logon Hours:        %%1793

                     Additional Information:
                         Privileges        -
Source             : Microsoft-Windows-Security-Auditing
ReplacementStrings : {MAS53668, MAS-NOIDA, S-1-5-21-2373504117-2689643630-3100359099-15872,
                     S-1-5-21-2373504117-2689643630-3100359099-1499...}
InstanceId         : 4720
TimeGenerated      : 9/2/2023 4:28:10 PM
TimeWritten        : 9/2/2023 4:28:10 PM
UserName           :
Site               :
Container          :

EventID            : 4720
MachineName        : DC.mas-noida.com
Data               : {}
Index              : 40041930
Category           : (13824)
CategoryNumber     : 13824
EntryType          : SuccessAudit
Message            : A user account was created.

                     Subject:
                         Security ID:        S-1-5-21-2373504117-2689643630-3100359099-1499
                         Account Name:        anupk
                         Account Domain:        MAS-NOIDA
                         Logon ID:        0x187c0e1d6

                     New Account:
                         Security ID:        S-1-5-21-2373504117-2689643630-3100359099-15871
                         Account Name:        MAS53667
                         Account Domain:        MAS-NOIDA

                     Attributes:
                         SAM Account Name:    MAS53667
                         Display Name:        VASU
                         User Principal Name:    MAS53667@mas-noida.com
                         Home Directory:        -
                         Home Drive:        -
                         Script Path:        -
                         Profile Path:        -
                         User Workstations:    -
                         Password Last Set:    %%1794
                         Account Expires:        %%1794
                         Primary Group ID:    513
                         Allowed To Delegate To:    -
                         Old UAC Value:        0x0
                         New UAC Value:        0x15
                         User Account Control:
                             %%2080
                             %%2082
                             %%2084
                         User Parameters:    -
                         SID History:        -
                         Logon Hours:        %%1793

                     Additional Information:
                         Privileges        -
Source             : Microsoft-Windows-Security-Auditing
ReplacementStrings : {MAS53667, MAS-NOIDA, S-1-5-21-2373504117-2689643630-3100359099-15871,
                     S-1-5-21-2373504117-2689643630-3100359099-1499...}
InstanceId         : 4720
TimeGenerated      : 9/2/2023 4:27:39 PM
TimeWritten        : 9/2/2023 4:27:39 PM
UserName           :
Site               :
Container          :

EventID            : 4720
MachineName        : DC.mas-noida.com
Data               : {}
Index              : 40041841
Category           : (13824)
CategoryNumber     : 13824
EntryType          : SuccessAudit
Message            : A user account was created.

                     Subject:
                         Security ID:        S-1-5-21-2373504117-2689643630-3100359099-1499
                         Account Name:        anupk
                         Account Domain:        MAS-NOIDA
                         Logon ID:        0x187c0e1d6

                     New Account:
                         Security ID:        S-1-5-21-2373504117-2689643630-3100359099-15870
                         Account Name:        MAS53666
                         Account Domain:        MAS-NOIDA

                     Attributes:
                         SAM Account Name:    MAS53666
                         Display Name:        MANISH KUMAR
                         User Principal Name:    MAS53666@mas-noida.com
                         Home Directory:        -
                         Home Drive:        -
                         Script Path:        -
                         Profile Path:        -
                         User Workstations:    -
                         Password Last Set:    %%1794
                         Account Expires:        %%1794
                         Primary Group ID:    513
                         Allowed To Delegate To:    -
                         Old UAC Value:        0x0
                         New UAC Value:        0x15
                         User Account Control:
                             %%2080
                             %%2082
                             %%2084
                         User Parameters:    -
                         SID History:        -
                         Logon Hours:        %%1793

                     Additional Information:
                         Privileges        -
Source             : Microsoft-Windows-Security-Auditing
ReplacementStrings : {MAS53666, MAS-NOIDA, S-1-5-21-2373504117-2689643630-3100359099-15870,
                     S-1-5-21-2373504117-2689643630-3100359099-1499...}
InstanceId         : 4720
TimeGenerated      : 9/2/2023 4:27:13 PM
TimeWritten        : 9/2/2023 4:27:13 PM
UserName           :
Site               :
Container          :

EventID            : 4720
MachineName        : DC.mas-noida.com
Data               : {}
Index              : 40041735
Category           : (13824)
CategoryNumber     : 13824
EntryType          : SuccessAudit
Message            : A user account was created.

                     Subject:
                         Security ID:        S-1-5-21-2373504117-2689643630-3100359099-1499
                         Account Name:        anupk
                         Account Domain:        MAS-NOIDA
                         Logon ID:        0x187c0e1d6

                     New Account:
                         Security ID:        S-1-5-21-2373504117-2689643630-3100359099-15869
                         Account Name:        MAS53665
                         Account Domain:        MAS-NOIDA

                     Attributes:
                         SAM Account Name:    MAS53665
                         Display Name:        SUMIT SINGH CHAUHAN
                         User Principal Name:    MAS53665@mas-noida.com
                         Home Directory:        -
                         Home Drive:        -
                         Script Path:        -
                         Profile Path:        -
                         User Workstations:    -
                         Password Last Set:    %%1794
                         Account Expires:        %%1794
                         Primary Group ID:    513
                         Allowed To Delegate To:    -
                         Old UAC Value:        0x0
                         New UAC Value:        0x15
                         User Account Control:
                             %%2080
                             %%2082
                             %%2084
                         User Parameters:    -
                         SID History:        -
                         Logon Hours:        %%1793

                     Additional Information:
                         Privileges        -
Source             : Microsoft-Windows-Security-Auditing
ReplacementStrings : {MAS53665, MAS-NOIDA, S-1-5-21-2373504117-2689643630-3100359099-15869,
                     S-1-5-21-2373504117-2689643630-3100359099-1499...}
InstanceId         : 4720
TimeGenerated      : 9/2/2023 4:26:33 PM
TimeWritten        : 9/2/2023 4:26:33 PM
UserName           :
Site               :
Container          :

EventID            : 4720
MachineName        : DC.mas-noida.com
Data               : {}
Index              : 40041617
Category           : (13824)
CategoryNumber     : 13824
EntryType          : SuccessAudit
Message            : A user account was created.

                     Subject:
                         Security ID:        S-1-5-21-2373504117-2689643630-3100359099-1499
                         Account Name:        anupk
                         Account Domain:        MAS-NOIDA
                         Logon ID:        0x187c0e1d6

                     New Account:
                         Security ID:        S-1-5-21-2373504117-2689643630-3100359099-15868
                         Account Name:        MAS53664
                         Account Domain:        MAS-NOIDA

                     Attributes:
                         SAM Account Name:    MAS53664
                         Display Name:        FARMAN
                         User Principal Name:    MAS53664@mas-noida.com
                         Home Directory:        -
                         Home Drive:        -
                         Script Path:        -
                         Profile Path:        -
                         User Workstations:    -
                         Password Last Set:    %%1794
                         Account Expires:        %%1794
                         Primary Group ID:    513
                         Allowed To Delegate To:    -
                         Old UAC Value:        0x0
                         New UAC Value:        0x15
                         User Account Control:
                             %%2080
                             %%2082
                             %%2084
                         User Parameters:    -
                         SID History:        -
                         Logon Hours:        %%1793

                     Additional Information:
                         Privileges        -
Source             : Microsoft-Windows-Security-Auditing
ReplacementStrings : {MAS53664, MAS-NOIDA, S-1-5-21-2373504117-2689643630-3100359099-15868,
                     S-1-5-21-2373504117-2689643630-3100359099-1499...}
InstanceId         : 4720
TimeGenerated      : 9/2/2023 4:26:01 PM
TimeWritten        : 9/2/2023 4:26:01 PM
UserName           :
Site               :
Container          :

EventID            : 4720
MachineName        : DC.mas-noida.com
Data               : {}
Index              : 40041501
Category           : (13824)
CategoryNumber     : 13824
EntryType          : SuccessAudit
Message            : A user account was created.

                     Subject:
                         Security ID:        S-1-5-21-2373504117-2689643630-3100359099-1499
                         Account Name:        anupk
                         Account Domain:        MAS-NOIDA
                         Logon ID:        0x187c0e1d6

                     New Account:
                         Security ID:        S-1-5-21-2373504117-2689643630-3100359099-15867
                         Account Name:        MAS53663
                         Account Domain:        MAS-NOIDA

                     Attributes:
                         SAM Account Name:    MAS53663
                         Display Name:        SHIVAM PATEL
                         User Principal Name:    MAS53663@mas-noida.com
                         Home Directory:        -
                         Home Drive:        -
                         Script Path:        -
                         Profile Path:        -
                         User Workstations:    -
                         Password Last Set:    %%1794
                         Account Expires:        %%1794
                         Primary Group ID:    513
                         Allowed To Delegate To:    -
                         Old UAC Value:        0x0
                         New UAC Value:        0x15
                         User Account Control:
                             %%2080
                             %%2082
                             %%2084
                         User Parameters:    -
                         SID History:        -
                         Logon Hours:        %%1793

                     Additional Information:
                         Privileges        -
Source             : Microsoft-Windows-Security-Auditing
ReplacementStrings : {MAS53663, MAS-NOIDA, S-1-5-21-2373504117-2689643630-3100359099-15867,
                     S-1-5-21-2373504117-2689643630-3100359099-1499...}
InstanceId         : 4720
TimeGenerated      : 9/2/2023 4:25:29 PM
TimeWritten        : 9/2/2023 4:25:29 PM
UserName           :
Site               :
Container          :

EventID            : 4720
MachineName        : DC.mas-noida.com
Data               : {}
Index              : 40041372
Category           : (13824)
CategoryNumber     : 13824
EntryType          : SuccessAudit
Message            : A user account was created.

                     Subject:
                         Security ID:        S-1-5-21-2373504117-2689643630-3100359099-1499
                         Account Name:        anupk
                         Account Domain:        MAS-NOIDA
                         Logon ID:        0x187c0e1d6

                     New Account:
                         Security ID:        S-1-5-21-2373504117-2689643630-3100359099-15866
                         Account Name:        MAS53662
                         Account Domain:        MAS-NOIDA

                     Attributes:
                         SAM Account Name:    MAS53662
                         Display Name:        SUSHIL KUMAR
                         User Principal Name:    MAS53662@mas-noida.com
                         Home Directory:        -
                         Home Drive:        -
                         Script Path:        -
                         Profile Path:        -
                         User Workstations:    -
                         Password Last Set:    %%1794
                         Account Expires:        %%1794
                         Primary Group ID:    513
                         Allowed To Delegate To:    -
                         Old UAC Value:        0x0
                         New UAC Value:        0x15
                         User Account Control:
                             %%2080
                             %%2082
                             %%2084
                         User Parameters:    -
                         SID History:        -
                         Logon Hours:        %%1793

                     Additional Information:
                         Privileges        -
Source             : Microsoft-Windows-Security-Auditing
ReplacementStrings : {MAS53662, MAS-NOIDA, S-1-5-21-2373504117-2689643630-3100359099-15866,
                     S-1-5-21-2373504117-2689643630-3100359099-1499...}
InstanceId         : 4720
TimeGenerated      : 9/2/2023 4:24:59 PM
TimeWritten        : 9/2/2023 4:24:59 PM
UserName           :
Site               :
Container          :

EventID            : 4720
MachineName        : DC.mas-noida.com
Data               : {}
Index              : 40040703
Category           : (13824)
CategoryNumber     : 13824
EntryType          : SuccessAudit
Message            : A user account was created.

                     Subject:
                         Security ID:        S-1-5-21-2373504117-2689643630-3100359099-1499
                         Account Name:        anupk
                         Account Domain:        MAS-NOIDA
                         Logon ID:        0x187c0e1d6

                     New Account:
                         Security ID:        S-1-5-21-2373504117-2689643630-3100359099-15865
                         Account Name:        MAS53661
                         Account Domain:        MAS-NOIDA

                     Attributes:
                         SAM Account Name:    MAS53661
                         Display Name:        AKASH SHARMA
                         User Principal Name:    MAS53661@mas-noida.com
                         Home Directory:        -
                         Home Drive:        -
                         Script Path:        -
                         Profile Path:        -
                         User Workstations:    -
                         Password Last Set:    %%1794
                         Account Expires:        %%1794
                         Primary Group ID:    513
                         Allowed To Delegate To:    -
                         Old UAC Value:        0x0
                         New UAC Value:        0x15
                         User Account Control:
                             %%2080
                             %%2082
                             %%2084
                         User Parameters:    -
                         SID History:        -
                         Logon Hours:        %%1793

                     Additional Information:
                         Privileges        -
Source             : Microsoft-Windows-Security-Auditing
ReplacementStrings : {MAS53661, MAS-NOIDA, S-1-5-21-2373504117-2689643630-3100359099-15865,
                     S-1-5-21-2373504117-2689643630-3100359099-1499...}
InstanceId         : 4720
TimeGenerated      : 9/2/2023 4:20:35 PM
TimeWritten        : 9/2/2023 4:20:35 PM
UserName           :
Site               :
Container          :

EventID            : 4720
MachineName        : DC.mas-noida.com
Data               : {}
Index              : 40040568
Category           : (13824)
CategoryNumber     : 13824
EntryType          : SuccessAudit
Message            : A user account was created.

                     Subject:
                         Security ID:        S-1-5-21-2373504117-2689643630-3100359099-1499
                         Account Name:        anupk
                         Account Domain:        MAS-NOIDA
                         Logon ID:        0x187c0e1d6

                     New Account:
                         Security ID:        S-1-5-21-2373504117-2689643630-3100359099-15864
                         Account Name:        MAS53660
                         Account Domain:        MAS-NOIDA

                     Attributes:
                         SAM Account Name:    MAS53660
                         Display Name:        GOVIND KUMAR MAURYA
                         User Principal Name:    MAS53660@mas-noida.com
                         Home Directory:        -
                         Home Drive:        -
                         Script Path:        -
                         Profile Path:        -
                         User Workstations:    -
                         Password Last Set:    %%1794
                         Account Expires:        %%1794
                         Primary Group ID:    513
                         Allowed To Delegate To:    -
                         Old UAC Value:        0x0
                         New UAC Value:        0x15
                         User Account Control:
                             %%2080
                             %%2082
                             %%2084
                         User Parameters:    -
                         SID History:        -
                         Logon Hours:        %%1793

                     Additional Information:
                         Privileges        -
Source             : Microsoft-Windows-Security-Auditing
ReplacementStrings : {MAS53660, MAS-NOIDA, S-1-5-21-2373504117-2689643630-3100359099-15864,
                     S-1-5-21-2373504117-2689643630-3100359099-1499...}
InstanceId         : 4720
TimeGenerated      : 9/2/2023 4:20:03 PM
TimeWritten        : 9/2/2023 4:20:03 PM
UserName           :
Site               :
Container          :

EventID            : 4720
MachineName        : DC.mas-noida.com
Data               : {}
Index              : 40040441
Category           : (13824)
CategoryNumber     : 13824
EntryType          : SuccessAudit
Message            : A user account was created.

                     Subject:
                         Security ID:        S-1-5-21-2373504117-2689643630-3100359099-1499
                         Account Name:        anupk
                         Account Domain:        MAS-NOIDA
                         Logon ID:        0x187c0e1d6

                     New Account:
                         Security ID:        S-1-5-21-2373504117-2689643630-3100359099-15863
                         Account Name:        MAS53659
                         Account Domain:        MAS-NOIDA

                     Attributes:
                         SAM Account Name:    MAS53659
                         Display Name:        TABREZ ALAM
                         User Principal Name:    MAS53659@mas-noida.com
                         Home Directory:        -
                         Home Drive:        -
                         Script Path:        -
                         Profile Path:        -
                         User Workstations:    -
                         Password Last Set:    %%1794
                         Account Expires:        %%1794
                         Primary Group ID:    513
                         Allowed To Delegate To:    -
                         Old UAC Value:        0x0
                         New UAC Value:        0x15
                         User Account Control:
                             %%2080
                             %%2082
                             %%2084
                         User Parameters:    -
                         SID History:        -
                         Logon Hours:        %%1793

                     Additional Information:
                         Privileges        -
Source             : Microsoft-Windows-Security-Auditing
ReplacementStrings : {MAS53659, MAS-NOIDA, S-1-5-21-2373504117-2689643630-3100359099-15863,
                     S-1-5-21-2373504117-2689643630-3100359099-1499...}
InstanceId         : 4720
TimeGenerated      : 9/2/2023 4:19:30 PM
TimeWritten        : 9/2/2023 4:19:30 PM
UserName           :
Site               :
Container          :

EventID            : 4720
MachineName        : DC.mas-noida.com
Data               : {}
Index              : 40040291
Category           : (13824)
CategoryNumber     : 13824
EntryType          : SuccessAudit
Message            : A user account was created.

                     Subject:
                         Security ID:        S-1-5-21-2373504117-2689643630-3100359099-1499
                         Account Name:        anupk
                         Account Domain:        MAS-NOIDA
                         Logon ID:        0x187c0e1d6

                     New Account:
                         Security ID:        S-1-5-21-2373504117-2689643630-3100359099-15862
                         Account Name:        MAS53658
                         Account Domain:        MAS-NOIDA

                     Attributes:
                         SAM Account Name:    MAS53658
                         Display Name:        MOHD.RAUF TYAGI
                         User Principal Name:    MAS53658@mas-noida.com
                         Home Directory:        -
                         Home Drive:        -
                         Script Path:        -
                         Profile Path:        -
                         User Workstations:    -
                         Password Last Set:    %%1794
                         Account Expires:        %%1794
                         Primary Group ID:    513
                         Allowed To Delegate To:    -
                         Old UAC Value:        0x0
                         New UAC Value:        0x15
                         User Account Control:
                             %%2080
                             %%2082
                             %%2084
                         User Parameters:    -
                         SID History:        -
                         Logon Hours:        %%1793

                     Additional Information:
                         Privileges        -
Source             : Microsoft-Windows-Security-Auditing
ReplacementStrings : {MAS53658, MAS-NOIDA, S-1-5-21-2373504117-2689643630-3100359099-15862,
                     S-1-5-21-2373504117-2689643630-3100359099-1499...}
InstanceId         : 4720
TimeGenerated      : 9/2/2023 4:18:40 PM
TimeWritten        : 9/2/2023 4:18:40 PM
UserName           :
Site               :
Container          :

EventID            : 4720
MachineName        : DC.mas-noida.com
Data               : {}
Index              : 40040197
Category           : (13824)
CategoryNumber     : 13824
EntryType          : SuccessAudit
Message            : A user account was created.

                     Subject:
                         Security ID:        S-1-5-21-2373504117-2689643630-3100359099-1499
                         Account Name:        anupk
                         Account Domain:        MAS-NOIDA
                         Logon ID:        0x187c0e1d6

                     New Account:
                         Security ID:        S-1-5-21-2373504117-2689643630-3100359099-15861
                         Account Name:        MAS53657
                         Account Domain:        MAS-NOIDA

                     Attributes:
                         SAM Account Name:    MAS53657
                         Display Name:        HARISH ADHIKARI
                         User Principal Name:    MAS53657@mas-noida.com
                         Home Directory:        -
                         Home Drive:        -
                         Script Path:        -
                         Profile Path:        -
                         User Workstations:    -
                         Password Last Set:    %%1794
                         Account Expires:        %%1794
                         Primary Group ID:    513
                         Allowed To Delegate To:    -
                         Old UAC Value:        0x0
                         New UAC Value:        0x15
                         User Account Control:
                             %%2080
                             %%2082
                             %%2084
                         User Parameters:    -
                         SID History:        -
                         Logon Hours:        %%1793

                     Additional Information:
                         Privileges        -
Source             : Microsoft-Windows-Security-Auditing
ReplacementStrings : {MAS53657, MAS-NOIDA, S-1-5-21-2373504117-2689643630-3100359099-15861,
                     S-1-5-21-2373504117-2689643630-3100359099-1499...}
InstanceId         : 4720
TimeGenerated      : 9/2/2023 4:18:08 PM
TimeWritten        : 9/2/2023 4:18:08 PM
UserName           :
Site               :
Container          :

EventID            : 4720
MachineName        : DC.mas-noida.com
Data               : {}
Index              : 40040065
Category           : (13824)
CategoryNumber     : 13824
EntryType          : SuccessAudit
Message            : A user account was created.

                     Subject:
                         Security ID:        S-1-5-21-2373504117-2689643630-3100359099-1499
                         Account Name:        anupk
                         Account Domain:        MAS-NOIDA
                         Logon ID:        0x187c0e1d6

                     New Account:
                         Security ID:        S-1-5-21-2373504117-2689643630-3100359099-15860
                         Account Name:        MAS53656
                         Account Domain:        MAS-NOIDA

                     Attributes:
                         SAM Account Name:    MAS53656
                         Display Name:        SATYA NARAYAN YADAV
                         User Principal Name:    MAS53656@mas-noida.com
                         Home Directory:        -
                         Home Drive:        -
                         Script Path:        -
                         Profile Path:        -
                         User Workstations:    -
                         Password Last Set:    %%1794
                         Account Expires:        %%1794
                         Primary Group ID:    513
                         Allowed To Delegate To:    -
                         Old UAC Value:        0x0
                         New UAC Value:        0x15
                         User Account Control:
                             %%2080
                             %%2082
                             %%2084
                         User Parameters:    -
                         SID History:        -
                         Logon Hours:        %%1793

                     Additional Information:
                         Privileges        -
Source             : Microsoft-Windows-Security-Auditing
ReplacementStrings : {MAS53656, MAS-NOIDA, S-1-5-21-2373504117-2689643630-3100359099-15860,
                     S-1-5-21-2373504117-2689643630-3100359099-1499...}
InstanceId         : 4720
TimeGenerated      : 9/2/2023 4:17:37 PM
TimeWritten        : 9/2/2023 4:17:37 PM
UserName           :
Site               :
Container          :

EventID            : 4720
MachineName        : DC.mas-noida.com
Data               : {}
Index              : 40039940
Category           : (13824)
CategoryNumber     : 13824
EntryType          : SuccessAudit
Message            : A user account was created.

                     Subject:
                         Security ID:        S-1-5-21-2373504117-2689643630-3100359099-1499
                         Account Name:        anupk
                         Account Domain:        MAS-NOIDA
                         Logon ID:        0x187c0e1d6

                     New Account:
                         Security ID:        S-1-5-21-2373504117-2689643630-3100359099-15859
                         Account Name:        MAS53655
                         Account Domain:        MAS-NOIDA

                     Attributes:
                         SAM Account Name:    MAS53655
                         Display Name:        ALOK SINGH GOUR
                         User Principal Name:    MAS53655@mas-noida.com
                         Home Directory:        -
                         Home Drive:        -
                         Script Path:        -
                         Profile Path:        -
                         User Workstations:    -
                         Password Last Set:    %%1794
                         Account Expires:        %%1794
                         Primary Group ID:    513
                         Allowed To Delegate To:    -
                         Old UAC Value:        0x0
                         New UAC Value:        0x15
                         User Account Control:
                             %%2080
                             %%2082
                             %%2084
                         User Parameters:    -
                         SID History:        -
                         Logon Hours:        %%1793

                     Additional Information:
                         Privileges        -
Source             : Microsoft-Windows-Security-Auditing
ReplacementStrings : {MAS53655, MAS-NOIDA, S-1-5-21-2373504117-2689643630-3100359099-15859,
                     S-1-5-21-2373504117-2689643630-3100359099-1499...}
InstanceId         : 4720
TimeGenerated      : 9/2/2023 4:17:06 PM
TimeWritten        : 9/2/2023 4:17:06 PM
UserName           :
Site               :
Container          :

EventID            : 4720
MachineName        : DC.mas-noida.com
Data               : {}
Index              : 40039682
Category           : (13824)
CategoryNumber     : 13824
EntryType          : SuccessAudit
Message            : A user account was created.

                     Subject:
                         Security ID:        S-1-5-21-2373504117-2689643630-3100359099-1499
                         Account Name:        anupk
                         Account Domain:        MAS-NOIDA
                         Logon ID:        0x187c0e1d6

                     New Account:
                         Security ID:        S-1-5-21-2373504117-2689643630-3100359099-15858
                         Account Name:        MAS53654
                         Account Domain:        MAS-NOIDA

                     Attributes:
                         SAM Account Name:    MAS53654
                         Display Name:        SUNNY BARWA
                         User Principal Name:    MAS53654@mas-noida.com
                         Home Directory:        -
                         Home Drive:        -
                         Script Path:        -
                         Profile Path:        -
                         User Workstations:    -
                         Password Last Set:    %%1794
                         Account Expires:        %%1794
                         Primary Group ID:    513
                         Allowed To Delegate To:    -
                         Old UAC Value:        0x0
                         New UAC Value:        0x15
                         User Account Control:
                             %%2080
                             %%2082
                             %%2084
                         User Parameters:    -
                         SID History:        -
                         Logon Hours:        %%1793

                     Additional Information:
                         Privileges        -
Source             : Microsoft-Windows-Security-Auditing
ReplacementStrings : {MAS53654, MAS-NOIDA, S-1-5-21-2373504117-2689643630-3100359099-15858,
                     S-1-5-21-2373504117-2689643630-3100359099-1499...}
InstanceId         : 4720
TimeGenerated      : 9/2/2023 4:15:47 PM
TimeWritten        : 9/2/2023 4:15:47 PM
UserName           :
Site               :
Container          :

