
EventID            : 4720
MachineName        : DC.mas-noida.com
Data               : {}
Index              : 42417383
Category           : (13824)
CategoryNumber     : 13824
EntryType          : SuccessAudit
Message            : A user account was created.

                     Subject:
                         Security ID:        S-1-5-21-2373504117-2689643630-3100359099-2600
                         Account Name:        prateeks
                         Account Domain:        MAS-NOIDA
                         Logon ID:        0x6988118

                     New Account:
                         Security ID:        S-1-5-21-2373504117-2689643630-3100359099-16004
                         Account Name:        MAS53806
                         Account Domain:        MAS-NOIDA

                     Attributes:
                         SAM Account Name:    MAS53806
                         Display Name:        NISHANT MAS53806
                         User Principal Name:    MAS53806@mas-noida.com
                         Home Directory:        -
                         Home Drive:        -
                         Script Path:        -
                         Profile Path:        -
                         User Workstations:    -
                         Password Last Set:    %%1794
                         Account Expires:        %%1794
                         Primary Group ID:    513
                         Allowed To Delegate To:    -
                         Old UAC Value:        0x0
                         New UAC Value:        0x15
                         User Account Control:
                             %%2080
                             %%2082
                             %%2084
                         User Parameters:    -
                         SID History:        -
                         Logon Hours:        %%1793

                     Additional Information:
                         Privileges        -
Source             : Microsoft-Windows-Security-Auditing
ReplacementStrings : {MAS53806, MAS-NOIDA, S-1-5-21-2373504117-2689643630-3100359099-16004,
                     S-1-5-21-2373504117-2689643630-3100359099-2600...}
InstanceId         : 4720
TimeGenerated      : 9/15/2023 1:01:24 AM
TimeWritten        : 9/15/2023 1:01:24 AM
UserName           :
Site               :
Container          :

EventID            : 4720
MachineName        : DC.mas-noida.com
Data               : {}
Index              : 42417304
Category           : (13824)
CategoryNumber     : 13824
EntryType          : SuccessAudit
Message            : A user account was created.

                     Subject:
                         Security ID:        S-1-5-21-2373504117-2689643630-3100359099-2600
                         Account Name:        prateeks
                         Account Domain:        MAS-NOIDA
                         Logon ID:        0x6988118

                     New Account:
                         Security ID:        S-1-5-21-2373504117-2689643630-3100359099-16003
                         Account Name:        MAS53805
                         Account Domain:        MAS-NOIDA

                     Attributes:
                         SAM Account Name:    MAS53805
                         Display Name:        AYUSH SHARMA MAS53805
                         User Principal Name:    MAS53805@mas-noida.com
                         Home Directory:        -
                         Home Drive:        -
                         Script Path:        -
                         Profile Path:        -
                         User Workstations:    -
                         Password Last Set:    %%1794
                         Account Expires:        %%1794
                         Primary Group ID:    513
                         Allowed To Delegate To:    -
                         Old UAC Value:        0x0
                         New UAC Value:        0x15
                         User Account Control:
                             %%2080
                             %%2082
                             %%2084
                         User Parameters:    -
                         SID History:        -
                         Logon Hours:        %%1793

                     Additional Information:
                         Privileges        -
Source             : Microsoft-Windows-Security-Auditing
ReplacementStrings : {MAS53805, MAS-NOIDA, S-1-5-21-2373504117-2689643630-3100359099-16003,
                     S-1-5-21-2373504117-2689643630-3100359099-2600...}
InstanceId         : 4720
TimeGenerated      : 9/15/2023 1:00:51 AM
TimeWritten        : 9/15/2023 1:00:51 AM
UserName           :
Site               :
Container          :

EventID            : 4720
MachineName        : DC.mas-noida.com
Data               : {}
Index              : 42417227
Category           : (13824)
CategoryNumber     : 13824
EntryType          : SuccessAudit
Message            : A user account was created.

                     Subject:
                         Security ID:        S-1-5-21-2373504117-2689643630-3100359099-2600
                         Account Name:        prateeks
                         Account Domain:        MAS-NOIDA
                         Logon ID:        0x6988118

                     New Account:
                         Security ID:        S-1-5-21-2373504117-2689643630-3100359099-16002
                         Account Name:        MAS53804
                         Account Domain:        MAS-NOIDA

                     Attributes:
                         SAM Account Name:    MAS53804
                         Display Name:        YOGESH SHARMA MAS53804
                         User Principal Name:    MAS53804@mas-noida.com
                         Home Directory:        -
                         Home Drive:        -
                         Script Path:        -
                         Profile Path:        -
                         User Workstations:    -
                         Password Last Set:    %%1794
                         Account Expires:        %%1794
                         Primary Group ID:    513
                         Allowed To Delegate To:    -
                         Old UAC Value:        0x0
                         New UAC Value:        0x15
                         User Account Control:
                             %%2080
                             %%2082
                             %%2084
                         User Parameters:    -
                         SID History:        -
                         Logon Hours:        %%1793

                     Additional Information:
                         Privileges        -
Source             : Microsoft-Windows-Security-Auditing
ReplacementStrings : {MAS53804, MAS-NOIDA, S-1-5-21-2373504117-2689643630-3100359099-16002,
                     S-1-5-21-2373504117-2689643630-3100359099-2600...}
InstanceId         : 4720
TimeGenerated      : 9/15/2023 12:59:58 AM
TimeWritten        : 9/15/2023 12:59:58 AM
UserName           :
Site               :
Container          :

EventID            : 4720
MachineName        : DC.mas-noida.com
Data               : {}
Index              : 42417173
Category           : (13824)
CategoryNumber     : 13824
EntryType          : SuccessAudit
Message            : A user account was created.

                     Subject:
                         Security ID:        S-1-5-21-2373504117-2689643630-3100359099-2600
                         Account Name:        prateeks
                         Account Domain:        MAS-NOIDA
                         Logon ID:        0x6988118

                     New Account:
                         Security ID:        S-1-5-21-2373504117-2689643630-3100359099-16001
                         Account Name:        MAS53803
                         Account Domain:        MAS-NOIDA

                     Attributes:
                         SAM Account Name:    MAS53803
                         Display Name:        SOURAV BASU MAS53803
                         User Principal Name:    MAS53803@mas-noida.com
                         Home Directory:        -
                         Home Drive:        -
                         Script Path:        -
                         Profile Path:        -
                         User Workstations:    -
                         Password Last Set:    %%1794
                         Account Expires:        %%1794
                         Primary Group ID:    513
                         Allowed To Delegate To:    -
                         Old UAC Value:        0x0
                         New UAC Value:        0x15
                         User Account Control:
                             %%2080
                             %%2082
                             %%2084
                         User Parameters:    -
                         SID History:        -
                         Logon Hours:        %%1793

                     Additional Information:
                         Privileges        -
Source             : Microsoft-Windows-Security-Auditing
ReplacementStrings : {MAS53803, MAS-NOIDA, S-1-5-21-2373504117-2689643630-3100359099-16001,
                     S-1-5-21-2373504117-2689643630-3100359099-2600...}
InstanceId         : 4720
TimeGenerated      : 9/15/2023 12:59:24 AM
TimeWritten        : 9/15/2023 12:59:24 AM
UserName           :
Site               :
Container          :

EventID            : 4720
MachineName        : DC.mas-noida.com
Data               : {}
Index              : 42417085
Category           : (13824)
CategoryNumber     : 13824
EntryType          : SuccessAudit
Message            : A user account was created.

                     Subject:
                         Security ID:        S-1-5-21-2373504117-2689643630-3100359099-2600
                         Account Name:        prateeks
                         Account Domain:        MAS-NOIDA
                         Logon ID:        0x6988118

                     New Account:
                         Security ID:        S-1-5-21-2373504117-2689643630-3100359099-16000
                         Account Name:        MAS53802
                         Account Domain:        MAS-NOIDA

                     Attributes:
                         SAM Account Name:    MAS53802
                         Display Name:        SAKSHAM BISHT MAS53802
                         User Principal Name:    MAS53802@mas-noida.com
                         Home Directory:        -
                         Home Drive:        -
                         Script Path:        -
                         Profile Path:        -
                         User Workstations:    -
                         Password Last Set:    %%1794
                         Account Expires:        %%1794
                         Primary Group ID:    513
                         Allowed To Delegate To:    -
                         Old UAC Value:        0x0
                         New UAC Value:        0x15
                         User Account Control:
                             %%2080
                             %%2082
                             %%2084
                         User Parameters:    -
                         SID History:        -
                         Logon Hours:        %%1793

                     Additional Information:
                         Privileges        -
Source             : Microsoft-Windows-Security-Auditing
ReplacementStrings : {MAS53802, MAS-NOIDA, S-1-5-21-2373504117-2689643630-3100359099-16000,
                     S-1-5-21-2373504117-2689643630-3100359099-2600...}
InstanceId         : 4720
TimeGenerated      : 9/15/2023 12:58:41 AM
TimeWritten        : 9/15/2023 12:58:41 AM
UserName           :
Site               :
Container          :

EventID            : 4720
MachineName        : DC.mas-noida.com
Data               : {}
Index              : 42417019
Category           : (13824)
CategoryNumber     : 13824
EntryType          : SuccessAudit
Message            : A user account was created.

                     Subject:
                         Security ID:        S-1-5-21-2373504117-2689643630-3100359099-2600
                         Account Name:        prateeks
                         Account Domain:        MAS-NOIDA
                         Logon ID:        0x6988118

                     New Account:
                         Security ID:        S-1-5-21-2373504117-2689643630-3100359099-15999
                         Account Name:        MAS53801
                         Account Domain:        MAS-NOIDA

                     Attributes:
                         SAM Account Name:    MAS53801
                         Display Name:        ANJALI GUPTA MAS53801
                         User Principal Name:    MAS53801@mas-noida.com
                         Home Directory:        -
                         Home Drive:        -
                         Script Path:        -
                         Profile Path:        -
                         User Workstations:    -
                         Password Last Set:    %%1794
                         Account Expires:        %%1794
                         Primary Group ID:    513
                         Allowed To Delegate To:    -
                         Old UAC Value:        0x0
                         New UAC Value:        0x15
                         User Account Control:
                             %%2080
                             %%2082
                             %%2084
                         User Parameters:    -
                         SID History:        -
                         Logon Hours:        %%1793

                     Additional Information:
                         Privileges        -
Source             : Microsoft-Windows-Security-Auditing
ReplacementStrings : {MAS53801, MAS-NOIDA, S-1-5-21-2373504117-2689643630-3100359099-15999,
                     S-1-5-21-2373504117-2689643630-3100359099-2600...}
InstanceId         : 4720
TimeGenerated      : 9/15/2023 12:58:04 AM
TimeWritten        : 9/15/2023 12:58:04 AM
UserName           :
Site               :
Container          :
