Windows PowerShell
Copyright (C) 2014 Microsoft Corporation. All rights reserved.

PS C:\Windows\system32> Get-EventLog -LogName Security | Where-Object {$_.EventID -eq 4720} | Select-Object -Property *


EventID            : 4720
MachineName        : DC.mas-noida.com
Data               : {}
Index              : 30475096
Category           : (13824)
CategoryNumber     : 13824
EntryType          : SuccessAudit
Message            : A user account was created.

                     Subject:
                         Security ID:        S-1-5-21-2373504117-2689643630-3100359099-2600
                         Account Name:        prateeks
                         Account Domain:        MAS-NOIDA
                         Logon ID:        0x5fda7b57

                     New Account:
                         Security ID:        S-1-5-21-2373504117-2689643630-3100359099-14901
                         Account Name:        MAS53089
                         Account Domain:        MAS-NOIDA

                     Attributes:
                         SAM Account Name:    MAS53089
                         Display Name:        KAJAL SHARMA MAS53089
                         User Principal Name:    MAS53089@mas-noida.com
                         Home Directory:        -
                         Home Drive:        -
                         Script Path:        -
                         Profile Path:        -
                         User Workstations:    -
                         Password Last Set:    %%1794
                         Account Expires:        %%1794
                         Primary Group ID:    513
                         Allowed To Delegate To:    -
                         Old UAC Value:        0x0
                         New UAC Value:        0x15
                         User Account Control:
                             %%2080
                             %%2082
                             %%2084
                         User Parameters:    -
                         SID History:        -
                         Logon Hours:        %%1793

                     Additional Information:
                         Privileges        -
Source             : Microsoft-Windows-Security-Auditing
ReplacementStrings : {MAS53089, MAS-NOIDA, S-1-5-21-2373504117-2689643630-3100359099-14901,
                     S-1-5-21-2373504117-2689643630-3100359099-2600...}
InstanceId         : 4720
TimeGenerated      : 7/12/2023 2:48:15 PM
TimeWritten        : 7/12/2023 2:48:15 PM
UserName           :
Site               :
Container          :

EventID            : 4720
MachineName        : DC.mas-noida.com
Data               : {}
Index              : 30474854
Category           : (13824)
CategoryNumber     : 13824
EntryType          : SuccessAudit
Message            : A user account was created.

                     Subject:
                         Security ID:        S-1-5-21-2373504117-2689643630-3100359099-2600
                         Account Name:        prateeks
                         Account Domain:        MAS-NOIDA
                         Logon ID:        0x5fda7b57

                     New Account:
                         Security ID:        S-1-5-21-2373504117-2689643630-3100359099-14900
                         Account Name:        MAS53088
                         Account Domain:        MAS-NOIDA

                     Attributes:
                         SAM Account Name:    MAS53088
                         Display Name:        KRUNAL SOLANKI MAS53088
                         User Principal Name:    MAS53088@mas-noida.com
                         Home Directory:        -
                         Home Drive:        -
                         Script Path:        -
                         Profile Path:        -
                         User Workstations:    -
                         Password Last Set:    %%1794
                         Account Expires:        %%1794
                         Primary Group ID:    513
                         Allowed To Delegate To:    -
                         Old UAC Value:        0x0
                         New UAC Value:        0x15
                         User Account Control:
                             %%2080
                             %%2082
                             %%2084
                         User Parameters:    -
                         SID History:        -
                         Logon Hours:        %%1793

                     Additional Information:
                         Privileges        -
Source             : Microsoft-Windows-Security-Auditing
ReplacementStrings : {MAS53088, MAS-NOIDA, S-1-5-21-2373504117-2689643630-3100359099-14900,
                     S-1-5-21-2373504117-2689643630-3100359099-2600...}
InstanceId         : 4720
TimeGenerated      : 7/12/2023 2:47:18 PM
TimeWritten        : 7/12/2023 2:47:18 PM
UserName           :
Site               :
Container          :

EventID            : 4720
MachineName        : DC.mas-noida.com
Data               : {}
Index              : 30474701
Category           : (13824)
CategoryNumber     : 13824
EntryType          : SuccessAudit
Message            : A user account was created.

                     Subject:
                         Security ID:        S-1-5-21-2373504117-2689643630-3100359099-2600
                         Account Name:        prateeks
                         Account Domain:        MAS-NOIDA
                         Logon ID:        0x5fda7b57

                     New Account:
                         Security ID:        S-1-5-21-2373504117-2689643630-3100359099-14899
                         Account Name:        MAS53087
                         Account Domain:        MAS-NOIDA

                     Attributes:
                         SAM Account Name:    MAS53087
                         Display Name:        RAJPUT VISHAL PRADIP SINGH MAS53087
                         User Principal Name:    MAS53087@mas-noida.com
                         Home Directory:        -
                         Home Drive:        -
                         Script Path:        -
                         Profile Path:        -
                         User Workstations:    -
                         Password Last Set:    %%1794
                         Account Expires:        %%1794
                         Primary Group ID:    513
                         Allowed To Delegate To:    -
                         Old UAC Value:        0x0
                         New UAC Value:        0x15
                         User Account Control:
                             %%2080
                             %%2082
                             %%2084
                         User Parameters:    -
                         SID History:        -
                         Logon Hours:        %%1793

                     Additional Information:
                         Privileges        -
Source             : Microsoft-Windows-Security-Auditing
ReplacementStrings : {MAS53087, MAS-NOIDA, S-1-5-21-2373504117-2689643630-3100359099-14899,
                     S-1-5-21-2373504117-2689643630-3100359099-2600...}
InstanceId         : 4720
TimeGenerated      : 7/12/2023 2:46:46 PM
TimeWritten        : 7/12/2023 2:46:46 PM
UserName           :
Site               :
Container          :

EventID            : 4720
MachineName        : DC.mas-noida.com
Data               : {}
Index              : 30474507
Category           : (13824)
CategoryNumber     : 13824
EntryType          : SuccessAudit
Message            : A user account was created.

                     Subject:
                         Security ID:        S-1-5-21-2373504117-2689643630-3100359099-2600
                         Account Name:        prateeks
                         Account Domain:        MAS-NOIDA
                         Logon ID:        0x5fda7b57

                     New Account:
                         Security ID:        S-1-5-21-2373504117-2689643630-3100359099-14898
                         Account Name:        MAS53086
                         Account Domain:        MAS-NOIDA

                     Attributes:
                         SAM Account Name:    MAS53086
                         Display Name:        CHAUHAN NITIN MAS53086
                         User Principal Name:    MAS53086@mas-noida.com
                         Home Directory:        -
                         Home Drive:        -
                         Script Path:        -
                         Profile Path:        -
                         User Workstations:    -
                         Password Last Set:    %%1794
                         Account Expires:        %%1794
                         Primary Group ID:    513
                         Allowed To Delegate To:    -
                         Old UAC Value:        0x0
                         New UAC Value:        0x15
                         User Account Control:
                             %%2080
                             %%2082
                             %%2084
                         User Parameters:    -
                         SID History:        -
                         Logon Hours:        %%1793

                     Additional Information:
                         Privileges        -
Source             : Microsoft-Windows-Security-Auditing
ReplacementStrings : {MAS53086, MAS-NOIDA, S-1-5-21-2373504117-2689643630-3100359099-14898,
                     S-1-5-21-2373504117-2689643630-3100359099-2600...}
InstanceId         : 4720
TimeGenerated      : 7/12/2023 2:46:07 PM
TimeWritten        : 7/12/2023 2:46:07 PM
UserName           :
Site               :
Container          :

EventID            : 4720
MachineName        : DC.mas-noida.com
Data               : {}
Index              : 30474338
Category           : (13824)
CategoryNumber     : 13824
EntryType          : SuccessAudit
Message            : A user account was created.

                     Subject:
                         Security ID:        S-1-5-21-2373504117-2689643630-3100359099-2600
                         Account Name:        prateeks
                         Account Domain:        MAS-NOIDA
                         Logon ID:        0x5fda7b57

                     New Account:
                         Security ID:        S-1-5-21-2373504117-2689643630-3100359099-14897
                         Account Name:        MAS53085
                         Account Domain:        MAS-NOIDA

                     Attributes:
                         SAM Account Name:    MAS53085
                         Display Name:        PATEL JAYRAJ SURESHBHAI MAS53085
                         User Principal Name:    MAS53085@mas-noida.com
                         Home Directory:        -
                         Home Drive:        -
                         Script Path:        -
                         Profile Path:        -
                         User Workstations:    -
                         Password Last Set:    %%1794
                         Account Expires:        %%1794
                         Primary Group ID:    513
                         Allowed To Delegate To:    -
                         Old UAC Value:        0x0
                         New UAC Value:        0x15
                         User Account Control:
                             %%2080
                             %%2082
                             %%2084
                         User Parameters:    -
                         SID History:        -
                         Logon Hours:        %%1793

                     Additional Information:
                         Privileges        -
Source             : Microsoft-Windows-Security-Auditing
ReplacementStrings : {MAS53085, MAS-NOIDA, S-1-5-21-2373504117-2689643630-3100359099-14897,
                     S-1-5-21-2373504117-2689643630-3100359099-2600...}
InstanceId         : 4720
TimeGenerated      : 7/12/2023 2:45:11 PM
TimeWritten        : 7/12/2023 2:45:11 PM
UserName           :
Site               :
Container          :

EventID            : 4720
MachineName        : DC.mas-noida.com
Data               : {}
Index              : 30474007
Category           : (13824)
CategoryNumber     : 13824
EntryType          : SuccessAudit
Message            : A user account was created.

                     Subject:
                         Security ID:        S-1-5-21-2373504117-2689643630-3100359099-2600
                         Account Name:        prateeks
                         Account Domain:        MAS-NOIDA
                         Logon ID:        0x5fda7b57

                     New Account:
                         Security ID:        S-1-5-21-2373504117-2689643630-3100359099-14896
                         Account Name:        MAS53084
                         Account Domain:        MAS-NOIDA

                     Attributes:
                         SAM Account Name:    MAS53084
                         Display Name:        PARMAR KEYUR BHARATKUMAR MAS53084
                         User Principal Name:    MAS53084@mas-noida.com
                         Home Directory:        -
                         Home Drive:        -
                         Script Path:        -
                         Profile Path:        -
                         User Workstations:    -
                         Password Last Set:    %%1794
                         Account Expires:        %%1794
                         Primary Group ID:    513
                         Allowed To Delegate To:    -
                         Old UAC Value:        0x0
                         New UAC Value:        0x15
                         User Account Control:
                             %%2080
                             %%2082
                             %%2084
                         User Parameters:    -
                         SID History:        -
                         Logon Hours:        %%1793

                     Additional Information:
                         Privileges        -
Source             : Microsoft-Windows-Security-Auditing
ReplacementStrings : {MAS53084, MAS-NOIDA, S-1-5-21-2373504117-2689643630-3100359099-14896,
                     S-1-5-21-2373504117-2689643630-3100359099-2600...}
InstanceId         : 4720
TimeGenerated      : 7/12/2023 2:43:48 PM
TimeWritten        : 7/12/2023 2:43:48 PM
UserName           :
Site               :
Container          :

EventID            : 4720
MachineName        : DC.mas-noida.com
Data               : {}
Index              : 30473656
Category           : (13824)
CategoryNumber     : 13824
EntryType          : SuccessAudit
Message            : A user account was created.

                     Subject:
                         Security ID:        S-1-5-21-2373504117-2689643630-3100359099-2600
                         Account Name:        prateeks
                         Account Domain:        MAS-NOIDA
                         Logon ID:        0x5fda7b57

                     New Account:
                         Security ID:        S-1-5-21-2373504117-2689643630-3100359099-14895
                         Account Name:        MAS53083
                         Account Domain:        MAS-NOIDA

                     Attributes:
                         SAM Account Name:    MAS53083
                         Display Name:        TABASSUM MIRZA MAS53083
                         User Principal Name:    MAS53083@mas-noida.com
                         Home Directory:        -
                         Home Drive:        -
                         Script Path:        -
                         Profile Path:        -
                         User Workstations:    -
                         Password Last Set:    %%1794
                         Account Expires:        %%1794
                         Primary Group ID:    513
                         Allowed To Delegate To:    -
                         Old UAC Value:        0x0
                         New UAC Value:        0x15
                         User Account Control:
                             %%2080
                             %%2082
                             %%2084
                         User Parameters:    -
                         SID History:        -
                         Logon Hours:        %%1793

                     Additional Information:
                         Privileges        -
Source             : Microsoft-Windows-Security-Auditing
ReplacementStrings : {MAS53083, MAS-NOIDA, S-1-5-21-2373504117-2689643630-3100359099-14895,
                     S-1-5-21-2373504117-2689643630-3100359099-2600...}
InstanceId         : 4720
TimeGenerated      : 7/12/2023 2:42:44 PM
TimeWritten        : 7/12/2023 2:42:44 PM
UserName           :
Site               :
Container          :

EventID            : 4720
MachineName        : DC.mas-noida.com
Data               : {}
Index              : 30473542
Category           : (13824)
CategoryNumber     : 13824
EntryType          : SuccessAudit
Message            : A user account was created.

                     Subject:
                         Security ID:        S-1-5-21-2373504117-2689643630-3100359099-2600
                         Account Name:        prateeks
                         Account Domain:        MAS-NOIDA
                         Logon ID:        0x5fda7b57

                     New Account:
                         Security ID:        S-1-5-21-2373504117-2689643630-3100359099-14894
                         Account Name:        MAS53082
                         Account Domain:        MAS-NOIDA

                     Attributes:
                         SAM Account Name:    MAS53082
                         Display Name:        VISHAL PATEL MAS53082
                         User Principal Name:    MAS53082@mas-noida.com
                         Home Directory:        -
                         Home Drive:        -
                         Script Path:        -
                         Profile Path:        -
                         User Workstations:    -
                         Password Last Set:    %%1794
                         Account Expires:        %%1794
                         Primary Group ID:    513
                         Allowed To Delegate To:    -
                         Old UAC Value:        0x0
                         New UAC Value:        0x15
                         User Account Control:
                             %%2080
                             %%2082
                             %%2084
                         User Parameters:    -
                         SID History:        -
                         Logon Hours:        %%1793

                     Additional Information:
                         Privileges        -
Source             : Microsoft-Windows-Security-Auditing
ReplacementStrings : {MAS53082, MAS-NOIDA, S-1-5-21-2373504117-2689643630-3100359099-14894,
                     S-1-5-21-2373504117-2689643630-3100359099-2600...}
InstanceId         : 4720
TimeGenerated      : 7/12/2023 2:42:07 PM
TimeWritten        : 7/12/2023 2:42:07 PM
UserName           :
Site               :
Container          :

EventID            : 4720
MachineName        : DC.mas-noida.com
Data               : {}
Index              : 30473253
Category           : (13824)
CategoryNumber     : 13824
EntryType          : SuccessAudit
Message            : A user account was created.

                     Subject:
                         Security ID:        S-1-5-21-2373504117-2689643630-3100359099-2600
                         Account Name:        prateeks
                         Account Domain:        MAS-NOIDA
                         Logon ID:        0x5fda7b57

                     New Account:
                         Security ID:        S-1-5-21-2373504117-2689643630-3100359099-14893
                         Account Name:        MAS53081
                         Account Domain:        MAS-NOIDA

                     Attributes:
                         SAM Account Name:    MAS53081
                         Display Name:        DEEPAK OJHA MAS53081 MAS53081
                         User Principal Name:    MAS53081@mas-noida.com
                         Home Directory:        -
                         Home Drive:        -
                         Script Path:        -
                         Profile Path:        -
                         User Workstations:    -
                         Password Last Set:    %%1794
                         Account Expires:        %%1794
                         Primary Group ID:    513
                         Allowed To Delegate To:    -
                         Old UAC Value:        0x0
                         New UAC Value:        0x15
                         User Account Control:
                             %%2080
                             %%2082
                             %%2084
                         User Parameters:    -
                         SID History:        -
                         Logon Hours:        %%1793

                     Additional Information:
                         Privileges        -
Source             : Microsoft-Windows-Security-Auditing
ReplacementStrings : {MAS53081, MAS-NOIDA, S-1-5-21-2373504117-2689643630-3100359099-14893,
                     S-1-5-21-2373504117-2689643630-3100359099-2600...}
InstanceId         : 4720
TimeGenerated      : 7/12/2023 2:41:02 PM
TimeWritten        : 7/12/2023 2:41:02 PM
UserName           :
Site               :
Container          :

EventID            : 4720
MachineName        : DC.mas-noida.com
Data               : {}
Index              : 30472925
Category           : (13824)
CategoryNumber     : 13824
EntryType          : SuccessAudit
Message            : A user account was created.

                     Subject:
                         Security ID:        S-1-5-21-2373504117-2689643630-3100359099-2600
                         Account Name:        prateeks
                         Account Domain:        MAS-NOIDA
                         Logon ID:        0x5fda7b57

                     New Account:
                         Security ID:        S-1-5-21-2373504117-2689643630-3100359099-14892
                         Account Name:        MAS53080
                         Account Domain:        MAS-NOIDA

                     Attributes:
                         SAM Account Name:    MAS53080
                         Display Name:        NIKHIL SAGAR MAS53080
                         User Principal Name:    MAS53080@mas-noida.com
                         Home Directory:        -
                         Home Drive:        -
                         Script Path:        -
                         Profile Path:        -
                         User Workstations:    -
                         Password Last Set:    %%1794
                         Account Expires:        %%1794
                         Primary Group ID:    513
                         Allowed To Delegate To:    -
                         Old UAC Value:        0x0
                         New UAC Value:        0x15
                         User Account Control:
                             %%2080
                             %%2082
                             %%2084
                         User Parameters:    -
                         SID History:        -
                         Logon Hours:        %%1793

                     Additional Information:
                         Privileges        -
Source             : Microsoft-Windows-Security-Auditing
ReplacementStrings : {MAS53080, MAS-NOIDA, S-1-5-21-2373504117-2689643630-3100359099-14892,
                     S-1-5-21-2373504117-2689643630-3100359099-2600...}
InstanceId         : 4720
TimeGenerated      : 7/12/2023 2:39:15 PM
TimeWritten        : 7/12/2023 2:39:15 PM
UserName           :
Site               :
Container          :

EventID            : 4720
MachineName        : DC.mas-noida.com
Data               : {}
Index              : 30472736
Category           : (13824)
CategoryNumber     : 13824
EntryType          : SuccessAudit
Message            : A user account was created.

                     Subject:
                         Security ID:        S-1-5-21-2373504117-2689643630-3100359099-2600
                         Account Name:        prateeks
                         Account Domain:        MAS-NOIDA
                         Logon ID:        0x5fda7b57

                     New Account:
                         Security ID:        S-1-5-21-2373504117-2689643630-3100359099-14891
                         Account Name:        MAS53079
                         Account Domain:        MAS-NOIDA

                     Attributes:
                         SAM Account Name:    MAS53079
                         Display Name:        KALATHIYA NIMESHBHAI DEVRAJBHAI MAS53079
                         User Principal Name:    MAS53079@mas-noida.com
                         Home Directory:        -
                         Home Drive:        -
                         Script Path:        -
                         Profile Path:        -
                         User Workstations:    -
                         Password Last Set:    %%1794
                         Account Expires:        %%1794
                         Primary Group ID:    513
                         Allowed To Delegate To:    -
                         Old UAC Value:        0x0
                         New UAC Value:        0x15
                         User Account Control:
                             %%2080
                             %%2082
                             %%2084
                         User Parameters:    -
                         SID History:        -
                         Logon Hours:        %%1793

                     Additional Information:
                         Privileges        -
Source             : Microsoft-Windows-Security-Auditing
ReplacementStrings : {MAS53079, MAS-NOIDA, S-1-5-21-2373504117-2689643630-3100359099-14891,
                     S-1-5-21-2373504117-2689643630-3100359099-2600...}
InstanceId         : 4720
TimeGenerated      : 7/12/2023 2:38:24 PM
TimeWritten        : 7/12/2023 2:38:24 PM
UserName           :
Site               :
Container          :

EventID            : 4720
MachineName        : DC.mas-noida.com
Data               : {}
Index              : 30472576
Category           : (13824)
CategoryNumber     : 13824
EntryType          : SuccessAudit
Message            : A user account was created.

                     Subject:
                         Security ID:        S-1-5-21-2373504117-2689643630-3100359099-2600
                         Account Name:        prateeks
                         Account Domain:        MAS-NOIDA
                         Logon ID:        0x5fda7b57

                     New Account:
                         Security ID:        S-1-5-21-2373504117-2689643630-3100359099-14890
                         Account Name:        MAS53078
                         Account Domain:        MAS-NOIDA

                     Attributes:
                         SAM Account Name:    MAS53078
                         Display Name:        KANARA DHAVAL BHARATBHAI MAS53078
                         User Principal Name:    MAS53078@mas-noida.com
                         Home Directory:        -
                         Home Drive:        -
                         Script Path:        -
                         Profile Path:        -
                         User Workstations:    -
                         Password Last Set:    %%1794
                         Account Expires:        %%1794
                         Primary Group ID:    513
                         Allowed To Delegate To:    -
                         Old UAC Value:        0x0
                         New UAC Value:        0x15
                         User Account Control:
                             %%2080
                             %%2082
                             %%2084
                         User Parameters:    -
                         SID History:        -
                         Logon Hours:        %%1793

                     Additional Information:
                         Privileges        -
Source             : Microsoft-Windows-Security-Auditing
ReplacementStrings : {MAS53078, MAS-NOIDA, S-1-5-21-2373504117-2689643630-3100359099-14890,
                     S-1-5-21-2373504117-2689643630-3100359099-2600...}
InstanceId         : 4720
TimeGenerated      : 7/12/2023 2:37:20 PM
TimeWritten        : 7/12/2023 2:37:20 PM
UserName           :
Site               :
Container          :

EventID            : 4720
MachineName        : DC.mas-noida.com
Data               : {}
Index              : 30472435
Category           : (13824)
CategoryNumber     : 13824
EntryType          : SuccessAudit
Message            : A user account was created.

                     Subject:
                         Security ID:        S-1-5-21-2373504117-2689643630-3100359099-2600
                         Account Name:        prateeks
                         Account Domain:        MAS-NOIDA
                         Logon ID:        0x5fda7b57

                     New Account:
                         Security ID:        S-1-5-21-2373504117-2689643630-3100359099-14889
                         Account Name:        MAS53077
                         Account Domain:        MAS-NOIDA

                     Attributes:
                         SAM Account Name:    MAS53077
                         Display Name:        HARESH MAS53077
                         User Principal Name:    MAS53077@mas-noida.com
                         Home Directory:        -
                         Home Drive:        -
                         Script Path:        -
                         Profile Path:        -
                         User Workstations:    -
                         Password Last Set:    %%1794
                         Account Expires:        %%1794
                         Primary Group ID:    513
                         Allowed To Delegate To:    -
                         Old UAC Value:        0x0
                         New UAC Value:        0x15
                         User Account Control:
                             %%2080
                             %%2082
                             %%2084
                         User Parameters:    -
                         SID History:        -
                         Logon Hours:        %%1793

                     Additional Information:
                         Privileges        -
Source             : Microsoft-Windows-Security-Auditing
ReplacementStrings : {MAS53077, MAS-NOIDA, S-1-5-21-2373504117-2689643630-3100359099-14889,
                     S-1-5-21-2373504117-2689643630-3100359099-2600...}
InstanceId         : 4720
TimeGenerated      : 7/12/2023 2:36:32 PM
TimeWritten        : 7/12/2023 2:36:32 PM
UserName           :
Site               :
Container          :

EventID            : 4720
MachineName        : DC.mas-noida.com
Data               : {}
Index              : 30472247
Category           : (13824)
CategoryNumber     : 13824
EntryType          : SuccessAudit
Message            : A user account was created.

                     Subject:
                         Security ID:        S-1-5-21-2373504117-2689643630-3100359099-2600
                         Account Name:        prateeks
                         Account Domain:        MAS-NOIDA
                         Logon ID:        0x5fda7b57

                     New Account:
                         Security ID:        S-1-5-21-2373504117-2689643630-3100359099-14888
                         Account Name:        MAS53076
                         Account Domain:        MAS-NOIDA

                     Attributes:
                         SAM Account Name:    MAS53076
                         Display Name:        DEVENDRA PERIYSWAMI M
                         User Principal Name:    MAS53076@mas-noida.com
                         Home Directory:        -
                         Home Drive:        -
                         Script Path:        -
                         Profile Path:        -
                         User Workstations:    -
                         Password Last Set:    %%1794
                         Account Expires:        %%1794
                         Primary Group ID:    513
                         Allowed To Delegate To:    -
                         Old UAC Value:        0x0
                         New UAC Value:        0x15
                         User Account Control:
                             %%2080
                             %%2082
                             %%2084
                         User Parameters:    -
                         SID History:        -
                         Logon Hours:        %%1793

                     Additional Information:
                         Privileges        -
Source             : Microsoft-Windows-Security-Auditing
ReplacementStrings : {MAS53076, MAS-NOIDA, S-1-5-21-2373504117-2689643630-3100359099-14888,
                     S-1-5-21-2373504117-2689643630-3100359099-2600...}
InstanceId         : 4720
TimeGenerated      : 7/12/2023 2:35:51 PM
TimeWritten        : 7/12/2023 2:35:51 PM
UserName           :
Site               :
Container          :

EventID            : 4720
MachineName        : DC.mas-noida.com
Data               : {}
Index              : 30472044
Category           : (13824)
CategoryNumber     : 13824
EntryType          : SuccessAudit
Message            : A user account was created.

                     Subject:
                         Security ID:        S-1-5-21-2373504117-2689643630-3100359099-2600
                         Account Name:        prateeks
                         Account Domain:        MAS-NOIDA
                         Logon ID:        0x5fda7b57

                     New Account:
                         Security ID:        S-1-5-21-2373504117-2689643630-3100359099-14887
                         Account Name:        MAS53075
                         Account Domain:        MAS-NOIDA

                     Attributes:
                         SAM Account Name:    MAS53075
                         Display Name:        KRISHNA MAS53075
                         User Principal Name:    MAS53075@mas-noida.com
                         Home Directory:        -
                         Home Drive:        -
                         Script Path:        -
                         Profile Path:        -
                         User Workstations:    -
                         Password Last Set:    %%1794
                         Account Expires:        %%1794
                         Primary Group ID:    513
                         Allowed To Delegate To:    -
                         Old UAC Value:        0x0
                         New UAC Value:        0x15
                         User Account Control:
                             %%2080
                             %%2082
                             %%2084
                         User Parameters:    -
                         SID History:        -
                         Logon Hours:        %%1793

                     Additional Information:
                         Privileges        -
Source             : Microsoft-Windows-Security-Auditing
ReplacementStrings : {MAS53075, MAS-NOIDA, S-1-5-21-2373504117-2689643630-3100359099-14887,
                     S-1-5-21-2373504117-2689643630-3100359099-2600...}
InstanceId         : 4720
TimeGenerated      : 7/12/2023 2:34:52 PM
TimeWritten        : 7/12/2023 2:34:52 PM
UserName           :
Site               :
Container          :

EventID            : 4720
MachineName        : DC.mas-noida.com
Data               : {}
Index              : 30471858
Category           : (13824)
CategoryNumber     : 13824
EntryType          : SuccessAudit
Message            : A user account was created.

                     Subject:
                         Security ID:        S-1-5-21-2373504117-2689643630-3100359099-2600
                         Account Name:        prateeks
                         Account Domain:        MAS-NOIDA
                         Logon ID:        0x5fda7b57

                     New Account:
                         Security ID:        S-1-5-21-2373504117-2689643630-3100359099-14886
                         Account Name:        MAS53074
                         Account Domain:        MAS-NOIDA

                     Attributes:
                         SAM Account Name:    MAS53074
                         Display Name:        SHUKLA KHYATI RAMJIBHAI
                         User Principal Name:    MAS53074@mas-noida.com
                         Home Directory:        -
                         Home Drive:        -
                         Script Path:        -
                         Profile Path:        -
                         User Workstations:    -
                         Password Last Set:    %%1794
                         Account Expires:        %%1794
                         Primary Group ID:    513
                         Allowed To Delegate To:    -
                         Old UAC Value:        0x0
                         New UAC Value:        0x15
                         User Account Control:
                             %%2080
                             %%2082
                             %%2084
                         User Parameters:    -
                         SID History:        -
                         Logon Hours:        %%1793

                     Additional Information:
                         Privileges        -
Source             : Microsoft-Windows-Security-Auditing
ReplacementStrings : {MAS53074, MAS-NOIDA, S-1-5-21-2373504117-2689643630-3100359099-14886,
                     S-1-5-21-2373504117-2689643630-3100359099-2600...}
InstanceId         : 4720
TimeGenerated      : 7/12/2023 2:34:04 PM
TimeWritten        : 7/12/2023 2:34:04 PM
UserName           :
Site               :
Container          :

EventID            : 4720
MachineName        : DC.mas-noida.com
Data               : {}
Index              : 30471731
Category           : (13824)
CategoryNumber     : 13824
EntryType          : SuccessAudit
Message            : A user account was created.

                     Subject:
                         Security ID:        S-1-5-21-2373504117-2689643630-3100359099-2600
                         Account Name:        prateeks
                         Account Domain:        MAS-NOIDA
                         Logon ID:        0x5fda7b57

                     New Account:
                         Security ID:        S-1-5-21-2373504117-2689643630-3100359099-14885
                         Account Name:        MAS53073
                         Account Domain:        MAS-NOIDA

                     Attributes:
                         SAM Account Name:    MAS53073
                         Display Name:        SMITH R SALVE
                         User Principal Name:    MAS53073@mas-noida.com
                         Home Directory:        -
                         Home Drive:        -
                         Script Path:        -
                         Profile Path:        -
                         User Workstations:    -
                         Password Last Set:    %%1794
                         Account Expires:        %%1794
                         Primary Group ID:    513
                         Allowed To Delegate To:    -
                         Old UAC Value:        0x0
                         New UAC Value:        0x15
                         User Account Control:
                             %%2080
                             %%2082
                             %%2084
                         User Parameters:    -
                         SID History:        -
                         Logon Hours:        %%1793

                     Additional Information:
                         Privileges        -
Source             : Microsoft-Windows-Security-Auditing
ReplacementStrings : {MAS53073, MAS-NOIDA, S-1-5-21-2373504117-2689643630-3100359099-14885,
                     S-1-5-21-2373504117-2689643630-3100359099-2600...}
InstanceId         : 4720
TimeGenerated      : 7/12/2023 2:33:18 PM
TimeWritten        : 7/12/2023 2:33:18 PM
UserName           :
Site               :
Container          :

EventID            : 4720
MachineName        : DC.mas-noida.com
Data               : {}
Index              : 30471571
Category           : (13824)
CategoryNumber     : 13824
EntryType          : SuccessAudit
Message            : A user account was created.

                     Subject:
                         Security ID:        S-1-5-21-2373504117-2689643630-3100359099-2600
                         Account Name:        prateeks
                         Account Domain:        MAS-NOIDA
                         Logon ID:        0x5fda7b57

                     New Account:
                         Security ID:        S-1-5-21-2373504117-2689643630-3100359099-14884
                         Account Name:        MAS53072
                         Account Domain:        MAS-NOIDA

                     Attributes:
                         SAM Account Name:    MAS53072
                         Display Name:        JETHAVA NIKHIL RAMANIKBHAI
                         User Principal Name:    MAS53072@mas-noida.com
                         Home Directory:        -
                         Home Drive:        -
                         Script Path:        -
                         Profile Path:        -
                         User Workstations:    -
                         Password Last Set:    %%1794
                         Account Expires:        %%1794
                         Primary Group ID:    513
                         Allowed To Delegate To:    -
                         Old UAC Value:        0x0
                         New UAC Value:        0x15
                         User Account Control:
                             %%2080
                             %%2082
                             %%2084
                         User Parameters:    -
                         SID History:        -
                         Logon Hours:        %%1793

                     Additional Information:
                         Privileges        -
Source             : Microsoft-Windows-Security-Auditing
ReplacementStrings : {MAS53072, MAS-NOIDA, S-1-5-21-2373504117-2689643630-3100359099-14884,
                     S-1-5-21-2373504117-2689643630-3100359099-2600...}
InstanceId         : 4720
TimeGenerated      : 7/12/2023 2:32:39 PM
TimeWritten        : 7/12/2023 2:32:39 PM
UserName           :
Site               :
Container          :

EventID            : 4720
MachineName        : DC.mas-noida.com
Data               : {}
Index              : 30471383
Category           : (13824)
CategoryNumber     : 13824
EntryType          : SuccessAudit
Message            : A user account was created.

                     Subject:
                         Security ID:        S-1-5-21-2373504117-2689643630-3100359099-2600
                         Account Name:        prateeks
                         Account Domain:        MAS-NOIDA
                         Logon ID:        0x5fda7b57

                     New Account:
                         Security ID:        S-1-5-21-2373504117-2689643630-3100359099-14883
                         Account Name:        MAS53071
                         Account Domain:        MAS-NOIDA

                     Attributes:
                         SAM Account Name:    MAS53071
                         Display Name:        PATEL DEEP MAS53071
                         User Principal Name:    MAS53071@mas-noida.com
                         Home Directory:        -
                         Home Drive:        -
                         Script Path:        -
                         Profile Path:        -
                         User Workstations:    -
                         Password Last Set:    %%1794
                         Account Expires:        %%1794
                         Primary Group ID:    513
                         Allowed To Delegate To:    -
                         Old UAC Value:        0x0
                         New UAC Value:        0x15
                         User Account Control:
                             %%2080
                             %%2082
                             %%2084
                         User Parameters:    -
                         SID History:        -
                         Logon Hours:        %%1793

                     Additional Information:
                         Privileges        -
Source             : Microsoft-Windows-Security-Auditing
ReplacementStrings : {MAS53071, MAS-NOIDA, S-1-5-21-2373504117-2689643630-3100359099-14883,
                     S-1-5-21-2373504117-2689643630-3100359099-2600...}
InstanceId         : 4720
TimeGenerated      : 7/12/2023 2:31:22 PM
TimeWritten        : 7/12/2023 2:31:22 PM
UserName           :
Site               :
Container          :

EventID            : 4720
MachineName        : DC.mas-noida.com
Data               : {}
Index              : 30471224
Category           : (13824)
CategoryNumber     : 13824
EntryType          : SuccessAudit
Message            : A user account was created.

                     Subject:
                         Security ID:        S-1-5-21-2373504117-2689643630-3100359099-2600
                         Account Name:        prateeks
                         Account Domain:        MAS-NOIDA
                         Logon ID:        0x5fda7b57

                     New Account:
                         Security ID:        S-1-5-21-2373504117-2689643630-3100359099-14882
                         Account Name:        MAS53070
                         Account Domain:        MAS-NOIDA

                     Attributes:
                         SAM Account Name:    MAS53070
                         Display Name:        ARCHANA NARESHBHAI AWARI MAS53070
                         User Principal Name:    MAS53070@mas-noida.com
                         Home Directory:        -
                         Home Drive:        -
                         Script Path:        -
                         Profile Path:        -
                         User Workstations:    -
                         Password Last Set:    %%1794
                         Account Expires:        %%1794
                         Primary Group ID:    513
                         Allowed To Delegate To:    -
                         Old UAC Value:        0x0
                         New UAC Value:        0x15
                         User Account Control:
                             %%2080
                             %%2082
                             %%2084
                         User Parameters:    -
                         SID History:        -
                         Logon Hours:        %%1793

                     Additional Information:
                         Privileges        -
Source             : Microsoft-Windows-Security-Auditing
ReplacementStrings : {MAS53070, MAS-NOIDA, S-1-5-21-2373504117-2689643630-3100359099-14882,
                     S-1-5-21-2373504117-2689643630-3100359099-2600...}
InstanceId         : 4720
TimeGenerated      : 7/12/2023 2:30:33 PM
TimeWritten        : 7/12/2023 2:30:33 PM
UserName           :
Site               :
Container          :

EventID            : 4720
MachineName        : DC.mas-noida.com
Data               : {}
Index              : 30470686
Category           : (13824)
CategoryNumber     : 13824
EntryType          : SuccessAudit
Message            : A user account was created.

                     Subject:
                         Security ID:        S-1-5-21-2373504117-2689643630-3100359099-2600
                         Account Name:        prateeks
                         Account Domain:        MAS-NOIDA
                         Logon ID:        0x5fda7b57

                     New Account:
                         Security ID:        S-1-5-21-2373504117-2689643630-3100359099-14881
                         Account Name:        MAS53069
                         Account Domain:        MAS-NOIDA

                     Attributes:
                         SAM Account Name:    MAS53069
                         Display Name:        SHAIKH ASIF MAS53069
                         User Principal Name:    MAS53069@mas-noida.com
                         Home Directory:        -
                         Home Drive:        -
                         Script Path:        -
                         Profile Path:        -
                         User Workstations:    -
                         Password Last Set:    %%1794
                         Account Expires:        %%1794
                         Primary Group ID:    513
                         Allowed To Delegate To:    -
                         Old UAC Value:        0x0
                         New UAC Value:        0x15
                         User Account Control:
                             %%2080
                             %%2082
                             %%2084
                         User Parameters:    -
                         SID History:        -
                         Logon Hours:        %%1793

                     Additional Information:
                         Privileges        -
Source             : Microsoft-Windows-Security-Auditing
ReplacementStrings : {MAS53069, MAS-NOIDA, S-1-5-21-2373504117-2689643630-3100359099-14881,
                     S-1-5-21-2373504117-2689643630-3100359099-2600...}
InstanceId         : 4720
TimeGenerated      : 7/12/2023 2:27:50 PM
TimeWritten        : 7/12/2023 2:27:50 PM
UserName           :
Site               :
Container          :

