EventID            : 4720
MachineName        : DC.mas-noida.com
Data               : {}
Index              : 29433656
Category           : (13824)
CategoryNumber     : 13824
EntryType          : SuccessAudit
Message            : A user account was created.

                     Subject:
                         Security ID:        S-1-5-21-2373504117-2689643630-3100359099-1499
                         Account Name:        anupk
                         Account Domain:        MAS-NOIDA
                         Logon ID:        0x457976c4

                     New Account:
                         Security ID:        S-1-5-21-2373504117-2689643630-3100359099-14864
                         Account Name:        MAS53034
                         Account Domain:        MAS-NOIDA

                     Attributes:
                         SAM Account Name:    MAS53034
                         Display Name:        SAURABH KUMAR JHA
                         User Principal Name:    MAS53034@mas-noida.com
                         Home Directory:        -
                         Home Drive:        -
                         Script Path:        -
                         Profile Path:        -
                         User Workstations:    -
                         Password Last Set:    %%1794
                         Account Expires:        %%1794
                         Primary Group ID:    513
                         Allowed To Delegate To:    -
                         Old UAC Value:        0x0
                         New UAC Value:        0x15
                         User Account Control:
                             %%2080
                             %%2082
                             %%2084
                         User Parameters:    -
                         SID History:        -
                         Logon Hours:        %%1793

                     Additional Information:
                         Privileges        -
Source             : Microsoft-Windows-Security-Auditing
ReplacementStrings : {MAS53034, MAS-NOIDA, S-1-5-21-2373504117-2689643630-3100359099-14864,
                     S-1-5-21-2373504117-2689643630-3100359099-1499...}
InstanceId         : 4720
TimeGenerated      : 7/6/2023 4:31:26 PM
TimeWritten        : 7/6/2023 4:31:26 PM
UserName           :
Site               :
Container          :

EventID            : 4720
MachineName        : DC.mas-noida.com
Data               : {}
Index              : 29433532
Category           : (13824)
CategoryNumber     : 13824
EntryType          : SuccessAudit
Message            : A user account was created.

                     Subject:
                         Security ID:        S-1-5-21-2373504117-2689643630-3100359099-1499
                         Account Name:        anupk
                         Account Domain:        MAS-NOIDA
                         Logon ID:        0x457976c4

                     New Account:
                         Security ID:        S-1-5-21-2373504117-2689643630-3100359099-14863
                         Account Name:        MAS53035
                         Account Domain:        MAS-NOIDA

                     Attributes:
                         SAM Account Name:    MAS53035
                         Display Name:        ADITYA BALI
                         User Principal Name:    MAS53035@mas-noida.com
                         Home Directory:        -
                         Home Drive:        -
                         Script Path:        -
                         Profile Path:        -
                         User Workstations:    -
                         Password Last Set:    %%1794
                         Account Expires:        %%1794
                         Primary Group ID:    513
                         Allowed To Delegate To:    -
                         Old UAC Value:        0x0
                         New UAC Value:        0x15
                         User Account Control:
                             %%2080
                             %%2082
                             %%2084
                         User Parameters:    -
                         SID History:        -
                         Logon Hours:        %%1793

                     Additional Information:
                         Privileges        -
Source             : Microsoft-Windows-Security-Auditing
ReplacementStrings : {MAS53035, MAS-NOIDA, S-1-5-21-2373504117-2689643630-3100359099-14863,
                     S-1-5-21-2373504117-2689643630-3100359099-1499...}
InstanceId         : 4720
TimeGenerated      : 7/6/2023 4:30:58 PM
TimeWritten        : 7/6/2023 4:30:58 PM
UserName           :
Site               :
Container          :

EventID            : 4720
MachineName        : DC.mas-noida.com
Data               : {}
Index              : 29433422
Category           : (13824)
CategoryNumber     : 13824
EntryType          : SuccessAudit
Message            : A user account was created.

                     Subject:
                         Security ID:        S-1-5-21-2373504117-2689643630-3100359099-1499
                         Account Name:        anupk
                         Account Domain:        MAS-NOIDA
                         Logon ID:        0x457976c4

                     New Account:
                         Security ID:        S-1-5-21-2373504117-2689643630-3100359099-14862
                         Account Name:        MAS53036
                         Account Domain:        MAS-NOIDA

                     Attributes:
                         SAM Account Name:    MAS53036
                         Display Name:        ABHAY KUMAR
                         User Principal Name:    MAS53036@mas-noida.com
                         Home Directory:        -
                         Home Drive:        -
                         Script Path:        -
                         Profile Path:        -
                         User Workstations:    -
                         Password Last Set:    %%1794
                         Account Expires:        %%1794
                         Primary Group ID:    513
                         Allowed To Delegate To:    -
                         Old UAC Value:        0x0
                         New UAC Value:        0x15
                         User Account Control:
                             %%2080
                             %%2082
                             %%2084
                         User Parameters:    -
                         SID History:        -
                         Logon Hours:        %%1793

                     Additional Information:
                         Privileges        -
Source             : Microsoft-Windows-Security-Auditing
ReplacementStrings : {MAS53036, MAS-NOIDA, S-1-5-21-2373504117-2689643630-3100359099-14862,
                     S-1-5-21-2373504117-2689643630-3100359099-1499...}
InstanceId         : 4720
TimeGenerated      : 7/6/2023 4:30:27 PM
TimeWritten        : 7/6/2023 4:30:27 PM
UserName           :
Site               :
Container          :

EventID            : 4720
MachineName        : DC.mas-noida.com
Data               : {}
Index              : 29433318
Category           : (13824)
CategoryNumber     : 13824
EntryType          : SuccessAudit
Message            : A user account was created.

                     Subject:
                         Security ID:        S-1-5-21-2373504117-2689643630-3100359099-1499
                         Account Name:        anupk
                         Account Domain:        MAS-NOIDA
                         Logon ID:        0x457976c4

                     New Account:
                         Security ID:        S-1-5-21-2373504117-2689643630-3100359099-14861
                         Account Name:        MAS53037
                         Account Domain:        MAS-NOIDA

                     Attributes:
                         SAM Account Name:    MAS53037
                         Display Name:        RISHABH JAWA
                         User Principal Name:    MAS53037@mas-noida.com
                         Home Directory:        -
                         Home Drive:        -
                         Script Path:        -
                         Profile Path:        -
                         User Workstations:    -
                         Password Last Set:    %%1794
                         Account Expires:        %%1794
                         Primary Group ID:    513
                         Allowed To Delegate To:    -
                         Old UAC Value:        0x0
                         New UAC Value:        0x15
                         User Account Control:
                             %%2080
                             %%2082
                             %%2084
                         User Parameters:    -
                         SID History:        -
                         Logon Hours:        %%1793

                     Additional Information:
                         Privileges        -
Source             : Microsoft-Windows-Security-Auditing
ReplacementStrings : {MAS53037, MAS-NOIDA, S-1-5-21-2373504117-2689643630-3100359099-14861,
                     S-1-5-21-2373504117-2689643630-3100359099-1499...}
InstanceId         : 4720
TimeGenerated      : 7/6/2023 4:29:56 PM
TimeWritten        : 7/6/2023 4:29:56 PM
UserName           :
Site               :
Container          :

EventID            : 4720
MachineName        : DC.mas-noida.com
Data               : {}
Index              : 29433203
Category           : (13824)
CategoryNumber     : 13824
EntryType          : SuccessAudit
Message            : A user account was created.

                     Subject:
                         Security ID:        S-1-5-21-2373504117-2689643630-3100359099-1499
                         Account Name:        anupk
                         Account Domain:        MAS-NOIDA
                         Logon ID:        0x457976c4

                     New Account:
                         Security ID:        S-1-5-21-2373504117-2689643630-3100359099-14860
                         Account Name:        MAS53038
                         Account Domain:        MAS-NOIDA

                     Attributes:
                         SAM Account Name:    MAS53038
                         Display Name:        JITENDRA KUMAR
                         User Principal Name:    MAS53038@mas-noida.com
                         Home Directory:        -
                         Home Drive:        -
                         Script Path:        -
                         Profile Path:        -
                         User Workstations:    -
                         Password Last Set:    %%1794
                         Account Expires:        %%1794
                         Primary Group ID:    513
                         Allowed To Delegate To:    -
                         Old UAC Value:        0x0
                         New UAC Value:        0x15
                         User Account Control:
                             %%2080
                             %%2082
                             %%2084
                         User Parameters:    -
                         SID History:        -
                         Logon Hours:        %%1793

                     Additional Information:
                         Privileges        -
Source             : Microsoft-Windows-Security-Auditing
ReplacementStrings : {MAS53038, MAS-NOIDA, S-1-5-21-2373504117-2689643630-3100359099-14860,
                     S-1-5-21-2373504117-2689643630-3100359099-1499...}
InstanceId         : 4720
TimeGenerated      : 7/6/2023 4:29:24 PM
TimeWritten        : 7/6/2023 4:29:24 PM
UserName           :
Site               :
Container          :

EventID            : 4720
MachineName        : DC.mas-noida.com
Data               : {}
Index              : 29432930
Category           : (13824)
CategoryNumber     : 13824
EntryType          : SuccessAudit
Message            : A user account was created.

                     Subject:
                         Security ID:        S-1-5-21-2373504117-2689643630-3100359099-1499
                         Account Name:        anupk
                         Account Domain:        MAS-NOIDA
                         Logon ID:        0x457976c4

                     New Account:
                         Security ID:        S-1-5-21-2373504117-2689643630-3100359099-14859
                         Account Name:        MAS53039
                         Account Domain:        MAS-NOIDA

                     Attributes:
                         SAM Account Name:    MAS53039
                         Display Name:        RANJEET KUMAR1
                         User Principal Name:    MAS53039@mas-noida.com
                         Home Directory:        -
                         Home Drive:        -
                         Script Path:        -
                         Profile Path:        -
                         User Workstations:    -
                         Password Last Set:    %%1794
                         Account Expires:        %%1794
                         Primary Group ID:    513
                         Allowed To Delegate To:    -
                         Old UAC Value:        0x0
                         New UAC Value:        0x15
                         User Account Control:
                             %%2080
                             %%2082
                             %%2084
                         User Parameters:    -
                         SID History:        -
                         Logon Hours:        %%1793

                     Additional Information:
                         Privileges        -
Source             : Microsoft-Windows-Security-Auditing
ReplacementStrings : {MAS53039, MAS-NOIDA, S-1-5-21-2373504117-2689643630-3100359099-14859,
                     S-1-5-21-2373504117-2689643630-3100359099-1499...}
InstanceId         : 4720
TimeGenerated      : 7/6/2023 4:28:08 PM
TimeWritten        : 7/6/2023 4:28:08 PM
UserName           :
Site               :
Container          :

EventID            : 4720
MachineName        : DC.mas-noida.com
Data               : {}
Index              : 29432368
Category           : (13824)
CategoryNumber     : 13824
EntryType          : SuccessAudit
Message            : A user account was created.

                     Subject:
                         Security ID:        S-1-5-21-2373504117-2689643630-3100359099-1499
                         Account Name:        anupk
                         Account Domain:        MAS-NOIDA
                         Logon ID:        0x457976c4

                     New Account:
                         Security ID:        S-1-5-21-2373504117-2689643630-3100359099-14858
                         Account Name:        MAS53040
                         Account Domain:        MAS-NOIDA

                     Attributes:
                         SAM Account Name:    MAS53040
                         Display Name:        HARIOM
                         User Principal Name:    MAS53040@mas-noida.com
                         Home Directory:        -
                         Home Drive:        -
                         Script Path:        -
                         Profile Path:        -
                         User Workstations:    -
                         Password Last Set:    %%1794
                         Account Expires:        %%1794
                         Primary Group ID:    513
                         Allowed To Delegate To:    -
                         Old UAC Value:        0x0
                         New UAC Value:        0x15
                         User Account Control:
                             %%2080
                             %%2082
                             %%2084
                         User Parameters:    -
                         SID History:        -
                         Logon Hours:        %%1793

                     Additional Information:
                         Privileges        -
Source             : Microsoft-Windows-Security-Auditing
ReplacementStrings : {MAS53040, MAS-NOIDA, S-1-5-21-2373504117-2689643630-3100359099-14858,
                     S-1-5-21-2373504117-2689643630-3100359099-1499...}
InstanceId         : 4720
TimeGenerated      : 7/6/2023 4:24:58 PM
TimeWritten        : 7/6/2023 4:24:58 PM
UserName           :
Site               :
Container          :

EventID            : 4720
MachineName        : DC.mas-noida.com
Data               : {}
Index              : 29432275
Category           : (13824)
CategoryNumber     : 13824
EntryType          : SuccessAudit
Message            : A user account was created.

                     Subject:
                         Security ID:        S-1-5-21-2373504117-2689643630-3100359099-1499
                         Account Name:        anupk
                         Account Domain:        MAS-NOIDA
                         Logon ID:        0x457976c4

                     New Account:
                         Security ID:        S-1-5-21-2373504117-2689643630-3100359099-14857
                         Account Name:        MAS53041
                         Account Domain:        MAS-NOIDA

                     Attributes:
                         SAM Account Name:    MAS53041
                         Display Name:        BALAM SINGH
                         User Principal Name:    MAS53041@mas-noida.com
                         Home Directory:        -
                         Home Drive:        -
                         Script Path:        -
                         Profile Path:        -
                         User Workstations:    -
                         Password Last Set:    %%1794
                         Account Expires:        %%1794
                         Primary Group ID:    513
                         Allowed To Delegate To:    -
                         Old UAC Value:        0x0
                         New UAC Value:        0x15
                         User Account Control:
                             %%2080
                             %%2082
                             %%2084
                         User Parameters:    -
                         SID History:        -
                         Logon Hours:        %%1793

                     Additional Information:
                         Privileges        -
Source             : Microsoft-Windows-Security-Auditing
ReplacementStrings : {MAS53041, MAS-NOIDA, S-1-5-21-2373504117-2689643630-3100359099-14857,
                     S-1-5-21-2373504117-2689643630-3100359099-1499...}
InstanceId         : 4720
TimeGenerated      : 7/6/2023 4:24:35 PM
TimeWritten        : 7/6/2023 4:24:35 PM
UserName           :
Site               :
Container          :

EventID            : 4720
MachineName        : DC.mas-noida.com
Data               : {}
Index              : 29432167
Category           : (13824)
CategoryNumber     : 13824
EntryType          : SuccessAudit
Message            : A user account was created.

                     Subject:
                         Security ID:        S-1-5-21-2373504117-2689643630-3100359099-1499
                         Account Name:        anupk
                         Account Domain:        MAS-NOIDA
                         Logon ID:        0x457976c4

                     New Account:
                         Security ID:        S-1-5-21-2373504117-2689643630-3100359099-14856
                         Account Name:        MAS53042
                         Account Domain:        MAS-NOIDA

                     Attributes:
                         SAM Account Name:    MAS53042
                         Display Name:        ARJUN SINGH MEHRA
                         User Principal Name:    MAS53042@mas-noida.com
                         Home Directory:        -
                         Home Drive:        -
                         Script Path:        -
                         Profile Path:        -
                         User Workstations:    -
                         Password Last Set:    %%1794
                         Account Expires:        %%1794
                         Primary Group ID:    513
                         Allowed To Delegate To:    -
                         Old UAC Value:        0x0
                         New UAC Value:        0x15
                         User Account Control:
                             %%2080
                             %%2082
                             %%2084
                         User Parameters:    -
                         SID History:        -
                         Logon Hours:        %%1793

                     Additional Information:
                         Privileges        -
Source             : Microsoft-Windows-Security-Auditing
ReplacementStrings : {MAS53042, MAS-NOIDA, S-1-5-21-2373504117-2689643630-3100359099-14856,
                     S-1-5-21-2373504117-2689643630-3100359099-1499...}
InstanceId         : 4720
TimeGenerated      : 7/6/2023 4:24:09 PM
TimeWritten        : 7/6/2023 4:24:09 PM
UserName           :
Site               :
Container          :

EventID            : 4720
MachineName        : DC.mas-noida.com
Data               : {}
Index              : 29432086
Category           : (13824)
CategoryNumber     : 13824
EntryType          : SuccessAudit
Message            : A user account was created.

                     Subject:
                         Security ID:        S-1-5-21-2373504117-2689643630-3100359099-1499
                         Account Name:        anupk
                         Account Domain:        MAS-NOIDA
                         Logon ID:        0x457976c4

                     New Account:
                         Security ID:        S-1-5-21-2373504117-2689643630-3100359099-14855
                         Account Name:        MAS53043
                         Account Domain:        MAS-NOIDA

                     Attributes:
                         SAM Account Name:    MAS53043
                         Display Name:        SHUBHAM SINGH
                         User Principal Name:    MAS53043@mas-noida.com
                         Home Directory:        -
                         Home Drive:        -
                         Script Path:        -
                         Profile Path:        -
                         User Workstations:    -
                         Password Last Set:    %%1794
                         Account Expires:        %%1794
                         Primary Group ID:    513
                         Allowed To Delegate To:    -
                         Old UAC Value:        0x0
                         New UAC Value:        0x15
                         User Account Control:
                             %%2080
                             %%2082
                             %%2084
                         User Parameters:    -
                         SID History:        -
                         Logon Hours:        %%1793

                     Additional Information:
                         Privileges        -
Source             : Microsoft-Windows-Security-Auditing
ReplacementStrings : {MAS53043, MAS-NOIDA, S-1-5-21-2373504117-2689643630-3100359099-14855,
                     S-1-5-21-2373504117-2689643630-3100359099-1499...}
InstanceId         : 4720
TimeGenerated      : 7/6/2023 4:23:46 PM
TimeWritten        : 7/6/2023 4:23:46 PM
UserName           :
Site               :
Container          :

EventID            : 4720
MachineName        : DC.mas-noida.com
Data               : {}
Index              : 29432014
Category           : (13824)
CategoryNumber     : 13824
EntryType          : SuccessAudit
Message            : A user account was created.

                     Subject:
                         Security ID:        S-1-5-21-2373504117-2689643630-3100359099-1499
                         Account Name:        anupk
                         Account Domain:        MAS-NOIDA
                         Logon ID:        0x457976c4

                     New Account:
                         Security ID:        S-1-5-21-2373504117-2689643630-3100359099-14854
                         Account Name:        MAS53044
                         Account Domain:        MAS-NOIDA

                     Attributes:
                         SAM Account Name:    MAS53044
                         Display Name:        MD ABRAR
                         User Principal Name:    MAS53044@mas-noida.com
                         Home Directory:        -
                         Home Drive:        -
                         Script Path:        -
                         Profile Path:        -
                         User Workstations:    -
                         Password Last Set:    %%1794
                         Account Expires:        %%1794
                         Primary Group ID:    513
                         Allowed To Delegate To:    -
                         Old UAC Value:        0x0
                         New UAC Value:        0x15
                         User Account Control:
                             %%2080
                             %%2082
                             %%2084
                         User Parameters:    -
                         SID History:        -
                         Logon Hours:        %%1793

                     Additional Information:
                         Privileges        -
Source             : Microsoft-Windows-Security-Auditing
ReplacementStrings : {MAS53044, MAS-NOIDA, S-1-5-21-2373504117-2689643630-3100359099-14854,
                     S-1-5-21-2373504117-2689643630-3100359099-1499...}
InstanceId         : 4720
TimeGenerated      : 7/6/2023 4:23:22 PM
TimeWritten        : 7/6/2023 4:23:22 PM
UserName           :
Site               :
Container          :

EventID            : 4720
MachineName        : DC.mas-noida.com
Data               : {}
Index              : 29431921
Category           : (13824)
CategoryNumber     : 13824
EntryType          : SuccessAudit
Message            : A user account was created.

                     Subject:
                         Security ID:        S-1-5-21-2373504117-2689643630-3100359099-1499
                         Account Name:        anupk
                         Account Domain:        MAS-NOIDA
                         Logon ID:        0x457976c4

                     New Account:
                         Security ID:        S-1-5-21-2373504117-2689643630-3100359099-14853
                         Account Name:        MAS53045
                         Account Domain:        MAS-NOIDA

                     Attributes:
                         SAM Account Name:    MAS53045
                         Display Name:        MANGAL SINGH
                         User Principal Name:    MAS53045@mas-noida.com
                         Home Directory:        -
                         Home Drive:        -
                         Script Path:        -
                         Profile Path:        -
                         User Workstations:    -
                         Password Last Set:    %%1794
                         Account Expires:        %%1794
                         Primary Group ID:    513
                         Allowed To Delegate To:    -
                         Old UAC Value:        0x0
                         New UAC Value:        0x15
                         User Account Control:
                             %%2080
                             %%2082
                             %%2084
                         User Parameters:    -
                         SID History:        -
                         Logon Hours:        %%1793

                     Additional Information:
                         Privileges        -
Source             : Microsoft-Windows-Security-Auditing
ReplacementStrings : {MAS53045, MAS-NOIDA, S-1-5-21-2373504117-2689643630-3100359099-14853,
                     S-1-5-21-2373504117-2689643630-3100359099-1499...}
InstanceId         : 4720
TimeGenerated      : 7/6/2023 4:22:55 PM
TimeWritten        : 7/6/2023 4:22:55 PM
UserName           :
Site               :
Container          :

EventID            : 4720
MachineName        : DC.mas-noida.com
Data               : {}
Index              : 29431838
Category           : (13824)
CategoryNumber     : 13824
EntryType          : SuccessAudit
Message            : A user account was created.

                     Subject:
                         Security ID:        S-1-5-21-2373504117-2689643630-3100359099-1499
                         Account Name:        anupk
                         Account Domain:        MAS-NOIDA
                         Logon ID:        0x457976c4

                     New Account:
                         Security ID:        S-1-5-21-2373504117-2689643630-3100359099-14852
                         Account Name:        MAS53046
                         Account Domain:        MAS-NOIDA

                     Attributes:
                         SAM Account Name:    MAS53046
                         Display Name:        JATIN SINGH
                         User Principal Name:    MAS53046@mas-noida.com
                         Home Directory:        -
                         Home Drive:        -
                         Script Path:        -
                         Profile Path:        -
                         User Workstations:    -
                         Password Last Set:    %%1794
                         Account Expires:        %%1794
                         Primary Group ID:    513
                         Allowed To Delegate To:    -
                         Old UAC Value:        0x0
                         New UAC Value:        0x15
                         User Account Control:
                             %%2080
                             %%2082
                             %%2084
                         User Parameters:    -
                         SID History:        -
                         Logon Hours:        %%1793

                     Additional Information:
                         Privileges        -
Source             : Microsoft-Windows-Security-Auditing
ReplacementStrings : {MAS53046, MAS-NOIDA, S-1-5-21-2373504117-2689643630-3100359099-14852,
                     S-1-5-21-2373504117-2689643630-3100359099-1499...}
InstanceId         : 4720
TimeGenerated      : 7/6/2023 4:22:26 PM
TimeWritten        : 7/6/2023 4:22:26 PM
UserName           :
Site               :
Container          :

EventID            : 4720
MachineName        : DC.mas-noida.com
Data               : {}
Index              : 29431755
Category           : (13824)
CategoryNumber     : 13824
EntryType          : SuccessAudit
Message            : A user account was created.

                     Subject:
                         Security ID:        S-1-5-21-2373504117-2689643630-3100359099-1499
                         Account Name:        anupk
                         Account Domain:        MAS-NOIDA
                         Logon ID:        0x457976c4

                     New Account:
                         Security ID:        S-1-5-21-2373504117-2689643630-3100359099-14851
                         Account Name:        MAS53047
                         Account Domain:        MAS-NOIDA

                     Attributes:
                         SAM Account Name:    MAS53047
                         Display Name:        SONU
                         User Principal Name:    MAS53047@mas-noida.com
                         Home Directory:        -
                         Home Drive:        -
                         Script Path:        -
                         Profile Path:        -
                         User Workstations:    -
                         Password Last Set:    %%1794
                         Account Expires:        %%1794
                         Primary Group ID:    513
                         Allowed To Delegate To:    -
                         Old UAC Value:        0x0
                         New UAC Value:        0x15
                         User Account Control:
                             %%2080
                             %%2082
                             %%2084
                         User Parameters:    -
                         SID History:        -
                         Logon Hours:        %%1793

                     Additional Information:
                         Privileges        -
Source             : Microsoft-Windows-Security-Auditing
ReplacementStrings : {MAS53047, MAS-NOIDA, S-1-5-21-2373504117-2689643630-3100359099-14851,
                     S-1-5-21-2373504117-2689643630-3100359099-1499...}
InstanceId         : 4720
TimeGenerated      : 7/6/2023 4:22:01 PM
TimeWritten        : 7/6/2023 4:22:01 PM
UserName           :
Site               :
Container          :

EventID            : 4720
MachineName        : DC.mas-noida.com
Data               : {}
Index              : 29431681
Category           : (13824)
CategoryNumber     : 13824
EntryType          : SuccessAudit
Message            : A user account was created.

                     Subject:
                         Security ID:        S-1-5-21-2373504117-2689643630-3100359099-1499
                         Account Name:        anupk
                         Account Domain:        MAS-NOIDA
                         Logon ID:        0x457976c4

                     New Account:
                         Security ID:        S-1-5-21-2373504117-2689643630-3100359099-14850
                         Account Name:        MAS53048
                         Account Domain:        MAS-NOIDA

                     Attributes:
                         SAM Account Name:    MAS53048
                         Display Name:        VISHAL SINGH
                         User Principal Name:    MAS53048@mas-noida.com
                         Home Directory:        -
                         Home Drive:        -
                         Script Path:        -
                         Profile Path:        -
                         User Workstations:    -
                         Password Last Set:    %%1794
                         Account Expires:        %%1794
                         Primary Group ID:    513
                         Allowed To Delegate To:    -
                         Old UAC Value:        0x0
                         New UAC Value:        0x15
                         User Account Control:
                             %%2080
                             %%2082
                             %%2084
                         User Parameters:    -
                         SID History:        -
                         Logon Hours:        %%1793

                     Additional Information:
                         Privileges        -
Source             : Microsoft-Windows-Security-Auditing
ReplacementStrings : {MAS53048, MAS-NOIDA, S-1-5-21-2373504117-2689643630-3100359099-14850,
                     S-1-5-21-2373504117-2689643630-3100359099-1499...}
InstanceId         : 4720
TimeGenerated      : 7/6/2023 4:21:37 PM
TimeWritten        : 7/6/2023 4:21:37 PM
UserName           :
Site               :
Container          :

EventID            : 4720
MachineName        : DC.mas-noida.com
Data               : {}
Index              : 29431597
Category           : (13824)
CategoryNumber     : 13824
EntryType          : SuccessAudit
Message            : A user account was created.

                     Subject:
                         Security ID:        S-1-5-21-2373504117-2689643630-3100359099-1499
                         Account Name:        anupk
                         Account Domain:        MAS-NOIDA
                         Logon ID:        0x457976c4

                     New Account:
                         Security ID:        S-1-5-21-2373504117-2689643630-3100359099-14849
                         Account Name:        MAS53049
                         Account Domain:        MAS-NOIDA

                     Attributes:
                         SAM Account Name:    MAS53049
                         Display Name:        JITENDRA SINGH
                         User Principal Name:    MAS53049@mas-noida.com
                         Home Directory:        -
                         Home Drive:        -
                         Script Path:        -
                         Profile Path:        -
                         User Workstations:    -
                         Password Last Set:    %%1794
                         Account Expires:        %%1794
                         Primary Group ID:    513
                         Allowed To Delegate To:    -
                         Old UAC Value:        0x0
                         New UAC Value:        0x15
                         User Account Control:
                             %%2080
                             %%2082
                             %%2084
                         User Parameters:    -
                         SID History:        -
                         Logon Hours:        %%1793

                     Additional Information:
                         Privileges        -
Source             : Microsoft-Windows-Security-Auditing
ReplacementStrings : {MAS53049, MAS-NOIDA, S-1-5-21-2373504117-2689643630-3100359099-14849,
                     S-1-5-21-2373504117-2689643630-3100359099-1499...}
InstanceId         : 4720
TimeGenerated      : 7/6/2023 4:21:10 PM
TimeWritten        : 7/6/2023 4:21:10 PM
UserName           :
Site               :
Container          :

EventID            : 4720
MachineName        : DC.mas-noida.com
Data               : {}
Index              : 29431522
Category           : (13824)
CategoryNumber     : 13824
EntryType          : SuccessAudit
Message            : A user account was created.

                     Subject:
                         Security ID:        S-1-5-21-2373504117-2689643630-3100359099-1499
                         Account Name:        anupk
                         Account Domain:        MAS-NOIDA
                         Logon ID:        0x457976c4

                     New Account:
                         Security ID:        S-1-5-21-2373504117-2689643630-3100359099-14848
                         Account Name:        MAS53050
                         Account Domain:        MAS-NOIDA

                     Attributes:
                         SAM Account Name:    MAS53050
                         Display Name:        SAURABH
                         User Principal Name:    MAS53050@mas-noida.com
                         Home Directory:        -
                         Home Drive:        -
                         Script Path:        -
                         Profile Path:        -
                         User Workstations:    -
                         Password Last Set:    %%1794
                         Account Expires:        %%1794
                         Primary Group ID:    513
                         Allowed To Delegate To:    -
                         Old UAC Value:        0x0
                         New UAC Value:        0x15
                         User Account Control:
                             %%2080
                             %%2082
                             %%2084
                         User Parameters:    -
                         SID History:        -
                         Logon Hours:        %%1793

                     Additional Information:
                         Privileges        -
Source             : Microsoft-Windows-Security-Auditing
ReplacementStrings : {MAS53050, MAS-NOIDA, S-1-5-21-2373504117-2689643630-3100359099-14848,
                     S-1-5-21-2373504117-2689643630-3100359099-1499...}
InstanceId         : 4720
TimeGenerated      : 7/6/2023 4:20:39 PM
TimeWritten        : 7/6/2023 4:20:39 PM
UserName           :
Site               :
Container          :

EventID            : 4720
MachineName        : DC.mas-noida.com
Data               : {}
Index              : 29431427
Category           : (13824)
CategoryNumber     : 13824
EntryType          : SuccessAudit
Message            : A user account was created.

                     Subject:
                         Security ID:        S-1-5-21-2373504117-2689643630-3100359099-1499
                         Account Name:        anupk
                         Account Domain:        MAS-NOIDA
                         Logon ID:        0x457976c4

                     New Account:
                         Security ID:        S-1-5-21-2373504117-2689643630-3100359099-14847
                         Account Name:        MAS53051
                         Account Domain:        MAS-NOIDA

                     Attributes:
                         SAM Account Name:    MAS53051
                         Display Name:        PAWAN KUMAR
                         User Principal Name:    MAS53051@mas-noida.com
                         Home Directory:        -
                         Home Drive:        -
                         Script Path:        -
                         Profile Path:        -
                         User Workstations:    -
                         Password Last Set:    %%1794
                         Account Expires:        %%1794
                         Primary Group ID:    513
                         Allowed To Delegate To:    -
                         Old UAC Value:        0x0
                         New UAC Value:        0x15
                         User Account Control:
                             %%2080
                             %%2082
                             %%2084
                         User Parameters:    -
                         SID History:        -
                         Logon Hours:        %%1793

                     Additional Information:
                         Privileges        -
Source             : Microsoft-Windows-Security-Auditing
ReplacementStrings : {MAS53051, MAS-NOIDA, S-1-5-21-2373504117-2689643630-3100359099-14847,
                     S-1-5-21-2373504117-2689643630-3100359099-1499...}
InstanceId         : 4720
TimeGenerated      : 7/6/2023 4:20:06 PM
TimeWritten        : 7/6/2023 4:20:06 PM
UserName           :
Site               :
Container          :





EventID            : 4720
MachineName        : DC.mas-noida.com
Data               : {}
Index              : 29580724
Category           : (13824)
CategoryNumber     : 13824
EntryType          : SuccessAudit
Message            : A user account was created.

                     Subject:
                         Security ID:        S-1-5-21-2373504117-2689643630-3100359099-1499
                         Account Name:        anupk
                         Account Domain:        MAS-NOIDA
                         Logon ID:        0x46f63d33

                     New Account:
                         Security ID:        S-1-5-21-2373504117-2689643630-3100359099-14869
                         Account Name:        MAS53052
                         Account Domain:        MAS-NOIDA

                     Attributes:
                         SAM Account Name:    MAS53052
                         Display Name:        LAXMI
                         User Principal Name:    MAS53052@mas-noida.com
                         Home Directory:        -
                         Home Drive:        -
                         Script Path:        -
                         Profile Path:        -
                         User Workstations:    -
                         Password Last Set:    %%1794
                         Account Expires:        %%1794
                         Primary Group ID:    513
                         Allowed To Delegate To:    -
                         Old UAC Value:        0x0
                         New UAC Value:        0x15
                         User Account Control:
                             %%2080
                             %%2082
                             %%2084
                         User Parameters:    -
                         SID History:        -
                         Logon Hours:        %%1793

                     Additional Information:
                         Privileges        -
Source             : Microsoft-Windows-Security-Auditing
ReplacementStrings : {MAS53052, MAS-NOIDA, S-1-5-21-2373504117-2689643630-3100359099-14869,
                     S-1-5-21-2373504117-2689643630-3100359099-1499...}
InstanceId         : 4720
TimeGenerated      : 7/7/2023 12:48:16 PM
TimeWritten        : 7/7/2023 12:48:16 PM
UserName           :
Site               :
Container          :

EventID            : 4720
MachineName        : DC.mas-noida.com
Data               : {}
Index              : 29580644
Category           : (13824)
CategoryNumber     : 13824
EntryType          : SuccessAudit
Message            : A user account was created.

                     Subject:
                         Security ID:        S-1-5-21-2373504117-2689643630-3100359099-1499
                         Account Name:        anupk
                         Account Domain:        MAS-NOIDA
                         Logon ID:        0x46f63d33

                     New Account:
                         Security ID:        S-1-5-21-2373504117-2689643630-3100359099-14868
                         Account Name:        MAS53053
                         Account Domain:        MAS-NOIDA

                     Attributes:
                         SAM Account Name:    MAS53053
                         Display Name:        PANKAJ KUMAR VERMA
                         User Principal Name:    MAS53053@mas-noida.com
                         Home Directory:        -
                         Home Drive:        -
                         Script Path:        -
                         Profile Path:        -
                         User Workstations:    -
                         Password Last Set:    %%1794
                         Account Expires:        %%1794
                         Primary Group ID:    513
                         Allowed To Delegate To:    -
                         Old UAC Value:        0x0
                         New UAC Value:        0x15
                         User Account Control:
                             %%2080
                             %%2082
                             %%2084
                         User Parameters:    -
                         SID History:        -
                         Logon Hours:        %%1793

                     Additional Information:
                         Privileges        -
Source             : Microsoft-Windows-Security-Auditing
ReplacementStrings : {MAS53053, MAS-NOIDA, S-1-5-21-2373504117-2689643630-3100359099-14868,
                     S-1-5-21-2373504117-2689643630-3100359099-1499...}
InstanceId         : 4720
TimeGenerated      : 7/7/2023 12:47:49 PM
TimeWritten        : 7/7/2023 12:47:49 PM
UserName           :
Site               :
Container          :

EventID            : 4720
MachineName        : DC.mas-noida.com
Data               : {}
Index              : 29580541
Category           : (13824)
CategoryNumber     : 13824
EntryType          : SuccessAudit
Message            : A user account was created.

                     Subject:
                         Security ID:        S-1-5-21-2373504117-2689643630-3100359099-1499
                         Account Name:        anupk
                         Account Domain:        MAS-NOIDA
                         Logon ID:        0x46f63d33

                     New Account:
                         Security ID:        S-1-5-21-2373504117-2689643630-3100359099-14867
                         Account Name:        MAS53054
                         Account Domain:        MAS-NOIDA

                     Attributes:
                         SAM Account Name:    MAS53054
                         Display Name:        ANKIT DUBEY
                         User Principal Name:    MAS53054@mas-noida.com
                         Home Directory:        -
                         Home Drive:        -
                         Script Path:        -
                         Profile Path:        -
                         User Workstations:    -
                         Password Last Set:    %%1794
                         Account Expires:        %%1794
                         Primary Group ID:    513
                         Allowed To Delegate To:    -
                         Old UAC Value:        0x0
                         New UAC Value:        0x15
                         User Account Control:
                             %%2080
                             %%2082
                             %%2084
                         User Parameters:    -
                         SID History:        -
                         Logon Hours:        %%1793

                     Additional Information:
                         Privileges        -
Source             : Microsoft-Windows-Security-Auditing
ReplacementStrings : {MAS53054, MAS-NOIDA, S-1-5-21-2373504117-2689643630-3100359099-14867,
                     S-1-5-21-2373504117-2689643630-3100359099-1499...}
InstanceId         : 4720
TimeGenerated      : 7/7/2023 12:47:13 PM
TimeWritten        : 7/7/2023 12:47:13 PM
UserName           :
Site               :
Container          :

