Windows PowerShell
Copyright (C) 2014 Microsoft Corporation. All rights reserved.

PS C:\Windows\system32> Get-EventLog -LogName Security | Where-Object {$_.EventID -eq 4720} | Select-Object -Property *


EventID            : 4720
MachineName        : DC.mas-noida.com
Data               : {}
Index              : 39793404
Category           : (13824)
CategoryNumber     : 13824
EntryType          : SuccessAudit
Message            : A user account was created.

                     Subject:
                         Security ID:        S-1-5-21-2373504117-2689643630-3100359099-1499
                         Account Name:        anupk
                         Account Domain:        MAS-NOIDA
                         Logon ID:        0x169b026a9

                     New Account:
                         Security ID:        S-1-5-21-2373504117-2689643630-3100359099-15857
                         Account Name:        MAS53632
                         Account Domain:        MAS-NOIDA

                     Attributes:
                         SAM Account Name:    MAS53632
                         Display Name:        SWEETY SINGH
                         User Principal Name:    MAS53632@mas-noida.com
                         Home Directory:        -
                         Home Drive:        -
                         Script Path:        -
                         Profile Path:        -
                         User Workstations:    -
                         Password Last Set:    %%1794
                         Account Expires:        %%1794
                         Primary Group ID:    513
                         Allowed To Delegate To:    -
                         Old UAC Value:        0x0
                         New UAC Value:        0x15
                         User Account Control:
                             %%2080
                             %%2082
                             %%2084
                         User Parameters:    -
                         SID History:        -
                         Logon Hours:        %%1793

                     Additional Information:
                         Privileges        -
Source             : Microsoft-Windows-Security-Auditing
ReplacementStrings : {MAS53632, MAS-NOIDA, S-1-5-21-2373504117-2689643630-3100359099-15857,
                     S-1-5-21-2373504117-2689643630-3100359099-1499...}
InstanceId         : 4720
TimeGenerated      : 9/1/2023 12:31:50 PM
TimeWritten        : 9/1/2023 12:31:50 PM
UserName           :
Site               :
Container          :

EventID            : 4720
MachineName        : DC.mas-noida.com
Data               : {}
Index              : 39793305
Category           : (13824)
CategoryNumber     : 13824
EntryType          : SuccessAudit
Message            : A user account was created.

                     Subject:
                         Security ID:        S-1-5-21-2373504117-2689643630-3100359099-1499
                         Account Name:        anupk
                         Account Domain:        MAS-NOIDA
                         Logon ID:        0x169b026a9

                     New Account:
                         Security ID:        S-1-5-21-2373504117-2689643630-3100359099-15856
                         Account Name:        MAS53633
                         Account Domain:        MAS-NOIDA

                     Attributes:
                         SAM Account Name:    MAS53633
                         Display Name:        DANKHARA NIRAVBHAI DINESHBHA
                         User Principal Name:    MAS53633@mas-noida.com
                         Home Directory:        -
                         Home Drive:        -
                         Script Path:        -
                         Profile Path:        -
                         User Workstations:    -
                         Password Last Set:    %%1794
                         Account Expires:        %%1794
                         Primary Group ID:    513
                         Allowed To Delegate To:    -
                         Old UAC Value:        0x0
                         New UAC Value:        0x15
                         User Account Control:
                             %%2080
                             %%2082
                             %%2084
                         User Parameters:    -
                         SID History:        -
                         Logon Hours:        %%1793

                     Additional Information:
                         Privileges        -
Source             : Microsoft-Windows-Security-Auditing
ReplacementStrings : {MAS53633, MAS-NOIDA, S-1-5-21-2373504117-2689643630-3100359099-15856,
                     S-1-5-21-2373504117-2689643630-3100359099-1499...}
InstanceId         : 4720
TimeGenerated      : 9/1/2023 12:31:20 PM
TimeWritten        : 9/1/2023 12:31:20 PM
UserName           :
Site               :
Container          :

EventID            : 4720
MachineName        : DC.mas-noida.com
Data               : {}
Index              : 39793006
Category           : (13824)
CategoryNumber     : 13824
EntryType          : SuccessAudit
Message            : A user account was created.

                     Subject:
                         Security ID:        S-1-5-21-2373504117-2689643630-3100359099-1499
                         Account Name:        anupk
                         Account Domain:        MAS-NOIDA
                         Logon ID:        0x169b026a9

                     New Account:
                         Security ID:        S-1-5-21-2373504117-2689643630-3100359099-15855
                         Account Name:        MAS53634
                         Account Domain:        MAS-NOIDA

                     Attributes:
                         SAM Account Name:    MAS53634
                         Display Name:        RANIPA KHYATI
                         User Principal Name:    MAS53634@mas-noida.com
                         Home Directory:        -
                         Home Drive:        -
                         Script Path:        -
                         Profile Path:        -
                         User Workstations:    -
                         Password Last Set:    %%1794
                         Account Expires:        %%1794
                         Primary Group ID:    513
                         Allowed To Delegate To:    -
                         Old UAC Value:        0x0
                         New UAC Value:        0x15
                         User Account Control:
                             %%2080
                             %%2082
                             %%2084
                         User Parameters:    -
                         SID History:        -
                         Logon Hours:        %%1793

                     Additional Information:
                         Privileges        -
Source             : Microsoft-Windows-Security-Auditing
ReplacementStrings : {MAS53634, MAS-NOIDA, S-1-5-21-2373504117-2689643630-3100359099-15855,
                     S-1-5-21-2373504117-2689643630-3100359099-1499...}
InstanceId         : 4720
TimeGenerated      : 9/1/2023 12:30:04 PM
TimeWritten        : 9/1/2023 12:30:04 PM
UserName           :
Site               :
Container          :

EventID            : 4720
MachineName        : DC.mas-noida.com
Data               : {}
Index              : 39792888
Category           : (13824)
CategoryNumber     : 13824
EntryType          : SuccessAudit
Message            : A user account was created.

                     Subject:
                         Security ID:        S-1-5-21-2373504117-2689643630-3100359099-1499
                         Account Name:        anupk
                         Account Domain:        MAS-NOIDA
                         Logon ID:        0x169b026a9

                     New Account:
                         Security ID:        S-1-5-21-2373504117-2689643630-3100359099-15854
                         Account Name:        MAS53635
                         Account Domain:        MAS-NOIDA

                     Attributes:
                         SAM Account Name:    MAS53635
                         Display Name:        MIHIR VALKESHKUMAR PANDYA
                         User Principal Name:    MAS53635@mas-noida.com
                         Home Directory:        -
                         Home Drive:        -
                         Script Path:        -
                         Profile Path:        -
                         User Workstations:    -
                         Password Last Set:    %%1794
                         Account Expires:        %%1794
                         Primary Group ID:    513
                         Allowed To Delegate To:    -
                         Old UAC Value:        0x0
                         New UAC Value:        0x15
                         User Account Control:
                             %%2080
                             %%2082
                             %%2084
                         User Parameters:    -
                         SID History:        -
                         Logon Hours:        %%1793

                     Additional Information:
                         Privileges        -
Source             : Microsoft-Windows-Security-Auditing
ReplacementStrings : {MAS53635, MAS-NOIDA, S-1-5-21-2373504117-2689643630-3100359099-15854,
                     S-1-5-21-2373504117-2689643630-3100359099-1499...}
InstanceId         : 4720
TimeGenerated      : 9/1/2023 12:29:33 PM
TimeWritten        : 9/1/2023 12:29:33 PM
UserName           :
Site               :
Container          :

EventID            : 4720
MachineName        : DC.mas-noida.com
Data               : {}
Index              : 39792720
Category           : (13824)
CategoryNumber     : 13824
EntryType          : SuccessAudit
Message            : A user account was created.

                     Subject:
                         Security ID:        S-1-5-21-2373504117-2689643630-3100359099-1499
                         Account Name:        anupk
                         Account Domain:        MAS-NOIDA
                         Logon ID:        0x169b026a9

                     New Account:
                         Security ID:        S-1-5-21-2373504117-2689643630-3100359099-15853
                         Account Name:        MAS53636
                         Account Domain:        MAS-NOIDA

                     Attributes:
                         SAM Account Name:    MAS53636
                         Display Name:        SOLANKI TEJAS VADESING
                         User Principal Name:    MAS53636@mas-noida.com
                         Home Directory:        -
                         Home Drive:        -
                         Script Path:        -
                         Profile Path:        -
                         User Workstations:    -
                         Password Last Set:    %%1794
                         Account Expires:        %%1794
                         Primary Group ID:    513
                         Allowed To Delegate To:    -
                         Old UAC Value:        0x0
                         New UAC Value:        0x15
                         User Account Control:
                             %%2080
                             %%2082
                             %%2084
                         User Parameters:    -
                         SID History:        -
                         Logon Hours:        %%1793

                     Additional Information:
                         Privileges        -
Source             : Microsoft-Windows-Security-Auditing
ReplacementStrings : {MAS53636, MAS-NOIDA, S-1-5-21-2373504117-2689643630-3100359099-15853,
                     S-1-5-21-2373504117-2689643630-3100359099-1499...}
InstanceId         : 4720
TimeGenerated      : 9/1/2023 12:28:56 PM
TimeWritten        : 9/1/2023 12:28:56 PM
UserName           :
Site               :
Container          :

EventID            : 4720
MachineName        : DC.mas-noida.com
Data               : {}
Index              : 39792533
Category           : (13824)
CategoryNumber     : 13824
EntryType          : SuccessAudit
Message            : A user account was created.

                     Subject:
                         Security ID:        S-1-5-21-2373504117-2689643630-3100359099-1499
                         Account Name:        anupk
                         Account Domain:        MAS-NOIDA
                         Logon ID:        0x169b026a9

                     New Account:
                         Security ID:        S-1-5-21-2373504117-2689643630-3100359099-15852
                         Account Name:        MAS53637
                         Account Domain:        MAS-NOIDA

                     Attributes:
                         SAM Account Name:    MAS53637
                         Display Name:        RAHUL M BAROT
                         User Principal Name:    MAS53637@mas-noida.com
                         Home Directory:        -
                         Home Drive:        -
                         Script Path:        -
                         Profile Path:        -
                         User Workstations:    -
                         Password Last Set:    %%1794
                         Account Expires:        %%1794
                         Primary Group ID:    513
                         Allowed To Delegate To:    -
                         Old UAC Value:        0x0
                         New UAC Value:        0x15
                         User Account Control:
                             %%2080
                             %%2082
                             %%2084
                         User Parameters:    -
                         SID History:        -
                         Logon Hours:        %%1793

                     Additional Information:
                         Privileges        -
Source             : Microsoft-Windows-Security-Auditing
ReplacementStrings : {MAS53637, MAS-NOIDA, S-1-5-21-2373504117-2689643630-3100359099-15852,
                     S-1-5-21-2373504117-2689643630-3100359099-1499...}
InstanceId         : 4720
TimeGenerated      : 9/1/2023 12:28:03 PM
TimeWritten        : 9/1/2023 12:28:03 PM
UserName           :
Site               :
Container          :

EventID            : 4720
MachineName        : DC.mas-noida.com
Data               : {}
Index              : 39792413
Category           : (13824)
CategoryNumber     : 13824
EntryType          : SuccessAudit
Message            : A user account was created.

                     Subject:
                         Security ID:        S-1-5-21-2373504117-2689643630-3100359099-1499
                         Account Name:        anupk
                         Account Domain:        MAS-NOIDA
                         Logon ID:        0x169b026a9

                     New Account:
                         Security ID:        S-1-5-21-2373504117-2689643630-3100359099-15851
                         Account Name:        MAS53638
                         Account Domain:        MAS-NOIDA

                     Attributes:
                         SAM Account Name:    MAS53638
                         Display Name:        MANISH YADAV
                         User Principal Name:    MAS53638@mas-noida.com
                         Home Directory:        -
                         Home Drive:        -
                         Script Path:        -
                         Profile Path:        -
                         User Workstations:    -
                         Password Last Set:    %%1794
                         Account Expires:        %%1794
                         Primary Group ID:    513
                         Allowed To Delegate To:    -
                         Old UAC Value:        0x0
                         New UAC Value:        0x15
                         User Account Control:
                             %%2080
                             %%2082
                             %%2084
                         User Parameters:    -
                         SID History:        -
                         Logon Hours:        %%1793

                     Additional Information:
                         Privileges        -
Source             : Microsoft-Windows-Security-Auditing
ReplacementStrings : {MAS53638, MAS-NOIDA, S-1-5-21-2373504117-2689643630-3100359099-15851,
                     S-1-5-21-2373504117-2689643630-3100359099-1499...}
InstanceId         : 4720
TimeGenerated      : 9/1/2023 12:27:34 PM
TimeWritten        : 9/1/2023 12:27:34 PM
UserName           :
Site               :
Container          :

EventID            : 4720
MachineName        : DC.mas-noida.com
Data               : {}
Index              : 39792294
Category           : (13824)
CategoryNumber     : 13824
EntryType          : SuccessAudit
Message            : A user account was created.

                     Subject:
                         Security ID:        S-1-5-21-2373504117-2689643630-3100359099-1499
                         Account Name:        anupk
                         Account Domain:        MAS-NOIDA
                         Logon ID:        0x169b026a9

                     New Account:
                         Security ID:        S-1-5-21-2373504117-2689643630-3100359099-15850
                         Account Name:        MAS53639
                         Account Domain:        MAS-NOIDA

                     Attributes:
                         SAM Account Name:    MAS53639
                         Display Name:        TRUSHA PATEL
                         User Principal Name:    MAS53639@mas-noida.com
                         Home Directory:        -
                         Home Drive:        -
                         Script Path:        -
                         Profile Path:        -
                         User Workstations:    -
                         Password Last Set:    %%1794
                         Account Expires:        %%1794
                         Primary Group ID:    513
                         Allowed To Delegate To:    -
                         Old UAC Value:        0x0
                         New UAC Value:        0x15
                         User Account Control:
                             %%2080
                             %%2082
                             %%2084
                         User Parameters:    -
                         SID History:        -
                         Logon Hours:        %%1793

                     Additional Information:
                         Privileges        -
Source             : Microsoft-Windows-Security-Auditing
ReplacementStrings : {MAS53639, MAS-NOIDA, S-1-5-21-2373504117-2689643630-3100359099-15850,
                     S-1-5-21-2373504117-2689643630-3100359099-1499...}
InstanceId         : 4720
TimeGenerated      : 9/1/2023 12:27:04 PM
TimeWritten        : 9/1/2023 12:27:04 PM
UserName           :
Site               :
Container          :

EventID            : 4720
MachineName        : DC.mas-noida.com
Data               : {}
Index              : 39792173
Category           : (13824)
CategoryNumber     : 13824
EntryType          : SuccessAudit
Message            : A user account was created.

                     Subject:
                         Security ID:        S-1-5-21-2373504117-2689643630-3100359099-1499
                         Account Name:        anupk
                         Account Domain:        MAS-NOIDA
                         Logon ID:        0x169b026a9

                     New Account:
                         Security ID:        S-1-5-21-2373504117-2689643630-3100359099-15849
                         Account Name:        MAS53640
                         Account Domain:        MAS-NOIDA

                     Attributes:
                         SAM Account Name:    MAS53640
                         Display Name:        KAPADIYA GARVIL
                         User Principal Name:    MAS53640@mas-noida.com
                         Home Directory:        -
                         Home Drive:        -
                         Script Path:        -
                         Profile Path:        -
                         User Workstations:    -
                         Password Last Set:    %%1794
                         Account Expires:        %%1794
                         Primary Group ID:    513
                         Allowed To Delegate To:    -
                         Old UAC Value:        0x0
                         New UAC Value:        0x15
                         User Account Control:
                             %%2080
                             %%2082
                             %%2084
                         User Parameters:    -
                         SID History:        -
                         Logon Hours:        %%1793

                     Additional Information:
                         Privileges        -
Source             : Microsoft-Windows-Security-Auditing
ReplacementStrings : {MAS53640, MAS-NOIDA, S-1-5-21-2373504117-2689643630-3100359099-15849,
                     S-1-5-21-2373504117-2689643630-3100359099-1499...}
InstanceId         : 4720
TimeGenerated      : 9/1/2023 12:26:34 PM
TimeWritten        : 9/1/2023 12:26:34 PM
UserName           :
Site               :
Container          :

EventID            : 4720
MachineName        : DC.mas-noida.com
Data               : {}
Index              : 39792039
Category           : (13824)
CategoryNumber     : 13824
EntryType          : SuccessAudit
Message            : A user account was created.

                     Subject:
                         Security ID:        S-1-5-21-2373504117-2689643630-3100359099-1499
                         Account Name:        anupk
                         Account Domain:        MAS-NOIDA
                         Logon ID:        0x169b026a9

                     New Account:
                         Security ID:        S-1-5-21-2373504117-2689643630-3100359099-15848
                         Account Name:        MAS53641
                         Account Domain:        MAS-NOIDA

                     Attributes:
                         SAM Account Name:    MAS53641
                         Display Name:        DEEPKUMAR RAGHUNATH YADAV
                         User Principal Name:    MAS53641@mas-noida.com
                         Home Directory:        -
                         Home Drive:        -
                         Script Path:        -
                         Profile Path:        -
                         User Workstations:    -
                         Password Last Set:    %%1794
                         Account Expires:        %%1794
                         Primary Group ID:    513
                         Allowed To Delegate To:    -
                         Old UAC Value:        0x0
                         New UAC Value:        0x15
                         User Account Control:
                             %%2080
                             %%2082
                             %%2084
                         User Parameters:    -
                         SID History:        -
                         Logon Hours:        %%1793

                     Additional Information:
                         Privileges        -
Source             : Microsoft-Windows-Security-Auditing
ReplacementStrings : {MAS53641, MAS-NOIDA, S-1-5-21-2373504117-2689643630-3100359099-15848,
                     S-1-5-21-2373504117-2689643630-3100359099-1499...}
InstanceId         : 4720
TimeGenerated      : 9/1/2023 12:25:54 PM
TimeWritten        : 9/1/2023 12:25:54 PM
UserName           :
Site               :
Container          :

EventID            : 4720
MachineName        : DC.mas-noida.com
Data               : {}
Index              : 39791856
Category           : (13824)
CategoryNumber     : 13824
EntryType          : SuccessAudit
Message            : A user account was created.

                     Subject:
                         Security ID:        S-1-5-21-2373504117-2689643630-3100359099-1499
                         Account Name:        anupk
                         Account Domain:        MAS-NOIDA
                         Logon ID:        0x169b026a9

                     New Account:
                         Security ID:        S-1-5-21-2373504117-2689643630-3100359099-15847
                         Account Name:        MAS53642
                         Account Domain:        MAS-NOIDA

                     Attributes:
                         SAM Account Name:    MAS53642
                         Display Name:        TRIPATHI VIMLESH
                         User Principal Name:    MAS53642@mas-noida.com
                         Home Directory:        -
                         Home Drive:        -
                         Script Path:        -
                         Profile Path:        -
                         User Workstations:    -
                         Password Last Set:    %%1794
                         Account Expires:        %%1794
                         Primary Group ID:    513
                         Allowed To Delegate To:    -
                         Old UAC Value:        0x0
                         New UAC Value:        0x15
                         User Account Control:
                             %%2080
                             %%2082
                             %%2084
                         User Parameters:    -
                         SID History:        -
                         Logon Hours:        %%1793

                     Additional Information:
                         Privileges        -
Source             : Microsoft-Windows-Security-Auditing
ReplacementStrings : {MAS53642, MAS-NOIDA, S-1-5-21-2373504117-2689643630-3100359099-15847,
                     S-1-5-21-2373504117-2689643630-3100359099-1499...}
InstanceId         : 4720
TimeGenerated      : 9/1/2023 12:25:13 PM
TimeWritten        : 9/1/2023 12:25:13 PM
UserName           :
Site               :
Container          :

EventID            : 4720
MachineName        : DC.mas-noida.com
Data               : {}
Index              : 39791743
Category           : (13824)
CategoryNumber     : 13824
EntryType          : SuccessAudit
Message            : A user account was created.

                     Subject:
                         Security ID:        S-1-5-21-2373504117-2689643630-3100359099-1499
                         Account Name:        anupk
                         Account Domain:        MAS-NOIDA
                         Logon ID:        0x169b026a9

                     New Account:
                         Security ID:        S-1-5-21-2373504117-2689643630-3100359099-15846
                         Account Name:        MAS53643
                         Account Domain:        MAS-NOIDA

                     Attributes:
                         SAM Account Name:    MAS53643
                         Display Name:        GOHIL ALPESH JITENDRA
                         User Principal Name:    MAS53643@mas-noida.com
                         Home Directory:        -
                         Home Drive:        -
                         Script Path:        -
                         Profile Path:        -
                         User Workstations:    -
                         Password Last Set:    %%1794
                         Account Expires:        %%1794
                         Primary Group ID:    513
                         Allowed To Delegate To:    -
                         Old UAC Value:        0x0
                         New UAC Value:        0x15
                         User Account Control:
                             %%2080
                             %%2082
                             %%2084
                         User Parameters:    -
                         SID History:        -
                         Logon Hours:        %%1793

                     Additional Information:
                         Privileges        -
Source             : Microsoft-Windows-Security-Auditing
ReplacementStrings : {MAS53643, MAS-NOIDA, S-1-5-21-2373504117-2689643630-3100359099-15846,
                     S-1-5-21-2373504117-2689643630-3100359099-1499...}
InstanceId         : 4720
TimeGenerated      : 9/1/2023 12:24:40 PM
TimeWritten        : 9/1/2023 12:24:40 PM
UserName           :
Site               :
Container          :

EventID            : 4720
MachineName        : DC.mas-noida.com
Data               : {}
Index              : 39791654
Category           : (13824)
CategoryNumber     : 13824
EntryType          : SuccessAudit
Message            : A user account was created.

                     Subject:
                         Security ID:        S-1-5-21-2373504117-2689643630-3100359099-1499
                         Account Name:        anupk
                         Account Domain:        MAS-NOIDA
                         Logon ID:        0x169b026a9

                     New Account:
                         Security ID:        S-1-5-21-2373504117-2689643630-3100359099-15845
                         Account Name:        MAS53644
                         Account Domain:        MAS-NOIDA

                     Attributes:
                         SAM Account Name:    MAS53644
                         Display Name:        PATNI BRIJESH RAVI BHAI
                         User Principal Name:    MAS53644@mas-noida.com
                         Home Directory:        -
                         Home Drive:        -
                         Script Path:        -
                         Profile Path:        -
                         User Workstations:    -
                         Password Last Set:    %%1794
                         Account Expires:        %%1794
                         Primary Group ID:    513
                         Allowed To Delegate To:    -
                         Old UAC Value:        0x0
                         New UAC Value:        0x15
                         User Account Control:
                             %%2080
                             %%2082
                             %%2084
                         User Parameters:    -
                         SID History:        -
                         Logon Hours:        %%1793

                     Additional Information:
                         Privileges        -
Source             : Microsoft-Windows-Security-Auditing
ReplacementStrings : {MAS53644, MAS-NOIDA, S-1-5-21-2373504117-2689643630-3100359099-15845,
                     S-1-5-21-2373504117-2689643630-3100359099-1499...}
InstanceId         : 4720
TimeGenerated      : 9/1/2023 12:24:13 PM
TimeWritten        : 9/1/2023 12:24:13 PM
UserName           :
Site               :
Container          :

EventID            : 4720
MachineName        : DC.mas-noida.com
Data               : {}
Index              : 39791496
Category           : (13824)
CategoryNumber     : 13824
EntryType          : SuccessAudit
Message            : A user account was created.

                     Subject:
                         Security ID:        S-1-5-21-2373504117-2689643630-3100359099-1499
                         Account Name:        anupk
                         Account Domain:        MAS-NOIDA
                         Logon ID:        0x169b026a9

                     New Account:
                         Security ID:        S-1-5-21-2373504117-2689643630-3100359099-15844
                         Account Name:        MAS53645
                         Account Domain:        MAS-NOIDA

                     Attributes:
                         SAM Account Name:    MAS53645
                         Display Name:        CHAVDA HITENDRASINH AJITSINH
                         User Principal Name:    MAS53645@mas-noida.com
                         Home Directory:        -
                         Home Drive:        -
                         Script Path:        -
                         Profile Path:        -
                         User Workstations:    -
                         Password Last Set:    %%1794
                         Account Expires:        %%1794
                         Primary Group ID:    513
                         Allowed To Delegate To:    -
                         Old UAC Value:        0x0
                         New UAC Value:        0x15
                         User Account Control:
                             %%2080
                             %%2082
                             %%2084
                         User Parameters:    -
                         SID History:        -
                         Logon Hours:        %%1793

                     Additional Information:
                         Privileges        -
Source             : Microsoft-Windows-Security-Auditing
ReplacementStrings : {MAS53645, MAS-NOIDA, S-1-5-21-2373504117-2689643630-3100359099-15844,
                     S-1-5-21-2373504117-2689643630-3100359099-1499...}
InstanceId         : 4720
TimeGenerated      : 9/1/2023 12:23:33 PM
TimeWritten        : 9/1/2023 12:23:33 PM
UserName           :
Site               :
Container          :

EventID            : 4720
MachineName        : DC.mas-noida.com
Data               : {}
Index              : 39791374
Category           : (13824)
CategoryNumber     : 13824
EntryType          : SuccessAudit
Message            : A user account was created.

                     Subject:
                         Security ID:        S-1-5-21-2373504117-2689643630-3100359099-1499
                         Account Name:        anupk
                         Account Domain:        MAS-NOIDA
                         Logon ID:        0x169b026a9

                     New Account:
                         Security ID:        S-1-5-21-2373504117-2689643630-3100359099-15843
                         Account Name:        MAS53646
                         Account Domain:        MAS-NOIDA

                     Attributes:
                         SAM Account Name:    MAS53646
                         Display Name:        JADAV NEEL HIRABHAI
                         User Principal Name:    MAS53646@mas-noida.com
                         Home Directory:        -
                         Home Drive:        -
                         Script Path:        -
                         Profile Path:        -
                         User Workstations:    -
                         Password Last Set:    %%1794
                         Account Expires:        %%1794
                         Primary Group ID:    513
                         Allowed To Delegate To:    -
                         Old UAC Value:        0x0
                         New UAC Value:        0x15
                         User Account Control:
                             %%2080
                             %%2082
                             %%2084
                         User Parameters:    -
                         SID History:        -
                         Logon Hours:        %%1793

                     Additional Information:
                         Privileges        -
Source             : Microsoft-Windows-Security-Auditing
ReplacementStrings : {MAS53646, MAS-NOIDA, S-1-5-21-2373504117-2689643630-3100359099-15843,
                     S-1-5-21-2373504117-2689643630-3100359099-1499...}
InstanceId         : 4720
TimeGenerated      : 9/1/2023 12:22:50 PM
TimeWritten        : 9/1/2023 12:22:50 PM
UserName           :
Site               :
Container          :

EventID            : 4720
MachineName        : DC.mas-noida.com
Data               : {}
Index              : 39791019
Category           : (13824)
CategoryNumber     : 13824
EntryType          : SuccessAudit
Message            : A user account was created.

                     Subject:
                         Security ID:        S-1-5-21-2373504117-2689643630-3100359099-1499
                         Account Name:        anupk
                         Account Domain:        MAS-NOIDA
                         Logon ID:        0x169b026a9

                     New Account:
                         Security ID:        S-1-5-21-2373504117-2689643630-3100359099-15842
                         Account Name:        MAS53647
                         Account Domain:        MAS-NOIDA

                     Attributes:
                         SAM Account Name:    MAS53647
                         Display Name:        AAKASH MORE
                         User Principal Name:    MAS53647@mas-noida.com
                         Home Directory:        -
                         Home Drive:        -
                         Script Path:        -
                         Profile Path:        -
                         User Workstations:    -
                         Password Last Set:    %%1794
                         Account Expires:        %%1794
                         Primary Group ID:    513
                         Allowed To Delegate To:    -
                         Old UAC Value:        0x0
                         New UAC Value:        0x15
                         User Account Control:
                             %%2080
                             %%2082
                             %%2084
                         User Parameters:    -
                         SID History:        -
                         Logon Hours:        %%1793

                     Additional Information:
                         Privileges        -
Source             : Microsoft-Windows-Security-Auditing
ReplacementStrings : {MAS53647, MAS-NOIDA, S-1-5-21-2373504117-2689643630-3100359099-15842,
                     S-1-5-21-2373504117-2689643630-3100359099-1499...}
InstanceId         : 4720
TimeGenerated      : 9/1/2023 12:20:46 PM
TimeWritten        : 9/1/2023 12:20:46 PM
UserName           :
Site               :
Container          :

EventID            : 4720
MachineName        : DC.mas-noida.com
Data               : {}
Index              : 39790837
Category           : (13824)
CategoryNumber     : 13824
EntryType          : SuccessAudit
Message            : A user account was created.

                     Subject:
                         Security ID:        S-1-5-21-2373504117-2689643630-3100359099-1499
                         Account Name:        anupk
                         Account Domain:        MAS-NOIDA
                         Logon ID:        0x169b026a9

                     New Account:
                         Security ID:        S-1-5-21-2373504117-2689643630-3100359099-15841
                         Account Name:        MAS53648
                         Account Domain:        MAS-NOIDA

                     Attributes:
                         SAM Account Name:    MAS53648
                         Display Name:        PAWAR SAHIL SANTOSH
                         User Principal Name:    MAS53648@mas-noida.com
                         Home Directory:        -
                         Home Drive:        -
                         Script Path:        -
                         Profile Path:        -
                         User Workstations:    -
                         Password Last Set:    %%1794
                         Account Expires:        %%1794
                         Primary Group ID:    513
                         Allowed To Delegate To:    -
                         Old UAC Value:        0x0
                         New UAC Value:        0x15
                         User Account Control:
                             %%2080
                             %%2082
                             %%2084
                         User Parameters:    -
                         SID History:        -
                         Logon Hours:        %%1793

                     Additional Information:
                         Privileges        -
Source             : Microsoft-Windows-Security-Auditing
ReplacementStrings : {MAS53648, MAS-NOIDA, S-1-5-21-2373504117-2689643630-3100359099-15841,
                     S-1-5-21-2373504117-2689643630-3100359099-1499...}
InstanceId         : 4720
TimeGenerated      : 9/1/2023 12:19:51 PM
TimeWritten        : 9/1/2023 12:19:51 PM
UserName           :
Site               :
Container          :


Windows PowerShell
Copyright (C) 2014 Microsoft Corporation. All rights reserved.

PS C:\Windows\system32> Get-EventLog -LogName Security | Where-Object {$_.EventID -eq 4720} | Select-Object -Property *


EventID            : 4720
MachineName        : DC.mas-noida.com
Data               : {}
Index              : 40043393
Category           : (13824)
CategoryNumber     : 13824
EntryType          : SuccessAudit
Message            : A user account was created.

                     Subject:
                         Security ID:        S-1-5-21-2373504117-2689643630-3100359099-1499
                         Account Name:        anupk
                         Account Domain:        MAS-NOIDA
                         Logon ID:        0x187c0e1d6

                     New Account:
                         Security ID:        S-1-5-21-2373504117-2689643630-3100359099-15879
                         Account Name:        MAS53674
                         Account Domain:        MAS-NOIDA

                     Attributes:
                         SAM Account Name:    MAS53674
                         Display Name:        SANOJ KUMAR
                         User Principal Name:    MAS53674@mas-noida.com
                         Home Directory:        -
                         Home Drive:        -
                         Script Path:        -
                         Profile Path:        -
                         User Workstations:    -
                         Password Last Set:    %%1794
                         Account Expires:        %%1794
                         Primary Group ID:    513
                         Allowed To Delegate To:    -
                         Old UAC Value:        0x0
                         New UAC Value:        0x15
                         User Account Control:
                             %%2080
                             %%2082
                             %%2084
                         User Parameters:    -
                         SID History:        -
                         Logon Hours:        %%1793

                     Additional Information:
                         Privileges        -
Source             : Microsoft-Windows-Security-Auditing
ReplacementStrings : {MAS53674, MAS-NOIDA, S-1-5-21-2373504117-2689643630-3100359099-15879,
                     S-1-5-21-2373504117-2689643630-3100359099-1499...}
InstanceId         : 4720
TimeGenerated      : 9/2/2023 4:35:08 PM
TimeWritten        : 9/2/2023 4:35:08 PM
UserName           :
Site               :
Container          :

EventID            : 4720
MachineName        : DC.mas-noida.com
Data               : {}
Index              : 40043232
Category           : (13824)
CategoryNumber     : 13824
EntryType          : SuccessAudit
Message            : A user account was created.

                     Subject:
                         Security ID:        S-1-5-21-2373504117-2689643630-3100359099-1499
                         Account Name:        anupk
                         Account Domain:        MAS-NOIDA
                         Logon ID:        0x187c0e1d6

                     New Account:
                         Security ID:        S-1-5-21-2373504117-2689643630-3100359099-15878
                         Account Name:        MAS53673
                         Account Domain:        MAS-NOIDA

                     Attributes:
                         SAM Account Name:    MAS53673
                         Display Name:        VICKEY GUPTA
                         User Principal Name:    MAS53673@mas-noida.com
                         Home Directory:        -
                         Home Drive:        -
                         Script Path:        -
                         Profile Path:        -
                         User Workstations:    -
                         Password Last Set:    %%1794
                         Account Expires:        %%1794
                         Primary Group ID:    513
                         Allowed To Delegate To:    -
                         Old UAC Value:        0x0
                         New UAC Value:        0x15
                         User Account Control:
                             %%2080
                             %%2082
                             %%2084
                         User Parameters:    -
                         SID History:        -
                         Logon Hours:        %%1793

                     Additional Information:
                         Privileges        -
Source             : Microsoft-Windows-Security-Auditing
ReplacementStrings : {MAS53673, MAS-NOIDA, S-1-5-21-2373504117-2689643630-3100359099-15878,
                     S-1-5-21-2373504117-2689643630-3100359099-1499...}
InstanceId         : 4720
TimeGenerated      : 9/2/2023 4:34:25 PM
TimeWritten        : 9/2/2023 4:34:25 PM
UserName           :
Site               :
Container          :

EventID            : 4720
MachineName        : DC.mas-noida.com
Data               : {}
Index              : 40043123
Category           : (13824)
CategoryNumber     : 13824
EntryType          : SuccessAudit
Message            : A user account was created.

                     Subject:
                         Security ID:        S-1-5-21-2373504117-2689643630-3100359099-1499
                         Account Name:        anupk
                         Account Domain:        MAS-NOIDA
                         Logon ID:        0x187c0e1d6

                     New Account:
                         Security ID:        S-1-5-21-2373504117-2689643630-3100359099-15877
                         Account Name:        MAS53672
                         Account Domain:        MAS-NOIDA

                     Attributes:
                         SAM Account Name:    MAS53672
                         Display Name:        PRIYANSHU BISHT
                         User Principal Name:    MAS53672@mas-noida.com
                         Home Directory:        -
                         Home Drive:        -
                         Script Path:        -
                         Profile Path:        -
                         User Workstations:    -
                         Password Last Set:    %%1794
                         Account Expires:        %%1794
                         Primary Group ID:    513
                         Allowed To Delegate To:    -
                         Old UAC Value:        0x0
                         New UAC Value:        0x15
                         User Account Control:
                             %%2080
                             %%2082
                             %%2084
                         User Parameters:    -
                         SID History:        -
                         Logon Hours:        %%1793

                     Additional Information:
                         Privileges        -
Source             : Microsoft-Windows-Security-Auditing
ReplacementStrings : {MAS53672, MAS-NOIDA, S-1-5-21-2373504117-2689643630-3100359099-15877,
                     S-1-5-21-2373504117-2689643630-3100359099-1499...}
InstanceId         : 4720
TimeGenerated      : 9/2/2023 4:33:52 PM
TimeWritten        : 9/2/2023 4:33:52 PM
UserName           :
Site               :
Container          :

EventID            : 4720
MachineName        : DC.mas-noida.com
Data               : {}
Index              : 40042507
Category           : (13824)
CategoryNumber     : 13824
EntryType          : SuccessAudit
Message            : A user account was created.

                     Subject:
                         Security ID:        S-1-5-21-2373504117-2689643630-3100359099-1499
                         Account Name:        anupk
                         Account Domain:        MAS-NOIDA
                         Logon ID:        0x187c0e1d6

                     New Account:
                         Security ID:        S-1-5-21-2373504117-2689643630-3100359099-15876
                         Account Name:        MAS53671
                         Account Domain:        MAS-NOIDA

                     Attributes:
                         SAM Account Name:    MAS53671
                         Display Name:        MRITUNJAY KUMAR JAISWAL
                         User Principal Name:    MAS53671@mas-noida.com
                         Home Directory:        -
                         Home Drive:        -
                         Script Path:        -
                         Profile Path:        -
                         User Workstations:    -
                         Password Last Set:    %%1794
                         Account Expires:        %%1794
                         Primary Group ID:    513
                         Allowed To Delegate To:    -
                         Old UAC Value:        0x0
                         New UAC Value:        0x15
                         User Account Control:
                             %%2080
                             %%2082
                             %%2084
                         User Parameters:    -
                         SID History:        -
                         Logon Hours:        %%1793

                     Additional Information:
                         Privileges        -
Source             : Microsoft-Windows-Security-Auditing
ReplacementStrings : {MAS53671, MAS-NOIDA, S-1-5-21-2373504117-2689643630-3100359099-15876,
                     S-1-5-21-2373504117-2689643630-3100359099-1499...}
InstanceId         : 4720
TimeGenerated      : 9/2/2023 4:30:26 PM
TimeWritten        : 9/2/2023 4:30:26 PM
UserName           :
Site               :
Container          :

