Source             : Microsoft-Windows-Security-Auditing
ReplacementStrings : {MAS48463, MAS-NOIDA, S-1-5-21-2373504117-2689643630-3100359099-5827,
                     S-1-5-21-2373504117-2689643630-3100359099-1499...}
InstanceId         : 4726
TimeGenerated      : 3/2/2023 9:37:33 AM
TimeWritten        : 3/2/2023 9:37:33 AM
UserName           :
Site               :
Container          :

EventID            : 4726
MachineName        : DC.mas-noida.com
Data               : {}
Index              : 9121659
Category           : (13824)
CategoryNumber     : 13824
EntryType          : SuccessAudit
Message            : A user account was deleted.

                     Subject:
                         Security ID:        S-1-5-21-2373504117-2689643630-3100359099-1499
                         Account Name:        anupk
                         Account Domain:        MAS-NOIDA
                         Logon ID:        0xd1c62

                     Target Account:
                         Security ID:        S-1-5-21-2373504117-2689643630-3100359099-5814
                         Account Name:        MAS48464
                         Account Domain:        MAS-NOIDA

                     Additional Information:
                         Privileges    -
Source             : Microsoft-Windows-Security-Auditing
ReplacementStrings : {MAS48464, MAS-NOIDA, S-1-5-21-2373504117-2689643630-3100359099-5814,
                     S-1-5-21-2373504117-2689643630-3100359099-1499...}
InstanceId         : 4726
TimeGenerated      : 3/2/2023 9:37:33 AM
TimeWritten        : 3/2/2023 9:37:33 AM
UserName           :
Site               :
Container          :

EventID            : 4726
MachineName        : DC.mas-noida.com
Data               : {}
Index              : 9121658
Category           : (13824)
CategoryNumber     : 13824
EntryType          : SuccessAudit
Message            : A user account was deleted.

                     Subject:
                         Security ID:        S-1-5-21-2373504117-2689643630-3100359099-1499
                         Account Name:        anupk
                         Account Domain:        MAS-NOIDA
                         Logon ID:        0xd1c62

                     Target Account:
                         Security ID:        S-1-5-21-2373504117-2689643630-3100359099-5821
                         Account Name:        MAS48472
                         Account Domain:        MAS-NOIDA

                     Additional Information:
                         Privileges    -
Source             : Microsoft-Windows-Security-Auditing
ReplacementStrings : {MAS48472, MAS-NOIDA, S-1-5-21-2373504117-2689643630-3100359099-5821,
                     S-1-5-21-2373504117-2689643630-3100359099-1499...}
InstanceId         : 4726
TimeGenerated      : 3/2/2023 9:37:33 AM
TimeWritten        : 3/2/2023 9:37:33 AM
UserName           :
Site               :
Container          :

EventID            : 4726
MachineName        : DC.mas-noida.com
Data               : {}
Index              : 9121657
Category           : (13824)
CategoryNumber     : 13824
EntryType          : SuccessAudit
Message            : A user account was deleted.

                     Subject:
                         Security ID:        S-1-5-21-2373504117-2689643630-3100359099-1499
                         Account Name:        anupk
                         Account Domain:        MAS-NOIDA
                         Logon ID:        0xd1c62

                     Target Account:
                         Security ID:        S-1-5-21-2373504117-2689643630-3100359099-5829
                         Account Name:        MAS48473
                         Account Domain:        MAS-NOIDA

                     Additional Information:
                         Privileges    -
Source             : Microsoft-Windows-Security-Auditing
ReplacementStrings : {MAS48473, MAS-NOIDA, S-1-5-21-2373504117-2689643630-3100359099-5829,
                     S-1-5-21-2373504117-2689643630-3100359099-1499...}
InstanceId         : 4726
TimeGenerated      : 3/2/2023 9:37:33 AM
TimeWritten        : 3/2/2023 9:37:33 AM
UserName           :
Site               :
Container          :

EventID            : 4726
MachineName        : DC.mas-noida.com
Data               : {}
Index              : 9121656
Category           : (13824)
CategoryNumber     : 13824
EntryType          : SuccessAudit
Message            : A user account was deleted.

                     Subject:
                         Security ID:        S-1-5-21-2373504117-2689643630-3100359099-1499
                         Account Name:        anupk
                         Account Domain:        MAS-NOIDA
                         Logon ID:        0xd1c62

                     Target Account:
                         Security ID:        S-1-5-21-2373504117-2689643630-3100359099-4160
                         Account Name:        MAS48475
                         Account Domain:        MAS-NOIDA

                     Additional Information:
                         Privileges    -
Source             : Microsoft-Windows-Security-Auditing
ReplacementStrings : {MAS48475, MAS-NOIDA, S-1-5-21-2373504117-2689643630-3100359099-4160,
                     S-1-5-21-2373504117-2689643630-3100359099-1499...}
InstanceId         : 4726
TimeGenerated      : 3/2/2023 9:37:33 AM
TimeWritten        : 3/2/2023 9:37:33 AM
UserName           :
Site               :
Container          :

EventID            : 4726
MachineName        : DC.mas-noida.com
Data               : {}
Index              : 9121655
Category           : (13824)
CategoryNumber     : 13824
EntryType          : SuccessAudit
Message            : A user account was deleted.

                     Subject:
                         Security ID:        S-1-5-21-2373504117-2689643630-3100359099-1499
                         Account Name:        anupk
                         Account Domain:        MAS-NOIDA
                         Logon ID:        0xd1c62

                     Target Account:
                         Security ID:        S-1-5-21-2373504117-2689643630-3100359099-5830
                         Account Name:        MAS48476
                         Account Domain:        MAS-NOIDA

                     Additional Information:
                         Privileges    -
Source             : Microsoft-Windows-Security-Auditing
ReplacementStrings : {MAS48476, MAS-NOIDA, S-1-5-21-2373504117-2689643630-3100359099-5830,
                     S-1-5-21-2373504117-2689643630-3100359099-1499...}
InstanceId         : 4726
TimeGenerated      : 3/2/2023 9:37:32 AM
TimeWritten        : 3/2/2023 9:37:32 AM
UserName           :
Site               :
Container          :

EventID            : 4726
MachineName        : DC.mas-noida.com
Data               : {}
Index              : 9121654
Category           : (13824)
CategoryNumber     : 13824
EntryType          : SuccessAudit
Message            : A user account was deleted.

                     Subject:
                         Security ID:        S-1-5-21-2373504117-2689643630-3100359099-1499
                         Account Name:        anupk
                         Account Domain:        MAS-NOIDA
                         Logon ID:        0xd1c62

                     Target Account:
                         Security ID:        S-1-5-21-2373504117-2689643630-3100359099-5812
                         Account Name:        MAS48602
                         Account Domain:        MAS-NOIDA

                     Additional Information:
                         Privileges    -
Source             : Microsoft-Windows-Security-Auditing
ReplacementStrings : {MAS48602, MAS-NOIDA, S-1-5-21-2373504117-2689643630-3100359099-5812,
                     S-1-5-21-2373504117-2689643630-3100359099-1499...}
InstanceId         : 4726
TimeGenerated      : 3/2/2023 9:37:32 AM
TimeWritten        : 3/2/2023 9:37:32 AM
UserName           :
Site               :
Container          :

EventID            : 4726
MachineName        : DC.mas-noida.com
Data               : {}
Index              : 9121653
Category           : (13824)
CategoryNumber     : 13824
EntryType          : SuccessAudit
Message            : A user account was deleted.

                     Subject:
                         Security ID:        S-1-5-21-2373504117-2689643630-3100359099-1499
                         Account Name:        anupk
                         Account Domain:        MAS-NOIDA
                         Logon ID:        0xd1c62

                     Target Account:
                         Security ID:        S-1-5-21-2373504117-2689643630-3100359099-5815
                         Account Name:        MAS48603
                         Account Domain:        MAS-NOIDA

                     Additional Information:
                         Privileges    -
Source             : Microsoft-Windows-Security-Auditing
ReplacementStrings : {MAS48603, MAS-NOIDA, S-1-5-21-2373504117-2689643630-3100359099-5815,
                     S-1-5-21-2373504117-2689643630-3100359099-1499...}
InstanceId         : 4726
TimeGenerated      : 3/2/2023 9:37:32 AM
TimeWritten        : 3/2/2023 9:37:32 AM
UserName           :
Site               :
Container          :

EventID            : 4726
MachineName        : DC.mas-noida.com
Data               : {}
Index              : 9121652
Category           : (13824)
CategoryNumber     : 13824
EntryType          : SuccessAudit
Message            : A user account was deleted.

                     Subject:
                         Security ID:        S-1-5-21-2373504117-2689643630-3100359099-1499
                         Account Name:        anupk
                         Account Domain:        MAS-NOIDA
                         Logon ID:        0xd1c62

                     Target Account:
                         Security ID:        S-1-5-21-2373504117-2689643630-3100359099-5796
                         Account Name:        MAS48685
                         Account Domain:        MAS-NOIDA

                     Additional Information:
                         Privileges    -
Source             : Microsoft-Windows-Security-Auditing
ReplacementStrings : {MAS48685, MAS-NOIDA, S-1-5-21-2373504117-2689643630-3100359099-5796,
                     S-1-5-21-2373504117-2689643630-3100359099-1499...}
InstanceId         : 4726
TimeGenerated      : 3/2/2023 9:37:32 AM
TimeWritten        : 3/2/2023 9:37:32 AM
UserName           :
Site               :
Container          :

EventID            : 4726
MachineName        : DC.mas-noida.com
Data               : {}
Index              : 9121651
Category           : (13824)
CategoryNumber     : 13824
EntryType          : SuccessAudit
Message            : A user account was deleted.

                     Subject:
                         Security ID:        S-1-5-21-2373504117-2689643630-3100359099-1499
                         Account Name:        anupk
                         Account Domain:        MAS-NOIDA
                         Logon ID:        0xd1c62

                     Target Account:
                         Security ID:        S-1-5-21-2373504117-2689643630-3100359099-5800
                         Account Name:        MAS48687
                         Account Domain:        MAS-NOIDA

                     Additional Information:
                         Privileges    -
Source             : Microsoft-Windows-Security-Auditing
ReplacementStrings : {MAS48687, MAS-NOIDA, S-1-5-21-2373504117-2689643630-3100359099-5800,
                     S-1-5-21-2373504117-2689643630-3100359099-1499...}
InstanceId         : 4726
TimeGenerated      : 3/2/2023 9:37:32 AM
TimeWritten        : 3/2/2023 9:37:32 AM
UserName           :
Site               :
Container          :

EventID            : 4726
MachineName        : DC.mas-noida.com
Data               : {}
Index              : 9121650
Category           : (13824)
CategoryNumber     : 13824
EntryType          : SuccessAudit
Message            : A user account was deleted.

                     Subject:
                         Security ID:        S-1-5-21-2373504117-2689643630-3100359099-1499
                         Account Name:        anupk
                         Account Domain:        MAS-NOIDA
                         Logon ID:        0xd1c62

                     Target Account:
                         Security ID:        S-1-5-21-2373504117-2689643630-3100359099-5795
                         Account Name:        MAS48690
                         Account Domain:        MAS-NOIDA

                     Additional Information:
                         Privileges    -
Source             : Microsoft-Windows-Security-Auditing
ReplacementStrings : {MAS48690, MAS-NOIDA, S-1-5-21-2373504117-2689643630-3100359099-5795,
                     S-1-5-21-2373504117-2689643630-3100359099-1499...}
InstanceId         : 4726
TimeGenerated      : 3/2/2023 9:37:32 AM
TimeWritten        : 3/2/2023 9:37:32 AM
UserName           :
Site               :
Container          :

EventID            : 4726
MachineName        : DC.mas-noida.com
Data               : {}
Index              : 9121649
Category           : (13824)
CategoryNumber     : 13824
EntryType          : SuccessAudit
Message            : A user account was deleted.

                     Subject:
                         Security ID:        S-1-5-21-2373504117-2689643630-3100359099-1499
                         Account Name:        anupk
                         Account Domain:        MAS-NOIDA
                         Logon ID:        0xd1c62

                     Target Account:
                         Security ID:        S-1-5-21-2373504117-2689643630-3100359099-5817
                         Account Name:        MAS48788
                         Account Domain:        MAS-NOIDA

                     Additional Information:
                         Privileges    -
Source             : Microsoft-Windows-Security-Auditing
ReplacementStrings : {MAS48788, MAS-NOIDA, S-1-5-21-2373504117-2689643630-3100359099-5817,
                     S-1-5-21-2373504117-2689643630-3100359099-1499...}
InstanceId         : 4726
TimeGenerated      : 3/2/2023 9:37:32 AM
TimeWritten        : 3/2/2023 9:37:32 AM
UserName           :
Site               :
Container          :

EventID            : 4726
MachineName        : DC.mas-noida.com
Data               : {}
Index              : 9121648
Category           : (13824)
CategoryNumber     : 13824
EntryType          : SuccessAudit
Message            : A user account was deleted.

                     Subject:
                         Security ID:        S-1-5-21-2373504117-2689643630-3100359099-1499
                         Account Name:        anupk
                         Account Domain:        MAS-NOIDA
                         Logon ID:        0xd1c62

                     Target Account:
                         Security ID:        S-1-5-21-2373504117-2689643630-3100359099-5787
                         Account Name:        MAS48789
                         Account Domain:        MAS-NOIDA

                     Additional Information:
                         Privileges    -
Source             : Microsoft-Windows-Security-Auditing
ReplacementStrings : {MAS48789, MAS-NOIDA, S-1-5-21-2373504117-2689643630-3100359099-5787,
                     S-1-5-21-2373504117-2689643630-3100359099-1499...}
InstanceId         : 4726
TimeGenerated      : 3/2/2023 9:37:32 AM
TimeWritten        : 3/2/2023 9:37:32 AM
UserName           :
Site               :
Container          :

EventID            : 4726
MachineName        : DC.mas-noida.com
Data               : {}
Index              : 9121647
Category           : (13824)
CategoryNumber     : 13824
EntryType          : SuccessAudit
Message            : A user account was deleted.

                     Subject:
                         Security ID:        S-1-5-21-2373504117-2689643630-3100359099-1499
                         Account Name:        anupk
                         Account Domain:        MAS-NOIDA
                         Logon ID:        0xd1c62

                     Target Account:
                         Security ID:        S-1-5-21-2373504117-2689643630-3100359099-5819
                         Account Name:        MAS48790
                         Account Domain:        MAS-NOIDA

                     Additional Information:
                         Privileges    -
Source             : Microsoft-Windows-Security-Auditing
ReplacementStrings : {MAS48790, MAS-NOIDA, S-1-5-21-2373504117-2689643630-3100359099-5819,
                     S-1-5-21-2373504117-2689643630-3100359099-1499...}
InstanceId         : 4726
TimeGenerated      : 3/2/2023 9:37:32 AM
TimeWritten        : 3/2/2023 9:37:32 AM
UserName           :
Site               :
Container          :

EventID            : 4726
MachineName        : DC.mas-noida.com
Data               : {}
Index              : 9121646
Category           : (13824)
CategoryNumber     : 13824
EntryType          : SuccessAudit
Message            : A user account was deleted.

                     Subject:
                         Security ID:        S-1-5-21-2373504117-2689643630-3100359099-1499
                         Account Name:        anupk
                         Account Domain:        MAS-NOIDA
                         Logon ID:        0xd1c62

                     Target Account:
                         Security ID:        S-1-5-21-2373504117-2689643630-3100359099-5835
                         Account Name:        MAS49014
                         Account Domain:        MAS-NOIDA

                     Additional Information:
                         Privileges    -
Source             : Microsoft-Windows-Security-Auditing
ReplacementStrings : {MAS49014, MAS-NOIDA, S-1-5-21-2373504117-2689643630-3100359099-5835,
                     S-1-5-21-2373504117-2689643630-3100359099-1499...}
InstanceId         : 4726
TimeGenerated      : 3/2/2023 9:37:32 AM
TimeWritten        : 3/2/2023 9:37:32 AM
UserName           :
Site               :
Container          :

EventID            : 4726
MachineName        : DC.mas-noida.com
Data               : {}
Index              : 9121645
Category           : (13824)
CategoryNumber     : 13824
EntryType          : SuccessAudit
Message            : A user account was deleted.

                     Subject:
                         Security ID:        S-1-5-21-2373504117-2689643630-3100359099-1499
                         Account Name:        anupk
                         Account Domain:        MAS-NOIDA
                         Logon ID:        0xd1c62

                     Target Account:
                         Security ID:        S-1-5-21-2373504117-2689643630-3100359099-5803
                         Account Name:        MAS49015
                         Account Domain:        MAS-NOIDA

                     Additional Information:
                         Privileges    -
Source             : Microsoft-Windows-Security-Auditing
ReplacementStrings : {MAS49015, MAS-NOIDA, S-1-5-21-2373504117-2689643630-3100359099-5803,
                     S-1-5-21-2373504117-2689643630-3100359099-1499...}
InstanceId         : 4726
TimeGenerated      : 3/2/2023 9:37:32 AM
TimeWritten        : 3/2/2023 9:37:32 AM
UserName           :
Site               :
Container          :

EventID            : 4726
MachineName        : DC.mas-noida.com
Data               : {}
Index              : 9121644
Category           : (13824)
CategoryNumber     : 13824
EntryType          : SuccessAudit
Message            : A user account was deleted.

                     Subject:
                         Security ID:        S-1-5-21-2373504117-2689643630-3100359099-1499
                         Account Name:        anupk
                         Account Domain:        MAS-NOIDA
                         Logon ID:        0xd1c62

                     Target Account:
                         Security ID:        S-1-5-21-2373504117-2689643630-3100359099-5825
                         Account Name:        MAS49017
                         Account Domain:        MAS-NOIDA

                     Additional Information:
                         Privileges    -
Source             : Microsoft-Windows-Security-Auditing
ReplacementStrings : {MAS49017, MAS-NOIDA, S-1-5-21-2373504117-2689643630-3100359099-5825,
                     S-1-5-21-2373504117-2689643630-3100359099-1499...}
InstanceId         : 4726
TimeGenerated      : 3/2/2023 9:37:32 AM
TimeWritten        : 3/2/2023 9:37:32 AM
UserName           :
Site               :
Container          :

EventID            : 4726
MachineName        : DC.mas-noida.com
Data               : {}
Index              : 9121643
Category           : (13824)
CategoryNumber     : 13824
EntryType          : SuccessAudit
Message            : A user account was deleted.

                     Subject:
                         Security ID:        S-1-5-21-2373504117-2689643630-3100359099-1499
                         Account Name:        anupk
                         Account Domain:        MAS-NOIDA
                         Logon ID:        0xd1c62

                     Target Account:
                         Security ID:        S-1-5-21-2373504117-2689643630-3100359099-5833
                         Account Name:        MAS49018
                         Account Domain:        MAS-NOIDA

                     Additional Information:
                         Privileges    -
Source             : Microsoft-Windows-Security-Auditing
ReplacementStrings : {MAS49018, MAS-NOIDA, S-1-5-21-2373504117-2689643630-3100359099-5833,
                     S-1-5-21-2373504117-2689643630-3100359099-1499...}
InstanceId         : 4726
TimeGenerated      : 3/2/2023 9:37:32 AM
TimeWritten        : 3/2/2023 9:37:32 AM
UserName           :
Site               :
Container          :

EventID            : 4726
MachineName        : DC.mas-noida.com
Data               : {}
Index              : 9121642
Category           : (13824)
CategoryNumber     : 13824
EntryType          : SuccessAudit
Message            : A user account was deleted.

                     Subject:
                         Security ID:        S-1-5-21-2373504117-2689643630-3100359099-1499
                         Account Name:        anupk
                         Account Domain:        MAS-NOIDA
                         Logon ID:        0xd1c62

                     Target Account:
                         Security ID:        S-1-5-21-2373504117-2689643630-3100359099-5834
                         Account Name:        MAS49085
                         Account Domain:        MAS-NOIDA

                     Additional Information:
                         Privileges    -
Source             : Microsoft-Windows-Security-Auditing
ReplacementStrings : {MAS49085, MAS-NOIDA, S-1-5-21-2373504117-2689643630-3100359099-5834,
                     S-1-5-21-2373504117-2689643630-3100359099-1499...}
InstanceId         : 4726
TimeGenerated      : 3/2/2023 9:37:32 AM
TimeWritten        : 3/2/2023 9:37:32 AM
UserName           :
Site               :
Container          :

EventID            : 4726
MachineName        : DC.mas-noida.com
Data               : {}
Index              : 9121641
Category           : (13824)
CategoryNumber     : 13824
EntryType          : SuccessAudit
Message            : A user account was deleted.

                     Subject:
                         Security ID:        S-1-5-21-2373504117-2689643630-3100359099-1499
                         Account Name:        anupk
                         Account Domain:        MAS-NOIDA
                         Logon ID:        0xd1c62

                     Target Account:
                         Security ID:        S-1-5-21-2373504117-2689643630-3100359099-5838
                         Account Name:        MAS49164
                         Account Domain:        MAS-NOIDA

                     Additional Information:
                         Privileges    -
Source             : Microsoft-Windows-Security-Auditing
ReplacementStrings : {MAS49164, MAS-NOIDA, S-1-5-21-2373504117-2689643630-3100359099-5838,
                     S-1-5-21-2373504117-2689643630-3100359099-1499...}
InstanceId         : 4726
TimeGenerated      : 3/2/2023 9:37:32 AM
TimeWritten        : 3/2/2023 9:37:32 AM
UserName           :
Site               :
Container          :

EventID            : 4726
MachineName        : DC.mas-noida.com
Data               : {}
Index              : 9121640
Category           : (13824)
CategoryNumber     : 13824
EntryType          : SuccessAudit
Message            : A user account was deleted.

                     Subject:
                         Security ID:        S-1-5-21-2373504117-2689643630-3100359099-1499
                         Account Name:        anupk
                         Account Domain:        MAS-NOIDA
                         Logon ID:        0xd1c62

                     Target Account:
                         Security ID:        S-1-5-21-2373504117-2689643630-3100359099-5836
                         Account Name:        MAS49165
                         Account Domain:        MAS-NOIDA

                     Additional Information:
                         Privileges    -
Source             : Microsoft-Windows-Security-Auditing
ReplacementStrings : {MAS49165, MAS-NOIDA, S-1-5-21-2373504117-2689643630-3100359099-5836,
                     S-1-5-21-2373504117-2689643630-3100359099-1499...}
InstanceId         : 4726
TimeGenerated      : 3/2/2023 9:37:32 AM
TimeWritten        : 3/2/2023 9:37:32 AM
UserName           :
Site               :
Container          :

EventID            : 4726
MachineName        : DC.mas-noida.com
Data               : {}
Index              : 9121639
Category           : (13824)
CategoryNumber     : 13824
EntryType          : SuccessAudit
Message            : A user account was deleted.

                     Subject:
                         Security ID:        S-1-5-21-2373504117-2689643630-3100359099-1499
                         Account Name:        anupk
                         Account Domain:        MAS-NOIDA
                         Logon ID:        0xd1c62

                     Target Account:
                         Security ID:        S-1-5-21-2373504117-2689643630-3100359099-5824
                         Account Name:        MAS49166
                         Account Domain:        MAS-NOIDA

                     Additional Information:
                         Privileges    -
Source             : Microsoft-Windows-Security-Auditing
ReplacementStrings : {MAS49166, MAS-NOIDA, S-1-5-21-2373504117-2689643630-3100359099-5824,
                     S-1-5-21-2373504117-2689643630-3100359099-1499...}
InstanceId         : 4726
TimeGenerated      : 3/2/2023 9:37:32 AM
TimeWritten        : 3/2/2023 9:37:32 AM
UserName           :
Site               :
Container          :

EventID            : 4726
MachineName        : DC.mas-noida.com
Data               : {}
Index              : 9121636
Category           : (13824)
CategoryNumber     : 13824
EntryType          : SuccessAudit
Message            : A user account was deleted.

                     Subject:
                         Security ID:        S-1-5-21-2373504117-2689643630-3100359099-1499
                         Account Name:        anupk
                         Account Domain:        MAS-NOIDA
                         Logon ID:        0xd1c62

                     Target Account:
                         Security ID:        S-1-5-21-2373504117-2689643630-3100359099-5837
                         Account Name:        MAS49167
                         Account Domain:        MAS-NOIDA

                     Additional Information:
                         Privileges    -
Source             : Microsoft-Windows-Security-Auditing
ReplacementStrings : {MAS49167, MAS-NOIDA, S-1-5-21-2373504117-2689643630-3100359099-5837,
                     S-1-5-21-2373504117-2689643630-3100359099-1499...}
InstanceId         : 4726
TimeGenerated      : 3/2/2023 9:37:32 AM
TimeWritten        : 3/2/2023 9:37:32 AM
UserName           :
Site               :
Container          :

EventID            : 4726
MachineName        : DC.mas-noida.com
Data               : {}
Index              : 8977584
Category           : (13824)
CategoryNumber     : 13824
EntryType          : SuccessAudit
Message            : A user account was deleted.

                     Subject:
                         Security ID:        S-1-5-21-2373504117-2689643630-3100359099-1499
                         Account Name:        anupk
                         Account Domain:        MAS-NOIDA
                         Logon ID:        0xd1c62

                     Target Account:
                         Security ID:        S-1-5-21-2373504117-2689643630-3100359099-9716
                         Account Name:        MAS51587
                         Account Domain:        MAS-NOIDA

                     Additional Information:
                         Privileges    -
Source             : Microsoft-Windows-Security-Auditing
ReplacementStrings : {MAS51587, MAS-NOIDA, S-1-5-21-2373504117-2689643630-3100359099-9716,
                     S-1-5-21-2373504117-2689643630-3100359099-1499...}
InstanceId         : 4726
TimeGenerated      : 3/1/2023 2:44:29 PM
TimeWritten        : 3/1/2023 2:44:29 PM
UserName           :
Site               :
Container          :

EventID            : 4726
MachineName        : DC.mas-noida.com
Data               : {}
Index              : 8842057
Category           : (13824)
CategoryNumber     : 13824
EntryType          : SuccessAudit
Message            : A user account was deleted.

                     Subject:
                         Security ID:        S-1-5-21-2373504117-2689643630-3100359099-1499
                         Account Name:        anupk
                         Account Domain:        MAS-NOIDA
                         Logon ID:        0xd1c62

                     Target Account:
                         Security ID:        S-1-5-21-2373504117-2689643630-3100359099-12517
                         Account Name:        IDC51948
                         Account Domain:        MAS-NOIDA

                     Additional Information:
                         Privileges    -

Windows PowerShell
Copyright (C) 2014 Microsoft Corporation. All rights reserved.

PS C:\Users\Administrator.MAS-NOIDA> Get-EventLog -LogName Security | Where-Object {$_.EventID -eq 4726} | Select-Object
 -Property *


EventID            : 4726
MachineName        : DC.mas-noida.com
Data               : {}
Index              : 19404987
Category           : (13824)
CategoryNumber     : 13824
EntryType          : SuccessAudit
Message            : A user account was deleted.

                     Subject:
                         Security ID:        S-1-5-21-2373504117-2689643630-3100359099-1499
                         Account Name:        anupk
                         Account Domain:        MAS-NOIDA
                         Logon ID:        0xe9ca810

                     Target Account:
                         Security ID:        S-1-5-21-2373504117-2689643630-3100359099-13309
                         Account Name:        MAS52369
                         Account Domain:        MAS-NOIDA

                     Additional Information:
                         Privileges    -
Source             : Microsoft-Windows-Security-Auditing
ReplacementStrings : {MAS52369, MAS-NOIDA, S-1-5-21-2373504117-2689643630-3100359099-13309,
                     S-1-5-21-2373504117-2689643630-3100359099-1499...}
InstanceId         : 4726
TimeGenerated      : 5/1/2023 11:46:05 AM
TimeWritten        : 5/1/2023 11:46:05 AM
UserName           :
Site               :
Container          :

EventID            : 4726
MachineName        : DC.mas-noida.com
Data               : {}
Index              : 19404947
Category           : (13824)
CategoryNumber     : 13824
EntryType          : SuccessAudit
Message            : A user account was deleted.

                     Subject:
                         Security ID:        S-1-5-21-2373504117-2689643630-3100359099-1499
                         Account Name:        anupk
                         Account Domain:        MAS-NOIDA
                         Logon ID:        0xe9ca810

                     Target Account:
                         Security ID:        S-1-5-21-2373504117-2689643630-3100359099-13307
                         Account Name:        MAS52367
                         Account Domain:        MAS-NOIDA

                     Additional Information:
                         Privileges    -
Source             : Microsoft-Windows-Security-Auditing
ReplacementStrings : {MAS52367, MAS-NOIDA, S-1-5-21-2373504117-2689643630-3100359099-13307,
                     S-1-5-21-2373504117-2689643630-3100359099-1499...}
InstanceId         : 4726
TimeGenerated      : 5/1/2023 11:45:49 AM
TimeWritten        : 5/1/2023 11:45:49 AM
UserName           :
Site               :
Container          :

EventID            : 4726
MachineName        : DC.mas-noida.com
Data               : {}
Index              : 18810244
Category           : (13824)
CategoryNumber     : 13824
EntryType          : SuccessAudit
Message            : A user account was deleted.

                     Subject:
                         Security ID:        S-1-5-21-2373504117-2689643630-3100359099-1499
                         Account Name:        anupk
                         Account Domain:        MAS-NOIDA
                         Logon ID:        0x933b704

                     Target Account:
                         Security ID:        S-1-5-21-2373504117-2689643630-3100359099-12543
                         Account Name:        MAS52003
                         Account Domain:        MAS-NOIDA

                     Additional Information:
                         Privileges    -
Source             : Microsoft-Windows-Security-Auditing
ReplacementStrings : {MAS52003, MAS-NOIDA, S-1-5-21-2373504117-2689643630-3100359099-12543,
                     S-1-5-21-2373504117-2689643630-3100359099-1499...}
InstanceId         : 4726
TimeGenerated      : 4/27/2023 8:53:37 AM
TimeWritten        : 4/27/2023 8:53:37 AM
UserName           :
Site               :
Container          :

EventID            : 4726
MachineName        : DC.mas-noida.com
Data               : {}
Index              : 18810227
Category           : (13824)
CategoryNumber     : 13824
EntryType          : SuccessAudit
Message            : A user account was deleted.

                     Subject:
                         Security ID:        S-1-5-21-2373504117-2689643630-3100359099-1499
                         Account Name:        anupk
                         Account Domain:        MAS-NOIDA
                         Logon ID:        0x933b704

                     Target Account:
                         Security ID:        S-1-5-21-2373504117-2689643630-3100359099-12471
                         Account Name:        MAS51894
                         Account Domain:        MAS-NOIDA

                     Additional Information:
                         Privileges    -
Source             : Microsoft-Windows-Security-Auditing
ReplacementStrings : {MAS51894, MAS-NOIDA, S-1-5-21-2373504117-2689643630-3100359099-12471,
                     S-1-5-21-2373504117-2689643630-3100359099-1499...}
InstanceId         : 4726
TimeGenerated      : 4/27/2023 8:53:26 AM
TimeWritten        : 4/27/2023 8:53:26 AM
UserName           :
Site               :
Container          :

EventID            : 4726
MachineName        : DC.mas-noida.com
Data               : {}
Index              : 18810217
Category           : (13824)
CategoryNumber     : 13824
EntryType          : SuccessAudit
Message            : A user account was deleted.

                     Subject:
                         Security ID:        S-1-5-21-2373504117-2689643630-3100359099-1499
                         Account Name:        anupk
                         Account Domain:        MAS-NOIDA
                         Logon ID:        0x933b704

                     Target Account:
                         Security ID:        S-1-5-21-2373504117-2689643630-3100359099-10663
                         Account Name:        MAS51520
                         Account Domain:        MAS-NOIDA

                     Additional Information:
                         Privileges    -
Source             : Microsoft-Windows-Security-Auditing
ReplacementStrings : {MAS51520, MAS-NOIDA, S-1-5-21-2373504117-2689643630-3100359099-10663,
                     S-1-5-21-2373504117-2689643630-3100359099-1499...}
InstanceId         : 4726
TimeGenerated      : 4/27/2023 8:53:15 AM
TimeWritten        : 4/27/2023 8:53:15 AM
UserName           :
Site               :
Container          :

EventID            : 4726
MachineName        : DC.mas-noida.com
Data               : {}
Index              : 18810206
Category           : (13824)
CategoryNumber     : 13824
EntryType          : SuccessAudit
Message            : A user account was deleted.

                     Subject:
                         Security ID:        S-1-5-21-2373504117-2689643630-3100359099-1499
                         Account Name:        anupk
                         Account Domain:        MAS-NOIDA
                         Logon ID:        0x933b704

                     Target Account:
                         Security ID:        S-1-5-21-2373504117-2689643630-3100359099-10362
                         Account Name:        MAS50831
                         Account Domain:        MAS-NOIDA

                     Additional Information:
                         Privileges    -
Source             : Microsoft-Windows-Security-Auditing
ReplacementStrings : {MAS50831, MAS-NOIDA, S-1-5-21-2373504117-2689643630-3100359099-10362,
                     S-1-5-21-2373504117-2689643630-3100359099-1499...}
InstanceId         : 4726
TimeGenerated      : 4/27/2023 8:53:03 AM
TimeWritten        : 4/27/2023 8:53:03 AM
UserName           :
Site               :
Container          :

EventID            : 4726
MachineName        : DC.mas-noida.com
Data               : {}
Index              : 18810191
Category           : (13824)
CategoryNumber     : 13824
EntryType          : SuccessAudit
Message            : A user account was deleted.

                     Subject:
                         Security ID:        S-1-5-21-2373504117-2689643630-3100359099-1499
                         Account Name:        anupk
                         Account Domain:        MAS-NOIDA
                         Logon ID:        0x933b704

                     Target Account:
                         Security ID:        S-1-5-21-2373504117-2689643630-3100359099-10544
                         Account Name:        MAS51023
                         Account Domain:        MAS-NOIDA

                     Additional Information:
                         Privileges    -
Source             : Microsoft-Windows-Security-Auditing
ReplacementStrings : {MAS51023, MAS-NOIDA, S-1-5-21-2373504117-2689643630-3100359099-10544,
                     S-1-5-21-2373504117-2689643630-3100359099-1499...}
InstanceId         : 4726
TimeGenerated      : 4/27/2023 8:52:48 AM
TimeWritten        : 4/27/2023 8:52:48 AM
UserName           :
Site               :
Container          :

EventID            : 4726
MachineName        : DC.mas-noida.com
Data               : {}
Index              : 18725497
Category           : (13824)
CategoryNumber     : 13824
EntryType          : SuccessAudit
Message            : A user account was deleted.

                     Subject:
                         Security ID:        S-1-5-21-2373504117-2689643630-3100359099-1499
                         Account Name:        anupk
                         Account Domain:        MAS-NOIDA
                         Logon ID:        0x8705f8d

                     Target Account:
                         Security ID:        S-1-5-21-2373504117-2689643630-3100359099-9800
                         Account Name:        MAS52298
                         Account Domain:        MAS-NOIDA

                     Additional Information:
                         Privileges    -
Source             : Microsoft-Windows-Security-Auditing
ReplacementStrings : {MAS52298, MAS-NOIDA, S-1-5-21-2373504117-2689643630-3100359099-9800,
                     S-1-5-21-2373504117-2689643630-3100359099-1499...}
InstanceId         : 4726
TimeGenerated      : 4/26/2023 3:54:20 PM
TimeWritten        : 4/26/2023 3:54:20 PM
UserName           :
Site               :
Container          :

EventID            : 4726
MachineName        : DC.mas-noida.com
Data               : {}
Index              : 18725463
Category           : (13824)
CategoryNumber     : 13824
EntryType          : SuccessAudit
Message            : A user account was deleted.

                     Subject:
                         Security ID:        S-1-5-21-2373504117-2689643630-3100359099-1499
                         Account Name:        anupk
                         Account Domain:        MAS-NOIDA
                         Logon ID:        0x8705f8d

                     Target Account:
                         Security ID:        S-1-5-21-2373504117-2689643630-3100359099-9797
                         Account Name:        MAS52295
                         Account Domain:        MAS-NOIDA

                     Additional Information:
                         Privileges    -
Source             : Microsoft-Windows-Security-Auditing
ReplacementStrings : {MAS52295, MAS-NOIDA, S-1-5-21-2373504117-2689643630-3100359099-9797,
                     S-1-5-21-2373504117-2689643630-3100359099-1499...}
InstanceId         : 4726
TimeGenerated      : 4/26/2023 3:54:05 PM
TimeWritten        : 4/26/2023 3:54:05 PM
UserName           :
Site               :
Container          :

EventID            : 4726
MachineName        : DC.mas-noida.com
Data               : {}
Index              : 18725399
Category           : (13824)
CategoryNumber     : 13824
EntryType          : SuccessAudit
Message            : A user account was deleted.

                     Subject:
                         Security ID:        S-1-5-21-2373504117-2689643630-3100359099-1499
                         Account Name:        anupk
                         Account Domain:        MAS-NOIDA
                         Logon ID:        0x8705f8d

                     Target Account:
                         Security ID:        S-1-5-21-2373504117-2689643630-3100359099-11033
                         Account Name:        MAS52332
                         Account Domain:        MAS-NOIDA

                     Additional Information:
                         Privileges    -
Source             : Microsoft-Windows-Security-Auditing
ReplacementStrings : {MAS52332, MAS-NOIDA, S-1-5-21-2373504117-2689643630-3100359099-11033,
                     S-1-5-21-2373504117-2689643630-3100359099-1499...}
InstanceId         : 4726
TimeGenerated      : 4/26/2023 3:53:45 PM
TimeWritten        : 4/26/2023 3:53:45 PM
UserName           :
Site               :
Container          :

EventID            : 4726
MachineName        : DC.mas-noida.com
Data               : {}
Index              : 18686815
Category           : (13824)
CategoryNumber     : 13824
EntryType          : SuccessAudit
Message            : A user account was deleted.

                     Subject:
                         Security ID:        S-1-5-21-2373504117-2689643630-3100359099-1499
                         Account Name:        anupk
                         Account Domain:        MAS-NOIDA
                         Logon ID:        0x838a6c4

                     Target Account:
                         Security ID:        S-1-5-21-2373504117-2689643630-3100359099-11292
                         Account Name:        MAS51299
                         Account Domain:        MAS-NOIDA

                     Additional Information:
                         Privileges    -
Source             : Microsoft-Windows-Security-Auditing
ReplacementStrings : {MAS51299, MAS-NOIDA, S-1-5-21-2373504117-2689643630-3100359099-11292,
                     S-1-5-21-2373504117-2689643630-3100359099-1499...}
InstanceId         : 4726
TimeGenerated      : 4/26/2023 11:28:09 AM
TimeWritten        : 4/26/2023 11:28:09 AM
UserName           :
Site               :
Container          :

EventID            : 4726
MachineName        : DC.mas-noida.com
Data               : {}
Index              : 18686750
Category           : (13824)
CategoryNumber     : 13824
EntryType          : SuccessAudit
Message            : A user account was deleted.

                     Subject:
                         Security ID:        S-1-5-21-2373504117-2689643630-3100359099-1499
                         Account Name:        anupk
                         Account Domain:        MAS-NOIDA
                         Logon ID:        0x838a6c4

                     Target Account:
                         Security ID:        S-1-5-21-2373504117-2689643630-3100359099-6330
                         Account Name:        NOI2252
                         Account Domain:        MAS-NOIDA

                     Additional Information:
                         Privileges    -
Source             : Microsoft-Windows-Security-Auditing
ReplacementStrings : {NOI2252, MAS-NOIDA, S-1-5-21-2373504117-2689643630-3100359099-6330,
                     S-1-5-21-2373504117-2689643630-3100359099-1499...}
InstanceId         : 4726
TimeGenerated      : 4/26/2023 11:27:40 AM
TimeWritten        : 4/26/2023 11:27:40 AM
UserName           :
Site               :
Container          :

EventID            : 4726
MachineName        : DC.mas-noida.com
Data               : {}
Index              : 18458519
Category           : (13824)
CategoryNumber     : 13824
EntryType          : SuccessAudit
Message            : A user account was deleted.

                     Subject:
                         Security ID:        S-1-5-21-2373504117-2689643630-3100359099-1499
                         Account Name:        anupk
                         Account Domain:        MAS-NOIDA
                         Logon ID:        0x665e2a2

                     Target Account:
                         Security ID:        S-1-5-21-2373504117-2689643630-3100359099-10312
                         Account Name:        55155
                         Account Domain:        MAS-NOIDA

                     Additional Information:
                         Privileges    -
Source             : Microsoft-Windows-Security-Auditing
ReplacementStrings : {55155, MAS-NOIDA, S-1-5-21-2373504117-2689643630-3100359099-10312,
                     S-1-5-21-2373504117-2689643630-3100359099-1499...}
InstanceId         : 4726
TimeGenerated      : 4/24/2023 7:41:44 PM
TimeWritten        : 4/24/2023 7:41:44 PM
UserName           :
Site               :
Container          :

EventID            : 4726
MachineName        : DC.mas-noida.com
Data               : {}
Index              : 18458457
Category           : (13824)
CategoryNumber     : 13824
EntryType          : SuccessAudit
Message            : A user account was deleted.

                     Subject:
                         Security ID:        S-1-5-21-2373504117-2689643630-3100359099-1499
                         Account Name:        anupk
                         Account Domain:        MAS-NOIDA
                         Logon ID:        0x665e2a2

                     Target Account:
                         Security ID:        S-1-5-21-2373504117-2689643630-3100359099-6674
                         Account Name:        MAS33180
                         Account Domain:        MAS-NOIDA

                     Additional Information:
                         Privileges    -
Source             : Microsoft-Windows-Security-Auditing
ReplacementStrings : {MAS33180, MAS-NOIDA, S-1-5-21-2373504117-2689643630-3100359099-6674,
                     S-1-5-21-2373504117-2689643630-3100359099-1499...}
InstanceId         : 4726
TimeGenerated      : 4/24/2023 7:41:19 PM
TimeWritten        : 4/24/2023 7:41:19 PM
UserName           :
Site               :
Container          :

EventID            : 4726
MachineName        : DC.mas-noida.com
Data               : {}
Index              : 18458443
Category           : (13824)
CategoryNumber     : 13824
EntryType          : SuccessAudit
Message            : A user account was deleted.

                     Subject:
                         Security ID:        S-1-5-21-2373504117-2689643630-3100359099-1499
                         Account Name:        anupk
                         Account Domain:        MAS-NOIDA
                         Logon ID:        0x665e2a2

                     Target Account:
                         Security ID:        S-1-5-21-2373504117-2689643630-3100359099-9772
                         Account Name:        IDC52206
                         Account Domain:        MAS-NOIDA

                     Additional Information:
                         Privileges    -
