Source             : Microsoft-Windows-Security-Auditing
ReplacementStrings : {MAS51739, MAS-NOIDA, S-1-5-21-2373504117-2689643630-3100359099-12371,
                     S-1-5-21-2373504117-2689643630-3100359099-1499...}
InstanceId         : 4726
TimeGenerated      : 3/20/2023 6:56:24 AM
TimeWritten        : 3/20/2023 6:56:24 AM
UserName           :
Site               :
Container          :

EventID            : 4726
MachineName        : DC.mas-noida.com
Data               : {}
Index              : 12355852
Category           : (13824)
CategoryNumber     : 13824
EntryType          : SuccessAudit
Message            : A user account was deleted.

                     Subject:
                         Security ID:        S-1-5-21-2373504117-2689643630-3100359099-1499
                         Account Name:        anupk
                         Account Domain:        MAS-NOIDA
                         Logon ID:        0x7f755

                     Target Account:
                         Security ID:        S-1-5-21-2373504117-2689643630-3100359099-6386
                         Account Name:        MAS49546
                         Account Domain:        MAS-NOIDA

                     Additional Information:
                         Privileges    -
Source             : Microsoft-Windows-Security-Auditing
ReplacementStrings : {MAS49546, MAS-NOIDA, S-1-5-21-2373504117-2689643630-3100359099-6386,
                     S-1-5-21-2373504117-2689643630-3100359099-1499...}
InstanceId         : 4726
TimeGenerated      : 3/20/2023 6:55:13 AM
TimeWritten        : 3/20/2023 6:55:13 AM
UserName           :
Site               :
Container          :

EventID            : 4726
MachineName        : DC.mas-noida.com
Data               : {}
Index              : 12355823
Category           : (13824)
CategoryNumber     : 13824
EntryType          : SuccessAudit
Message            : A user account was deleted.

                     Subject:
                         Security ID:        S-1-5-21-2373504117-2689643630-3100359099-1499
                         Account Name:        anupk
                         Account Domain:        MAS-NOIDA
                         Logon ID:        0x7f755

                     Target Account:
                         Security ID:        S-1-5-21-2373504117-2689643630-3100359099-4286
                         Account Name:        MAS48647
                         Account Domain:        MAS-NOIDA

                     Additional Information:
                         Privileges    -
Source             : Microsoft-Windows-Security-Auditing
ReplacementStrings : {MAS48647, MAS-NOIDA, S-1-5-21-2373504117-2689643630-3100359099-4286,
                     S-1-5-21-2373504117-2689643630-3100359099-1499...}
InstanceId         : 4726
TimeGenerated      : 3/20/2023 6:55:02 AM
TimeWritten        : 3/20/2023 6:55:02 AM
UserName           :
Site               :
Container          :

EventID            : 4726
MachineName        : DC.mas-noida.com
Data               : {}
Index              : 12355740
Category           : (13824)
CategoryNumber     : 13824
EntryType          : SuccessAudit
Message            : A user account was deleted.

                     Subject:
                         Security ID:        S-1-5-21-2373504117-2689643630-3100359099-1499
                         Account Name:        anupk
                         Account Domain:        MAS-NOIDA
                         Logon ID:        0x7f755

                     Target Account:
                         Security ID:        S-1-5-21-2373504117-2689643630-3100359099-12291
                         Account Name:        MAS51708
                         Account Domain:        MAS-NOIDA

                     Additional Information:
                         Privileges    -
Source             : Microsoft-Windows-Security-Auditing
ReplacementStrings : {MAS51708, MAS-NOIDA, S-1-5-21-2373504117-2689643630-3100359099-12291,
                     S-1-5-21-2373504117-2689643630-3100359099-1499...}
InstanceId         : 4726
TimeGenerated      : 3/20/2023 6:54:36 AM
TimeWritten        : 3/20/2023 6:54:36 AM
UserName           :
Site               :
Container          :

EventID            : 4726
MachineName        : DC.mas-noida.com
Data               : {}
Index              : 12355732
Category           : (13824)
CategoryNumber     : 13824
EntryType          : SuccessAudit
Message            : A user account was deleted.

                     Subject:
                         Security ID:        S-1-5-21-2373504117-2689643630-3100359099-1499
                         Account Name:        anupk
                         Account Domain:        MAS-NOIDA
                         Logon ID:        0x7f755

                     Target Account:
                         Security ID:        S-1-5-21-2373504117-2689643630-3100359099-12222
                         Account Name:        MAS51655
                         Account Domain:        MAS-NOIDA

                     Additional Information:
                         Privileges    -
Source             : Microsoft-Windows-Security-Auditing
ReplacementStrings : {MAS51655, MAS-NOIDA, S-1-5-21-2373504117-2689643630-3100359099-12222,
                     S-1-5-21-2373504117-2689643630-3100359099-1499...}
InstanceId         : 4726
TimeGenerated      : 3/20/2023 6:54:26 AM
TimeWritten        : 3/20/2023 6:54:26 AM
UserName           :
Site               :
Container          :

EventID            : 4726
MachineName        : DC.mas-noida.com
Data               : {}
Index              : 12355718
Category           : (13824)
CategoryNumber     : 13824
EntryType          : SuccessAudit
Message            : A user account was deleted.

                     Subject:
                         Security ID:        S-1-5-21-2373504117-2689643630-3100359099-1499
                         Account Name:        anupk
                         Account Domain:        MAS-NOIDA
                         Logon ID:        0x7f755

                     Target Account:
                         Security ID:        S-1-5-21-2373504117-2689643630-3100359099-12140
                         Account Name:        MAS51576
                         Account Domain:        MAS-NOIDA

                     Additional Information:
                         Privileges    -
Source             : Microsoft-Windows-Security-Auditing
ReplacementStrings : {MAS51576, MAS-NOIDA, S-1-5-21-2373504117-2689643630-3100359099-12140,
                     S-1-5-21-2373504117-2689643630-3100359099-1499...}
InstanceId         : 4726
TimeGenerated      : 3/20/2023 6:54:09 AM
TimeWritten        : 3/20/2023 6:54:09 AM
UserName           :
Site               :
Container          :

EventID            : 4726
MachineName        : DC.mas-noida.com
Data               : {}
Index              : 12355693
Category           : (13824)
CategoryNumber     : 13824
EntryType          : SuccessAudit
Message            : A user account was deleted.

                     Subject:
                         Security ID:        S-1-5-21-2373504117-2689643630-3100359099-1499
                         Account Name:        anupk
                         Account Domain:        MAS-NOIDA
                         Logon ID:        0x7f755

                     Target Account:
                         Security ID:        S-1-5-21-2373504117-2689643630-3100359099-10213
                         Account Name:        MAS50654
                         Account Domain:        MAS-NOIDA

                     Additional Information:
                         Privileges    -
Source             : Microsoft-Windows-Security-Auditing
ReplacementStrings : {MAS50654, MAS-NOIDA, S-1-5-21-2373504117-2689643630-3100359099-10213,
                     S-1-5-21-2373504117-2689643630-3100359099-1499...}
InstanceId         : 4726
TimeGenerated      : 3/20/2023 6:53:38 AM
TimeWritten        : 3/20/2023 6:53:38 AM
UserName           :
Site               :
Container          :

EventID            : 4726
MachineName        : DC.mas-noida.com
Data               : {}
Index              : 12355684
Category           : (13824)
CategoryNumber     : 13824
EntryType          : SuccessAudit
Message            : A user account was deleted.

                     Subject:
                         Security ID:        S-1-5-21-2373504117-2689643630-3100359099-1499
                         Account Name:        anupk
                         Account Domain:        MAS-NOIDA
                         Logon ID:        0x7f755

                     Target Account:
                         Security ID:        S-1-5-21-2373504117-2689643630-3100359099-12427
                         Account Name:        MAS51201
                         Account Domain:        MAS-NOIDA

                     Additional Information:
                         Privileges    -
Source             : Microsoft-Windows-Security-Auditing
ReplacementStrings : {MAS51201, MAS-NOIDA, S-1-5-21-2373504117-2689643630-3100359099-12427,
                     S-1-5-21-2373504117-2689643630-3100359099-1499...}
InstanceId         : 4726
TimeGenerated      : 3/20/2023 6:53:25 AM
TimeWritten        : 3/20/2023 6:53:25 AM
UserName           :
Site               :
Container          :

EventID            : 4726
MachineName        : DC.mas-noida.com
Data               : {}
Index              : 12355619
Category           : (13824)
CategoryNumber     : 13824
EntryType          : SuccessAudit
Message            : A user account was deleted.

                     Subject:
                         Security ID:        S-1-5-21-2373504117-2689643630-3100359099-1499
                         Account Name:        anupk
                         Account Domain:        MAS-NOIDA
                         Logon ID:        0x7f755

                     Target Account:
                         Security ID:        S-1-5-21-2373504117-2689643630-3100359099-12198
                         Account Name:        MAS51646
                         Account Domain:        MAS-NOIDA

                     Additional Information:
                         Privileges    -
Source             : Microsoft-Windows-Security-Auditing
ReplacementStrings : {MAS51646, MAS-NOIDA, S-1-5-21-2373504117-2689643630-3100359099-12198,
                     S-1-5-21-2373504117-2689643630-3100359099-1499...}
InstanceId         : 4726
TimeGenerated      : 3/20/2023 6:52:06 AM
TimeWritten        : 3/20/2023 6:52:06 AM
UserName           :
Site               :
Container          :

EventID            : 4726
MachineName        : DC.mas-noida.com
Data               : {}
Index              : 12355579
Category           : (13824)
CategoryNumber     : 13824
EntryType          : SuccessAudit
Message            : A user account was deleted.

                     Subject:
                         Security ID:        S-1-5-21-2373504117-2689643630-3100359099-1499
                         Account Name:        anupk
                         Account Domain:        MAS-NOIDA
                         Logon ID:        0x7f755

                     Target Account:
                         Security ID:        S-1-5-21-2373504117-2689643630-3100359099-12269
                         Account Name:        MAS51687
                         Account Domain:        MAS-NOIDA

                     Additional Information:
                         Privileges    -
Source             : Microsoft-Windows-Security-Auditing
ReplacementStrings : {MAS51687, MAS-NOIDA, S-1-5-21-2373504117-2689643630-3100359099-12269,
                     S-1-5-21-2373504117-2689643630-3100359099-1499...}
InstanceId         : 4726
TimeGenerated      : 3/20/2023 6:51:36 AM
TimeWritten        : 3/20/2023 6:51:36 AM
UserName           :
Site               :
Container          :

EventID            : 4726
MachineName        : DC.mas-noida.com
Data               : {}
Index              : 12091510
Category           : (13824)
CategoryNumber     : 13824
EntryType          : SuccessAudit
Message            : A user account was deleted.

                     Subject:
                         Security ID:        S-1-5-21-2373504117-2689643630-3100359099-1499
                         Account Name:        anupk
                         Account Domain:        MAS-NOIDA
                         Logon ID:        0x6b7ee648

                     Target Account:
                         Security ID:        S-1-5-21-2373504117-2689643630-3100359099-10357
                         Account Name:        MAS50843
                         Account Domain:        MAS-NOIDA

                     Additional Information:
                         Privileges    -
Source             : Microsoft-Windows-Security-Auditing
ReplacementStrings : {MAS50843, MAS-NOIDA, S-1-5-21-2373504117-2689643630-3100359099-10357,
                     S-1-5-21-2373504117-2689643630-3100359099-1499...}
InstanceId         : 4726
TimeGenerated      : 3/18/2023 1:42:50 PM
TimeWritten        : 3/18/2023 1:42:50 PM
UserName           :
Site               :
Container          :

EventID            : 4726
MachineName        : DC.mas-noida.com
Data               : {}
Index              : 12091477
Category           : (13824)
CategoryNumber     : 13824
EntryType          : SuccessAudit
Message            : A user account was deleted.

                     Subject:
                         Security ID:        S-1-5-21-2373504117-2689643630-3100359099-1499
                         Account Name:        anupk
                         Account Domain:        MAS-NOIDA
                         Logon ID:        0x6b7ee648

                     Target Account:
                         Security ID:        S-1-5-21-2373504117-2689643630-3100359099-7783
                         Account Name:        MAS50245
                         Account Domain:        MAS-NOIDA

                     Additional Information:
                         Privileges    -
Source             : Microsoft-Windows-Security-Auditing
ReplacementStrings : {MAS50245, MAS-NOIDA, S-1-5-21-2373504117-2689643630-3100359099-7783,
                     S-1-5-21-2373504117-2689643630-3100359099-1499...}
InstanceId         : 4726
TimeGenerated      : 3/18/2023 1:42:37 PM
TimeWritten        : 3/18/2023 1:42:37 PM
UserName           :
Site               :
Container          :

EventID            : 4726
MachineName        : DC.mas-noida.com
Data               : {}
Index              : 12090922
Category           : (13824)
CategoryNumber     : 13824
EntryType          : SuccessAudit
Message            : A user account was deleted.

                     Subject:
                         Security ID:        S-1-5-21-2373504117-2689643630-3100359099-1499
                         Account Name:        anupk
                         Account Domain:        MAS-NOIDA
                         Logon ID:        0x6b7ee648

                     Target Account:
                         Security ID:        S-1-5-21-2373504117-2689643630-3100359099-6724
                         Account Name:        NOI2306
                         Account Domain:        MAS-NOIDA

                     Additional Information:
                         Privileges    -
Source             : Microsoft-Windows-Security-Auditing
ReplacementStrings : {NOI2306, MAS-NOIDA, S-1-5-21-2373504117-2689643630-3100359099-6724,
                     S-1-5-21-2373504117-2689643630-3100359099-1499...}
InstanceId         : 4726
TimeGenerated      : 3/18/2023 1:39:53 PM
TimeWritten        : 3/18/2023 1:39:53 PM
UserName           :
Site               :
Container          :

EventID            : 4726
MachineName        : DC.mas-noida.com
Data               : {}
Index              : 12090857
Category           : (13824)
CategoryNumber     : 13824
EntryType          : SuccessAudit
Message            : A user account was deleted.

                     Subject:
                         Security ID:        S-1-5-21-2373504117-2689643630-3100359099-1499
                         Account Name:        anupk
                         Account Domain:        MAS-NOIDA
                         Logon ID:        0x6b7ee648

                     Target Account:
                         Security ID:        S-1-5-21-2373504117-2689643630-3100359099-6704
                         Account Name:        NOI2302
                         Account Domain:        MAS-NOIDA

                     Additional Information:
                         Privileges    -
Source             : Microsoft-Windows-Security-Auditing
ReplacementStrings : {NOI2302, MAS-NOIDA, S-1-5-21-2373504117-2689643630-3100359099-6704,
                     S-1-5-21-2373504117-2689643630-3100359099-1499...}
InstanceId         : 4726
TimeGenerated      : 3/18/2023 1:39:24 PM
TimeWritten        : 3/18/2023 1:39:24 PM
UserName           :
Site               :
Container          :

EventID            : 4726
MachineName        : DC.mas-noida.com
Data               : {}
Index              : 11548242
Category           : (13824)
CategoryNumber     : 13824
EntryType          : SuccessAudit
Message            : A user account was deleted.

                     Subject:
                         Security ID:        S-1-5-21-2373504117-2689643630-3100359099-1499
                         Account Name:        anupk
                         Account Domain:        MAS-NOIDA
                         Logon ID:        0x497f7f6c

                     Target Account:
                         Security ID:        S-1-5-21-2373504117-2689643630-3100359099-10475
                         Account Name:        MAS50937
                         Account Domain:        MAS-NOIDA

                     Additional Information:
                         Privileges    -
Source             : Microsoft-Windows-Security-Auditing
ReplacementStrings : {MAS50937, MAS-NOIDA, S-1-5-21-2373504117-2689643630-3100359099-10475,
                     S-1-5-21-2373504117-2689643630-3100359099-1499...}
InstanceId         : 4726
TimeGenerated      : 3/15/2023 4:38:10 PM
TimeWritten        : 3/15/2023 4:38:10 PM
UserName           :
Site               :
Container          :

EventID            : 4726
MachineName        : DC.mas-noida.com
Data               : {}
Index              : 11235887
Category           : (13824)
CategoryNumber     : 13824
EntryType          : SuccessAudit
Message            : A user account was deleted.

                     Subject:
                         Security ID:        S-1-5-21-2373504117-2689643630-3100359099-2600
                         Account Name:        prateeks
                         Account Domain:        MAS-NOIDA
                         Logon ID:        0x2069f40b

                     Target Account:
                         Security ID:        S-1-5-21-2373504117-2689643630-3100359099-12274
                         Account Name:        MAS51696
                         Account Domain:        MAS-NOIDA

                     Additional Information:
                         Privileges    -
Source             : Microsoft-Windows-Security-Auditing
ReplacementStrings : {MAS51696, MAS-NOIDA, S-1-5-21-2373504117-2689643630-3100359099-12274,
                     S-1-5-21-2373504117-2689643630-3100359099-2600...}
InstanceId         : 4726
TimeGenerated      : 3/13/2023 10:40:52 PM
TimeWritten        : 3/13/2023 10:40:52 PM
UserName           :
Site               :
Container          :

EventID            : 4726
MachineName        : DC.mas-noida.com
Data               : {}
Index              : 11235833
Category           : (13824)
CategoryNumber     : 13824
EntryType          : SuccessAudit
Message            : A user account was deleted.

                     Subject:
                         Security ID:        S-1-5-21-2373504117-2689643630-3100359099-2600
                         Account Name:        prateeks
                         Account Domain:        MAS-NOIDA
                         Logon ID:        0x2069f40b

                     Target Account:
                         Security ID:        S-1-5-21-2373504117-2689643630-3100359099-5393
                         Account Name:        MAS49657
                         Account Domain:        MAS-NOIDA

                     Additional Information:
                         Privileges    -
Source             : Microsoft-Windows-Security-Auditing
ReplacementStrings : {MAS49657, MAS-NOIDA, S-1-5-21-2373504117-2689643630-3100359099-5393,
                     S-1-5-21-2373504117-2689643630-3100359099-2600...}
InstanceId         : 4726
TimeGenerated      : 3/13/2023 10:40:30 PM
TimeWritten        : 3/13/2023 10:40:30 PM
UserName           :
Site               :
Container          :

EventID            : 4726
MachineName        : DC.mas-noida.com
Data               : {}
Index              : 11235816
Category           : (13824)
CategoryNumber     : 13824
EntryType          : SuccessAudit
Message            : A user account was deleted.

                     Subject:
                         Security ID:        S-1-5-21-2373504117-2689643630-3100359099-2600
                         Account Name:        prateeks
                         Account Domain:        MAS-NOIDA
                         Logon ID:        0x2069f40b

                     Target Account:
                         Security ID:        S-1-5-21-2373504117-2689643630-3100359099-10322
                         Account Name:        MAS50786
                         Account Domain:        MAS-NOIDA

                     Additional Information:
                         Privileges    -
Source             : Microsoft-Windows-Security-Auditing
ReplacementStrings : {MAS50786, MAS-NOIDA, S-1-5-21-2373504117-2689643630-3100359099-10322,
                     S-1-5-21-2373504117-2689643630-3100359099-2600...}
InstanceId         : 4726
TimeGenerated      : 3/13/2023 10:40:17 PM
TimeWritten        : 3/13/2023 10:40:17 PM
UserName           :
Site               :
Container          :

EventID            : 4726
MachineName        : DC.mas-noida.com
Data               : {}
Index              : 11235781
Category           : (13824)
CategoryNumber     : 13824
EntryType          : SuccessAudit
Message            : A user account was deleted.

                     Subject:
                         Security ID:        S-1-5-21-2373504117-2689643630-3100359099-2600
                         Account Name:        prateeks
                         Account Domain:        MAS-NOIDA
                         Logon ID:        0x2069f40b

                     Target Account:
                         Security ID:        S-1-5-21-2373504117-2689643630-3100359099-12178
                         Account Name:        MAS51595
                         Account Domain:        MAS-NOIDA

                     Additional Information:
                         Privileges    -
Source             : Microsoft-Windows-Security-Auditing
ReplacementStrings : {MAS51595, MAS-NOIDA, S-1-5-21-2373504117-2689643630-3100359099-12178,
                     S-1-5-21-2373504117-2689643630-3100359099-2600...}
InstanceId         : 4726
TimeGenerated      : 3/13/2023 10:40:07 PM
TimeWritten        : 3/13/2023 10:40:07 PM
UserName           :
Site               :
Container          :

EventID            : 4726
MachineName        : DC.mas-noida.com
Data               : {}
Index              : 11235765
Category           : (13824)
CategoryNumber     : 13824
EntryType          : SuccessAudit
Message            : A user account was deleted.

                     Subject:
                         Security ID:        S-1-5-21-2373504117-2689643630-3100359099-2600
                         Account Name:        prateeks
                         Account Domain:        MAS-NOIDA
                         Logon ID:        0x2069f40b

                     Target Account:
                         Security ID:        S-1-5-21-2373504117-2689643630-3100359099-12214
                         Account Name:        MAS51652
                         Account Domain:        MAS-NOIDA

                     Additional Information:
                         Privileges    -
Source             : Microsoft-Windows-Security-Auditing
ReplacementStrings : {MAS51652, MAS-NOIDA, S-1-5-21-2373504117-2689643630-3100359099-12214,
                     S-1-5-21-2373504117-2689643630-3100359099-2600...}
InstanceId         : 4726
TimeGenerated      : 3/13/2023 10:39:57 PM
TimeWritten        : 3/13/2023 10:39:57 PM
UserName           :
Site               :
Container          :

EventID            : 4726
MachineName        : DC.mas-noida.com
Data               : {}
Index              : 11235744
Category           : (13824)
CategoryNumber     : 13824
EntryType          : SuccessAudit
Message            : A user account was deleted.

                     Subject:
                         Security ID:        S-1-5-21-2373504117-2689643630-3100359099-2600
                         Account Name:        prateeks
                         Account Domain:        MAS-NOIDA
                         Logon ID:        0x2069f40b

                     Target Account:
                         Security ID:        S-1-5-21-2373504117-2689643630-3100359099-10636
                         Account Name:        MAS51495
                         Account Domain:        MAS-NOIDA

                     Additional Information:
                         Privileges    -
Source             : Microsoft-Windows-Security-Auditing
ReplacementStrings : {MAS51495, MAS-NOIDA, S-1-5-21-2373504117-2689643630-3100359099-10636,
                     S-1-5-21-2373504117-2689643630-3100359099-2600...}
InstanceId         : 4726
TimeGenerated      : 3/13/2023 10:39:47 PM
TimeWritten        : 3/13/2023 10:39:47 PM
UserName           :
Site               :
Container          :

EventID            : 4726
MachineName        : DC.mas-noida.com
Data               : {}
Index              : 11235724
Category           : (13824)
CategoryNumber     : 13824
EntryType          : SuccessAudit
Message            : A user account was deleted.

                     Subject:
                         Security ID:        S-1-5-21-2373504117-2689643630-3100359099-2600
                         Account Name:        prateeks
                         Account Domain:        MAS-NOIDA
                         Logon ID:        0x2069f40b

                     Target Account:
                         Security ID:        S-1-5-21-2373504117-2689643630-3100359099-4036
                         Account Name:        Mohans
                         Account Domain:        MAS-NOIDA

                     Additional Information:
                         Privileges    -
Source             : Microsoft-Windows-Security-Auditing
ReplacementStrings : {Mohans, MAS-NOIDA, S-1-5-21-2373504117-2689643630-3100359099-4036,
                     S-1-5-21-2373504117-2689643630-3100359099-2600...}
InstanceId         : 4726
TimeGenerated      : 3/13/2023 10:39:39 PM
TimeWritten        : 3/13/2023 10:39:39 PM
UserName           :
Site               :
Container          :

EventID            : 4726
MachineName        : DC.mas-noida.com
Data               : {}
Index              : 11235699
Category           : (13824)
CategoryNumber     : 13824
EntryType          : SuccessAudit
Message            : A user account was deleted.

                     Subject:
                         Security ID:        S-1-5-21-2373504117-2689643630-3100359099-2600
                         Account Name:        prateeks
                         Account Domain:        MAS-NOIDA
                         Logon ID:        0x2069f40b

                     Target Account:
                         Security ID:        S-1-5-21-2373504117-2689643630-3100359099-12197
                         Account Name:        MAS51641
                         Account Domain:        MAS-NOIDA

                     Additional Information:
                         Privileges    -
Source             : Microsoft-Windows-Security-Auditing
ReplacementStrings : {MAS51641, MAS-NOIDA, S-1-5-21-2373504117-2689643630-3100359099-12197,
                     S-1-5-21-2373504117-2689643630-3100359099-2600...}
InstanceId         : 4726
TimeGenerated      : 3/13/2023 10:39:28 PM
TimeWritten        : 3/13/2023 10:39:28 PM
UserName           :
Site               :
Container          :

EventID            : 4726
MachineName        : DC.mas-noida.com
Data               : {}
Index              : 11235669
Category           : (13824)
CategoryNumber     : 13824
EntryType          : SuccessAudit
Message            : A user account was deleted.

                     Subject:
                         Security ID:        S-1-5-21-2373504117-2689643630-3100359099-2600
                         Account Name:        prateeks
                         Account Domain:        MAS-NOIDA
                         Logon ID:        0x2069f40b

                     Target Account:
                         Security ID:        S-1-5-21-2373504117-2689643630-3100359099-12162
                         Account Name:        MAS51602
                         Account Domain:        MAS-NOIDA

                     Additional Information:
                         Privileges    -
Source             : Microsoft-Windows-Security-Auditing
ReplacementStrings : {MAS51602, MAS-NOIDA, S-1-5-21-2373504117-2689643630-3100359099-12162,
                     S-1-5-21-2373504117-2689643630-3100359099-2600...}
InstanceId         : 4726
TimeGenerated      : 3/13/2023 10:39:12 PM
TimeWritten        : 3/13/2023 10:39:12 PM
UserName           :
Site               :
Container          :

EventID            : 4726
MachineName        : DC.mas-noida.com
Data               : {}
Index              : 11235643
Category           : (13824)
CategoryNumber     : 13824
EntryType          : SuccessAudit
Message            : A user account was deleted.

                     Subject:
                         Security ID:        S-1-5-21-2373504117-2689643630-3100359099-2600
                         Account Name:        prateeks
                         Account Domain:        MAS-NOIDA
                         Logon ID:        0x2069f40b

                     Target Account:
                         Security ID:        S-1-5-21-2373504117-2689643630-3100359099-6133
                         Account Name:        MAS48372
                         Account Domain:        MAS-NOIDA

                     Additional Information:
                         Privileges    -
Source             : Microsoft-Windows-Security-Auditing
ReplacementStrings : {MAS48372, MAS-NOIDA, S-1-5-21-2373504117-2689643630-3100359099-6133,
                     S-1-5-21-2373504117-2689643630-3100359099-2600...}
InstanceId         : 4726
TimeGenerated      : 3/13/2023 10:38:56 PM
TimeWritten        : 3/13/2023 10:38:56 PM
UserName           :
Site               :
Container          :

EventID            : 4726
MachineName        : DC.mas-noida.com
Data               : {}
Index              : 11147464
Category           : (13824)
CategoryNumber     : 13824
EntryType          : SuccessAudit
Message            : A user account was deleted.

                     Subject:
                         Security ID:        S-1-5-21-2373504117-2689643630-3100359099-1483
                         Account Name:        mayank
                         Account Domain:        MAS-NOIDA
                         Logon ID:        0x1a23d036

                     Target Account:
                         Security ID:        S-1-5-21-2373504117-2689643630-3100359099-4030
                         Account Name:        Ranjeets
                         Account Domain:        MAS-NOIDA

                     Additional Information:
                         Privileges    -
Source             : Microsoft-Windows-Security-Auditing
ReplacementStrings : {Ranjeets, MAS-NOIDA, S-1-5-21-2373504117-2689643630-3100359099-4030,
                     S-1-5-21-2373504117-2689643630-3100359099-1483...}
InstanceId         : 4726
TimeGenerated      : 3/13/2023 12:59:37 PM
TimeWritten        : 3/13/2023 12:59:37 PM
UserName           :
Site               :
Container          :

EventID            : 4726
MachineName        : DC.mas-noida.com
Data               : {}
Index              : 11043267
Category           : (13824)
CategoryNumber     : 13824
EntryType          : SuccessAudit
Message            : A user account was deleted.

                     Subject:
                         Security ID:        S-1-5-21-2373504117-2689643630-3100359099-2600
                         Account Name:        prateeks
                         Account Domain:        MAS-NOIDA
                         Logon ID:        0x17ce3d42

                     Target Account:
                         Security ID:        S-1-5-21-2373504117-2689643630-3100359099-10662
                         Account Name:        MAS51519
                         Account Domain:        MAS-NOIDA

                     Additional Information:
                         Privileges    -
Source             : Microsoft-Windows-Security-Auditing
ReplacementStrings : {MAS51519, MAS-NOIDA, S-1-5-21-2373504117-2689643630-3100359099-10662,
                     S-1-5-21-2373504117-2689643630-3100359099-2600...}
InstanceId         : 4726
TimeGenerated      : 3/12/2023 7:53:06 PM
TimeWritten        : 3/12/2023 7:53:06 PM
UserName           :
Site               :
Container          :

EventID            : 4726
MachineName        : DC.mas-noida.com
Data               : {}
Index              : 11043235
Category           : (13824)
CategoryNumber     : 13824
EntryType          : SuccessAudit
Message            : A user account was deleted.

                     Subject:
                         Security ID:        S-1-5-21-2373504117-2689643630-3100359099-2600
                         Account Name:        prateeks
                         Account Domain:        MAS-NOIDA
                         Logon ID:        0x17ce3d42

                     Target Account:
                         Security ID:        S-1-5-21-2373504117-2689643630-3100359099-11231
                         Account Name:        MAS51232
                         Account Domain:        MAS-NOIDA

                     Additional Information:
                         Privileges    -
Source             : Microsoft-Windows-Security-Auditing
ReplacementStrings : {MAS51232, MAS-NOIDA, S-1-5-21-2373504117-2689643630-3100359099-11231,
                     S-1-5-21-2373504117-2689643630-3100359099-2600...}
InstanceId         : 4726
TimeGenerated      : 3/12/2023 7:52:51 PM
TimeWritten        : 3/12/2023 7:52:51 PM
UserName           :
Site               :
Container          :

EventID            : 4726
MachineName        : DC.mas-noida.com
Data               : {}
Index              : 11043190
Category           : (13824)
CategoryNumber     : 13824
EntryType          : SuccessAudit
Message            : A user account was deleted.

                     Subject:
                         Security ID:        S-1-5-21-2373504117-2689643630-3100359099-2600
                         Account Name:        prateeks
                         Account Domain:        MAS-NOIDA
                         Logon ID:        0x17ce3d42

                     Target Account:
                         Security ID:        S-1-5-21-2373504117-2689643630-3100359099-7655
                         Account Name:        MAS50061
                         Account Domain:        MAS-NOIDA

                     Additional Information:
                         Privileges    -
Source             : Microsoft-Windows-Security-Auditing
ReplacementStrings : {MAS50061, MAS-NOIDA, S-1-5-21-2373504117-2689643630-3100359099-7655,
                     S-1-5-21-2373504117-2689643630-3100359099-2600...}
InstanceId         : 4726
TimeGenerated      : 3/12/2023 7:52:34 PM
TimeWritten        : 3/12/2023 7:52:34 PM
UserName           :
Site               :
Container          :

EventID            : 4726
MachineName        : DC.mas-noida.com
Data               : {}
Index              : 11043147
Category           : (13824)
CategoryNumber     : 13824
EntryType          : SuccessAudit
Message            : A user account was deleted.

                     Subject:
                         Security ID:        S-1-5-21-2373504117-2689643630-3100359099-2600
                         Account Name:        prateeks
                         Account Domain:        MAS-NOIDA
                         Logon ID:        0x17ce3d42

                     Target Account:
                         Security ID:        S-1-5-21-2373504117-2689643630-3100359099-7346
                         Account Name:        MAS50387
                         Account Domain:        MAS-NOIDA

                     Additional Information:
                         Privileges    -
Source             : Microsoft-Windows-Security-Auditing
ReplacementStrings : {MAS50387, MAS-NOIDA, S-1-5-21-2373504117-2689643630-3100359099-7346,
                     S-1-5-21-2373504117-2689643630-3100359099-2600...}
InstanceId         : 4726
TimeGenerated      : 3/12/2023 7:52:17 PM
TimeWritten        : 3/12/2023 7:52:17 PM
UserName           :
Site               :
Container          :

EventID            : 4726
MachineName        : DC.mas-noida.com
Data               : {}
Index              : 10892262
Category           : (13824)
CategoryNumber     : 13824
EntryType          : SuccessAudit
Message            : A user account was deleted.

                     Subject:
                         Security ID:        S-1-5-21-2373504117-2689643630-3100359099-2600
                         Account Name:        prateeks
                         Account Domain:        MAS-NOIDA
                         Logon ID:        0x16433688

                     Target Account:
                         Security ID:        S-1-5-21-2373504117-2689643630-3100359099-8752
                         Account Name:        55159
                         Account Domain:        MAS-NOIDA

                     Additional Information:
                         Privileges    -
Source             : Microsoft-Windows-Security-Auditing
ReplacementStrings : {55159, MAS-NOIDA, S-1-5-21-2373504117-2689643630-3100359099-8752,
                     S-1-5-21-2373504117-2689643630-3100359099-2600...}
InstanceId         : 4726
TimeGenerated      : 3/11/2023 8:25:54 PM
TimeWritten        : 3/11/2023 8:25:54 PM
UserName           :
Site               :
Container          :

EventID            : 4726
MachineName        : DC.mas-noida.com
Data               : {}
Index              : 10870394
Category           : (13824)
CategoryNumber     : 13824
EntryType          : SuccessAudit
Message            : A user account was deleted.

                     Subject:
                         Security ID:        S-1-5-21-2373504117-2689643630-3100359099-2600
                         Account Name:        prateeks
                         Account Domain:        MAS-NOIDA
                         Logon ID:        0x16433688

                     Target Account:
                         Security ID:        S-1-5-21-2373504117-2689643630-3100359099-12536
                         Account Name:        IDC51982
                         Account Domain:        MAS-NOIDA

                     Additional Information:
                         Privileges    -
Source             : Microsoft-Windows-Security-Auditing
ReplacementStrings : {IDC51982, MAS-NOIDA, S-1-5-21-2373504117-2689643630-3100359099-12536,
                     S-1-5-21-2373504117-2689643630-3100359099-2600...}
InstanceId         : 4726
TimeGenerated      : 3/11/2023 5:48:56 PM
TimeWritten        : 3/11/2023 5:48:56 PM
UserName           :
Site               :
Container          :

EventID            : 4726
MachineName        : DC.mas-noida.com
Data               : {}
Index              : 10870347
Category           : (13824)
CategoryNumber     : 13824
EntryType          : SuccessAudit
Message            : A user account was deleted.

                     Subject:
                         Security ID:        S-1-5-21-2373504117-2689643630-3100359099-2600
                         Account Name:        prateeks
                         Account Domain:        MAS-NOIDA
                         Logon ID:        0x16433688

                     Target Account:
                         Security ID:        S-1-5-21-2373504117-2689643630-3100359099-12551
                         Account Name:        IDC51981
                         Account Domain:        MAS-NOIDA

                     Additional Information:
                         Privileges    -
Source             : Microsoft-Windows-Security-Auditing
ReplacementStrings : {IDC51981, MAS-NOIDA, S-1-5-21-2373504117-2689643630-3100359099-12551,
                     S-1-5-21-2373504117-2689643630-3100359099-2600...}
InstanceId         : 4726
TimeGenerated      : 3/11/2023 5:48:36 PM
TimeWritten        : 3/11/2023 5:48:36 PM
UserName           :
Site               :
Container          :

EventID            : 4726
MachineName        : DC.mas-noida.com
Data               : {}
Index              : 10870156
Category           : (13824)
CategoryNumber     : 13824
EntryType          : SuccessAudit
Message            : A user account was deleted.

                     Subject:
                         Security ID:        S-1-5-21-2373504117-2689643630-3100359099-2600
                         Account Name:        prateeks
                         Account Domain:        MAS-NOIDA
                         Logon ID:        0x16433688

                     Target Account:
                         Security ID:        S-1-5-21-2373504117-2689643630-3100359099-12563
                         Account Name:        IDC52005
                         Account Domain:        MAS-NOIDA

                     Additional Information:
                         Privileges    -
Source             : Microsoft-Windows-Security-Auditing
ReplacementStrings : {IDC52005, MAS-NOIDA, S-1-5-21-2373504117-2689643630-3100359099-12563,
                     S-1-5-21-2373504117-2689643630-3100359099-2600...}
InstanceId         : 4726
TimeGenerated      : 3/11/2023 5:47:18 PM
TimeWritten        : 3/11/2023 5:47:18 PM
UserName           :
Site               :
Container          :

EventID            : 4726
MachineName        : DC.mas-noida.com
Data               : {}
Index              : 10870104
Category           : (13824)
CategoryNumber     : 13824
EntryType          : SuccessAudit
Message            : A user account was deleted.

                     Subject:
                         Security ID:        S-1-5-21-2373504117-2689643630-3100359099-2600
                         Account Name:        prateeks
                         Account Domain:        MAS-NOIDA
                         Logon ID:        0x16433688

                     Target Account:
                         Security ID:        S-1-5-21-2373504117-2689643630-3100359099-12560
                         Account Name:        IDC52025
                         Account Domain:        MAS-NOIDA

                     Additional Information:
                         Privileges    -
Source             : Microsoft-Windows-Security-Auditing
ReplacementStrings : {IDC52025, MAS-NOIDA, S-1-5-21-2373504117-2689643630-3100359099-12560,
                     S-1-5-21-2373504117-2689643630-3100359099-2600...}
InstanceId         : 4726
TimeGenerated      : 3/11/2023 5:47:04 PM
TimeWritten        : 3/11/2023 5:47:04 PM
UserName           :
Site               :
Container          :

EventID            : 4726
MachineName        : DC.mas-noida.com
Data               : {}
Index              : 10870060
Category           : (13824)
CategoryNumber     : 13824
EntryType          : SuccessAudit
Message            : A user account was deleted.

                     Subject:
                         Security ID:        S-1-5-21-2373504117-2689643630-3100359099-2600
                         Account Name:        prateeks
                         Account Domain:        MAS-NOIDA
                         Logon ID:        0x16433688

                     Target Account:
                         Security ID:        S-1-5-21-2373504117-2689643630-3100359099-12562
                         Account Name:        IDC52006
                         Account Domain:        MAS-NOIDA

                     Additional Information:
                         Privileges    -
Source             : Microsoft-Windows-Security-Auditing
ReplacementStrings : {IDC52006, MAS-NOIDA, S-1-5-21-2373504117-2689643630-3100359099-12562,
                     S-1-5-21-2373504117-2689643630-3100359099-2600...}
InstanceId         : 4726
TimeGenerated      : 3/11/2023 5:46:45 PM
TimeWritten        : 3/11/2023 5:46:45 PM
UserName           :
Site               :
Container          :

EventID            : 4726
MachineName        : DC.mas-noida.com
Data               : {}
Index              : 10869062
Category           : (13824)
CategoryNumber     : 13824
EntryType          : SuccessAudit
Message            : A user account was deleted.

                     Subject:
                         Security ID:        S-1-5-21-2373504117-2689643630-3100359099-2600
                         Account Name:        prateeks
                         Account Domain:        MAS-NOIDA
                         Logon ID:        0x16433688

                     Target Account:
                         Security ID:        S-1-5-21-2373504117-2689643630-3100359099-12533
                         Account Name:        MAS51994
                         Account Domain:        MAS-NOIDA

                     Additional Information:
                         Privileges    -
Source             : Microsoft-Windows-Security-Auditing
ReplacementStrings : {MAS51994, MAS-NOIDA, S-1-5-21-2373504117-2689643630-3100359099-12533,
                     S-1-5-21-2373504117-2689643630-3100359099-2600...}
InstanceId         : 4726
TimeGenerated      : 3/11/2023 5:40:59 PM
TimeWritten        : 3/11/2023 5:40:59 PM
UserName           :
Site               :
Container          :

EventID            : 4726
MachineName        : DC.mas-noida.com
Data               : {}
Index              : 10869015
Category           : (13824)
CategoryNumber     : 13824
EntryType          : SuccessAudit
Message            : A user account was deleted.

                     Subject:
                         Security ID:        S-1-5-21-2373504117-2689643630-3100359099-2600
                         Account Name:        prateeks
                         Account Domain:        MAS-NOIDA
                         Logon ID:        0x16433688

                     Target Account:
                         Security ID:        S-1-5-21-2373504117-2689643630-3100359099-12545
                         Account Name:        MAS52000
                         Account Domain:        MAS-NOIDA

                     Additional Information:
                         Privileges    -
Source             : Microsoft-Windows-Security-Auditing
ReplacementStrings : {MAS52000, MAS-NOIDA, S-1-5-21-2373504117-2689643630-3100359099-12545,
                     S-1-5-21-2373504117-2689643630-3100359099-2600...}
InstanceId         : 4726
TimeGenerated      : 3/11/2023 5:40:46 PM
TimeWritten        : 3/11/2023 5:40:46 PM
UserName           :
Site               :
Container          :

EventID            : 4726
MachineName        : DC.mas-noida.com
Data               : {}
Index              : 10868967
Category           : (13824)
CategoryNumber     : 13824
EntryType          : SuccessAudit
Message            : A user account was deleted.

                     Subject:
                         Security ID:        S-1-5-21-2373504117-2689643630-3100359099-2600
                         Account Name:        prateeks
                         Account Domain:        MAS-NOIDA
                         Logon ID:        0x16433688

                     Target Account:
                         Security ID:        S-1-5-21-2373504117-2689643630-3100359099-13626
                         Account Name:        MAS51701
                         Account Domain:        MAS-NOIDA

                     Additional Information:
                         Privileges    -
Source             : Microsoft-Windows-Security-Auditing
ReplacementStrings : {MAS51701, MAS-NOIDA, S-1-5-21-2373504117-2689643630-3100359099-13626,
                     S-1-5-21-2373504117-2689643630-3100359099-2600...}
InstanceId         : 4726
TimeGenerated      : 3/11/2023 5:40:32 PM
TimeWritten        : 3/11/2023 5:40:32 PM
UserName           :
Site               :
Container          :

EventID            : 4726
MachineName        : DC.mas-noida.com
Data               : {}
Index              : 10868929
Category           : (13824)
CategoryNumber     : 13824
EntryType          : SuccessAudit
Message            : A user account was deleted.

                     Subject:
                         Security ID:        S-1-5-21-2373504117-2689643630-3100359099-2600
                         Account Name:        prateeks
                         Account Domain:        MAS-NOIDA
                         Logon ID:        0x16433688

                     Target Account:
                         Security ID:        S-1-5-21-2373504117-2689643630-3100359099-13621
                         Account Name:        MAS52015
                         Account Domain:        MAS-NOIDA

                     Additional Information:
                         Privileges    -
