Windows PowerShell
Copyright (C) 2014 Microsoft Corporation. All rights reserved.

PS C:\Windows\system32> Get-EventLog -LogName Security | Where-Object {$_.EventID -eq 4726} | Select-Object -Property *


EventID            : 4726
MachineName        : DC.mas-noida.com
Data               : {}
Index              : 38397073
Category           : (13824)
CategoryNumber     : 13824
EntryType          : SuccessAudit
Message            : A user account was deleted.

                     Subject:
                         Security ID:        S-1-5-21-2373504117-2689643630-3100359099-10155
                         Account Name:        ranjeetit
                         Account Domain:        MAS-NOIDA
                         Logon ID:        0x1386e6bdb

                     Target Account:
                         Security ID:        S-1-5-21-2373504117-2689643630-3100359099-15754
                         Account Name:        MAS53539
                         Account Domain:        MAS-NOIDA

                     Additional Information:
                         Privileges    -
Source             : Microsoft-Windows-Security-Auditing
ReplacementStrings : {MAS53539, MAS-NOIDA, S-1-5-21-2373504117-2689643630-3100359099-15754,
                     S-1-5-21-2373504117-2689643630-3100359099-10155...}
InstanceId         : 4726
TimeGenerated      : 8/25/2023 1:15:01 PM
TimeWritten        : 8/25/2023 1:15:01 PM
UserName           :
Site               :
Container          :

EventID            : 4726
MachineName        : DC.mas-noida.com
Data               : {}
Index              : 38396995
Category           : (13824)
CategoryNumber     : 13824
EntryType          : SuccessAudit
Message            : A user account was deleted.

                     Subject:
                         Security ID:        S-1-5-21-2373504117-2689643630-3100359099-10155
                         Account Name:        ranjeetit
                         Account Domain:        MAS-NOIDA
                         Logon ID:        0x1386e6bdb

                     Target Account:
                         Security ID:        S-1-5-21-2373504117-2689643630-3100359099-15736
                         Account Name:        MAS53520
                         Account Domain:        MAS-NOIDA

                     Additional Information:
                         Privileges    -
Source             : Microsoft-Windows-Security-Auditing
ReplacementStrings : {MAS53520, MAS-NOIDA, S-1-5-21-2373504117-2689643630-3100359099-15736,
                     S-1-5-21-2373504117-2689643630-3100359099-10155...}
InstanceId         : 4726
TimeGenerated      : 8/25/2023 1:14:39 PM
TimeWritten        : 8/25/2023 1:14:39 PM
UserName           :
Site               :
Container          :

EventID            : 4726
MachineName        : DC.mas-noida.com
Data               : {}
Index              : 38396920
Category           : (13824)
CategoryNumber     : 13824
EntryType          : SuccessAudit
Message            : A user account was deleted.

                     Subject:
                         Security ID:        S-1-5-21-2373504117-2689643630-3100359099-10155
                         Account Name:        ranjeetit
                         Account Domain:        MAS-NOIDA
                         Logon ID:        0x1386e6bdb

                     Target Account:
                         Security ID:        S-1-5-21-2373504117-2689643630-3100359099-15729
                         Account Name:        MAS53513
                         Account Domain:        MAS-NOIDA

                     Additional Information:
                         Privileges    -
Source             : Microsoft-Windows-Security-Auditing
ReplacementStrings : {MAS53513, MAS-NOIDA, S-1-5-21-2373504117-2689643630-3100359099-15729,
                     S-1-5-21-2373504117-2689643630-3100359099-10155...}
InstanceId         : 4726
TimeGenerated      : 8/25/2023 1:14:19 PM
TimeWritten        : 8/25/2023 1:14:19 PM
UserName           :
Site               :
Container          :

EventID            : 4726
MachineName        : DC.mas-noida.com
Data               : {}
Index              : 38396864
Category           : (13824)
CategoryNumber     : 13824
EntryType          : SuccessAudit
Message            : A user account was deleted.

                     Subject:
                         Security ID:        S-1-5-21-2373504117-2689643630-3100359099-10155
                         Account Name:        ranjeetit
                         Account Domain:        MAS-NOIDA
                         Logon ID:        0x1386e6bdb

                     Target Account:
                         Security ID:        S-1-5-21-2373504117-2689643630-3100359099-14998
                         Account Name:        MAS53218
                         Account Domain:        MAS-NOIDA

                     Additional Information:
                         Privileges    -
Source             : Microsoft-Windows-Security-Auditing
ReplacementStrings : {MAS53218, MAS-NOIDA, S-1-5-21-2373504117-2689643630-3100359099-14998,
                     S-1-5-21-2373504117-2689643630-3100359099-10155...}
InstanceId         : 4726
TimeGenerated      : 8/25/2023 1:13:53 PM
TimeWritten        : 8/25/2023 1:13:53 PM
UserName           :
Site               :
Container          :

EventID            : 4726
MachineName        : DC.mas-noida.com
Data               : {}
Index              : 38396808
Category           : (13824)
CategoryNumber     : 13824
EntryType          : SuccessAudit
Message            : A user account was deleted.

                     Subject:
                         Security ID:        S-1-5-21-2373504117-2689643630-3100359099-10155
                         Account Name:        ranjeetit
                         Account Domain:        MAS-NOIDA
                         Logon ID:        0x1386e6bdb

                     Target Account:
                         Security ID:        S-1-5-21-2373504117-2689643630-3100359099-15617
                         Account Name:        MAS53379
                         Account Domain:        MAS-NOIDA

                     Additional Information:
                         Privileges    -
Source             : Microsoft-Windows-Security-Auditing
ReplacementStrings : {MAS53379, MAS-NOIDA, S-1-5-21-2373504117-2689643630-3100359099-15617,
                     S-1-5-21-2373504117-2689643630-3100359099-10155...}
InstanceId         : 4726
TimeGenerated      : 8/25/2023 1:13:28 PM
TimeWritten        : 8/25/2023 1:13:28 PM
UserName           :
Site               :
Container          :

EventID            : 4726
MachineName        : DC.mas-noida.com
Data               : {}
Index              : 38396734
Category           : (13824)
CategoryNumber     : 13824
EntryType          : SuccessAudit
Message            : A user account was deleted.

                     Subject:
                         Security ID:        S-1-5-21-2373504117-2689643630-3100359099-10155
                         Account Name:        ranjeetit
                         Account Domain:        MAS-NOIDA
                         Logon ID:        0x1386e6bdb

                     Target Account:
                         Security ID:        S-1-5-21-2373504117-2689643630-3100359099-15098
                         Account Name:        MAS53360
                         Account Domain:        MAS-NOIDA

                     Additional Information:
                         Privileges    -
Source             : Microsoft-Windows-Security-Auditing
ReplacementStrings : {MAS53360, MAS-NOIDA, S-1-5-21-2373504117-2689643630-3100359099-15098,
                     S-1-5-21-2373504117-2689643630-3100359099-10155...}
InstanceId         : 4726
TimeGenerated      : 8/25/2023 1:13:07 PM
TimeWritten        : 8/25/2023 1:13:07 PM
UserName           :
Site               :
Container          :

EventID            : 4726
MachineName        : DC.mas-noida.com
Data               : {}
Index              : 38396638
Category           : (13824)
CategoryNumber     : 13824
EntryType          : SuccessAudit
Message            : A user account was deleted.

                     Subject:
                         Security ID:        S-1-5-21-2373504117-2689643630-3100359099-10155
                         Account Name:        ranjeetit
                         Account Domain:        MAS-NOIDA
                         Logon ID:        0x1386e6bdb

                     Target Account:
                         Security ID:        S-1-5-21-2373504117-2689643630-3100359099-15063
                         Account Name:        MAS53305
                         Account Domain:        MAS-NOIDA

                     Additional Information:
                         Privileges    -
Source             : Microsoft-Windows-Security-Auditing
ReplacementStrings : {MAS53305, MAS-NOIDA, S-1-5-21-2373504117-2689643630-3100359099-15063,
                     S-1-5-21-2373504117-2689643630-3100359099-10155...}
InstanceId         : 4726
TimeGenerated      : 8/25/2023 1:12:48 PM
TimeWritten        : 8/25/2023 1:12:48 PM
UserName           :
Site               :
Container          :

