Source             : Microsoft-Windows-Security-Auditing
ReplacementStrings : {IDC52040, MAS-NOIDA, S-1-5-21-2373504117-2689643630-3100359099-12572,
                     S-1-5-21-2373504117-2689643630-3100359099-2600...}
InstanceId         : 4726
TimeGenerated      : 3/24/2023 2:16:07 PM
TimeWritten        : 3/24/2023 2:16:07 PM
UserName           :
Site               :
Container          :

EventID            : 4726
MachineName        : DC.mas-noida.com
Data               : {}
Index              : 13175607
Category           : (13824)
CategoryNumber     : 13824
EntryType          : SuccessAudit
Message            : A user account was deleted.

                     Subject:
                         Security ID:        S-1-5-21-2373504117-2689643630-3100359099-1499
                         Account Name:        anupk
                         Account Domain:        MAS-NOIDA
                         Logon ID:        0x7f755

                     Target Account:
                         Security ID:        S-1-5-21-2373504117-2689643630-3100359099-12527
                         Account Name:        MAS51989
                         Account Domain:        MAS-NOIDA

                     Additional Information:
                         Privileges    -
Source             : Microsoft-Windows-Security-Auditing
ReplacementStrings : {MAS51989, MAS-NOIDA, S-1-5-21-2373504117-2689643630-3100359099-12527,
                     S-1-5-21-2373504117-2689643630-3100359099-1499...}
InstanceId         : 4726
TimeGenerated      : 3/24/2023 1:14:22 PM
TimeWritten        : 3/24/2023 1:14:22 PM
UserName           :
Site               :
Container          :

EventID            : 4726
MachineName        : DC.mas-noida.com
Data               : {}
Index              : 13175597
Category           : (13824)
CategoryNumber     : 13824
EntryType          : SuccessAudit
Message            : A user account was deleted.

                     Subject:
                         Security ID:        S-1-5-21-2373504117-2689643630-3100359099-1499
                         Account Name:        anupk
                         Account Domain:        MAS-NOIDA
                         Logon ID:        0x7f755

                     Target Account:
                         Security ID:        S-1-5-21-2373504117-2689643630-3100359099-9749
                         Account Name:        MAS52105
                         Account Domain:        MAS-NOIDA

                     Additional Information:
                         Privileges    -
Source             : Microsoft-Windows-Security-Auditing
ReplacementStrings : {MAS52105, MAS-NOIDA, S-1-5-21-2373504117-2689643630-3100359099-9749,
                     S-1-5-21-2373504117-2689643630-3100359099-1499...}
InstanceId         : 4726
TimeGenerated      : 3/24/2023 1:14:14 PM
TimeWritten        : 3/24/2023 1:14:14 PM
UserName           :
Site               :
Container          :

EventID            : 4726
MachineName        : DC.mas-noida.com
Data               : {}
Index              : 13175575
Category           : (13824)
CategoryNumber     : 13824
EntryType          : SuccessAudit
Message            : A user account was deleted.

                     Subject:
                         Security ID:        S-1-5-21-2373504117-2689643630-3100359099-1499
                         Account Name:        anupk
                         Account Domain:        MAS-NOIDA
                         Logon ID:        0x7f755

                     Target Account:
                         Security ID:        S-1-5-21-2373504117-2689643630-3100359099-13115
                         Account Name:        MAS52113
                         Account Domain:        MAS-NOIDA

                     Additional Information:
                         Privileges    -
Source             : Microsoft-Windows-Security-Auditing
ReplacementStrings : {MAS52113, MAS-NOIDA, S-1-5-21-2373504117-2689643630-3100359099-13115,
                     S-1-5-21-2373504117-2689643630-3100359099-1499...}
InstanceId         : 4726
TimeGenerated      : 3/24/2023 1:14:03 PM
TimeWritten        : 3/24/2023 1:14:03 PM
UserName           :
Site               :
Container          :

EventID            : 4726
MachineName        : DC.mas-noida.com
Data               : {}
Index              : 13175541
Category           : (13824)
CategoryNumber     : 13824
EntryType          : SuccessAudit
Message            : A user account was deleted.

                     Subject:
                         Security ID:        S-1-5-21-2373504117-2689643630-3100359099-1499
                         Account Name:        anupk
                         Account Domain:        MAS-NOIDA
                         Logon ID:        0x7f755

                     Target Account:
                         Security ID:        S-1-5-21-2373504117-2689643630-3100359099-12589
                         Account Name:        MAS52062
                         Account Domain:        MAS-NOIDA

                     Additional Information:
                         Privileges    -
Source             : Microsoft-Windows-Security-Auditing
ReplacementStrings : {MAS52062, MAS-NOIDA, S-1-5-21-2373504117-2689643630-3100359099-12589,
                     S-1-5-21-2373504117-2689643630-3100359099-1499...}
InstanceId         : 4726
TimeGenerated      : 3/24/2023 1:13:52 PM
TimeWritten        : 3/24/2023 1:13:52 PM
UserName           :
Site               :
Container          :

EventID            : 4726
MachineName        : DC.mas-noida.com
Data               : {}
Index              : 13175519
Category           : (13824)
CategoryNumber     : 13824
EntryType          : SuccessAudit
Message            : A user account was deleted.

                     Subject:
                         Security ID:        S-1-5-21-2373504117-2689643630-3100359099-1499
                         Account Name:        anupk
                         Account Domain:        MAS-NOIDA
                         Logon ID:        0x7f755

                     Target Account:
                         Security ID:        S-1-5-21-2373504117-2689643630-3100359099-9756
                         Account Name:        MAS52086
                         Account Domain:        MAS-NOIDA

                     Additional Information:
                         Privileges    -
Source             : Microsoft-Windows-Security-Auditing
ReplacementStrings : {MAS52086, MAS-NOIDA, S-1-5-21-2373504117-2689643630-3100359099-9756,
                     S-1-5-21-2373504117-2689643630-3100359099-1499...}
InstanceId         : 4726
TimeGenerated      : 3/24/2023 1:13:45 PM
TimeWritten        : 3/24/2023 1:13:45 PM
UserName           :
Site               :
Container          :

EventID            : 4726
MachineName        : DC.mas-noida.com
Data               : {}
Index              : 13123588
Category           : (13824)
CategoryNumber     : 13824
EntryType          : SuccessAudit
Message            : A user account was deleted.

                     Subject:
                         Security ID:        S-1-5-21-2373504117-2689643630-3100359099-1483
                         Account Name:        mayank
                         Account Domain:        MAS-NOIDA
                         Logon ID:        0x8be83562

                     Target Account:
                         Security ID:        S-1-5-21-2373504117-2689643630-3100359099-12528
                         Account Name:        MAS51988
                         Account Domain:        MAS-NOIDA

                     Additional Information:
                         Privileges    -
Source             : Microsoft-Windows-Security-Auditing
ReplacementStrings : {MAS51988, MAS-NOIDA, S-1-5-21-2373504117-2689643630-3100359099-12528,
                     S-1-5-21-2373504117-2689643630-3100359099-1483...}
InstanceId         : 4726
TimeGenerated      : 3/24/2023 6:51:00 AM
TimeWritten        : 3/24/2023 6:51:00 AM
UserName           :
Site               :
Container          :

EventID            : 4726
MachineName        : DC.mas-noida.com
Data               : {}
Index              : 13123571
Category           : (13824)
CategoryNumber     : 13824
EntryType          : SuccessAudit
Message            : A user account was deleted.

                     Subject:
                         Security ID:        S-1-5-21-2373504117-2689643630-3100359099-1483
                         Account Name:        mayank
                         Account Domain:        MAS-NOIDA
                         Logon ID:        0x8be8323e

                     Target Account:
                         Security ID:        S-1-5-21-2373504117-2689643630-3100359099-7112
                         Account Name:        MAS49942
                         Account Domain:        MAS-NOIDA

                     Additional Information:
                         Privileges    -
Source             : Microsoft-Windows-Security-Auditing
ReplacementStrings : {MAS49942, MAS-NOIDA, S-1-5-21-2373504117-2689643630-3100359099-7112,
                     S-1-5-21-2373504117-2689643630-3100359099-1483...}
InstanceId         : 4726
TimeGenerated      : 3/24/2023 6:50:49 AM
TimeWritten        : 3/24/2023 6:50:49 AM
UserName           :
Site               :
Container          :

EventID            : 4726
MachineName        : DC.mas-noida.com
Data               : {}
Index              : 13123547
Category           : (13824)
CategoryNumber     : 13824
EntryType          : SuccessAudit
Message            : A user account was deleted.

                     Subject:
                         Security ID:        S-1-5-21-2373504117-2689643630-3100359099-1483
                         Account Name:        mayank
                         Account Domain:        MAS-NOIDA
                         Logon ID:        0x8be82e21

                     Target Account:
                         Security ID:        S-1-5-21-2373504117-2689643630-3100359099-10165
                         Account Name:        MAS50594
                         Account Domain:        MAS-NOIDA

                     Additional Information:
                         Privileges    -
Source             : Microsoft-Windows-Security-Auditing
ReplacementStrings : {MAS50594, MAS-NOIDA, S-1-5-21-2373504117-2689643630-3100359099-10165,
                     S-1-5-21-2373504117-2689643630-3100359099-1483...}
InstanceId         : 4726
TimeGenerated      : 3/24/2023 6:50:37 AM
TimeWritten        : 3/24/2023 6:50:37 AM
UserName           :
Site               :
Container          :

EventID            : 4726
MachineName        : DC.mas-noida.com
Data               : {}
Index              : 13123530
Category           : (13824)
CategoryNumber     : 13824
EntryType          : SuccessAudit
Message            : A user account was deleted.

                     Subject:
                         Security ID:        S-1-5-21-2373504117-2689643630-3100359099-1483
                         Account Name:        mayank
                         Account Domain:        MAS-NOIDA
                         Logon ID:        0x8be828d0

                     Target Account:
                         Security ID:        S-1-5-21-2373504117-2689643630-3100359099-10531
                         Account Name:        MAS51005
                         Account Domain:        MAS-NOIDA

                     Additional Information:
                         Privileges    -
Source             : Microsoft-Windows-Security-Auditing
ReplacementStrings : {MAS51005, MAS-NOIDA, S-1-5-21-2373504117-2689643630-3100359099-10531,
                     S-1-5-21-2373504117-2689643630-3100359099-1483...}
InstanceId         : 4726
TimeGenerated      : 3/24/2023 6:50:23 AM
TimeWritten        : 3/24/2023 6:50:23 AM
UserName           :
Site               :
Container          :

EventID            : 4726
MachineName        : DC.mas-noida.com
Data               : {}
Index              : 13123506
Category           : (13824)
CategoryNumber     : 13824
EntryType          : SuccessAudit
Message            : A user account was deleted.

                     Subject:
                         Security ID:        S-1-5-21-2373504117-2689643630-3100359099-1483
                         Account Name:        mayank
                         Account Domain:        MAS-NOIDA
                         Logon ID:        0x8be8225e

                     Target Account:
                         Security ID:        S-1-5-21-2373504117-2689643630-3100359099-7543
                         Account Name:        MAS51198
                         Account Domain:        MAS-NOIDA

                     Additional Information:
                         Privileges    -
Source             : Microsoft-Windows-Security-Auditing
ReplacementStrings : {MAS51198, MAS-NOIDA, S-1-5-21-2373504117-2689643630-3100359099-7543,
                     S-1-5-21-2373504117-2689643630-3100359099-1483...}
InstanceId         : 4726
TimeGenerated      : 3/24/2023 6:50:07 AM
TimeWritten        : 3/24/2023 6:50:07 AM
UserName           :
Site               :
Container          :

EventID            : 4726
MachineName        : DC.mas-noida.com
Data               : {}
Index              : 12986801
Category           : (13824)
CategoryNumber     : 13824
EntryType          : SuccessAudit
Message            : A user account was deleted.

                     Subject:
                         Security ID:        S-1-5-21-2373504117-2689643630-3100359099-2600
                         Account Name:        prateeks
                         Account Domain:        MAS-NOIDA
                         Logon ID:        0x8ac0614c

                     Target Account:
                         Security ID:        S-1-5-21-2373504117-2689643630-3100359099-9746
                         Account Name:        MAS52108
                         Account Domain:        MAS-NOIDA

                     Additional Information:
                         Privileges    -
Source             : Microsoft-Windows-Security-Auditing
ReplacementStrings : {MAS52108, MAS-NOIDA, S-1-5-21-2373504117-2689643630-3100359099-9746,
                     S-1-5-21-2373504117-2689643630-3100359099-2600...}
InstanceId         : 4726
TimeGenerated      : 3/23/2023 2:05:17 PM
TimeWritten        : 3/23/2023 2:05:17 PM
UserName           :
Site               :
Container          :

EventID            : 4726
MachineName        : DC.mas-noida.com
Data               : {}
Index              : 12986592
Category           : (13824)
CategoryNumber     : 13824
EntryType          : SuccessAudit
Message            : A user account was deleted.

                     Subject:
                         Security ID:        S-1-5-21-2373504117-2689643630-3100359099-2600
                         Account Name:        prateeks
                         Account Domain:        MAS-NOIDA
                         Logon ID:        0x8ac004a2

                     Target Account:
                         Security ID:        S-1-5-21-2373504117-2689643630-3100359099-12599
                         Account Name:        MAS52072
                         Account Domain:        MAS-NOIDA

                     Additional Information:
                         Privileges    -
Source             : Microsoft-Windows-Security-Auditing
ReplacementStrings : {MAS52072, MAS-NOIDA, S-1-5-21-2373504117-2689643630-3100359099-12599,
                     S-1-5-21-2373504117-2689643630-3100359099-2600...}
InstanceId         : 4726
TimeGenerated      : 3/23/2023 2:05:00 PM
TimeWritten        : 3/23/2023 2:05:00 PM
UserName           :
Site               :
Container          :

EventID            : 4726
MachineName        : DC.mas-noida.com
Data               : {}
Index              : 12986499
Category           : (13824)
CategoryNumber     : 13824
EntryType          : SuccessAudit
Message            : A user account was deleted.

                     Subject:
                         Security ID:        S-1-5-21-2373504117-2689643630-3100359099-2600
                         Account Name:        prateeks
                         Account Domain:        MAS-NOIDA
                         Logon ID:        0x8abfab42

                     Target Account:
                         Security ID:        S-1-5-21-2373504117-2689643630-3100359099-12587
                         Account Name:        MAS52060
                         Account Domain:        MAS-NOIDA

                     Additional Information:
                         Privileges    -
Source             : Microsoft-Windows-Security-Auditing
ReplacementStrings : {MAS52060, MAS-NOIDA, S-1-5-21-2373504117-2689643630-3100359099-12587,
                     S-1-5-21-2373504117-2689643630-3100359099-2600...}
InstanceId         : 4726
TimeGenerated      : 3/23/2023 2:04:47 PM
TimeWritten        : 3/23/2023 2:04:47 PM
UserName           :
Site               :
Container          :

EventID            : 4726
MachineName        : DC.mas-noida.com
Data               : {}
Index              : 12986373
Category           : (13824)
CategoryNumber     : 13824
EntryType          : SuccessAudit
Message            : A user account was deleted.

                     Subject:
                         Security ID:        S-1-5-21-2373504117-2689643630-3100359099-2600
                         Account Name:        prateeks
                         Account Domain:        MAS-NOIDA
                         Logon ID:        0x8abf4d96

                     Target Account:
                         Security ID:        S-1-5-21-2373504117-2689643630-3100359099-13108
                         Account Name:        MAS52097
                         Account Domain:        MAS-NOIDA

                     Additional Information:
                         Privileges    -
Source             : Microsoft-Windows-Security-Auditing
ReplacementStrings : {MAS52097, MAS-NOIDA, S-1-5-21-2373504117-2689643630-3100359099-13108,
                     S-1-5-21-2373504117-2689643630-3100359099-2600...}
InstanceId         : 4726
TimeGenerated      : 3/23/2023 2:04:24 PM
TimeWritten        : 3/23/2023 2:04:24 PM
UserName           :
Site               :
Container          :

EventID            : 4726
MachineName        : DC.mas-noida.com
Data               : {}
Index              : 12986204
Category           : (13824)
CategoryNumber     : 13824
EntryType          : SuccessAudit
Message            : A user account was deleted.

                     Subject:
                         Security ID:        S-1-5-21-2373504117-2689643630-3100359099-2600
                         Account Name:        prateeks
                         Account Domain:        MAS-NOIDA
                         Logon ID:        0x8abf162d

                     Target Account:
                         Security ID:        S-1-5-21-2373504117-2689643630-3100359099-12598
                         Account Name:        MAS52071
                         Account Domain:        MAS-NOIDA

                     Additional Information:
                         Privileges    -
Source             : Microsoft-Windows-Security-Auditing
ReplacementStrings : {MAS52071, MAS-NOIDA, S-1-5-21-2373504117-2689643630-3100359099-12598,
                     S-1-5-21-2373504117-2689643630-3100359099-2600...}
InstanceId         : 4726
TimeGenerated      : 3/23/2023 2:03:33 PM
TimeWritten        : 3/23/2023 2:03:33 PM
UserName           :
Site               :
Container          :

EventID            : 4726
MachineName        : DC.mas-noida.com
Data               : {}
Index              : 12986137
Category           : (13824)
CategoryNumber     : 13824
EntryType          : SuccessAudit
Message            : A user account was deleted.

                     Subject:
                         Security ID:        S-1-5-21-2373504117-2689643630-3100359099-2600
                         Account Name:        prateeks
                         Account Domain:        MAS-NOIDA
                         Logon ID:        0x8abefd35

                     Target Account:
                         Security ID:        S-1-5-21-2373504117-2689643630-3100359099-12595
                         Account Name:        MAS52068
                         Account Domain:        MAS-NOIDA

                     Additional Information:
                         Privileges    -
Source             : Microsoft-Windows-Security-Auditing
ReplacementStrings : {MAS52068, MAS-NOIDA, S-1-5-21-2373504117-2689643630-3100359099-12595,
                     S-1-5-21-2373504117-2689643630-3100359099-2600...}
InstanceId         : 4726
TimeGenerated      : 3/23/2023 2:03:14 PM
TimeWritten        : 3/23/2023 2:03:14 PM
UserName           :
Site               :
Container          :

EventID            : 4726
MachineName        : DC.mas-noida.com
Data               : {}
Index              : 12986081
Category           : (13824)
CategoryNumber     : 13824
EntryType          : SuccessAudit
Message            : A user account was deleted.

                     Subject:
                         Security ID:        S-1-5-21-2373504117-2689643630-3100359099-2600
                         Account Name:        prateeks
                         Account Domain:        MAS-NOIDA
                         Logon ID:        0x8abeeaf6

                     Target Account:
                         Security ID:        S-1-5-21-2373504117-2689643630-3100359099-12588
                         Account Name:        MAS52061
                         Account Domain:        MAS-NOIDA

                     Additional Information:
                         Privileges    -
Source             : Microsoft-Windows-Security-Auditing
ReplacementStrings : {MAS52061, MAS-NOIDA, S-1-5-21-2373504117-2689643630-3100359099-12588,
                     S-1-5-21-2373504117-2689643630-3100359099-2600...}
InstanceId         : 4726
TimeGenerated      : 3/23/2023 2:02:59 PM
TimeWritten        : 3/23/2023 2:02:59 PM
UserName           :
Site               :
Container          :

EventID            : 4726
MachineName        : DC.mas-noida.com
Data               : {}
Index              : 12986024
Category           : (13824)
CategoryNumber     : 13824
EntryType          : SuccessAudit
Message            : A user account was deleted.

                     Subject:
                         Security ID:        S-1-5-21-2373504117-2689643630-3100359099-2600
                         Account Name:        prateeks
                         Account Domain:        MAS-NOIDA
                         Logon ID:        0x8abee21c

                     Target Account:
                         Security ID:        S-1-5-21-2373504117-2689643630-3100359099-13107
                         Account Name:        MAS52096
                         Account Domain:        MAS-NOIDA

                     Additional Information:
                         Privileges    -
Source             : Microsoft-Windows-Security-Auditing
ReplacementStrings : {MAS52096, MAS-NOIDA, S-1-5-21-2373504117-2689643630-3100359099-13107,
                     S-1-5-21-2373504117-2689643630-3100359099-2600...}
InstanceId         : 4726
TimeGenerated      : 3/23/2023 2:02:46 PM
TimeWritten        : 3/23/2023 2:02:46 PM
UserName           :
Site               :
Container          :

EventID            : 4726
MachineName        : DC.mas-noida.com
Data               : {}
Index              : 12985946
Category           : (13824)
CategoryNumber     : 13824
EntryType          : SuccessAudit
Message            : A user account was deleted.

                     Subject:
                         Security ID:        S-1-5-21-2373504117-2689643630-3100359099-2600
                         Account Name:        prateeks
                         Account Domain:        MAS-NOIDA
                         Logon ID:        0x8abed518

                     Target Account:
                         Security ID:        S-1-5-21-2373504117-2689643630-3100359099-12592
                         Account Name:        MAS52065
                         Account Domain:        MAS-NOIDA

                     Additional Information:
                         Privileges    -
Source             : Microsoft-Windows-Security-Auditing
ReplacementStrings : {MAS52065, MAS-NOIDA, S-1-5-21-2373504117-2689643630-3100359099-12592,
                     S-1-5-21-2373504117-2689643630-3100359099-2600...}
InstanceId         : 4726
TimeGenerated      : 3/23/2023 2:02:25 PM
TimeWritten        : 3/23/2023 2:02:25 PM
UserName           :
Site               :
Container          :

EventID            : 4726
MachineName        : DC.mas-noida.com
Data               : {}
Index              : 12985860
Category           : (13824)
CategoryNumber     : 13824
EntryType          : SuccessAudit
Message            : A user account was deleted.

                     Subject:
                         Security ID:        S-1-5-21-2373504117-2689643630-3100359099-2600
                         Account Name:        prateeks
                         Account Domain:        MAS-NOIDA
                         Logon ID:        0x8abec3b3

                     Target Account:
                         Security ID:        S-1-5-21-2373504117-2689643630-3100359099-13623
                         Account Name:        MAS52024
                         Account Domain:        MAS-NOIDA

                     Additional Information:
                         Privileges    -
Source             : Microsoft-Windows-Security-Auditing
ReplacementStrings : {MAS52024, MAS-NOIDA, S-1-5-21-2373504117-2689643630-3100359099-13623,
                     S-1-5-21-2373504117-2689643630-3100359099-2600...}
InstanceId         : 4726
TimeGenerated      : 3/23/2023 2:02:03 PM
TimeWritten        : 3/23/2023 2:02:03 PM
UserName           :
Site               :
Container          :

EventID            : 4726
MachineName        : DC.mas-noida.com
Data               : {}
Index              : 12985815
Category           : (13824)
CategoryNumber     : 13824
EntryType          : SuccessAudit
Message            : A user account was deleted.

                     Subject:
                         Security ID:        S-1-5-21-2373504117-2689643630-3100359099-2600
                         Account Name:        prateeks
                         Account Domain:        MAS-NOIDA
                         Logon ID:        0x8abeb93f

                     Target Account:
                         Security ID:        S-1-5-21-2373504117-2689643630-3100359099-13620
                         Account Name:        MAS51967
                         Account Domain:        MAS-NOIDA

                     Additional Information:
                         Privileges    -
Source             : Microsoft-Windows-Security-Auditing
ReplacementStrings : {MAS51967, MAS-NOIDA, S-1-5-21-2373504117-2689643630-3100359099-13620,
                     S-1-5-21-2373504117-2689643630-3100359099-2600...}
InstanceId         : 4726
TimeGenerated      : 3/23/2023 2:01:49 PM
TimeWritten        : 3/23/2023 2:01:49 PM
UserName           :
Site               :
Container          :

EventID            : 4726
MachineName        : DC.mas-noida.com
Data               : {}
Index              : 12985759
Category           : (13824)
CategoryNumber     : 13824
EntryType          : SuccessAudit
Message            : A user account was deleted.

                     Subject:
                         Security ID:        S-1-5-21-2373504117-2689643630-3100359099-2600
                         Account Name:        prateeks
                         Account Domain:        MAS-NOIDA
                         Logon ID:        0x8abeaad3

                     Target Account:
                         Security ID:        S-1-5-21-2373504117-2689643630-3100359099-13619
                         Account Name:        MAS52014
                         Account Domain:        MAS-NOIDA

                     Additional Information:
                         Privileges    -
Source             : Microsoft-Windows-Security-Auditing
ReplacementStrings : {MAS52014, MAS-NOIDA, S-1-5-21-2373504117-2689643630-3100359099-13619,
                     S-1-5-21-2373504117-2689643630-3100359099-2600...}
InstanceId         : 4726
TimeGenerated      : 3/23/2023 2:01:34 PM
TimeWritten        : 3/23/2023 2:01:34 PM
UserName           :
Site               :
Container          :

EventID            : 4726
MachineName        : DC.mas-noida.com
Data               : {}
Index              : 12985676
Category           : (13824)
CategoryNumber     : 13824
EntryType          : SuccessAudit
Message            : A user account was deleted.

                     Subject:
                         Security ID:        S-1-5-21-2373504117-2689643630-3100359099-2600
                         Account Name:        prateeks
                         Account Domain:        MAS-NOIDA
                         Logon ID:        0x8abe9271

                     Target Account:
                         Security ID:        S-1-5-21-2373504117-2689643630-3100359099-10821
                         Account Name:        MAS51882
                         Account Domain:        MAS-NOIDA

                     Additional Information:
                         Privileges    -
Source             : Microsoft-Windows-Security-Auditing
ReplacementStrings : {MAS51882, MAS-NOIDA, S-1-5-21-2373504117-2689643630-3100359099-10821,
                     S-1-5-21-2373504117-2689643630-3100359099-2600...}
InstanceId         : 4726
TimeGenerated      : 3/23/2023 2:01:18 PM
TimeWritten        : 3/23/2023 2:01:18 PM
UserName           :
Site               :
Container          :

EventID            : 4726
MachineName        : DC.mas-noida.com
Data               : {}
Index              : 12355927
Category           : (13824)
CategoryNumber     : 13824
EntryType          : SuccessAudit
Message            : A user account was deleted.

                     Subject:
                         Security ID:        S-1-5-21-2373504117-2689643630-3100359099-1499
                         Account Name:        anupk
                         Account Domain:        MAS-NOIDA
                         Logon ID:        0x7f755

                     Target Account:
                         Security ID:        S-1-5-21-2373504117-2689643630-3100359099-10254
                         Account Name:        MAS50745
                         Account Domain:        MAS-NOIDA

                     Additional Information:
                         Privileges    -
Source             : Microsoft-Windows-Security-Auditing
ReplacementStrings : {MAS50745, MAS-NOIDA, S-1-5-21-2373504117-2689643630-3100359099-10254,
                     S-1-5-21-2373504117-2689643630-3100359099-1499...}
InstanceId         : 4726
TimeGenerated      : 3/20/2023 6:56:55 AM
TimeWritten        : 3/20/2023 6:56:55 AM
UserName           :
Site               :
Container          :

EventID            : 4726
MachineName        : DC.mas-noida.com
Data               : {}
Index              : 12355910
Category           : (13824)
CategoryNumber     : 13824
EntryType          : SuccessAudit
Message            : A user account was deleted.

                     Subject:
                         Security ID:        S-1-5-21-2373504117-2689643630-3100359099-1499
                         Account Name:        anupk
                         Account Domain:        MAS-NOIDA
                         Logon ID:        0x7f755

                     Target Account:
                         Security ID:        S-1-5-21-2373504117-2689643630-3100359099-6217
                         Account Name:        MAS49005
                         Account Domain:        MAS-NOIDA

                     Additional Information:
                         Privileges    -
Source             : Microsoft-Windows-Security-Auditing
ReplacementStrings : {MAS49005, MAS-NOIDA, S-1-5-21-2373504117-2689643630-3100359099-6217,
                     S-1-5-21-2373504117-2689643630-3100359099-1499...}
InstanceId         : 4726
TimeGenerated      : 3/20/2023 6:56:40 AM
TimeWritten        : 3/20/2023 6:56:40 AM
UserName           :
Site               :
Container          :

EventID            : 4726
MachineName        : DC.mas-noida.com
Data               : {}
Index              : 12355899
Category           : (13824)
CategoryNumber     : 13824
EntryType          : SuccessAudit
Message            : A user account was deleted.

                     Subject:
                         Security ID:        S-1-5-21-2373504117-2689643630-3100359099-1499
                         Account Name:        anupk
                         Account Domain:        MAS-NOIDA
                         Logon ID:        0x7f755

                     Target Account:
                         Security ID:        S-1-5-21-2373504117-2689643630-3100359099-12371
                         Account Name:        MAS51739
                         Account Domain:        MAS-NOIDA

                     Additional Information:
                         Privileges    -
Source             : Microsoft-Windows-Security-Auditing
ReplacementStrings : {MAS51739, MAS-NOIDA, S-1-5-21-2373504117-2689643630-3100359099-12371,
                     S-1-5-21-2373504117-2689643630-3100359099-1499...}
InstanceId         : 4726
TimeGenerated      : 3/20/2023 6:56:24 AM
TimeWritten        : 3/20/2023 6:56:24 AM
UserName           :
Site               :
Container          :

EventID            : 4726
MachineName        : DC.mas-noida.com
Data               : {}
Index              : 12355852
Category           : (13824)
CategoryNumber     : 13824
EntryType          : SuccessAudit
Message            : A user account was deleted.

                     Subject:
                         Security ID:        S-1-5-21-2373504117-2689643630-3100359099-1499
                         Account Name:        anupk
                         Account Domain:        MAS-NOIDA
                         Logon ID:        0x7f755

                     Target Account:
                         Security ID:        S-1-5-21-2373504117-2689643630-3100359099-6386
                         Account Name:        MAS49546
                         Account Domain:        MAS-NOIDA

                     Additional Information:
                         Privileges    -
Source             : Microsoft-Windows-Security-Auditing
ReplacementStrings : {MAS49546, MAS-NOIDA, S-1-5-21-2373504117-2689643630-3100359099-6386,
                     S-1-5-21-2373504117-2689643630-3100359099-1499...}
InstanceId         : 4726
TimeGenerated      : 3/20/2023 6:55:13 AM
TimeWritten        : 3/20/2023 6:55:13 AM
UserName           :
Site               :
Container          :

EventID            : 4726
MachineName        : DC.mas-noida.com
Data               : {}
Index              : 12355823
Category           : (13824)
CategoryNumber     : 13824
EntryType          : SuccessAudit
Message            : A user account was deleted.

                     Subject:
                         Security ID:        S-1-5-21-2373504117-2689643630-3100359099-1499
                         Account Name:        anupk
                         Account Domain:        MAS-NOIDA
                         Logon ID:        0x7f755

                     Target Account:
                         Security ID:        S-1-5-21-2373504117-2689643630-3100359099-4286
                         Account Name:        MAS48647
                         Account Domain:        MAS-NOIDA

                     Additional Information:
                         Privileges    -
Source             : Microsoft-Windows-Security-Auditing
ReplacementStrings : {MAS48647, MAS-NOIDA, S-1-5-21-2373504117-2689643630-3100359099-4286,
                     S-1-5-21-2373504117-2689643630-3100359099-1499...}
InstanceId         : 4726
TimeGenerated      : 3/20/2023 6:55:02 AM
TimeWritten        : 3/20/2023 6:55:02 AM
UserName           :
Site               :
Container          :

EventID            : 4726
MachineName        : DC.mas-noida.com
Data               : {}
Index              : 12355740
Category           : (13824)
CategoryNumber     : 13824
EntryType          : SuccessAudit
Message            : A user account was deleted.

                     Subject:
                         Security ID:        S-1-5-21-2373504117-2689643630-3100359099-1499
                         Account Name:        anupk
                         Account Domain:        MAS-NOIDA
                         Logon ID:        0x7f755

                     Target Account:
                         Security ID:        S-1-5-21-2373504117-2689643630-3100359099-12291
                         Account Name:        MAS51708
                         Account Domain:        MAS-NOIDA

                     Additional Information:
                         Privileges    -
Source             : Microsoft-Windows-Security-Auditing
ReplacementStrings : {MAS51708, MAS-NOIDA, S-1-5-21-2373504117-2689643630-3100359099-12291,
                     S-1-5-21-2373504117-2689643630-3100359099-1499...}
InstanceId         : 4726
TimeGenerated      : 3/20/2023 6:54:36 AM
TimeWritten        : 3/20/2023 6:54:36 AM
UserName           :
Site               :
Container          :

EventID            : 4726
MachineName        : DC.mas-noida.com
Data               : {}
Index              : 12355732
Category           : (13824)
CategoryNumber     : 13824
EntryType          : SuccessAudit
Message            : A user account was deleted.

                     Subject:
                         Security ID:        S-1-5-21-2373504117-2689643630-3100359099-1499
                         Account Name:        anupk
                         Account Domain:        MAS-NOIDA
                         Logon ID:        0x7f755

                     Target Account:
                         Security ID:        S-1-5-21-2373504117-2689643630-3100359099-12222
                         Account Name:        MAS51655
                         Account Domain:        MAS-NOIDA

                     Additional Information:
                         Privileges    -
Source             : Microsoft-Windows-Security-Auditing
ReplacementStrings : {MAS51655, MAS-NOIDA, S-1-5-21-2373504117-2689643630-3100359099-12222,
                     S-1-5-21-2373504117-2689643630-3100359099-1499...}
InstanceId         : 4726
TimeGenerated      : 3/20/2023 6:54:26 AM
TimeWritten        : 3/20/2023 6:54:26 AM
UserName           :
Site               :
Container          :

EventID            : 4726
MachineName        : DC.mas-noida.com
Data               : {}
Index              : 12355718
Category           : (13824)
CategoryNumber     : 13824
EntryType          : SuccessAudit
Message            : A user account was deleted.

                     Subject:
                         Security ID:        S-1-5-21-2373504117-2689643630-3100359099-1499
                         Account Name:        anupk
                         Account Domain:        MAS-NOIDA
                         Logon ID:        0x7f755

                     Target Account:
                         Security ID:        S-1-5-21-2373504117-2689643630-3100359099-12140
                         Account Name:        MAS51576
                         Account Domain:        MAS-NOIDA

                     Additional Information:
                         Privileges    -
Source             : Microsoft-Windows-Security-Auditing
ReplacementStrings : {MAS51576, MAS-NOIDA, S-1-5-21-2373504117-2689643630-3100359099-12140,
                     S-1-5-21-2373504117-2689643630-3100359099-1499...}
InstanceId         : 4726
TimeGenerated      : 3/20/2023 6:54:09 AM
TimeWritten        : 3/20/2023 6:54:09 AM
UserName           :
Site               :
Container          :

EventID            : 4726
MachineName        : DC.mas-noida.com
Data               : {}
Index              : 12355693
Category           : (13824)
CategoryNumber     : 13824
EntryType          : SuccessAudit
Message            : A user account was deleted.

                     Subject:
                         Security ID:        S-1-5-21-2373504117-2689643630-3100359099-1499
                         Account Name:        anupk
                         Account Domain:        MAS-NOIDA
                         Logon ID:        0x7f755

                     Target Account:
                         Security ID:        S-1-5-21-2373504117-2689643630-3100359099-10213
                         Account Name:        MAS50654
                         Account Domain:        MAS-NOIDA

                     Additional Information:
                         Privileges    -
Source             : Microsoft-Windows-Security-Auditing
ReplacementStrings : {MAS50654, MAS-NOIDA, S-1-5-21-2373504117-2689643630-3100359099-10213,
                     S-1-5-21-2373504117-2689643630-3100359099-1499...}
InstanceId         : 4726
TimeGenerated      : 3/20/2023 6:53:38 AM
TimeWritten        : 3/20/2023 6:53:38 AM
UserName           :
Site               :
Container          :

EventID            : 4726
MachineName        : DC.mas-noida.com
Data               : {}
Index              : 12355684
Category           : (13824)
CategoryNumber     : 13824
EntryType          : SuccessAudit
Message            : A user account was deleted.

                     Subject:
                         Security ID:        S-1-5-21-2373504117-2689643630-3100359099-1499
                         Account Name:        anupk
                         Account Domain:        MAS-NOIDA
                         Logon ID:        0x7f755

                     Target Account:
                         Security ID:        S-1-5-21-2373504117-2689643630-3100359099-12427
                         Account Name:        MAS51201
                         Account Domain:        MAS-NOIDA

                     Additional Information:
                         Privileges    -
Source             : Microsoft-Windows-Security-Auditing
ReplacementStrings : {MAS51201, MAS-NOIDA, S-1-5-21-2373504117-2689643630-3100359099-12427,
                     S-1-5-21-2373504117-2689643630-3100359099-1499...}
InstanceId         : 4726
TimeGenerated      : 3/20/2023 6:53:25 AM
TimeWritten        : 3/20/2023 6:53:25 AM
UserName           :
Site               :
Container          :

EventID            : 4726
MachineName        : DC.mas-noida.com
Data               : {}
Index              : 12355619
Category           : (13824)
CategoryNumber     : 13824
EntryType          : SuccessAudit
Message            : A user account was deleted.

                     Subject:
                         Security ID:        S-1-5-21-2373504117-2689643630-3100359099-1499
                         Account Name:        anupk
                         Account Domain:        MAS-NOIDA
                         Logon ID:        0x7f755

                     Target Account:
                         Security ID:        S-1-5-21-2373504117-2689643630-3100359099-12198
                         Account Name:        MAS51646
                         Account Domain:        MAS-NOIDA

                     Additional Information:
                         Privileges    -
Source             : Microsoft-Windows-Security-Auditing
ReplacementStrings : {MAS51646, MAS-NOIDA, S-1-5-21-2373504117-2689643630-3100359099-12198,
                     S-1-5-21-2373504117-2689643630-3100359099-1499...}
InstanceId         : 4726
TimeGenerated      : 3/20/2023 6:52:06 AM
TimeWritten        : 3/20/2023 6:52:06 AM
UserName           :
Site               :
Container          :

EventID            : 4726
MachineName        : DC.mas-noida.com
Data               : {}
Index              : 12355579
Category           : (13824)
CategoryNumber     : 13824
EntryType          : SuccessAudit
Message            : A user account was deleted.

                     Subject:
                         Security ID:        S-1-5-21-2373504117-2689643630-3100359099-1499
                         Account Name:        anupk
                         Account Domain:        MAS-NOIDA
                         Logon ID:        0x7f755

                     Target Account:
                         Security ID:        S-1-5-21-2373504117-2689643630-3100359099-12269
                         Account Name:        MAS51687
                         Account Domain:        MAS-NOIDA

                     Additional Information:
                         Privileges    -
Source             : Microsoft-Windows-Security-Auditing
ReplacementStrings : {MAS51687, MAS-NOIDA, S-1-5-21-2373504117-2689643630-3100359099-12269,
                     S-1-5-21-2373504117-2689643630-3100359099-1499...}
InstanceId         : 4726
TimeGenerated      : 3/20/2023 6:51:36 AM
TimeWritten        : 3/20/2023 6:51:36 AM
UserName           :
Site               :
Container          :

EventID            : 4726
MachineName        : DC.mas-noida.com
Data               : {}
Index              : 12091510
Category           : (13824)
CategoryNumber     : 13824
EntryType          : SuccessAudit
Message            : A user account was deleted.

                     Subject:
                         Security ID:        S-1-5-21-2373504117-2689643630-3100359099-1499
                         Account Name:        anupk
                         Account Domain:        MAS-NOIDA
                         Logon ID:        0x6b7ee648

                     Target Account:
                         Security ID:        S-1-5-21-2373504117-2689643630-3100359099-10357
                         Account Name:        MAS50843
                         Account Domain:        MAS-NOIDA

                     Additional Information:
                         Privileges    -


Windows PowerShell
Copyright (C) 2014 Microsoft Corporation. All rights reserved.

PS C:\Users\Administrator.MAS-NOIDA> Get-EventLog -LogName Security | Where-Object {$_.EventID -eq 4726} | Select-Object
 -Property *


EventID            : 4726
MachineName        : DC.mas-noida.com
Data               : {}
Index              : 12355927
Category           : (13824)
CategoryNumber     : 13824
EntryType          : SuccessAudit
Message            : A user account was deleted.

                     Subject:
                         Security ID:        S-1-5-21-2373504117-2689643630-3100359099-1499
                         Account Name:        anupk
                         Account Domain:        MAS-NOIDA
                         Logon ID:        0x7f755

                     Target Account:
                         Security ID:        S-1-5-21-2373504117-2689643630-3100359099-10254
                         Account Name:        MAS50745
                         Account Domain:        MAS-NOIDA

                     Additional Information:
                         Privileges    -
Source             : Microsoft-Windows-Security-Auditing
ReplacementStrings : {MAS50745, MAS-NOIDA, S-1-5-21-2373504117-2689643630-3100359099-10254,
                     S-1-5-21-2373504117-2689643630-3100359099-1499...}
InstanceId         : 4726
TimeGenerated      : 3/20/2023 6:56:55 AM
TimeWritten        : 3/20/2023 6:56:55 AM
UserName           :
Site               :
Container          :

EventID            : 4726
MachineName        : DC.mas-noida.com
Data               : {}
Index              : 12355910
Category           : (13824)
CategoryNumber     : 13824
EntryType          : SuccessAudit
Message            : A user account was deleted.

                     Subject:
                         Security ID:        S-1-5-21-2373504117-2689643630-3100359099-1499
                         Account Name:        anupk
                         Account Domain:        MAS-NOIDA
                         Logon ID:        0x7f755

                     Target Account:
                         Security ID:        S-1-5-21-2373504117-2689643630-3100359099-6217
                         Account Name:        MAS49005
                         Account Domain:        MAS-NOIDA

                     Additional Information:
                         Privileges    -
Source             : Microsoft-Windows-Security-Auditing
ReplacementStrings : {MAS49005, MAS-NOIDA, S-1-5-21-2373504117-2689643630-3100359099-6217,
                     S-1-5-21-2373504117-2689643630-3100359099-1499...}
InstanceId         : 4726
TimeGenerated      : 3/20/2023 6:56:40 AM
TimeWritten        : 3/20/2023 6:56:40 AM
UserName           :
Site               :
Container          :

EventID            : 4726
MachineName        : DC.mas-noida.com
Data               : {}
Index              : 12355899
Category           : (13824)
CategoryNumber     : 13824
EntryType          : SuccessAudit
Message            : A user account was deleted.

                     Subject:
                         Security ID:        S-1-5-21-2373504117-2689643630-3100359099-1499
                         Account Name:        anupk
                         Account Domain:        MAS-NOIDA
                         Logon ID:        0x7f755

                     Target Account:
                         Security ID:        S-1-5-21-2373504117-2689643630-3100359099-12371
                         Account Name:        MAS51739
                         Account Domain:        MAS-NOIDA

                     Additional Information:
                         Privileges    -
