Windows PowerShell
Copyright (C) 2014 Microsoft Corporation. All rights reserved.

PS C:\Windows\system32> Get-EventLog -LogName Security | Where-Object {$_.EventID -eq 4726} | Select-Object -Property *


EventID            : 4726
MachineName        : DC.mas-noida.com
Data               : {}
Index              : 39797086
Category           : (13824)
CategoryNumber     : 13824
EntryType          : SuccessAudit
Message            : A user account was deleted.

                     Subject:
                         Security ID:        S-1-5-21-2373504117-2689643630-3100359099-1499
                         Account Name:        anupk
                         Account Domain:        MAS-NOIDA
                         Logon ID:        0x16b99c1db

                     Target Account:
                         Security ID:        S-1-5-21-2373504117-2689643630-3100359099-15788
                         Account Name:        MAS53574
                         Account Domain:        MAS-NOIDA

                     Additional Information:
                         Privileges    -
Source             : Microsoft-Windows-Security-Auditing
ReplacementStrings : {MAS53574, MAS-NOIDA, S-1-5-21-2373504117-2689643630-3100359099-15788,
                     S-1-5-21-2373504117-2689643630-3100359099-1499...}
InstanceId         : 4726
TimeGenerated      : 9/1/2023 12:53:50 PM
TimeWritten        : 9/1/2023 12:53:50 PM
UserName           :
Site               :
Container          :

EventID            : 4726
MachineName        : DC.mas-noida.com
Data               : {}
Index              : 39797035
Category           : (13824)
CategoryNumber     : 13824
EntryType          : SuccessAudit
Message            : A user account was deleted.

                     Subject:
                         Security ID:        S-1-5-21-2373504117-2689643630-3100359099-1499
                         Account Name:        anupk
                         Account Domain:        MAS-NOIDA
                         Logon ID:        0x16b99c1db

                     Target Account:
                         Security ID:        S-1-5-21-2373504117-2689643630-3100359099-15782
                         Account Name:        MAS53568
                         Account Domain:        MAS-NOIDA

                     Additional Information:
                         Privileges    -
Source             : Microsoft-Windows-Security-Auditing
ReplacementStrings : {MAS53568, MAS-NOIDA, S-1-5-21-2373504117-2689643630-3100359099-15782,
                     S-1-5-21-2373504117-2689643630-3100359099-1499...}
InstanceId         : 4726
TimeGenerated      : 9/1/2023 12:53:35 PM
TimeWritten        : 9/1/2023 12:53:35 PM
UserName           :
Site               :
Container          :

EventID            : 4726
MachineName        : DC.mas-noida.com
Data               : {}
Index              : 39797008
Category           : (13824)
CategoryNumber     : 13824
EntryType          : SuccessAudit
Message            : A user account was deleted.

                     Subject:
                         Security ID:        S-1-5-21-2373504117-2689643630-3100359099-1499
                         Account Name:        anupk
                         Account Domain:        MAS-NOIDA
                         Logon ID:        0x16b99c1db

                     Target Account:
                         Security ID:        S-1-5-21-2373504117-2689643630-3100359099-15669
                         Account Name:        MAS53447
                         Account Domain:        MAS-NOIDA

                     Additional Information:
                         Privileges    -
Source             : Microsoft-Windows-Security-Auditing
ReplacementStrings : {MAS53447, MAS-NOIDA, S-1-5-21-2373504117-2689643630-3100359099-15669,
                     S-1-5-21-2373504117-2689643630-3100359099-1499...}
InstanceId         : 4726
TimeGenerated      : 9/1/2023 12:53:24 PM
TimeWritten        : 9/1/2023 12:53:24 PM
UserName           :
Site               :
Container          :

EventID            : 4726
MachineName        : DC.mas-noida.com
Data               : {}
Index              : 39796963
Category           : (13824)
CategoryNumber     : 13824
EntryType          : SuccessAudit
Message            : A user account was deleted.

                     Subject:
                         Security ID:        S-1-5-21-2373504117-2689643630-3100359099-1499
                         Account Name:        anupk
                         Account Domain:        MAS-NOIDA
                         Logon ID:        0x16b99c1db

                     Target Account:
                         Security ID:        S-1-5-21-2373504117-2689643630-3100359099-15614
                         Account Name:        MAS53376
                         Account Domain:        MAS-NOIDA

                     Additional Information:
                         Privileges    -
Source             : Microsoft-Windows-Security-Auditing
ReplacementStrings : {MAS53376, MAS-NOIDA, S-1-5-21-2373504117-2689643630-3100359099-15614,
                     S-1-5-21-2373504117-2689643630-3100359099-1499...}
InstanceId         : 4726
TimeGenerated      : 9/1/2023 12:53:05 PM
TimeWritten        : 9/1/2023 12:53:05 PM
UserName           :
Site               :
Container          :

EventID            : 4726
MachineName        : DC.mas-noida.com
Data               : {}
Index              : 39796927
Category           : (13824)
CategoryNumber     : 13824
EntryType          : SuccessAudit
Message            : A user account was deleted.

                     Subject:
                         Security ID:        S-1-5-21-2373504117-2689643630-3100359099-1499
                         Account Name:        anupk
                         Account Domain:        MAS-NOIDA
                         Logon ID:        0x16b99c1db

                     Target Account:
                         Security ID:        S-1-5-21-2373504117-2689643630-3100359099-15602
                         Account Name:        MAS53364
                         Account Domain:        MAS-NOIDA

                     Additional Information:
                         Privileges    -
Source             : Microsoft-Windows-Security-Auditing
ReplacementStrings : {MAS53364, MAS-NOIDA, S-1-5-21-2373504117-2689643630-3100359099-15602,
                     S-1-5-21-2373504117-2689643630-3100359099-1499...}
InstanceId         : 4726
TimeGenerated      : 9/1/2023 12:52:49 PM
TimeWritten        : 9/1/2023 12:52:49 PM
UserName           :
Site               :
Container          :



Windows PowerShell
Copyright (C) 2014 Microsoft Corporation. All rights reserved.

PS C:\Windows\system32> Get-EventLog -LogName Security | Where-Object {$_.EventID -eq 4726} | Select-Object -Property *


EventID            : 4726
MachineName        : DC.mas-noida.com
Data               : {}
Index              : 39835051
Category           : (13824)
CategoryNumber     : 13824
EntryType          : SuccessAudit
Message            : A user account was deleted.

                     Subject:
                         Security ID:        S-1-5-21-2373504117-2689643630-3100359099-1499
                         Account Name:        anupk
                         Account Domain:        MAS-NOIDA
                         Logon ID:        0x16eb10bfd

                     Target Account:
                         Security ID:        S-1-5-21-2373504117-2689643630-3100359099-12483
                         Account Name:        MAS51915
                         Account Domain:        MAS-NOIDA

                     Additional Information:
                         Privileges    -
Source             : Microsoft-Windows-Security-Auditing
ReplacementStrings : {MAS51915, MAS-NOIDA, S-1-5-21-2373504117-2689643630-3100359099-12483,
                     S-1-5-21-2373504117-2689643630-3100359099-1499...}
InstanceId         : 4726
TimeGenerated      : 9/1/2023 4:32:21 PM
TimeWritten        : 9/1/2023 4:32:21 PM
UserName           :
Site               :
Container          :

EventID            : 4726
MachineName        : DC.mas-noida.com
Data               : {}
Index              : 39835013
Category           : (13824)
CategoryNumber     : 13824
EntryType          : SuccessAudit
Message            : A user account was deleted.

                     Subject:
                         Security ID:        S-1-5-21-2373504117-2689643630-3100359099-1499
                         Account Name:        anupk
                         Account Domain:        MAS-NOIDA
                         Logon ID:        0x16eb10bfd

                     Target Account:
                         Security ID:        S-1-5-21-2373504117-2689643630-3100359099-14656
                         Account Name:        MAS52850
                         Account Domain:        MAS-NOIDA

                     Additional Information:
                         Privileges    -
Source             : Microsoft-Windows-Security-Auditing
ReplacementStrings : {MAS52850, MAS-NOIDA, S-1-5-21-2373504117-2689643630-3100359099-14656,
                     S-1-5-21-2373504117-2689643630-3100359099-1499...}
InstanceId         : 4726
TimeGenerated      : 9/1/2023 4:32:12 PM
TimeWritten        : 9/1/2023 4:32:12 PM
UserName           :
Site               :
Container          :

EventID            : 4726
MachineName        : DC.mas-noida.com
Data               : {}
Index              : 39834981
Category           : (13824)
CategoryNumber     : 13824
EntryType          : SuccessAudit
Message            : A user account was deleted.

                     Subject:
                         Security ID:        S-1-5-21-2373504117-2689643630-3100359099-1499
                         Account Name:        anupk
                         Account Domain:        MAS-NOIDA
                         Logon ID:        0x16eb10bfd

                     Target Account:
                         Security ID:        S-1-5-21-2373504117-2689643630-3100359099-14834
                         Account Name:        MAS53025
                         Account Domain:        MAS-NOIDA

                     Additional Information:
                         Privileges    -
Source             : Microsoft-Windows-Security-Auditing
ReplacementStrings : {MAS53025, MAS-NOIDA, S-1-5-21-2373504117-2689643630-3100359099-14834,
                     S-1-5-21-2373504117-2689643630-3100359099-1499...}
InstanceId         : 4726
TimeGenerated      : 9/1/2023 4:32:02 PM
TimeWritten        : 9/1/2023 4:32:02 PM
UserName           :
Site               :
Container          :

EventID            : 4726
MachineName        : DC.mas-noida.com
Data               : {}
Index              : 39834945
Category           : (13824)
CategoryNumber     : 13824
EntryType          : SuccessAudit
Message            : A user account was deleted.

                     Subject:
                         Security ID:        S-1-5-21-2373504117-2689643630-3100359099-1499
                         Account Name:        anupk
                         Account Domain:        MAS-NOIDA
                         Logon ID:        0x16eb10bfd

                     Target Account:
                         Security ID:        S-1-5-21-2373504117-2689643630-3100359099-14962
                         Account Name:        MAS53159
                         Account Domain:        MAS-NOIDA

                     Additional Information:
                         Privileges    -
Source             : Microsoft-Windows-Security-Auditing
ReplacementStrings : {MAS53159, MAS-NOIDA, S-1-5-21-2373504117-2689643630-3100359099-14962,
                     S-1-5-21-2373504117-2689643630-3100359099-1499...}
InstanceId         : 4726
TimeGenerated      : 9/1/2023 4:31:52 PM
TimeWritten        : 9/1/2023 4:31:52 PM
UserName           :
Site               :
Container          :

EventID            : 4726
MachineName        : DC.mas-noida.com
Data               : {}
Index              : 39834868
Category           : (13824)
CategoryNumber     : 13824
EntryType          : SuccessAudit
Message            : A user account was deleted.

                     Subject:
                         Security ID:        S-1-5-21-2373504117-2689643630-3100359099-1499
                         Account Name:        anupk
                         Account Domain:        MAS-NOIDA
                         Logon ID:        0x16eb10bfd

                     Target Account:
                         Security ID:        S-1-5-21-2373504117-2689643630-3100359099-15631
                         Account Name:        MAS53401
                         Account Domain:        MAS-NOIDA

                     Additional Information:
                         Privileges    -
Source             : Microsoft-Windows-Security-Auditing
ReplacementStrings : {MAS53401, MAS-NOIDA, S-1-5-21-2373504117-2689643630-3100359099-15631,
                     S-1-5-21-2373504117-2689643630-3100359099-1499...}
InstanceId         : 4726
TimeGenerated      : 9/1/2023 4:31:31 PM
TimeWritten        : 9/1/2023 4:31:31 PM
UserName           :
Site               :
Container          :

EventID            : 4726
MachineName        : DC.mas-noida.com
Data               : {}
Index              : 39834775
Category           : (13824)
CategoryNumber     : 13824
EntryType          : SuccessAudit
Message            : A user account was deleted.

                     Subject:
                         Security ID:        S-1-5-21-2373504117-2689643630-3100359099-1499
                         Account Name:        anupk
                         Account Domain:        MAS-NOIDA
                         Logon ID:        0x16eb10bfd

                     Target Account:
                         Security ID:        S-1-5-21-2373504117-2689643630-3100359099-15679
                         Account Name:        MAS53455
                         Account Domain:        MAS-NOIDA

                     Additional Information:
                         Privileges    -
Source             : Microsoft-Windows-Security-Auditing
ReplacementStrings : {MAS53455, MAS-NOIDA, S-1-5-21-2373504117-2689643630-3100359099-15679,
                     S-1-5-21-2373504117-2689643630-3100359099-1499...}
InstanceId         : 4726
TimeGenerated      : 9/1/2023 4:31:01 PM
TimeWritten        : 9/1/2023 4:31:01 PM
UserName           :
Site               :
Container          :

EventID            : 4726
MachineName        : DC.mas-noida.com
Data               : {}
Index              : 39834746
Category           : (13824)
CategoryNumber     : 13824
EntryType          : SuccessAudit
Message            : A user account was deleted.

                     Subject:
                         Security ID:        S-1-5-21-2373504117-2689643630-3100359099-1499
                         Account Name:        anupk
                         Account Domain:        MAS-NOIDA
                         Logon ID:        0x16eb10bfd

                     Target Account:
                         Security ID:        S-1-5-21-2373504117-2689643630-3100359099-15720
                         Account Name:        MAS53501
                         Account Domain:        MAS-NOIDA

                     Additional Information:
                         Privileges    -
Source             : Microsoft-Windows-Security-Auditing
ReplacementStrings : {MAS53501, MAS-NOIDA, S-1-5-21-2373504117-2689643630-3100359099-15720,
                     S-1-5-21-2373504117-2689643630-3100359099-1499...}
InstanceId         : 4726
TimeGenerated      : 9/1/2023 4:30:51 PM
TimeWritten        : 9/1/2023 4:30:51 PM
UserName           :
Site               :
Container          :

EventID            : 4726
MachineName        : DC.mas-noida.com
Data               : {}
Index              : 39834688
Category           : (13824)
CategoryNumber     : 13824
EntryType          : SuccessAudit
Message            : A user account was deleted.

                     Subject:
                         Security ID:        S-1-5-21-2373504117-2689643630-3100359099-1499
                         Account Name:        anupk
                         Account Domain:        MAS-NOIDA
                         Logon ID:        0x16eb10bfd

                     Target Account:
                         Security ID:        S-1-5-21-2373504117-2689643630-3100359099-15797
                         Account Name:        MAS53582
                         Account Domain:        MAS-NOIDA

                     Additional Information:
                         Privileges    -
Source             : Microsoft-Windows-Security-Auditing
ReplacementStrings : {MAS53582, MAS-NOIDA, S-1-5-21-2373504117-2689643630-3100359099-15797,
                     S-1-5-21-2373504117-2689643630-3100359099-1499...}
InstanceId         : 4726
TimeGenerated      : 9/1/2023 4:30:39 PM
TimeWritten        : 9/1/2023 4:30:39 PM
UserName           :
Site               :
Container          :

EventID            : 4726
MachineName        : DC.mas-noida.com
Data               : {}
Index              : 39834667
Category           : (13824)
CategoryNumber     : 13824
EntryType          : SuccessAudit
Message            : A user account was deleted.

                     Subject:
                         Security ID:        S-1-5-21-2373504117-2689643630-3100359099-1499
                         Account Name:        anupk
                         Account Domain:        MAS-NOIDA
                         Logon ID:        0x16eb10bfd

                     Target Account:
                         Security ID:        S-1-5-21-2373504117-2689643630-3100359099-15803
                         Account Name:        MAS53588
                         Account Domain:        MAS-NOIDA

                     Additional Information:
                         Privileges    -
Source             : Microsoft-Windows-Security-Auditing
ReplacementStrings : {MAS53588, MAS-NOIDA, S-1-5-21-2373504117-2689643630-3100359099-15803,
                     S-1-5-21-2373504117-2689643630-3100359099-1499...}
InstanceId         : 4726
TimeGenerated      : 9/1/2023 4:30:28 PM
TimeWritten        : 9/1/2023 4:30:28 PM
UserName           :
Site               :
Container          :

EventID            : 4726
MachineName        : DC.mas-noida.com
Data               : {}
Index              : 39834588
Category           : (13824)
CategoryNumber     : 13824
EntryType          : SuccessAudit
Message            : A user account was deleted.

                     Subject:
                         Security ID:        S-1-5-21-2373504117-2689643630-3100359099-1499
                         Account Name:        anupk
                         Account Domain:        MAS-NOIDA
                         Logon ID:        0x16eb10bfd

                     Target Account:
                         Security ID:        S-1-5-21-2373504117-2689643630-3100359099-15805
                         Account Name:        MAS53590
                         Account Domain:        MAS-NOIDA

                     Additional Information:
                         Privileges    -
Source             : Microsoft-Windows-Security-Auditing
ReplacementStrings : {MAS53590, MAS-NOIDA, S-1-5-21-2373504117-2689643630-3100359099-15805,
                     S-1-5-21-2373504117-2689643630-3100359099-1499...}
InstanceId         : 4726
TimeGenerated      : 9/1/2023 4:30:02 PM
TimeWritten        : 9/1/2023 4:30:02 PM
UserName           :
Site               :
Container          :

EventID            : 4726
MachineName        : DC.mas-noida.com
Data               : {}
Index              : 39816377
Category           : (13824)
CategoryNumber     : 13824
EntryType          : SuccessAudit
Message            : A user account was deleted.

                     Subject:
                         Security ID:        S-1-5-21-2373504117-2689643630-3100359099-1499
                         Account Name:        anupk
                         Account Domain:        MAS-NOIDA
                         Logon ID:        0x16e900a7e

                     Target Account:
                         Security ID:        S-1-5-21-2373504117-2689643630-3100359099-13409
                         Account Name:        MAS52568
                         Account Domain:        MAS-NOIDA

                     Additional Information:
                         Privileges    -
Source             : Microsoft-Windows-Security-Auditing
ReplacementStrings : {MAS52568, MAS-NOIDA, S-1-5-21-2373504117-2689643630-3100359099-13409,
                     S-1-5-21-2373504117-2689643630-3100359099-1499...}
InstanceId         : 4726
TimeGenerated      : 9/1/2023 2:46:33 PM
TimeWritten        : 9/1/2023 2:46:33 PM
UserName           :
Site               :
Container          :

EventID            : 4726
MachineName        : DC.mas-noida.com
Data               : {}
Index              : 39815296
Category           : (13824)
CategoryNumber     : 13824
EntryType          : SuccessAudit
Message            : A user account was deleted.

                     Subject:
                         Security ID:        S-1-5-21-2373504117-2689643630-3100359099-1499
                         Account Name:        anupk
                         Account Domain:        MAS-NOIDA
                         Logon ID:        0x16e900a7e

                     Target Account:
                         Security ID:        S-1-5-21-2373504117-2689643630-3100359099-6019
                         Account Name:        Mas49245
                         Account Domain:        MAS-NOIDA

                     Additional Information:
                         Privileges    -
Source             : Microsoft-Windows-Security-Auditing
ReplacementStrings : {Mas49245, MAS-NOIDA, S-1-5-21-2373504117-2689643630-3100359099-6019,
                     S-1-5-21-2373504117-2689643630-3100359099-1499...}
InstanceId         : 4726
TimeGenerated      : 9/1/2023 2:39:47 PM
TimeWritten        : 9/1/2023 2:39:47 PM
UserName           :
Site               :
Container          :

Windows PowerShell
Copyright (C) 2014 Microsoft Corporation. All rights reserved.

PS C:\Windows\system32> Get-EventLog -LogName Security | Where-Object {$_.EventID -eq 4726} | Select-Object -Property *


EventID            : 4726
MachineName        : DC.mas-noida.com
Data               : {}
Index              : 40037937
Category           : (13824)
CategoryNumber     : 13824
EntryType          : SuccessAudit
Message            : A user account was deleted.

                     Subject:
                         Security ID:        S-1-5-21-2373504117-2689643630-3100359099-1499
                         Account Name:        anupk
                         Account Domain:        MAS-NOIDA
                         Logon ID:        0x187c0e1d6

                     Target Account:
                         Security ID:        S-1-5-21-2373504117-2689643630-3100359099-15618
                         Account Name:        MAS53380
                         Account Domain:        MAS-NOIDA

                     Additional Information:
                         Privileges    -
Source             : Microsoft-Windows-Security-Auditing
ReplacementStrings : {MAS53380, MAS-NOIDA, S-1-5-21-2373504117-2689643630-3100359099-15618,
                     S-1-5-21-2373504117-2689643630-3100359099-1499...}
InstanceId         : 4726
TimeGenerated      : 9/2/2023 4:05:41 PM
TimeWritten        : 9/2/2023 4:05:41 PM
UserName           :
Site               :
Container          :

EventID            : 4726
MachineName        : DC.mas-noida.com
Data               : {}
Index              : 40037901
Category           : (13824)
CategoryNumber     : 13824
EntryType          : SuccessAudit
Message            : A user account was deleted.

                     Subject:
                         Security ID:        S-1-5-21-2373504117-2689643630-3100359099-1499
                         Account Name:        anupk
                         Account Domain:        MAS-NOIDA
                         Logon ID:        0x187c0e1d6

                     Target Account:
                         Security ID:        S-1-5-21-2373504117-2689643630-3100359099-15058
                         Account Name:        MAS53300
                         Account Domain:        MAS-NOIDA

                     Additional Information:
                         Privileges    -
Source             : Microsoft-Windows-Security-Auditing
ReplacementStrings : {MAS53300, MAS-NOIDA, S-1-5-21-2373504117-2689643630-3100359099-15058,
                     S-1-5-21-2373504117-2689643630-3100359099-1499...}
InstanceId         : 4726
TimeGenerated      : 9/2/2023 4:05:30 PM
TimeWritten        : 9/2/2023 4:05:30 PM
UserName           :
Site               :
Container          :

EventID            : 4726
MachineName        : DC.mas-noida.com
Data               : {}
Index              : 40037862
Category           : (13824)
CategoryNumber     : 13824
EntryType          : SuccessAudit
Message            : A user account was deleted.

                     Subject:
                         Security ID:        S-1-5-21-2373504117-2689643630-3100359099-1499
                         Account Name:        anupk
                         Account Domain:        MAS-NOIDA
                         Logon ID:        0x187c0e1d6

                     Target Account:
                         Security ID:        S-1-5-21-2373504117-2689643630-3100359099-15007
                         Account Name:        MAS53227
                         Account Domain:        MAS-NOIDA

                     Additional Information:
                         Privileges    -
Source             : Microsoft-Windows-Security-Auditing
ReplacementStrings : {MAS53227, MAS-NOIDA, S-1-5-21-2373504117-2689643630-3100359099-15007,
                     S-1-5-21-2373504117-2689643630-3100359099-1499...}
InstanceId         : 4726
TimeGenerated      : 9/2/2023 4:05:19 PM
TimeWritten        : 9/2/2023 4:05:19 PM
UserName           :
Site               :
Container          :

EventID            : 4726
MachineName        : DC.mas-noida.com
Data               : {}
Index              : 40037788
Category           : (13824)
CategoryNumber     : 13824
EntryType          : SuccessAudit
Message            : A user account was deleted.

                     Subject:
                         Security ID:        S-1-5-21-2373504117-2689643630-3100359099-1499
                         Account Name:        anupk
                         Account Domain:        MAS-NOIDA
                         Logon ID:        0x187c0e1d6

                     Target Account:
                         Security ID:        S-1-5-21-2373504117-2689643630-3100359099-14677
                         Account Name:        MAS52856
                         Account Domain:        MAS-NOIDA

                     Additional Information:
                         Privileges    -
Source             : Microsoft-Windows-Security-Auditing
ReplacementStrings : {MAS52856, MAS-NOIDA, S-1-5-21-2373504117-2689643630-3100359099-14677,
                     S-1-5-21-2373504117-2689643630-3100359099-1499...}
InstanceId         : 4726
TimeGenerated      : 9/2/2023 4:05:02 PM
TimeWritten        : 9/2/2023 4:05:02 PM
UserName           :
Site               :
Container          :

EventID            : 4726
MachineName        : DC.mas-noida.com
Data               : {}
Index              : 40037739
Category           : (13824)
CategoryNumber     : 13824
EntryType          : SuccessAudit
Message            : A user account was deleted.

                     Subject:
                         Security ID:        S-1-5-21-2373504117-2689643630-3100359099-1499
                         Account Name:        anupk
                         Account Domain:        MAS-NOIDA
                         Logon ID:        0x187c0e1d6

                     Target Account:
                         Security ID:        S-1-5-21-2373504117-2689643630-3100359099-14631
                         Account Name:        MAS52805
                         Account Domain:        MAS-NOIDA

                     Additional Information:
                         Privileges    -
Source             : Microsoft-Windows-Security-Auditing
ReplacementStrings : {MAS52805, MAS-NOIDA, S-1-5-21-2373504117-2689643630-3100359099-14631,
                     S-1-5-21-2373504117-2689643630-3100359099-1499...}
InstanceId         : 4726
TimeGenerated      : 9/2/2023 4:04:46 PM
TimeWritten        : 9/2/2023 4:04:46 PM
UserName           :
Site               :
Container          :

EventID            : 4726
MachineName        : DC.mas-noida.com
Data               : {}
Index              : 40037694
Category           : (13824)
CategoryNumber     : 13824
EntryType          : SuccessAudit
Message            : A user account was deleted.

                     Subject:
                         Security ID:        S-1-5-21-2373504117-2689643630-3100359099-1499
                         Account Name:        anupk
                         Account Domain:        MAS-NOIDA
                         Logon ID:        0x187c0e1d6

                     Target Account:
                         Security ID:        S-1-5-21-2373504117-2689643630-3100359099-13569
                         Account Name:        MAS52755
                         Account Domain:        MAS-NOIDA

                     Additional Information:
                         Privileges    -
Source             : Microsoft-Windows-Security-Auditing
ReplacementStrings : {MAS52755, MAS-NOIDA, S-1-5-21-2373504117-2689643630-3100359099-13569,
                     S-1-5-21-2373504117-2689643630-3100359099-1499...}
InstanceId         : 4726
TimeGenerated      : 9/2/2023 4:04:37 PM
TimeWritten        : 9/2/2023 4:04:37 PM
UserName           :
Site               :
Container          :

EventID            : 4726
MachineName        : DC.mas-noida.com
Data               : {}
Index              : 40037653
Category           : (13824)
CategoryNumber     : 13824
EntryType          : SuccessAudit
Message            : A user account was deleted.

                     Subject:
                         Security ID:        S-1-5-21-2373504117-2689643630-3100359099-1499
                         Account Name:        anupk
                         Account Domain:        MAS-NOIDA
                         Logon ID:        0x187c0e1d6

                     Target Account:
                         Security ID:        S-1-5-21-2373504117-2689643630-3100359099-6195
                         Account Name:        MAS48179
                         Account Domain:        MAS-NOIDA

                     Additional Information:
                         Privileges    -
Source             : Microsoft-Windows-Security-Auditing
ReplacementStrings : {MAS48179, MAS-NOIDA, S-1-5-21-2373504117-2689643630-3100359099-6195,
                     S-1-5-21-2373504117-2689643630-3100359099-1499...}
InstanceId         : 4726
TimeGenerated      : 9/2/2023 4:04:25 PM
TimeWritten        : 9/2/2023 4:04:25 PM
UserName           :
Site               :
Container          :

Windows PowerShell
Copyright (C) 2014 Microsoft Corporation. All rights reserved.

PS C:\Windows\system32> Get-EventLog -LogName Security | Where-Object {$_.EventID -eq 4726} | Select-Object -Property *


EventID            : 4726
MachineName        : DC.mas-noida.com
Data               : {}
Index              : 40378998
Category           : (13824)
CategoryNumber     : 13824
EntryType          : SuccessAudit
Message            : A user account was deleted.

                     Subject:
                         Security ID:        S-1-5-21-2373504117-2689643630-3100359099-1499
                         Account Name:        anupk
                         Account Domain:        MAS-NOIDA
                         Logon ID:        0x18f9fec79

                     Target Account:
                         Security ID:        S-1-5-21-2373504117-2689643630-3100359099-15670
                         Account Name:        MAS53448
                         Account Domain:        MAS-NOIDA

                     Additional Information:
                         Privileges    -
Source             : Microsoft-Windows-Security-Auditing
ReplacementStrings : {MAS53448, MAS-NOIDA, S-1-5-21-2373504117-2689643630-3100359099-15670,
                     S-1-5-21-2373504117-2689643630-3100359099-1499...}
InstanceId         : 4726
TimeGenerated      : 9/4/2023 1:52:26 PM
TimeWritten        : 9/4/2023 1:52:26 PM
UserName           :
Site               :
Container          :

EventID            : 4726
MachineName        : DC.mas-noida.com
Data               : {}
Index              : 40378965
Category           : (13824)
CategoryNumber     : 13824
EntryType          : SuccessAudit
Message            : A user account was deleted.

                     Subject:
                         Security ID:        S-1-5-21-2373504117-2689643630-3100359099-1499
                         Account Name:        anupk
                         Account Domain:        MAS-NOIDA
                         Logon ID:        0x18f9fec79

                     Target Account:
                         Security ID:        S-1-5-21-2373504117-2689643630-3100359099-15667
                         Account Name:        MAS53445
                         Account Domain:        MAS-NOIDA

                     Additional Information:
                         Privileges    -
Source             : Microsoft-Windows-Security-Auditing
ReplacementStrings : {MAS53445, MAS-NOIDA, S-1-5-21-2373504117-2689643630-3100359099-15667,
                     S-1-5-21-2373504117-2689643630-3100359099-1499...}
InstanceId         : 4726
TimeGenerated      : 9/4/2023 1:52:17 PM
TimeWritten        : 9/4/2023 1:52:17 PM
UserName           :
Site               :
Container          :

EventID            : 4726
MachineName        : DC.mas-noida.com
Data               : {}
Index              : 40378924
Category           : (13824)
CategoryNumber     : 13824
EntryType          : SuccessAudit
Message            : A user account was deleted.

                     Subject:
                         Security ID:        S-1-5-21-2373504117-2689643630-3100359099-1499
                         Account Name:        anupk
                         Account Domain:        MAS-NOIDA
                         Logon ID:        0x18f9fec79

                     Target Account:
                         Security ID:        S-1-5-21-2373504117-2689643630-3100359099-15665
                         Account Name:        MAS53443
                         Account Domain:        MAS-NOIDA

                     Additional Information:
                         Privileges    -
Source             : Microsoft-Windows-Security-Auditing
ReplacementStrings : {MAS53443, MAS-NOIDA, S-1-5-21-2373504117-2689643630-3100359099-15665,
                     S-1-5-21-2373504117-2689643630-3100359099-1499...}
InstanceId         : 4726
TimeGenerated      : 9/4/2023 1:52:06 PM
TimeWritten        : 9/4/2023 1:52:06 PM
UserName           :
Site               :
Container          :

EventID            : 4726
MachineName        : DC.mas-noida.com
Data               : {}
Index              : 40378893
Category           : (13824)
CategoryNumber     : 13824
EntryType          : SuccessAudit
Message            : A user account was deleted.

                     Subject:
                         Security ID:        S-1-5-21-2373504117-2689643630-3100359099-1499
                         Account Name:        anupk
                         Account Domain:        MAS-NOIDA
                         Logon ID:        0x18f9fec79

                     Target Account:
                         Security ID:        S-1-5-21-2373504117-2689643630-3100359099-15664
                         Account Name:        MAS53442
                         Account Domain:        MAS-NOIDA

                     Additional Information:
                         Privileges    -
Source             : Microsoft-Windows-Security-Auditing
ReplacementStrings : {MAS53442, MAS-NOIDA, S-1-5-21-2373504117-2689643630-3100359099-15664,
                     S-1-5-21-2373504117-2689643630-3100359099-1499...}
InstanceId         : 4726
TimeGenerated      : 9/4/2023 1:51:56 PM
TimeWritten        : 9/4/2023 1:51:56 PM
UserName           :
Site               :
Container          :

EventID            : 4726
MachineName        : DC.mas-noida.com
Data               : {}
Index              : 40378867
Category           : (13824)
CategoryNumber     : 13824
EntryType          : SuccessAudit
Message            : A user account was deleted.

                     Subject:
                         Security ID:        S-1-5-21-2373504117-2689643630-3100359099-1499
                         Account Name:        anupk
                         Account Domain:        MAS-NOIDA
                         Logon ID:        0x18f9fec79

                     Target Account:
                         Security ID:        S-1-5-21-2373504117-2689643630-3100359099-15662
                         Account Name:        MAS53440
                         Account Domain:        MAS-NOIDA

                     Additional Information:
                         Privileges    -
Source             : Microsoft-Windows-Security-Auditing
ReplacementStrings : {MAS53440, MAS-NOIDA, S-1-5-21-2373504117-2689643630-3100359099-15662,
                     S-1-5-21-2373504117-2689643630-3100359099-1499...}
InstanceId         : 4726
TimeGenerated      : 9/4/2023 1:51:45 PM
TimeWritten        : 9/4/2023 1:51:45 PM
UserName           :
Site               :
Container          :

EventID            : 4726
MachineName        : DC.mas-noida.com
Data               : {}
Index              : 40378829
Category           : (13824)
CategoryNumber     : 13824
EntryType          : SuccessAudit
Message            : A user account was deleted.

                     Subject:
                         Security ID:        S-1-5-21-2373504117-2689643630-3100359099-1499
                         Account Name:        anupk
                         Account Domain:        MAS-NOIDA
                         Logon ID:        0x18f9fec79

                     Target Account:
                         Security ID:        S-1-5-21-2373504117-2689643630-3100359099-15661
                         Account Name:        MAS53439
                         Account Domain:        MAS-NOIDA

                     Additional Information:
                         Privileges    -
Source             : Microsoft-Windows-Security-Auditing
ReplacementStrings : {MAS53439, MAS-NOIDA, S-1-5-21-2373504117-2689643630-3100359099-15661,
                     S-1-5-21-2373504117-2689643630-3100359099-1499...}
InstanceId         : 4726
TimeGenerated      : 9/4/2023 1:51:34 PM
TimeWritten        : 9/4/2023 1:51:34 PM
UserName           :
Site               :
Container          :

EventID            : 4726
MachineName        : DC.mas-noida.com
Data               : {}
Index              : 40378787
Category           : (13824)
CategoryNumber     : 13824
EntryType          : SuccessAudit
Message            : A user account was deleted.

                     Subject:
                         Security ID:        S-1-5-21-2373504117-2689643630-3100359099-1499
                         Account Name:        anupk
                         Account Domain:        MAS-NOIDA
                         Logon ID:        0x18f9fec79

                     Target Account:
                         Security ID:        S-1-5-21-2373504117-2689643630-3100359099-15660
                         Account Name:        MAS53438
                         Account Domain:        MAS-NOIDA

                     Additional Information:
                         Privileges    -
Source             : Microsoft-Windows-Security-Auditing
ReplacementStrings : {MAS53438, MAS-NOIDA, S-1-5-21-2373504117-2689643630-3100359099-15660,
                     S-1-5-21-2373504117-2689643630-3100359099-1499...}
InstanceId         : 4726
TimeGenerated      : 9/4/2023 1:51:22 PM
TimeWritten        : 9/4/2023 1:51:22 PM
UserName           :
Site               :
Container          :

EventID            : 4726
MachineName        : DC.mas-noida.com
Data               : {}
Index              : 40378750
Category           : (13824)
CategoryNumber     : 13824
EntryType          : SuccessAudit
Message            : A user account was deleted.

                     Subject:
                         Security ID:        S-1-5-21-2373504117-2689643630-3100359099-1499
                         Account Name:        anupk
                         Account Domain:        MAS-NOIDA
                         Logon ID:        0x18f9fec79

                     Target Account:
                         Security ID:        S-1-5-21-2373504117-2689643630-3100359099-15659
                         Account Name:        MAS53437
                         Account Domain:        MAS-NOIDA

                     Additional Information:
                         Privileges    -
Source             : Microsoft-Windows-Security-Auditing
ReplacementStrings : {MAS53437, MAS-NOIDA, S-1-5-21-2373504117-2689643630-3100359099-15659,
                     S-1-5-21-2373504117-2689643630-3100359099-1499...}
InstanceId         : 4726
TimeGenerated      : 9/4/2023 1:51:11 PM
TimeWritten        : 9/4/2023 1:51:11 PM
UserName           :
Site               :
Container          :

EventID            : 4726
MachineName        : DC.mas-noida.com
Data               : {}
Index              : 40378727
Category           : (13824)
CategoryNumber     : 13824
EntryType          : SuccessAudit
Message            : A user account was deleted.

                     Subject:
                         Security ID:        S-1-5-21-2373504117-2689643630-3100359099-1499
                         Account Name:        anupk
                         Account Domain:        MAS-NOIDA
                         Logon ID:        0x18f9fec79

                     Target Account:
                         Security ID:        S-1-5-21-2373504117-2689643630-3100359099-15658
                         Account Name:        MAS53436
                         Account Domain:        MAS-NOIDA

                     Additional Information:
                         Privileges    -
Source             : Microsoft-Windows-Security-Auditing
ReplacementStrings : {MAS53436, MAS-NOIDA, S-1-5-21-2373504117-2689643630-3100359099-15658,
                     S-1-5-21-2373504117-2689643630-3100359099-1499...}
InstanceId         : 4726
TimeGenerated      : 9/4/2023 1:50:59 PM
TimeWritten        : 9/4/2023 1:50:59 PM
UserName           :
Site               :
Container          :

EventID            : 4726
MachineName        : DC.mas-noida.com
Data               : {}
Index              : 40378700
Category           : (13824)
CategoryNumber     : 13824
EntryType          : SuccessAudit
Message            : A user account was deleted.

                     Subject:
                         Security ID:        S-1-5-21-2373504117-2689643630-3100359099-1499
                         Account Name:        anupk
                         Account Domain:        MAS-NOIDA
                         Logon ID:        0x18f9fec79

                     Target Account:
                         Security ID:        S-1-5-21-2373504117-2689643630-3100359099-15657
                         Account Name:        MAS53435
                         Account Domain:        MAS-NOIDA

                     Additional Information:
                         Privileges    -
Source             : Microsoft-Windows-Security-Auditing
ReplacementStrings : {MAS53435, MAS-NOIDA, S-1-5-21-2373504117-2689643630-3100359099-15657,
                     S-1-5-21-2373504117-2689643630-3100359099-1499...}
InstanceId         : 4726
TimeGenerated      : 9/4/2023 1:50:49 PM
TimeWritten        : 9/4/2023 1:50:49 PM
UserName           :
Site               :
Container          :

EventID            : 4726
MachineName        : DC.mas-noida.com
Data               : {}
Index              : 40378648
Category           : (13824)
CategoryNumber     : 13824
EntryType          : SuccessAudit
Message            : A user account was deleted.

                     Subject:
                         Security ID:        S-1-5-21-2373504117-2689643630-3100359099-1499
                         Account Name:        anupk
                         Account Domain:        MAS-NOIDA
                         Logon ID:        0x18f9fec79

                     Target Account:
                         Security ID:        S-1-5-21-2373504117-2689643630-3100359099-15654
                         Account Name:        MAS53432
                         Account Domain:        MAS-NOIDA

                     Additional Information:
                         Privileges    -
Source             : Microsoft-Windows-Security-Auditing
ReplacementStrings : {MAS53432, MAS-NOIDA, S-1-5-21-2373504117-2689643630-3100359099-15654,
                     S-1-5-21-2373504117-2689643630-3100359099-1499...}
InstanceId         : 4726
TimeGenerated      : 9/4/2023 1:50:39 PM
TimeWritten        : 9/4/2023 1:50:39 PM
UserName           :
Site               :
Container          :

EventID            : 4726
MachineName        : DC.mas-noida.com
Data               : {}
Index              : 40378605
Category           : (13824)
CategoryNumber     : 13824
EntryType          : SuccessAudit
Message            : A user account was deleted.

                     Subject:
                         Security ID:        S-1-5-21-2373504117-2689643630-3100359099-1499
                         Account Name:        anupk
                         Account Domain:        MAS-NOIDA
                         Logon ID:        0x18f9fec79

                     Target Account:
                         Security ID:        S-1-5-21-2373504117-2689643630-3100359099-15653
                         Account Name:        MAS53431
                         Account Domain:        MAS-NOIDA

                     Additional Information:
                         Privileges    -
Source             : Microsoft-Windows-Security-Auditing
ReplacementStrings : {MAS53431, MAS-NOIDA, S-1-5-21-2373504117-2689643630-3100359099-15653,
                     S-1-5-21-2373504117-2689643630-3100359099-1499...}
InstanceId         : 4726
TimeGenerated      : 9/4/2023 1:50:28 PM
TimeWritten        : 9/4/2023 1:50:28 PM
UserName           :
Site               :
Container          :

EventID            : 4726
MachineName        : DC.mas-noida.com
Data               : {}
Index              : 40378550
Category           : (13824)
CategoryNumber     : 13824
EntryType          : SuccessAudit
Message            : A user account was deleted.

                     Subject:
                         Security ID:        S-1-5-21-2373504117-2689643630-3100359099-1499
                         Account Name:        anupk
                         Account Domain:        MAS-NOIDA
                         Logon ID:        0x18f9fec79

                     Target Account:
                         Security ID:        S-1-5-21-2373504117-2689643630-3100359099-15652
                         Account Name:        MAS53430
                         Account Domain:        MAS-NOIDA

                     Additional Information:
                         Privileges    -
Source             : Microsoft-Windows-Security-Auditing
ReplacementStrings : {MAS53430, MAS-NOIDA, S-1-5-21-2373504117-2689643630-3100359099-15652,
                     S-1-5-21-2373504117-2689643630-3100359099-1499...}
InstanceId         : 4726
TimeGenerated      : 9/4/2023 1:50:15 PM
TimeWritten        : 9/4/2023 1:50:15 PM
UserName           :
Site               :
Container          :

EventID            : 4726
MachineName        : DC.mas-noida.com
Data               : {}
Index              : 40378531
Category           : (13824)
CategoryNumber     : 13824
EntryType          : SuccessAudit
Message            : A user account was deleted.

                     Subject:
                         Security ID:        S-1-5-21-2373504117-2689643630-3100359099-1499
                         Account Name:        anupk
                         Account Domain:        MAS-NOIDA
                         Logon ID:        0x18f9fec79

                     Target Account:
                         Security ID:        S-1-5-21-2373504117-2689643630-3100359099-15650
                         Account Name:        MAS53428
                         Account Domain:        MAS-NOIDA

                     Additional Information:
                         Privileges    -
Source             : Microsoft-Windows-Security-Auditing
ReplacementStrings : {MAS53428, MAS-NOIDA, S-1-5-21-2373504117-2689643630-3100359099-15650,
                     S-1-5-21-2373504117-2689643630-3100359099-1499...}
InstanceId         : 4726
TimeGenerated      : 9/4/2023 1:50:02 PM
TimeWritten        : 9/4/2023 1:50:02 PM
UserName           :
Site               :
Container          :

