EventID            : 4726
MachineName        : DC.mas-noida.com
Data               : {}
Index              : 4170920
Category           : (13824)
CategoryNumber     : 13824
EntryType          : SuccessAudit
Message            : A user account was deleted.

                     Subject:
                        Security ID:            S-1-5-21-2373504117-2689643630-3100359099-1499
                        Account Name:           anupk
                        Account Domain:         MAS-NOIDA
                        Logon ID:               0x86a9b3e8

                     Target Account:
                        Security ID:            S-1-5-21-2373504117-2689643630-3100359099-15876
                        Account Name:           MAS53671
                        Account Domain:         MAS-NOIDA

                     Additional Information:
                        Privileges      -
Source             : Microsoft-Windows-Security-Auditing
ReplacementStrings : {MAS53671, MAS-NOIDA, S-1-5-21-2373504117-2689643630-3100359099-15876,
                     S-1-5-21-2373504117-2689643630-3100359099-1499...}
InstanceId         : 4726
TimeGenerated      : 10/9/2023 1:04:01 PM
TimeWritten        : 10/9/2023 1:04:01 PM
UserName           :
Site               :
Container          :

EventID            : 4726
MachineName        : DC.mas-noida.com
Data               : {}
Index              : 4170894
Category           : (13824)
CategoryNumber     : 13824
EntryType          : SuccessAudit
Message            : A user account was deleted.

                     Subject:
                        Security ID:            S-1-5-21-2373504117-2689643630-3100359099-1499
                        Account Name:           anupk
                        Account Domain:         MAS-NOIDA
                        Logon ID:               0x86a9b3e8

                     Target Account:
                        Security ID:            S-1-5-21-2373504117-2689643630-3100359099-14868
                        Account Name:           MAS53053
                        Account Domain:         MAS-NOIDA

                     Additional Information:
                        Privileges      -
Source             : Microsoft-Windows-Security-Auditing
ReplacementStrings : {MAS53053, MAS-NOIDA, S-1-5-21-2373504117-2689643630-3100359099-14868,
                     S-1-5-21-2373504117-2689643630-3100359099-1499...}
InstanceId         : 4726
TimeGenerated      : 10/9/2023 1:03:48 PM
TimeWritten        : 10/9/2023 1:03:48 PM
UserName           :
Site               :
Container          :

EventID            : 4726
MachineName        : DC.mas-noida.com
Data               : {}
Index              : 4170868
Category           : (13824)
CategoryNumber     : 13824
EntryType          : SuccessAudit
Message            : A user account was deleted.

                     Subject:
                        Security ID:            S-1-5-21-2373504117-2689643630-3100359099-1499
                        Account Name:           anupk
                        Account Domain:         MAS-NOIDA
                        Logon ID:               0x86a9b3e8

                     Target Account:
                        Security ID:            S-1-5-21-2373504117-2689643630-3100359099-10637
                        Account Name:           MAS51496
                        Account Domain:         MAS-NOIDA

                     Additional Information:
                        Privileges      -
Source             : Microsoft-Windows-Security-Auditing
ReplacementStrings : {MAS51496, MAS-NOIDA, S-1-5-21-2373504117-2689643630-3100359099-10637,
                     S-1-5-21-2373504117-2689643630-3100359099-1499...}
InstanceId         : 4726
TimeGenerated      : 10/9/2023 1:03:37 PM
TimeWritten        : 10/9/2023 1:03:37 PM
UserName           :
Site               :
Container          :

Windows PowerShell
Copyright (C) Microsoft Corporation. All rights reserved.

Install the latest PowerShell for new features and improvements! https://aka.ms/PSWindows

PS C:\WINDOWS\system32> Get-EventLog -LogName Security | Where-Object {$_.EventID -eq 4726} | Select-Object -Property *


EventID            : 4726
MachineName        : DC.mas-noida.com
Data               : {}
Index              : 4210392
Category           : (13824)
CategoryNumber     : 13824
EntryType          : SuccessAudit
Message            : A user account was deleted.

                     Subject:
                        Security ID:            S-1-5-21-2373504117-2689643630-3100359099-1499
                        Account Name:           anupk
                        Account Domain:         MAS-NOIDA
                        Logon ID:               0x890cd938

                     Target Account:
                        Security ID:            S-1-5-21-2373504117-2689643630-3100359099-15902
                        Account Name:           MAS53695
                        Account Domain:         MAS-NOIDA

                     Additional Information:
                        Privileges      -
Source             : Microsoft-Windows-Security-Auditing
ReplacementStrings : {MAS53695, MAS-NOIDA, S-1-5-21-2373504117-2689643630-3100359099-15902,
                     S-1-5-21-2373504117-2689643630-3100359099-1499...}
InstanceId         : 4726
TimeGenerated      : 10/9/2023 4:18:43 PM
TimeWritten        : 10/9/2023 4:18:43 PM
UserName           :
Site               :
Container          :

Windows PowerShell
Copyright (C) Microsoft Corporation. All rights reserved.

Install the latest PowerShell for new features and improvements! https://aka.ms/PSWindows

PS C:\WINDOWS\system32> Get-EventLog -LogName Security | Where-Object {$_.EventID -eq 4726} | Select-Object -Property *


EventID            : 4726
MachineName        : DC.mas-noida.com
Data               : {}
Index              : 4905732
Category           : (13824)
CategoryNumber     : 13824
EntryType          : SuccessAudit
Message            : A user account was deleted.

                     Subject:
                        Security ID:            S-1-5-21-2373504117-2689643630-3100359099-1499
                        Account Name:           anupk
                        Account Domain:         MAS-NOIDA
                        Logon ID:               0xb224f898

                     Target Account:
                        Security ID:            S-1-5-21-2373504117-2689643630-3100359099-16097
                        Account Name:           MAS53909
                        Account Domain:         MAS-NOIDA

                     Additional Information:
                        Privileges      -
Source             : Microsoft-Windows-Security-Auditing
ReplacementStrings : {MAS53909, MAS-NOIDA, S-1-5-21-2373504117-2689643630-3100359099-16097,
                     S-1-5-21-2373504117-2689643630-3100359099-1499...}
InstanceId         : 4726
TimeGenerated      : 10/12/2023 4:41:36 PM
TimeWritten        : 10/12/2023 4:41:36 PM
UserName           :
Site               :
Container          :

EventID            : 4726
MachineName        : DC.mas-noida.com
Data               : {}
Index              : 4903599
Category           : (13824)
CategoryNumber     : 13824
EntryType          : SuccessAudit
Message            : A user account was deleted.

                     Subject:
                        Security ID:            S-1-5-21-2373504117-2689643630-3100359099-1499
                        Account Name:           anupk
                        Account Domain:         MAS-NOIDA
                        Logon ID:               0xb224f898

                     Target Account:
                        Security ID:            S-1-5-21-2373504117-2689643630-3100359099-16638
                        Account Name:           MAS53944
                        Account Domain:         MAS-NOIDA

                     Additional Information:
                        Privileges      -
Source             : Microsoft-Windows-Security-Auditing
ReplacementStrings : {MAS53944, MAS-NOIDA, S-1-5-21-2373504117-2689643630-3100359099-16638,
                     S-1-5-21-2373504117-2689643630-3100359099-1499...}
InstanceId         : 4726
TimeGenerated      : 10/12/2023 4:33:41 PM
TimeWritten        : 10/12/2023 4:33:41 PM
UserName           :
Site               :
Container          :

EventID            : 4726
MachineName        : DC.mas-noida.com
Data               : {}
Index              : 4903432
Category           : (13824)
CategoryNumber     : 13824
EntryType          : SuccessAudit
Message            : A user account was deleted.

                     Subject:
                        Security ID:            S-1-5-21-2373504117-2689643630-3100359099-1499
                        Account Name:           anupk
                        Account Domain:         MAS-NOIDA
                        Logon ID:               0xb224f898

                     Target Account:
                        Security ID:            S-1-5-21-2373504117-2689643630-3100359099-16641
                        Account Name:           MAS53947
                        Account Domain:         MAS-NOIDA

                     Additional Information:
                        Privileges      -
Source             : Microsoft-Windows-Security-Auditing
ReplacementStrings : {MAS53947, MAS-NOIDA, S-1-5-21-2373504117-2689643630-3100359099-16641,
                     S-1-5-21-2373504117-2689643630-3100359099-1499...}
InstanceId         : 4726
TimeGenerated      : 10/12/2023 4:32:52 PM
TimeWritten        : 10/12/2023 4:32:52 PM
UserName           :
Site               :
Container          :

EventID            : 4726
MachineName        : DC.mas-noida.com
Data               : {}
Index              : 4903393
Category           : (13824)
CategoryNumber     : 13824
EntryType          : SuccessAudit
Message            : A user account was deleted.

                     Subject:
                        Security ID:            S-1-5-21-2373504117-2689643630-3100359099-1499
                        Account Name:           anupk
                        Account Domain:         MAS-NOIDA
                        Logon ID:               0xb224f898

                     Target Account:
                        Security ID:            S-1-5-21-2373504117-2689643630-3100359099-16650
                        Account Name:           MAS53956
                        Account Domain:         MAS-NOIDA

                     Additional Information:
                        Privileges      -
Source             : Microsoft-Windows-Security-Auditing
ReplacementStrings : {MAS53956, MAS-NOIDA, S-1-5-21-2373504117-2689643630-3100359099-16650,
                     S-1-5-21-2373504117-2689643630-3100359099-1499...}
InstanceId         : 4726
TimeGenerated      : 10/12/2023 4:32:42 PM
TimeWritten        : 10/12/2023 4:32:42 PM
UserName           :
Site               :
Container          :

Windows PowerShell
Copyright (C) Microsoft Corporation. All rights reserved.

Install the latest PowerShell for new features and improvements! https://aka.ms/PSWindows

PS C:\WINDOWS\system32> Get-EventLog -LogName Security | Where-Object {$_.EventID -eq 4726} | Select-Object -Property *


EventID            : 4726
MachineName        : DC.mas-noida.com
Data               : {}
Index              : 5125416
Category           : (13824)
CategoryNumber     : 13824
EntryType          : SuccessAudit
Message            : A user account was deleted.

                     Subject:
                        Security ID:            S-1-5-21-2373504117-2689643630-3100359099-1499
                        Account Name:           anupk
                        Account Domain:         MAS-NOIDA
                        Logon ID:               0xcb9be2fc

                     Target Account:
                        Security ID:            S-1-5-21-2373504117-2689643630-3100359099-13456
                        Account Name:           MAS52634
                        Account Domain:         MAS-NOIDA

                     Additional Information:
                        Privileges      -
Source             : Microsoft-Windows-Security-Auditing
ReplacementStrings : {MAS52634, MAS-NOIDA, S-1-5-21-2373504117-2689643630-3100359099-13456,
                     S-1-5-21-2373504117-2689643630-3100359099-1499...}
InstanceId         : 4726
TimeGenerated      : 10/13/2023 1:15:28 PM
TimeWritten        : 10/13/2023 1:15:28 PM
UserName           :
Site               :
Container          :

EventID            : 4726
MachineName        : DC.mas-noida.com
Data               : {}
Index              : 5125385
Category           : (13824)
CategoryNumber     : 13824
EntryType          : SuccessAudit
Message            : A user account was deleted.

                     Subject:
                        Security ID:            S-1-5-21-2373504117-2689643630-3100359099-1499
                        Account Name:           anupk
                        Account Domain:         MAS-NOIDA
                        Logon ID:               0xcb9be2fc

                     Target Account:
                        Security ID:            S-1-5-21-2373504117-2689643630-3100359099-14862
                        Account Name:           MAS53036
                        Account Domain:         MAS-NOIDA

                     Additional Information:
                        Privileges      -
Source             : Microsoft-Windows-Security-Auditing
ReplacementStrings : {MAS53036, MAS-NOIDA, S-1-5-21-2373504117-2689643630-3100359099-14862,
                     S-1-5-21-2373504117-2689643630-3100359099-1499...}
InstanceId         : 4726
TimeGenerated      : 10/13/2023 1:15:17 PM
TimeWritten        : 10/13/2023 1:15:17 PM
UserName           :
Site               :
Container          :

EventID            : 4726
MachineName        : DC.mas-noida.com
Data               : {}
Index              : 5125338
Category           : (13824)
CategoryNumber     : 13824
EntryType          : SuccessAudit
Message            : A user account was deleted.

                     Subject:
                        Security ID:            S-1-5-21-2373504117-2689643630-3100359099-1499
                        Account Name:           anupk
                        Account Domain:         MAS-NOIDA
                        Logon ID:               0xcb9be2fc

                     Target Account:
                        Security ID:            S-1-5-21-2373504117-2689643630-3100359099-14917
                        Account Name:           MAS53107
                        Account Domain:         MAS-NOIDA

                     Additional Information:
                        Privileges      -
Source             : Microsoft-Windows-Security-Auditing
ReplacementStrings : {MAS53107, MAS-NOIDA, S-1-5-21-2373504117-2689643630-3100359099-14917,
                     S-1-5-21-2373504117-2689643630-3100359099-1499...}
InstanceId         : 4726
TimeGenerated      : 10/13/2023 1:15:08 PM
TimeWritten        : 10/13/2023 1:15:08 PM
UserName           :
Site               :
Container          :

EventID            : 4726
MachineName        : DC.mas-noida.com
Data               : {}
Index              : 5125308
Category           : (13824)
CategoryNumber     : 13824
EntryType          : SuccessAudit
Message            : A user account was deleted.

                     Subject:
                        Security ID:            S-1-5-21-2373504117-2689643630-3100359099-1499
                        Account Name:           anupk
                        Account Domain:         MAS-NOIDA
                        Logon ID:               0xcb9be2fc

                     Target Account:
                        Security ID:            S-1-5-21-2373504117-2689643630-3100359099-16057
                        Account Name:           MAS53868
                        Account Domain:         MAS-NOIDA

                     Additional Information:
                        Privileges      -
Source             : Microsoft-Windows-Security-Auditing
ReplacementStrings : {MAS53868, MAS-NOIDA, S-1-5-21-2373504117-2689643630-3100359099-16057,
                     S-1-5-21-2373504117-2689643630-3100359099-1499...}
InstanceId         : 4726
TimeGenerated      : 10/13/2023 1:14:58 PM
TimeWritten        : 10/13/2023 1:14:58 PM
UserName           :
Site               :
Container          :

