Source             : Microsoft-Windows-Security-Auditing
ReplacementStrings : {MAS52538, MAS-NOIDA, S-1-5-21-2373504117-2689643630-3100359099-13384,
                     S-1-5-21-2373504117-2689643630-3100359099-1483...}
InstanceId         : 4726
TimeGenerated      : 6/6/2023 5:49:08 AM
TimeWritten        : 6/6/2023 5:49:08 AM
UserName           :
Site               :
Container          :

EventID            : 4726
MachineName        : ADC-Noida.mas-noida.com
Data               : {}
Index              : 81473131
Category           : (13824)
CategoryNumber     : 13824
EntryType          : SuccessAudit
Message            : A user account was deleted.

                     Subject:
                         Security ID:        S-1-5-21-2373504117-2689643630-3100359099-1483
                         Account Name:        mayank
                         Account Domain:        MAS-NOIDA
                         Logon ID:        0x36ce9d9

                     Target Account:
                         Security ID:        S-1-5-21-2373504117-2689643630-3100359099-13382
                         Account Name:        MAS52540
                         Account Domain:        MAS-NOIDA

                     Additional Information:
                         Privileges    -
Source             : Microsoft-Windows-Security-Auditing
ReplacementStrings : {MAS52540, MAS-NOIDA, S-1-5-21-2373504117-2689643630-3100359099-13382,
                     S-1-5-21-2373504117-2689643630-3100359099-1483...}
InstanceId         : 4726
TimeGenerated      : 6/6/2023 5:48:44 AM
TimeWritten        : 6/6/2023 5:48:44 AM
UserName           :
Site               :
Container          :

EventID            : 4726
MachineName        : ADC-Noida.mas-noida.com
Data               : {}
Index              : 81473088
Category           : (13824)
CategoryNumber     : 13824
EntryType          : SuccessAudit
Message            : A user account was deleted.

                     Subject:
                         Security ID:        S-1-5-21-2373504117-2689643630-3100359099-1483
                         Account Name:        mayank
                         Account Domain:        MAS-NOIDA
                         Logon ID:        0x36cde39

                     Target Account:
                         Security ID:        S-1-5-21-2373504117-2689643630-3100359099-13381
                         Account Name:        MAS52543
                         Account Domain:        MAS-NOIDA

                     Additional Information:
                         Privileges    -
Source             : Microsoft-Windows-Security-Auditing
ReplacementStrings : {MAS52543, MAS-NOIDA, S-1-5-21-2373504117-2689643630-3100359099-13381,
                     S-1-5-21-2373504117-2689643630-3100359099-1483...}
InstanceId         : 4726
TimeGenerated      : 6/6/2023 5:48:03 AM
TimeWritten        : 6/6/2023 5:48:03 AM
UserName           :
Site               :
Container          :

EventID            : 4726
MachineName        : ADC-Noida.mas-noida.com
Data               : {}
Index              : 81473074
Category           : (13824)
CategoryNumber     : 13824
EntryType          : SuccessAudit
Message            : A user account was deleted.

                     Subject:
                         Security ID:        S-1-5-21-2373504117-2689643630-3100359099-1483
                         Account Name:        mayank
                         Account Domain:        MAS-NOIDA
                         Logon ID:        0x36cda1b

                     Target Account:
                         Security ID:        S-1-5-21-2373504117-2689643630-3100359099-13380
                         Account Name:        MAS52542
                         Account Domain:        MAS-NOIDA

                     Additional Information:
                         Privileges    -
Source             : Microsoft-Windows-Security-Auditing
ReplacementStrings : {MAS52542, MAS-NOIDA, S-1-5-21-2373504117-2689643630-3100359099-13380,
                     S-1-5-21-2373504117-2689643630-3100359099-1483...}
InstanceId         : 4726
TimeGenerated      : 6/6/2023 5:47:48 AM
TimeWritten        : 6/6/2023 5:47:48 AM
UserName           :
Site               :
Container          :

EventID            : 4726
MachineName        : ADC-Noida.mas-noida.com
Data               : {}
Index              : 81220103
Category           : (13824)
CategoryNumber     : 13824
EntryType          : SuccessAudit
Message            : A user account was deleted.

                     Subject:
                         Security ID:        S-1-5-21-2373504117-2689643630-3100359099-1483
                         Account Name:        mayank
                         Account Domain:        MAS-NOIDA
                         Logon ID:        0xf64d04

                     Target Account:
                         Security ID:        S-1-5-21-2373504117-2689643630-3100359099-9686
                         Account Name:        MAS51099
                         Account Domain:        MAS-NOIDA

                     Additional Information:
                         Privileges    -
Source             : Microsoft-Windows-Security-Auditing
ReplacementStrings : {MAS51099, MAS-NOIDA, S-1-5-21-2373504117-2689643630-3100359099-9686,
                     S-1-5-21-2373504117-2689643630-3100359099-1483...}
InstanceId         : 4726
TimeGenerated      : 6/4/2023 7:08:01 AM
TimeWritten        : 6/4/2023 7:08:01 AM
UserName           :
Site               :
Container          :

EventID            : 4726
MachineName        : ADC-Noida.mas-noida.com
Data               : {}
Index              : 81220089
Category           : (13824)
CategoryNumber     : 13824
EntryType          : SuccessAudit
Message            : A user account was deleted.

                     Subject:
                         Security ID:        S-1-5-21-2373504117-2689643630-3100359099-1483
                         Account Name:        mayank
                         Account Domain:        MAS-NOIDA
                         Logon ID:        0xf64a7a

                     Target Account:
                         Security ID:        S-1-5-21-2373504117-2689643630-3100359099-13736
                         Account Name:        MAS52524
                         Account Domain:        MAS-NOIDA

                     Additional Information:
                         Privileges    -
Source             : Microsoft-Windows-Security-Auditing
ReplacementStrings : {MAS52524, MAS-NOIDA, S-1-5-21-2373504117-2689643630-3100359099-13736,
                     S-1-5-21-2373504117-2689643630-3100359099-1483...}
InstanceId         : 4726
TimeGenerated      : 6/4/2023 7:07:47 AM
TimeWritten        : 6/4/2023 7:07:47 AM
UserName           :
Site               :
Container          :

EventID            : 4726
MachineName        : ADC-Noida.mas-noida.com
Data               : {}
Index              : 81220035
Category           : (13824)
CategoryNumber     : 13824
EntryType          : SuccessAudit
Message            : A user account was deleted.

                     Subject:
                         Security ID:        S-1-5-21-2373504117-2689643630-3100359099-1483
                         Account Name:        mayank
                         Account Domain:        MAS-NOIDA
                         Logon ID:        0xf63d22

                     Target Account:
                         Security ID:        S-1-5-21-2373504117-2689643630-3100359099-12147
                         Account Name:        MAS51573
                         Account Domain:        MAS-NOIDA

                     Additional Information:
                         Privileges    -
Source             : Microsoft-Windows-Security-Auditing
ReplacementStrings : {MAS51573, MAS-NOIDA, S-1-5-21-2373504117-2689643630-3100359099-12147,
                     S-1-5-21-2373504117-2689643630-3100359099-1483...}
InstanceId         : 4726
TimeGenerated      : 6/4/2023 7:07:06 AM
TimeWritten        : 6/4/2023 7:07:06 AM
UserName           :
Site               :
Container          :




Windows PowerShell
Copyright (C) 2014 Microsoft Corporation. All rights reserved.

PS C:\Windows\system32> Get-EventLog -LogName Security | Where-Object {$_.EventID -eq 4726} | Select-Object -Property *


EventID            : 4726
MachineName        : TPZ-ADC.mas-noida.com
Data               : {}
Index              : 4945171
Category           : (13824)
CategoryNumber     : 13824
EntryType          : SuccessAudit
Message            : A user account was deleted.

                     Subject:
                         Security ID:        S-1-5-21-2373504117-2689643630-3100359099-1483
                         Account Name:        mayank
                         Account Domain:        MAS-NOIDA
                         Logon ID:        0x30ce4353

                     Target Account:
                         Security ID:        S-1-5-21-2373504117-2689643630-3100359099-13385
                         Account Name:        MAS52539
                         Account Domain:        MAS-NOIDA

                     Additional Information:
                         Privileges    -
Source             : Microsoft-Windows-Security-Auditing
ReplacementStrings : {MAS52539, MAS-NOIDA, S-1-5-21-2373504117-2689643630-3100359099-13385,
                     S-1-5-21-2373504117-2689643630-3100359099-1483...}
InstanceId         : 4726
TimeGenerated      : 6/11/2023 7:30:43 AM
TimeWritten        : 6/11/2023 7:30:43 AM
UserName           :
Site               :
Container          :

EventID            : 4726
MachineName        : TPZ-ADC.mas-noida.com
Data               : {}
Index              : 4945157
Category           : (13824)
CategoryNumber     : 13824
EntryType          : SuccessAudit
Message            : A user account was deleted.

                     Subject:
                         Security ID:        S-1-5-21-2373504117-2689643630-3100359099-1483
                         Account Name:        mayank
                         Account Domain:        MAS-NOIDA
                         Logon ID:        0x30ce3cd9

                     Target Account:
                         Security ID:        S-1-5-21-2373504117-2689643630-3100359099-9744
                         Account Name:        MAS52084
                         Account Domain:        MAS-NOIDA

                     Additional Information:
                         Privileges    -
Source             : Microsoft-Windows-Security-Auditing
ReplacementStrings : {MAS52084, MAS-NOIDA, S-1-5-21-2373504117-2689643630-3100359099-9744,
                     S-1-5-21-2373504117-2689643630-3100359099-1483...}
InstanceId         : 4726
TimeGenerated      : 6/11/2023 7:30:32 AM
TimeWritten        : 6/11/2023 7:30:32 AM
UserName           :
Site               :
Container          :

EventID            : 4726
MachineName        : TPZ-ADC.mas-noida.com
Data               : {}
Index              : 4945144
Category           : (13824)
CategoryNumber     : 13824
EntryType          : SuccessAudit
Message            : A user account was deleted.

                     Subject:
                         Security ID:        S-1-5-21-2373504117-2689643630-3100359099-1483
                         Account Name:        mayank
                         Account Domain:        MAS-NOIDA
                         Logon ID:        0x30ce35e9

                     Target Account:
                         Security ID:        S-1-5-21-2373504117-2689643630-3100359099-9751
                         Account Name:        MAS52106
                         Account Domain:        MAS-NOIDA

                     Additional Information:
                         Privileges    -
Source             : Microsoft-Windows-Security-Auditing
ReplacementStrings : {MAS52106, MAS-NOIDA, S-1-5-21-2373504117-2689643630-3100359099-9751,
                     S-1-5-21-2373504117-2689643630-3100359099-1483...}
InstanceId         : 4726
TimeGenerated      : 6/11/2023 7:30:22 AM
TimeWritten        : 6/11/2023 7:30:22 AM
UserName           :
Site               :
Container          :

EventID            : 4726
MachineName        : TPZ-ADC.mas-noida.com
Data               : {}
Index              : 4945103
Category           : (13824)
CategoryNumber     : 13824
EntryType          : SuccessAudit
Message            : A user account was deleted.

                     Subject:
                         Security ID:        S-1-5-21-2373504117-2689643630-3100359099-1483
                         Account Name:        mayank
                         Account Domain:        MAS-NOIDA
                         Logon ID:        0x30ce223f

                     Target Account:
                         Security ID:        S-1-5-21-2373504117-2689643630-3100359099-11379
                         Account Name:        MAS51383
                         Account Domain:        MAS-NOIDA

                     Additional Information:
                         Privileges    -
Source             : Microsoft-Windows-Security-Auditing
ReplacementStrings : {MAS51383, MAS-NOIDA, S-1-5-21-2373504117-2689643630-3100359099-11379,
                     S-1-5-21-2373504117-2689643630-3100359099-1483...}
InstanceId         : 4726
TimeGenerated      : 6/11/2023 7:30:02 AM
TimeWritten        : 6/11/2023 7:30:02 AM
UserName           :
Site               :
Container          :

EventID            : 4726
MachineName        : TPZ-ADC.mas-noida.com
Data               : {}
Index              : 4945092
Category           : (13824)
CategoryNumber     : 13824
EntryType          : SuccessAudit
Message            : A user account was deleted.

                     Subject:
                         Security ID:        S-1-5-21-2373504117-2689643630-3100359099-1483
                         Account Name:        mayank
                         Account Domain:        MAS-NOIDA
                         Logon ID:        0x30ce1d85

                     Target Account:
                         Security ID:        S-1-5-21-2373504117-2689643630-3100359099-13163
                         Account Name:        MAS52151
                         Account Domain:        MAS-NOIDA

                     Additional Information:
                         Privileges    -
Source             : Microsoft-Windows-Security-Auditing
ReplacementStrings : {MAS52151, MAS-NOIDA, S-1-5-21-2373504117-2689643630-3100359099-13163,
                     S-1-5-21-2373504117-2689643630-3100359099-1483...}
InstanceId         : 4726
TimeGenerated      : 6/11/2023 7:29:53 AM
TimeWritten        : 6/11/2023 7:29:53 AM
UserName           :
Site               :
Container          :

EventID            : 4726
MachineName        : TPZ-ADC.mas-noida.com
Data               : {}
Index              : 4945081
Category           : (13824)
CategoryNumber     : 13824
EntryType          : SuccessAudit
Message            : A user account was deleted.

                     Subject:
                         Security ID:        S-1-5-21-2373504117-2689643630-3100359099-1483
                         Account Name:        mayank
                         Account Domain:        MAS-NOIDA
                         Logon ID:        0x30ce177a

                     Target Account:
                         Security ID:        S-1-5-21-2373504117-2689643630-3100359099-12212
                         Account Name:        MAS51634
                         Account Domain:        MAS-NOIDA

                     Additional Information:
                         Privileges    -
Source             : Microsoft-Windows-Security-Auditing
ReplacementStrings : {MAS51634, MAS-NOIDA, S-1-5-21-2373504117-2689643630-3100359099-12212,
                     S-1-5-21-2373504117-2689643630-3100359099-1483...}
InstanceId         : 4726
TimeGenerated      : 6/11/2023 7:29:42 AM
TimeWritten        : 6/11/2023 7:29:42 AM
UserName           :
Site               :
Container          :

EventID            : 4726
MachineName        : TPZ-ADC.mas-noida.com
Data               : {}
Index              : 4945072
Category           : (13824)
CategoryNumber     : 13824
EntryType          : SuccessAudit
Message            : A user account was deleted.

                     Subject:
                         Security ID:        S-1-5-21-2373504117-2689643630-3100359099-1483
                         Account Name:        mayank
                         Account Domain:        MAS-NOIDA
                         Logon ID:        0x30ce1338

                     Target Account:
                         Security ID:        S-1-5-21-2373504117-2689643630-3100359099-12211
                         Account Name:        MAS51648
                         Account Domain:        MAS-NOIDA

                     Additional Information:
                         Privileges    -
Source             : Microsoft-Windows-Security-Auditing
ReplacementStrings : {MAS51648, MAS-NOIDA, S-1-5-21-2373504117-2689643630-3100359099-12211,
                     S-1-5-21-2373504117-2689643630-3100359099-1483...}
InstanceId         : 4726
TimeGenerated      : 6/11/2023 7:29:33 AM
TimeWritten        : 6/11/2023 7:29:33 AM
UserName           :
Site               :
Container          :

EventID            : 4726
MachineName        : TPZ-ADC.mas-noida.com
Data               : {}
Index              : 4945060
Category           : (13824)
CategoryNumber     : 13824
EntryType          : SuccessAudit
Message            : A user account was deleted.

                     Subject:
                         Security ID:        S-1-5-21-2373504117-2689643630-3100359099-1483
                         Account Name:        mayank
                         Account Domain:        MAS-NOIDA
                         Logon ID:        0x30ce0ced

                     Target Account:
                         Security ID:        S-1-5-21-2373504117-2689643630-3100359099-10465
                         Account Name:        MAS50931
                         Account Domain:        MAS-NOIDA

                     Additional Information:
                         Privileges    -
Source             : Microsoft-Windows-Security-Auditing
ReplacementStrings : {MAS50931, MAS-NOIDA, S-1-5-21-2373504117-2689643630-3100359099-10465,
                     S-1-5-21-2373504117-2689643630-3100359099-1483...}
InstanceId         : 4726
TimeGenerated      : 6/11/2023 7:29:23 AM
TimeWritten        : 6/11/2023 7:29:23 AM
UserName           :
Site               :
Container          :

EventID            : 4726
MachineName        : TPZ-ADC.mas-noida.com
Data               : {}
Index              : 4945026
Category           : (13824)
CategoryNumber     : 13824
EntryType          : SuccessAudit
Message            : A user account was deleted.

                     Subject:
                         Security ID:        S-1-5-21-2373504117-2689643630-3100359099-1483
                         Account Name:        mayank
                         Account Domain:        MAS-NOIDA
                         Logon ID:        0x30cdfe15

                     Target Account:
                         Security ID:        S-1-5-21-2373504117-2689643630-3100359099-13314
                         Account Name:        MAS52377
                         Account Domain:        MAS-NOIDA

                     Additional Information:
                         Privileges    -
Source             : Microsoft-Windows-Security-Auditing
ReplacementStrings : {MAS52377, MAS-NOIDA, S-1-5-21-2373504117-2689643630-3100359099-13314,
                     S-1-5-21-2373504117-2689643630-3100359099-1483...}
InstanceId         : 4726
TimeGenerated      : 6/11/2023 7:28:58 AM
TimeWritten        : 6/11/2023 7:28:58 AM
UserName           :
Site               :
Container          :

EventID            : 4726
MachineName        : TPZ-ADC.mas-noida.com
Data               : {}
Index              : 4945010
Category           : (13824)
CategoryNumber     : 13824
EntryType          : SuccessAudit
Message            : A user account was deleted.

                     Subject:
                         Security ID:        S-1-5-21-2373504117-2689643630-3100359099-1483
                         Account Name:        mayank
                         Account Domain:        MAS-NOIDA
                         Logon ID:        0x30cdf5d7

                     Target Account:
                         Security ID:        S-1-5-21-2373504117-2689643630-3100359099-13312
                         Account Name:        MAS52373
                         Account Domain:        MAS-NOIDA

                     Additional Information:
                         Privileges    -
Source             : Microsoft-Windows-Security-Auditing
ReplacementStrings : {MAS52373, MAS-NOIDA, S-1-5-21-2373504117-2689643630-3100359099-13312,
                     S-1-5-21-2373504117-2689643630-3100359099-1483...}
InstanceId         : 4726
TimeGenerated      : 6/11/2023 7:28:45 AM
TimeWritten        : 6/11/2023 7:28:45 AM
UserName           :
Site               :
Container          :

EventID            : 4726
MachineName        : TPZ-ADC.mas-noida.com
Data               : {}
Index              : 4944997
Category           : (13824)
CategoryNumber     : 13824
EntryType          : SuccessAudit
Message            : A user account was deleted.

                     Subject:
                         Security ID:        S-1-5-21-2373504117-2689643630-3100359099-1483
                         Account Name:        mayank
                         Account Domain:        MAS-NOIDA
                         Logon ID:        0x30cdefac

                     Target Account:
                         Security ID:        S-1-5-21-2373504117-2689643630-3100359099-13716
                         Account Name:        MAS52477
                         Account Domain:        MAS-NOIDA

                     Additional Information:
                         Privileges    -
Source             : Microsoft-Windows-Security-Auditing
ReplacementStrings : {MAS52477, MAS-NOIDA, S-1-5-21-2373504117-2689643630-3100359099-13716,
                     S-1-5-21-2373504117-2689643630-3100359099-1483...}
InstanceId         : 4726
TimeGenerated      : 6/11/2023 7:28:35 AM
TimeWritten        : 6/11/2023 7:28:35 AM
UserName           :
Site               :
Container          :

EventID            : 4726
MachineName        : TPZ-ADC.mas-noida.com
Data               : {}
Index              : 4944974
Category           : (13824)
CategoryNumber     : 13824
EntryType          : SuccessAudit
Message            : A user account was deleted.

                     Subject:
                         Security ID:        S-1-5-21-2373504117-2689643630-3100359099-1483
                         Account Name:        mayank
                         Account Domain:        MAS-NOIDA
                         Logon ID:        0x30cde16c

                     Target Account:
                         Security ID:        S-1-5-21-2373504117-2689643630-3100359099-13711
                         Account Name:        MAS52481
                         Account Domain:        MAS-NOIDA

                     Additional Information:
                         Privileges    -
Source             : Microsoft-Windows-Security-Auditing
ReplacementStrings : {MAS52481, MAS-NOIDA, S-1-5-21-2373504117-2689643630-3100359099-13711,
                     S-1-5-21-2373504117-2689643630-3100359099-1483...}
InstanceId         : 4726
TimeGenerated      : 6/11/2023 7:28:22 AM
TimeWritten        : 6/11/2023 7:28:22 AM
UserName           :
Site               :
Container          :

EventID            : 4726
MachineName        : TPZ-ADC.mas-noida.com
Data               : {}
Index              : 4944959
Category           : (13824)
CategoryNumber     : 13824
EntryType          : SuccessAudit
Message            : A user account was deleted.

                     Subject:
                         Security ID:        S-1-5-21-2373504117-2689643630-3100359099-1483
                         Account Name:        mayank
                         Account Domain:        MAS-NOIDA
                         Logon ID:        0x30cdd773

                     Target Account:
                         Security ID:        S-1-5-21-2373504117-2689643630-3100359099-13712
                         Account Name:        MAS52484
                         Account Domain:        MAS-NOIDA

                     Additional Information:
                         Privileges    -
Source             : Microsoft-Windows-Security-Auditing
ReplacementStrings : {MAS52484, MAS-NOIDA, S-1-5-21-2373504117-2689643630-3100359099-13712,
                     S-1-5-21-2373504117-2689643630-3100359099-1483...}
InstanceId         : 4726
TimeGenerated      : 6/11/2023 7:28:11 AM
TimeWritten        : 6/11/2023 7:28:11 AM
UserName           :
Site               :
Container          :

EventID            : 4726
MachineName        : TPZ-ADC.mas-noida.com
Data               : {}
Index              : 4944950
Category           : (13824)
CategoryNumber     : 13824
EntryType          : SuccessAudit
Message            : A user account was deleted.

                     Subject:
                         Security ID:        S-1-5-21-2373504117-2689643630-3100359099-1483
                         Account Name:        mayank
                         Account Domain:        MAS-NOIDA
                         Logon ID:        0x30cdd3b3

                     Target Account:
                         Security ID:        S-1-5-21-2373504117-2689643630-3100359099-10332
                         Account Name:        MAS50780
                         Account Domain:        MAS-NOIDA

                     Additional Information:
                         Privileges    -
Source             : Microsoft-Windows-Security-Auditing
ReplacementStrings : {MAS50780, MAS-NOIDA, S-1-5-21-2373504117-2689643630-3100359099-10332,
                     S-1-5-21-2373504117-2689643630-3100359099-1483...}
InstanceId         : 4726
TimeGenerated      : 6/11/2023 7:28:01 AM
TimeWritten        : 6/11/2023 7:28:01 AM
UserName           :
Site               :
Container          :

EventID            : 4726
MachineName        : TPZ-ADC.mas-noida.com
Data               : {}
Index              : 4944940
Category           : (13824)
CategoryNumber     : 13824
EntryType          : SuccessAudit
Message            : A user account was deleted.

                     Subject:
                         Security ID:        S-1-5-21-2373504117-2689643630-3100359099-1483
                         Account Name:        mayank
                         Account Domain:        MAS-NOIDA
                         Logon ID:        0x30cdce85

                     Target Account:
                         Security ID:        S-1-5-21-2373504117-2689643630-3100359099-13155
                         Account Name:        MAS52157
                         Account Domain:        MAS-NOIDA

                     Additional Information:
                         Privileges    -
Source             : Microsoft-Windows-Security-Auditing
ReplacementStrings : {MAS52157, MAS-NOIDA, S-1-5-21-2373504117-2689643630-3100359099-13155,
                     S-1-5-21-2373504117-2689643630-3100359099-1483...}
InstanceId         : 4726
TimeGenerated      : 6/11/2023 7:27:51 AM
TimeWritten        : 6/11/2023 7:27:51 AM
UserName           :
Site               :
Container          :

EventID            : 4726
MachineName        : TPZ-ADC.mas-noida.com
Data               : {}
Index              : 4944910
Category           : (13824)
CategoryNumber     : 13824
EntryType          : SuccessAudit
Message            : A user account was deleted.

                     Subject:
                         Security ID:        S-1-5-21-2373504117-2689643630-3100359099-1483
                         Account Name:        mayank
                         Account Domain:        MAS-NOIDA
                         Logon ID:        0x30cdbf31

                     Target Account:
                         Security ID:        S-1-5-21-2373504117-2689643630-3100359099-13181
                         Account Name:        MAS52167
                         Account Domain:        MAS-NOIDA

                     Additional Information:
                         Privileges    -
Source             : Microsoft-Windows-Security-Auditing
ReplacementStrings : {MAS52167, MAS-NOIDA, S-1-5-21-2373504117-2689643630-3100359099-13181,
                     S-1-5-21-2373504117-2689643630-3100359099-1483...}
InstanceId         : 4726
TimeGenerated      : 6/11/2023 7:27:21 AM
TimeWritten        : 6/11/2023 7:27:21 AM
UserName           :
Site               :
Container          :

EventID            : 4726
MachineName        : TPZ-ADC.mas-noida.com
Data               : {}
Index              : 4944899
Category           : (13824)
CategoryNumber     : 13824
EntryType          : SuccessAudit
Message            : A user account was deleted.

                     Subject:
                         Security ID:        S-1-5-21-2373504117-2689643630-3100359099-1483
                         Account Name:        mayank
                         Account Domain:        MAS-NOIDA
                         Logon ID:        0x30cdb951

                     Target Account:
                         Security ID:        S-1-5-21-2373504117-2689643630-3100359099-12597
                         Account Name:        MAS52070
                         Account Domain:        MAS-NOIDA

                     Additional Information:
                         Privileges    -
Source             : Microsoft-Windows-Security-Auditing
ReplacementStrings : {MAS52070, MAS-NOIDA, S-1-5-21-2373504117-2689643630-3100359099-12597,
                     S-1-5-21-2373504117-2689643630-3100359099-1483...}
InstanceId         : 4726
TimeGenerated      : 6/11/2023 7:27:09 AM
TimeWritten        : 6/11/2023 7:27:09 AM
UserName           :
Site               :
Container          :

EventID            : 4726
MachineName        : TPZ-ADC.mas-noida.com
Data               : {}
Index              : 4944888
Category           : (13824)
CategoryNumber     : 13824
EntryType          : SuccessAudit
Message            : A user account was deleted.

                     Subject:
                         Security ID:        S-1-5-21-2373504117-2689643630-3100359099-1483
                         Account Name:        mayank
                         Account Domain:        MAS-NOIDA
                         Logon ID:        0x30cdb3e9

                     Target Account:
                         Security ID:        S-1-5-21-2373504117-2689643630-3100359099-13261
                         Account Name:        MAS52266
                         Account Domain:        MAS-NOIDA

                     Additional Information:
                         Privileges    -
Source             : Microsoft-Windows-Security-Auditing
ReplacementStrings : {MAS52266, MAS-NOIDA, S-1-5-21-2373504117-2689643630-3100359099-13261,
                     S-1-5-21-2373504117-2689643630-3100359099-1483...}
InstanceId         : 4726
TimeGenerated      : 6/11/2023 7:26:58 AM
TimeWritten        : 6/11/2023 7:26:58 AM
UserName           :
Site               :
Container          :

EventID            : 4726
MachineName        : TPZ-ADC.mas-noida.com
Data               : {}
Index              : 4944879
Category           : (13824)
CategoryNumber     : 13824
EntryType          : SuccessAudit
Message            : A user account was deleted.

                     Subject:
                         Security ID:        S-1-5-21-2373504117-2689643630-3100359099-1483
                         Account Name:        mayank
                         Account Domain:        MAS-NOIDA
                         Logon ID:        0x30cdacfd

                     Target Account:
                         Security ID:        S-1-5-21-2373504117-2689643630-3100359099-13362
                         Account Name:        MAS52427
                         Account Domain:        MAS-NOIDA

                     Additional Information:
                         Privileges    -
Source             : Microsoft-Windows-Security-Auditing
ReplacementStrings : {MAS52427, MAS-NOIDA, S-1-5-21-2373504117-2689643630-3100359099-13362,
                     S-1-5-21-2373504117-2689643630-3100359099-1483...}
InstanceId         : 4726
TimeGenerated      : 6/11/2023 7:26:47 AM
TimeWritten        : 6/11/2023 7:26:47 AM
UserName           :
Site               :
Container          :

EventID            : 4726
MachineName        : TPZ-ADC.mas-noida.com
Data               : {}
Index              : 4944870
Category           : (13824)
CategoryNumber     : 13824
EntryType          : SuccessAudit
Message            : A user account was deleted.

                     Subject:
                         Security ID:        S-1-5-21-2373504117-2689643630-3100359099-1483
                         Account Name:        mayank
                         Account Domain:        MAS-NOIDA
                         Logon ID:        0x30cda8e4

                     Target Account:
                         Security ID:        S-1-5-21-2373504117-2689643630-3100359099-12469
                         Account Name:        MAS51890
                         Account Domain:        MAS-NOIDA

                     Additional Information:
                         Privileges    -
Source             : Microsoft-Windows-Security-Auditing
ReplacementStrings : {MAS51890, MAS-NOIDA, S-1-5-21-2373504117-2689643630-3100359099-12469,
                     S-1-5-21-2373504117-2689643630-3100359099-1483...}
InstanceId         : 4726
TimeGenerated      : 6/11/2023 7:26:36 AM
TimeWritten        : 6/11/2023 7:26:36 AM
UserName           :
Site               :
Container          :

EventID            : 4726
MachineName        : TPZ-ADC.mas-noida.com
Data               : {}
Index              : 4944858
Category           : (13824)
CategoryNumber     : 13824
EntryType          : SuccessAudit
Message            : A user account was deleted.

                     Subject:
                         Security ID:        S-1-5-21-2373504117-2689643630-3100359099-1483
                         Account Name:        mayank
                         Account Domain:        MAS-NOIDA
                         Logon ID:        0x30cda26c

                     Target Account:
                         Security ID:        S-1-5-21-2373504117-2689643630-3100359099-11039
                         Account Name:        MAS52342
                         Account Domain:        MAS-NOIDA

                     Additional Information:
                         Privileges    -
Source             : Microsoft-Windows-Security-Auditing
ReplacementStrings : {MAS52342, MAS-NOIDA, S-1-5-21-2373504117-2689643630-3100359099-11039,
                     S-1-5-21-2373504117-2689643630-3100359099-1483...}
InstanceId         : 4726
TimeGenerated      : 6/11/2023 7:26:26 AM
TimeWritten        : 6/11/2023 7:26:26 AM
UserName           :
Site               :
Container          :

EventID            : 4726
MachineName        : TPZ-ADC.mas-noida.com
Data               : {}
Index              : 4942682
Category           : (13824)
CategoryNumber     : 13824
EntryType          : SuccessAudit
Message            : A user account was deleted.

                     Subject:
                         Security ID:        S-1-5-21-2373504117-2689643630-3100359099-1483
                         Account Name:        mayank
                         Account Domain:        MAS-NOIDA
                         Logon ID:        0x30b9ebf0

                     Target Account:
                         Security ID:        S-1-5-21-2373504117-2689643630-3100359099-13597
                         Account Name:        MAS52773
                         Account Domain:        MAS-NOIDA

                     Additional Information:
                         Privileges    -
Source             : Microsoft-Windows-Security-Auditing
ReplacementStrings : {MAS52773, MAS-NOIDA, S-1-5-21-2373504117-2689643630-3100359099-13597,
                     S-1-5-21-2373504117-2689643630-3100359099-1483...}
InstanceId         : 4726
TimeGenerated      : 6/11/2023 4:41:02 AM
TimeWritten        : 6/11/2023 4:41:02 AM
UserName           :
Site               :
Container          :

EventID            : 4726
MachineName        : TPZ-ADC.mas-noida.com
Data               : {}
Index              : 4942667
Category           : (13824)
CategoryNumber     : 13824
EntryType          : SuccessAudit
Message            : A user account was deleted.

                     Subject:
                         Security ID:        S-1-5-21-2373504117-2689643630-3100359099-1483
                         Account Name:        mayank
                         Account Domain:        MAS-NOIDA
                         Logon ID:        0x30b9e4ae

                     Target Account:
                         Security ID:        S-1-5-21-2373504117-2689643630-3100359099-14603
                         Account Name:        MAS52780
                         Account Domain:        MAS-NOIDA

                     Additional Information:
                         Privileges    -
Source             : Microsoft-Windows-Security-Auditing
ReplacementStrings : {MAS52780, MAS-NOIDA, S-1-5-21-2373504117-2689643630-3100359099-14603,
                     S-1-5-21-2373504117-2689643630-3100359099-1483...}
InstanceId         : 4726
TimeGenerated      : 6/11/2023 4:40:51 AM
TimeWritten        : 6/11/2023 4:40:51 AM
UserName           :
Site               :
Container          :

EventID            : 4726
MachineName        : TPZ-ADC.mas-noida.com
Data               : {}
Index              : 4942652
Category           : (13824)
CategoryNumber     : 13824
EntryType          : SuccessAudit
Message            : A user account was deleted.

                     Subject:
                         Security ID:        S-1-5-21-2373504117-2689643630-3100359099-1483
                         Account Name:        mayank
                         Account Domain:        MAS-NOIDA
                         Logon ID:        0x30b9dd89

                     Target Account:
                         Security ID:        S-1-5-21-2373504117-2689643630-3100359099-13570
                         Account Name:        MAS52745
                         Account Domain:        MAS-NOIDA

                     Additional Information:
                         Privileges    -
Source             : Microsoft-Windows-Security-Auditing
ReplacementStrings : {MAS52745, MAS-NOIDA, S-1-5-21-2373504117-2689643630-3100359099-13570,
                     S-1-5-21-2373504117-2689643630-3100359099-1483...}
InstanceId         : 4726
TimeGenerated      : 6/11/2023 4:40:39 AM
TimeWritten        : 6/11/2023 4:40:39 AM
UserName           :
Site               :
Container          :

EventID            : 4726
MachineName        : TPZ-ADC.mas-noida.com
Data               : {}
Index              : 4942640
Category           : (13824)
CategoryNumber     : 13824
EntryType          : SuccessAudit
Message            : A user account was deleted.

                     Subject:
                         Security ID:        S-1-5-21-2373504117-2689643630-3100359099-1483
                         Account Name:        mayank
                         Account Domain:        MAS-NOIDA
                         Logon ID:        0x30b9d81d

                     Target Account:
                         Security ID:        S-1-5-21-2373504117-2689643630-3100359099-13564
                         Account Name:        MAS52750
                         Account Domain:        MAS-NOIDA

                     Additional Information:
                         Privileges    -
Source             : Microsoft-Windows-Security-Auditing
ReplacementStrings : {MAS52750, MAS-NOIDA, S-1-5-21-2373504117-2689643630-3100359099-13564,
                     S-1-5-21-2373504117-2689643630-3100359099-1483...}
InstanceId         : 4726
TimeGenerated      : 6/11/2023 4:40:28 AM
TimeWritten        : 6/11/2023 4:40:28 AM
UserName           :
Site               :
Container          :

EventID            : 4726
MachineName        : TPZ-ADC.mas-noida.com
Data               : {}
Index              : 4942626
Category           : (13824)
CategoryNumber     : 13824
EntryType          : SuccessAudit
Message            : A user account was deleted.

                     Subject:
                         Security ID:        S-1-5-21-2373504117-2689643630-3100359099-1483
                         Account Name:        mayank
                         Account Domain:        MAS-NOIDA
                         Logon ID:        0x30b9d02c

                     Target Account:
                         Security ID:        S-1-5-21-2373504117-2689643630-3100359099-13573
                         Account Name:        MAS52744
                         Account Domain:        MAS-NOIDA

                     Additional Information:
                         Privileges    -
Source             : Microsoft-Windows-Security-Auditing
ReplacementStrings : {MAS52744, MAS-NOIDA, S-1-5-21-2373504117-2689643630-3100359099-13573,
                     S-1-5-21-2373504117-2689643630-3100359099-1483...}
InstanceId         : 4726
TimeGenerated      : 6/11/2023 4:40:18 AM
TimeWritten        : 6/11/2023 4:40:18 AM
UserName           :
Site               :
Container          :

EventID            : 4726
MachineName        : TPZ-ADC.mas-noida.com
Data               : {}
Index              : 4942597
Category           : (13824)
CategoryNumber     : 13824
EntryType          : SuccessAudit
Message            : A user account was deleted.

                     Subject:
                         Security ID:        S-1-5-21-2373504117-2689643630-3100359099-1483
                         Account Name:        mayank
                         Account Domain:        MAS-NOIDA
                         Logon ID:        0x30b9c282

                     Target Account:
                         Security ID:        S-1-5-21-2373504117-2689643630-3100359099-13575
                         Account Name:        MAS52742
                         Account Domain:        MAS-NOIDA

                     Additional Information:
                         Privileges    -
Source             : Microsoft-Windows-Security-Auditing
ReplacementStrings : {MAS52742, MAS-NOIDA, S-1-5-21-2373504117-2689643630-3100359099-13575,
                     S-1-5-21-2373504117-2689643630-3100359099-1483...}
InstanceId         : 4726
TimeGenerated      : 6/11/2023 4:40:07 AM
TimeWritten        : 6/11/2023 4:40:07 AM
UserName           :
Site               :
Container          :

EventID            : 4726
MachineName        : TPZ-ADC.mas-noida.com
Data               : {}
Index              : 4942587
Category           : (13824)
CategoryNumber     : 13824
EntryType          : SuccessAudit
Message            : A user account was deleted.

                     Subject:
                         Security ID:        S-1-5-21-2373504117-2689643630-3100359099-1483
                         Account Name:        mayank
                         Account Domain:        MAS-NOIDA
                         Logon ID:        0x30b9bcbb

                     Target Account:
                         Security ID:        S-1-5-21-2373504117-2689643630-3100359099-13577
                         Account Name:        MAS52751
                         Account Domain:        MAS-NOIDA

                     Additional Information:
                         Privileges    -
Source             : Microsoft-Windows-Security-Auditing
ReplacementStrings : {MAS52751, MAS-NOIDA, S-1-5-21-2373504117-2689643630-3100359099-13577,
                     S-1-5-21-2373504117-2689643630-3100359099-1483...}
InstanceId         : 4726
TimeGenerated      : 6/11/2023 4:39:56 AM
TimeWritten        : 6/11/2023 4:39:56 AM
UserName           :
Site               :
Container          :

EventID            : 4726
MachineName        : TPZ-ADC.mas-noida.com
Data               : {}
Index              : 4942577
Category           : (13824)
CategoryNumber     : 13824
EntryType          : SuccessAudit
Message            : A user account was deleted.

                     Subject:
                         Security ID:        S-1-5-21-2373504117-2689643630-3100359099-1483
                         Account Name:        mayank
                         Account Domain:        MAS-NOIDA
                         Logon ID:        0x30b9b6de

                     Target Account:
                         Security ID:        S-1-5-21-2373504117-2689643630-3100359099-13499
                         Account Name:        MAS52668
                         Account Domain:        MAS-NOIDA

                     Additional Information:
                         Privileges    -
Source             : Microsoft-Windows-Security-Auditing
ReplacementStrings : {MAS52668, MAS-NOIDA, S-1-5-21-2373504117-2689643630-3100359099-13499,
                     S-1-5-21-2373504117-2689643630-3100359099-1483...}
InstanceId         : 4726
TimeGenerated      : 6/11/2023 4:39:45 AM
TimeWritten        : 6/11/2023 4:39:45 AM
UserName           :
Site               :
Container          :

EventID            : 4726
MachineName        : TPZ-ADC.mas-noida.com
Data               : {}
Index              : 4942562
Category           : (13824)
CategoryNumber     : 13824
EntryType          : SuccessAudit
Message            : A user account was deleted.

                     Subject:
                         Security ID:        S-1-5-21-2373504117-2689643630-3100359099-1483
                         Account Name:        mayank
                         Account Domain:        MAS-NOIDA
                         Logon ID:        0x30b9aece

                     Target Account:
                         Security ID:        S-1-5-21-2373504117-2689643630-3100359099-13506
                         Account Name:        MAS52681
                         Account Domain:        MAS-NOIDA

                     Additional Information:
                         Privileges    -
Source             : Microsoft-Windows-Security-Auditing
ReplacementStrings : {MAS52681, MAS-NOIDA, S-1-5-21-2373504117-2689643630-3100359099-13506,
                     S-1-5-21-2373504117-2689643630-3100359099-1483...}
InstanceId         : 4726
TimeGenerated      : 6/11/2023 4:39:31 AM
TimeWritten        : 6/11/2023 4:39:31 AM
UserName           :
Site               :
Container          :

EventID            : 4726
MachineName        : TPZ-ADC.mas-noida.com
Data               : {}
Index              : 4942548
Category           : (13824)
CategoryNumber     : 13824
EntryType          : SuccessAudit
Message            : A user account was deleted.

                     Subject:
                         Security ID:        S-1-5-21-2373504117-2689643630-3100359099-1483
                         Account Name:        mayank
                         Account Domain:        MAS-NOIDA
                         Logon ID:        0x30b9a804

                     Target Account:
                         Security ID:        S-1-5-21-2373504117-2689643630-3100359099-13507
                         Account Name:        MAS52682
                         Account Domain:        MAS-NOIDA

                     Additional Information:
                         Privileges    -
Source             : Microsoft-Windows-Security-Auditing
ReplacementStrings : {MAS52682, MAS-NOIDA, S-1-5-21-2373504117-2689643630-3100359099-13507,
                     S-1-5-21-2373504117-2689643630-3100359099-1483...}
InstanceId         : 4726
TimeGenerated      : 6/11/2023 4:39:18 AM
TimeWritten        : 6/11/2023 4:39:18 AM
UserName           :
Site               :
Container          :

EventID            : 4726
MachineName        : TPZ-ADC.mas-noida.com
Data               : {}
Index              : 4942537
Category           : (13824)
CategoryNumber     : 13824
EntryType          : SuccessAudit
Message            : A user account was deleted.

                     Subject:
                         Security ID:        S-1-5-21-2373504117-2689643630-3100359099-1483
                         Account Name:        mayank
                         Account Domain:        MAS-NOIDA
                         Logon ID:        0x30b9a2b1

                     Target Account:
                         Security ID:        S-1-5-21-2373504117-2689643630-3100359099-13516
                         Account Name:        MAS52680
                         Account Domain:        MAS-NOIDA

                     Additional Information:
                         Privileges    -
Source             : Microsoft-Windows-Security-Auditing
ReplacementStrings : {MAS52680, MAS-NOIDA, S-1-5-21-2373504117-2689643630-3100359099-13516,
                     S-1-5-21-2373504117-2689643630-3100359099-1483...}
InstanceId         : 4726
TimeGenerated      : 6/11/2023 4:39:08 AM
TimeWritten        : 6/11/2023 4:39:08 AM
UserName           :
Site               :
Container          :

EventID            : 4726
MachineName        : TPZ-ADC.mas-noida.com
Data               : {}
Index              : 4942524
Category           : (13824)
CategoryNumber     : 13824
EntryType          : SuccessAudit
Message            : A user account was deleted.

                     Subject:
                         Security ID:        S-1-5-21-2373504117-2689643630-3100359099-1483
                         Account Name:        mayank
                         Account Domain:        MAS-NOIDA
                         Logon ID:        0x30b99be0

                     Target Account:
                         Security ID:        S-1-5-21-2373504117-2689643630-3100359099-13432
                         Account Name:        MAS52584
                         Account Domain:        MAS-NOIDA

                     Additional Information:
                         Privileges    -
