Source             : Microsoft-Windows-Security-Auditing
ReplacementStrings : {MAS52426, MAS-NOIDA, S-1-5-21-2373504117-2689643630-3100359099-13363,
                     S-1-5-21-2373504117-2689643630-3100359099-1483...}
InstanceId         : 4726
TimeGenerated      : 5/8/2023 11:07:23 AM
TimeWritten        : 5/8/2023 11:07:23 AM
UserName           :
Site               :
Container          :

EventID            : 4726
MachineName        : DC.mas-noida.com
Data               : {}
Index              : 20430308
Category           : (13824)
CategoryNumber     : 13824
EntryType          : SuccessAudit
Message            : A user account was deleted.

                     Subject:
                         Security ID:        S-1-5-21-2373504117-2689643630-3100359099-1483
                         Account Name:        mayank
                         Account Domain:        MAS-NOIDA
                         Logon ID:        0x2b682a07

                     Target Account:
                         Security ID:        S-1-5-21-2373504117-2689643630-3100359099-13357
                         Account Name:        MAS52419
                         Account Domain:        MAS-NOIDA

                     Additional Information:
                         Privileges    -
Source             : Microsoft-Windows-Security-Auditing
ReplacementStrings : {MAS52419, MAS-NOIDA, S-1-5-21-2373504117-2689643630-3100359099-13357,
                     S-1-5-21-2373504117-2689643630-3100359099-1483...}
InstanceId         : 4726
TimeGenerated      : 5/8/2023 11:07:03 AM
TimeWritten        : 5/8/2023 11:07:03 AM
UserName           :
Site               :
Container          :

EventID            : 4726
MachineName        : DC.mas-noida.com
Data               : {}
Index              : 20011055
Category           : (13824)
CategoryNumber     : 13824
EntryType          : SuccessAudit
Message            : A user account was deleted.

                     Subject:
                         Security ID:        S-1-5-21-2373504117-2689643630-3100359099-1499
                         Account Name:        anupk
                         Account Domain:        MAS-NOIDA
                         Logon ID:        0x27197c26

                     Target Account:
                         Security ID:        S-1-5-21-2373504117-2689643630-3100359099-13356
                         Account Name:        MAS52416
                         Account Domain:        MAS-NOIDA

                     Additional Information:
                         Privileges    -
Source             : Microsoft-Windows-Security-Auditing
ReplacementStrings : {MAS52416, MAS-NOIDA, S-1-5-21-2373504117-2689643630-3100359099-13356,
                     S-1-5-21-2373504117-2689643630-3100359099-1499...}
InstanceId         : 4726
TimeGenerated      : 5/5/2023 11:19:51 AM
TimeWritten        : 5/5/2023 11:19:51 AM
UserName           :
Site               :
Container          :

EventID            : 4726
MachineName        : DC.mas-noida.com
Data               : {}
Index              : 20010994
Category           : (13824)
CategoryNumber     : 13824
EntryType          : SuccessAudit
Message            : A user account was deleted.

                     Subject:
                         Security ID:        S-1-5-21-2373504117-2689643630-3100359099-1499
                         Account Name:        anupk
                         Account Domain:        MAS-NOIDA
                         Logon ID:        0x27197c26

                     Target Account:
                         Security ID:        S-1-5-21-2373504117-2689643630-3100359099-13359
                         Account Name:        MAS52415
                         Account Domain:        MAS-NOIDA

                     Additional Information:
                         Privileges    -
Source             : Microsoft-Windows-Security-Auditing
ReplacementStrings : {MAS52415, MAS-NOIDA, S-1-5-21-2373504117-2689643630-3100359099-13359,
                     S-1-5-21-2373504117-2689643630-3100359099-1499...}
InstanceId         : 4726
TimeGenerated      : 5/5/2023 11:19:34 AM
TimeWritten        : 5/5/2023 11:19:34 AM
UserName           :
Site               :
Container          :

EventID            : 4726
MachineName        : DC.mas-noida.com
Data               : {}
Index              : 19870944
Category           : (13824)
CategoryNumber     : 13824
EntryType          : SuccessAudit
Message            : A user account was deleted.

                     Subject:
                         Security ID:        S-1-5-21-2373504117-2689643630-3100359099-1499
                         Account Name:        anupk
                         Account Domain:        MAS-NOIDA
                         Logon ID:        0x25b2aba0

                     Target Account:
                         Security ID:        S-1-5-21-2373504117-2689643630-3100359099-7120
                         Account Name:        MAS49941
                         Account Domain:        MAS-NOIDA

                     Additional Information:
                         Privileges    -
Source             : Microsoft-Windows-Security-Auditing
ReplacementStrings : {MAS49941, MAS-NOIDA, S-1-5-21-2373504117-2689643630-3100359099-7120,
                     S-1-5-21-2373504117-2689643630-3100359099-1499...}
InstanceId         : 4726
TimeGenerated      : 5/4/2023 1:34:55 PM
TimeWritten        : 5/4/2023 1:34:55 PM
UserName           :
Site               :
Container          :

EventID            : 4726
MachineName        : DC.mas-noida.com
Data               : {}
Index              : 19435032
Category           : (13824)
CategoryNumber     : 13824
EntryType          : SuccessAudit
Message            : A user account was deleted.

                     Subject:
                         Security ID:        S-1-5-21-2373504117-2689643630-3100359099-1499
                         Account Name:        anupk
                         Account Domain:        MAS-NOIDA
                         Logon ID:        0x16898178

                     Target Account:
                         Security ID:        S-1-5-21-2373504117-2689643630-3100359099-10407
                         Account Name:        MAS50880
                         Account Domain:        MAS-NOIDA

                     Additional Information:
                         Privileges    -
Source             : Microsoft-Windows-Security-Auditing
ReplacementStrings : {MAS50880, MAS-NOIDA, S-1-5-21-2373504117-2689643630-3100359099-10407,
                     S-1-5-21-2373504117-2689643630-3100359099-1499...}
InstanceId         : 4726
TimeGenerated      : 5/1/2023 3:39:22 PM
TimeWritten        : 5/1/2023 3:39:22 PM
UserName           :
Site               :
Container          :

EventID            : 4726
MachineName        : DC.mas-noida.com
Data               : {}
Index              : 19404987
Category           : (13824)
CategoryNumber     : 13824
EntryType          : SuccessAudit
Message            : A user account was deleted.

                     Subject:
                         Security ID:        S-1-5-21-2373504117-2689643630-3100359099-1499
                         Account Name:        anupk
                         Account Domain:        MAS-NOIDA
                         Logon ID:        0xe9ca810

                     Target Account:
                         Security ID:        S-1-5-21-2373504117-2689643630-3100359099-13309
                         Account Name:        MAS52369
                         Account Domain:        MAS-NOIDA

                     Additional Information:
                         Privileges    -
Source             : Microsoft-Windows-Security-Auditing
ReplacementStrings : {MAS52369, MAS-NOIDA, S-1-5-21-2373504117-2689643630-3100359099-13309,
                     S-1-5-21-2373504117-2689643630-3100359099-1499...}
InstanceId         : 4726
TimeGenerated      : 5/1/2023 11:46:05 AM
TimeWritten        : 5/1/2023 11:46:05 AM
UserName           :
Site               :
Container          :

EventID            : 4726
MachineName        : DC.mas-noida.com
Data               : {}
Index              : 19404947
Category           : (13824)
CategoryNumber     : 13824
EntryType          : SuccessAudit
Message            : A user account was deleted.

                     Subject:
                         Security ID:        S-1-5-21-2373504117-2689643630-3100359099-1499
                         Account Name:        anupk
                         Account Domain:        MAS-NOIDA
                         Logon ID:        0xe9ca810

                     Target Account:
                         Security ID:        S-1-5-21-2373504117-2689643630-3100359099-13307
                         Account Name:        MAS52367
                         Account Domain:        MAS-NOIDA

                     Additional Information:
                         Privileges    -
Source             : Microsoft-Windows-Security-Auditing
ReplacementStrings : {MAS52367, MAS-NOIDA, S-1-5-21-2373504117-2689643630-3100359099-13307,
                     S-1-5-21-2373504117-2689643630-3100359099-1499...}
InstanceId         : 4726
TimeGenerated      : 5/1/2023 11:45:49 AM
TimeWritten        : 5/1/2023 11:45:49 AM
UserName           :
Site               :
Container          :

EventID            : 4726
MachineName        : DC.mas-noida.com
Data               : {}
Index              : 18810244
Category           : (13824)
CategoryNumber     : 13824
EntryType          : SuccessAudit
Message            : A user account was deleted.

                     Subject:
                         Security ID:        S-1-5-21-2373504117-2689643630-3100359099-1499
                         Account Name:        anupk
                         Account Domain:        MAS-NOIDA
                         Logon ID:        0x933b704

                     Target Account:
                         Security ID:        S-1-5-21-2373504117-2689643630-3100359099-12543
                         Account Name:        MAS52003
                         Account Domain:        MAS-NOIDA

                     Additional Information:
                         Privileges    -
     

EventID            : 4726
MachineName        : DC.mas-noida.com
Data               : {}
Index              : 25735387
Category           : (13824)
CategoryNumber     : 13824
EntryType          : SuccessAudit
Message            : A user account was deleted.

                     Subject:
                         Security ID:        S-1-5-21-2373504117-2689643630-3100359099-10155
                         Account Name:        ranjeetit
                         Account Domain:        MAS-NOIDA
                         Logon ID:        0x4cdc192b

                     Target Account:
                         Security ID:        S-1-5-21-2373504117-2689643630-3100359099-13571
                         Account Name:        MAS52746
                         Account Domain:        MAS-NOIDA

                     Additional Information:
                         Privileges    -
Source             : Microsoft-Windows-Security-Auditing
ReplacementStrings : {MAS52746, MAS-NOIDA, S-1-5-21-2373504117-2689643630-3100359099-13571,
                     S-1-5-21-2373504117-2689643630-3100359099-10155...}
InstanceId         : 4726
TimeGenerated      : 6/13/2023 2:33:32 AM
TimeWritten        : 6/13/2023 2:33:32 AM
UserName           :
Site               :
Container          :

EventID            : 4726
MachineName        : DC.mas-noida.com
Data               : {}
Index              : 25735341
Category           : (13824)
CategoryNumber     : 13824
EntryType          : SuccessAudit
Message            : A user account was deleted.

                     Subject:
                         Security ID:        S-1-5-21-2373504117-2689643630-3100359099-10155
                         Account Name:        ranjeetit
                         Account Domain:        MAS-NOIDA
                         Logon ID:        0x4cdc192b

                     Target Account:
                         Security ID:        S-1-5-21-2373504117-2689643630-3100359099-13565
                         Account Name:        MAS52749
                         Account Domain:        MAS-NOIDA

                     Additional Information:
                         Privileges    -
Source             : Microsoft-Windows-Security-Auditing
ReplacementStrings : {MAS52749, MAS-NOIDA, S-1-5-21-2373504117-2689643630-3100359099-13565,
                     S-1-5-21-2373504117-2689643630-3100359099-10155...}
InstanceId         : 4726
TimeGenerated      : 6/13/2023 2:32:56 AM
TimeWritten        : 6/13/2023 2:32:56 AM
UserName           :
Site               :
Container          :

EventID            : 4726
MachineName        : DC.mas-noida.com
Data               : {}
Index              : 25735279
Category           : (13824)
CategoryNumber     : 13824
EntryType          : SuccessAudit
Message            : A user account was deleted.

                     Subject:
                         Security ID:        S-1-5-21-2373504117-2689643630-3100359099-10155
                         Account Name:        ranjeetit
                         Account Domain:        MAS-NOIDA
                         Logon ID:        0x4cdc192b

                     Target Account:
                         Security ID:        S-1-5-21-2373504117-2689643630-3100359099-13492
                         Account Name:        MAS52662
                         Account Domain:        MAS-NOIDA

                     Additional Information:
                         Privileges    -
Source             : Microsoft-Windows-Security-Auditing
ReplacementStrings : {MAS52662, MAS-NOIDA, S-1-5-21-2373504117-2689643630-3100359099-13492,
                     S-1-5-21-2373504117-2689643630-3100359099-10155...}
InstanceId         : 4726
TimeGenerated      : 6/13/2023 2:32:37 AM
TimeWritten        : 6/13/2023 2:32:37 AM
UserName           :
Site               :
Container          :

EventID            : 4726
MachineName        : DC.mas-noida.com
Data               : {}
Index              : 25707817
Category           : (13824)
CategoryNumber     : 13824
EntryType          : SuccessAudit
Message            : A user account was deleted.

                     Subject:
                         Security ID:        S-1-5-21-2373504117-2689643630-3100359099-10155
                         Account Name:        ranjeetit
                         Account Domain:        MAS-NOIDA
                         Logon ID:        0x4c91ab6e

                     Target Account:
                         Security ID:        S-1-5-21-2373504117-2689643630-3100359099-11422
                         Account Name:        MAS51428
                         Account Domain:        MAS-NOIDA

                     Additional Information:
                         Privileges    -
Source             : Microsoft-Windows-Security-Auditing
ReplacementStrings : {MAS51428, MAS-NOIDA, S-1-5-21-2373504117-2689643630-3100359099-11422,
                     S-1-5-21-2373504117-2689643630-3100359099-10155...}
InstanceId         : 4726
TimeGenerated      : 6/12/2023 10:04:13 PM
TimeWritten        : 6/12/2023 10:04:13 PM
UserName           :
Site               :
Container          :

EventID            : 4726
MachineName        : DC.mas-noida.com
Data               : {}
Index              : 25624445
Category           : (13824)
CategoryNumber     : 13824
EntryType          : SuccessAudit
Message            : A user account was deleted.

                     Subject:
                         Security ID:        S-1-5-21-2373504117-2689643630-3100359099-4389
                         Account Name:        Ritik
                         Account Domain:        MAS-NOIDA
                         Logon ID:        0x4a348932

                     Target Account:
                         Security ID:        S-1-5-21-2373504117-2689643630-3100359099-9790
                         Account Name:        MAS52273
                         Account Domain:        MAS-NOIDA

                     Additional Information:
                         Privileges    -
Source             : Microsoft-Windows-Security-Auditing
ReplacementStrings : {MAS52273, MAS-NOIDA, S-1-5-21-2373504117-2689643630-3100359099-9790,
                     S-1-5-21-2373504117-2689643630-3100359099-4389...}
InstanceId         : 4726
TimeGenerated      : 6/12/2023 11:28:22 AM
TimeWritten        : 6/12/2023 11:28:22 AM
UserName           :
Site               :
Container          :

EventID            : 4726
MachineName        : DC.mas-noida.com
Data               : {}
Index              : 25624420
Category           : (13824)
CategoryNumber     : 13824
EntryType          : SuccessAudit
Message            : A user account was deleted.

                     Subject:
                         Security ID:        S-1-5-21-2373504117-2689643630-3100359099-4389
                         Account Name:        Ritik
                         Account Domain:        MAS-NOIDA
                         Logon ID:        0x4a348932

                     Target Account:
                         Security ID:        S-1-5-21-2373504117-2689643630-3100359099-13683
                         Account Name:        MAS52388
                         Account Domain:        MAS-NOIDA

                     Additional Information:
                         Privileges    -
Source             : Microsoft-Windows-Security-Auditing
ReplacementStrings : {MAS52388, MAS-NOIDA, S-1-5-21-2373504117-2689643630-3100359099-13683,
                     S-1-5-21-2373504117-2689643630-3100359099-4389...}
InstanceId         : 4726
TimeGenerated      : 6/12/2023 11:28:14 AM
TimeWritten        : 6/12/2023 11:28:14 AM
UserName           :
Site               :
Container          :

EventID            : 4726
MachineName        : DC.mas-noida.com
Data               : {}
Index              : 25624405
Category           : (13824)
CategoryNumber     : 13824
EntryType          : SuccessAudit
Message            : A user account was deleted.

                     Subject:
                         Security ID:        S-1-5-21-2373504117-2689643630-3100359099-4389
                         Account Name:        Ritik
                         Account Domain:        MAS-NOIDA
                         Logon ID:        0x4a348932

                     Target Account:
                         Security ID:        S-1-5-21-2373504117-2689643630-3100359099-13682
                         Account Name:        MAS52385
                         Account Domain:        MAS-NOIDA

                     Additional Information:
                         Privileges    -
Source             : Microsoft-Windows-Security-Auditing
ReplacementStrings : {MAS52385, MAS-NOIDA, S-1-5-21-2373504117-2689643630-3100359099-13682,
                     S-1-5-21-2373504117-2689643630-3100359099-4389...}
InstanceId         : 4726
TimeGenerated      : 6/12/2023 11:28:05 AM
TimeWritten        : 6/12/2023 11:28:05 AM
UserName           :
Site               :
Container          :

EventID            : 4726
MachineName        : DC.mas-noida.com
Data               : {}
Index              : 25624378
Category           : (13824)
CategoryNumber     : 13824
EntryType          : SuccessAudit
Message            : A user account was deleted.

                     Subject:
                         Security ID:        S-1-5-21-2373504117-2689643630-3100359099-4389
                         Account Name:        Ritik
                         Account Domain:        MAS-NOIDA
                         Logon ID:        0x4a348932

                     Target Account:
                         Security ID:        S-1-5-21-2373504117-2689643630-3100359099-11263
                         Account Name:        MAS51266
                         Account Domain:        MAS-NOIDA

                     Additional Information:
                         Privileges    -
Source             : Microsoft-Windows-Security-Auditing
ReplacementStrings : {MAS51266, MAS-NOIDA, S-1-5-21-2373504117-2689643630-3100359099-11263,
                     S-1-5-21-2373504117-2689643630-3100359099-4389...}
InstanceId         : 4726
TimeGenerated      : 6/12/2023 11:27:53 AM
TimeWritten        : 6/12/2023 11:27:53 AM
UserName           :
Site               :
Container          :

EventID            : 4726
MachineName        : DC.mas-noida.com
Data               : {}
Index              : 25396009
Category           : (13824)
CategoryNumber     : 13824
EntryType          : SuccessAudit
Message            : A user account was deleted.

                     Subject:
                         Security ID:        S-1-5-21-2373504117-2689643630-3100359099-4389
                         Account Name:        Ritik
                         Account Domain:        MAS-NOIDA
                         Logon ID:        0xeef57a

                     Target Account:
                         Security ID:        S-1-5-21-2373504117-2689643630-3100359099-12522
                         Account Name:        IDC51945
                         Account Domain:        MAS-NOIDA

                     Additional Information:
                         Privileges    -
Source             : Microsoft-Windows-Security-Auditing
ReplacementStrings : {IDC51945, MAS-NOIDA, S-1-5-21-2373504117-2689643630-3100359099-12522,
                     S-1-5-21-2373504117-2689643630-3100359099-4389...}
InstanceId         : 4726
TimeGenerated      : 6/10/2023 4:23:10 PM
TimeWritten        : 6/10/2023 4:23:10 PM
UserName           :
Site               :
Container          :

EventID            : 4726
MachineName        : DC.mas-noida.com
Data               : {}
Index              : 25395970
Category           : (13824)
CategoryNumber     : 13824
EntryType          : SuccessAudit
Message            : A user account was deleted.

                     Subject:
                         Security ID:        S-1-5-21-2373504117-2689643630-3100359099-4389
                         Account Name:        Ritik
                         Account Domain:        MAS-NOIDA
                         Logon ID:        0xeef57a

                     Target Account:
                         Security ID:        S-1-5-21-2373504117-2689643630-3100359099-12249
                         Account Name:        IDC51676
                         Account Domain:        MAS-NOIDA

                     Additional Information:
                         Privileges    -
Source             : Microsoft-Windows-Security-Auditing
ReplacementStrings : {IDC51676, MAS-NOIDA, S-1-5-21-2373504117-2689643630-3100359099-12249,
                     S-1-5-21-2373504117-2689643630-3100359099-4389...}
InstanceId         : 4726
TimeGenerated      : 6/10/2023 4:22:59 PM
TimeWritten        : 6/10/2023 4:22:59 PM
UserName           :
Site               :
Container          :

EventID            : 4726
MachineName        : DC.mas-noida.com
Data               : {}
Index              : 25325974
Category           : (13824)
CategoryNumber     : 13824
EntryType          : SuccessAudit
Message            : A user account was deleted.

                     Subject:
                         Security ID:        S-1-5-21-2373504117-2689643630-3100359099-1483
                         Account Name:        mayank
                         Account Domain:        MAS-NOIDA
                         Logon ID:        0x48985b66

                     Target Account:
                         Security ID:        S-1-5-21-2373504117-2689643630-3100359099-13630
                         Account Name:        MAS52023
                         Account Domain:        MAS-NOIDA

                     Additional Information:
                         Privileges    -
Source             : Microsoft-Windows-Security-Auditing
ReplacementStrings : {MAS52023, MAS-NOIDA, S-1-5-21-2373504117-2689643630-3100359099-13630,
                     S-1-5-21-2373504117-2689643630-3100359099-1483...}
InstanceId         : 4726
TimeGenerated      : 6/10/2023 5:11:47 AM
TimeWritten        : 6/10/2023 5:11:47 AM
UserName           :
Site               :
Container          :

EventID            : 4726
MachineName        : DC.mas-noida.com
Data               : {}
Index              : 25325955
Category           : (13824)
CategoryNumber     : 13824
EntryType          : SuccessAudit
Message            : A user account was deleted.

                     Subject:
                         Security ID:        S-1-5-21-2373504117-2689643630-3100359099-1483
                         Account Name:        mayank
                         Account Domain:        MAS-NOIDA
                         Logon ID:        0x489856a1

                     Target Account:
                         Security ID:        S-1-5-21-2373504117-2689643630-3100359099-13156
                         Account Name:        MAS52158
                         Account Domain:        MAS-NOIDA

                     Additional Information:
                         Privileges    -
Source             : Microsoft-Windows-Security-Auditing
ReplacementStrings : {MAS52158, MAS-NOIDA, S-1-5-21-2373504117-2689643630-3100359099-13156,
                     S-1-5-21-2373504117-2689643630-3100359099-1483...}
InstanceId         : 4726
TimeGenerated      : 6/10/2023 5:11:36 AM
TimeWritten        : 6/10/2023 5:11:36 AM
UserName           :
Site               :
Container          :

EventID            : 4726
MachineName        : DC.mas-noida.com
Data               : {}
Index              : 25325925
Category           : (13824)
CategoryNumber     : 13824
EntryType          : SuccessAudit
Message            : A user account was deleted.

                     Subject:
                         Security ID:        S-1-5-21-2373504117-2689643630-3100359099-1483
                         Account Name:        mayank
                         Account Domain:        MAS-NOIDA
                         Logon ID:        0x48984a9f

                     Target Account:
                         Security ID:        S-1-5-21-2373504117-2689643630-3100359099-7522
                         Account Name:        MAS51161
                         Account Domain:        MAS-NOIDA

                     Additional Information:
                         Privileges    -
Source             : Microsoft-Windows-Security-Auditing
ReplacementStrings : {MAS51161, MAS-NOIDA, S-1-5-21-2373504117-2689643630-3100359099-7522,
                     S-1-5-21-2373504117-2689643630-3100359099-1483...}
InstanceId         : 4726
TimeGenerated      : 6/10/2023 5:11:26 AM
TimeWritten        : 6/10/2023 5:11:26 AM
UserName           :
Site               :
Container          :

EventID            : 4726
MachineName        : DC.mas-noida.com
Data               : {}
Index              : 25325902
Category           : (13824)
CategoryNumber     : 13824
EntryType          : SuccessAudit
Message            : A user account was deleted.

                     Subject:
                         Security ID:        S-1-5-21-2373504117-2689643630-3100359099-1483
                         Account Name:        mayank
                         Account Domain:        MAS-NOIDA
                         Logon ID:        0x48983f1a

                     Target Account:
                         Security ID:        S-1-5-21-2373504117-2689643630-3100359099-7519
                         Account Name:        MAS51160
                         Account Domain:        MAS-NOIDA

                     Additional Information:
                         Privileges    -
Source             : Microsoft-Windows-Security-Auditing
ReplacementStrings : {MAS51160, MAS-NOIDA, S-1-5-21-2373504117-2689643630-3100359099-7519,
                     S-1-5-21-2373504117-2689643630-3100359099-1483...}
InstanceId         : 4726
TimeGenerated      : 6/10/2023 5:11:15 AM
TimeWritten        : 6/10/2023 5:11:15 AM
UserName           :
Site               :
Container          :

EventID            : 4726
MachineName        : DC.mas-noida.com
Data               : {}
Index              : 25325879
Category           : (13824)
CategoryNumber     : 13824
EntryType          : SuccessAudit
Message            : A user account was deleted.

                     Subject:
                         Security ID:        S-1-5-21-2373504117-2689643630-3100359099-1483
                         Account Name:        mayank
                         Account Domain:        MAS-NOIDA
                         Logon ID:        0x48981bf0

                     Target Account:
                         Security ID:        S-1-5-21-2373504117-2689643630-3100359099-7523
                         Account Name:        MAS51162
                         Account Domain:        MAS-NOIDA

                     Additional Information:
                         Privileges    -
Source             : Microsoft-Windows-Security-Auditing
ReplacementStrings : {MAS51162, MAS-NOIDA, S-1-5-21-2373504117-2689643630-3100359099-7523,
                     S-1-5-21-2373504117-2689643630-3100359099-1483...}
InstanceId         : 4726
TimeGenerated      : 6/10/2023 5:11:04 AM
TimeWritten        : 6/10/2023 5:11:04 AM
UserName           :
Site               :
Container          :

EventID            : 4726
MachineName        : DC.mas-noida.com
Data               : {}
Index              : 25325824
Category           : (13824)
CategoryNumber     : 13824
EntryType          : SuccessAudit
Message            : A user account was deleted.

                     Subject:
                         Security ID:        S-1-5-21-2373504117-2689643630-3100359099-1483
                         Account Name:        mayank
                         Account Domain:        MAS-NOIDA
                         Logon ID:        0x4897efd1

                     Target Account:
                         Security ID:        S-1-5-21-2373504117-2689643630-3100359099-12378
                         Account Name:        MAS51733
                         Account Domain:        MAS-NOIDA

                     Additional Information:
                         Privileges    -
Source             : Microsoft-Windows-Security-Auditing
ReplacementStrings : {MAS51733, MAS-NOIDA, S-1-5-21-2373504117-2689643630-3100359099-12378,
                     S-1-5-21-2373504117-2689643630-3100359099-1483...}
InstanceId         : 4726
TimeGenerated      : 6/10/2023 5:10:53 AM
TimeWritten        : 6/10/2023 5:10:53 AM
UserName           :
Site               :
Container          :

EventID            : 4726
MachineName        : DC.mas-noida.com
Data               : {}
Index              : 25325791
Category           : (13824)
CategoryNumber     : 13824
EntryType          : SuccessAudit
Message            : A user account was deleted.

                     Subject:
                         Security ID:        S-1-5-21-2373504117-2689643630-3100359099-1483
                         Account Name:        mayank
                         Account Domain:        MAS-NOIDA
                         Logon ID:        0x4897ea59

                     Target Account:
                         Security ID:        S-1-5-21-2373504117-2689643630-3100359099-12367
                         Account Name:        MAS51748
                         Account Domain:        MAS-NOIDA

                     Additional Information:
                         Privileges    -
Source             : Microsoft-Windows-Security-Auditing
ReplacementStrings : {MAS51748, MAS-NOIDA, S-1-5-21-2373504117-2689643630-3100359099-12367,
                     S-1-5-21-2373504117-2689643630-3100359099-1483...}
InstanceId         : 4726
TimeGenerated      : 6/10/2023 5:10:41 AM
TimeWritten        : 6/10/2023 5:10:41 AM
UserName           :
Site               :
Container          :

EventID            : 4726
MachineName        : DC.mas-noida.com
Data               : {}
Index              : 25325772
Category           : (13824)
CategoryNumber     : 13824
EntryType          : SuccessAudit
Message            : A user account was deleted.

                     Subject:
                         Security ID:        S-1-5-21-2373504117-2689643630-3100359099-1483
                         Account Name:        mayank
                         Account Domain:        MAS-NOIDA
                         Logon ID:        0x4897de28

                     Target Account:
                         Security ID:        S-1-5-21-2373504117-2689643630-3100359099-13216
                         Account Name:        MAS52230
                         Account Domain:        MAS-NOIDA

                     Additional Information:
                         Privileges    -
Source             : Microsoft-Windows-Security-Auditing
ReplacementStrings : {MAS52230, MAS-NOIDA, S-1-5-21-2373504117-2689643630-3100359099-13216,
                     S-1-5-21-2373504117-2689643630-3100359099-1483...}
InstanceId         : 4726
TimeGenerated      : 6/10/2023 5:10:28 AM
TimeWritten        : 6/10/2023 5:10:28 AM
UserName           :
Site               :
Container          :

EventID            : 4726
MachineName        : DC.mas-noida.com
Data               : {}
Index              : 25325742
Category           : (13824)
CategoryNumber     : 13824
EntryType          : SuccessAudit
Message            : A user account was deleted.

                     Subject:
                         Security ID:        S-1-5-21-2373504117-2689643630-3100359099-1483
                         Account Name:        mayank
                         Account Domain:        MAS-NOIDA
                         Logon ID:        0x4897d320

                     Target Account:
                         Security ID:        S-1-5-21-2373504117-2689643630-3100359099-11284
                         Account Name:        MAS51245
                         Account Domain:        MAS-NOIDA

                     Additional Information:
                         Privileges    -
Source             : Microsoft-Windows-Security-Auditing
ReplacementStrings : {MAS51245, MAS-NOIDA, S-1-5-21-2373504117-2689643630-3100359099-11284,
                     S-1-5-21-2373504117-2689643630-3100359099-1483...}
InstanceId         : 4726
TimeGenerated      : 6/10/2023 5:10:17 AM
TimeWritten        : 6/10/2023 5:10:17 AM
UserName           :
Site               :
Container          :

EventID            : 4726
MachineName        : DC.mas-noida.com
Data               : {}
Index              : 25325714
Category           : (13824)
CategoryNumber     : 13824
EntryType          : SuccessAudit
Message            : A user account was deleted.

                     Subject:
                         Security ID:        S-1-5-21-2373504117-2689643630-3100359099-1483
                         Account Name:        mayank
                         Account Domain:        MAS-NOIDA
                         Logon ID:        0x48978b46

                     Target Account:
                         Security ID:        S-1-5-21-2373504117-2689643630-3100359099-13162
                         Account Name:        MAS52154
                         Account Domain:        MAS-NOIDA

                     Additional Information:
                         Privileges    -
Source             : Microsoft-Windows-Security-Auditing
ReplacementStrings : {MAS52154, MAS-NOIDA, S-1-5-21-2373504117-2689643630-3100359099-13162,
                     S-1-5-21-2373504117-2689643630-3100359099-1483...}
InstanceId         : 4726
TimeGenerated      : 6/10/2023 5:10:07 AM
TimeWritten        : 6/10/2023 5:10:07 AM
UserName           :
Site               :
Container          :

EventID            : 4726
MachineName        : DC.mas-noida.com
Data               : {}
Index              : 25325654
Category           : (13824)
CategoryNumber     : 13824
EntryType          : SuccessAudit
Message            : A user account was deleted.

                     Subject:
                         Security ID:        S-1-5-21-2373504117-2689643630-3100359099-1483
                         Account Name:        mayank
                         Account Domain:        MAS-NOIDA
                         Logon ID:        0x489762de

                     Target Account:
                         Security ID:        S-1-5-21-2373504117-2689643630-3100359099-12419
                         Account Name:        MAS51831
                         Account Domain:        MAS-NOIDA

                     Additional Information:
                         Privileges    -
Source             : Microsoft-Windows-Security-Auditing
ReplacementStrings : {MAS51831, MAS-NOIDA, S-1-5-21-2373504117-2689643630-3100359099-12419,
                     S-1-5-21-2373504117-2689643630-3100359099-1483...}
InstanceId         : 4726
TimeGenerated      : 6/10/2023 5:09:56 AM
TimeWritten        : 6/10/2023 5:09:56 AM
UserName           :
Site               :
Container          :

EventID            : 4726
MachineName        : DC.mas-noida.com
Data               : {}
Index              : 25325606
Category           : (13824)
CategoryNumber     : 13824
EntryType          : SuccessAudit
Message            : A user account was deleted.

                     Subject:
                         Security ID:        S-1-5-21-2373504117-2689643630-3100359099-1483
                         Account Name:        mayank
                         Account Domain:        MAS-NOIDA
                         Logon ID:        0x48975790

                     Target Account:
                         Security ID:        S-1-5-21-2373504117-2689643630-3100359099-4021
                         Account Name:        MdS
                         Account Domain:        MAS-NOIDA

                     Additional Information:
                         Privileges    -
Source             : Microsoft-Windows-Security-Auditing
ReplacementStrings : {MdS, MAS-NOIDA, S-1-5-21-2373504117-2689643630-3100359099-4021,
                     S-1-5-21-2373504117-2689643630-3100359099-1483...}
InstanceId         : 4726
TimeGenerated      : 6/10/2023 5:09:35 AM
TimeWritten        : 6/10/2023 5:09:35 AM
UserName           :
Site               :
Container          :

EventID            : 4726
MachineName        : DC.mas-noida.com
Data               : {}
Index              : 25325543
Category           : (13824)
CategoryNumber     : 13824
EntryType          : SuccessAudit
Message            : A user account was deleted.

                     Subject:
                         Security ID:        S-1-5-21-2373504117-2689643630-3100359099-1483
                         Account Name:        mayank
                         Account Domain:        MAS-NOIDA
                         Logon ID:        0x48974785

                     Target Account:
                         Security ID:        S-1-5-21-2373504117-2689643630-3100359099-13345
                         Account Name:        MAS52454
                         Account Domain:        MAS-NOIDA

                     Additional Information:
                         Privileges    -
Source             : Microsoft-Windows-Security-Auditing
ReplacementStrings : {MAS52454, MAS-NOIDA, S-1-5-21-2373504117-2689643630-3100359099-13345,
                     S-1-5-21-2373504117-2689643630-3100359099-1483...}
InstanceId         : 4726
TimeGenerated      : 6/10/2023 5:09:02 AM
TimeWritten        : 6/10/2023 5:09:02 AM
UserName           :
Site               :
Container          :

EventID            : 4726
MachineName        : DC.mas-noida.com
Data               : {}
Index              : 25218091
Category           : (13824)
CategoryNumber     : 13824
EntryType          : SuccessAudit
Message            : A user account was deleted.

                     Subject:
                         Security ID:        S-1-5-21-2373504117-2689643630-3100359099-4389
                         Account Name:        Ritik
                         Account Domain:        MAS-NOIDA
                         Logon ID:        0xeef57a

                     Target Account:
                         Security ID:        S-1-5-21-2373504117-2689643630-3100359099-13698
                         Account Name:        MAS52460
                         Account Domain:        MAS-NOIDA

                     Additional Information:
                         Privileges    -
Source             : Microsoft-Windows-Security-Auditing
ReplacementStrings : {MAS52460, MAS-NOIDA, S-1-5-21-2373504117-2689643630-3100359099-13698,
                     S-1-5-21-2373504117-2689643630-3100359099-4389...}
InstanceId         : 4726
TimeGenerated      : 6/9/2023 12:57:58 PM
TimeWritten        : 6/9/2023 12:57:58 PM
UserName           :
Site               :
Container          :

EventID            : 4726
MachineName        : DC.mas-noida.com
Data               : {}
Index              : 25217981
Category           : (13824)
CategoryNumber     : 13824
EntryType          : SuccessAudit
Message            : A user account was deleted.

                     Subject:
                         Security ID:        S-1-5-21-2373504117-2689643630-3100359099-4389
                         Account Name:        Ritik
                         Account Domain:        MAS-NOIDA
                         Logon ID:        0xeef57a

                     Target Account:
                         Security ID:        S-1-5-21-2373504117-2689643630-3100359099-13697
                         Account Name:        MAS52459
                         Account Domain:        MAS-NOIDA

                     Additional Information:
                         Privileges    -
Source             : Microsoft-Windows-Security-Auditing
ReplacementStrings : {MAS52459, MAS-NOIDA, S-1-5-21-2373504117-2689643630-3100359099-13697,
                     S-1-5-21-2373504117-2689643630-3100359099-4389...}
InstanceId         : 4726
TimeGenerated      : 6/9/2023 12:57:12 PM
TimeWritten        : 6/9/2023 12:57:12 PM
UserName           :
Site               :
Container          :

EventID            : 4726
MachineName        : DC.mas-noida.com
Data               : {}
Index              : 25093498
Category           : (13824)
CategoryNumber     : 13824
EntryType          : SuccessAudit
Message            : A user account was deleted.

                     Subject:
                         Security ID:        S-1-5-21-2373504117-2689643630-3100359099-4389
                         Account Name:        Ritik
                         Account Domain:        MAS-NOIDA
                         Logon ID:        0xeef57a

                     Target Account:
                         Security ID:        S-1-5-21-2373504117-2689643630-3100359099-13377
                         Account Name:        MAS52526
                         Account Domain:        MAS-NOIDA

                     Additional Information:
                         Privileges    -
Source             : Microsoft-Windows-Security-Auditing
ReplacementStrings : {MAS52526, MAS-NOIDA, S-1-5-21-2373504117-2689643630-3100359099-13377,
                     S-1-5-21-2373504117-2689643630-3100359099-4389...}
InstanceId         : 4726
TimeGenerated      : 6/8/2023 4:42:09 PM
TimeWritten        : 6/8/2023 4:42:09 PM
UserName           :
Site               :
Container          :

EventID            : 4726
MachineName        : DC.mas-noida.com
Data               : {}
Index              : 25093451
Category           : (13824)
CategoryNumber     : 13824
EntryType          : SuccessAudit
Message            : A user account was deleted.

                     Subject:
                         Security ID:        S-1-5-21-2373504117-2689643630-3100359099-4389
                         Account Name:        Ritik
                         Account Domain:        MAS-NOIDA
                         Logon ID:        0xeef57a

                     Target Account:
                         Security ID:        S-1-5-21-2373504117-2689643630-3100359099-13485
                         Account Name:        MAS52656
                         Account Domain:        MAS-NOIDA

                     Additional Information:
                         Privileges    -
Source             : Microsoft-Windows-Security-Auditing
ReplacementStrings : {MAS52656, MAS-NOIDA, S-1-5-21-2373504117-2689643630-3100359099-13485,
                     S-1-5-21-2373504117-2689643630-3100359099-4389...}
InstanceId         : 4726
TimeGenerated      : 6/8/2023 4:41:55 PM
TimeWritten        : 6/8/2023 4:41:55 PM
UserName           :
Site               :
Container          :

EventID            : 4726
MachineName        : DC.mas-noida.com
Data               : {}
Index              : 25093412
Category           : (13824)
CategoryNumber     : 13824
EntryType          : SuccessAudit
Message            : A user account was deleted.

                     Subject:
                         Security ID:        S-1-5-21-2373504117-2689643630-3100359099-4389
                         Account Name:        Ritik
                         Account Domain:        MAS-NOIDA
                         Logon ID:        0xeef57a

                     Target Account:
                         Security ID:        S-1-5-21-2373504117-2689643630-3100359099-13754
                         Account Name:        MAS52643
                         Account Domain:        MAS-NOIDA

                     Additional Information:
                         Privileges    -
Source             : Microsoft-Windows-Security-Auditing
ReplacementStrings : {MAS52643, MAS-NOIDA, S-1-5-21-2373504117-2689643630-3100359099-13754,
                     S-1-5-21-2373504117-2689643630-3100359099-4389...}
InstanceId         : 4726
TimeGenerated      : 6/8/2023 4:41:40 PM
TimeWritten        : 6/8/2023 4:41:40 PM
UserName           :
Site               :
Container          :

EventID            : 4726
MachineName        : DC.mas-noida.com
Data               : {}
Index              : 25091236
Category           : (13824)
CategoryNumber     : 13824
EntryType          : SuccessAudit
Message            : A user account was deleted.

                     Subject:
                         Security ID:        S-1-5-21-2373504117-2689643630-3100359099-10155
                         Account Name:        ranjeetit
                         Account Domain:        MAS-NOIDA
                         Logon ID:        0x463a447a

                     Target Account:
                         Security ID:        S-1-5-21-2373504117-2689643630-3100359099-13583
                         Account Name:        MAS52777
                         Account Domain:        MAS-NOIDA

                     Additional Information:
                         Privileges    -
Source             : Microsoft-Windows-Security-Auditing
ReplacementStrings : {MAS52777, MAS-NOIDA, S-1-5-21-2373504117-2689643630-3100359099-13583,
                     S-1-5-21-2373504117-2689643630-3100359099-10155...}
InstanceId         : 4726
TimeGenerated      : 6/8/2023 4:27:54 PM
TimeWritten        : 6/8/2023 4:27:54 PM
UserName           :
Site               :
Container          :

EventID            : 4726
MachineName        : DC.mas-noida.com
Data               : {}
Index              : 25007114
Category           : (13824)
CategoryNumber     : 13824
EntryType          : SuccessAudit
Message            : A user account was deleted.

                     Subject:
                         Security ID:        S-1-5-21-2373504117-2689643630-3100359099-1483
                         Account Name:        mayank
                         Account Domain:        MAS-NOIDA
                         Logon ID:        0x457eef6c

                     Target Account:
                         Security ID:        S-1-5-21-2373504117-2689643630-3100359099-10800
                         Account Name:        MAS51827
                         Account Domain:        MAS-NOIDA

                     Additional Information:
                         Privileges    -
Source             : Microsoft-Windows-Security-Auditing
ReplacementStrings : {MAS51827, MAS-NOIDA, S-1-5-21-2373504117-2689643630-3100359099-10800,
                     S-1-5-21-2373504117-2689643630-3100359099-1483...}
InstanceId         : 4726
TimeGenerated      : 6/8/2023 2:57:24 AM
TimeWritten        : 6/8/2023 2:57:24 AM
UserName           :
Site               :
Container          :

EventID            : 4726
MachineName        : DC.mas-noida.com
Data               : {}
Index              : 24865178
Category           : (13824)
CategoryNumber     : 13824
EntryType          : SuccessAudit
Message            : A user account was deleted.

                     Subject:
                         Security ID:        S-1-5-21-2373504117-2689643630-3100359099-1483
                         Account Name:        mayank
                         Account Domain:        MAS-NOIDA
                         Logon ID:        0x445affec

                     Target Account:
                         Security ID:        S-1-5-21-2373504117-2689643630-3100359099-13517
                         Account Name:        MAS52693
                         Account Domain:        MAS-NOIDA

                     Additional Information:
                         Privileges    -
