Source             : Microsoft-Windows-Security-Auditing
ReplacementStrings : {MAS52693, MAS-NOIDA, S-1-5-21-2373504117-2689643630-3100359099-13517,
                     S-1-5-21-2373504117-2689643630-3100359099-1483...}
InstanceId         : 4726
TimeGenerated      : 6/7/2023 5:57:07 AM
TimeWritten        : 6/7/2023 5:57:07 AM
UserName           :
Site               :
Container          :

EventID            : 4726
MachineName        : DC.mas-noida.com
Data               : {}
Index              : 24759322
Category           : (13824)
CategoryNumber     : 13824
EntryType          : SuccessAudit
Message            : A user account was deleted.

                     Subject:
                         Security ID:        S-1-5-21-2373504117-2689643630-3100359099-4389
                         Account Name:        Ritik
                         Account Domain:        MAS-NOIDA
                         Logon ID:        0xeef57a

                     Target Account:
                         Security ID:        S-1-5-21-2373504117-2689643630-3100359099-11252
                         Account Name:        MAS51279
                         Account Domain:        MAS-NOIDA

                     Additional Information:
                         Privileges    -
Source             : Microsoft-Windows-Security-Auditing
ReplacementStrings : {MAS51279, MAS-NOIDA, S-1-5-21-2373504117-2689643630-3100359099-11252,
                     S-1-5-21-2373504117-2689643630-3100359099-4389...}
InstanceId         : 4726
TimeGenerated      : 6/6/2023 1:14:07 PM
TimeWritten        : 6/6/2023 1:14:07 PM
UserName           :
Site               :
Container          :

EventID            : 4726
MachineName        : DC.mas-noida.com
Data               : {}
Index              : 24305082
Category           : (13824)
CategoryNumber     : 13824
EntryType          : SuccessAudit
Message            : A user account was deleted.

                     Subject:
                         Security ID:        S-1-5-21-2373504117-2689643630-3100359099-1499
                         Account Name:        anupk
                         Account Domain:        MAS-NOIDA
                         Logon ID:        0x3f901479

                     Target Account:
                         Security ID:        S-1-5-21-2373504117-2689643630-3100359099-5930
                         Account Name:        49179C
                         Account Domain:        MAS-NOIDA

                     Additional Information:
                         Privileges    -
Source             : Microsoft-Windows-Security-Auditing
ReplacementStrings : {49179C, MAS-NOIDA, S-1-5-21-2373504117-2689643630-3100359099-5930,
                     S-1-5-21-2373504117-2689643630-3100359099-1499...}
InstanceId         : 4726
TimeGenerated      : 6/3/2023 8:55:01 AM
TimeWritten        : 6/3/2023 8:55:01 AM
UserName           :
Site               :
Container          :

EventID            : 4726
MachineName        : DC.mas-noida.com
Data               : {}
Index              : 24305066
Category           : (13824)
CategoryNumber     : 13824
EntryType          : SuccessAudit
Message            : A user account was deleted.

                     Subject:
                         Security ID:        S-1-5-21-2373504117-2689643630-3100359099-1499
                         Account Name:        anupk
                         Account Domain:        MAS-NOIDA
                         Logon ID:        0x3f901479

                     Target Account:
                         Security ID:        S-1-5-21-2373504117-2689643630-3100359099-5875
                         Account Name:        47864C
                         Account Domain:        MAS-NOIDA

                     Additional Information:
                         Privileges    -
Source             : Microsoft-Windows-Security-Auditing
ReplacementStrings : {47864C, MAS-NOIDA, S-1-5-21-2373504117-2689643630-3100359099-5875,
                     S-1-5-21-2373504117-2689643630-3100359099-1499...}
InstanceId         : 4726
TimeGenerated      : 6/3/2023 8:54:48 AM
TimeWritten        : 6/3/2023 8:54:48 AM
UserName           :
Site               :
Container          :

EventID            : 4726
MachineName        : DC.mas-noida.com
Data               : {}
Index              : 24214913
Category           : (13824)
CategoryNumber     : 13824
EntryType          : SuccessAudit
Message            : A user account was deleted.

                     Subject:
                         Security ID:        S-1-5-21-2373504117-2689643630-3100359099-2600
                         Account Name:        prateeks
                         Account Domain:        MAS-NOIDA
                         Logon ID:        0x3a90a08f

                     Target Account:
                         Security ID:        S-1-5-21-2373504117-2689643630-3100359099-4284
                         Account Name:        vaishalir
                         Account Domain:        MAS-NOIDA

                     Additional Information:
                         Privileges    -
Source             : Microsoft-Windows-Security-Auditing
ReplacementStrings : {vaishalir, MAS-NOIDA, S-1-5-21-2373504117-2689643630-3100359099-4284,
                     S-1-5-21-2373504117-2689643630-3100359099-2600...}
InstanceId         : 4726
TimeGenerated      : 6/2/2023 4:24:43 PM
TimeWritten        : 6/2/2023 4:24:43 PM
UserName           :
Site               :
Container          :

EventID            : 4726
MachineName        : DC.mas-noida.com
Data               : {}
Index              : 24214775
Category           : (13824)
CategoryNumber     : 13824
EntryType          : SuccessAudit
Message            : A user account was deleted.

                     Subject:
                         Security ID:        S-1-5-21-2373504117-2689643630-3100359099-2600
                         Account Name:        prateeks
                         Account Domain:        MAS-NOIDA
                         Logon ID:        0x3a90a08f

                     Target Account:
                         Security ID:        S-1-5-21-2373504117-2689643630-3100359099-4016
                         Account Name:        MAS48867
                         Account Domain:        MAS-NOIDA

                     Additional Information:
                         Privileges    -
Source             : Microsoft-Windows-Security-Auditing
ReplacementStrings : {MAS48867, MAS-NOIDA, S-1-5-21-2373504117-2689643630-3100359099-4016,
                     S-1-5-21-2373504117-2689643630-3100359099-2600...}
InstanceId         : 4726
TimeGenerated      : 6/2/2023 4:23:34 PM
TimeWritten        : 6/2/2023 4:23:34 PM
UserName           :
Site               :
Container          :

EventID            : 4726
MachineName        : DC.mas-noida.com
Data               : {}
Index              : 24214710
Category           : (13824)
CategoryNumber     : 13824
EntryType          : SuccessAudit
Message            : A user account was deleted.

                     Subject:
                         Security ID:        S-1-5-21-2373504117-2689643630-3100359099-2600
                         Account Name:        prateeks
                         Account Domain:        MAS-NOIDA
                         Logon ID:        0x3a90a08f

                     Target Account:
                         Security ID:        S-1-5-21-2373504117-2689643630-3100359099-13719
                         Account Name:        MAS52486
                         Account Domain:        MAS-NOIDA

                     Additional Information:
                         Privileges    -
Source             : Microsoft-Windows-Security-Auditing
ReplacementStrings : {MAS52486, MAS-NOIDA, S-1-5-21-2373504117-2689643630-3100359099-13719,
                     S-1-5-21-2373504117-2689643630-3100359099-2600...}
InstanceId         : 4726
TimeGenerated      : 6/2/2023 4:23:10 PM
TimeWritten        : 6/2/2023 4:23:10 PM
UserName           :
Site               :
Container          :

EventID            : 4726
MachineName        : DC.mas-noida.com
Data               : {}
Index              : 24168852
Category           : (13824)
CategoryNumber     : 13824
EntryType          : SuccessAudit
Message            : A user account was deleted.

                     Subject:
                         Security ID:        S-1-5-21-2373504117-2689643630-3100359099-4389
                         Account Name:        Ritik
                         Account Domain:        MAS-NOIDA
                         Logon ID:        0xeef57a

                     Target Account:
                         Security ID:        S-1-5-21-2373504117-2689643630-3100359099-10836
                         Account Name:        MAS51875
                         Account Domain:        MAS-NOIDA

                     Additional Information:
                         Privileges    -
Source             : Microsoft-Windows-Security-Auditing
ReplacementStrings : {MAS51875, MAS-NOIDA, S-1-5-21-2373504117-2689643630-3100359099-10836,
                     S-1-5-21-2373504117-2689643630-3100359099-4389...}
InstanceId         : 4726
TimeGenerated      : 6/2/2023 11:01:55 AM
TimeWritten        : 6/2/2023 11:01:55 AM
UserName           :
Site               :
Container          :

EventID            : 4726
MachineName        : DC.mas-noida.com
Data               : {}
Index              : 24139881
Category           : (13824)
CategoryNumber     : 13824
EntryType          : SuccessAudit
Message            : A user account was deleted.

                     Subject:
                         Security ID:        S-1-5-21-2373504117-2689643630-3100359099-1483
                         Account Name:        mayank
                         Account Domain:        MAS-NOIDA
                         Logon ID:        0x2b3abd7b

                     Target Account:
                         Security ID:        S-1-5-21-2373504117-2689643630-3100359099-13438
                         Account Name:        MAS52237
                         Account Domain:        MAS-NOIDA

                     Additional Information:
                         Privileges    -
Source             : Microsoft-Windows-Security-Auditing
ReplacementStrings : {MAS52237, MAS-NOIDA, S-1-5-21-2373504117-2689643630-3100359099-13438,
                     S-1-5-21-2373504117-2689643630-3100359099-1483...}
InstanceId         : 4726
TimeGenerated      : 6/2/2023 5:06:58 AM
TimeWritten        : 6/2/2023 5:06:58 AM
UserName           :
Site               :
Container          :

EventID            : 4726
MachineName        : DC.mas-noida.com
Data               : {}
Index              : 24139852
Category           : (13824)
CategoryNumber     : 13824
EntryType          : SuccessAudit
Message            : A user account was deleted.

                     Subject:
                         Security ID:        S-1-5-21-2373504117-2689643630-3100359099-1483
                         Account Name:        mayank
                         Account Domain:        MAS-NOIDA
                         Logon ID:        0x2b3abd7b

                     Target Account:
                         Security ID:        S-1-5-21-2373504117-2689643630-3100359099-11085
                         Account Name:        MAS52582
                         Account Domain:        MAS-NOIDA

                     Additional Information:
                         Privileges    -
Source             : Microsoft-Windows-Security-Auditing
ReplacementStrings : {MAS52582, MAS-NOIDA, S-1-5-21-2373504117-2689643630-3100359099-11085,
                     S-1-5-21-2373504117-2689643630-3100359099-1483...}
InstanceId         : 4726
TimeGenerated      : 6/2/2023 5:06:44 AM
TimeWritten        : 6/2/2023 5:06:44 AM
UserName           :
Site               :
Container          :

EventID            : 4726
MachineName        : DC.mas-noida.com
Data               : {}
Index              : 24139833
Category           : (13824)
CategoryNumber     : 13824
EntryType          : SuccessAudit
Message            : A user account was deleted.

                     Subject:
                         Security ID:        S-1-5-21-2373504117-2689643630-3100359099-1483
                         Account Name:        mayank
                         Account Domain:        MAS-NOIDA
                         Logon ID:        0x2b3abd7b

                     Target Account:
                         Security ID:        S-1-5-21-2373504117-2689643630-3100359099-13429
                         Account Name:        MAS52588
                         Account Domain:        MAS-NOIDA

                     Additional Information:
                         Privileges    -
Source             : Microsoft-Windows-Security-Auditing
ReplacementStrings : {MAS52588, MAS-NOIDA, S-1-5-21-2373504117-2689643630-3100359099-13429,
                     S-1-5-21-2373504117-2689643630-3100359099-1483...}
InstanceId         : 4726
TimeGenerated      : 6/2/2023 5:06:29 AM
TimeWritten        : 6/2/2023 5:06:29 AM
UserName           :
Site               :
Container          :

EventID            : 4726
MachineName        : DC.mas-noida.com
Data               : {}
Index              : 24139797
Category           : (13824)
CategoryNumber     : 13824
EntryType          : SuccessAudit
Message            : A user account was deleted.

                     Subject:
                         Security ID:        S-1-5-21-2373504117-2689643630-3100359099-1483
                         Account Name:        mayank
                         Account Domain:        MAS-NOIDA
                         Logon ID:        0x2b3abd7b

                     Target Account:
                         Security ID:        S-1-5-21-2373504117-2689643630-3100359099-13426
                         Account Name:        MAS52591
                         Account Domain:        MAS-NOIDA

                     Additional Information:
                         Privileges    -
Source             : Microsoft-Windows-Security-Auditing
ReplacementStrings : {MAS52591, MAS-NOIDA, S-1-5-21-2373504117-2689643630-3100359099-13426,
                     S-1-5-21-2373504117-2689643630-3100359099-1483...}
InstanceId         : 4726
TimeGenerated      : 6/2/2023 5:06:10 AM
TimeWritten        : 6/2/2023 5:06:10 AM
UserName           :
Site               :
Container          :

EventID            : 4726
MachineName        : DC.mas-noida.com
Data               : {}
Index              : 24124432
Category           : (13824)
CategoryNumber     : 13824
EntryType          : SuccessAudit
Message            : A user account was deleted.

                     Subject:
                         Security ID:        S-1-5-21-2373504117-2689643630-3100359099-1483
                         Account Name:        mayank
                         Account Domain:        MAS-NOIDA
                         Logon ID:        0x2b16b2b0

                     Target Account:
                         Security ID:        S-1-5-21-2373504117-2689643630-3100359099-5351
                         Account Name:        MAS49628
                         Account Domain:        MAS-NOIDA

                     Additional Information:
                         Privileges    -
Source             : Microsoft-Windows-Security-Auditing
ReplacementStrings : {MAS49628, MAS-NOIDA, S-1-5-21-2373504117-2689643630-3100359099-5351,
                     S-1-5-21-2373504117-2689643630-3100359099-1483...}
InstanceId         : 4726
TimeGenerated      : 6/2/2023 1:56:08 AM
TimeWritten        : 6/2/2023 1:56:08 AM
UserName           :
Site               :
Container          :

EventID            : 4726
MachineName        : DC.mas-noida.com
Data               : {}
Index              : 24124344
Category           : (13824)
CategoryNumber     : 13824
EntryType          : SuccessAudit
Message            : A user account was deleted.

                     Subject:
                         Security ID:        S-1-5-21-2373504117-2689643630-3100359099-1483
                         Account Name:        mayank
                         Account Domain:        MAS-NOIDA
                         Logon ID:        0x2b16b2b0

                     Target Account:
                         Security ID:        S-1-5-21-2373504117-2689643630-3100359099-13625
                         Account Name:        MAS52022
                         Account Domain:        MAS-NOIDA

                     Additional Information:
                         Privileges    -
Source             : Microsoft-Windows-Security-Auditing
ReplacementStrings : {MAS52022, MAS-NOIDA, S-1-5-21-2373504117-2689643630-3100359099-13625,
                     S-1-5-21-2373504117-2689643630-3100359099-1483...}
InstanceId         : 4726
TimeGenerated      : 6/2/2023 1:54:54 AM
TimeWritten        : 6/2/2023 1:54:54 AM
UserName           :
Site               :
Container          :

EventID            : 4726
MachineName        : DC.mas-noida.com
Data               : {}
Index              : 24041776
Category           : (13824)
CategoryNumber     : 13824
EntryType          : SuccessAudit
Message            : A user account was deleted.

                     Subject:
                         Security ID:        S-1-5-21-2373504117-2689643630-3100359099-4389
                         Account Name:        Ritik
                         Account Domain:        MAS-NOIDA
                         Logon ID:        0xeef57a

                     Target Account:
                         Security ID:        S-1-5-21-2373504117-2689643630-3100359099-12181
                         Account Name:        IDC51588
                         Account Domain:        MAS-NOIDA

                     Additional Information:
                         Privileges    -
Source             : Microsoft-Windows-Security-Auditing
ReplacementStrings : {IDC51588, MAS-NOIDA, S-1-5-21-2373504117-2689643630-3100359099-12181,
                     S-1-5-21-2373504117-2689643630-3100359099-4389...}
InstanceId         : 4726
TimeGenerated      : 6/1/2023 3:11:48 PM
TimeWritten        : 6/1/2023 3:11:48 PM
UserName           :
Site               :
Container          :

EventID            : 4726
MachineName        : DC.mas-noida.com
Data               : {}
Index              : 24041708
Category           : (13824)
CategoryNumber     : 13824
EntryType          : SuccessAudit
Message            : A user account was deleted.

                     Subject:
                         Security ID:        S-1-5-21-2373504117-2689643630-3100359099-4389
                         Account Name:        Ritik
                         Account Domain:        MAS-NOIDA
                         Logon ID:        0xeef57a

                     Target Account:
                         Security ID:        S-1-5-21-2373504117-2689643630-3100359099-10103
                         Account Name:        MAS50542
                         Account Domain:        MAS-NOIDA

                     Additional Information:
                         Privileges    -
Source             : Microsoft-Windows-Security-Auditing
ReplacementStrings : {MAS50542, MAS-NOIDA, S-1-5-21-2373504117-2689643630-3100359099-10103,
                     S-1-5-21-2373504117-2689643630-3100359099-4389...}
InstanceId         : 4726
TimeGenerated      : 6/1/2023 3:11:27 PM
TimeWritten        : 6/1/2023 3:11:27 PM
UserName           :
Site               :
Container          :

EventID            : 4726
MachineName        : DC.mas-noida.com
Data               : {}
Index              : 24041694
Category           : (13824)
CategoryNumber     : 13824
EntryType          : SuccessAudit
Message            : A user account was deleted.

                     Subject:
                         Security ID:        S-1-5-21-2373504117-2689643630-3100359099-4389
                         Account Name:        Ritik
                         Account Domain:        MAS-NOIDA
                         Logon ID:        0xeef57a

                     Target Account:
                         Security ID:        S-1-5-21-2373504117-2689643630-3100359099-11288
                         Account Name:        MAS51295
                         Account Domain:        MAS-NOIDA

                     Additional Information:
                         Privileges    -
Source             : Microsoft-Windows-Security-Auditing
ReplacementStrings : {MAS51295, MAS-NOIDA, S-1-5-21-2373504117-2689643630-3100359099-11288,
                     S-1-5-21-2373504117-2689643630-3100359099-4389...}
InstanceId         : 4726
TimeGenerated      : 6/1/2023 3:11:22 PM
TimeWritten        : 6/1/2023 3:11:22 PM
UserName           :
Site               :
Container          :

EventID            : 4726
MachineName        : DC.mas-noida.com
Data               : {}
Index              : 24041686
Category           : (13824)
CategoryNumber     : 13824
EntryType          : SuccessAudit
Message            : A user account was deleted.

                     Subject:
                         Security ID:        S-1-5-21-2373504117-2689643630-3100359099-4389
                         Account Name:        Ritik
                         Account Domain:        MAS-NOIDA
                         Logon ID:        0xeef57a

                     Target Account:
                         Security ID:        S-1-5-21-2373504117-2689643630-3100359099-10107
                         Account Name:        MAS50537
                         Account Domain:        MAS-NOIDA

                     Additional Information:
                         Privileges    -
Source             : Microsoft-Windows-Security-Auditing
ReplacementStrings : {MAS50537, MAS-NOIDA, S-1-5-21-2373504117-2689643630-3100359099-10107,
                     S-1-5-21-2373504117-2689643630-3100359099-4389...}
InstanceId         : 4726
TimeGenerated      : 6/1/2023 3:11:18 PM
TimeWritten        : 6/1/2023 3:11:18 PM
UserName           :
Site               :
Container          :

EventID            : 4726
MachineName        : DC.mas-noida.com
Data               : {}
Index              : 24041679
Category           : (13824)
CategoryNumber     : 13824
EntryType          : SuccessAudit
Message            : A user account was deleted.

                     Subject:
                         Security ID:        S-1-5-21-2373504117-2689643630-3100359099-4389
                         Account Name:        Ritik
                         Account Domain:        MAS-NOIDA
                         Logon ID:        0xeef57a

                     Target Account:
                         Security ID:        S-1-5-21-2373504117-2689643630-3100359099-12523
                         Account Name:        IDC51927
                         Account Domain:        MAS-NOIDA

                     Additional Information:
                         Privileges    -
Source             : Microsoft-Windows-Security-Auditing
ReplacementStrings : {IDC51927, MAS-NOIDA, S-1-5-21-2373504117-2689643630-3100359099-12523,
                     S-1-5-21-2373504117-2689643630-3100359099-4389...}
InstanceId         : 4726
TimeGenerated      : 6/1/2023 3:11:15 PM
TimeWritten        : 6/1/2023 3:11:15 PM
UserName           :
Site               :
Container          :

EventID            : 4726
MachineName        : DC.mas-noida.com
Data               : {}
Index              : 24041629
Category           : (13824)
CategoryNumber     : 13824
EntryType          : SuccessAudit
Message            : A user account was deleted.

                     Subject:
                         Security ID:        S-1-5-21-2373504117-2689643630-3100359099-4389
                         Account Name:        Ritik
                         Account Domain:        MAS-NOIDA
                         Logon ID:        0xeef57a

                     Target Account:
                         Security ID:        S-1-5-21-2373504117-2689643630-3100359099-10304
                         Account Name:        MAS50809
                         Account Domain:        MAS-NOIDA

                     Additional Information:
                         Privileges    -
Source             : Microsoft-Windows-Security-Auditing
ReplacementStrings : {MAS50809, MAS-NOIDA, S-1-5-21-2373504117-2689643630-3100359099-10304,
                     S-1-5-21-2373504117-2689643630-3100359099-4389...}
InstanceId         : 4726
TimeGenerated      : 6/1/2023 3:11:08 PM
TimeWritten        : 6/1/2023 3:11:08 PM
UserName           :
Site               :
Container          :

EventID            : 4726
MachineName        : DC.mas-noida.com
Data               : {}
Index              : 24041607
Category           : (13824)
CategoryNumber     : 13824
EntryType          : SuccessAudit
Message            : A user account was deleted.

                     Subject:
                         Security ID:        S-1-5-21-2373504117-2689643630-3100359099-4389
                         Account Name:        Ritik
                         Account Domain:        MAS-NOIDA
                         Logon ID:        0xeef57a

                     Target Account:
                         Security ID:        S-1-5-21-2373504117-2689643630-3100359099-10468
                         Account Name:        MAS50938
                         Account Domain:        MAS-NOIDA

                     Additional Information:
                         Privileges    -
Source             : Microsoft-Windows-Security-Auditing
ReplacementStrings : {MAS50938, MAS-NOIDA, S-1-5-21-2373504117-2689643630-3100359099-10468,
                     S-1-5-21-2373504117-2689643630-3100359099-4389...}
InstanceId         : 4726
TimeGenerated      : 6/1/2023 3:11:03 PM
TimeWritten        : 6/1/2023 3:11:03 PM
UserName           :
Site               :
Container          :

EventID            : 4726
MachineName        : DC.mas-noida.com
Data               : {}
Index              : 24041407
Category           : (13824)
CategoryNumber     : 13824
EntryType          : SuccessAudit
Message            : A user account was deleted.

                     Subject:
                         Security ID:        S-1-5-21-2373504117-2689643630-3100359099-4389
                         Account Name:        Ritik
                         Account Domain:        MAS-NOIDA
                         Logon ID:        0xeef57a

                     Target Account:
                         Security ID:        S-1-5-21-2373504117-2689643630-3100359099-12180
                         Account Name:        IDC51591
                         Account Domain:        MAS-NOIDA

                     Additional Information:
                         Privileges    -
Source             : Microsoft-Windows-Security-Auditing
ReplacementStrings : {IDC51591, MAS-NOIDA, S-1-5-21-2373504117-2689643630-3100359099-12180,
                     S-1-5-21-2373504117-2689643630-3100359099-4389...}
InstanceId         : 4726
TimeGenerated      : 6/1/2023 3:09:47 PM
TimeWritten        : 6/1/2023 3:09:47 PM
UserName           :
Site               :
Container          :

EventID            : 4726
MachineName        : DC.mas-noida.com
Data               : {}
Index              : 24009754
Category           : (13824)
CategoryNumber     : 13824
EntryType          : SuccessAudit
Message            : A user account was deleted.

                     Subject:
                         Security ID:        S-1-5-21-2373504117-2689643630-3100359099-1499
                         Account Name:        anupk
                         Account Domain:        MAS-NOIDA
                         Logon ID:        0x2a4f4ece

                     Target Account:
                         Security ID:        S-1-5-21-2373504117-2689643630-3100359099-10405
                         Account Name:        MAS50877
                         Account Domain:        MAS-NOIDA

                     Additional Information:
                         Privileges    -
Source             : Microsoft-Windows-Security-Auditing
ReplacementStrings : {MAS50877, MAS-NOIDA, S-1-5-21-2373504117-2689643630-3100359099-10405,
                     S-1-5-21-2373504117-2689643630-3100359099-1499...}
InstanceId         : 4726
TimeGenerated      : 6/1/2023 12:05:20 PM
TimeWritten        : 6/1/2023 12:05:20 PM
UserName           :
Site               :
Container          :

Windows PowerShell
Copyright (C) 2014 Microsoft Corporation. All rights reserved.

PS C:\Windows\system32> Get-EventLog -LogName Security | Where-Object {$_.EventID -eq 4726} | Select-Object -Property *


EventID            : 4726
MachineName        : ADC-Noida.mas-noida.com
Data               : {}
Index              : 81885379
Category           : (13824)
CategoryNumber     : 13824
EntryType          : SuccessAudit
Message            : A user account was deleted.

                     Subject:
                         Security ID:        S-1-5-21-2373504117-2689643630-3100359099-1483
                         Account Name:        mayank
                         Account Domain:        MAS-NOIDA
                         Logon ID:        0x50ea6aa

                     Target Account:
                         Security ID:        S-1-5-21-2373504117-2689643630-3100359099-13510
                         Account Name:        MAS52673
                         Account Domain:        MAS-NOIDA

                     Additional Information:
                         Privileges    -
Source             : Microsoft-Windows-Security-Auditing
ReplacementStrings : {MAS52673, MAS-NOIDA, S-1-5-21-2373504117-2689643630-3100359099-13510,
                     S-1-5-21-2373504117-2689643630-3100359099-1483...}
InstanceId         : 4726
TimeGenerated      : 6/9/2023 6:34:45 AM
TimeWritten        : 6/9/2023 6:34:45 AM
UserName           :
Site               :
Container          :

EventID            : 4726
MachineName        : ADC-Noida.mas-noida.com
Data               : {}
Index              : 81885356
Category           : (13824)
CategoryNumber     : 13824
EntryType          : SuccessAudit
Message            : A user account was deleted.

                     Subject:
                         Security ID:        S-1-5-21-2373504117-2689643630-3100359099-1483
                         Account Name:        mayank
                         Account Domain:        MAS-NOIDA
                         Logon ID:        0x50ea1ab

                     Target Account:
                         Security ID:        S-1-5-21-2373504117-2689643630-3100359099-13518
                         Account Name:        MAS52686
                         Account Domain:        MAS-NOIDA

                     Additional Information:
                         Privileges    -
Source             : Microsoft-Windows-Security-Auditing
ReplacementStrings : {MAS52686, MAS-NOIDA, S-1-5-21-2373504117-2689643630-3100359099-13518,
                     S-1-5-21-2373504117-2689643630-3100359099-1483...}
InstanceId         : 4726
TimeGenerated      : 6/9/2023 6:34:30 AM
TimeWritten        : 6/9/2023 6:34:30 AM
UserName           :
Site               :
Container          :

EventID            : 4726
MachineName        : ADC-Noida.mas-noida.com
Data               : {}
Index              : 81885342
Category           : (13824)
CategoryNumber     : 13824
EntryType          : SuccessAudit
Message            : A user account was deleted.

                     Subject:
                         Security ID:        S-1-5-21-2373504117-2689643630-3100359099-1483
                         Account Name:        mayank
                         Account Domain:        MAS-NOIDA
                         Logon ID:        0x50e9d4c

                     Target Account:
                         Security ID:        S-1-5-21-2373504117-2689643630-3100359099-13498
                         Account Name:        MAS52669
                         Account Domain:        MAS-NOIDA

                     Additional Information:
                         Privileges    -
Source             : Microsoft-Windows-Security-Auditing
ReplacementStrings : {MAS52669, MAS-NOIDA, S-1-5-21-2373504117-2689643630-3100359099-13498,
                     S-1-5-21-2373504117-2689643630-3100359099-1483...}
InstanceId         : 4726
TimeGenerated      : 6/9/2023 6:34:14 AM
TimeWritten        : 6/9/2023 6:34:14 AM
UserName           :
Site               :
Container          :

EventID            : 4726
MachineName        : ADC-Noida.mas-noida.com
Data               : {}
Index              : 81880970
Category           : (13824)
CategoryNumber     : 13824
EntryType          : SuccessAudit
Message            : A user account was deleted.

                     Subject:
                         Security ID:        S-1-5-21-2373504117-2689643630-3100359099-1483
                         Account Name:        mayank
                         Account Domain:        MAS-NOIDA
                         Logon ID:        0x508e7db

                     Target Account:
                         Security ID:        S-1-5-21-2373504117-2689643630-3100359099-10799
                         Account Name:        MAS51817
                         Account Domain:        MAS-NOIDA

                     Additional Information:
                         Privileges    -
Source             : Microsoft-Windows-Security-Auditing
ReplacementStrings : {MAS51817, MAS-NOIDA, S-1-5-21-2373504117-2689643630-3100359099-10799,
                     S-1-5-21-2373504117-2689643630-3100359099-1483...}
InstanceId         : 4726
TimeGenerated      : 6/9/2023 5:15:55 AM
TimeWritten        : 6/9/2023 5:15:55 AM
UserName           :
Site               :
Container          :

EventID            : 4726
MachineName        : ADC-Noida.mas-noida.com
Data               : {}
Index              : 81880909
Category           : (13824)
CategoryNumber     : 13824
EntryType          : SuccessAudit
Message            : A user account was deleted.

                     Subject:
                         Security ID:        S-1-5-21-2373504117-2689643630-3100359099-1483
                         Account Name:        mayank
                         Account Domain:        MAS-NOIDA
                         Logon ID:        0x508d44f

                     Target Account:
                         Security ID:        S-1-5-21-2373504117-2689643630-3100359099-13546
                         Account Name:        MAS52722
                         Account Domain:        MAS-NOIDA

                     Additional Information:
                         Privileges    -
Source             : Microsoft-Windows-Security-Auditing
ReplacementStrings : {MAS52722, MAS-NOIDA, S-1-5-21-2373504117-2689643630-3100359099-13546,
                     S-1-5-21-2373504117-2689643630-3100359099-1483...}
InstanceId         : 4726
TimeGenerated      : 6/9/2023 5:15:08 AM
TimeWritten        : 6/9/2023 5:15:08 AM
UserName           :
Site               :
Container          :

EventID            : 4726
MachineName        : ADC-Noida.mas-noida.com
Data               : {}
Index              : 81880694
Category           : (13824)
CategoryNumber     : 13824
EntryType          : SuccessAudit
Message            : A user account was deleted.

                     Subject:
                         Security ID:        S-1-5-21-2373504117-2689643630-3100359099-1483
                         Account Name:        mayank
                         Account Domain:        MAS-NOIDA
                         Logon ID:        0x50899e3

                     Target Account:
                         Security ID:        S-1-5-21-2373504117-2689643630-3100359099-11028
                         Account Name:        MAS52339
                         Account Domain:        MAS-NOIDA

                     Additional Information:
                         Privileges    -
Source             : Microsoft-Windows-Security-Auditing
ReplacementStrings : {MAS52339, MAS-NOIDA, S-1-5-21-2373504117-2689643630-3100359099-11028,
                     S-1-5-21-2373504117-2689643630-3100359099-1483...}
InstanceId         : 4726
TimeGenerated      : 6/9/2023 5:11:22 AM
TimeWritten        : 6/9/2023 5:11:22 AM
UserName           :
Site               :
Container          :

EventID            : 4726
MachineName        : ADC-Noida.mas-noida.com
Data               : {}
Index              : 81880664
Category           : (13824)
CategoryNumber     : 13824
EntryType          : SuccessAudit
Message            : A user account was deleted.

                     Subject:
                         Security ID:        S-1-5-21-2373504117-2689643630-3100359099-1483
                         Account Name:        mayank
                         Account Domain:        MAS-NOIDA
                         Logon ID:        0x5089513

                     Target Account:
                         Security ID:        S-1-5-21-2373504117-2689643630-3100359099-13358
                         Account Name:        MAS52428
                         Account Domain:        MAS-NOIDA

                     Additional Information:
                         Privileges    -
Source             : Microsoft-Windows-Security-Auditing
ReplacementStrings : {MAS52428, MAS-NOIDA, S-1-5-21-2373504117-2689643630-3100359099-13358,
                     S-1-5-21-2373504117-2689643630-3100359099-1483...}
InstanceId         : 4726
TimeGenerated      : 6/9/2023 5:11:08 AM
TimeWritten        : 6/9/2023 5:11:08 AM
UserName           :
Site               :
Container          :

EventID            : 4726
MachineName        : ADC-Noida.mas-noida.com
Data               : {}
Index              : 81880642
Category           : (13824)
CategoryNumber     : 13824
EntryType          : SuccessAudit
Message            : A user account was deleted.

                     Subject:
                         Security ID:        S-1-5-21-2373504117-2689643630-3100359099-1483
                         Account Name:        mayank
                         Account Domain:        MAS-NOIDA
                         Logon ID:        0x5088f81

                     Target Account:
                         Security ID:        S-1-5-21-2373504117-2689643630-3100359099-13397
                         Account Name:        MAS52555
                         Account Domain:        MAS-NOIDA

                     Additional Information:
                         Privileges    -
Source             : Microsoft-Windows-Security-Auditing
ReplacementStrings : {MAS52555, MAS-NOIDA, S-1-5-21-2373504117-2689643630-3100359099-13397,
                     S-1-5-21-2373504117-2689643630-3100359099-1483...}
InstanceId         : 4726
TimeGenerated      : 6/9/2023 5:10:53 AM
TimeWritten        : 6/9/2023 5:10:53 AM
UserName           :
Site               :
Container          :

EventID            : 4726
MachineName        : ADC-Noida.mas-noida.com
Data               : {}
Index              : 81880613
Category           : (13824)
CategoryNumber     : 13824
EntryType          : SuccessAudit
Message            : A user account was deleted.

                     Subject:
                         Security ID:        S-1-5-21-2373504117-2689643630-3100359099-1483
                         Account Name:        mayank
                         Account Domain:        MAS-NOIDA
                         Logon ID:        0x508894e

                     Target Account:
                         Security ID:        S-1-5-21-2373504117-2689643630-3100359099-13400
                         Account Name:        MAS52554
                         Account Domain:        MAS-NOIDA

                     Additional Information:
                         Privileges    -
Source             : Microsoft-Windows-Security-Auditing
ReplacementStrings : {MAS52554, MAS-NOIDA, S-1-5-21-2373504117-2689643630-3100359099-13400,
                     S-1-5-21-2373504117-2689643630-3100359099-1483...}
InstanceId         : 4726
TimeGenerated      : 6/9/2023 5:10:35 AM
TimeWritten        : 6/9/2023 5:10:35 AM
UserName           :
Site               :
Container          :

EventID            : 4726
MachineName        : ADC-Noida.mas-noida.com
Data               : {}
Index              : 81880569
Category           : (13824)
CategoryNumber     : 13824
EntryType          : SuccessAudit
Message            : A user account was deleted.

                     Subject:
                         Security ID:        S-1-5-21-2373504117-2689643630-3100359099-1483
                         Account Name:        mayank
                         Account Domain:        MAS-NOIDA
                         Logon ID:        0x5087b09

                     Target Account:
                         Security ID:        S-1-5-21-2373504117-2689643630-3100359099-13360
                         Account Name:        MAS52417
                         Account Domain:        MAS-NOIDA

                     Additional Information:
                         Privileges    -
Source             : Microsoft-Windows-Security-Auditing
ReplacementStrings : {MAS52417, MAS-NOIDA, S-1-5-21-2373504117-2689643630-3100359099-13360,
                     S-1-5-21-2373504117-2689643630-3100359099-1483...}
InstanceId         : 4726
TimeGenerated      : 6/9/2023 5:10:17 AM
TimeWritten        : 6/9/2023 5:10:17 AM
UserName           :
Site               :
Container          :

EventID            : 4726
MachineName        : ADC-Noida.mas-noida.com
Data               : {}
Index              : 81880538
Category           : (13824)
CategoryNumber     : 13824
EntryType          : SuccessAudit
Message            : A user account was deleted.

                     Subject:
                         Security ID:        S-1-5-21-2373504117-2689643630-3100359099-1483
                         Account Name:        mayank
                         Account Domain:        MAS-NOIDA
                         Logon ID:        0x5087234

                     Target Account:
                         Security ID:        S-1-5-21-2373504117-2689643630-3100359099-11034
                         Account Name:        MAS52338
                         Account Domain:        MAS-NOIDA

                     Additional Information:
                         Privileges    -
Source             : Microsoft-Windows-Security-Auditing
ReplacementStrings : {MAS52338, MAS-NOIDA, S-1-5-21-2373504117-2689643630-3100359099-11034,
                     S-1-5-21-2373504117-2689643630-3100359099-1483...}
InstanceId         : 4726
TimeGenerated      : 6/9/2023 5:09:54 AM
TimeWritten        : 6/9/2023 5:09:54 AM
UserName           :
Site               :
Container          :

EventID            : 4726
MachineName        : ADC-Noida.mas-noida.com
Data               : {}
Index              : 81473333
Category           : (13824)
CategoryNumber     : 13824
EntryType          : SuccessAudit
Message            : A user account was deleted.

                     Subject:
                         Security ID:        S-1-5-21-2373504117-2689643630-3100359099-1483
                         Account Name:        mayank
                         Account Domain:        MAS-NOIDA
                         Logon ID:        0x36d22a0

                     Target Account:
                         Security ID:        S-1-5-21-2373504117-2689643630-3100359099-9829
                         Account Name:        MAS52498
                         Account Domain:        MAS-NOIDA

                     Additional Information:
                         Privileges    -
Source             : Microsoft-Windows-Security-Auditing
ReplacementStrings : {MAS52498, MAS-NOIDA, S-1-5-21-2373504117-2689643630-3100359099-9829,
                     S-1-5-21-2373504117-2689643630-3100359099-1483...}
InstanceId         : 4726
TimeGenerated      : 6/6/2023 5:51:16 AM
TimeWritten        : 6/6/2023 5:51:16 AM
UserName           :
Site               :
Container          :

EventID            : 4726
MachineName        : ADC-Noida.mas-noida.com
Data               : {}
Index              : 81473312
Category           : (13824)
CategoryNumber     : 13824
EntryType          : SuccessAudit
Message            : A user account was deleted.

                     Subject:
                         Security ID:        S-1-5-21-2373504117-2689643630-3100359099-1483
                         Account Name:        mayank
                         Account Domain:        MAS-NOIDA
                         Logon ID:        0x36d1e45

                     Target Account:
                         Security ID:        S-1-5-21-2373504117-2689643630-3100359099-13503
                         Account Name:        MAS52685
                         Account Domain:        MAS-NOIDA

                     Additional Information:
                         Privileges    -
Source             : Microsoft-Windows-Security-Auditing
ReplacementStrings : {MAS52685, MAS-NOIDA, S-1-5-21-2373504117-2689643630-3100359099-13503,
                     S-1-5-21-2373504117-2689643630-3100359099-1483...}
InstanceId         : 4726
TimeGenerated      : 6/6/2023 5:50:58 AM
TimeWritten        : 6/6/2023 5:50:58 AM
UserName           :
Site               :
Container          :

EventID            : 4726
MachineName        : ADC-Noida.mas-noida.com
Data               : {}
Index              : 81473291
Category           : (13824)
CategoryNumber     : 13824
EntryType          : SuccessAudit
Message            : A user account was deleted.

                     Subject:
                         Security ID:        S-1-5-21-2373504117-2689643630-3100359099-1483
                         Account Name:        mayank
                         Account Domain:        MAS-NOIDA
                         Logon ID:        0x36d16fc

                     Target Account:
                         Security ID:        S-1-5-21-2373504117-2689643630-3100359099-13427
                         Account Name:        MAS52593
                         Account Domain:        MAS-NOIDA

                     Additional Information:
                         Privileges    -
Source             : Microsoft-Windows-Security-Auditing
ReplacementStrings : {MAS52593, MAS-NOIDA, S-1-5-21-2373504117-2689643630-3100359099-13427,
                     S-1-5-21-2373504117-2689643630-3100359099-1483...}
InstanceId         : 4726
TimeGenerated      : 6/6/2023 5:50:42 AM
TimeWritten        : 6/6/2023 5:50:42 AM
UserName           :
Site               :
Container          :

EventID            : 4726
MachineName        : ADC-Noida.mas-noida.com
Data               : {}
Index              : 81473248
Category           : (13824)
CategoryNumber     : 13824
EntryType          : SuccessAudit
Message            : A user account was deleted.

                     Subject:
                         Security ID:        S-1-5-21-2373504117-2689643630-3100359099-1483
                         Account Name:        mayank
                         Account Domain:        MAS-NOIDA
                         Logon ID:        0x36d10a1

                     Target Account:
                         Security ID:        S-1-5-21-2373504117-2689643630-3100359099-13425
                         Account Name:        MAS52592
                         Account Domain:        MAS-NOIDA

                     Additional Information:
                         Privileges    -
Source             : Microsoft-Windows-Security-Auditing
ReplacementStrings : {MAS52592, MAS-NOIDA, S-1-5-21-2373504117-2689643630-3100359099-13425,
                     S-1-5-21-2373504117-2689643630-3100359099-1483...}
InstanceId         : 4726
TimeGenerated      : 6/6/2023 5:50:08 AM
TimeWritten        : 6/6/2023 5:50:08 AM
UserName           :
Site               :
Container          :

EventID            : 4726
MachineName        : ADC-Noida.mas-noida.com
Data               : {}
Index              : 81473187
Category           : (13824)
CategoryNumber     : 13824
EntryType          : SuccessAudit
Message            : A user account was deleted.

                     Subject:
                         Security ID:        S-1-5-21-2373504117-2689643630-3100359099-1483
                         Account Name:        mayank
                         Account Domain:        MAS-NOIDA
                         Logon ID:        0x36cf501

                     Target Account:
                         Security ID:        S-1-5-21-2373504117-2689643630-3100359099-13394
                         Account Name:        MAS52534
                         Account Domain:        MAS-NOIDA

                     Additional Information:
                         Privileges    -
Source             : Microsoft-Windows-Security-Auditing
ReplacementStrings : {MAS52534, MAS-NOIDA, S-1-5-21-2373504117-2689643630-3100359099-13394,
                     S-1-5-21-2373504117-2689643630-3100359099-1483...}
InstanceId         : 4726
TimeGenerated      : 6/6/2023 5:49:30 AM
TimeWritten        : 6/6/2023 5:49:30 AM
UserName           :
Site               :
Container          :

EventID            : 4726
MachineName        : ADC-Noida.mas-noida.com
Data               : {}
Index              : 81473165
Category           : (13824)
CategoryNumber     : 13824
EntryType          : SuccessAudit
Message            : A user account was deleted.

                     Subject:
                         Security ID:        S-1-5-21-2373504117-2689643630-3100359099-1483
                         Account Name:        mayank
                         Account Domain:        MAS-NOIDA
                         Logon ID:        0x36cf0fd

                     Target Account:
                         Security ID:        S-1-5-21-2373504117-2689643630-3100359099-13384
                         Account Name:        MAS52538
                         Account Domain:        MAS-NOIDA

                     Additional Information:
                         Privileges    -
