Source             : Microsoft-Windows-Security-Auditing
ReplacementStrings : {MAS50539, MAS-NOIDA, S-1-5-21-2373504117-2689643630-3100359099-10106,
                     S-1-5-21-2373504117-2689643630-3100359099-1499...}
InstanceId         : 4726
TimeGenerated      : 1/31/2023 12:28:49 PM
TimeWritten        : 1/31/2023 12:28:49 PM
UserName           :
Site               :
Container          :

EventID            : 4726
MachineName        : DC.mas-noida.com
Data               : {}
Index              : 3367587
Category           : (13824)
CategoryNumber     : 13824
EntryType          : SuccessAudit
Message            : A user account was deleted.

                     Subject:
                         Security ID:        S-1-5-21-2373504117-2689643630-3100359099-1499
                         Account Name:        anupk
                         Account Domain:        MAS-NOIDA
                         Logon ID:        0x1e8f19

                     Target Account:
                         Security ID:        S-1-5-21-2373504117-2689643630-3100359099-5777
                         Account Name:        NOI2208
                         Account Domain:        MAS-NOIDA

                     Additional Information:
                         Privileges    -
Source             : Microsoft-Windows-Security-Auditing
ReplacementStrings : {NOI2208, MAS-NOIDA, S-1-5-21-2373504117-2689643630-3100359099-5777,
                     S-1-5-21-2373504117-2689643630-3100359099-1499...}
InstanceId         : 4726
TimeGenerated      : 1/31/2023 12:21:31 PM
TimeWritten        : 1/31/2023 12:21:31 PM
UserName           :
Site               :
Container          :

EventID            : 4726
MachineName        : DC.mas-noida.com
Data               : {}
Index              : 3367418
Category           : (13824)
CategoryNumber     : 13824
EntryType          : SuccessAudit
Message            : A user account was deleted.

                     Subject:
                         Security ID:        S-1-5-21-2373504117-2689643630-3100359099-1499
                         Account Name:        anupk
                         Account Domain:        MAS-NOIDA
                         Logon ID:        0x1e8f19

                     Target Account:
                         Security ID:        S-1-5-21-2373504117-2689643630-3100359099-7726
                         Account Name:        MAS50152
                         Account Domain:        MAS-NOIDA

                     Additional Information:
                         Privileges    -
Source             : Microsoft-Windows-Security-Auditing
ReplacementStrings : {MAS50152, MAS-NOIDA, S-1-5-21-2373504117-2689643630-3100359099-7726,
                     S-1-5-21-2373504117-2689643630-3100359099-1499...}
InstanceId         : 4726
TimeGenerated      : 1/31/2023 12:20:47 PM
TimeWritten        : 1/31/2023 12:20:47 PM
UserName           :
Site               :
Container          :

EventID            : 4726
MachineName        : DC.mas-noida.com
Data               : {}
Index              : 3348313
Category           : (13824)
CategoryNumber     : 13824
EntryType          : SuccessAudit
Message            : A user account was deleted.

                     Subject:
                         Security ID:        S-1-5-21-2373504117-2689643630-3100359099-1499
                         Account Name:        anupk
                         Account Domain:        MAS-NOIDA
                         Logon ID:        0x1e8f19

                     Target Account:
                         Security ID:        S-1-5-21-2373504117-2689643630-3100359099-8870
                         Account Name:        $DUPLICATE-22a6
                         Account Domain:        MAS-NOIDA

                     Additional Information:
                         Privileges    -
Source             : Microsoft-Windows-Security-Auditing
ReplacementStrings : {$DUPLICATE-22a6, MAS-NOIDA, S-1-5-21-2373504117-2689643630-3100359099-8870,
                     S-1-5-21-2373504117-2689643630-3100359099-1499...}
InstanceId         : 4726
TimeGenerated      : 1/31/2023 10:25:47 AM
TimeWritten        : 1/31/2023 10:25:47 AM
UserName           :
Site               :
Container          :

EventID            : 4726
MachineName        : DC.mas-noida.com
Data               : {}
Index              : 3340524
Category           : (13824)
CategoryNumber     : 13824
EntryType          : SuccessAudit
Message            : A user account was deleted.

                     Subject:
                         Security ID:        S-1-5-21-2373504117-2689643630-3100359099-1499
                         Account Name:        anupk
                         Account Domain:        MAS-NOIDA
                         Logon ID:        0x1e8f19

                     Target Account:
                         Security ID:        S-1-5-21-2373504117-2689643630-3100359099-3740
                         Account Name:        noi2031
                         Account Domain:        MAS-NOIDA

                     Additional Information:
                         Privileges    -
Source             : Microsoft-Windows-Security-Auditing
ReplacementStrings : {noi2031, MAS-NOIDA, S-1-5-21-2373504117-2689643630-3100359099-3740,
                     S-1-5-21-2373504117-2689643630-3100359099-1499...}
InstanceId         : 4726
TimeGenerated      : 1/31/2023 9:44:53 AM
TimeWritten        : 1/31/2023 9:44:53 AM
UserName           :
Site               :
Container          :

EventID            : 4726
MachineName        : DC.mas-noida.com
Data               : {}
Index              : 3339999
Category           : (13824)
CategoryNumber     : 13824
EntryType          : SuccessAudit
Message            : A user account was deleted.

                     Subject:
                         Security ID:        S-1-5-21-2373504117-2689643630-3100359099-1499
                         Account Name:        anupk
                         Account Domain:        MAS-NOIDA
                         Logon ID:        0x1e8f19

                     Target Account:
                         Security ID:        S-1-5-21-2373504117-2689643630-3100359099-11212
                         Account Name:        MAS51235
                         Account Domain:        MAS-NOIDA

                     Additional Information:
                         Privileges    -
Source             : Microsoft-Windows-Security-Auditing
ReplacementStrings : {MAS51235, MAS-NOIDA, S-1-5-21-2373504117-2689643630-3100359099-11212,
                     S-1-5-21-2373504117-2689643630-3100359099-1499...}
InstanceId         : 4726
TimeGenerated      : 1/31/2023 9:42:29 AM
TimeWritten        : 1/31/2023 9:42:29 AM
UserName           :
Site               :
Container          :

EventID            : 4726
MachineName        : DC.mas-noida.com
Data               : {}
Index              : 3339994
Category           : (13824)
CategoryNumber     : 13824
EntryType          : SuccessAudit
Message            : A user account was deleted.

                     Subject:
                         Security ID:        S-1-5-21-2373504117-2689643630-3100359099-1499
                         Account Name:        anupk
                         Account Domain:        MAS-NOIDA
                         Logon ID:        0x1e8f19

                     Target Account:
                         Security ID:        S-1-5-21-2373504117-2689643630-3100359099-11309
                         Account Name:        MAS51327
                         Account Domain:        MAS-NOIDA

                     Additional Information:
                         Privileges    -
Source             : Microsoft-Windows-Security-Auditing
ReplacementStrings : {MAS51327, MAS-NOIDA, S-1-5-21-2373504117-2689643630-3100359099-11309,
                     S-1-5-21-2373504117-2689643630-3100359099-1499...}
InstanceId         : 4726
TimeGenerated      : 1/31/2023 9:42:25 AM
TimeWritten        : 1/31/2023 9:42:25 AM
UserName           :
Site               :
Container          :

EventID            : 4726
MachineName        : DC.mas-noida.com
Data               : {}
Index              : 3339984
Category           : (13824)
CategoryNumber     : 13824
EntryType          : SuccessAudit
Message            : A user account was deleted.

                     Subject:
                         Security ID:        S-1-5-21-2373504117-2689643630-3100359099-1499
                         Account Name:        anupk
                         Account Domain:        MAS-NOIDA
                         Logon ID:        0x1e8f19

                     Target Account:
                         Security ID:        S-1-5-21-2373504117-2689643630-3100359099-11428
                         Account Name:        MAS51449
                         Account Domain:        MAS-NOIDA

                     Additional Information:
                         Privileges    -
Source             : Microsoft-Windows-Security-Auditing
ReplacementStrings : {MAS51449, MAS-NOIDA, S-1-5-21-2373504117-2689643630-3100359099-11428,
                     S-1-5-21-2373504117-2689643630-3100359099-1499...}
InstanceId         : 4726
TimeGenerated      : 1/31/2023 9:42:22 AM
TimeWritten        : 1/31/2023 9:42:22 AM
UserName           :
Site               :
Container          :

EventID            : 4726
MachineName        : DC.mas-noida.com
Data               : {}
Index              : 3339979
Category           : (13824)
CategoryNumber     : 13824
EntryType          : SuccessAudit
Message            : A user account was deleted.

                     Subject:
                         Security ID:        S-1-5-21-2373504117-2689643630-3100359099-1499
                         Account Name:        anupk
                         Account Domain:        MAS-NOIDA
                         Logon ID:        0x1e8f19

                     Target Account:
                         Security ID:        S-1-5-21-2373504117-2689643630-3100359099-11210
                         Account Name:        MAS51219
                         Account Domain:        MAS-NOIDA

                     Additional Information:
                         Privileges    -
Source             : Microsoft-Windows-Security-Auditing
ReplacementStrings : {MAS51219, MAS-NOIDA, S-1-5-21-2373504117-2689643630-3100359099-11210,
                     S-1-5-21-2373504117-2689643630-3100359099-1499...}
InstanceId         : 4726
TimeGenerated      : 1/31/2023 9:42:19 AM
TimeWritten        : 1/31/2023 9:42:19 AM
UserName           :
Site               :
Container          :

EventID            : 4726
MachineName        : DC.mas-noida.com
Data               : {}
Index              : 3339577
Category           : (13824)
CategoryNumber     : 13824
EntryType          : SuccessAudit
Message            : A user account was deleted.

                     Subject:
                         Security ID:        S-1-5-21-2373504117-2689643630-3100359099-1499
                         Account Name:        anupk
                         Account Domain:        MAS-NOIDA
                         Logon ID:        0x1e8f19

                     Target Account:
                         Security ID:        S-1-5-21-2373504117-2689643630-3100359099-11289
                         Account Name:        MAS51296
                         Account Domain:        MAS-NOIDA

                     Additional Information:
                         Privileges    -
Source             : Microsoft-Windows-Security-Auditing
ReplacementStrings : {MAS51296, MAS-NOIDA, S-1-5-21-2373504117-2689643630-3100359099-11289,
                     S-1-5-21-2373504117-2689643630-3100359099-1499...}
InstanceId         : 4726
TimeGenerated      : 1/31/2023 9:41:01 AM
TimeWritten        : 1/31/2023 9:41:01 AM
UserName           :
Site               :
Container          :

EventID            : 4726
MachineName        : DC.mas-noida.com
Data               : {}
Index              : 3339476
Category           : (13824)
CategoryNumber     : 13824
EntryType          : SuccessAudit
Message            : A user account was deleted.

                     Subject:
                         Security ID:        S-1-5-21-2373504117-2689643630-3100359099-1499
                         Account Name:        anupk
                         Account Domain:        MAS-NOIDA
                         Logon ID:        0x1e8f19

                     Target Account:
                         Security ID:        S-1-5-21-2373504117-2689643630-3100359099-11209
                         Account Name:        MAS51218
                         Account Domain:        MAS-NOIDA

                     Additional Information:
                         Privileges    -
Source             : Microsoft-Windows-Security-Auditing
ReplacementStrings : {MAS51218, MAS-NOIDA, S-1-5-21-2373504117-2689643630-3100359099-11209,
                     S-1-5-21-2373504117-2689643630-3100359099-1499...}
InstanceId         : 4726
TimeGenerated      : 1/31/2023 9:40:20 AM
TimeWritten        : 1/31/2023 9:40:20 AM
UserName           :
Site               :
Container          :

EventID            : 4726
MachineName        : DC.mas-noida.com
Data               : {}
Index              : 3339416
Category           : (13824)
CategoryNumber     : 13824
EntryType          : SuccessAudit
Message            : A user account was deleted.

                     Subject:
                         Security ID:        S-1-5-21-2373504117-2689643630-3100359099-1499
                         Account Name:        anupk
                         Account Domain:        MAS-NOIDA
                         Logon ID:        0x1e8f19

                     Target Account:
                         Security ID:        S-1-5-21-2373504117-2689643630-3100359099-11291
                         Account Name:        MAS51298
                         Account Domain:        MAS-NOIDA

                     Additional Information:
                         Privileges    -
Source             : Microsoft-Windows-Security-Auditing
ReplacementStrings : {MAS51298, MAS-NOIDA, S-1-5-21-2373504117-2689643630-3100359099-11291,
                     S-1-5-21-2373504117-2689643630-3100359099-1499...}
InstanceId         : 4726
TimeGenerated      : 1/31/2023 9:40:01 AM
TimeWritten        : 1/31/2023 9:40:01 AM
UserName           :
Site               :
Container          :

EventID            : 4726
MachineName        : DC.mas-noida.com
Data               : {}
Index              : 3339390
Category           : (13824)
CategoryNumber     : 13824
EntryType          : SuccessAudit
Message            : A user account was deleted.

                     Subject:
                         Security ID:        S-1-5-21-2373504117-2689643630-3100359099-1499
                         Account Name:        anupk
                         Account Domain:        MAS-NOIDA
                         Logon ID:        0x1e8f19

                     Target Account:
                         Security ID:        S-1-5-21-2373504117-2689643630-3100359099-11290
                         Account Name:        MAS51297
                         Account Domain:        MAS-NOIDA

                     Additional Information:
                         Privileges    -
Source             : Microsoft-Windows-Security-Auditing
ReplacementStrings : {MAS51297, MAS-NOIDA, S-1-5-21-2373504117-2689643630-3100359099-11290,
                     S-1-5-21-2373504117-2689643630-3100359099-1499...}
InstanceId         : 4726
TimeGenerated      : 1/31/2023 9:39:48 AM
TimeWritten        : 1/31/2023 9:39:48 AM
UserName           :
Site               :
Container          :

EventID            : 4726
MachineName        : DC.mas-noida.com
Data               : {}
Index              : 3339110
Category           : (13824)
CategoryNumber     : 13824
EntryType          : SuccessAudit
Message            : A user account was deleted.

                     Subject:
                         Security ID:        S-1-5-21-2373504117-2689643630-3100359099-1499
                         Account Name:        anupk
                         Account Domain:        MAS-NOIDA
                         Logon ID:        0x1e8f19

                     Target Account:
                         Security ID:        S-1-5-21-2373504117-2689643630-3100359099-11310
                         Account Name:        MAS51307
                         Account Domain:        MAS-NOIDA

                     Additional Information:
                         Privileges    -
Source             : Microsoft-Windows-Security-Auditing
ReplacementStrings : {MAS51307, MAS-NOIDA, S-1-5-21-2373504117-2689643630-3100359099-11310,
                     S-1-5-21-2373504117-2689643630-3100359099-1499...}
InstanceId         : 4726
TimeGenerated      : 1/31/2023 9:37:43 AM
TimeWritten        : 1/31/2023 9:37:43 AM
UserName           :
Site               :
Container          :

EventID            : 4726
MachineName        : DC.mas-noida.com
Data               : {}
Index              : 3339029
Category           : (13824)
CategoryNumber     : 13824
EntryType          : SuccessAudit
Message            : A user account was deleted.

                     Subject:
                         Security ID:        S-1-5-21-2373504117-2689643630-3100359099-1499
                         Account Name:        anupk
                         Account Domain:        MAS-NOIDA
                         Logon ID:        0x1e8f19

                     Target Account:
                         Security ID:        S-1-5-21-2373504117-2689643630-3100359099-7531
                         Account Name:        MAS51207
                         Account Domain:        MAS-NOIDA

                     Additional Information:
                         Privileges    -
Source             : Microsoft-Windows-Security-Auditing
ReplacementStrings : {MAS51207, MAS-NOIDA, S-1-5-21-2373504117-2689643630-3100359099-7531,
                     S-1-5-21-2373504117-2689643630-3100359099-1499...}
InstanceId         : 4726
TimeGenerated      : 1/31/2023 9:37:07 AM
TimeWritten        : 1/31/2023 9:37:07 AM
UserName           :
Site               :
Container          :

EventID            : 4726
MachineName        : DC.mas-noida.com
Data               : {}
Index              : 3255642
Category           : (13824)
CategoryNumber     : 13824
EntryType          : SuccessAudit
Message            : A user account was deleted.

                     Subject:
                         Security ID:        S-1-5-21-2373504117-2689643630-3100359099-1499
                         Account Name:        anupk
                         Account Domain:        MAS-NOIDA
                         Logon ID:        0xa06cb

                     Target Account:
                         Security ID:        S-1-5-21-2373504117-2689643630-3100359099-12206
                         Account Name:        MAS51636
                         Account Domain:        MAS-NOIDA

                     Additional Information:
                         Privileges    -
Source             : Microsoft-Windows-Security-Auditing
ReplacementStrings : {MAS51636, MAS-NOIDA, S-1-5-21-2373504117-2689643630-3100359099-12206,
                     S-1-5-21-2373504117-2689643630-3100359099-1499...}
InstanceId         : 4726
TimeGenerated      : 1/30/2023 9:21:27 PM
TimeWritten        : 1/30/2023 9:21:27 PM
UserName           :
Site               :
Container          :

EventID            : 4726
MachineName        : DC.mas-noida.com
Data               : {}
Index              : 3202378
Category           : (13824)
CategoryNumber     : 13824
EntryType          : SuccessAudit
Message            : A user account was deleted.

                     Subject:
                         Security ID:        S-1-5-21-2373504117-2689643630-3100359099-1499
                         Account Name:        anupk
                         Account Domain:        MAS-NOIDA
                         Logon ID:        0xa06cb

                     Target Account:
                         Security ID:        S-1-5-21-2373504117-2689643630-3100359099-10397
                         Account Name:        MAS50859
                         Account Domain:        MAS-NOIDA

                     Additional Information:
                         Privileges    -
Source             : Microsoft-Windows-Security-Auditing
ReplacementStrings : {MAS50859, MAS-NOIDA, S-1-5-21-2373504117-2689643630-3100359099-10397,
                     S-1-5-21-2373504117-2689643630-3100359099-1499...}
InstanceId         : 4726
TimeGenerated      : 1/30/2023 3:39:28 PM
TimeWritten        : 1/30/2023 3:39:28 PM
UserName           :
Site               :
Container          :

EventID            : 4726
MachineName        : DC.mas-noida.com
Data               : {}
Index              : 3202358
Category           : (13824)
CategoryNumber     : 13824
EntryType          : SuccessAudit
Message            : A user account was deleted.

                     Subject:
                         Security ID:        S-1-5-21-2373504117-2689643630-3100359099-1499
                         Account Name:        anupk
                         Account Domain:        MAS-NOIDA
                         Logon ID:        0xa06cb

                     Target Account:
                         Security ID:        S-1-5-21-2373504117-2689643630-3100359099-10590
                         Account Name:        MAS51057
                         Account Domain:        MAS-NOIDA

                     Additional Information:
                         Privileges    -
Source             : Microsoft-Windows-Security-Auditing
ReplacementStrings : {MAS51057, MAS-NOIDA, S-1-5-21-2373504117-2689643630-3100359099-10590,
                     S-1-5-21-2373504117-2689643630-3100359099-1499...}
InstanceId         : 4726
TimeGenerated      : 1/30/2023 3:39:19 PM
TimeWritten        : 1/30/2023 3:39:19 PM
UserName           :
Site               :
Container          :

EventID            : 4726
MachineName        : DC.mas-noida.com
Data               : {}
Index              : 3202334
Category           : (13824)
CategoryNumber     : 13824
EntryType          : SuccessAudit
Message            : A user account was deleted.

                     Subject:
                         Security ID:        S-1-5-21-2373504117-2689643630-3100359099-1499
                         Account Name:        anupk
                         Account Domain:        MAS-NOIDA
                         Logon ID:        0xa06cb

                     Target Account:
                         Security ID:        S-1-5-21-2373504117-2689643630-3100359099-10460
                         Account Name:        MAS50933
                         Account Domain:        MAS-NOIDA

                     Additional Information:
                         Privileges    -
Source             : Microsoft-Windows-Security-Auditing
ReplacementStrings : {MAS50933, MAS-NOIDA, S-1-5-21-2373504117-2689643630-3100359099-10460,
                     S-1-5-21-2373504117-2689643630-3100359099-1499...}
InstanceId         : 4726
TimeGenerated      : 1/30/2023 3:39:16 PM
TimeWritten        : 1/30/2023 3:39:16 PM
UserName           :
Site               :
Container          :

EventID            : 4726
MachineName        : DC.mas-noida.com
Data               : {}
Index              : 3202321
Category           : (13824)
CategoryNumber     : 13824
EntryType          : SuccessAudit
Message            : A user account was deleted.

                     Subject:
                         Security ID:        S-1-5-21-2373504117-2689643630-3100359099-1499
                         Account Name:        anupk
                         Account Domain:        MAS-NOIDA
                         Logon ID:        0xa06cb

                     Target Account:
                         Security ID:        S-1-5-21-2373504117-2689643630-3100359099-10395
                         Account Name:        MAS50863
                         Account Domain:        MAS-NOIDA

                     Additional Information:
                         Privileges    -
Source             : Microsoft-Windows-Security-Auditing
ReplacementStrings : {MAS50863, MAS-NOIDA, S-1-5-21-2373504117-2689643630-3100359099-10395,
                     S-1-5-21-2373504117-2689643630-3100359099-1499...}
InstanceId         : 4726
TimeGenerated      : 1/30/2023 3:39:10 PM
TimeWritten        : 1/30/2023 3:39:10 PM
UserName           :
Site               :
Container          :

EventID            : 4726
MachineName        : DC.mas-noida.com
Data               : {}
Index              : 3202304
Category           : (13824)
CategoryNumber     : 13824
EntryType          : SuccessAudit
Message            : A user account was deleted.

                     Subject:
                         Security ID:        S-1-5-21-2373504117-2689643630-3100359099-1499
                         Account Name:        anupk
                         Account Domain:        MAS-NOIDA
                         Logon ID:        0xa06cb

                     Target Account:
                         Security ID:        S-1-5-21-2373504117-2689643630-3100359099-10400
                         Account Name:        MAS50861
                         Account Domain:        MAS-NOIDA

                     Additional Information:
                         Privileges    -
Source             : Microsoft-Windows-Security-Auditing
ReplacementStrings : {MAS50861, MAS-NOIDA, S-1-5-21-2373504117-2689643630-3100359099-10400,
                     S-1-5-21-2373504117-2689643630-3100359099-1499...}
InstanceId         : 4726
TimeGenerated      : 1/30/2023 3:39:06 PM
TimeWritten        : 1/30/2023 3:39:06 PM
UserName           :
Site               :
Container          :

EventID            : 4726
MachineName        : DC.mas-noida.com
Data               : {}
Index              : 3202176
Category           : (13824)
CategoryNumber     : 13824
EntryType          : SuccessAudit
Message            : A user account was deleted.

                     Subject:
                         Security ID:        S-1-5-21-2373504117-2689643630-3100359099-1499
                         Account Name:        anupk
                         Account Domain:        MAS-NOIDA
                         Logon ID:        0xa06cb

                     Target Account:
                         Security ID:        S-1-5-21-2373504117-2689643630-3100359099-10479
                         Account Name:        MAS50939
                         Account Domain:        MAS-NOIDA

                     Additional Information:
                         Privileges    -
Source             : Microsoft-Windows-Security-Auditing
ReplacementStrings : {MAS50939, MAS-NOIDA, S-1-5-21-2373504117-2689643630-3100359099-10479,
                     S-1-5-21-2373504117-2689643630-3100359099-1499...}
InstanceId         : 4726
TimeGenerated      : 1/30/2023 3:38:32 PM
TimeWritten        : 1/30/2023 3:38:32 PM
UserName           :
Site               :
Container          :

EventID            : 4726
MachineName        : DC.mas-noida.com
Data               : {}
Index              : 3202121
Category           : (13824)
CategoryNumber     : 13824
EntryType          : SuccessAudit
Message            : A user account was deleted.

                     Subject:
                         Security ID:        S-1-5-21-2373504117-2689643630-3100359099-1499
                         Account Name:        anupk
                         Account Domain:        MAS-NOIDA
                         Logon ID:        0xa06cb

                     Target Account:
                         Security ID:        S-1-5-21-2373504117-2689643630-3100359099-10459
                         Account Name:        MAS50926
                         Account Domain:        MAS-NOIDA

                     Additional Information:
                         Privileges    -
Source             : Microsoft-Windows-Security-Auditing
ReplacementStrings : {MAS50926, MAS-NOIDA, S-1-5-21-2373504117-2689643630-3100359099-10459,
                     S-1-5-21-2373504117-2689643630-3100359099-1499...}
InstanceId         : 4726
TimeGenerated      : 1/30/2023 3:38:15 PM
TimeWritten        : 1/30/2023 3:38:15 PM
UserName           :
Site               :
Container          :

EventID            : 4726
MachineName        : DC.mas-noida.com
Data               : {}
Index              : 3202075
Category           : (13824)
CategoryNumber     : 13824
EntryType          : SuccessAudit
Message            : A user account was deleted.

                     Subject:
                         Security ID:        S-1-5-21-2373504117-2689643630-3100359099-1499
                         Account Name:        anupk
                         Account Domain:        MAS-NOIDA
                         Logon ID:        0xa06cb

                     Target Account:
                         Security ID:        S-1-5-21-2373504117-2689643630-3100359099-6991
                         Account Name:        MAS49934
                         Account Domain:        MAS-NOIDA

                     Additional Information:
                         Privileges    -
Source             : Microsoft-Windows-Security-Auditing
ReplacementStrings : {MAS49934, MAS-NOIDA, S-1-5-21-2373504117-2689643630-3100359099-6991,
                     S-1-5-21-2373504117-2689643630-3100359099-1499...}
InstanceId         : 4726
TimeGenerated      : 1/30/2023 3:37:57 PM
TimeWritten        : 1/30/2023 3:37:57 PM
UserName           :
Site               :
Container          :

EventID            : 4726
MachineName        : DC.mas-noida.com
Data               : {}
Index              : 3201994
Category           : (13824)
CategoryNumber     : 13824
EntryType          : SuccessAudit
Message            : A user account was deleted.

                     Subject:
                         Security ID:        S-1-5-21-2373504117-2689643630-3100359099-1499
                         Account Name:        anupk
                         Account Domain:        MAS-NOIDA
                         Logon ID:        0xa06cb

                     Target Account:
                         Security ID:        S-1-5-21-2373504117-2689643630-3100359099-10399
                         Account Name:        MAS50860
                         Account Domain:        MAS-NOIDA

                     Additional Information:
                         Privileges    -
Source             : Microsoft-Windows-Security-Auditing
ReplacementStrings : {MAS50860, MAS-NOIDA, S-1-5-21-2373504117-2689643630-3100359099-10399,
                     S-1-5-21-2373504117-2689643630-3100359099-1499...}
InstanceId         : 4726
TimeGenerated      : 1/30/2023 3:37:28 PM
TimeWritten        : 1/30/2023 3:37:28 PM
UserName           :
Site               :
Container          :

EventID            : 4726
MachineName        : DC.mas-noida.com
Data               : {}
Index              : 3201979
Category           : (13824)
CategoryNumber     : 13824
EntryType          : SuccessAudit
Message            : A user account was deleted.

                     Subject:
                         Security ID:        S-1-5-21-2373504117-2689643630-3100359099-1499
                         Account Name:        anupk
                         Account Domain:        MAS-NOIDA
                         Logon ID:        0xa06cb

                     Target Account:
                         Security ID:        S-1-5-21-2373504117-2689643630-3100359099-6650
                         Account Name:        MAS49760
                         Account Domain:        MAS-NOIDA

                     Additional Information:
                         Privileges    -
Source             : Microsoft-Windows-Security-Auditing
ReplacementStrings : {MAS49760, MAS-NOIDA, S-1-5-21-2373504117-2689643630-3100359099-6650,
                     S-1-5-21-2373504117-2689643630-3100359099-1499...}
InstanceId         : 4726
TimeGenerated      : 1/30/2023 3:37:24 PM
TimeWritten        : 1/30/2023 3:37:24 PM
UserName           :
Site               :
Container          :

EventID            : 4726
MachineName        : DC.mas-noida.com
Data               : {}
Index              : 3186748
Category           : (13824)
CategoryNumber     : 13824
EntryType          : SuccessAudit
Message            : A user account was deleted.

                     Subject:
                         Security ID:        S-1-5-21-2373504117-2689643630-3100359099-1499
                         Account Name:        anupk
                         Account Domain:        MAS-NOIDA
                         Logon ID:        0xa06cb

                     Target Account:
                         Security ID:        S-1-5-21-2373504117-2689643630-3100359099-5585
                         Account Name:        MAS50024
                         Account Domain:        MAS-NOIDA

                     Additional Information:
                         Privileges    -
Source             : Microsoft-Windows-Security-Auditing
ReplacementStrings : {MAS50024, MAS-NOIDA, S-1-5-21-2373504117-2689643630-3100359099-5585,
                     S-1-5-21-2373504117-2689643630-3100359099-1499...}
InstanceId         : 4726
TimeGenerated      : 1/30/2023 2:12:54 PM
TimeWritten        : 1/30/2023 2:12:54 PM
UserName           :
Site               :
Container          :

EventID            : 4726
MachineName        : DC.mas-noida.com
Data               : {}
Index              : 3148927
Category           : (13824)
CategoryNumber     : 13824
EntryType          : SuccessAudit
Message            : A user account was deleted.

                     Subject:
                         Security ID:        S-1-5-21-2373504117-2689643630-3100359099-1499
                         Account Name:        anupk
                         Account Domain:        MAS-NOIDA
                         Logon ID:        0x6082c

                     Target Account:
                         Security ID:        S-1-5-21-2373504117-2689643630-3100359099-1503
                         Account Name:        umeshk
                         Account Domain:        MAS-NOIDA

                     Additional Information:
                         Privileges    -
Source             : Microsoft-Windows-Security-Auditing
ReplacementStrings : {umeshk, MAS-NOIDA, S-1-5-21-2373504117-2689643630-3100359099-1503,
                     S-1-5-21-2373504117-2689643630-3100359099-1499...}
InstanceId         : 4726
TimeGenerated      : 1/30/2023 10:31:35 AM
TimeWritten        : 1/30/2023 10:31:35 AM
UserName           :
Site               :
Container          :

EventID            : 4726
MachineName        : DC.mas-noida.com
Data               : {}
Index              : 3041515
Category           : (13824)
CategoryNumber     : 13824
EntryType          : SuccessAudit
Message            : A user account was deleted.

                     Subject:
                         Security ID:        S-1-5-21-2373504117-2689643630-3100359099-2600
                         Account Name:        prateeks
                         Account Domain:        MAS-NOIDA
                         Logon ID:        0xb3535c

                     Target Account:
                         Security ID:        S-1-5-21-2373504117-2689643630-3100359099-7597
                         Account Name:        MAS51440
                         Account Domain:        MAS-NOIDA

                     Additional Information:
                         Privileges    -
Source             : Microsoft-Windows-Security-Auditing
ReplacementStrings : {MAS51440, MAS-NOIDA, S-1-5-21-2373504117-2689643630-3100359099-7597,
                     S-1-5-21-2373504117-2689643630-3100359099-2600...}
InstanceId         : 4726
TimeGenerated      : 1/29/2023 5:56:58 PM
TimeWritten        : 1/29/2023 5:56:58 PM
UserName           :
Site               :
Container          :

EventID            : 4726
MachineName        : DC.mas-noida.com
Data               : {}
Index              : 3012732
Category           : (13824)
CategoryNumber     : 13824
EntryType          : SuccessAudit
Message            : A user account was deleted.

                     Subject:
                         Security ID:        S-1-5-21-2373504117-2689643630-3100359099-500
                         Account Name:        Administrator
                         Account Domain:        MAS-NOIDA
                         Logon ID:        0x87d554

                     Target Account:
                         Security ID:        S-1-5-21-2373504117-2689643630-3100359099-12244
                         Account Name:        krbtgt_63188
                         Account Domain:        MAS-NOIDA

                     Additional Information:
                         Privileges    -
Source             : Microsoft-Windows-Security-Auditing
ReplacementStrings : {krbtgt_63188, MAS-NOIDA, S-1-5-21-2373504117-2689643630-3100359099-12244,
                     S-1-5-21-2373504117-2689643630-3100359099-500...}
InstanceId         : 4726
TimeGenerated      : 1/29/2023 2:40:26 PM
TimeWritten        : 1/29/2023 2:40:26 PM
UserName           :
Site               :
Container          :

EventID            : 4726
MachineName        : DC.mas-noida.com
Data               : {}
Index              : 2864311
Category           : (13824)
CategoryNumber     : 13824
EntryType          : SuccessAudit
Message            : A user account was deleted.

                     Subject:
                         Security ID:        S-1-5-21-2373504117-2689643630-3100359099-1499
                         Account Name:        anupk
                         Account Domain:        MAS-NOIDA
                         Logon ID:        0x40106a

                     Target Account:
                         Security ID:        S-1-5-21-2373504117-2689643630-3100359099-8882
                         Account Name:        MAS51660
                         Account Domain:        MAS-NOIDA

                     Additional Information:
                         Privileges    -
Source             : Microsoft-Windows-Security-Auditing
ReplacementStrings : {MAS51660, MAS-NOIDA, S-1-5-21-2373504117-2689643630-3100359099-8882,
                     S-1-5-21-2373504117-2689643630-3100359099-1499...}
InstanceId         : 4726
TimeGenerated      : 1/28/2023 5:43:16 PM
TimeWritten        : 1/28/2023 5:43:16 PM
UserName           :
Site               :
Container          :

EventID            : 4726
MachineName        : DC.mas-noida.com
Data               : {}
Index              : 2864300
Category           : (13824)
CategoryNumber     : 13824
EntryType          : SuccessAudit
Message            : A user account was deleted.

                     Subject:
                         Security ID:        S-1-5-21-2373504117-2689643630-3100359099-1499
                         Account Name:        anupk
                         Account Domain:        MAS-NOIDA
                         Logon ID:        0x40106a

                     Target Account:
                         Security ID:        S-1-5-21-2373504117-2689643630-3100359099-12232
                         Account Name:        MAS51660
                         Account Domain:        MAS-NOIDA

                     Additional Information:
                         Privileges    -
Source             : Microsoft-Windows-Security-Auditing
ReplacementStrings : {MAS51660, MAS-NOIDA, S-1-5-21-2373504117-2689643630-3100359099-12232,
                     S-1-5-21-2373504117-2689643630-3100359099-1499...}
InstanceId         : 4726
TimeGenerated      : 1/28/2023 5:43:13 PM
TimeWritten        : 1/28/2023 5:43:13 PM
UserName           :
Site               :
Container          :

EventID            : 4726
MachineName        : DC.mas-noida.com
Data               : {}
Index              : 2864245
Category           : (13824)
CategoryNumber     : 13824
EntryType          : SuccessAudit
Message            : A user account was deleted.

                     Subject:
                         Security ID:        S-1-5-21-2373504117-2689643630-3100359099-1499
                         Account Name:        anupk
                         Account Domain:        MAS-NOIDA
                         Logon ID:        0x40106a

                     Target Account:
                         Security ID:        S-1-5-21-2373504117-2689643630-3100359099-12204
                         Account Name:        MAS51642
                         Account Domain:        MAS-NOIDA

                     Additional Information:
                         Privileges    -
Source             : Microsoft-Windows-Security-Auditing
ReplacementStrings : {MAS51642, MAS-NOIDA, S-1-5-21-2373504117-2689643630-3100359099-12204,
                     S-1-5-21-2373504117-2689643630-3100359099-1499...}
InstanceId         : 4726
TimeGenerated      : 1/28/2023 5:42:57 PM
TimeWritten        : 1/28/2023 5:42:57 PM
UserName           :
Site               :
Container          :

EventID            : 4726
MachineName        : DC.mas-noida.com
Data               : {}
Index              : 2864205
Category           : (13824)
CategoryNumber     : 13824
EntryType          : SuccessAudit
Message            : A user account was deleted.

                     Subject:
                         Security ID:        S-1-5-21-2373504117-2689643630-3100359099-1499
                         Account Name:        anupk
                         Account Domain:        MAS-NOIDA
                         Logon ID:        0x40106a

                     Target Account:
                         Security ID:        S-1-5-21-2373504117-2689643630-3100359099-12138
                         Account Name:        MAS51584
                         Account Domain:        MAS-NOIDA

                     Additional Information:
                         Privileges    -
Source             : Microsoft-Windows-Security-Auditing
ReplacementStrings : {MAS51584, MAS-NOIDA, S-1-5-21-2373504117-2689643630-3100359099-12138,
                     S-1-5-21-2373504117-2689643630-3100359099-1499...}
InstanceId         : 4726
TimeGenerated      : 1/28/2023 5:42:44 PM
TimeWritten        : 1/28/2023 5:42:44 PM
UserName           :
Site               :
Container          :

EventID            : 4726
MachineName        : DC.mas-noida.com
Data               : {}
Index              : 2766761
Category           : (13824)
CategoryNumber     : 13824
EntryType          : SuccessAudit
Message            : A user account was deleted.

                     Subject:
                         Security ID:        S-1-5-21-2373504117-2689643630-3100359099-2600
                         Account Name:        prateeks
                         Account Domain:        MAS-NOIDA
                         Logon ID:        0x7262826

                     Target Account:
                         Security ID:        S-1-5-21-2373504117-2689643630-3100359099-2438
                         Account Name:        mahendra
                         Account Domain:        MAS-NOIDA

                     Additional Information:
                         Privileges    -
Source             : Microsoft-Windows-Security-Auditing
ReplacementStrings : {mahendra, MAS-NOIDA, S-1-5-21-2373504117-2689643630-3100359099-2438,
                     S-1-5-21-2373504117-2689643630-3100359099-2600...}
InstanceId         : 4726
TimeGenerated      : 1/28/2023 6:59:08 AM
TimeWritten        : 1/28/2023 6:59:08 AM
UserName           :
Site               :
Container          :

EventID            : 4726
MachineName        : DC.mas-noida.com
Data               : {}
Index              : 2766673
Category           : (13824)
CategoryNumber     : 13824
EntryType          : SuccessAudit
Message            : A user account was deleted.

                     Subject:
                         Security ID:        S-1-5-21-2373504117-2689643630-3100359099-2600
                         Account Name:        prateeks
                         Account Domain:        MAS-NOIDA
                         Logon ID:        0x7262826

                     Target Account:
                         Security ID:        S-1-5-21-2373504117-2689643630-3100359099-10183
                         Account Name:        MAS50618
                         Account Domain:        MAS-NOIDA

                     Additional Information:
                         Privileges    -
Source             : Microsoft-Windows-Security-Auditing
ReplacementStrings : {MAS50618, MAS-NOIDA, S-1-5-21-2373504117-2689643630-3100359099-10183,
                     S-1-5-21-2373504117-2689643630-3100359099-2600...}
InstanceId         : 4726
TimeGenerated      : 1/28/2023 6:57:32 AM
TimeWritten        : 1/28/2023 6:57:32 AM
UserName           :
Site               :
Container          :

EventID            : 4726
MachineName        : DC.mas-noida.com
Data               : {}
Index              : 2766636
Category           : (13824)
CategoryNumber     : 13824
EntryType          : SuccessAudit
Message            : A user account was deleted.

                     Subject:
                         Security ID:        S-1-5-21-2373504117-2689643630-3100359099-2600
                         Account Name:        prateeks
                         Account Domain:        MAS-NOIDA
                         Logon ID:        0x7262826

                     Target Account:
                         Security ID:        S-1-5-21-2373504117-2689643630-3100359099-10645
                         Account Name:        MAS51504
                         Account Domain:        MAS-NOIDA

                     Additional Information:
                         Privileges    -
Source             : Microsoft-Windows-Security-Auditing
ReplacementStrings : {MAS51504, MAS-NOIDA, S-1-5-21-2373504117-2689643630-3100359099-10645,
                     S-1-5-21-2373504117-2689643630-3100359099-2600...}
InstanceId         : 4726
TimeGenerated      : 1/28/2023 6:57:17 AM
TimeWritten        : 1/28/2023 6:57:17 AM
UserName           :
Site               :
Container          :

EventID            : 4726
MachineName        : DC.mas-noida.com
Data               : {}
Index              : 2766605
Category           : (13824)
CategoryNumber     : 13824
EntryType          : SuccessAudit
Message            : A user account was deleted.

                     Subject:
                         Security ID:        S-1-5-21-2373504117-2689643630-3100359099-2600
                         Account Name:        prateeks
                         Account Domain:        MAS-NOIDA
                         Logon ID:        0x7262826

                     Target Account:
                         Security ID:        S-1-5-21-2373504117-2689643630-3100359099-9697
                         Account Name:        MAS51399
                         Account Domain:        MAS-NOIDA

                     Additional Information:
                         Privileges    -
Source             : Microsoft-Windows-Security-Auditing
ReplacementStrings : {MAS51399, MAS-NOIDA, S-1-5-21-2373504117-2689643630-3100359099-9697,
                     S-1-5-21-2373504117-2689643630-3100359099-2600...}
InstanceId         : 4726
TimeGenerated      : 1/28/2023 6:57:00 AM
TimeWritten        : 1/28/2023 6:57:00 AM
UserName           :
Site               :
Container          :

EventID            : 4726
MachineName        : DC.mas-noida.com
Data               : {}
Index              : 2766566
Category           : (13824)
CategoryNumber     : 13824
EntryType          : SuccessAudit
Message            : A user account was deleted.

                     Subject:
                         Security ID:        S-1-5-21-2373504117-2689643630-3100359099-2600
                         Account Name:        prateeks
                         Account Domain:        MAS-NOIDA
                         Logon ID:        0x7262826

                     Target Account:
                         Security ID:        S-1-5-21-2373504117-2689643630-3100359099-9676
                         Account Name:        MAS51101
                         Account Domain:        MAS-NOIDA

                     Additional Information:
                         Privileges    -
Source             : Microsoft-Windows-Security-Auditing
ReplacementStrings : {MAS51101, MAS-NOIDA, S-1-5-21-2373504117-2689643630-3100359099-9676,
                     S-1-5-21-2373504117-2689643630-3100359099-2600...}
InstanceId         : 4726
TimeGenerated      : 1/28/2023 6:56:46 AM
TimeWritten        : 1/28/2023 6:56:46 AM
UserName           :
Site               :
Container          :

EventID            : 4726
MachineName        : DC.mas-noida.com
Data               : {}
Index              : 2766348
Category           : (13824)
CategoryNumber     : 13824
EntryType          : SuccessAudit
Message            : A user account was deleted.

                     Subject:
                         Security ID:        S-1-5-21-2373504117-2689643630-3100359099-2600
                         Account Name:        prateeks
                         Account Domain:        MAS-NOIDA
                         Logon ID:        0x7262826

                     Target Account:
                         Security ID:        S-1-5-21-2373504117-2689643630-3100359099-10641
                         Account Name:        MAS51500
                         Account Domain:        MAS-NOIDA

                     Additional Information:
                         Privileges    -
