EventID            : 4726
MachineName        : DC.mas-noida.com
Data               : {}
Index              : 40378507
Category           : (13824)
CategoryNumber     : 13824
EntryType          : SuccessAudit
Message            : A user account was deleted.

                     Subject:
                         Security ID:        S-1-5-21-2373504117-2689643630-3100359099-1499
                         Account Name:        anupk
                         Account Domain:        MAS-NOIDA
                         Logon ID:        0x18f9fec79

                     Target Account:
                         Security ID:        S-1-5-21-2373504117-2689643630-3100359099-15606
                         Account Name:        MAS53368
                         Account Domain:        MAS-NOIDA

                     Additional Information:
                         Privileges    -
Source             : Microsoft-Windows-Security-Auditing
ReplacementStrings : {MAS53368, MAS-NOIDA, S-1-5-21-2373504117-2689643630-3100359099-15606,
                     S-1-5-21-2373504117-2689643630-3100359099-1499...}
InstanceId         : 4726
TimeGenerated      : 9/4/2023 1:49:51 PM
TimeWritten        : 9/4/2023 1:49:51 PM
UserName           :
Site               :
Container          :

EventID            : 4726
MachineName        : DC.mas-noida.com
Data               : {}
Index              : 40378469
Category           : (13824)
CategoryNumber     : 13824
EntryType          : SuccessAudit
Message            : A user account was deleted.

                     Subject:
                         Security ID:        S-1-5-21-2373504117-2689643630-3100359099-1499
                         Account Name:        anupk
                         Account Domain:        MAS-NOIDA
                         Logon ID:        0x18f9fec79

                     Target Account:
                         Security ID:        S-1-5-21-2373504117-2689643630-3100359099-15100
                         Account Name:        MAS53362
                         Account Domain:        MAS-NOIDA

                     Additional Information:
                         Privileges    -
Source             : Microsoft-Windows-Security-Auditing
ReplacementStrings : {MAS53362, MAS-NOIDA, S-1-5-21-2373504117-2689643630-3100359099-15100,
                     S-1-5-21-2373504117-2689643630-3100359099-1499...}
InstanceId         : 4726
TimeGenerated      : 9/4/2023 1:49:37 PM
TimeWritten        : 9/4/2023 1:49:37 PM
UserName           :
Site               :
Container          :

EventID            : 4726
MachineName        : DC.mas-noida.com
Data               : {}
Index              : 40378444
Category           : (13824)
CategoryNumber     : 13824
EntryType          : SuccessAudit
Message            : A user account was deleted.

                     Subject:
                         Security ID:        S-1-5-21-2373504117-2689643630-3100359099-1499
                         Account Name:        anupk
                         Account Domain:        MAS-NOIDA
                         Logon ID:        0x18f9fec79

                     Target Account:
                         Security ID:        S-1-5-21-2373504117-2689643630-3100359099-9702
                         Account Name:        MAS51396
                         Account Domain:        MAS-NOIDA

                     Additional Information:
                         Privileges    -
Source             : Microsoft-Windows-Security-Auditing
ReplacementStrings : {MAS51396, MAS-NOIDA, S-1-5-21-2373504117-2689643630-3100359099-9702,
                     S-1-5-21-2373504117-2689643630-3100359099-1499...}
InstanceId         : 4726
TimeGenerated      : 9/4/2023 1:49:27 PM
TimeWritten        : 9/4/2023 1:49:27 PM
UserName           :
Site               :
Container          :

EventID            : 4726
MachineName        : DC.mas-noida.com
Data               : {}
Index              : 40364463
Category           : (13824)
CategoryNumber     : 13824
EntryType          : SuccessAudit
Message            : A user account was deleted.

                     Subject:
                         Security ID:        S-1-5-21-2373504117-2689643630-3100359099-1499
                         Account Name:        anupk
                         Account Domain:        MAS-NOIDA
                         Logon ID:        0x18f8ac885

                     Target Account:
                         Security ID:        S-1-5-21-2373504117-2689643630-3100359099-5976
                         Account Name:        MAS47984
                         Account Domain:        MAS-NOIDA

                     Additional Information:
                         Privileges    -
Source             : Microsoft-Windows-Security-Auditing
ReplacementStrings : {MAS47984, MAS-NOIDA, S-1-5-21-2373504117-2689643630-3100359099-5976,
                     S-1-5-21-2373504117-2689643630-3100359099-1499...}
InstanceId         : 4726
TimeGenerated      : 9/4/2023 12:27:22 PM
TimeWritten        : 9/4/2023 12:27:22 PM
UserName           :
Site               :
Container          :

EventID            : 4726
MachineName        : DC.mas-noida.com
Data               : {}
Index              : 40364443
Category           : (13824)
CategoryNumber     : 13824
EntryType          : SuccessAudit
Message            : A user account was deleted.

                     Subject:
                         Security ID:        S-1-5-21-2373504117-2689643630-3100359099-1499
                         Account Name:        anupk
                         Account Domain:        MAS-NOIDA
                         Logon ID:        0x18f8ac885

                     Target Account:
                         Security ID:        S-1-5-21-2373504117-2689643630-3100359099-8808
                         Account Name:        MAS50710
                         Account Domain:        MAS-NOIDA

                     Additional Information:
                         Privileges    -
Source             : Microsoft-Windows-Security-Auditing
ReplacementStrings : {MAS50710, MAS-NOIDA, S-1-5-21-2373504117-2689643630-3100359099-8808,
                     S-1-5-21-2373504117-2689643630-3100359099-1499...}
InstanceId         : 4726
TimeGenerated      : 9/4/2023 12:27:19 PM
TimeWritten        : 9/4/2023 12:27:19 PM
UserName           :
Site               :
Container          :

EventID            : 4726
MachineName        : DC.mas-noida.com
Data               : {}
Index              : 40080586
Category           : (13824)
CategoryNumber     : 13824
EntryType          : SuccessAudit
Message            : A user account was deleted.

                     Subject:
                         Security ID:        S-1-5-21-2373504117-2689643630-3100359099-1483
                         Account Name:        mayank
                         Account Domain:        MAS-NOIDA
                         Logon ID:        0x18d8526d7

                     Target Account:
                         Security ID:        S-1-5-21-2373504117-2689643630-3100359099-15856
                         Account Name:        MAS53633
                         Account Domain:        MAS-NOIDA

                     Additional Information:
                         Privileges    -
Source             : Microsoft-Windows-Security-Auditing
ReplacementStrings : {MAS53633, MAS-NOIDA, S-1-5-21-2373504117-2689643630-3100359099-15856,
                     S-1-5-21-2373504117-2689643630-3100359099-1483...}
InstanceId         : 4726
TimeGenerated      : 9/2/2023 8:16:52 PM
TimeWritten        : 9/2/2023 8:16:52 PM
UserName           :
Site               :
Container          :

EventID            : 4726
MachineName        : DC.mas-noida.com
Data               : {}
Index              : 40042338
Category           : (13824)
CategoryNumber     : 13824
EntryType          : SuccessAudit
Message            : A user account was deleted.

                     Subject:
                         Security ID:        S-1-5-21-2373504117-2689643630-3100359099-1499
                         Account Name:        anupk
                         Account Domain:        MAS-NOIDA
                         Logon ID:        0x187c0e1d6

                     Target Account:
                         Security ID:        S-1-5-21-2373504117-2689643630-3100359099-15874
                         Account Name:        MAS53670
                         Account Domain:        MAS-NOIDA

                     Additional Information:
                         Privileges    -
Source             : Microsoft-Windows-Security-Auditing
ReplacementStrings : {MAS53670, MAS-NOIDA, S-1-5-21-2373504117-2689643630-3100359099-15874,
                     S-1-5-21-2373504117-2689643630-3100359099-1499...}
InstanceId         : 4726
TimeGenerated      : 9/2/2023 4:29:47 PM
TimeWritten        : 9/2/2023 4:29:47 PM
UserName           :
Site               :
Container          :

EventID            : 4726
MachineName        : DC.mas-noida.com
Data               : {}
Index              : 40037937
Category           : (13824)
CategoryNumber     : 13824
EntryType          : SuccessAudit
Message            : A user account was deleted.

                     Subject:
                         Security ID:        S-1-5-21-2373504117-2689643630-3100359099-1499
                         Account Name:        anupk
                         Account Domain:        MAS-NOIDA
                         Logon ID:        0x187c0e1d6

                     Target Account:
                         Security ID:        S-1-5-21-2373504117-2689643630-3100359099-15618
                         Account Name:        MAS53380
                         Account Domain:        MAS-NOIDA

                     Additional Information:
                         Privileges    -
Source             : Microsoft-Windows-Security-Auditing
ReplacementStrings : {MAS53380, MAS-NOIDA, S-1-5-21-2373504117-2689643630-3100359099-15618,
                     S-1-5-21-2373504117-2689643630-3100359099-1499...}
InstanceId         : 4726
TimeGenerated      : 9/2/2023 4:05:41 PM
TimeWritten        : 9/2/2023 4:05:41 PM
UserName           :
Site               :
Container          :

EventID            : 4726
MachineName        : DC.mas-noida.com
Data               : {}
Index              : 40037901
Category           : (13824)
CategoryNumber     : 13824
EntryType          : SuccessAudit
Message            : A user account was deleted.

                     Subject:
                         Security ID:        S-1-5-21-2373504117-2689643630-3100359099-1499
                         Account Name:        anupk
                         Account Domain:        MAS-NOIDA
                         Logon ID:        0x187c0e1d6

                     Target Account:
                         Security ID:        S-1-5-21-2373504117-2689643630-3100359099-15058
                         Account Name:        MAS53300
                         Account Domain:        MAS-NOIDA

                     Additional Information:
                         Privileges    -
Source             : Microsoft-Windows-Security-Auditing
ReplacementStrings : {MAS53300, MAS-NOIDA, S-1-5-21-2373504117-2689643630-3100359099-15058,
                     S-1-5-21-2373504117-2689643630-3100359099-1499...}
InstanceId         : 4726
TimeGenerated      : 9/2/2023 4:05:30 PM
TimeWritten        : 9/2/2023 4:05:30 PM
UserName           :
Site               :
Container          :

EventID            : 4726
MachineName        : DC.mas-noida.com
Data               : {}
Index              : 40037862
Category           : (13824)
CategoryNumber     : 13824
EntryType          : SuccessAudit
Message            : A user account was deleted.

                     Subject:
                         Security ID:        S-1-5-21-2373504117-2689643630-3100359099-1499
                         Account Name:        anupk
                         Account Domain:        MAS-NOIDA
                         Logon ID:        0x187c0e1d6

                     Target Account:
                         Security ID:        S-1-5-21-2373504117-2689643630-3100359099-15007
                         Account Name:        MAS53227
                         Account Domain:        MAS-NOIDA

                     Additional Information:
                         Privileges    -
Source             : Microsoft-Windows-Security-Auditing
ReplacementStrings : {MAS53227, MAS-NOIDA, S-1-5-21-2373504117-2689643630-3100359099-15007,
                     S-1-5-21-2373504117-2689643630-3100359099-1499...}
InstanceId         : 4726
TimeGenerated      : 9/2/2023 4:05:19 PM
TimeWritten        : 9/2/2023 4:05:19 PM
UserName           :
Site               :
Container          :

EventID            : 4726
MachineName        : DC.mas-noida.com
Data               : {}
Index              : 40037788
Category           : (13824)
CategoryNumber     : 13824
EntryType          : SuccessAudit
Message            : A user account was deleted.

                     Subject:
                         Security ID:        S-1-5-21-2373504117-2689643630-3100359099-1499
                         Account Name:        anupk
                         Account Domain:        MAS-NOIDA
                         Logon ID:        0x187c0e1d6

                     Target Account:
                         Security ID:        S-1-5-21-2373504117-2689643630-3100359099-14677
                         Account Name:        MAS52856
                         Account Domain:        MAS-NOIDA

                     Additional Information:
                         Privileges    -
Source             : Microsoft-Windows-Security-Auditing
ReplacementStrings : {MAS52856, MAS-NOIDA, S-1-5-21-2373504117-2689643630-3100359099-14677,
                     S-1-5-21-2373504117-2689643630-3100359099-1499...}
InstanceId         : 4726
TimeGenerated      : 9/2/2023 4:05:02 PM
TimeWritten        : 9/2/2023 4:05:02 PM
UserName           :
Site               :
Container          :

EventID            : 4726
MachineName        : DC.mas-noida.com
Data               : {}
Index              : 40037739
Category           : (13824)
CategoryNumber     : 13824
EntryType          : SuccessAudit
Message            : A user account was deleted.

                     Subject:
                         Security ID:        S-1-5-21-2373504117-2689643630-3100359099-1499
                         Account Name:        anupk
                         Account Domain:        MAS-NOIDA
                         Logon ID:        0x187c0e1d6

                     Target Account:
                         Security ID:        S-1-5-21-2373504117-2689643630-3100359099-14631
                         Account Name:        MAS52805
                         Account Domain:        MAS-NOIDA

                     Additional Information:
                         Privileges    -
Source             : Microsoft-Windows-Security-Auditing
ReplacementStrings : {MAS52805, MAS-NOIDA, S-1-5-21-2373504117-2689643630-3100359099-14631,
                     S-1-5-21-2373504117-2689643630-3100359099-1499...}
InstanceId         : 4726
TimeGenerated      : 9/2/2023 4:04:46 PM
TimeWritten        : 9/2/2023 4:04:46 PM
UserName           :
Site               :
Container          :

EventID            : 4726
MachineName        : DC.mas-noida.com
Data               : {}
Index              : 40037694
Category           : (13824)
CategoryNumber     : 13824
EntryType          : SuccessAudit
Message            : A user account was deleted.

                     Subject:
                         Security ID:        S-1-5-21-2373504117-2689643630-3100359099-1499
                         Account Name:        anupk
                         Account Domain:        MAS-NOIDA
                         Logon ID:        0x187c0e1d6

                     Target Account:
                         Security ID:        S-1-5-21-2373504117-2689643630-3100359099-13569
                         Account Name:        MAS52755
                         Account Domain:        MAS-NOIDA

                     Additional Information:
                         Privileges    -
Source             : Microsoft-Windows-Security-Auditing
ReplacementStrings : {MAS52755, MAS-NOIDA, S-1-5-21-2373504117-2689643630-3100359099-13569,
                     S-1-5-21-2373504117-2689643630-3100359099-1499...}
InstanceId         : 4726
TimeGenerated      : 9/2/2023 4:04:37 PM
TimeWritten        : 9/2/2023 4:04:37 PM
UserName           :
Site               :
Container          :

EventID            : 4726
MachineName        : DC.mas-noida.com
Data               : {}
Index              : 40037653
Category           : (13824)
CategoryNumber     : 13824
EntryType          : SuccessAudit
Message            : A user account was deleted.

                     Subject:
                         Security ID:        S-1-5-21-2373504117-2689643630-3100359099-1499
                         Account Name:        anupk
                         Account Domain:        MAS-NOIDA
                         Logon ID:        0x187c0e1d6

                     Target Account:
                         Security ID:        S-1-5-21-2373504117-2689643630-3100359099-6195
                         Account Name:        MAS48179
                         Account Domain:        MAS-NOIDA

                     Additional Information:
                         Privileges    -
Source             : Microsoft-Windows-Security-Auditing
ReplacementStrings : {MAS48179, MAS-NOIDA, S-1-5-21-2373504117-2689643630-3100359099-6195,
                     S-1-5-21-2373504117-2689643630-3100359099-1499...}
InstanceId         : 4726
TimeGenerated      : 9/2/2023 4:04:25 PM
TimeWritten        : 9/2/2023 4:04:25 PM
UserName           :
Site               :
Container          :

EventID            : 4726
MachineName        : DC.mas-noida.com
Data               : {}
Index              : 39835051
Category           : (13824)
CategoryNumber     : 13824
EntryType          : SuccessAudit
Message            : A user account was deleted.

                     Subject:
                         Security ID:        S-1-5-21-2373504117-2689643630-3100359099-1499
                         Account Name:        anupk
                         Account Domain:        MAS-NOIDA
                         Logon ID:        0x16eb10bfd

                     Target Account:
                         Security ID:        S-1-5-21-2373504117-2689643630-3100359099-12483
                         Account Name:        MAS51915
                         Account Domain:        MAS-NOIDA

                     Additional Information:
                         Privileges    -
Source             : Microsoft-Windows-Security-Auditing
ReplacementStrings : {MAS51915, MAS-NOIDA, S-1-5-21-2373504117-2689643630-3100359099-12483,
                     S-1-5-21-2373504117-2689643630-3100359099-1499...}
InstanceId         : 4726
TimeGenerated      : 9/1/2023 4:32:21 PM
TimeWritten        : 9/1/2023 4:32:21 PM
UserName           :
Site               :
Container          :

EventID            : 4726
MachineName        : DC.mas-noida.com
Data               : {}
Index              : 39835013
Category           : (13824)
CategoryNumber     : 13824
EntryType          : SuccessAudit
Message            : A user account was deleted.

                     Subject:
                         Security ID:        S-1-5-21-2373504117-2689643630-3100359099-1499
                         Account Name:        anupk
                         Account Domain:        MAS-NOIDA
                         Logon ID:        0x16eb10bfd

                     Target Account:
                         Security ID:        S-1-5-21-2373504117-2689643630-3100359099-14656
                         Account Name:        MAS52850
                         Account Domain:        MAS-NOIDA

                     Additional Information:
                         Privileges    -
Source             : Microsoft-Windows-Security-Auditing
ReplacementStrings : {MAS52850, MAS-NOIDA, S-1-5-21-2373504117-2689643630-3100359099-14656,
                     S-1-5-21-2373504117-2689643630-3100359099-1499...}
InstanceId         : 4726
TimeGenerated      : 9/1/2023 4:32:12 PM
TimeWritten        : 9/1/2023 4:32:12 PM
UserName           :
Site               :
Container          :

EventID            : 4726
MachineName        : DC.mas-noida.com
Data               : {}
Index              : 39834981
Category           : (13824)
CategoryNumber     : 13824
EntryType          : SuccessAudit
Message            : A user account was deleted.

                     Subject:
                         Security ID:        S-1-5-21-2373504117-2689643630-3100359099-1499
                         Account Name:        anupk
                         Account Domain:        MAS-NOIDA
                         Logon ID:        0x16eb10bfd

                     Target Account:
                         Security ID:        S-1-5-21-2373504117-2689643630-3100359099-14834
                         Account Name:        MAS53025
                         Account Domain:        MAS-NOIDA

                     Additional Information:
                         Privileges    -
Source             : Microsoft-Windows-Security-Auditing
ReplacementStrings : {MAS53025, MAS-NOIDA, S-1-5-21-2373504117-2689643630-3100359099-14834,
                     S-1-5-21-2373504117-2689643630-3100359099-1499...}
InstanceId         : 4726
TimeGenerated      : 9/1/2023 4:32:02 PM
TimeWritten        : 9/1/2023 4:32:02 PM
UserName           :
Site               :
Container          :

EventID            : 4726
MachineName        : DC.mas-noida.com
Data               : {}
Index              : 39834945
Category           : (13824)
CategoryNumber     : 13824
EntryType          : SuccessAudit
Message            : A user account was deleted.

                     Subject:
                         Security ID:        S-1-5-21-2373504117-2689643630-3100359099-1499
                         Account Name:        anupk
                         Account Domain:        MAS-NOIDA
                         Logon ID:        0x16eb10bfd

                     Target Account:
                         Security ID:        S-1-5-21-2373504117-2689643630-3100359099-14962
                         Account Name:        MAS53159
                         Account Domain:        MAS-NOIDA

                     Additional Information:
                         Privileges    -
Source             : Microsoft-Windows-Security-Auditing
ReplacementStrings : {MAS53159, MAS-NOIDA, S-1-5-21-2373504117-2689643630-3100359099-14962,
                     S-1-5-21-2373504117-2689643630-3100359099-1499...}
InstanceId         : 4726
TimeGenerated      : 9/1/2023 4:31:52 PM
TimeWritten        : 9/1/2023 4:31:52 PM
UserName           :
Site               :
Container          :

EventID            : 4726
MachineName        : DC.mas-noida.com
Data               : {}
Index              : 39834868
Category           : (13824)
CategoryNumber     : 13824
EntryType          : SuccessAudit
Message            : A user account was deleted.

                     Subject:
                         Security ID:        S-1-5-21-2373504117-2689643630-3100359099-1499
                         Account Name:        anupk
                         Account Domain:        MAS-NOIDA
                         Logon ID:        0x16eb10bfd

                     Target Account:
                         Security ID:        S-1-5-21-2373504117-2689643630-3100359099-15631
                         Account Name:        MAS53401
                         Account Domain:        MAS-NOIDA

                     Additional Information:
                         Privileges    -
Source             : Microsoft-Windows-Security-Auditing
ReplacementStrings : {MAS53401, MAS-NOIDA, S-1-5-21-2373504117-2689643630-3100359099-15631,
                     S-1-5-21-2373504117-2689643630-3100359099-1499...}
InstanceId         : 4726
TimeGenerated      : 9/1/2023 4:31:31 PM
TimeWritten        : 9/1/2023 4:31:31 PM
UserName           :
Site               :
Container          :

EventID            : 4726
MachineName        : DC.mas-noida.com
Data               : {}
Index              : 39834775
Category           : (13824)
CategoryNumber     : 13824
EntryType          : SuccessAudit
Message            : A user account was deleted.

                     Subject:
                         Security ID:        S-1-5-21-2373504117-2689643630-3100359099-1499
                         Account Name:        anupk
                         Account Domain:        MAS-NOIDA
                         Logon ID:        0x16eb10bfd

                     Target Account:
                         Security ID:        S-1-5-21-2373504117-2689643630-3100359099-15679
                         Account Name:        MAS53455
                         Account Domain:        MAS-NOIDA

                     Additional Information:
                         Privileges    -
Source             : Microsoft-Windows-Security-Auditing
ReplacementStrings : {MAS53455, MAS-NOIDA, S-1-5-21-2373504117-2689643630-3100359099-15679,
                     S-1-5-21-2373504117-2689643630-3100359099-1499...}
InstanceId         : 4726
TimeGenerated      : 9/1/2023 4:31:01 PM
TimeWritten        : 9/1/2023 4:31:01 PM
UserName           :
Site               :
Container          :

EventID            : 4726
MachineName        : DC.mas-noida.com
Data               : {}
Index              : 39834746
Category           : (13824)
CategoryNumber     : 13824
EntryType          : SuccessAudit
Message            : A user account was deleted.

                     Subject:
                         Security ID:        S-1-5-21-2373504117-2689643630-3100359099-1499
                         Account Name:        anupk
                         Account Domain:        MAS-NOIDA
                         Logon ID:        0x16eb10bfd

                     Target Account:
                         Security ID:        S-1-5-21-2373504117-2689643630-3100359099-15720
                         Account Name:        MAS53501
                         Account Domain:        MAS-NOIDA

                     Additional Information:
                         Privileges    -
Source             : Microsoft-Windows-Security-Auditing
ReplacementStrings : {MAS53501, MAS-NOIDA, S-1-5-21-2373504117-2689643630-3100359099-15720,
                     S-1-5-21-2373504117-2689643630-3100359099-1499...}
InstanceId         : 4726
TimeGenerated      : 9/1/2023 4:30:51 PM
TimeWritten        : 9/1/2023 4:30:51 PM
UserName           :
Site               :
Container          :

EventID            : 4726
MachineName        : DC.mas-noida.com
Data               : {}
Index              : 39834688
Category           : (13824)
CategoryNumber     : 13824
EntryType          : SuccessAudit
Message            : A user account was deleted.

                     Subject:
                         Security ID:        S-1-5-21-2373504117-2689643630-3100359099-1499
                         Account Name:        anupk
                         Account Domain:        MAS-NOIDA
                         Logon ID:        0x16eb10bfd

                     Target Account:
                         Security ID:        S-1-5-21-2373504117-2689643630-3100359099-15797
                         Account Name:        MAS53582
                         Account Domain:        MAS-NOIDA

                     Additional Information:
                         Privileges    -
Source             : Microsoft-Windows-Security-Auditing
ReplacementStrings : {MAS53582, MAS-NOIDA, S-1-5-21-2373504117-2689643630-3100359099-15797,
                     S-1-5-21-2373504117-2689643630-3100359099-1499...}
InstanceId         : 4726
TimeGenerated      : 9/1/2023 4:30:39 PM
TimeWritten        : 9/1/2023 4:30:39 PM
UserName           :
Site               :
Container          :

EventID            : 4726
MachineName        : DC.mas-noida.com
Data               : {}
Index              : 39834667
Category           : (13824)
CategoryNumber     : 13824
EntryType          : SuccessAudit
Message            : A user account was deleted.

                     Subject:
                         Security ID:        S-1-5-21-2373504117-2689643630-3100359099-1499
                         Account Name:        anupk
                         Account Domain:        MAS-NOIDA
                         Logon ID:        0x16eb10bfd

                     Target Account:
                         Security ID:        S-1-5-21-2373504117-2689643630-3100359099-15803
                         Account Name:        MAS53588
                         Account Domain:        MAS-NOIDA

                     Additional Information:
                         Privileges    -
Source             : Microsoft-Windows-Security-Auditing
ReplacementStrings : {MAS53588, MAS-NOIDA, S-1-5-21-2373504117-2689643630-3100359099-15803,
                     S-1-5-21-2373504117-2689643630-3100359099-1499...}
InstanceId         : 4726
TimeGenerated      : 9/1/2023 4:30:28 PM
TimeWritten        : 9/1/2023 4:30:28 PM
UserName           :
Site               :
Container          :

EventID            : 4726
MachineName        : DC.mas-noida.com
Data               : {}
Index              : 39834588
Category           : (13824)
CategoryNumber     : 13824
EntryType          : SuccessAudit
Message            : A user account was deleted.

                     Subject:
                         Security ID:        S-1-5-21-2373504117-2689643630-3100359099-1499
                         Account Name:        anupk
                         Account Domain:        MAS-NOIDA
                         Logon ID:        0x16eb10bfd

                     Target Account:
                         Security ID:        S-1-5-21-2373504117-2689643630-3100359099-15805
                         Account Name:        MAS53590
                         Account Domain:        MAS-NOIDA

                     Additional Information:
                         Privileges    -
Source             : Microsoft-Windows-Security-Auditing
ReplacementStrings : {MAS53590, MAS-NOIDA, S-1-5-21-2373504117-2689643630-3100359099-15805,
                     S-1-5-21-2373504117-2689643630-3100359099-1499...}
InstanceId         : 4726
TimeGenerated      : 9/1/2023 4:30:02 PM
TimeWritten        : 9/1/2023 4:30:02 PM
UserName           :
Site               :
Container          :


Windows PowerShell
Copyright (C) 2014 Microsoft Corporation. All rights reserved.

PS C:\Windows\system32> Get-EventLog -LogName Security | Where-Object {$_.EventID -eq 4726} | Select-Object -Property *


EventID            : 4726
MachineName        : DC.mas-noida.com
Data               : {}
Index              : 42617512
Category           : (13824)
CategoryNumber     : 13824
EntryType          : SuccessAudit
Message            : A user account was deleted.

                     Subject:
                         Security ID:        S-1-5-21-2373504117-2689643630-3100359099-1499
                         Account Name:        anupk
                         Account Domain:        MAS-NOIDA
                         Logon ID:        0xf072f58

                     Target Account:
                         Security ID:        S-1-5-21-2373504117-2689643630-3100359099-6171
                         Account Name:        MAS49416
                         Account Domain:        MAS-NOIDA

                     Additional Information:
                         Privileges    -
Source             : Microsoft-Windows-Security-Auditing
ReplacementStrings : {MAS49416, MAS-NOIDA, S-1-5-21-2373504117-2689643630-3100359099-6171,
                     S-1-5-21-2373504117-2689643630-3100359099-1499...}
InstanceId         : 4726
TimeGenerated      : 9/16/2023 12:26:02 PM
TimeWritten        : 9/16/2023 12:26:02 PM
UserName           :
Site               :
Container          :

EventID            : 4726
MachineName        : DC.mas-noida.com
Data               : {}
Index              : 42617495
Category           : (13824)
CategoryNumber     : 13824
EntryType          : SuccessAudit
Message            : A user account was deleted.

                     Subject:
                         Security ID:        S-1-5-21-2373504117-2689643630-3100359099-1499
                         Account Name:        anupk
                         Account Domain:        MAS-NOIDA
                         Logon ID:        0xf072f58

                     Target Account:
                         Security ID:        S-1-5-21-2373504117-2689643630-3100359099-13494
                         Account Name:        MAS52666
                         Account Domain:        MAS-NOIDA

                     Additional Information:
                         Privileges    -
Source             : Microsoft-Windows-Security-Auditing
ReplacementStrings : {MAS52666, MAS-NOIDA, S-1-5-21-2373504117-2689643630-3100359099-13494,
                     S-1-5-21-2373504117-2689643630-3100359099-1499...}
InstanceId         : 4726
TimeGenerated      : 9/16/2023 12:25:52 PM
TimeWritten        : 9/16/2023 12:25:52 PM
UserName           :
Site               :
Container          :

EventID            : 4726
MachineName        : DC.mas-noida.com
Data               : {}
Index              : 42617463
Category           : (13824)
CategoryNumber     : 13824
EntryType          : SuccessAudit
Message            : A user account was deleted.

                     Subject:
                         Security ID:        S-1-5-21-2373504117-2689643630-3100359099-1499
                         Account Name:        anupk
                         Account Domain:        MAS-NOIDA
                         Logon ID:        0xf072f58

                     Target Account:
                         Security ID:        S-1-5-21-2373504117-2689643630-3100359099-14779
                         Account Name:        MAS52972
                         Account Domain:        MAS-NOIDA

                     Additional Information:
                         Privileges    -
Source             : Microsoft-Windows-Security-Auditing
ReplacementStrings : {MAS52972, MAS-NOIDA, S-1-5-21-2373504117-2689643630-3100359099-14779,
                     S-1-5-21-2373504117-2689643630-3100359099-1499...}
InstanceId         : 4726
TimeGenerated      : 9/16/2023 12:25:42 PM
TimeWritten        : 9/16/2023 12:25:42 PM
UserName           :
Site               :
Container          :

EventID            : 4726
MachineName        : DC.mas-noida.com
Data               : {}
Index              : 42617445
Category           : (13824)
CategoryNumber     : 13824
EntryType          : SuccessAudit
Message            : A user account was deleted.

                     Subject:
                         Security ID:        S-1-5-21-2373504117-2689643630-3100359099-1499
                         Account Name:        anupk
                         Account Domain:        MAS-NOIDA
                         Logon ID:        0xf072f58

                     Target Account:
                         Security ID:        S-1-5-21-2373504117-2689643630-3100359099-15002
                         Account Name:        MAS53222
                         Account Domain:        MAS-NOIDA

                     Additional Information:
                         Privileges    -
Source             : Microsoft-Windows-Security-Auditing
ReplacementStrings : {MAS53222, MAS-NOIDA, S-1-5-21-2373504117-2689643630-3100359099-15002,
                     S-1-5-21-2373504117-2689643630-3100359099-1499...}
InstanceId         : 4726
TimeGenerated      : 9/16/2023 12:25:31 PM
TimeWritten        : 9/16/2023 12:25:31 PM
UserName           :
Site               :
Container          :

EventID            : 4726
MachineName        : DC.mas-noida.com
Data               : {}
Index              : 42617426
Category           : (13824)
CategoryNumber     : 13824
EntryType          : SuccessAudit
Message            : A user account was deleted.

                     Subject:
                         Security ID:        S-1-5-21-2373504117-2689643630-3100359099-1499
                         Account Name:        anupk
                         Account Domain:        MAS-NOIDA
                         Logon ID:        0xf072f58

                     Target Account:
                         Security ID:        S-1-5-21-2373504117-2689643630-3100359099-15006
                         Account Name:        MAS53226
                         Account Domain:        MAS-NOIDA

                     Additional Information:
                         Privileges    -
Source             : Microsoft-Windows-Security-Auditing
ReplacementStrings : {MAS53226, MAS-NOIDA, S-1-5-21-2373504117-2689643630-3100359099-15006,
                     S-1-5-21-2373504117-2689643630-3100359099-1499...}
InstanceId         : 4726
TimeGenerated      : 9/16/2023 12:25:21 PM
TimeWritten        : 9/16/2023 12:25:21 PM
UserName           :
Site               :
Container          :

EventID            : 4726
MachineName        : DC.mas-noida.com
Data               : {}
Index              : 42617407
Category           : (13824)
CategoryNumber     : 13824
EntryType          : SuccessAudit
Message            : A user account was deleted.

                     Subject:
                         Security ID:        S-1-5-21-2373504117-2689643630-3100359099-1499
                         Account Name:        anupk
                         Account Domain:        MAS-NOIDA
                         Logon ID:        0xf072f58

                     Target Account:
                         Security ID:        S-1-5-21-2373504117-2689643630-3100359099-15065
                         Account Name:        MAS53307
                         Account Domain:        MAS-NOIDA

                     Additional Information:
                         Privileges    -
Source             : Microsoft-Windows-Security-Auditing
ReplacementStrings : {MAS53307, MAS-NOIDA, S-1-5-21-2373504117-2689643630-3100359099-15065,
                     S-1-5-21-2373504117-2689643630-3100359099-1499...}
InstanceId         : 4726
TimeGenerated      : 9/16/2023 12:25:10 PM
TimeWritten        : 9/16/2023 12:25:10 PM
UserName           :
Site               :
Container          :

EventID            : 4726
MachineName        : DC.mas-noida.com
Data               : {}
Index              : 42617378
Category           : (13824)
CategoryNumber     : 13824
EntryType          : SuccessAudit
Message            : A user account was deleted.

                     Subject:
                         Security ID:        S-1-5-21-2373504117-2689643630-3100359099-1499
                         Account Name:        anupk
                         Account Domain:        MAS-NOIDA
                         Logon ID:        0xf072f58

                     Target Account:
                         Security ID:        S-1-5-21-2373504117-2689643630-3100359099-15096
                         Account Name:        MAS53358
                         Account Domain:        MAS-NOIDA

                     Additional Information:
                         Privileges    -
Source             : Microsoft-Windows-Security-Auditing
ReplacementStrings : {MAS53358, MAS-NOIDA, S-1-5-21-2373504117-2689643630-3100359099-15096,
                     S-1-5-21-2373504117-2689643630-3100359099-1499...}
InstanceId         : 4726
TimeGenerated      : 9/16/2023 12:24:53 PM
TimeWritten        : 9/16/2023 12:24:53 PM
UserName           :
Site               :
Container          :

EventID            : 4726
MachineName        : DC.mas-noida.com
Data               : {}
Index              : 42617354
Category           : (13824)
CategoryNumber     : 13824
EntryType          : SuccessAudit
Message            : A user account was deleted.

                     Subject:
                         Security ID:        S-1-5-21-2373504117-2689643630-3100359099-1499
                         Account Name:        anupk
                         Account Domain:        MAS-NOIDA
                         Logon ID:        0xf072f58

                     Target Account:
                         Security ID:        S-1-5-21-2373504117-2689643630-3100359099-15776
                         Account Name:        MAS53562
                         Account Domain:        MAS-NOIDA

                     Additional Information:
                         Privileges    -
Source             : Microsoft-Windows-Security-Auditing
ReplacementStrings : {MAS53562, MAS-NOIDA, S-1-5-21-2373504117-2689643630-3100359099-15776,
                     S-1-5-21-2373504117-2689643630-3100359099-1499...}
InstanceId         : 4726
TimeGenerated      : 9/16/2023 12:24:41 PM
TimeWritten        : 9/16/2023 12:24:41 PM
UserName           :
Site               :
Container          :

EventID            : 4726
MachineName        : DC.mas-noida.com
Data               : {}
Index              : 42617331
Category           : (13824)
CategoryNumber     : 13824
EntryType          : SuccessAudit
Message            : A user account was deleted.

                     Subject:
                         Security ID:        S-1-5-21-2373504117-2689643630-3100359099-1499
                         Account Name:        anupk
                         Account Domain:        MAS-NOIDA
                         Logon ID:        0xf072f58

                     Target Account:
                         Security ID:        S-1-5-21-2373504117-2689643630-3100359099-15780
                         Account Name:        MAS53566
                         Account Domain:        MAS-NOIDA

                     Additional Information:
                         Privileges    -
Source             : Microsoft-Windows-Security-Auditing
ReplacementStrings : {MAS53566, MAS-NOIDA, S-1-5-21-2373504117-2689643630-3100359099-15780,
                     S-1-5-21-2373504117-2689643630-3100359099-1499...}
InstanceId         : 4726
TimeGenerated      : 9/16/2023 12:24:28 PM
TimeWritten        : 9/16/2023 12:24:28 PM
UserName           :
Site               :
Container          :

EventID            : 4726
MachineName        : DC.mas-noida.com
Data               : {}
Index              : 42617280
Category           : (13824)
CategoryNumber     : 13824
EntryType          : SuccessAudit
Message            : A user account was deleted.

                     Subject:
                         Security ID:        S-1-5-21-2373504117-2689643630-3100359099-1499
                         Account Name:        anupk
                         Account Domain:        MAS-NOIDA
                         Logon ID:        0xf072f58

                     Target Account:
                         Security ID:        S-1-5-21-2373504117-2689643630-3100359099-15781
                         Account Name:        MAS53567
                         Account Domain:        MAS-NOIDA

                     Additional Information:
                         Privileges    -
Source             : Microsoft-Windows-Security-Auditing
ReplacementStrings : {MAS53567, MAS-NOIDA, S-1-5-21-2373504117-2689643630-3100359099-15781,
                     S-1-5-21-2373504117-2689643630-3100359099-1499...}
InstanceId         : 4726
TimeGenerated      : 9/16/2023 12:24:15 PM
TimeWritten        : 9/16/2023 12:24:15 PM
UserName           :
Site               :
Container          :

