Source             : Microsoft-Windows-Security-Auditing
ReplacementStrings : {MAS51537, MAS-NOIDA, S-1-5-21-2373504117-2689643630-3100359099-12114,
                     S-1-5-21-2373504117-2689643630-3100359099-2600...}
InstanceId         : 4726
TimeGenerated      : 2/19/2023 11:03:26 PM
TimeWritten        : 2/19/2023 11:03:26 PM
UserName           :
Site               :
Container          :

EventID            : 4726
MachineName        : DC.mas-noida.com
Data               : {}
Index              : 7168001
Category           : (13824)
CategoryNumber     : 13824
EntryType          : SuccessAudit
Message            : A user account was deleted.

                     Subject:
                         Security ID:        S-1-5-21-2373504117-2689643630-3100359099-2600
                         Account Name:        prateeks
                         Account Domain:        MAS-NOIDA
                         Logon ID:        0x2247b924

                     Target Account:
                         Security ID:        S-1-5-21-2373504117-2689643630-3100359099-10558
                         Account Name:        MAS51037
                         Account Domain:        MAS-NOIDA

                     Additional Information:
                         Privileges    -
Source             : Microsoft-Windows-Security-Auditing
ReplacementStrings : {MAS51037, MAS-NOIDA, S-1-5-21-2373504117-2689643630-3100359099-10558,
                     S-1-5-21-2373504117-2689643630-3100359099-2600...}
InstanceId         : 4726
TimeGenerated      : 2/19/2023 11:03:06 PM
TimeWritten        : 2/19/2023 11:03:06 PM
UserName           :
Site               :
Container          :

EventID            : 4726
MachineName        : DC.mas-noida.com
Data               : {}
Index              : 7167909
Category           : (13824)
CategoryNumber     : 13824
EntryType          : SuccessAudit
Message            : A user account was deleted.

                     Subject:
                         Security ID:        S-1-5-21-2373504117-2689643630-3100359099-2600
                         Account Name:        prateeks
                         Account Domain:        MAS-NOIDA
                         Logon ID:        0x2247b924

                     Target Account:
                         Security ID:        S-1-5-21-2373504117-2689643630-3100359099-11367
                         Account Name:        MAS51393
                         Account Domain:        MAS-NOIDA

                     Additional Information:
                         Privileges    -
Source             : Microsoft-Windows-Security-Auditing
ReplacementStrings : {MAS51393, MAS-NOIDA, S-1-5-21-2373504117-2689643630-3100359099-11367,
                     S-1-5-21-2373504117-2689643630-3100359099-2600...}
InstanceId         : 4726
TimeGenerated      : 2/19/2023 11:02:40 PM
TimeWritten        : 2/19/2023 11:02:40 PM
UserName           :
Site               :
Container          :

EventID            : 4726
MachineName        : DC.mas-noida.com
Data               : {}
Index              : 7103813
Category           : (13824)
CategoryNumber     : 13824
EntryType          : SuccessAudit
Message            : A user account was deleted.

                     Subject:
                         Security ID:        S-1-5-21-2373504117-2689643630-3100359099-1499
                         Account Name:        anupk
                         Account Domain:        MAS-NOIDA
                         Logon ID:        0xdae78

                     Target Account:
                         Security ID:        S-1-5-21-2373504117-2689643630-3100359099-4007
                         Account Name:        Reeteshk
                         Account Domain:        MAS-NOIDA

                     Additional Information:
                         Privileges    -
Source             : Microsoft-Windows-Security-Auditing
ReplacementStrings : {Reeteshk, MAS-NOIDA, S-1-5-21-2373504117-2689643630-3100359099-4007,
                     S-1-5-21-2373504117-2689643630-3100359099-1499...}
InstanceId         : 4726
TimeGenerated      : 2/19/2023 2:54:41 PM
TimeWritten        : 2/19/2023 2:54:41 PM
UserName           :
Site               :
Container          :

EventID            : 4726
MachineName        : DC.mas-noida.com
Data               : {}
Index              : 7027401
Category           : (13824)
CategoryNumber     : 13824
EntryType          : SuccessAudit
Message            : A user account was deleted.

                     Subject:
                         Security ID:        S-1-5-21-2373504117-2689643630-3100359099-1499
                         Account Name:        anupk
                         Account Domain:        MAS-NOIDA
                         Logon ID:        0xdae78

                     Target Account:
                         Security ID:        S-1-5-21-2373504117-2689643630-3100359099-9718
                         Account Name:        MAS49186
                         Account Domain:        MAS-NOIDA

                     Additional Information:
                         Privileges    -
Source             : Microsoft-Windows-Security-Auditing
ReplacementStrings : {MAS49186, MAS-NOIDA, S-1-5-21-2373504117-2689643630-3100359099-9718,
                     S-1-5-21-2373504117-2689643630-3100359099-1499...}
InstanceId         : 4726
TimeGenerated      : 2/19/2023 3:10:54 AM
TimeWritten        : 2/19/2023 3:10:54 AM
UserName           :
Site               :
Container          :

EventID            : 4726
MachineName        : DC.mas-noida.com
Data               : {}
Index              : 7027324
Category           : (13824)
CategoryNumber     : 13824
EntryType          : SuccessAudit
Message            : A user account was deleted.

                     Subject:
                         Security ID:        S-1-5-21-2373504117-2689643630-3100359099-1499
                         Account Name:        anupk
                         Account Domain:        MAS-NOIDA
                         Logon ID:        0xdae78

                     Target Account:
                         Security ID:        S-1-5-21-2373504117-2689643630-3100359099-12137
                         Account Name:        MAS51566
                         Account Domain:        MAS-NOIDA

                     Additional Information:
                         Privileges    -
Source             : Microsoft-Windows-Security-Auditing
ReplacementStrings : {MAS51566, MAS-NOIDA, S-1-5-21-2373504117-2689643630-3100359099-12137,
                     S-1-5-21-2373504117-2689643630-3100359099-1499...}
InstanceId         : 4726
TimeGenerated      : 2/19/2023 3:10:04 AM
TimeWritten        : 2/19/2023 3:10:04 AM
UserName           :
Site               :
Container          :

EventID            : 4726
MachineName        : DC.mas-noida.com
Data               : {}
Index              : 6931122
Category           : (13824)
CategoryNumber     : 13824
EntryType          : SuccessAudit
Message            : A user account was deleted.

                     Subject:
                         Security ID:        S-1-5-21-2373504117-2689643630-3100359099-1499
                         Account Name:        anupk
                         Account Domain:        MAS-NOIDA
                         Logon ID:        0xdae78

                     Target Account:
                         Security ID:        S-1-5-21-2373504117-2689643630-3100359099-11124
                         Account Name:        MAS51096
                         Account Domain:        MAS-NOIDA

                     Additional Information:
                         Privileges    -
Source             : Microsoft-Windows-Security-Auditing
ReplacementStrings : {MAS51096, MAS-NOIDA, S-1-5-21-2373504117-2689643630-3100359099-11124,
                     S-1-5-21-2373504117-2689643630-3100359099-1499...}
InstanceId         : 4726
TimeGenerated      : 2/18/2023 3:12:44 PM
TimeWritten        : 2/18/2023 3:12:44 PM
UserName           :
Site               :
Container          :

EventID            : 4726
MachineName        : DC.mas-noida.com
Data               : {}
Index              : 6931078
Category           : (13824)
CategoryNumber     : 13824
EntryType          : SuccessAudit
Message            : A user account was deleted.

                     Subject:
                         Security ID:        S-1-5-21-2373504117-2689643630-3100359099-1499
                         Account Name:        anupk
                         Account Domain:        MAS-NOIDA
                         Logon ID:        0xdae78

                     Target Account:
                         Security ID:        S-1-5-21-2373504117-2689643630-3100359099-6003
                         Account Name:        NOI2219
                         Account Domain:        MAS-NOIDA

                     Additional Information:
                         Privileges    -
Source             : Microsoft-Windows-Security-Auditing
ReplacementStrings : {NOI2219, MAS-NOIDA, S-1-5-21-2373504117-2689643630-3100359099-6003,
                     S-1-5-21-2373504117-2689643630-3100359099-1499...}
InstanceId         : 4726
TimeGenerated      : 2/18/2023 3:12:27 PM
TimeWritten        : 2/18/2023 3:12:27 PM
UserName           :
Site               :
Container          :

EventID            : 4726
MachineName        : DC.mas-noida.com
Data               : {}
Index              : 6931029
Category           : (13824)
CategoryNumber     : 13824
EntryType          : SuccessAudit
Message            : A user account was deleted.

                     Subject:
                         Security ID:        S-1-5-21-2373504117-2689643630-3100359099-1499
                         Account Name:        anupk
                         Account Domain:        MAS-NOIDA
                         Logon ID:        0xdae78

                     Target Account:
                         Security ID:        S-1-5-21-2373504117-2689643630-3100359099-10197
                         Account Name:        MAS50627
                         Account Domain:        MAS-NOIDA

                     Additional Information:
                         Privileges    -
Source             : Microsoft-Windows-Security-Auditing
ReplacementStrings : {MAS50627, MAS-NOIDA, S-1-5-21-2373504117-2689643630-3100359099-10197,
                     S-1-5-21-2373504117-2689643630-3100359099-1499...}
InstanceId         : 4726
TimeGenerated      : 2/18/2023 3:12:21 PM
TimeWritten        : 2/18/2023 3:12:21 PM
UserName           :
Site               :
Container          :

EventID            : 4726
MachineName        : DC.mas-noida.com
Data               : {}
Index              : 6840025
Category           : (13824)
CategoryNumber     : 13824
EntryType          : SuccessAudit
Message            : A user account was deleted.

                     Subject:
                         Security ID:        S-1-5-21-2373504117-2689643630-3100359099-2600
                         Account Name:        prateeks
                         Account Domain:        MAS-NOIDA
                         Logon ID:        0x1ebce1bd

                     Target Account:
                         Security ID:        S-1-5-21-2373504117-2689643630-3100359099-6740
                         Account Name:        NOI2317
                         Account Domain:        MAS-NOIDA

                     Additional Information:
                         Privileges    -
Source             : Microsoft-Windows-Security-Auditing
ReplacementStrings : {NOI2317, MAS-NOIDA, S-1-5-21-2373504117-2689643630-3100359099-6740,
                     S-1-5-21-2373504117-2689643630-3100359099-2600...}
InstanceId         : 4726
TimeGenerated      : 2/18/2023 3:34:38 AM
TimeWritten        : 2/18/2023 3:34:38 AM
UserName           :
Site               :
Container          :

EventID            : 4726
MachineName        : DC.mas-noida.com
Data               : {}
Index              : 6818804
Category           : (13824)
CategoryNumber     : 13824
EntryType          : SuccessAudit
Message            : A user account was deleted.

                     Subject:
                         Security ID:        S-1-5-21-2373504117-2689643630-3100359099-2600
                         Account Name:        prateeks
                         Account Domain:        MAS-NOIDA
                         Logon ID:        0x1ebce1bd

                     Target Account:
                         Security ID:        S-1-5-21-2373504117-2689643630-3100359099-10490
                         Account Name:        MAS50978
                         Account Domain:        MAS-NOIDA

                     Additional Information:
                         Privileges    -
Source             : Microsoft-Windows-Security-Auditing
ReplacementStrings : {MAS50978, MAS-NOIDA, S-1-5-21-2373504117-2689643630-3100359099-10490,
                     S-1-5-21-2373504117-2689643630-3100359099-2600...}
InstanceId         : 4726
TimeGenerated      : 2/18/2023 12:19:16 AM
TimeWritten        : 2/18/2023 12:19:16 AM
UserName           :
Site               :
Container          :

EventID            : 4726
MachineName        : DC.mas-noida.com
Data               : {}
Index              : 6818767
Category           : (13824)
CategoryNumber     : 13824
EntryType          : SuccessAudit
Message            : A user account was deleted.

                     Subject:
                         Security ID:        S-1-5-21-2373504117-2689643630-3100359099-2600
                         Account Name:        prateeks
                         Account Domain:        MAS-NOIDA
                         Logon ID:        0x1ebce1bd

                     Target Account:
                         Security ID:        S-1-5-21-2373504117-2689643630-3100359099-9654
                         Account Name:        MAS50758
                         Account Domain:        MAS-NOIDA

                     Additional Information:
                         Privileges    -
Source             : Microsoft-Windows-Security-Auditing
ReplacementStrings : {MAS50758, MAS-NOIDA, S-1-5-21-2373504117-2689643630-3100359099-9654,
                     S-1-5-21-2373504117-2689643630-3100359099-2600...}
InstanceId         : 4726
TimeGenerated      : 2/18/2023 12:18:44 AM
TimeWritten        : 2/18/2023 12:18:44 AM
UserName           :
Site               :
Container          :

EventID            : 4726
MachineName        : DC.mas-noida.com
Data               : {}
Index              : 6818632
Category           : (13824)
CategoryNumber     : 13824
EntryType          : SuccessAudit
Message            : A user account was deleted.

                     Subject:
                         Security ID:        S-1-5-21-2373504117-2689643630-3100359099-2600
                         Account Name:        prateeks
                         Account Domain:        MAS-NOIDA
                         Logon ID:        0x1ebce1bd

                     Target Account:
                         Security ID:        S-1-5-21-2373504117-2689643630-3100359099-10725
                         Account Name:        MAS51666
                         Account Domain:        MAS-NOIDA

                     Additional Information:
                         Privileges    -
Source             : Microsoft-Windows-Security-Auditing
ReplacementStrings : {MAS51666, MAS-NOIDA, S-1-5-21-2373504117-2689643630-3100359099-10725,
                     S-1-5-21-2373504117-2689643630-3100359099-2600...}
InstanceId         : 4726
TimeGenerated      : 2/18/2023 12:16:53 AM
TimeWritten        : 2/18/2023 12:16:53 AM
UserName           :
Site               :
Container          :

EventID            : 4726
MachineName        : DC.mas-noida.com
Data               : {}
Index              : 6609227
Category           : (13824)
CategoryNumber     : 13824
EntryType          : SuccessAudit
Message            : A user account was deleted.

                     Subject:
                         Security ID:        S-1-5-21-2373504117-2689643630-3100359099-2600
                         Account Name:        prateeks
                         Account Domain:        MAS-NOIDA
                         Logon ID:        0x1c91cee0

                     Target Account:
                         Security ID:        S-1-5-21-2373504117-2689643630-3100359099-9677
                         Account Name:        MAS51109
                         Account Domain:        MAS-NOIDA

                     Additional Information:
                         Privileges    -
Source             : Microsoft-Windows-Security-Auditing
ReplacementStrings : {MAS51109, MAS-NOIDA, S-1-5-21-2373504117-2689643630-3100359099-9677,
                     S-1-5-21-2373504117-2689643630-3100359099-2600...}
InstanceId         : 4726
TimeGenerated      : 2/16/2023 10:36:19 PM
TimeWritten        : 2/16/2023 10:36:19 PM
UserName           :
Site               :
Container          :

EventID            : 4726
MachineName        : DC.mas-noida.com
Data               : {}
Index              : 6609168
Category           : (13824)
CategoryNumber     : 13824
EntryType          : SuccessAudit
Message            : A user account was deleted.

                     Subject:
                         Security ID:        S-1-5-21-2373504117-2689643630-3100359099-2600
                         Account Name:        prateeks
                         Account Domain:        MAS-NOIDA
                         Logon ID:        0x1c91cee0

                     Target Account:
                         Security ID:        S-1-5-21-2373504117-2689643630-3100359099-10640
                         Account Name:        MAS51499
                         Account Domain:        MAS-NOIDA

                     Additional Information:
                         Privileges    -
Source             : Microsoft-Windows-Security-Auditing
ReplacementStrings : {MAS51499, MAS-NOIDA, S-1-5-21-2373504117-2689643630-3100359099-10640,
                     S-1-5-21-2373504117-2689643630-3100359099-2600...}
InstanceId         : 4726
TimeGenerated      : 2/16/2023 10:35:53 PM
TimeWritten        : 2/16/2023 10:35:53 PM
UserName           :
Site               :
Container          :

EventID            : 4726
MachineName        : DC.mas-noida.com
Data               : {}
Index              : 6609138
Category           : (13824)
CategoryNumber     : 13824
EntryType          : SuccessAudit
Message            : A user account was deleted.

                     Subject:
                         Security ID:        S-1-5-21-2373504117-2689643630-3100359099-2600
                         Account Name:        prateeks
                         Account Domain:        MAS-NOIDA
                         Logon ID:        0x1c91cee0

                     Target Account:
                         Security ID:        S-1-5-21-2373504117-2689643630-3100359099-12210
                         Account Name:        MAS51644
                         Account Domain:        MAS-NOIDA

                     Additional Information:
                         Privileges    -
Source             : Microsoft-Windows-Security-Auditing
ReplacementStrings : {MAS51644, MAS-NOIDA, S-1-5-21-2373504117-2689643630-3100359099-12210,
                     S-1-5-21-2373504117-2689643630-3100359099-2600...}
InstanceId         : 4726
TimeGenerated      : 2/16/2023 10:35:38 PM
TimeWritten        : 2/16/2023 10:35:38 PM
UserName           :
Site               :
Container          :

EventID            : 4726
MachineName        : DC.mas-noida.com
Data               : {}
Index              : 6609072
Category           : (13824)
CategoryNumber     : 13824
EntryType          : SuccessAudit
Message            : A user account was deleted.

                     Subject:
                         Security ID:        S-1-5-21-2373504117-2689643630-3100359099-2600
                         Account Name:        prateeks
                         Account Domain:        MAS-NOIDA
                         Logon ID:        0x1c91cee0

                     Target Account:
                         Security ID:        S-1-5-21-2373504117-2689643630-3100359099-6090
                         Account Name:        MAS48885
                         Account Domain:        MAS-NOIDA

                     Additional Information:
                         Privileges    -
Source             : Microsoft-Windows-Security-Auditing
ReplacementStrings : {MAS48885, MAS-NOIDA, S-1-5-21-2373504117-2689643630-3100359099-6090,
                     S-1-5-21-2373504117-2689643630-3100359099-2600...}
InstanceId         : 4726
TimeGenerated      : 2/16/2023 10:35:14 PM
TimeWritten        : 2/16/2023 10:35:14 PM
UserName           :
Site               :
Container          :

EventID            : 4726
MachineName        : DC.mas-noida.com
Data               : {}
Index              : 6609020
Category           : (13824)
CategoryNumber     : 13824
EntryType          : SuccessAudit
Message            : A user account was deleted.

                     Subject:
                         Security ID:        S-1-5-21-2373504117-2689643630-3100359099-2600
                         Account Name:        prateeks
                         Account Domain:        MAS-NOIDA
                         Logon ID:        0x1c91cee0

                     Target Account:
                         Security ID:        S-1-5-21-2373504117-2689643630-3100359099-10638
                         Account Name:        MAS51497
                         Account Domain:        MAS-NOIDA

                     Additional Information:
                         Privileges    -
Source             : Microsoft-Windows-Security-Auditing
ReplacementStrings : {MAS51497, MAS-NOIDA, S-1-5-21-2373504117-2689643630-3100359099-10638,
                     S-1-5-21-2373504117-2689643630-3100359099-2600...}
InstanceId         : 4726
TimeGenerated      : 2/16/2023 10:34:56 PM
TimeWritten        : 2/16/2023 10:34:56 PM
UserName           :
Site               :
Container          :

EventID            : 4726
MachineName        : DC.mas-noida.com
Data               : {}
Index              : 6608955
Category           : (13824)
CategoryNumber     : 13824
EntryType          : SuccessAudit
Message            : A user account was deleted.

                     Subject:
                         Security ID:        S-1-5-21-2373504117-2689643630-3100359099-2600
                         Account Name:        prateeks
                         Account Domain:        MAS-NOIDA
                         Logon ID:        0x1c91cee0

                     Target Account:
                         Security ID:        S-1-5-21-2373504117-2689643630-3100359099-12208
                         Account Name:        MAS51633
                         Account Domain:        MAS-NOIDA

                     Additional Information:
                         Privileges    -
Source             : Microsoft-Windows-Security-Auditing
ReplacementStrings : {MAS51633, MAS-NOIDA, S-1-5-21-2373504117-2689643630-3100359099-12208,
                     S-1-5-21-2373504117-2689643630-3100359099-2600...}
InstanceId         : 4726
TimeGenerated      : 2/16/2023 10:34:32 PM
TimeWritten        : 2/16/2023 10:34:32 PM
UserName           :
Site               :
Container          :

EventID            : 4726
MachineName        : DC.mas-noida.com
Data               : {}
Index              : 6514680
Category           : (13824)
CategoryNumber     : 13824
EntryType          : SuccessAudit
Message            : A user account was deleted.

                     Subject:
                         Security ID:        S-1-5-21-2373504117-2689643630-3100359099-1499
                         Account Name:        anupk
                         Account Domain:        MAS-NOIDA
                         Logon ID:        0xdae78

                     Target Account:
                         Security ID:        S-1-5-21-2373504117-2689643630-3100359099-12320
                         Account Name:        IDC51717
                         Account Domain:        MAS-NOIDA

                     Additional Information:
                         Privileges    -
Source             : Microsoft-Windows-Security-Auditing
ReplacementStrings : {IDC51717, MAS-NOIDA, S-1-5-21-2373504117-2689643630-3100359099-12320,
                     S-1-5-21-2373504117-2689643630-3100359099-1499...}
InstanceId         : 4726
TimeGenerated      : 2/16/2023 1:00:43 PM
TimeWritten        : 2/16/2023 1:00:43 PM
UserName           :
Site               :
Container          :

EventID            : 4726
MachineName        : DC.mas-noida.com
Data               : {}
Index              : 6514614
Category           : (13824)
CategoryNumber     : 13824
EntryType          : SuccessAudit
Message            : A user account was deleted.

                     Subject:
                         Security ID:        S-1-5-21-2373504117-2689643630-3100359099-1499
                         Account Name:        anupk
                         Account Domain:        MAS-NOIDA
                         Logon ID:        0xdae78

                     Target Account:
                         Security ID:        S-1-5-21-2373504117-2689643630-3100359099-7992
                         Account Name:        MAS49297
                         Account Domain:        MAS-NOIDA

                     Additional Information:
                         Privileges    -
Source             : Microsoft-Windows-Security-Auditing
ReplacementStrings : {MAS49297, MAS-NOIDA, S-1-5-21-2373504117-2689643630-3100359099-7992,
                     S-1-5-21-2373504117-2689643630-3100359099-1499...}
InstanceId         : 4726
TimeGenerated      : 2/16/2023 1:00:17 PM
TimeWritten        : 2/16/2023 1:00:17 PM
UserName           :
Site               :
Container          :

EventID            : 4726
MachineName        : DC.mas-noida.com
Data               : {}
Index              : 6513511
Category           : (13824)
CategoryNumber     : 13824
EntryType          : SuccessAudit
Message            : A user account was deleted.

                     Subject:
                         Security ID:        S-1-5-21-2373504117-2689643630-3100359099-1499
                         Account Name:        anupk
                         Account Domain:        MAS-NOIDA
                         Logon ID:        0xdae78

                     Target Account:
                         Security ID:        S-1-5-21-2373504117-2689643630-3100359099-12277
                         Account Name:        IDC51590
                         Account Domain:        MAS-NOIDA

                     Additional Information:
                         Privileges    -
Source             : Microsoft-Windows-Security-Auditing
ReplacementStrings : {IDC51590, MAS-NOIDA, S-1-5-21-2373504117-2689643630-3100359099-12277,
                     S-1-5-21-2373504117-2689643630-3100359099-1499...}
InstanceId         : 4726
TimeGenerated      : 2/16/2023 12:54:52 PM
TimeWritten        : 2/16/2023 12:54:52 PM
UserName           :
Site               :
Container          :

EventID            : 4726
MachineName        : DC.mas-noida.com
Data               : {}
Index              : 6463045
Category           : (13824)
CategoryNumber     : 13824
EntryType          : SuccessAudit
Message            : A user account was deleted.

                     Subject:
                         Security ID:        S-1-5-21-2373504117-2689643630-3100359099-2600
                         Account Name:        prateeks
                         Account Domain:        MAS-NOIDA
                         Logon ID:        0x1b381e13

                     Target Account:
                         Security ID:        S-1-5-21-2373504117-2689643630-3100359099-5897
                         Account Name:        46164C
                         Account Domain:        MAS-NOIDA

                     Additional Information:
                         Privileges    -
Source             : Microsoft-Windows-Security-Auditing
ReplacementStrings : {46164C, MAS-NOIDA, S-1-5-21-2373504117-2689643630-3100359099-5897,
                     S-1-5-21-2373504117-2689643630-3100359099-2600...}
InstanceId         : 4726
TimeGenerated      : 2/16/2023 7:24:23 AM
TimeWritten        : 2/16/2023 7:24:23 AM
UserName           :
Site               :
Container          :

EventID            : 4726
MachineName        : DC.mas-noida.com
Data               : {}
Index              : 6147076
Category           : (13824)
CategoryNumber     : 13824
EntryType          : SuccessAudit
Message            : A user account was deleted.

                     Subject:
                         Security ID:        S-1-5-21-2373504117-2689643630-3100359099-1499
                         Account Name:        anupk
                         Account Domain:        MAS-NOIDA
                         Logon ID:        0xdae78

                     Target Account:
                         Security ID:        S-1-5-21-2373504117-2689643630-3100359099-1487
                         Account Name:        surendarm
                         Account Domain:        MAS-NOIDA

                     Additional Information:
                         Privileges    -
Source             : Microsoft-Windows-Security-Auditing
ReplacementStrings : {surendarm, MAS-NOIDA, S-1-5-21-2373504117-2689643630-3100359099-1487,
                     S-1-5-21-2373504117-2689643630-3100359099-1499...}
InstanceId         : 4726
TimeGenerated      : 2/14/2023 3:48:08 PM
TimeWritten        : 2/14/2023 3:48:08 PM
UserName           :
Site               :
Container          :

EventID            : 4726
MachineName        : DC.mas-noida.com
Data               : {}
Index              : 6146995
Category           : (13824)
CategoryNumber     : 13824
EntryType          : SuccessAudit
Message            : A user account was deleted.

                     Subject:
                         Security ID:        S-1-5-21-2373504117-2689643630-3100359099-1499
                         Account Name:        anupk
                         Account Domain:        MAS-NOIDA
                         Logon ID:        0xdae78

                     Target Account:
                         Security ID:        S-1-5-21-2373504117-2689643630-3100359099-6229
                         Account Name:        MAS48274
                         Account Domain:        MAS-NOIDA

                     Additional Information:
                         Privileges    -
Source             : Microsoft-Windows-Security-Auditing
ReplacementStrings : {MAS48274, MAS-NOIDA, S-1-5-21-2373504117-2689643630-3100359099-6229,
                     S-1-5-21-2373504117-2689643630-3100359099-1499...}
InstanceId         : 4726
TimeGenerated      : 2/14/2023 3:47:44 PM
TimeWritten        : 2/14/2023 3:47:44 PM
UserName           :
Site               :
Container          :

EventID            : 4726
MachineName        : DC.mas-noida.com
Data               : {}
Index              : 6146969
Category           : (13824)
CategoryNumber     : 13824
EntryType          : SuccessAudit
Message            : A user account was deleted.

                     Subject:
                         Security ID:        S-1-5-21-2373504117-2689643630-3100359099-1499
                         Account Name:        anupk
                         Account Domain:        MAS-NOIDA
                         Logon ID:        0xdae78

                     Target Account:
                         Security ID:        S-1-5-21-2373504117-2689643630-3100359099-1337
                         Account Name:        SANDEEPGI
                         Account Domain:        MAS-NOIDA

                     Additional Information:
                         Privileges    -
Source             : Microsoft-Windows-Security-Auditing
ReplacementStrings : {SANDEEPGI, MAS-NOIDA, S-1-5-21-2373504117-2689643630-3100359099-1337,
                     S-1-5-21-2373504117-2689643630-3100359099-1499...}
InstanceId         : 4726
TimeGenerated      : 2/14/2023 3:47:26 PM
TimeWritten        : 2/14/2023 3:47:26 PM
UserName           :
Site               :
Container          :

EventID            : 4726
MachineName        : DC.mas-noida.com
Data               : {}
Index              : 6146874
Category           : (13824)
CategoryNumber     : 13824
EntryType          : SuccessAudit
Message            : A user account was deleted.

                     Subject:
                         Security ID:        S-1-5-21-2373504117-2689643630-3100359099-1499
                         Account Name:        anupk
                         Account Domain:        MAS-NOIDA
                         Logon ID:        0xdae78

                     Target Account:
                         Security ID:        S-1-5-21-2373504117-2689643630-3100359099-1177
                         Account Name:        Pushkars
                         Account Domain:        MAS-NOIDA

                     Additional Information:
                         Privileges    -
Source             : Microsoft-Windows-Security-Auditing
ReplacementStrings : {Pushkars, MAS-NOIDA, S-1-5-21-2373504117-2689643630-3100359099-1177,
                     S-1-5-21-2373504117-2689643630-3100359099-1499...}
InstanceId         : 4726
TimeGenerated      : 2/14/2023 3:46:50 PM
TimeWritten        : 2/14/2023 3:46:50 PM
UserName           :
Site               :
Container          :

EventID            : 4726
MachineName        : DC.mas-noida.com
Data               : {}
Index              : 6146861
Category           : (13824)
CategoryNumber     : 13824
EntryType          : SuccessAudit
Message            : A user account was deleted.

                     Subject:
                         Security ID:        S-1-5-21-2373504117-2689643630-3100359099-1499
                         Account Name:        anupk
                         Account Domain:        MAS-NOIDA
                         Logon ID:        0xdae78

                     Target Account:
                         Security ID:        S-1-5-21-2373504117-2689643630-3100359099-1496
                         Account Name:        nitishk
                         Account Domain:        MAS-NOIDA

                     Additional Information:
                         Privileges    -
Source             : Microsoft-Windows-Security-Auditing
ReplacementStrings : {nitishk, MAS-NOIDA, S-1-5-21-2373504117-2689643630-3100359099-1496,
                     S-1-5-21-2373504117-2689643630-3100359099-1499...}
InstanceId         : 4726
TimeGenerated      : 2/14/2023 3:46:41 PM
TimeWritten        : 2/14/2023 3:46:41 PM
UserName           :
Site               :
Container          :

EventID            : 4726
MachineName        : DC.mas-noida.com
Data               : {}
Index              : 6146825
Category           : (13824)
CategoryNumber     : 13824
EntryType          : SuccessAudit
Message            : A user account was deleted.

                     Subject:
                         Security ID:        S-1-5-21-2373504117-2689643630-3100359099-1499
                         Account Name:        anupk
                         Account Domain:        MAS-NOIDA
                         Logon ID:        0xdae78

                     Target Account:
                         Security ID:        S-1-5-21-2373504117-2689643630-3100359099-3667
                         Account Name:        nikitas
                         Account Domain:        MAS-NOIDA

                     Additional Information:
                         Privileges    -
Source             : Microsoft-Windows-Security-Auditing
ReplacementStrings : {nikitas, MAS-NOIDA, S-1-5-21-2373504117-2689643630-3100359099-3667,
                     S-1-5-21-2373504117-2689643630-3100359099-1499...}
InstanceId         : 4726
TimeGenerated      : 2/14/2023 3:46:35 PM
TimeWritten        : 2/14/2023 3:46:35 PM
UserName           :
Site               :
Container          :

EventID            : 4726
MachineName        : DC.mas-noida.com
Data               : {}
Index              : 6146751
Category           : (13824)
CategoryNumber     : 13824
EntryType          : SuccessAudit
Message            : A user account was deleted.

                     Subject:
                         Security ID:        S-1-5-21-2373504117-2689643630-3100359099-1499
                         Account Name:        anupk
                         Account Domain:        MAS-NOIDA
                         Logon ID:        0xdae78

                     Target Account:
                         Security ID:        S-1-5-21-2373504117-2689643630-3100359099-1457
                         Account Name:        Gururaj
                         Account Domain:        MAS-NOIDA

                     Additional Information:
                         Privileges    -
Source             : Microsoft-Windows-Security-Auditing
ReplacementStrings : {Gururaj, MAS-NOIDA, S-1-5-21-2373504117-2689643630-3100359099-1457,
                     S-1-5-21-2373504117-2689643630-3100359099-1499...}
InstanceId         : 4726
TimeGenerated      : 2/14/2023 3:46:09 PM
TimeWritten        : 2/14/2023 3:46:09 PM
UserName           :
Site               :
Container          :

EventID            : 4726
MachineName        : DC.mas-noida.com
Data               : {}
Index              : 6146609
Category           : (13824)
CategoryNumber     : 13824
EntryType          : SuccessAudit
Message            : A user account was deleted.

                     Subject:
                         Security ID:        S-1-5-21-2373504117-2689643630-3100359099-1499
                         Account Name:        anupk
                         Account Domain:        MAS-NOIDA
                         Logon ID:        0xdae78

                     Target Account:
                         Security ID:        S-1-5-21-2373504117-2689643630-3100359099-2302
                         Account Name:        abhit
                         Account Domain:        MAS-NOIDA

                     Additional Information:
                         Privileges    -
Source             : Microsoft-Windows-Security-Auditing
ReplacementStrings : {abhit, MAS-NOIDA, S-1-5-21-2373504117-2689643630-3100359099-2302,
                     S-1-5-21-2373504117-2689643630-3100359099-1499...}
InstanceId         : 4726
TimeGenerated      : 2/14/2023 3:44:57 PM
TimeWritten        : 2/14/2023 3:44:57 PM
UserName           :
Site               :
Container          :

EventID            : 4726
MachineName        : DC.mas-noida.com
Data               : {}
Index              : 6146506
Category           : (13824)
CategoryNumber     : 13824
EntryType          : SuccessAudit
Message            : A user account was deleted.

                     Subject:
                         Security ID:        S-1-5-21-2373504117-2689643630-3100359099-1499
                         Account Name:        anupk
                         Account Domain:        MAS-NOIDA
                         Logon ID:        0xdae78

                     Target Account:
                         Security ID:        S-1-5-21-2373504117-2689643630-3100359099-7350
                         Account Name:        MAS49019
                         Account Domain:        MAS-NOIDA

                     Additional Information:
                         Privileges    -
Source             : Microsoft-Windows-Security-Auditing
ReplacementStrings : {MAS49019, MAS-NOIDA, S-1-5-21-2373504117-2689643630-3100359099-7350,
                     S-1-5-21-2373504117-2689643630-3100359099-1499...}
InstanceId         : 4726
TimeGenerated      : 2/14/2023 3:44:05 PM
TimeWritten        : 2/14/2023 3:44:05 PM
UserName           :
Site               :
Container          :

EventID            : 4726
MachineName        : DC.mas-noida.com
Data               : {}
Index              : 6146428
Category           : (13824)
CategoryNumber     : 13824
EntryType          : SuccessAudit
Message            : A user account was deleted.

                     Subject:
                         Security ID:        S-1-5-21-2373504117-2689643630-3100359099-1499
                         Account Name:        anupk
                         Account Domain:        MAS-NOIDA
                         Logon ID:        0xdae78

                     Target Account:
                         Security ID:        S-1-5-21-2373504117-2689643630-3100359099-3630
                         Account Name:        MAS48425
                         Account Domain:        MAS-NOIDA

                     Additional Information:
                         Privileges    -
Source             : Microsoft-Windows-Security-Auditing
ReplacementStrings : {MAS48425, MAS-NOIDA, S-1-5-21-2373504117-2689643630-3100359099-3630,
                     S-1-5-21-2373504117-2689643630-3100359099-1499...}
InstanceId         : 4726
TimeGenerated      : 2/14/2023 3:43:45 PM
TimeWritten        : 2/14/2023 3:43:45 PM
UserName           :
Site               :
Container          :

EventID            : 4726
MachineName        : DC.mas-noida.com
Data               : {}
Index              : 6142733
Category           : (13824)
CategoryNumber     : 13824
EntryType          : SuccessAudit
Message            : A user account was deleted.

                     Subject:
                         Security ID:        S-1-5-21-2373504117-2689643630-3100359099-1499
                         Account Name:        anupk
                         Account Domain:        MAS-NOIDA
                         Logon ID:        0xdae78

                     Target Account:
                         Security ID:        S-1-5-21-2373504117-2689643630-3100359099-5617
                         Account Name:        MAS48846
                         Account Domain:        MAS-NOIDA

                     Additional Information:
                         Privileges    -
Source             : Microsoft-Windows-Security-Auditing
ReplacementStrings : {MAS48846, MAS-NOIDA, S-1-5-21-2373504117-2689643630-3100359099-5617,
                     S-1-5-21-2373504117-2689643630-3100359099-1499...}
InstanceId         : 4726
TimeGenerated      : 2/14/2023 3:19:40 PM
TimeWritten        : 2/14/2023 3:19:40 PM
UserName           :
Site               :
Container          :

EventID            : 4726
MachineName        : DC.mas-noida.com
Data               : {}
Index              : 6142732
Category           : (13824)
CategoryNumber     : 13824
EntryType          : SuccessAudit
Message            : A user account was deleted.

                     Subject:
                         Security ID:        S-1-5-21-2373504117-2689643630-3100359099-1499
                         Account Name:        anupk
                         Account Domain:        MAS-NOIDA
                         Logon ID:        0xdae78

                     Target Account:
                         Security ID:        S-1-5-21-2373504117-2689643630-3100359099-8077
                         Account Name:        MAS50431
                         Account Domain:        MAS-NOIDA

                     Additional Information:
                         Privileges    -
Source             : Microsoft-Windows-Security-Auditing
ReplacementStrings : {MAS50431, MAS-NOIDA, S-1-5-21-2373504117-2689643630-3100359099-8077,
                     S-1-5-21-2373504117-2689643630-3100359099-1499...}
InstanceId         : 4726
TimeGenerated      : 2/14/2023 3:19:40 PM
TimeWritten        : 2/14/2023 3:19:40 PM
UserName           :
Site               :
Container          :

EventID            : 4726
MachineName        : DC.mas-noida.com
Data               : {}
Index              : 6142731
Category           : (13824)
CategoryNumber     : 13824
EntryType          : SuccessAudit
Message            : A user account was deleted.

                     Subject:
                         Security ID:        S-1-5-21-2373504117-2689643630-3100359099-1499
                         Account Name:        anupk
                         Account Domain:        MAS-NOIDA
                         Logon ID:        0xdae78

                     Target Account:
                         Security ID:        S-1-5-21-2373504117-2689643630-3100359099-5098
                         Account Name:        MAS47085
                         Account Domain:        MAS-NOIDA

                     Additional Information:
                         Privileges    -
Source             : Microsoft-Windows-Security-Auditing
ReplacementStrings : {MAS47085, MAS-NOIDA, S-1-5-21-2373504117-2689643630-3100359099-5098,
                     S-1-5-21-2373504117-2689643630-3100359099-1499...}
InstanceId         : 4726
TimeGenerated      : 2/14/2023 3:19:40 PM
TimeWritten        : 2/14/2023 3:19:40 PM
UserName           :
Site               :
Container          :

EventID            : 4726
MachineName        : DC.mas-noida.com
Data               : {}
Index              : 6142730
Category           : (13824)
CategoryNumber     : 13824
EntryType          : SuccessAudit
Message            : A user account was deleted.

                     Subject:
                         Security ID:        S-1-5-21-2373504117-2689643630-3100359099-1499
                         Account Name:        anupk
                         Account Domain:        MAS-NOIDA
                         Logon ID:        0xdae78

                     Target Account:
                         Security ID:        S-1-5-21-2373504117-2689643630-3100359099-8069
                         Account Name:        MAS50161
                         Account Domain:        MAS-NOIDA

                     Additional Information:
                         Privileges    -
Source             : Microsoft-Windows-Security-Auditing
ReplacementStrings : {MAS50161, MAS-NOIDA, S-1-5-21-2373504117-2689643630-3100359099-8069,
                     S-1-5-21-2373504117-2689643630-3100359099-1499...}
InstanceId         : 4726
TimeGenerated      : 2/14/2023 3:19:40 PM
TimeWritten        : 2/14/2023 3:19:40 PM
UserName           :
Site               :
Container          :

EventID            : 4726
MachineName        : DC.mas-noida.com
Data               : {}
Index              : 6142729
Category           : (13824)
CategoryNumber     : 13824
EntryType          : SuccessAudit
Message            : A user account was deleted.

                     Subject:
                         Security ID:        S-1-5-21-2373504117-2689643630-3100359099-1499
                         Account Name:        anupk
                         Account Domain:        MAS-NOIDA
                         Logon ID:        0xdae78

                     Target Account:
                         Security ID:        S-1-5-21-2373504117-2689643630-3100359099-8080
                         Account Name:        MAS50490
                         Account Domain:        MAS-NOIDA

                     Additional Information:
                         Privileges    -
Source             : Microsoft-Windows-Security-Auditing
ReplacementStrings : {MAS50490, MAS-NOIDA, S-1-5-21-2373504117-2689643630-3100359099-8080,
                     S-1-5-21-2373504117-2689643630-3100359099-1499...}
InstanceId         : 4726
TimeGenerated      : 2/14/2023 3:19:40 PM
TimeWritten        : 2/14/2023 3:19:40 PM
UserName           :
Site               :
Container          :

EventID            : 4726
MachineName        : DC.mas-noida.com
Data               : {}
Index              : 6142728
Category           : (13824)
CategoryNumber     : 13824
EntryType          : SuccessAudit
Message            : A user account was deleted.

                     Subject:
                         Security ID:        S-1-5-21-2373504117-2689643630-3100359099-1499
                         Account Name:        anupk
                         Account Domain:        MAS-NOIDA
                         Logon ID:        0xdae78

                     Target Account:
                         Security ID:        S-1-5-21-2373504117-2689643630-3100359099-6729
                         Account Name:        NOI2021
                         Account Domain:        MAS-NOIDA

                     Additional Information:
                         Privileges    -
Source             : Microsoft-Windows-Security-Auditing
ReplacementStrings : {NOI2021, MAS-NOIDA, S-1-5-21-2373504117-2689643630-3100359099-6729,
                     S-1-5-21-2373504117-2689643630-3100359099-1499...}
InstanceId         : 4726
TimeGenerated      : 2/14/2023 3:19:40 PM
TimeWritten        : 2/14/2023 3:19:40 PM
UserName           :
Site               :
Container          :

EventID            : 4726
MachineName        : DC.mas-noida.com
Data               : {}
Index              : 6142727
Category           : (13824)
CategoryNumber     : 13824
EntryType          : SuccessAudit
Message            : A user account was deleted.

                     Subject:
                         Security ID:        S-1-5-21-2373504117-2689643630-3100359099-1499
                         Account Name:        anupk
                         Account Domain:        MAS-NOIDA
                         Logon ID:        0xdae78

                     Target Account:
                         Security ID:        S-1-5-21-2373504117-2689643630-3100359099-8067
                         Account Name:        MAS49987
                         Account Domain:        MAS-NOIDA

                     Additional Information:
                         Privileges    -
