Source             : Microsoft-Windows-Security-Auditing
ReplacementStrings : {IDC52206, MAS-NOIDA, S-1-5-21-2373504117-2689643630-3100359099-9772,
                     S-1-5-21-2373504117-2689643630-3100359099-1499...}
InstanceId         : 4726
TimeGenerated      : 4/24/2023 7:41:13 PM
TimeWritten        : 4/24/2023 7:41:13 PM
UserName           :
Site               :
Container          :

EventID            : 4726
MachineName        : DC.mas-noida.com
Data               : {}
Index              : 18458424
Category           : (13824)
CategoryNumber     : 13824
EntryType          : SuccessAudit
Message            : A user account was deleted.

                     Subject:
                         Security ID:        S-1-5-21-2373504117-2689643630-3100359099-1499
                         Account Name:        anupk
                         Account Domain:        MAS-NOIDA
                         Logon ID:        0x665e2a2

                     Target Account:
                         Security ID:        S-1-5-21-2373504117-2689643630-3100359099-7634
                         Account Name:        MAS50051
                         Account Domain:        MAS-NOIDA

                     Additional Information:
                         Privileges    -
Source             : Microsoft-Windows-Security-Auditing
ReplacementStrings : {MAS50051, MAS-NOIDA, S-1-5-21-2373504117-2689643630-3100359099-7634,
                     S-1-5-21-2373504117-2689643630-3100359099-1499...}
InstanceId         : 4726
TimeGenerated      : 4/24/2023 7:41:07 PM
TimeWritten        : 4/24/2023 7:41:07 PM
UserName           :
Site               :
Container          :

EventID            : 4726
MachineName        : DC.mas-noida.com
Data               : {}
Index              : 18356296
Category           : (13824)
CategoryNumber     : 13824
EntryType          : SuccessAudit
Message            : A user account was deleted.

                     Subject:
                         Security ID:        S-1-5-21-2373504117-2689643630-3100359099-1483
                         Account Name:        mayank
                         Account Domain:        MAS-NOIDA
                         Logon ID:        0x5b12390

                     Target Account:
                         Security ID:        S-1-5-21-2373504117-2689643630-3100359099-12145
                         Account Name:        MAS51575
                         Account Domain:        MAS-NOIDA

                     Additional Information:
                         Privileges    -
Source             : Microsoft-Windows-Security-Auditing
ReplacementStrings : {MAS51575, MAS-NOIDA, S-1-5-21-2373504117-2689643630-3100359099-12145,
                     S-1-5-21-2373504117-2689643630-3100359099-1483...}
InstanceId         : 4726
TimeGenerated      : 4/24/2023 5:00:34 AM
TimeWritten        : 4/24/2023 5:00:34 AM
UserName           :
Site               :
Container          :

EventID            : 4726
MachineName        : DC.mas-noida.com
Data               : {}
Index              : 18356276
Category           : (13824)
CategoryNumber     : 13824
EntryType          : SuccessAudit
Message            : A user account was deleted.

                     Subject:
                         Security ID:        S-1-5-21-2373504117-2689643630-3100359099-1483
                         Account Name:        mayank
                         Account Domain:        MAS-NOIDA
                         Logon ID:        0x5b1215b

                     Target Account:
                         Security ID:        S-1-5-21-2373504117-2689643630-3100359099-11229
                         Account Name:        MAS51234
                         Account Domain:        MAS-NOIDA

                     Additional Information:
                         Privileges    -
Source             : Microsoft-Windows-Security-Auditing
ReplacementStrings : {MAS51234, MAS-NOIDA, S-1-5-21-2373504117-2689643630-3100359099-11229,
                     S-1-5-21-2373504117-2689643630-3100359099-1483...}
InstanceId         : 4726
TimeGenerated      : 4/24/2023 5:00:23 AM
TimeWritten        : 4/24/2023 5:00:23 AM
UserName           :
Site               :
Container          :

EventID            : 4726
MachineName        : DC.mas-noida.com
Data               : {}
Index              : 18356256
Category           : (13824)
CategoryNumber     : 13824
EntryType          : SuccessAudit
Message            : A user account was deleted.

                     Subject:
                         Security ID:        S-1-5-21-2373504117-2689643630-3100359099-1483
                         Account Name:        mayank
                         Account Domain:        MAS-NOIDA
                         Logon ID:        0x5b118fd

                     Target Account:
                         Security ID:        S-1-5-21-2373504117-2689643630-3100359099-11350
                         Account Name:        MAS51359
                         Account Domain:        MAS-NOIDA

                     Additional Information:
                         Privileges    -
Source             : Microsoft-Windows-Security-Auditing
ReplacementStrings : {MAS51359, MAS-NOIDA, S-1-5-21-2373504117-2689643630-3100359099-11350,
                     S-1-5-21-2373504117-2689643630-3100359099-1483...}
InstanceId         : 4726
TimeGenerated      : 4/24/2023 5:00:11 AM
TimeWritten        : 4/24/2023 5:00:11 AM
UserName           :
Site               :
Container          :

EventID            : 4726
MachineName        : DC.mas-noida.com
Data               : {}
Index              : 18280903
Category           : (13824)
CategoryNumber     : 13824
EntryType          : SuccessAudit
Message            : A user account was deleted.

                     Subject:
                         Security ID:        S-1-5-21-2373504117-2689643630-3100359099-10155
                         Account Name:        ranjeetit
                         Account Domain:        MAS-NOIDA
                         Logon ID:        0x51006f1

                     Target Account:
                         Security ID:        S-1-5-21-2373504117-2689643630-3100359099-10864
                         Account Name:        MAS51996
                         Account Domain:        MAS-NOIDA

                     Additional Information:
                         Privileges    -
Source             : Microsoft-Windows-Security-Auditing
ReplacementStrings : {MAS51996, MAS-NOIDA, S-1-5-21-2373504117-2689643630-3100359099-10864,
                     S-1-5-21-2373504117-2689643630-3100359099-10155...}
InstanceId         : 4726
TimeGenerated      : 4/23/2023 2:41:14 PM
TimeWritten        : 4/23/2023 2:41:14 PM
UserName           :
Site               :
Container          :

EventID            : 4726
MachineName        : DC.mas-noida.com
Data               : {}
Index              : 18163495
Category           : (13824)
CategoryNumber     : 13824
EntryType          : SuccessAudit
Message            : A user account was deleted.

                     Subject:
                         Security ID:        S-1-5-21-2373504117-2689643630-3100359099-1499
                         Account Name:        anupk
                         Account Domain:        MAS-NOIDA
                         Logon ID:        0x41aa39d

                     Target Account:
                         Security ID:        S-1-5-21-2373504117-2689643630-3100359099-7451
                         Account Name:        MAS50854
                         Account Domain:        MAS-NOIDA

                     Additional Information:
                         Privileges    -
Source             : Microsoft-Windows-Security-Auditing
ReplacementStrings : {MAS50854, MAS-NOIDA, S-1-5-21-2373504117-2689643630-3100359099-7451,
                     S-1-5-21-2373504117-2689643630-3100359099-1499...}
InstanceId         : 4726
TimeGenerated      : 4/22/2023 3:05:00 PM
TimeWritten        : 4/22/2023 3:05:00 PM
UserName           :
Site               :
Container          :

EventID            : 4726
MachineName        : DC.mas-noida.com
Data               : {}
Index              : 18090476
Category           : (13824)
CategoryNumber     : 13824
EntryType          : SuccessAudit
Message            : A user account was deleted.

                     Subject:
                         Security ID:        S-1-5-21-2373504117-2689643630-3100359099-1483
                         Account Name:        mayank
                         Account Domain:        MAS-NOIDA
                         Logon ID:        0x387816c

                     Target Account:
                         Security ID:        S-1-5-21-2373504117-2689643630-3100359099-9752
                         Account Name:        MAS51837
                         Account Domain:        MAS-NOIDA

                     Additional Information:
                         Privileges    -
Source             : Microsoft-Windows-Security-Auditing
ReplacementStrings : {MAS51837, MAS-NOIDA, S-1-5-21-2373504117-2689643630-3100359099-9752,
                     S-1-5-21-2373504117-2689643630-3100359099-1483...}
InstanceId         : 4726
TimeGenerated      : 4/22/2023 1:02:33 AM
TimeWritten        : 4/22/2023 1:02:33 AM
UserName           :
Site               :
Container          :

EventID            : 4726
MachineName        : DC.mas-noida.com
Data               : {}
Index              : 18090444
Category           : (13824)
CategoryNumber     : 13824
EntryType          : SuccessAudit
Message            : A user account was deleted.

                     Subject:
                         Security ID:        S-1-5-21-2373504117-2689643630-3100359099-1483
                         Account Name:        mayank
                         Account Domain:        MAS-NOIDA
                         Logon ID:        0x38772dd

                     Target Account:
                         Security ID:        S-1-5-21-2373504117-2689643630-3100359099-13214
                         Account Name:        MAS52237
                         Account Domain:        MAS-NOIDA

                     Additional Information:
                         Privileges    -
Source             : Microsoft-Windows-Security-Auditing
ReplacementStrings : {MAS52237, MAS-NOIDA, S-1-5-21-2373504117-2689643630-3100359099-13214,
                     S-1-5-21-2373504117-2689643630-3100359099-1483...}
InstanceId         : 4726
TimeGenerated      : 4/22/2023 1:02:23 AM
TimeWritten        : 4/22/2023 1:02:23 AM
UserName           :
Site               :
Container          :

EventID            : 4726
MachineName        : DC.mas-noida.com
Data               : {}
Index              : 18090416
Category           : (13824)
CategoryNumber     : 13824
EntryType          : SuccessAudit
Message            : A user account was deleted.

                     Subject:
                         Security ID:        S-1-5-21-2373504117-2689643630-3100359099-1483
                         Account Name:        mayank
                         Account Domain:        MAS-NOIDA
                         Logon ID:        0x38762fe

                     Target Account:
                         Security ID:        S-1-5-21-2373504117-2689643630-3100359099-13624
                         Account Name:        MAS52017
                         Account Domain:        MAS-NOIDA

                     Additional Information:
                         Privileges    -
Source             : Microsoft-Windows-Security-Auditing
ReplacementStrings : {MAS52017, MAS-NOIDA, S-1-5-21-2373504117-2689643630-3100359099-13624,
                     S-1-5-21-2373504117-2689643630-3100359099-1483...}
InstanceId         : 4726
TimeGenerated      : 4/22/2023 1:02:07 AM
TimeWritten        : 4/22/2023 1:02:07 AM
UserName           :
Site               :
Container          :

EventID            : 4726
MachineName        : DC.mas-noida.com
Data               : {}
Index              : 18090367
Category           : (13824)
CategoryNumber     : 13824
EntryType          : SuccessAudit
Message            : A user account was deleted.

                     Subject:
                         Security ID:        S-1-5-21-2373504117-2689643630-3100359099-1483
                         Account Name:        mayank
                         Account Domain:        MAS-NOIDA
                         Logon ID:        0x38753a3

                     Target Account:
                         Security ID:        S-1-5-21-2373504117-2689643630-3100359099-10647
                         Account Name:        MAS51506
                         Account Domain:        MAS-NOIDA

                     Additional Information:
                         Privileges    -
Source             : Microsoft-Windows-Security-Auditing
ReplacementStrings : {MAS51506, MAS-NOIDA, S-1-5-21-2373504117-2689643630-3100359099-10647,
                     S-1-5-21-2373504117-2689643630-3100359099-1483...}
InstanceId         : 4726
TimeGenerated      : 4/22/2023 1:01:43 AM
TimeWritten        : 4/22/2023 1:01:43 AM
UserName           :
Site               :
Container          :

EventID            : 4726
MachineName        : DC.mas-noida.com
Data               : {}
Index              : 18090343
Category           : (13824)
CategoryNumber     : 13824
EntryType          : SuccessAudit
Message            : A user account was deleted.

                     Subject:
                         Security ID:        S-1-5-21-2373504117-2689643630-3100359099-1483
                         Account Name:        mayank
                         Account Domain:        MAS-NOIDA
                         Logon ID:        0x38745e4

                     Target Account:
                         Security ID:        S-1-5-21-2373504117-2689643630-3100359099-13177
                         Account Name:        MAS52199
                         Account Domain:        MAS-NOIDA

                     Additional Information:
                         Privileges    -
Source             : Microsoft-Windows-Security-Auditing
ReplacementStrings : {MAS52199, MAS-NOIDA, S-1-5-21-2373504117-2689643630-3100359099-13177,
                     S-1-5-21-2373504117-2689643630-3100359099-1483...}
InstanceId         : 4726
TimeGenerated      : 4/22/2023 1:01:31 AM
TimeWritten        : 4/22/2023 1:01:31 AM
UserName           :
Site               :
Container          :

EventID            : 4726
MachineName        : DC.mas-noida.com
Data               : {}
Index              : 18090314
Category           : (13824)
CategoryNumber     : 13824
EntryType          : SuccessAudit
Message            : A user account was deleted.

                     Subject:
                         Security ID:        S-1-5-21-2373504117-2689643630-3100359099-1483
                         Account Name:        mayank
                         Account Domain:        MAS-NOIDA
                         Logon ID:        0x3873d8a

                     Target Account:
                         Security ID:        S-1-5-21-2373504117-2689643630-3100359099-9747
                         Account Name:        MAS52104
                         Account Domain:        MAS-NOIDA

                     Additional Information:
                         Privileges    -
Source             : Microsoft-Windows-Security-Auditing
ReplacementStrings : {MAS52104, MAS-NOIDA, S-1-5-21-2373504117-2689643630-3100359099-9747,
                     S-1-5-21-2373504117-2689643630-3100359099-1483...}
InstanceId         : 4726
TimeGenerated      : 4/22/2023 1:01:20 AM
TimeWritten        : 4/22/2023 1:01:20 AM
UserName           :
Site               :
Container          :

EventID            : 4726
MachineName        : DC.mas-noida.com
Data               : {}
Index              : 18090290
Category           : (13824)
CategoryNumber     : 13824
EntryType          : SuccessAudit
Message            : A user account was deleted.

                     Subject:
                         Security ID:        S-1-5-21-2373504117-2689643630-3100359099-1483
                         Account Name:        mayank
                         Account Domain:        MAS-NOIDA
                         Logon ID:        0x38739a8

                     Target Account:
                         Security ID:        S-1-5-21-2373504117-2689643630-3100359099-13219
                         Account Name:        MAS52233
                         Account Domain:        MAS-NOIDA

                     Additional Information:
                         Privileges    -
Source             : Microsoft-Windows-Security-Auditing
ReplacementStrings : {MAS52233, MAS-NOIDA, S-1-5-21-2373504117-2689643630-3100359099-13219,
                     S-1-5-21-2373504117-2689643630-3100359099-1483...}
InstanceId         : 4726
TimeGenerated      : 4/22/2023 1:01:09 AM
TimeWritten        : 4/22/2023 1:01:09 AM
UserName           :
Site               :
Container          :

EventID            : 4726
MachineName        : DC.mas-noida.com
Data               : {}
Index              : 18090271
Category           : (13824)
CategoryNumber     : 13824
EntryType          : SuccessAudit
Message            : A user account was deleted.

                     Subject:
                         Security ID:        S-1-5-21-2373504117-2689643630-3100359099-1483
                         Account Name:        mayank
                         Account Domain:        MAS-NOIDA
                         Logon ID:        0x3873670

                     Target Account:
                         Security ID:        S-1-5-21-2373504117-2689643630-3100359099-10333
                         Account Name:        MAS50787
                         Account Domain:        MAS-NOIDA

                     Additional Information:
                         Privileges    -
Source             : Microsoft-Windows-Security-Auditing
ReplacementStrings : {MAS50787, MAS-NOIDA, S-1-5-21-2373504117-2689643630-3100359099-10333,
                     S-1-5-21-2373504117-2689643630-3100359099-1483...}
InstanceId         : 4726
TimeGenerated      : 4/22/2023 1:00:58 AM
TimeWritten        : 4/22/2023 1:00:58 AM
UserName           :
Site               :
Container          :

EventID            : 4726
MachineName        : DC.mas-noida.com
Data               : {}
Index              : 18090251
Category           : (13824)
CategoryNumber     : 13824
EntryType          : SuccessAudit
Message            : A user account was deleted.

                     Subject:
                         Security ID:        S-1-5-21-2373504117-2689643630-3100359099-1483
                         Account Name:        mayank
                         Account Domain:        MAS-NOIDA
                         Logon ID:        0x3872ed7

                     Target Account:
                         Security ID:        S-1-5-21-2373504117-2689643630-3100359099-6094
                         Account Name:        MAS49003
                         Account Domain:        MAS-NOIDA

                     Additional Information:
                         Privileges    -
Source             : Microsoft-Windows-Security-Auditing
ReplacementStrings : {MAS49003, MAS-NOIDA, S-1-5-21-2373504117-2689643630-3100359099-6094,
                     S-1-5-21-2373504117-2689643630-3100359099-1483...}
InstanceId         : 4726
TimeGenerated      : 4/22/2023 1:00:46 AM
TimeWritten        : 4/22/2023 1:00:46 AM
UserName           :
Site               :
Container          :

EventID            : 4726
MachineName        : DC.mas-noida.com
Data               : {}
Index              : 18090231
Category           : (13824)
CategoryNumber     : 13824
EntryType          : SuccessAudit
Message            : A user account was deleted.

                     Subject:
                         Security ID:        S-1-5-21-2373504117-2689643630-3100359099-1483
                         Account Name:        mayank
                         Account Domain:        MAS-NOIDA
                         Logon ID:        0x3872846

                     Target Account:
                         Security ID:        S-1-5-21-2373504117-2689643630-3100359099-6485
                         Account Name:        MAS47565
                         Account Domain:        MAS-NOIDA

                     Additional Information:
                         Privileges    -
Source             : Microsoft-Windows-Security-Auditing
ReplacementStrings : {MAS47565, MAS-NOIDA, S-1-5-21-2373504117-2689643630-3100359099-6485,
                     S-1-5-21-2373504117-2689643630-3100359099-1483...}
InstanceId         : 4726
TimeGenerated      : 4/22/2023 1:00:34 AM
TimeWritten        : 4/22/2023 1:00:34 AM
UserName           :
Site               :
Container          :

EventID            : 4726
MachineName        : DC.mas-noida.com
Data               : {}
Index              : 18028427
Category           : (13824)
CategoryNumber     : 13824
EntryType          : SuccessAudit
Message            : A user account was deleted.

                     Subject:
                         Security ID:        S-1-5-21-2373504117-2689643630-3100359099-1499
                         Account Name:        anupk
                         Account Domain:        MAS-NOIDA
                         Logon ID:        0x30ae6a4

                     Target Account:
                         Security ID:        S-1-5-21-2373504117-2689643630-3100359099-13297
                         Account Name:        ANAMIKA HALDAR
                         Account Domain:        MAS-NOIDA

                     Additional Information:
                         Privileges    -
Source             : Microsoft-Windows-Security-Auditing
ReplacementStrings : {ANAMIKA HALDAR, MAS-NOIDA, S-1-5-21-2373504117-2689643630-3100359099-13297,
                     S-1-5-21-2373504117-2689643630-3100359099-1499...}
InstanceId         : 4726
TimeGenerated      : 4/21/2023 3:12:37 PM
TimeWritten        : 4/21/2023 3:12:37 PM
UserName           :
Site               :
Container          :

EventID            : 4726
MachineName        : DC.mas-noida.com
Data               : {}
Index              : 18012568
Category           : (13824)
CategoryNumber     : 13824
EntryType          : SuccessAudit
Message            : A user account was deleted.

                     Subject:
                         Security ID:        S-1-5-21-2373504117-2689643630-3100359099-1499
                         Account Name:        anupk
                         Account Domain:        MAS-NOIDA
                         Logon ID:        0x2f094df

                     Target Account:
                         Security ID:        S-1-5-21-2373504117-2689643630-3100359099-13257
                         Account Name:        MAS52262
                         Account Domain:        MAS-NOIDA

                     Additional Information:
                         Privileges    -
Source             : Microsoft-Windows-Security-Auditing
ReplacementStrings : {MAS52262, MAS-NOIDA, S-1-5-21-2373504117-2689643630-3100359099-13257,
                     S-1-5-21-2373504117-2689643630-3100359099-1499...}
InstanceId         : 4726
TimeGenerated      : 4/21/2023 1:23:29 PM
TimeWritten        : 4/21/2023 1:23:29 PM
UserName           :
Site               :
Container          :

EventID            : 4726
MachineName        : DC.mas-noida.com
Data               : {}
Index              : 18012537
Category           : (13824)
CategoryNumber     : 13824
EntryType          : SuccessAudit
Message            : A user account was deleted.

                     Subject:
                         Security ID:        S-1-5-21-2373504117-2689643630-3100359099-1499
                         Account Name:        anupk
                         Account Domain:        MAS-NOIDA
                         Logon ID:        0x2f094df

                     Target Account:
                         Security ID:        S-1-5-21-2373504117-2689643630-3100359099-13243
                         Account Name:        MAS52251
                         Account Domain:        MAS-NOIDA

                     Additional Information:
                         Privileges    -
Source             : Microsoft-Windows-Security-Auditing
ReplacementStrings : {MAS52251, MAS-NOIDA, S-1-5-21-2373504117-2689643630-3100359099-13243,
                     S-1-5-21-2373504117-2689643630-3100359099-1499...}
InstanceId         : 4726
TimeGenerated      : 4/21/2023 1:23:13 PM
TimeWritten        : 4/21/2023 1:23:13 PM
UserName           :
Site               :
Container          :

EventID            : 4726
MachineName        : DC.mas-noida.com
Data               : {}
Index              : 18002934
Category           : (13824)
CategoryNumber     : 13824
EntryType          : SuccessAudit
Message            : A user account was deleted.

                     Subject:
                         Security ID:        S-1-5-21-2373504117-2689643630-3100359099-1499
                         Account Name:        anupk
                         Account Domain:        MAS-NOIDA
                         Logon ID:        0x2e14c41

                     Target Account:
                         Security ID:        S-1-5-21-2373504117-2689643630-3100359099-12493
                         Account Name:        MAS51947
                         Account Domain:        MAS-NOIDA

                     Additional Information:
                         Privileges    -
Source             : Microsoft-Windows-Security-Auditing
ReplacementStrings : {MAS51947, MAS-NOIDA, S-1-5-21-2373504117-2689643630-3100359099-12493,
                     S-1-5-21-2373504117-2689643630-3100359099-1499...}
InstanceId         : 4726
TimeGenerated      : 4/21/2023 12:19:50 PM
TimeWritten        : 4/21/2023 12:19:50 PM
UserName           :
Site               :
Container          :

EventID            : 4726
MachineName        : DC.mas-noida.com
Data               : {}
Index              : 17893677
Category           : (13824)
CategoryNumber     : 13824
EntryType          : SuccessAudit
Message            : A user account was deleted.

                     Subject:
                         Security ID:        S-1-5-21-2373504117-2689643630-3100359099-1499
                         Account Name:        anupk
                         Account Domain:        MAS-NOIDA
                         Logon ID:        0x1ff2b29

                     Target Account:
                         Security ID:        S-1-5-21-2373504117-2689643630-3100359099-11360
                         Account Name:        MAS51377
                         Account Domain:        MAS-NOIDA

                     Additional Information:
                         Privileges    -
Source             : Microsoft-Windows-Security-Auditing
ReplacementStrings : {MAS51377, MAS-NOIDA, S-1-5-21-2373504117-2689643630-3100359099-11360,
                     S-1-5-21-2373504117-2689643630-3100359099-1499...}
InstanceId         : 4726
TimeGenerated      : 4/20/2023 4:33:21 PM
TimeWritten        : 4/20/2023 4:33:21 PM
UserName           :
Site               :
Container          :

EventID            : 4726
MachineName        : DC.mas-noida.com
Data               : {}
Index              : 17890503
Category           : (13824)
CategoryNumber     : 13824
EntryType          : SuccessAudit
Message            : A user account was deleted.

                     Subject:
                         Security ID:        S-1-5-21-2373504117-2689643630-3100359099-1499
                         Account Name:        anupk
                         Account Domain:        MAS-NOIDA
                         Logon ID:        0x1f39b5f

                     Target Account:
                         Security ID:        S-1-5-21-2373504117-2689643630-3100359099-4002
                         Account Name:        Soniak
                         Account Domain:        MAS-NOIDA

                     Additional Information:
                         Privileges    -
Source             : Microsoft-Windows-Security-Auditing
ReplacementStrings : {Soniak, MAS-NOIDA, S-1-5-21-2373504117-2689643630-3100359099-4002,
                     S-1-5-21-2373504117-2689643630-3100359099-1499...}
InstanceId         : 4726
TimeGenerated      : 4/20/2023 4:13:01 PM
TimeWritten        : 4/20/2023 4:13:01 PM
UserName           :
Site               :
Container          :

EventID            : 4726
MachineName        : DC.mas-noida.com
Data               : {}
Index              : 17874157
Category           : (13824)
CategoryNumber     : 13824
EntryType          : SuccessAudit
Message            : A user account was deleted.

                     Subject:
                         Security ID:        S-1-5-21-2373504117-2689643630-3100359099-1499
                         Account Name:        anupk
                         Account Domain:        MAS-NOIDA
                         Logon ID:        0x1d819e6

                     Target Account:
                         Security ID:        S-1-5-21-2373504117-2689643630-3100359099-12561
                         Account Name:        IDC52026
                         Account Domain:        MAS-NOIDA

                     Additional Information:
                         Privileges    -
Source             : Microsoft-Windows-Security-Auditing
ReplacementStrings : {IDC52026, MAS-NOIDA, S-1-5-21-2373504117-2689643630-3100359099-12561,
                     S-1-5-21-2373504117-2689643630-3100359099-1499...}
InstanceId         : 4726
TimeGenerated      : 4/20/2023 2:15:08 PM
TimeWritten        : 4/20/2023 2:15:08 PM
UserName           :
Site               :
Container          :

EventID            : 4726
MachineName        : DC.mas-noida.com
Data               : {}
Index              : 17874143
Category           : (13824)
CategoryNumber     : 13824
EntryType          : SuccessAudit
Message            : A user account was deleted.

                     Subject:
                         Security ID:        S-1-5-21-2373504117-2689643630-3100359099-1499
                         Account Name:        anupk
                         Account Domain:        MAS-NOIDA
                         Logon ID:        0x1d819e6

                     Target Account:
                         Security ID:        S-1-5-21-2373504117-2689643630-3100359099-12220
                         Account Name:        IDC51613
                         Account Domain:        MAS-NOIDA

                     Additional Information:
                         Privileges    -
Source             : Microsoft-Windows-Security-Auditing
ReplacementStrings : {IDC51613, MAS-NOIDA, S-1-5-21-2373504117-2689643630-3100359099-12220,
                     S-1-5-21-2373504117-2689643630-3100359099-1499...}
InstanceId         : 4726
TimeGenerated      : 4/20/2023 2:15:03 PM
TimeWritten        : 4/20/2023 2:15:03 PM
UserName           :
Site               :
Container          :

EventID            : 4726
MachineName        : DC.mas-noida.com
Data               : {}
Index              : 17874127
Category           : (13824)
CategoryNumber     : 13824
EntryType          : SuccessAudit
Message            : A user account was deleted.

                     Subject:
                         Security ID:        S-1-5-21-2373504117-2689643630-3100359099-1499
                         Account Name:        anupk
                         Account Domain:        MAS-NOIDA
                         Logon ID:        0x1d819e6

                     Target Account:
                         Security ID:        S-1-5-21-2373504117-2689643630-3100359099-4413
                         Account Name:        NOI1282
                         Account Domain:        MAS-NOIDA

                     Additional Information:
                         Privileges    -
Source             : Microsoft-Windows-Security-Auditing
ReplacementStrings : {NOI1282, MAS-NOIDA, S-1-5-21-2373504117-2689643630-3100359099-4413,
                     S-1-5-21-2373504117-2689643630-3100359099-1499...}
InstanceId         : 4726
TimeGenerated      : 4/20/2023 2:14:57 PM
TimeWritten        : 4/20/2023 2:14:57 PM
UserName           :
Site               :
Container          :

EventID            : 4726
MachineName        : DC.mas-noida.com
Data               : {}
Index              : 17874104
Category           : (13824)
CategoryNumber     : 13824
EntryType          : SuccessAudit
Message            : A user account was deleted.

                     Subject:
                         Security ID:        S-1-5-21-2373504117-2689643630-3100359099-1499
                         Account Name:        anupk
                         Account Domain:        MAS-NOIDA
                         Logon ID:        0x1d819e6

                     Target Account:
                         Security ID:        S-1-5-21-2373504117-2689643630-3100359099-11299
                         Account Name:        MAS51294
                         Account Domain:        MAS-NOIDA

                     Additional Information:
                         Privileges    -
Source             : Microsoft-Windows-Security-Auditing
ReplacementStrings : {MAS51294, MAS-NOIDA, S-1-5-21-2373504117-2689643630-3100359099-11299,
                     S-1-5-21-2373504117-2689643630-3100359099-1499...}
InstanceId         : 4726
TimeGenerated      : 4/20/2023 2:14:53 PM
TimeWritten        : 4/20/2023 2:14:53 PM
UserName           :
Site               :
Container          :

EventID            : 4726
MachineName        : DC.mas-noida.com
Data               : {}
Index              : 17834370
Category           : (13824)
CategoryNumber     : 13824
EntryType          : SuccessAudit
Message            : A user account was deleted.

                     Subject:
                         Security ID:        S-1-5-21-2373504117-2689643630-3100359099-1499
                         Account Name:        anupk
                         Account Domain:        MAS-NOIDA
                         Logon ID:        0x1a1e0bd

                     Target Account:
                         Security ID:        S-1-5-21-2373504117-2689643630-3100359099-12256
                         Account Name:        MAS51206
                         Account Domain:        MAS-NOIDA

                     Additional Information:
                         Privileges    -
Source             : Microsoft-Windows-Security-Auditing
ReplacementStrings : {MAS51206, MAS-NOIDA, S-1-5-21-2373504117-2689643630-3100359099-12256,
                     S-1-5-21-2373504117-2689643630-3100359099-1499...}
InstanceId         : 4726
TimeGenerated      : 4/20/2023 8:32:31 AM
TimeWritten        : 4/20/2023 8:32:31 AM
UserName           :
Site               :
Container          :

EventID            : 4726
MachineName        : DC.mas-noida.com
Data               : {}
Index              : 17834152
Category           : (13824)
CategoryNumber     : 13824
EntryType          : SuccessAudit
Message            : A user account was deleted.

                     Subject:
                         Security ID:        S-1-5-21-2373504117-2689643630-3100359099-1499
                         Account Name:        anupk
                         Account Domain:        MAS-NOIDA
                         Logon ID:        0x1a1e0bd

                     Target Account:
                         Security ID:        S-1-5-21-2373504117-2689643630-3100359099-9802
                         Account Name:        MAS52302
                         Account Domain:        MAS-NOIDA

                     Additional Information:
                         Privileges    -
Source             : Microsoft-Windows-Security-Auditing
ReplacementStrings : {MAS52302, MAS-NOIDA, S-1-5-21-2373504117-2689643630-3100359099-9802,
                     S-1-5-21-2373504117-2689643630-3100359099-1499...}
InstanceId         : 4726
TimeGenerated      : 4/20/2023 8:30:17 AM
TimeWritten        : 4/20/2023 8:30:17 AM
UserName           :
Site               :
Container          :

EventID            : 4726
MachineName        : DC.mas-noida.com
Data               : {}
Index              : 17834101
Category           : (13824)
CategoryNumber     : 13824
EntryType          : SuccessAudit
Message            : A user account was deleted.

                     Subject:
                         Security ID:        S-1-5-21-2373504117-2689643630-3100359099-1499
                         Account Name:        anupk
                         Account Domain:        MAS-NOIDA
                         Logon ID:        0x1a1e0bd

                     Target Account:
                         Security ID:        S-1-5-21-2373504117-2689643630-3100359099-11042
                         Account Name:        MAS52344
                         Account Domain:        MAS-NOIDA

                     Additional Information:
                         Privileges    -
Source             : Microsoft-Windows-Security-Auditing
ReplacementStrings : {MAS52344, MAS-NOIDA, S-1-5-21-2373504117-2689643630-3100359099-11042,
                     S-1-5-21-2373504117-2689643630-3100359099-1499...}
InstanceId         : 4726
TimeGenerated      : 4/20/2023 8:30:00 AM
TimeWritten        : 4/20/2023 8:30:00 AM
UserName           :
Site               :
Container          :

EventID            : 4726
MachineName        : DC.mas-noida.com
Data               : {}
Index              : 17598435
Category           : (13824)
CategoryNumber     : 13824
EntryType          : SuccessAudit
Message            : A user account was deleted.

                     Subject:
                         Security ID:        S-1-5-21-2373504117-2689643630-3100359099-1499
                         Account Name:        anupk
                         Account Domain:        MAS-NOIDA
                         Logon ID:        0x2c302a

                     Target Account:
                         Security ID:        S-1-5-21-2373504117-2689643630-3100359099-3849
                         Account Name:        soorajk
                         Account Domain:        MAS-NOIDA

                     Additional Information:
                         Privileges    -
Source             : Microsoft-Windows-Security-Auditing
ReplacementStrings : {soorajk, MAS-NOIDA, S-1-5-21-2373504117-2689643630-3100359099-3849,
                     S-1-5-21-2373504117-2689643630-3100359099-1499...}
InstanceId         : 4726
TimeGenerated      : 4/18/2023 4:21:57 PM
TimeWritten        : 4/18/2023 4:21:57 PM
UserName           :
Site               :
Container          :

EventID            : 4726
MachineName        : DC.mas-noida.com
Data               : {}
Index              : 17458931
Category           : (13824)
CategoryNumber     : 13824
EntryType          : SuccessAudit
Message            : A user account was deleted.

                     Subject:
                         Security ID:        S-1-5-21-2373504117-2689643630-3100359099-2600
                         Account Name:        prateeks
                         Account Domain:        MAS-NOIDA
                         Logon ID:        0xe39fb948

                     Target Account:
                         Security ID:        S-1-5-21-2373504117-2689643630-3100359099-13184
                         Account Name:        MAS52173
                         Account Domain:        MAS-NOIDA

                     Additional Information:
                         Privileges    -
Source             : Microsoft-Windows-Security-Auditing
ReplacementStrings : {MAS52173, MAS-NOIDA, S-1-5-21-2373504117-2689643630-3100359099-13184,
                     S-1-5-21-2373504117-2689643630-3100359099-2600...}
InstanceId         : 4726
TimeGenerated      : 4/17/2023 6:25:41 PM
TimeWritten        : 4/17/2023 6:25:41 PM
UserName           :
Site               :
Container          :

EventID            : 4726
MachineName        : DC.mas-noida.com
Data               : {}
Index              : 17458885
Category           : (13824)
CategoryNumber     : 13824
EntryType          : SuccessAudit
Message            : A user account was deleted.

                     Subject:
                         Security ID:        S-1-5-21-2373504117-2689643630-3100359099-2600
                         Account Name:        prateeks
                         Account Domain:        MAS-NOIDA
                         Logon ID:        0xe39fada8

                     Target Account:
                         Security ID:        S-1-5-21-2373504117-2689643630-3100359099-10665
                         Account Name:        MAS51518
                         Account Domain:        MAS-NOIDA

                     Additional Information:
                         Privileges    -
Source             : Microsoft-Windows-Security-Auditing
ReplacementStrings : {MAS51518, MAS-NOIDA, S-1-5-21-2373504117-2689643630-3100359099-10665,
                     S-1-5-21-2373504117-2689643630-3100359099-2600...}
InstanceId         : 4726
TimeGenerated      : 4/17/2023 6:25:27 PM
TimeWritten        : 4/17/2023 6:25:27 PM
UserName           :
Site               :
Container          :

EventID            : 4726
MachineName        : DC.mas-noida.com
Data               : {}
Index              : 17458833
Category           : (13824)
CategoryNumber     : 13824
EntryType          : SuccessAudit
Message            : A user account was deleted.

                     Subject:
                         Security ID:        S-1-5-21-2373504117-2689643630-3100359099-2600
                         Account Name:        prateeks
                         Account Domain:        MAS-NOIDA
                         Logon ID:        0xe39f9379

                     Target Account:
                         Security ID:        S-1-5-21-2373504117-2689643630-3100359099-12290
                         Account Name:        MAS51707
                         Account Domain:        MAS-NOIDA

                     Additional Information:
                         Privileges    -
Source             : Microsoft-Windows-Security-Auditing
ReplacementStrings : {MAS51707, MAS-NOIDA, S-1-5-21-2373504117-2689643630-3100359099-12290,
                     S-1-5-21-2373504117-2689643630-3100359099-2600...}
InstanceId         : 4726
TimeGenerated      : 4/17/2023 6:25:08 PM
TimeWritten        : 4/17/2023 6:25:08 PM
UserName           :
Site               :
Container          :

EventID            : 4726
MachineName        : DC.mas-noida.com
Data               : {}
Index              : 17458739
Category           : (13824)
CategoryNumber     : 13824
EntryType          : SuccessAudit
Message            : A user account was deleted.

                     Subject:
                         Security ID:        S-1-5-21-2373504117-2689643630-3100359099-2600
                         Account Name:        prateeks
                         Account Domain:        MAS-NOIDA
                         Logon ID:        0xe39f711e

                     Target Account:
                         Security ID:        S-1-5-21-2373504117-2689643630-3100359099-11214
                         Account Name:        MAS50604
                         Account Domain:        MAS-NOIDA

                     Additional Information:
                         Privileges    -
Source             : Microsoft-Windows-Security-Auditing
ReplacementStrings : {MAS50604, MAS-NOIDA, S-1-5-21-2373504117-2689643630-3100359099-11214,
                     S-1-5-21-2373504117-2689643630-3100359099-2600...}
InstanceId         : 4726
TimeGenerated      : 4/17/2023 6:24:38 PM
TimeWritten        : 4/17/2023 6:24:38 PM
UserName           :
Site               :
Container          :

EventID            : 4726
MachineName        : DC.mas-noida.com
Data               : {}
Index              : 17458601
Category           : (13824)
CategoryNumber     : 13824
EntryType          : SuccessAudit
Message            : A user account was deleted.

                     Subject:
                         Security ID:        S-1-5-21-2373504117-2689643630-3100359099-2600
                         Account Name:        prateeks
                         Account Domain:        MAS-NOIDA
                         Logon ID:        0xe39f370f

                     Target Account:
                         Security ID:        S-1-5-21-2373504117-2689643630-3100359099-12372
                         Account Name:        MAS51738
                         Account Domain:        MAS-NOIDA

                     Additional Information:
                         Privileges    -
Source             : Microsoft-Windows-Security-Auditing
ReplacementStrings : {MAS51738, MAS-NOIDA, S-1-5-21-2373504117-2689643630-3100359099-12372,
                     S-1-5-21-2373504117-2689643630-3100359099-2600...}
InstanceId         : 4726
TimeGenerated      : 4/17/2023 6:23:40 PM
TimeWritten        : 4/17/2023 6:23:40 PM
UserName           :
Site               :
Container          :

EventID            : 4726
MachineName        : DC.mas-noida.com
Data               : {}
Index              : 17458542
Category           : (13824)
CategoryNumber     : 13824
EntryType          : SuccessAudit
Message            : A user account was deleted.

                     Subject:
                         Security ID:        S-1-5-21-2373504117-2689643630-3100359099-2600
                         Account Name:        prateeks
                         Account Domain:        MAS-NOIDA
                         Logon ID:        0xe39f1c40

                     Target Account:
                         Security ID:        S-1-5-21-2373504117-2689643630-3100359099-12509
                         Account Name:        MAS51949
                         Account Domain:        MAS-NOIDA

                     Additional Information:
                         Privileges    -
Source             : Microsoft-Windows-Security-Auditing
ReplacementStrings : {MAS51949, MAS-NOIDA, S-1-5-21-2373504117-2689643630-3100359099-12509,
                     S-1-5-21-2373504117-2689643630-3100359099-2600...}
InstanceId         : 4726
TimeGenerated      : 4/17/2023 6:23:28 PM
TimeWritten        : 4/17/2023 6:23:28 PM
UserName           :
Site               :
Container          :

EventID            : 4726
MachineName        : DC.mas-noida.com
Data               : {}
Index              : 16126757
Category           : (13824)
CategoryNumber     : 13824
EntryType          : SuccessAudit
Message            : A user account was deleted.

                     Subject:
                         Security ID:        S-1-5-21-2373504117-2689643630-3100359099-10155
                         Account Name:        ranjeetit
                         Account Domain:        MAS-NOIDA
                         Logon ID:        0xd95ce7b4

                     Target Account:
                         Security ID:        S-1-5-21-2373504117-2689643630-3100359099-12369
                         Account Name:        MAS51781
                         Account Domain:        MAS-NOIDA

                     Additional Information:
                         Privileges    -
Source             : Microsoft-Windows-Security-Auditing
ReplacementStrings : {MAS51781, MAS-NOIDA, S-1-5-21-2373504117-2689643630-3100359099-12369,
                     S-1-5-21-2373504117-2689643630-3100359099-10155...}
InstanceId         : 4726
TimeGenerated      : 4/9/2023 12:16:20 PM
TimeWritten        : 4/9/2023 12:16:20 PM
UserName           :
Site               :
Container          :

EventID            : 4726
MachineName        : DC.mas-noida.com
Data               : {}
Index              : 16126681
Category           : (13824)
CategoryNumber     : 13824
EntryType          : SuccessAudit
Message            : A user account was deleted.

                     Subject:
                         Security ID:        S-1-5-21-2373504117-2689643630-3100359099-10155
                         Account Name:        ranjeetit
                         Account Domain:        MAS-NOIDA
                         Logon ID:        0xd95c7f1b

                     Target Account:
                         Security ID:        S-1-5-21-2373504117-2689643630-3100359099-8055
                         Account Name:        MAS50444
                         Account Domain:        MAS-NOIDA

                     Additional Information:
                         Privileges    -
Source             : Microsoft-Windows-Security-Auditing
ReplacementStrings : {MAS50444, MAS-NOIDA, S-1-5-21-2373504117-2689643630-3100359099-8055,
                     S-1-5-21-2373504117-2689643630-3100359099-10155...}
InstanceId         : 4726
TimeGenerated      : 4/9/2023 12:15:56 PM
TimeWritten        : 4/9/2023 12:15:56 PM
UserName           :
Site               :
Container          :

EventID            : 4726
MachineName        : DC.mas-noida.com
Data               : {}
Index              : 16126646
Category           : (13824)
CategoryNumber     : 13824
EntryType          : SuccessAudit
Message            : A user account was deleted.

                     Subject:
                         Security ID:        S-1-5-21-2373504117-2689643630-3100359099-10155
                         Account Name:        ranjeetit
                         Account Domain:        MAS-NOIDA
                         Logon ID:        0xd95c77ed

                     Target Account:
                         Security ID:        S-1-5-21-2373504117-2689643630-3100359099-11278
                         Account Name:        MAS51259
                         Account Domain:        MAS-NOIDA

                     Additional Information:
                         Privileges    -
