Source             : Microsoft-Windows-Security-Auditing
ReplacementStrings : {MAS51196, MAS-NOIDA, S-1-5-21-2373504117-2689643630-3100359099-7548,
                     S-1-5-21-2373504117-2689643630-3100359099-1483...}
InstanceId         : 4726
TimeGenerated      : 1/12/2023 1:50:36 AM
TimeWritten        : 1/12/2023 1:50:36 AM
UserName           :
Site               :
Container          :

EventID            : 4726
MachineName        : DC.mas-noida.com
Data               : {}
Index              : 78688
Category           : (13824)
CategoryNumber     : 13824
EntryType          : SuccessAudit
Message            : A user account was deleted.

                     Subject:
                         Security ID:        S-1-5-21-2373504117-2689643630-3100359099-1483
                         Account Name:        mayank
                         Account Domain:        MAS-NOIDA
                         Logon ID:        0x2eeb2fb

                     Target Account:
                         Security ID:        S-1-5-21-2373504117-2689643630-3100359099-7099
                         Account Name:        MAS50088
                         Account Domain:        MAS-NOIDA

                     Additional Information:
                         Privileges    -
Source             : Microsoft-Windows-Security-Auditing
ReplacementStrings : {MAS50088, MAS-NOIDA, S-1-5-21-2373504117-2689643630-3100359099-7099,
                     S-1-5-21-2373504117-2689643630-3100359099-1483...}
InstanceId         : 4726
TimeGenerated      : 1/12/2023 1:50:21 AM
TimeWritten        : 1/12/2023 1:50:21 AM
UserName           :
Site               :
Container          :

EventID            : 4726
MachineName        : DC.mas-noida.com
Data               : {}
Index              : 78664
Category           : (13824)
CategoryNumber     : 13824
EntryType          : SuccessAudit
Message            : A user account was deleted.

                     Subject:
                         Security ID:        S-1-5-21-2373504117-2689643630-3100359099-1483
                         Account Name:        mayank
                         Account Domain:        MAS-NOIDA
                         Logon ID:        0x2eeb2fb

                     Target Account:
                         Security ID:        S-1-5-21-2373504117-2689643630-3100359099-10414
                         Account Name:        MAS50878
                         Account Domain:        MAS-NOIDA

                     Additional Information:
                         Privileges    -
Source             : Microsoft-Windows-Security-Auditing
ReplacementStrings : {MAS50878, MAS-NOIDA, S-1-5-21-2373504117-2689643630-3100359099-10414,
                     S-1-5-21-2373504117-2689643630-3100359099-1483...}
InstanceId         : 4726
TimeGenerated      : 1/12/2023 1:50:06 AM
TimeWritten        : 1/12/2023 1:50:06 AM
UserName           :
Site               :
Container          :

EventID            : 4726
MachineName        : DC.mas-noida.com
Data               : {}
Index              : 78642
Category           : (13824)
CategoryNumber     : 13824
EntryType          : SuccessAudit
Message            : A user account was deleted.

                     Subject:
                         Security ID:        S-1-5-21-2373504117-2689643630-3100359099-1483
                         Account Name:        mayank
                         Account Domain:        MAS-NOIDA
                         Logon ID:        0x2eeb2fb

                     Target Account:
                         Security ID:        S-1-5-21-2373504117-2689643630-3100359099-6147
                         Account Name:        MAS48857
                         Account Domain:        MAS-NOIDA

                     Additional Information:
                         Privileges    -
Source             : Microsoft-Windows-Security-Auditing
ReplacementStrings : {MAS48857, MAS-NOIDA, S-1-5-21-2373504117-2689643630-3100359099-6147,
                     S-1-5-21-2373504117-2689643630-3100359099-1483...}
InstanceId         : 4726
TimeGenerated      : 1/12/2023 1:49:51 AM
TimeWritten        : 1/12/2023 1:49:51 AM
UserName           :
Site               :
Container          :

EventID            : 4726
MachineName        : DC.mas-noida.com
Data               : {}
Index              : 78628
Category           : (13824)
CategoryNumber     : 13824
EntryType          : SuccessAudit
Message            : A user account was deleted.

                     Subject:
                         Security ID:        S-1-5-21-2373504117-2689643630-3100359099-1483
                         Account Name:        mayank
                         Account Domain:        MAS-NOIDA
                         Logon ID:        0x2eeb2fb

                     Target Account:
                         Security ID:        S-1-5-21-2373504117-2689643630-3100359099-7541
                         Account Name:        MAS51191
                         Account Domain:        MAS-NOIDA

                     Additional Information:
                         Privileges    -
Source             : Microsoft-Windows-Security-Auditing
ReplacementStrings : {MAS51191, MAS-NOIDA, S-1-5-21-2373504117-2689643630-3100359099-7541,
                     S-1-5-21-2373504117-2689643630-3100359099-1483...}
InstanceId         : 4726
TimeGenerated      : 1/12/2023 1:49:36 AM
TimeWritten        : 1/12/2023 1:49:36 AM
UserName           :
Site               :
Container          :

EventID            : 4726
MachineName        : DC.mas-noida.com
Data               : {}
Index              : 78617
Category           : (13824)
CategoryNumber     : 13824
EntryType          : SuccessAudit
Message            : A user account was deleted.

                     Subject:
                         Security ID:        S-1-5-21-2373504117-2689643630-3100359099-1483
                         Account Name:        mayank
                         Account Domain:        MAS-NOIDA
                         Logon ID:        0x2eeb2fb

                     Target Account:
                         Security ID:        S-1-5-21-2373504117-2689643630-3100359099-11233
                         Account Name:        MAS51227
                         Account Domain:        MAS-NOIDA

                     Additional Information:
                         Privileges    -
Source             : Microsoft-Windows-Security-Auditing
ReplacementStrings : {MAS51227, MAS-NOIDA, S-1-5-21-2373504117-2689643630-3100359099-11233,
                     S-1-5-21-2373504117-2689643630-3100359099-1483...}
InstanceId         : 4726
TimeGenerated      : 1/12/2023 1:49:20 AM
TimeWritten        : 1/12/2023 1:49:20 AM
UserName           :
Site               :
Container          :

EventID            : 4726
MachineName        : DC.mas-noida.com
Data               : {}
Index              : 78599
Category           : (13824)
CategoryNumber     : 13824
EntryType          : SuccessAudit
Message            : A user account was deleted.

                     Subject:
                         Security ID:        S-1-5-21-2373504117-2689643630-3100359099-1483
                         Account Name:        mayank
                         Account Domain:        MAS-NOIDA
                         Logon ID:        0x2eeb2fb

                     Target Account:
                         Security ID:        S-1-5-21-2373504117-2689643630-3100359099-10363
                         Account Name:        MAS50832
                         Account Domain:        MAS-NOIDA

                     Additional Information:
                         Privileges    -
Source             : Microsoft-Windows-Security-Auditing
ReplacementStrings : {MAS50832, MAS-NOIDA, S-1-5-21-2373504117-2689643630-3100359099-10363,
                     S-1-5-21-2373504117-2689643630-3100359099-1483...}
InstanceId         : 4726
TimeGenerated      : 1/12/2023 1:49:00 AM
TimeWritten        : 1/12/2023 1:49:00 AM
UserName           :
Site               :
Container          :

EventID            : 4726
MachineName        : DC.mas-noida.com
Data               : {}
Index              : 78576
Category           : (13824)
CategoryNumber     : 13824
EntryType          : SuccessAudit
Message            : A user account was deleted.

                     Subject:
                         Security ID:        S-1-5-21-2373504117-2689643630-3100359099-1483
                         Account Name:        mayank
                         Account Domain:        MAS-NOIDA
                         Logon ID:        0x2eeb2fb

                     Target Account:
                         Security ID:        S-1-5-21-2373504117-2689643630-3100359099-10555
                         Account Name:        MAS51034
                         Account Domain:        MAS-NOIDA

                     Additional Information:
                         Privileges    -
Source             : Microsoft-Windows-Security-Auditing
ReplacementStrings : {MAS51034, MAS-NOIDA, S-1-5-21-2373504117-2689643630-3100359099-10555,
                     S-1-5-21-2373504117-2689643630-3100359099-1483...}
InstanceId         : 4726
TimeGenerated      : 1/12/2023 1:48:46 AM
TimeWritten        : 1/12/2023 1:48:46 AM
UserName           :
Site               :
Container          :

EventID            : 4726
MachineName        : DC.mas-noida.com
Data               : {}
Index              : 78528
Category           : (13824)
CategoryNumber     : 13824
EntryType          : SuccessAudit
Message            : A user account was deleted.

                     Subject:
                         Security ID:        S-1-5-21-2373504117-2689643630-3100359099-1483
                         Account Name:        mayank
                         Account Domain:        MAS-NOIDA
                         Logon ID:        0x2eeb2fb

                     Target Account:
                         Security ID:        S-1-5-21-2373504117-2689643630-3100359099-10247
                         Account Name:        MAS50738
                         Account Domain:        MAS-NOIDA

                     Additional Information:
                         Privileges    -
Source             : Microsoft-Windows-Security-Auditing
ReplacementStrings : {MAS50738, MAS-NOIDA, S-1-5-21-2373504117-2689643630-3100359099-10247,
                     S-1-5-21-2373504117-2689643630-3100359099-1483...}
InstanceId         : 4726
TimeGenerated      : 1/12/2023 1:48:17 AM
TimeWritten        : 1/12/2023 1:48:17 AM
UserName           :
Site               :
Container          :

EventID            : 4726
MachineName        : DC.mas-noida.com
Data               : {}
Index              : 78514
Category           : (13824)
CategoryNumber     : 13824
EntryType          : SuccessAudit
Message            : A user account was deleted.

                     Subject:
                         Security ID:        S-1-5-21-2373504117-2689643630-3100359099-1483
                         Account Name:        mayank
                         Account Domain:        MAS-NOIDA
                         Logon ID:        0x2eeb2fb

                     Target Account:
                         Security ID:        S-1-5-21-2373504117-2689643630-3100359099-7545
                         Account Name:        MAS51200
                         Account Domain:        MAS-NOIDA

                     Additional Information:
                         Privileges    -
Source             : Microsoft-Windows-Security-Auditing
ReplacementStrings : {MAS51200, MAS-NOIDA, S-1-5-21-2373504117-2689643630-3100359099-7545,
                     S-1-5-21-2373504117-2689643630-3100359099-1483...}
InstanceId         : 4726
TimeGenerated      : 1/12/2023 1:48:02 AM
TimeWritten        : 1/12/2023 1:48:02 AM
UserName           :
Site               :
Container          :

EventID            : 4726
MachineName        : DC.mas-noida.com
Data               : {}
Index              : 78502
Category           : (13824)
CategoryNumber     : 13824
EntryType          : SuccessAudit
Message            : A user account was deleted.

                     Subject:
                         Security ID:        S-1-5-21-2373504117-2689643630-3100359099-1483
                         Account Name:        mayank
                         Account Domain:        MAS-NOIDA
                         Logon ID:        0x2eeb2fb

                     Target Account:
                         Security ID:        S-1-5-21-2373504117-2689643630-3100359099-7463
                         Account Name:        MAS50952
                         Account Domain:        MAS-NOIDA

                     Additional Information:
                         Privileges    -
Source             : Microsoft-Windows-Security-Auditing
ReplacementStrings : {MAS50952, MAS-NOIDA, S-1-5-21-2373504117-2689643630-3100359099-7463,
                     S-1-5-21-2373504117-2689643630-3100359099-1483...}
InstanceId         : 4726
TimeGenerated      : 1/12/2023 1:47:48 AM
TimeWritten        : 1/12/2023 1:47:48 AM
UserName           :
Site               :
Container          :

EventID            : 4726
MachineName        : DC.mas-noida.com
Data               : {}
Index              : 78447
Category           : (13824)
CategoryNumber     : 13824
EntryType          : SuccessAudit
Message            : A user account was deleted.

                     Subject:
                         Security ID:        S-1-5-21-2373504117-2689643630-3100359099-1483
                         Account Name:        mayank
                         Account Domain:        MAS-NOIDA
                         Logon ID:        0x2eeb2fb

                     Target Account:
                         Security ID:        S-1-5-21-2373504117-2689643630-3100359099-8045
                         Account Name:        MAS50457
                         Account Domain:        MAS-NOIDA

                     Additional Information:
                         Privileges    -
Source             : Microsoft-Windows-Security-Auditing
ReplacementStrings : {MAS50457, MAS-NOIDA, S-1-5-21-2373504117-2689643630-3100359099-8045,
                     S-1-5-21-2373504117-2689643630-3100359099-1483...}
InstanceId         : 4726
TimeGenerated      : 1/12/2023 1:47:33 AM
TimeWritten        : 1/12/2023 1:47:33 AM
UserName           :
Site               :
Container          :

EventID            : 4726
MachineName        : DC.mas-noida.com
Data               : {}
Index              : 78360
Category           : (13824)
CategoryNumber     : 13824
EntryType          : SuccessAudit
Message            : A user account was deleted.

                     Subject:
                         Security ID:        S-1-5-21-2373504117-2689643630-3100359099-1483
                         Account Name:        mayank
                         Account Domain:        MAS-NOIDA
                         Logon ID:        0x2eeb2fb

                     Target Account:
                         Security ID:        S-1-5-21-2373504117-2689643630-3100359099-10220
                         Account Name:        MAS50662
                         Account Domain:        MAS-NOIDA

                     Additional Information:
                         Privileges    -
Source             : Microsoft-Windows-Security-Auditing
ReplacementStrings : {MAS50662, MAS-NOIDA, S-1-5-21-2373504117-2689643630-3100359099-10220,
                     S-1-5-21-2373504117-2689643630-3100359099-1483...}
InstanceId         : 4726
TimeGenerated      : 1/12/2023 1:46:38 AM
TimeWritten        : 1/12/2023 1:46:38 AM
UserName           :
Site               :
Container          :

EventID            : 4726
MachineName        : DC.mas-noida.com
Data               : {}
Index              : 78344
Category           : (13824)
CategoryNumber     : 13824
EntryType          : SuccessAudit
Message            : A user account was deleted.

                     Subject:
                         Security ID:        S-1-5-21-2373504117-2689643630-3100359099-1483
                         Account Name:        mayank
                         Account Domain:        MAS-NOIDA
                         Logon ID:        0x2eeb2fb

                     Target Account:
                         Security ID:        S-1-5-21-2373504117-2689643630-3100359099-11234
                         Account Name:        MAS51231
                         Account Domain:        MAS-NOIDA

                     Additional Information:
                         Privileges    -
Source             : Microsoft-Windows-Security-Auditing
ReplacementStrings : {MAS51231, MAS-NOIDA, S-1-5-21-2373504117-2689643630-3100359099-11234,
                     S-1-5-21-2373504117-2689643630-3100359099-1483...}
InstanceId         : 4726
TimeGenerated      : 1/12/2023 1:46:24 AM
TimeWritten        : 1/12/2023 1:46:24 AM
UserName           :
Site               :
Container          :

EventID            : 4726
MachineName        : DC.mas-noida.com
Data               : {}
Index              : 78328
Category           : (13824)
CategoryNumber     : 13824
EntryType          : SuccessAudit
Message            : A user account was deleted.

                     Subject:
                         Security ID:        S-1-5-21-2373504117-2689643630-3100359099-1483
                         Account Name:        mayank
                         Account Domain:        MAS-NOIDA
                         Logon ID:        0x2eeb2fb

                     Target Account:
                         Security ID:        S-1-5-21-2373504117-2689643630-3100359099-10217
                         Account Name:        MAS50658
                         Account Domain:        MAS-NOIDA

                     Additional Information:
                         Privileges    -
Source             : Microsoft-Windows-Security-Auditing
ReplacementStrings : {MAS50658, MAS-NOIDA, S-1-5-21-2373504117-2689643630-3100359099-10217,
                     S-1-5-21-2373504117-2689643630-3100359099-1483...}
InstanceId         : 4726
TimeGenerated      : 1/12/2023 1:46:08 AM
TimeWritten        : 1/12/2023 1:46:08 AM
UserName           :
Site               :
Container          :

EventID            : 4726
MachineName        : DC.mas-noida.com
Data               : {}
Index              : 78315
Category           : (13824)
CategoryNumber     : 13824
EntryType          : SuccessAudit
Message            : A user account was deleted.

                     Subject:
                         Security ID:        S-1-5-21-2373504117-2689643630-3100359099-1483
                         Account Name:        mayank
                         Account Domain:        MAS-NOIDA
                         Logon ID:        0x2eeb2fb

                     Target Account:
                         Security ID:        S-1-5-21-2373504117-2689643630-3100359099-7546
                         Account Name:        MAS51194
                         Account Domain:        MAS-NOIDA

                     Additional Information:
                         Privileges    -
Source             : Microsoft-Windows-Security-Auditing
ReplacementStrings : {MAS51194, MAS-NOIDA, S-1-5-21-2373504117-2689643630-3100359099-7546,
                     S-1-5-21-2373504117-2689643630-3100359099-1483...}
InstanceId         : 4726
TimeGenerated      : 1/12/2023 1:45:54 AM
TimeWritten        : 1/12/2023 1:45:54 AM
UserName           :
Site               :
Container          :

EventID            : 4726
MachineName        : DC.mas-noida.com
Data               : {}
Index              : 78270
Category           : (13824)
CategoryNumber     : 13824
EntryType          : SuccessAudit
Message            : A user account was deleted.

                     Subject:
                         Security ID:        S-1-5-21-2373504117-2689643630-3100359099-1483
                         Account Name:        mayank
                         Account Domain:        MAS-NOIDA
                         Logon ID:        0x2eeb2fb

                     Target Account:
                         Security ID:        S-1-5-21-2373504117-2689643630-3100359099-11371
                         Account Name:        MAS51390
                         Account Domain:        MAS-NOIDA

                     Additional Information:
                         Privileges    -
Source             : Microsoft-Windows-Security-Auditing
ReplacementStrings : {MAS51390, MAS-NOIDA, S-1-5-21-2373504117-2689643630-3100359099-11371,
                     S-1-5-21-2373504117-2689643630-3100359099-1483...}
InstanceId         : 4726
TimeGenerated      : 1/12/2023 1:45:12 AM
TimeWritten        : 1/12/2023 1:45:12 AM
UserName           :
Site               :
Container          :

EventID            : 4726
MachineName        : DC.mas-noida.com
Data               : {}
Index              : 78253
Category           : (13824)
CategoryNumber     : 13824
EntryType          : SuccessAudit
Message            : A user account was deleted.

                     Subject:
                         Security ID:        S-1-5-21-2373504117-2689643630-3100359099-1483
                         Account Name:        mayank
                         Account Domain:        MAS-NOIDA
                         Logon ID:        0x2eeb2fb

                     Target Account:
                         Security ID:        S-1-5-21-2373504117-2689643630-3100359099-11372
                         Account Name:        MAS51391
                         Account Domain:        MAS-NOIDA

                     Additional Information:
                         Privileges    -
Source             : Microsoft-Windows-Security-Auditing
ReplacementStrings : {MAS51391, MAS-NOIDA, S-1-5-21-2373504117-2689643630-3100359099-11372,
                     S-1-5-21-2373504117-2689643630-3100359099-1483...}
InstanceId         : 4726
TimeGenerated      : 1/12/2023 1:44:47 AM
TimeWritten        : 1/12/2023 1:44:47 AM
UserName           :
Site               :
Container          :

EventID            : 4726
MachineName        : DC.mas-noida.com
Data               : {}
Index              : 78245
Category           : (13824)
CategoryNumber     : 13824
EntryType          : SuccessAudit
Message            : A user account was deleted.

                     Subject:
                         Security ID:        S-1-5-21-2373504117-2689643630-3100359099-1483
                         Account Name:        mayank
                         Account Domain:        MAS-NOIDA
                         Logon ID:        0x2eeb2fb

                     Target Account:
                         Security ID:        S-1-5-21-2373504117-2689643630-3100359099-11198
                         Account Name:        MAS48368
                         Account Domain:        MAS-NOIDA

                     Additional Information:
                         Privileges    -
Source             : Microsoft-Windows-Security-Auditing
ReplacementStrings : {MAS48368, MAS-NOIDA, S-1-5-21-2373504117-2689643630-3100359099-11198,
                     S-1-5-21-2373504117-2689643630-3100359099-1483...}
InstanceId         : 4726
TimeGenerated      : 1/12/2023 1:44:26 AM
TimeWritten        : 1/12/2023 1:44:26 AM
UserName           :
Site               :
Container          :

EventID            : 4726
MachineName        : DC.mas-noida.com
Data               : {}
Index              : 78226
Category           : (13824)
CategoryNumber     : 13824
EntryType          : SuccessAudit
Message            : A user account was deleted.

                     Subject:
                         Security ID:        S-1-5-21-2373504117-2689643630-3100359099-1483
                         Account Name:        mayank
                         Account Domain:        MAS-NOIDA
                         Logon ID:        0x2eeb2fb

                     Target Account:
                         Security ID:        S-1-5-21-2373504117-2689643630-3100359099-4509
                         Account Name:        supriyab
                         Account Domain:        MAS-NOIDA

                     Additional Information:
                         Privileges    -
Source             : Microsoft-Windows-Security-Auditing
ReplacementStrings : {supriyab, MAS-NOIDA, S-1-5-21-2373504117-2689643630-3100359099-4509,
                     S-1-5-21-2373504117-2689643630-3100359099-1483...}
InstanceId         : 4726
TimeGenerated      : 1/12/2023 1:44:11 AM
TimeWritten        : 1/12/2023 1:44:11 AM
UserName           :
Site               :
Container          :

EventID            : 4726
MachineName        : DC.mas-noida.com
Data               : {}
Index              : 78183
Category           : (13824)
CategoryNumber     : 13824
EntryType          : SuccessAudit
Message            : A user account was deleted.

                     Subject:
                         Security ID:        S-1-5-21-2373504117-2689643630-3100359099-1483
                         Account Name:        mayank
                         Account Domain:        MAS-NOIDA
                         Logon ID:        0x2eeb2fb

                     Target Account:
                         Security ID:        S-1-5-21-2373504117-2689643630-3100359099-11228
                         Account Name:        MAS51224
                         Account Domain:        MAS-NOIDA

                     Additional Information:
                         Privileges    -
Source             : Microsoft-Windows-Security-Auditing
ReplacementStrings : {MAS51224, MAS-NOIDA, S-1-5-21-2373504117-2689643630-3100359099-11228,
                     S-1-5-21-2373504117-2689643630-3100359099-1483...}
InstanceId         : 4726
TimeGenerated      : 1/12/2023 1:43:45 AM
TimeWritten        : 1/12/2023 1:43:45 AM
UserName           :
Site               :
Container          :

EventID            : 4726
MachineName        : DC.mas-noida.com
Data               : {}
Index              : 78137
Category           : (13824)
CategoryNumber     : 13824
EntryType          : SuccessAudit
Message            : A user account was deleted.

                     Subject:
                         Security ID:        S-1-5-21-2373504117-2689643630-3100359099-1483
                         Account Name:        mayank
                         Account Domain:        MAS-NOIDA
                         Logon ID:        0x2eeb2fb

                     Target Account:
                         Security ID:        S-1-5-21-2373504117-2689643630-3100359099-7098
                         Account Name:        MAS50093
                         Account Domain:        MAS-NOIDA

                     Additional Information:
                         Privileges    -
Source             : Microsoft-Windows-Security-Auditing
ReplacementStrings : {MAS50093, MAS-NOIDA, S-1-5-21-2373504117-2689643630-3100359099-7098,
                     S-1-5-21-2373504117-2689643630-3100359099-1483...}
InstanceId         : 4726
TimeGenerated      : 1/12/2023 1:43:02 AM
TimeWritten        : 1/12/2023 1:43:02 AM
UserName           :
Site               :
Container          :

EventID            : 4726
MachineName        : DC.mas-noida.com
Data               : {}
Index              : 78118
Category           : (13824)
CategoryNumber     : 13824
EntryType          : SuccessAudit
Message            : A user account was deleted.

                     Subject:
                         Security ID:        S-1-5-21-2373504117-2689643630-3100359099-1483
                         Account Name:        mayank
                         Account Domain:        MAS-NOIDA
                         Logon ID:        0x2eeb2fb

                     Target Account:
                         Security ID:        S-1-5-21-2373504117-2689643630-3100359099-11237
                         Account Name:        MAS51223
                         Account Domain:        MAS-NOIDA

                     Additional Information:
                         Privileges    -
Source             : Microsoft-Windows-Security-Auditing
ReplacementStrings : {MAS51223, MAS-NOIDA, S-1-5-21-2373504117-2689643630-3100359099-11237,
                     S-1-5-21-2373504117-2689643630-3100359099-1483...}
InstanceId         : 4726
TimeGenerated      : 1/12/2023 1:42:48 AM
TimeWritten        : 1/12/2023 1:42:48 AM
UserName           :
Site               :
Container          :

EventID            : 4726
MachineName        : DC.mas-noida.com
Data               : {}
Index              : 78096
Category           : (13824)
CategoryNumber     : 13824
EntryType          : SuccessAudit
Message            : A user account was deleted.

                     Subject:
                         Security ID:        S-1-5-21-2373504117-2689643630-3100359099-1483
                         Account Name:        mayank
                         Account Domain:        MAS-NOIDA
                         Logon ID:        0x2eeb2fb

                     Target Account:
                         Security ID:        S-1-5-21-2373504117-2689643630-3100359099-11285
                         Account Name:        MAS51261
                         Account Domain:        MAS-NOIDA

                     Additional Information:
                         Privileges    -
Source             : Microsoft-Windows-Security-Auditing
ReplacementStrings : {MAS51261, MAS-NOIDA, S-1-5-21-2373504117-2689643630-3100359099-11285,
                     S-1-5-21-2373504117-2689643630-3100359099-1483...}
InstanceId         : 4726
TimeGenerated      : 1/12/2023 1:42:31 AM
TimeWritten        : 1/12/2023 1:42:31 AM
UserName           :
Site               :
Container          :

EventID            : 4726
MachineName        : DC.mas-noida.com
Data               : {}
Index              : 78074
Category           : (13824)
CategoryNumber     : 13824
EntryType          : SuccessAudit
Message            : A user account was deleted.

                     Subject:
                         Security ID:        S-1-5-21-2373504117-2689643630-3100359099-1483
                         Account Name:        mayank
                         Account Domain:        MAS-NOIDA
                         Logon ID:        0x2eeb2fb

                     Target Account:
                         Security ID:        S-1-5-21-2373504117-2689643630-3100359099-11227
                         Account Name:        MAS51225
                         Account Domain:        MAS-NOIDA

                     Additional Information:
                         Privileges    -
Source             : Microsoft-Windows-Security-Auditing
ReplacementStrings : {MAS51225, MAS-NOIDA, S-1-5-21-2373504117-2689643630-3100359099-11227,
                     S-1-5-21-2373504117-2689643630-3100359099-1483...}
InstanceId         : 4726
TimeGenerated      : 1/12/2023 1:42:15 AM
TimeWritten        : 1/12/2023 1:42:15 AM
UserName           :
Site               :
Container          :

EventID            : 4726
MachineName        : DC.mas-noida.com
Data               : {}
Index              : 78064
Category           : (13824)
CategoryNumber     : 13824
EntryType          : SuccessAudit
Message            : A user account was deleted.

                     Subject:
                         Security ID:        S-1-5-21-2373504117-2689643630-3100359099-1483
                         Account Name:        mayank
                         Account Domain:        MAS-NOIDA
                         Logon ID:        0x2eeb2fb

                     Target Account:
                         Security ID:        S-1-5-21-2373504117-2689643630-3100359099-11275
                         Account Name:        MAS51246
                         Account Domain:        MAS-NOIDA

                     Additional Information:
                         Privileges    -
Source             : Microsoft-Windows-Security-Auditing
ReplacementStrings : {MAS51246, MAS-NOIDA, S-1-5-21-2373504117-2689643630-3100359099-11275,
                     S-1-5-21-2373504117-2689643630-3100359099-1483...}
InstanceId         : 4726
TimeGenerated      : 1/12/2023 1:42:01 AM
TimeWritten        : 1/12/2023 1:42:01 AM
UserName           :
Site               :
Container          :

EventID            : 4726
MachineName        : DC.mas-noida.com
Data               : {}
Index              : 78051
Category           : (13824)
CategoryNumber     : 13824
EntryType          : SuccessAudit
Message            : A user account was deleted.

                     Subject:
                         Security ID:        S-1-5-21-2373504117-2689643630-3100359099-1483
                         Account Name:        mayank
                         Account Domain:        MAS-NOIDA
                         Logon ID:        0x2eeb2fb

                     Target Account:
                         Security ID:        S-1-5-21-2373504117-2689643630-3100359099-11272
                         Account Name:        MAS51248
                         Account Domain:        MAS-NOIDA

                     Additional Information:
                         Privileges    -
Source             : Microsoft-Windows-Security-Auditing
ReplacementStrings : {MAS51248, MAS-NOIDA, S-1-5-21-2373504117-2689643630-3100359099-11272,
                     S-1-5-21-2373504117-2689643630-3100359099-1483...}
InstanceId         : 4726
TimeGenerated      : 1/12/2023 1:41:45 AM
TimeWritten        : 1/12/2023 1:41:45 AM
UserName           :
Site               :
Container          :

EventID            : 4726
MachineName        : DC.mas-noida.com
Data               : {}
Index              : 77969
Category           : (13824)
CategoryNumber     : 13824
EntryType          : SuccessAudit
Message            : A user account was deleted.

                     Subject:
                         Security ID:        S-1-5-21-2373504117-2689643630-3100359099-1483
                         Account Name:        mayank
                         Account Domain:        MAS-NOIDA
                         Logon ID:        0x2eeb2fb

                     Target Account:
                         Security ID:        S-1-5-21-2373504117-2689643630-3100359099-7201
                         Account Name:        MAS49032
                         Account Domain:        MAS-NOIDA

                     Additional Information:
                         Privileges    -
Source             : Microsoft-Windows-Security-Auditing
ReplacementStrings : {MAS49032, MAS-NOIDA, S-1-5-21-2373504117-2689643630-3100359099-7201,
                     S-1-5-21-2373504117-2689643630-3100359099-1483...}
InstanceId         : 4726
TimeGenerated      : 1/12/2023 1:41:12 AM
TimeWritten        : 1/12/2023 1:41:12 AM
UserName           :
Site               :
Container          :

EventID            : 4726
MachineName        : DC.mas-noida.com
Data               : {}
Index              : 46338
Category           : (13824)
CategoryNumber     : 13824
EntryType          : SuccessAudit
Message            : A user account was deleted.

                     Subject:
                         Security ID:        S-1-5-21-2373504117-2689643630-3100359099-1499
                         Account Name:        anupk
                         Account Domain:        MAS-NOIDA
                         Logon ID:        0x2c8632

                     Target Account:
                         Security ID:        S-1-5-21-2373504117-2689643630-3100359099-12116
                         Account Name:        MAS51546
                         Account Domain:        MAS-NOIDA

                     Additional Information:
                         Privileges    -
Source             : Microsoft-Windows-Security-Auditing
ReplacementStrings : {MAS51546, MAS-NOIDA, S-1-5-21-2373504117-2689643630-3100359099-12116,
                     S-1-5-21-2373504117-2689643630-3100359099-1499...}
InstanceId         : 4726
TimeGenerated      : 1/11/2023 7:18:33 PM
TimeWritten        : 1/11/2023 7:18:33 PM
UserName           :
Site               :
Container          :

EventID            : 4726
MachineName        : DC.mas-noida.com
Data               : {}
Index              : 46329
Category           : (13824)
CategoryNumber     : 13824
EntryType          : SuccessAudit
Message            : A user account was deleted.

                     Subject:
                         Security ID:        S-1-5-21-2373504117-2689643630-3100359099-1499
                         Account Name:        anupk
                         Account Domain:        MAS-NOIDA
                         Logon ID:        0x2c8632

                     Target Account:
                         Security ID:        S-1-5-21-2373504117-2689643630-3100359099-12110
                         Account Name:        MAS51547
                         Account Domain:        MAS-NOIDA

                     Additional Information:
                         Privileges    -
Source             : Microsoft-Windows-Security-Auditing
ReplacementStrings : {MAS51547, MAS-NOIDA, S-1-5-21-2373504117-2689643630-3100359099-12110,
                     S-1-5-21-2373504117-2689643630-3100359099-1499...}
InstanceId         : 4726
TimeGenerated      : 1/11/2023 7:18:25 PM
TimeWritten        : 1/11/2023 7:18:25 PM
UserName           :
Site               :
Container          :



PS C:\Users\Administrator.MAS-NOIDA>


Source             : Microsoft-Windows-Security-Auditing
ReplacementStrings : {IDC51948, MAS-NOIDA, S-1-5-21-2373504117-2689643630-3100359099-12517,
                     S-1-5-21-2373504117-2689643630-3100359099-1499...}
InstanceId         : 4726
TimeGenerated      : 2/28/2023 9:53:35 PM
TimeWritten        : 2/28/2023 9:53:35 PM
UserName           :
Site               :
Container          :

EventID            : 4726
MachineName        : DC.mas-noida.com
Data               : {}
Index              : 8841931
Category           : (13824)
CategoryNumber     : 13824
EntryType          : SuccessAudit
Message            : A user account was deleted.

                     Subject:
                         Security ID:        S-1-5-21-2373504117-2689643630-3100359099-1499
                         Account Name:        anupk
                         Account Domain:        MAS-NOIDA
                         Logon ID:        0xd1c62

                     Target Account:
                         Security ID:        S-1-5-21-2373504117-2689643630-3100359099-12388
                         Account Name:        IDC51675
                         Account Domain:        MAS-NOIDA

                     Additional Information:
                         Privileges    -
Source             : Microsoft-Windows-Security-Auditing
ReplacementStrings : {IDC51675, MAS-NOIDA, S-1-5-21-2373504117-2689643630-3100359099-12388,
                     S-1-5-21-2373504117-2689643630-3100359099-1499...}
InstanceId         : 4726
TimeGenerated      : 2/28/2023 9:52:41 PM
TimeWritten        : 2/28/2023 9:52:41 PM
UserName           :
Site               :
Container          :

EventID            : 4726
MachineName        : DC.mas-noida.com
Data               : {}
Index              : 8763898
Category           : (13824)
CategoryNumber     : 13824
EntryType          : SuccessAudit
Message            : A user account was deleted.

                     Subject:
                         Security ID:        S-1-5-21-2373504117-2689643630-3100359099-1560
                         Account Name:        prateek
                         Account Domain:        MAS-NOIDA
                         Logon ID:        0x1aab9d

                     Target Account:
                         Security ID:        S-1-5-21-2373504117-2689643630-3100359099-4150
                         Account Name:        JPR
                         Account Domain:        MAS-NOIDA

                     Additional Information:
                         Privileges    -
Source             : Microsoft-Windows-Security-Auditing
ReplacementStrings : {JPR, MAS-NOIDA, S-1-5-21-2373504117-2689643630-3100359099-4150,
                     S-1-5-21-2373504117-2689643630-3100359099-1560...}
InstanceId         : 4726
TimeGenerated      : 2/28/2023 3:04:10 PM
TimeWritten        : 2/28/2023 3:04:10 PM
UserName           :
Site               :
Container          :

EventID            : 4726
MachineName        : DC.mas-noida.com
Data               : {}
Index              : 8711114
Category           : (13824)
CategoryNumber     : 13824
EntryType          : SuccessAudit
Message            : A user account was deleted.

                     Subject:
                         Security ID:        S-1-5-21-2373504117-2689643630-3100359099-1499
                         Account Name:        anupk
                         Account Domain:        MAS-NOIDA
                         Logon ID:        0xd1c62

                     Target Account:
                         Security ID:        S-1-5-21-2373504117-2689643630-3100359099-12413
                         Account Name:        may
                         Account Domain:        MAS-NOIDA

                     Additional Information:
                         Privileges    -
Source             : Microsoft-Windows-Security-Auditing
ReplacementStrings : {may, MAS-NOIDA, S-1-5-21-2373504117-2689643630-3100359099-12413,
                     S-1-5-21-2373504117-2689643630-3100359099-1499...}
InstanceId         : 4726
TimeGenerated      : 2/28/2023 10:21:29 AM
TimeWritten        : 2/28/2023 10:21:29 AM
UserName           :
Site               :
Container          :

EventID            : 4726
MachineName        : DC.mas-noida.com
Data               : {}
Index              : 8711111
Category           : (13824)
CategoryNumber     : 13824
EntryType          : SuccessAudit
Message            : A user account was deleted.

                     Subject:
                         Security ID:        S-1-5-21-2373504117-2689643630-3100359099-1499
                         Account Name:        anupk
                         Account Domain:        MAS-NOIDA
                         Logon ID:        0xd1c62

                     Target Account:
                         Security ID:        S-1-5-21-2373504117-2689643630-3100359099-12306
                         Account Name:        sooraj
                         Account Domain:        MAS-NOIDA

                     Additional Information:
                         Privileges    -
Source             : Microsoft-Windows-Security-Auditing
ReplacementStrings : {sooraj, MAS-NOIDA, S-1-5-21-2373504117-2689643630-3100359099-12306,
                     S-1-5-21-2373504117-2689643630-3100359099-1499...}
InstanceId         : 4726
TimeGenerated      : 2/28/2023 10:21:29 AM
TimeWritten        : 2/28/2023 10:21:29 AM
UserName           :
Site               :
Container          :

EventID            : 4726
MachineName        : DC.mas-noida.com
Data               : {}
Index              : 8324385
Category           : (13824)
CategoryNumber     : 13824
EntryType          : SuccessAudit
Message            : A user account was deleted.

                     Subject:
                         Security ID:        S-1-5-21-2373504117-2689643630-3100359099-2600
                         Account Name:        prateeks
                         Account Domain:        MAS-NOIDA
                         Logon ID:        0x1307910

                     Target Account:
                         Security ID:        S-1-5-21-2373504117-2689643630-3100359099-11319
                         Account Name:        MAS51336
                         Account Domain:        MAS-NOIDA

                     Additional Information:
                         Privileges    -
Source             : Microsoft-Windows-Security-Auditing
ReplacementStrings : {MAS51336, MAS-NOIDA, S-1-5-21-2373504117-2689643630-3100359099-11319,
                     S-1-5-21-2373504117-2689643630-3100359099-2600...}
InstanceId         : 4726
TimeGenerated      : 2/26/2023 1:35:58 AM
TimeWritten        : 2/26/2023 1:35:58 AM
UserName           :
Site               :
Container          :

EventID            : 4726
MachineName        : DC.mas-noida.com
Data               : {}
Index              : 8324364
Category           : (13824)
CategoryNumber     : 13824
EntryType          : SuccessAudit
Message            : A user account was deleted.

                     Subject:
                         Security ID:        S-1-5-21-2373504117-2689643630-3100359099-2600
                         Account Name:        prateeks
                         Account Domain:        MAS-NOIDA
                         Logon ID:        0x1307910

                     Target Account:
                         Security ID:        S-1-5-21-2373504117-2689643630-3100359099-7596
                         Account Name:        MAS51439
                         Account Domain:        MAS-NOIDA

                     Additional Information:
                         Privileges    -
Source             : Microsoft-Windows-Security-Auditing
ReplacementStrings : {MAS51439, MAS-NOIDA, S-1-5-21-2373504117-2689643630-3100359099-7596,
                     S-1-5-21-2373504117-2689643630-3100359099-2600...}
InstanceId         : 4726
TimeGenerated      : 2/26/2023 1:35:41 AM
TimeWritten        : 2/26/2023 1:35:41 AM
UserName           :
Site               :
Container          :

EventID            : 4726
MachineName        : DC.mas-noida.com
Data               : {}
Index              : 8324349
Category           : (13824)
CategoryNumber     : 13824
EntryType          : SuccessAudit
Message            : A user account was deleted.

                     Subject:
                         Security ID:        S-1-5-21-2373504117-2689643630-3100359099-2600
                         Account Name:        prateeks
                         Account Domain:        MAS-NOIDA
                         Logon ID:        0x1307910

                     Target Account:
                         Security ID:        S-1-5-21-2373504117-2689643630-3100359099-11444
                         Account Name:        MAS50731
                         Account Domain:        MAS-NOIDA

                     Additional Information:
                         Privileges    -
Source             : Microsoft-Windows-Security-Auditing
ReplacementStrings : {MAS50731, MAS-NOIDA, S-1-5-21-2373504117-2689643630-3100359099-11444,
                     S-1-5-21-2373504117-2689643630-3100359099-2600...}
InstanceId         : 4726
TimeGenerated      : 2/26/2023 1:35:26 AM
TimeWritten        : 2/26/2023 1:35:26 AM
UserName           :
Site               :
Container          :

EventID            : 4726
MachineName        : DC.mas-noida.com
Data               : {}
Index              : 8324251
Category           : (13824)
CategoryNumber     : 13824
EntryType          : SuccessAudit
Message            : A user account was deleted.

                     Subject:
                         Security ID:        S-1-5-21-2373504117-2689643630-3100359099-2600
                         Account Name:        prateeks
                         Account Domain:        MAS-NOIDA
                         Logon ID:        0x1307910

                     Target Account:
                         Security ID:        S-1-5-21-2373504117-2689643630-3100359099-6290
                         Account Name:        MAS47127
                         Account Domain:        MAS-NOIDA

                     Additional Information:
                         Privileges    -
Source             : Microsoft-Windows-Security-Auditing
ReplacementStrings : {MAS47127, MAS-NOIDA, S-1-5-21-2373504117-2689643630-3100359099-6290,
                     S-1-5-21-2373504117-2689643630-3100359099-2600...}
InstanceId         : 4726
TimeGenerated      : 2/26/2023 1:34:28 AM
TimeWritten        : 2/26/2023 1:34:28 AM
UserName           :
Site               :
Container          :

EventID            : 4726
MachineName        : DC.mas-noida.com
Data               : {}
Index              : 8214693
Category           : (13824)
CategoryNumber     : 13824
EntryType          : SuccessAudit
Message            : A user account was deleted.

                     Subject:
                         Security ID:        S-1-5-21-2373504117-2689643630-3100359099-1499
                         Account Name:        anupk
                         Account Domain:        MAS-NOIDA
                         Logon ID:        0xd1c62

                     Target Account:
                         Security ID:        S-1-5-21-2373504117-2689643630-3100359099-12507
                         Account Name:        MAS51962
                         Account Domain:        MAS-NOIDA

                     Additional Information:
                         Privileges    -
Source             : Microsoft-Windows-Security-Auditing
ReplacementStrings : {MAS51962, MAS-NOIDA, S-1-5-21-2373504117-2689643630-3100359099-12507,
                     S-1-5-21-2373504117-2689643630-3100359099-1499...}
InstanceId         : 4726
TimeGenerated      : 2/25/2023 12:35:12 PM
TimeWritten        : 2/25/2023 12:35:12 PM
UserName           :
Site               :
Container          :

EventID            : 4726
MachineName        : DC.mas-noida.com
Data               : {}
Index              : 8162346
Category           : (13824)
CategoryNumber     : 13824
EntryType          : SuccessAudit
Message            : A user account was deleted.

                     Subject:
                         Security ID:        S-1-5-21-2373504117-2689643630-3100359099-2600
                         Account Name:        prateeks
                         Account Domain:        MAS-NOIDA
                         Logon ID:        0x3f94fc7a

                     Target Account:
                         Security ID:        S-1-5-21-2373504117-2689643630-3100359099-7549
                         Account Name:        MAS51208
                         Account Domain:        MAS-NOIDA

                     Additional Information:
                         Privileges    -
