Source             : Microsoft-Windows-Security-Auditing
ReplacementStrings : {MAS51208, MAS-NOIDA, S-1-5-21-2373504117-2689643630-3100359099-7549,
                     S-1-5-21-2373504117-2689643630-3100359099-2600...}
InstanceId         : 4726
TimeGenerated      : 2/25/2023 5:37:25 AM
TimeWritten        : 2/25/2023 5:37:25 AM
UserName           :
Site               :
Container          :

EventID            : 4726
MachineName        : DC.mas-noida.com
Data               : {}
Index              : 8162321
Category           : (13824)
CategoryNumber     : 13824
EntryType          : SuccessAudit
Message            : A user account was deleted.

                     Subject:
                         Security ID:        S-1-5-21-2373504117-2689643630-3100359099-2600
                         Account Name:        prateeks
                         Account Domain:        MAS-NOIDA
                         Logon ID:        0x3f94fc7a

                     Target Account:
                         Security ID:        S-1-5-21-2373504117-2689643630-3100359099-10548
                         Account Name:        MAS51027
                         Account Domain:        MAS-NOIDA

                     Additional Information:
                         Privileges    -
Source             : Microsoft-Windows-Security-Auditing
ReplacementStrings : {MAS51027, MAS-NOIDA, S-1-5-21-2373504117-2689643630-3100359099-10548,
                     S-1-5-21-2373504117-2689643630-3100359099-2600...}
InstanceId         : 4726
TimeGenerated      : 2/25/2023 5:37:02 AM
TimeWritten        : 2/25/2023 5:37:02 AM
UserName           :
Site               :
Container          :

EventID            : 4726
MachineName        : DC.mas-noida.com
Data               : {}
Index              : 8162279
Category           : (13824)
CategoryNumber     : 13824
EntryType          : SuccessAudit
Message            : A user account was deleted.

                     Subject:
                         Security ID:        S-1-5-21-2373504117-2689643630-3100359099-2600
                         Account Name:        prateeks
                         Account Domain:        MAS-NOIDA
                         Logon ID:        0x3f94fc7a

                     Target Account:
                         Security ID:        S-1-5-21-2373504117-2689643630-3100359099-10653
                         Account Name:        MAS51522
                         Account Domain:        MAS-NOIDA

                     Additional Information:
                         Privileges    -
Source             : Microsoft-Windows-Security-Auditing
ReplacementStrings : {MAS51522, MAS-NOIDA, S-1-5-21-2373504117-2689643630-3100359099-10653,
                     S-1-5-21-2373504117-2689643630-3100359099-2600...}
InstanceId         : 4726
TimeGenerated      : 2/25/2023 5:36:34 AM
TimeWritten        : 2/25/2023 5:36:34 AM
UserName           :
Site               :
Container          :

EventID            : 4726
MachineName        : DC.mas-noida.com
Data               : {}
Index              : 8162244
Category           : (13824)
CategoryNumber     : 13824
EntryType          : SuccessAudit
Message            : A user account was deleted.

                     Subject:
                         Security ID:        S-1-5-21-2373504117-2689643630-3100359099-2600
                         Account Name:        prateeks
                         Account Domain:        MAS-NOIDA
                         Logon ID:        0x3f94fc7a

                     Target Account:
                         Security ID:        S-1-5-21-2373504117-2689643630-3100359099-12258
                         Account Name:        MAS51684
                         Account Domain:        MAS-NOIDA

                     Additional Information:
                         Privileges    -
Source             : Microsoft-Windows-Security-Auditing
ReplacementStrings : {MAS51684, MAS-NOIDA, S-1-5-21-2373504117-2689643630-3100359099-12258,
                     S-1-5-21-2373504117-2689643630-3100359099-2600...}
InstanceId         : 4726
TimeGenerated      : 2/25/2023 5:36:14 AM
TimeWritten        : 2/25/2023 5:36:14 AM
UserName           :
Site               :
Container          :

EventID            : 4726
MachineName        : DC.mas-noida.com
Data               : {}
Index              : 8162210
Category           : (13824)
CategoryNumber     : 13824
EntryType          : SuccessAudit
Message            : A user account was deleted.

                     Subject:
                         Security ID:        S-1-5-21-2373504117-2689643630-3100359099-2600
                         Account Name:        prateeks
                         Account Domain:        MAS-NOIDA
                         Logon ID:        0x3f94fc7a

                     Target Account:
                         Security ID:        S-1-5-21-2373504117-2689643630-3100359099-12301
                         Account Name:        MAS51724
                         Account Domain:        MAS-NOIDA

                     Additional Information:
                         Privileges    -
Source             : Microsoft-Windows-Security-Auditing
ReplacementStrings : {MAS51724, MAS-NOIDA, S-1-5-21-2373504117-2689643630-3100359099-12301,
                     S-1-5-21-2373504117-2689643630-3100359099-2600...}
InstanceId         : 4726
TimeGenerated      : 2/25/2023 5:35:50 AM
TimeWritten        : 2/25/2023 5:35:50 AM
UserName           :
Site               :
Container          :

EventID            : 4726
MachineName        : DC.mas-noida.com
Data               : {}
Index              : 8162092
Category           : (13824)
CategoryNumber     : 13824
EntryType          : SuccessAudit
Message            : A user account was deleted.

                     Subject:
                         Security ID:        S-1-5-21-2373504117-2689643630-3100359099-2600
                         Account Name:        prateeks
                         Account Domain:        MAS-NOIDA
                         Logon ID:        0x3f94fc7a

                     Target Account:
                         Security ID:        S-1-5-21-2373504117-2689643630-3100359099-12179
                         Account Name:        MAS51605
                         Account Domain:        MAS-NOIDA

                     Additional Information:
                         Privileges    -
Source             : Microsoft-Windows-Security-Auditing
ReplacementStrings : {MAS51605, MAS-NOIDA, S-1-5-21-2373504117-2689643630-3100359099-12179,
                     S-1-5-21-2373504117-2689643630-3100359099-2600...}
InstanceId         : 4726
TimeGenerated      : 2/25/2023 5:34:45 AM
TimeWritten        : 2/25/2023 5:34:45 AM
UserName           :
Site               :
Container          :

EventID            : 4726
MachineName        : DC.mas-noida.com
Data               : {}
Index              : 7941104
Category           : (13824)
CategoryNumber     : 13824
EntryType          : SuccessAudit
Message            : A user account was deleted.

                     Subject:
                         Security ID:        S-1-5-21-2373504117-2689643630-3100359099-1499
                         Account Name:        anupk
                         Account Domain:        MAS-NOIDA
                         Logon ID:        0x3afa3d54

                     Target Account:
                         Security ID:        S-1-5-21-2373504117-2689643630-3100359099-12175
                         Account Name:        MAS51606
                         Account Domain:        MAS-NOIDA

                     Additional Information:
                         Privileges    -

















                         Account Domain:        MAS-NOIDA

                     Additional Information:
                         Privileges    -
Source             : Microsoft-Windows-Security-Auditing
ReplacementStrings : {MAS51208, MAS-NOIDA, S-1-5-21-2373504117-2689643630-3100359099-7549,
                     S-1-5-21-2373504117-2689643630-3100359099-2600...}
InstanceId         : 4726
TimeGenerated      : 2/25/2023 5:37:25 AM
TimeWritten        : 2/25/2023 5:37:25 AM
UserName           :
Site               :
Container          :

EventID            : 4726
MachineName        : DC.mas-noida.com
Data               : {}
Index              : 8162321
Category           : (13824)
CategoryNumber     : 13824
EntryType          : SuccessAudit
Message            : A user account was deleted.

                     Subject:
                         Security ID:        S-1-5-21-2373504117-2689643630-3100359099-2600
                         Account Name:        prateeks
                         Account Domain:        MAS-NOIDA
                         Logon ID:        0x3f94fc7a

                     Target Account:
                         Security ID:        S-1-5-21-2373504117-2689643630-3100359099-10548
                         Account Name:        MAS51027
                         Account Domain:        MAS-NOIDA

                     Additional Information:
                         Privileges    -
Source             : Microsoft-Windows-Security-Auditing
ReplacementStrings : {MAS51027, MAS-NOIDA, S-1-5-21-2373504117-2689643630-3100359099-10548,
                     S-1-5-21-2373504117-2689643630-3100359099-2600...}
InstanceId         : 4726
TimeGenerated      : 2/25/2023 5:37:02 AM
TimeWritten        : 2/25/2023 5:37:02 AM
UserName           :
Site               :
Container          :

EventID            : 4726
MachineName        : DC.mas-noida.com
Data               : {}
Index              : 8162279
Category           : (13824)
CategoryNumber     : 13824
EntryType          : SuccessAudit
Message            : A user account was deleted.

                     Subject:
                         Security ID:        S-1-5-21-2373504117-2689643630-3100359099-2600
                         Account Name:        prateeks
                         Account Domain:        MAS-NOIDA
                         Logon ID:        0x3f94fc7a

                     Target Account:
                         Security ID:        S-1-5-21-2373504117-2689643630-3100359099-10653
                         Account Name:        MAS51522
                         Account Domain:        MAS-NOIDA

                     Additional Information:
                         Privileges    -
Source             : Microsoft-Windows-Security-Auditing
ReplacementStrings : {MAS51522, MAS-NOIDA, S-1-5-21-2373504117-2689643630-3100359099-10653,
                     S-1-5-21-2373504117-2689643630-3100359099-2600...}
InstanceId         : 4726
TimeGenerated      : 2/25/2023 5:36:34 AM
TimeWritten        : 2/25/2023 5:36:34 AM
UserName           :
Site               :
Container          :

EventID            : 4726
MachineName        : DC.mas-noida.com
Data               : {}
Index              : 8162244
Category           : (13824)
CategoryNumber     : 13824
EntryType          : SuccessAudit
Message            : A user account was deleted.

                     Subject:
                         Security ID:        S-1-5-21-2373504117-2689643630-3100359099-2600
                         Account Name:        prateeks
                         Account Domain:        MAS-NOIDA
                         Logon ID:        0x3f94fc7a

                     Target Account:
                         Security ID:        S-1-5-21-2373504117-2689643630-3100359099-12258
                         Account Name:        MAS51684
                         Account Domain:        MAS-NOIDA

                     Additional Information:
                         Privileges    -
Source             : Microsoft-Windows-Security-Auditing
ReplacementStrings : {MAS51684, MAS-NOIDA, S-1-5-21-2373504117-2689643630-3100359099-12258,
                     S-1-5-21-2373504117-2689643630-3100359099-2600...}
InstanceId         : 4726
TimeGenerated      : 2/25/2023 5:36:14 AM
TimeWritten        : 2/25/2023 5:36:14 AM
UserName           :
Site               :
Container          :

EventID            : 4726
MachineName        : DC.mas-noida.com
Data               : {}
Index              : 8162210
Category           : (13824)
CategoryNumber     : 13824
EntryType          : SuccessAudit
Message            : A user account was deleted.

                     Subject:
                         Security ID:        S-1-5-21-2373504117-2689643630-3100359099-2600
                         Account Name:        prateeks
                         Account Domain:        MAS-NOIDA
                         Logon ID:        0x3f94fc7a

                     Target Account:
                         Security ID:        S-1-5-21-2373504117-2689643630-3100359099-12301
                         Account Name:        MAS51724
                         Account Domain:        MAS-NOIDA

                     Additional Information:
                         Privileges    -
Source             : Microsoft-Windows-Security-Auditing
ReplacementStrings : {MAS51724, MAS-NOIDA, S-1-5-21-2373504117-2689643630-3100359099-12301,
                     S-1-5-21-2373504117-2689643630-3100359099-2600...}
InstanceId         : 4726
TimeGenerated      : 2/25/2023 5:35:50 AM
TimeWritten        : 2/25/2023 5:35:50 AM
UserName           :
Site               :
Container          :

EventID            : 4726
MachineName        : DC.mas-noida.com
Data               : {}
Index              : 8162092
Category           : (13824)
CategoryNumber     : 13824
EntryType          : SuccessAudit
Message            : A user account was deleted.

                     Subject:
                         Security ID:        S-1-5-21-2373504117-2689643630-3100359099-2600
                         Account Name:        prateeks
                         Account Domain:        MAS-NOIDA
                         Logon ID:        0x3f94fc7a

                     Target Account:
                         Security ID:        S-1-5-21-2373504117-2689643630-3100359099-12179
                         Account Name:        MAS51605
                         Account Domain:        MAS-NOIDA

                     Additional Information:
                         Privileges    -
Source             : Microsoft-Windows-Security-Auditing
ReplacementStrings : {MAS51605, MAS-NOIDA, S-1-5-21-2373504117-2689643630-3100359099-12179,
                     S-1-5-21-2373504117-2689643630-3100359099-2600...}
InstanceId         : 4726
TimeGenerated      : 2/25/2023 5:34:45 AM
TimeWritten        : 2/25/2023 5:34:45 AM
UserName           :
Site               :
Container          :

EventID            : 4726
MachineName        : DC.mas-noida.com
Data               : {}
Index              : 7941104
Category           : (13824)
CategoryNumber     : 13824
EntryType          : SuccessAudit
Message            : A user account was deleted.

                     Subject:
                         Security ID:        S-1-5-21-2373504117-2689643630-3100359099-1499
                         Account Name:        anupk
                         Account Domain:        MAS-NOIDA
                         Logon ID:        0x3afa3d54

                     Target Account:
                         Security ID:        S-1-5-21-2373504117-2689643630-3100359099-12175
                         Account Name:        MAS51606
                         Account Domain:        MAS-NOIDA

                     Additional Information:
                         Privileges    -
Source             : Microsoft-Windows-Security-Auditing
ReplacementStrings : {MAS51606, MAS-NOIDA, S-1-5-21-2373504117-2689643630-3100359099-12175,
                     S-1-5-21-2373504117-2689643630-3100359099-1499...}
InstanceId         : 4726
TimeGenerated      : 2/23/2023 9:55:24 PM
TimeWritten        : 2/23/2023 9:55:24 PM
UserName           :
Site               :
Container          :

EventID            : 4726
MachineName        : DC.mas-noida.com
Data               : {}
Index              : 7941100
Category           : (13824)
CategoryNumber     : 13824
EntryType          : SuccessAudit
Message            : A user account was deleted.

                     Subject:
                         Security ID:        S-1-5-21-2373504117-2689643630-3100359099-1499
                         Account Name:        anupk
                         Account Domain:        MAS-NOIDA
                         Logon ID:        0x3afa3d54

                     Target Account:
                         Security ID:        S-1-5-21-2373504117-2689643630-3100359099-12109
                         Account Name:        MAS51532
                         Account Domain:        MAS-NOIDA

                     Additional Information:
                         Privileges    -
Source             : Microsoft-Windows-Security-Auditing
ReplacementStrings : {MAS51532, MAS-NOIDA, S-1-5-21-2373504117-2689643630-3100359099-12109,
                     S-1-5-21-2373504117-2689643630-3100359099-1499...}
InstanceId         : 4726
TimeGenerated      : 2/23/2023 9:55:19 PM
TimeWritten        : 2/23/2023 9:55:19 PM
UserName           :
Site               :
Container          :

EventID            : 4726
MachineName        : DC.mas-noida.com
Data               : {}
Index              : 7838149
Category           : (13824)
CategoryNumber     : 13824
EntryType          : SuccessAudit
Message            : A user account was deleted.

                     Subject:
                         Security ID:        S-1-5-21-2373504117-2689643630-3100359099-1499
                         Account Name:        anupk
                         Account Domain:        MAS-NOIDA
                         Logon ID:        0x3afa3d54

                     Target Account:
                         Security ID:        S-1-5-21-2373504117-2689643630-3100359099-7381
                         Account Name:        MAS50515
                         Account Domain:        MAS-NOIDA

                     Additional Information:
                         Privileges    -
Source             : Microsoft-Windows-Security-Auditing
ReplacementStrings : {MAS50515, MAS-NOIDA, S-1-5-21-2373504117-2689643630-3100359099-7381,
                     S-1-5-21-2373504117-2689643630-3100359099-1499...}
InstanceId         : 4726
TimeGenerated      : 2/23/2023 11:31:48 AM
TimeWritten        : 2/23/2023 11:31:48 AM
UserName           :
Site               :
Container          :

EventID            : 4726
MachineName        : DC.mas-noida.com
Data               : {}
Index              : 7739198
Category           : (13824)
CategoryNumber     : 13824
EntryType          : SuccessAudit
Message            : A user account was deleted.

                     Subject:
                         Security ID:        S-1-5-21-2373504117-2689643630-3100359099-1499
                         Account Name:        anupk
                         Account Domain:        MAS-NOIDA
                         Logon ID:        0x3afa3d54

                     Target Account:
                         Security ID:        S-1-5-21-2373504117-2689643630-3100359099-12465
                         Account Name:        MAS51895
                         Account Domain:        MAS-NOIDA

                     Additional Information:
                         Privileges    -
Source             : Microsoft-Windows-Security-Auditing
ReplacementStrings : {MAS51895, MAS-NOIDA, S-1-5-21-2373504117-2689643630-3100359099-12465,
                     S-1-5-21-2373504117-2689643630-3100359099-1499...}
InstanceId         : 4726
TimeGenerated      : 2/22/2023 9:10:30 PM
TimeWritten        : 2/22/2023 9:10:30 PM
UserName           :
Site               :
Container          :

EventID            : 4726
MachineName        : DC.mas-noida.com
Data               : {}
Index              : 7739189
Category           : (13824)
CategoryNumber     : 13824
EntryType          : SuccessAudit
Message            : A user account was deleted.

                     Subject:
                         Security ID:        S-1-5-21-2373504117-2689643630-3100359099-1499
                         Account Name:        anupk
                         Account Domain:        MAS-NOIDA
                         Logon ID:        0x3afa3d54

                     Target Account:
                         Security ID:        S-1-5-21-2373504117-2689643630-3100359099-12463
                         Account Name:        MAS51896
                         Account Domain:        MAS-NOIDA

                     Additional Information:
                         Privileges    -
Source             : Microsoft-Windows-Security-Auditing
ReplacementStrings : {MAS51896, MAS-NOIDA, S-1-5-21-2373504117-2689643630-3100359099-12463,
                     S-1-5-21-2373504117-2689643630-3100359099-1499...}
InstanceId         : 4726
TimeGenerated      : 2/22/2023 9:10:23 PM
TimeWritten        : 2/22/2023 9:10:23 PM
UserName           :
Site               :
Container          :

EventID            : 4726
MachineName        : DC.mas-noida.com
Data               : {}
Index              : 7739180
Category           : (13824)
CategoryNumber     : 13824
EntryType          : SuccessAudit
Message            : A user account was deleted.

                     Subject:
                         Security ID:        S-1-5-21-2373504117-2689643630-3100359099-1499
                         Account Name:        anupk
                         Account Domain:        MAS-NOIDA
                         Logon ID:        0x3afa3d54

                     Target Account:
                         Security ID:        S-1-5-21-2373504117-2689643630-3100359099-12461
                         Account Name:        MAS51891
                         Account Domain:        MAS-NOIDA

                     Additional Information:
                         Privileges    -
Source             : Microsoft-Windows-Security-Auditing
ReplacementStrings : {MAS51891, MAS-NOIDA, S-1-5-21-2373504117-2689643630-3100359099-12461,
                     S-1-5-21-2373504117-2689643630-3100359099-1499...}
InstanceId         : 4726
TimeGenerated      : 2/22/2023 9:10:16 PM
TimeWritten        : 2/22/2023 9:10:16 PM
UserName           :
Site               :
Container          :

EventID            : 4726
MachineName        : DC.mas-noida.com
Data               : {}
Index              : 7739151
Category           : (13824)
CategoryNumber     : 13824
EntryType          : SuccessAudit
Message            : A user account was deleted.

                     Subject:
                         Security ID:        S-1-5-21-2373504117-2689643630-3100359099-1499
                         Account Name:        anupk
                         Account Domain:        MAS-NOIDA
                         Logon ID:        0x3afa3d54

                     Target Account:
                         Security ID:        S-1-5-21-2373504117-2689643630-3100359099-10827
                         Account Name:        MAS51879
                         Account Domain:        MAS-NOIDA

                     Additional Information:
                         Privileges    -
Source             : Microsoft-Windows-Security-Auditing
ReplacementStrings : {MAS51879, MAS-NOIDA, S-1-5-21-2373504117-2689643630-3100359099-10827,
                     S-1-5-21-2373504117-2689643630-3100359099-1499...}
InstanceId         : 4726
TimeGenerated      : 2/22/2023 9:10:05 PM
TimeWritten        : 2/22/2023 9:10:05 PM
UserName           :
Site               :
Container          :

EventID            : 4726
MachineName        : DC.mas-noida.com
Data               : {}
Index              : 7739119
Category           : (13824)
CategoryNumber     : 13824
EntryType          : SuccessAudit
Message            : A user account was deleted.

                     Subject:
                         Security ID:        S-1-5-21-2373504117-2689643630-3100359099-1499
                         Account Name:        anupk
                         Account Domain:        MAS-NOIDA
                         Logon ID:        0x3afa3d54

                     Target Account:
                         Security ID:        S-1-5-21-2373504117-2689643630-3100359099-10825
                         Account Name:        MAS51881
                         Account Domain:        MAS-NOIDA

                     Additional Information:
                         Privileges    -
Source             : Microsoft-Windows-Security-Auditing
ReplacementStrings : {MAS51881, MAS-NOIDA, S-1-5-21-2373504117-2689643630-3100359099-10825,
                     S-1-5-21-2373504117-2689643630-3100359099-1499...}
InstanceId         : 4726
TimeGenerated      : 2/22/2023 9:09:51 PM
TimeWritten        : 2/22/2023 9:09:51 PM
UserName           :
Site               :
Container          :

EventID            : 4726
MachineName        : DC.mas-noida.com
Data               : {}
Index              : 7739084
Category           : (13824)
CategoryNumber     : 13824
EntryType          : SuccessAudit
Message            : A user account was deleted.

                     Subject:
                         Security ID:        S-1-5-21-2373504117-2689643630-3100359099-1499
                         Account Name:        anupk
                         Account Domain:        MAS-NOIDA
                         Logon ID:        0x3afa3d54

                     Target Account:
                         Security ID:        S-1-5-21-2373504117-2689643630-3100359099-10824
                         Account Name:        MAS51876
                         Account Domain:        MAS-NOIDA

                     Additional Information:
                         Privileges    -
Source             : Microsoft-Windows-Security-Auditing
ReplacementStrings : {MAS51876, MAS-NOIDA, S-1-5-21-2373504117-2689643630-3100359099-10824,
                     S-1-5-21-2373504117-2689643630-3100359099-1499...}
InstanceId         : 4726
TimeGenerated      : 2/22/2023 9:09:36 PM
TimeWritten        : 2/22/2023 9:09:36 PM
UserName           :
Site               :
Container          :

EventID            : 4726
MachineName        : DC.mas-noida.com
Data               : {}
Index              : 7739073
Category           : (13824)
CategoryNumber     : 13824
EntryType          : SuccessAudit
Message            : A user account was deleted.

                     Subject:
                         Security ID:        S-1-5-21-2373504117-2689643630-3100359099-1499
                         Account Name:        anupk
                         Account Domain:        MAS-NOIDA
                         Logon ID:        0x3afa3d54

                     Target Account:
                         Security ID:        S-1-5-21-2373504117-2689643630-3100359099-10818
                         Account Name:        MAS51888
                         Account Domain:        MAS-NOIDA

                     Additional Information:
                         Privileges    -
Source             : Microsoft-Windows-Security-Auditing
ReplacementStrings : {MAS51888, MAS-NOIDA, S-1-5-21-2373504117-2689643630-3100359099-10818,
                     S-1-5-21-2373504117-2689643630-3100359099-1499...}
InstanceId         : 4726
TimeGenerated      : 2/22/2023 9:09:29 PM
TimeWritten        : 2/22/2023 9:09:29 PM
UserName           :
Site               :
Container          :

EventID            : 4726
MachineName        : DC.mas-noida.com
Data               : {}
Index              : 7739015
Category           : (13824)
CategoryNumber     : 13824
EntryType          : SuccessAudit
Message            : A user account was deleted.

                     Subject:
                         Security ID:        S-1-5-21-2373504117-2689643630-3100359099-1499
                         Account Name:        anupk
                         Account Domain:        MAS-NOIDA
                         Logon ID:        0x3afa3d54

                     Target Account:
                         Security ID:        S-1-5-21-2373504117-2689643630-3100359099-12422
                         Account Name:        MAS51839
                         Account Domain:        MAS-NOIDA

                     Additional Information:
                         Privileges    -
Source             : Microsoft-Windows-Security-Auditing
ReplacementStrings : {MAS51839, MAS-NOIDA, S-1-5-21-2373504117-2689643630-3100359099-12422,
                     S-1-5-21-2373504117-2689643630-3100359099-1499...}
InstanceId         : 4726
TimeGenerated      : 2/22/2023 9:09:07 PM
TimeWritten        : 2/22/2023 9:09:07 PM
UserName           :
Site               :
Container          :

EventID            : 4726
MachineName        : DC.mas-noida.com
Data               : {}
Index              : 7739000
Category           : (13824)
CategoryNumber     : 13824
EntryType          : SuccessAudit
Message            : A user account was deleted.

                     Subject:
                         Security ID:        S-1-5-21-2373504117-2689643630-3100359099-1499
                         Account Name:        anupk
                         Account Domain:        MAS-NOIDA
                         Logon ID:        0x3afa3d54

                     Target Account:
                         Security ID:        S-1-5-21-2373504117-2689643630-3100359099-12400
                         Account Name:        MAS51792
                         Account Domain:        MAS-NOIDA

                     Additional Information:
                         Privileges    -
Source             : Microsoft-Windows-Security-Auditing
ReplacementStrings : {MAS51792, MAS-NOIDA, S-1-5-21-2373504117-2689643630-3100359099-12400,
                     S-1-5-21-2373504117-2689643630-3100359099-1499...}
InstanceId         : 4726
TimeGenerated      : 2/22/2023 9:08:54 PM
TimeWritten        : 2/22/2023 9:08:54 PM
UserName           :
Site               :
Container          :

EventID            : 4726
MachineName        : DC.mas-noida.com
Data               : {}
Index              : 7738981
Category           : (13824)
CategoryNumber     : 13824
EntryType          : SuccessAudit
Message            : A user account was deleted.

                     Subject:
                         Security ID:        S-1-5-21-2373504117-2689643630-3100359099-1499
                         Account Name:        anupk
                         Account Domain:        MAS-NOIDA
                         Logon ID:        0x3afa3d54

                     Target Account:
                         Security ID:        S-1-5-21-2373504117-2689643630-3100359099-12403
                         Account Name:        MAS51794
                         Account Domain:        MAS-NOIDA

                     Additional Information:
                         Privileges    -
Source             : Microsoft-Windows-Security-Auditing
ReplacementStrings : {MAS51794, MAS-NOIDA, S-1-5-21-2373504117-2689643630-3100359099-12403,
                     S-1-5-21-2373504117-2689643630-3100359099-1499...}
InstanceId         : 4726
TimeGenerated      : 2/22/2023 9:08:43 PM
TimeWritten        : 2/22/2023 9:08:43 PM
UserName           :
Site               :
Container          :

EventID            : 4726
MachineName        : DC.mas-noida.com
Data               : {}
Index              : 7738958
Category           : (13824)
CategoryNumber     : 13824
EntryType          : SuccessAudit
Message            : A user account was deleted.

                     Subject:
                         Security ID:        S-1-5-21-2373504117-2689643630-3100359099-1499
                         Account Name:        anupk
                         Account Domain:        MAS-NOIDA
                         Logon ID:        0x3afa3d54

                     Target Account:
                         Security ID:        S-1-5-21-2373504117-2689643630-3100359099-12425
                         Account Name:        MAS51842
                         Account Domain:        MAS-NOIDA

                     Additional Information:
                         Privileges    -
Source             : Microsoft-Windows-Security-Auditing
ReplacementStrings : {MAS51842, MAS-NOIDA, S-1-5-21-2373504117-2689643630-3100359099-12425,
                     S-1-5-21-2373504117-2689643630-3100359099-1499...}
InstanceId         : 4726
TimeGenerated      : 2/22/2023 9:08:33 PM
TimeWritten        : 2/22/2023 9:08:33 PM
UserName           :
Site               :
Container          :

EventID            : 4726
MachineName        : DC.mas-noida.com
Data               : {}
Index              : 7738935
Category           : (13824)
CategoryNumber     : 13824
EntryType          : SuccessAudit
Message            : A user account was deleted.

                     Subject:
                         Security ID:        S-1-5-21-2373504117-2689643630-3100359099-1499
                         Account Name:        anupk
                         Account Domain:        MAS-NOIDA
                         Logon ID:        0x3afa3d54

                     Target Account:
                         Security ID:        S-1-5-21-2373504117-2689643630-3100359099-12418
                         Account Name:        MAS51836
                         Account Domain:        MAS-NOIDA

                     Additional Information:
                         Privileges    -
Source             : Microsoft-Windows-Security-Auditing
ReplacementStrings : {MAS51836, MAS-NOIDA, S-1-5-21-2373504117-2689643630-3100359099-12418,
                     S-1-5-21-2373504117-2689643630-3100359099-1499...}
InstanceId         : 4726
TimeGenerated      : 2/22/2023 9:08:24 PM
TimeWritten        : 2/22/2023 9:08:24 PM
UserName           :
Site               :
Container          :

EventID            : 4726
MachineName        : DC.mas-noida.com
Data               : {}
Index              : 7738924
Category           : (13824)
CategoryNumber     : 13824
EntryType          : SuccessAudit
Message            : A user account was deleted.

                     Subject:
                         Security ID:        S-1-5-21-2373504117-2689643630-3100359099-1499
                         Account Name:        anupk
                         Account Domain:        MAS-NOIDA
                         Logon ID:        0x3afa3d54

                     Target Account:
                         Security ID:        S-1-5-21-2373504117-2689643630-3100359099-12416
                         Account Name:        MAS51835
                         Account Domain:        MAS-NOIDA

                     Additional Information:
                         Privileges    -
Source             : Microsoft-Windows-Security-Auditing
ReplacementStrings : {MAS51835, MAS-NOIDA, S-1-5-21-2373504117-2689643630-3100359099-12416,
                     S-1-5-21-2373504117-2689643630-3100359099-1499...}
InstanceId         : 4726
TimeGenerated      : 2/22/2023 9:08:17 PM
TimeWritten        : 2/22/2023 9:08:17 PM
UserName           :
Site               :
Container          :

EventID            : 4726
MachineName        : DC.mas-noida.com
Data               : {}
Index              : 7715207
Category           : (13824)
CategoryNumber     : 13824
EntryType          : SuccessAudit
Message            : A user account was deleted.

                     Subject:
                         Security ID:        S-1-5-21-2373504117-2689643630-3100359099-1499
                         Account Name:        anupk
                         Account Domain:        MAS-NOIDA
                         Logon ID:        0x3afa3d54

                     Target Account:
                         Security ID:        S-1-5-21-2373504117-2689643630-3100359099-12322
                         Account Name:        IDC51719
                         Account Domain:        MAS-NOIDA

                     Additional Information:
                         Privileges    -
Source             : Microsoft-Windows-Security-Auditing
ReplacementStrings : {IDC51719, MAS-NOIDA, S-1-5-21-2373504117-2689643630-3100359099-12322,
                     S-1-5-21-2373504117-2689643630-3100359099-1499...}
InstanceId         : 4726
TimeGenerated      : 2/22/2023 6:13:06 PM
TimeWritten        : 2/22/2023 6:13:06 PM
UserName           :
Site               :
Container          :

EventID            : 4726
MachineName        : DC.mas-noida.com
Data               : {}
Index              : 7715169
Category           : (13824)
CategoryNumber     : 13824
EntryType          : SuccessAudit
Message            : A user account was deleted.

                     Subject:
                         Security ID:        S-1-5-21-2373504117-2689643630-3100359099-1499
                         Account Name:        anupk
                         Account Domain:        MAS-NOIDA
                         Logon ID:        0x3afa3d54

                     Target Account:
                         Security ID:        S-1-5-21-2373504117-2689643630-3100359099-12473
                         Account Name:        IDC51849
                         Account Domain:        MAS-NOIDA

                     Additional Information:
                         Privileges    -
Source             : Microsoft-Windows-Security-Auditing
ReplacementStrings : {IDC51849, MAS-NOIDA, S-1-5-21-2373504117-2689643630-3100359099-12473,
                     S-1-5-21-2373504117-2689643630-3100359099-1499...}
InstanceId         : 4726
TimeGenerated      : 2/22/2023 6:12:54 PM
TimeWritten        : 2/22/2023 6:12:54 PM
UserName           :
Site               :
Container          :

EventID            : 4726
MachineName        : DC.mas-noida.com
Data               : {}
Index              : 7715154
Category           : (13824)
CategoryNumber     : 13824
EntryType          : SuccessAudit
Message            : A user account was deleted.

                     Subject:
                         Security ID:        S-1-5-21-2373504117-2689643630-3100359099-1499
                         Account Name:        anupk
                         Account Domain:        MAS-NOIDA
                         Logon ID:        0x3afa3d54

                     Target Account:
                         Security ID:        S-1-5-21-2373504117-2689643630-3100359099-12474
                         Account Name:        IDC51845
                         Account Domain:        MAS-NOIDA

                     Additional Information:
                         Privileges    -
Source             : Microsoft-Windows-Security-Auditing
ReplacementStrings : {IDC51845, MAS-NOIDA, S-1-5-21-2373504117-2689643630-3100359099-12474,
                     S-1-5-21-2373504117-2689643630-3100359099-1499...}
InstanceId         : 4726
TimeGenerated      : 2/22/2023 6:12:48 PM
TimeWritten        : 2/22/2023 6:12:48 PM
UserName           :
Site               :
Container          :

EventID            : 4726
MachineName        : DC.mas-noida.com
Data               : {}
Index              : 7660922
Category           : (13824)
CategoryNumber     : 13824
EntryType          : SuccessAudit
Message            : A user account was deleted.

                     Subject:
                         Security ID:        S-1-5-21-2373504117-2689643630-3100359099-1499
                         Account Name:        anupk
                         Account Domain:        MAS-NOIDA
                         Logon ID:        0x3afa3d54

                     Target Account:
                         Security ID:        S-1-5-21-2373504117-2689643630-3100359099-8002
                         Account Name:        MAS50408
                         Account Domain:        MAS-NOIDA

                     Additional Information:
                         Privileges    -
Source             : Microsoft-Windows-Security-Auditing
ReplacementStrings : {MAS50408, MAS-NOIDA, S-1-5-21-2373504117-2689643630-3100359099-8002,
                     S-1-5-21-2373504117-2689643630-3100359099-1499...}
InstanceId         : 4726
TimeGenerated      : 2/22/2023 12:51:18 PM
TimeWritten        : 2/22/2023 12:51:18 PM
UserName           :
Site               :
Container          :

EventID            : 4726
MachineName        : DC.mas-noida.com
Data               : {}
Index              : 7659957
Category           : (13824)
CategoryNumber     : 13824
EntryType          : SuccessAudit
Message            : A user account was deleted.

                     Subject:
                         Security ID:        S-1-5-21-2373504117-2689643630-3100359099-1499
                         Account Name:        anupk
                         Account Domain:        MAS-NOIDA
                         Logon ID:        0x3afa3d54

                     Target Account:
                         Security ID:        S-1-5-21-2373504117-2689643630-3100359099-11268
                         Account Name:        MAS51281
                         Account Domain:        MAS-NOIDA

                     Additional Information:
                         Privileges    -
Source             : Microsoft-Windows-Security-Auditing
ReplacementStrings : {MAS51281, MAS-NOIDA, S-1-5-21-2373504117-2689643630-3100359099-11268,
                     S-1-5-21-2373504117-2689643630-3100359099-1499...}
InstanceId         : 4726
TimeGenerated      : 2/22/2023 12:45:52 PM
TimeWritten        : 2/22/2023 12:45:52 PM
UserName           :
Site               :
Container          :

EventID            : 4726
MachineName        : DC.mas-noida.com
Data               : {}
Index              : 7601217
Category           : (13824)
CategoryNumber     : 13824
EntryType          : SuccessAudit
Message            : A user account was deleted.

                     Subject:
                         Security ID:        S-1-5-21-2373504117-2689643630-3100359099-2600
                         Account Name:        prateeks
                         Account Domain:        MAS-NOIDA
                         Logon ID:        0x3a8351bf

                     Target Account:
                         Security ID:        S-1-5-21-2373504117-2689643630-3100359099-2467
                         Account Name:        sagarp
                         Account Domain:        MAS-NOIDA

                     Additional Information:
                         Privileges    -
Source             : Microsoft-Windows-Security-Auditing
ReplacementStrings : {sagarp, MAS-NOIDA, S-1-5-21-2373504117-2689643630-3100359099-2467,
                     S-1-5-21-2373504117-2689643630-3100359099-2600...}
InstanceId         : 4726
TimeGenerated      : 2/22/2023 5:18:13 AM
TimeWritten        : 2/22/2023 5:18:13 AM
UserName           :
Site               :
Container          :

EventID            : 4726
MachineName        : DC.mas-noida.com
Data               : {}
Index              : 7593025
Category           : (13824)
CategoryNumber     : 13824
EntryType          : SuccessAudit
Message            : A user account was deleted.

                     Subject:
                         Security ID:        S-1-5-21-2373504117-2689643630-3100359099-2600
                         Account Name:        prateeks
                         Account Domain:        MAS-NOIDA
                         Logon ID:        0x2460f673

                     Target Account:
                         Security ID:        S-1-5-21-2373504117-2689643630-3100359099-10604
                         Account Name:        MAS51447
                         Account Domain:        MAS-NOIDA

                     Additional Information:
                         Privileges    -
Source             : Microsoft-Windows-Security-Auditing
ReplacementStrings : {MAS51447, MAS-NOIDA, S-1-5-21-2373504117-2689643630-3100359099-10604,
                     S-1-5-21-2373504117-2689643630-3100359099-2600...}
InstanceId         : 4726
TimeGenerated      : 2/22/2023 3:43:59 AM
TimeWritten        : 2/22/2023 3:43:59 AM
UserName           :
Site               :
Container          :

EventID            : 4726
MachineName        : DC.mas-noida.com
Data               : {}
Index              : 7592987
Category           : (13824)
CategoryNumber     : 13824
EntryType          : SuccessAudit
Message            : A user account was deleted.

                     Subject:
                         Security ID:        S-1-5-21-2373504117-2689643630-3100359099-2600
                         Account Name:        prateeks
                         Account Domain:        MAS-NOIDA
                         Logon ID:        0x2460f673

                     Target Account:
                         Security ID:        S-1-5-21-2373504117-2689643630-3100359099-6087
                         Account Name:        MAS48757
                         Account Domain:        MAS-NOIDA

                     Additional Information:
                         Privileges    -
Source             : Microsoft-Windows-Security-Auditing
ReplacementStrings : {MAS48757, MAS-NOIDA, S-1-5-21-2373504117-2689643630-3100359099-6087,
                     S-1-5-21-2373504117-2689643630-3100359099-2600...}
InstanceId         : 4726
TimeGenerated      : 2/22/2023 3:43:23 AM
TimeWritten        : 2/22/2023 3:43:23 AM
UserName           :
Site               :
Container          :

EventID            : 4726
MachineName        : DC.mas-noida.com
Data               : {}
Index              : 7334590
Category           : (13824)
CategoryNumber     : 13824
EntryType          : SuccessAudit
Message            : A user account was deleted.

                     Subject:
                         Security ID:        S-1-5-21-2373504117-2689643630-3100359099-1499
                         Account Name:        anupk
                         Account Domain:        MAS-NOIDA
                         Logon ID:        0xdae78

                     Target Account:
                         Security ID:        S-1-5-21-2373504117-2689643630-3100359099-10179
                         Account Name:        MAS50624
                         Account Domain:        MAS-NOIDA

                     Additional Information:
                         Privileges    -
Source             : Microsoft-Windows-Security-Auditing
ReplacementStrings : {MAS50624, MAS-NOIDA, S-1-5-21-2373504117-2689643630-3100359099-10179,
                     S-1-5-21-2373504117-2689643630-3100359099-1499...}
InstanceId         : 4726
TimeGenerated      : 2/20/2023 8:50:13 PM
TimeWritten        : 2/20/2023 8:50:13 PM
UserName           :
Site               :
Container          :

EventID            : 4726
MachineName        : DC.mas-noida.com
Data               : {}
Index              : 7168101
Category           : (13824)
CategoryNumber     : 13824
EntryType          : SuccessAudit
Message            : A user account was deleted.

                     Subject:
                         Security ID:        S-1-5-21-2373504117-2689643630-3100359099-2600
                         Account Name:        prateeks
                         Account Domain:        MAS-NOIDA
                         Logon ID:        0x2247b924

                     Target Account:
                         Security ID:        S-1-5-21-2373504117-2689643630-3100359099-12200
                         Account Name:        MAS51643
                         Account Domain:        MAS-NOIDA

                     Additional Information:
                         Privileges    -
Source             : Microsoft-Windows-Security-Auditing
ReplacementStrings : {MAS51643, MAS-NOIDA, S-1-5-21-2373504117-2689643630-3100359099-12200,
                     S-1-5-21-2373504117-2689643630-3100359099-2600...}
InstanceId         : 4726
TimeGenerated      : 2/19/2023 11:03:59 PM
TimeWritten        : 2/19/2023 11:03:59 PM
UserName           :
Site               :
Container          :

EventID            : 4726
MachineName        : DC.mas-noida.com
Data               : {}
Index              : 7168065
Category           : (13824)
CategoryNumber     : 13824
EntryType          : SuccessAudit
Message            : A user account was deleted.

                     Subject:
                         Security ID:        S-1-5-21-2373504117-2689643630-3100359099-2600
                         Account Name:        prateeks
                         Account Domain:        MAS-NOIDA
                         Logon ID:        0x2247b924

                     Target Account:
                         Security ID:        S-1-5-21-2373504117-2689643630-3100359099-12221
                         Account Name:        MAS51653
                         Account Domain:        MAS-NOIDA

                     Additional Information:
                         Privileges    -
Source             : Microsoft-Windows-Security-Auditing
ReplacementStrings : {MAS51653, MAS-NOIDA, S-1-5-21-2373504117-2689643630-3100359099-12221,
                     S-1-5-21-2373504117-2689643630-3100359099-2600...}
InstanceId         : 4726
TimeGenerated      : 2/19/2023 11:03:41 PM
TimeWritten        : 2/19/2023 11:03:41 PM
UserName           :
Site               :
Container          :

EventID            : 4726
MachineName        : DC.mas-noida.com
Data               : {}
Index              : 7168038
Category           : (13824)
CategoryNumber     : 13824
EntryType          : SuccessAudit
Message            : A user account was deleted.

                     Subject:
                         Security ID:        S-1-5-21-2373504117-2689643630-3100359099-2600
                         Account Name:        prateeks
                         Account Domain:        MAS-NOIDA
                         Logon ID:        0x2247b924

                     Target Account:
                         Security ID:        S-1-5-21-2373504117-2689643630-3100359099-12114
                         Account Name:        MAS51537
                         Account Domain:        MAS-NOIDA

                     Additional Information:
                         Privileges    -
