Source             : Microsoft-Windows-Security-Auditing
ReplacementStrings : {MAS52584, MAS-NOIDA, S-1-5-21-2373504117-2689643630-3100359099-13432,
                     S-1-5-21-2373504117-2689643630-3100359099-1483...}
InstanceId         : 4726
TimeGenerated      : 6/11/2023 4:38:57 AM
TimeWritten        : 6/11/2023 4:38:57 AM
UserName           :
Site               :
Container          :

EventID            : 4726
MachineName        : TPZ-ADC.mas-noida.com
Data               : {}
Index              : 4547854
Category           : (13824)
CategoryNumber     : 13824
EntryType          : SuccessAudit
Message            : A user account was deleted.

                     Subject:
                         Security ID:        S-1-5-21-2373504117-2689643630-3100359099-1483
                         Account Name:        mayank
                         Account Domain:        MAS-NOIDA
                         Logon ID:        0x2a0b66df

                     Target Account:
                         Security ID:        S-1-5-21-2373504117-2689643630-3100359099-13745
                         Account Name:        MAS52522
                         Account Domain:        MAS-NOIDA

                     Additional Information:
                         Privileges    -
Source             : Microsoft-Windows-Security-Auditing
ReplacementStrings : {MAS52522, MAS-NOIDA, S-1-5-21-2373504117-2689643630-3100359099-13745,
                     S-1-5-21-2373504117-2689643630-3100359099-1483...}
InstanceId         : 4726
TimeGenerated      : 6/3/2023 1:48:08 AM
TimeWritten        : 6/3/2023 1:48:08 AM
UserName           :
Site               :
Container          :

EventID            : 4726
MachineName        : TPZ-ADC.mas-noida.com
Data               : {}
Index              : 4547841
Category           : (13824)
CategoryNumber     : 13824
EntryType          : SuccessAudit
Message            : A user account was deleted.

                     Subject:
                         Security ID:        S-1-5-21-2373504117-2689643630-3100359099-1483
                         Account Name:        mayank
                         Account Domain:        MAS-NOIDA
                         Logon ID:        0x2a0b6043

                     Target Account:
                         Security ID:        S-1-5-21-2373504117-2689643630-3100359099-13743
                         Account Name:        MAS52512
                         Account Domain:        MAS-NOIDA

                     Additional Information:
                         Privileges    -
Source             : Microsoft-Windows-Security-Auditing
ReplacementStrings : {MAS52512, MAS-NOIDA, S-1-5-21-2373504117-2689643630-3100359099-13743,
                     S-1-5-21-2373504117-2689643630-3100359099-1483...}
InstanceId         : 4726
TimeGenerated      : 6/3/2023 1:47:55 AM
TimeWritten        : 6/3/2023 1:47:55 AM
UserName           :
Site               :
Container          :

EventID            : 4726
MachineName        : TPZ-ADC.mas-noida.com
Data               : {}
Index              : 4547827
Category           : (13824)
CategoryNumber     : 13824
EntryType          : SuccessAudit
Message            : A user account was deleted.

                     Subject:
                         Security ID:        S-1-5-21-2373504117-2689643630-3100359099-1483
                         Account Name:        mayank
                         Account Domain:        MAS-NOIDA
                         Logon ID:        0x2a0b59c5

                     Target Account:
                         Security ID:        S-1-5-21-2373504117-2689643630-3100359099-13741
                         Account Name:        MAS52509
                         Account Domain:        MAS-NOIDA

                     Additional Information:
                         Privileges    -
Source             : Microsoft-Windows-Security-Auditing
ReplacementStrings : {MAS52509, MAS-NOIDA, S-1-5-21-2373504117-2689643630-3100359099-13741,
                     S-1-5-21-2373504117-2689643630-3100359099-1483...}
InstanceId         : 4726
TimeGenerated      : 6/3/2023 1:47:43 AM
TimeWritten        : 6/3/2023 1:47:43 AM
UserName           :
Site               :
Container          :

EventID            : 4726
MachineName        : TPZ-ADC.mas-noida.com
Data               : {}
Index              : 4547817
Category           : (13824)
CategoryNumber     : 13824
EntryType          : SuccessAudit
Message            : A user account was deleted.

                     Subject:
                         Security ID:        S-1-5-21-2373504117-2689643630-3100359099-1483
                         Account Name:        mayank
                         Account Domain:        MAS-NOIDA
                         Logon ID:        0x2a0b54df

                     Target Account:
                         Security ID:        S-1-5-21-2373504117-2689643630-3100359099-13731
                         Account Name:        MAS52521
                         Account Domain:        MAS-NOIDA

                     Additional Information:
                         Privileges    -
Source             : Microsoft-Windows-Security-Auditing
ReplacementStrings : {MAS52521, MAS-NOIDA, S-1-5-21-2373504117-2689643630-3100359099-13731,
                     S-1-5-21-2373504117-2689643630-3100359099-1483...}
InstanceId         : 4726
TimeGenerated      : 6/3/2023 1:47:31 AM
TimeWritten        : 6/3/2023 1:47:31 AM
UserName           :
Site               :
Container          :

EventID            : 4726
MachineName        : TPZ-ADC.mas-noida.com
Data               : {}
Index              : 4547791
Category           : (13824)
CategoryNumber     : 13824
EntryType          : SuccessAudit
Message            : A user account was deleted.

                     Subject:
                         Security ID:        S-1-5-21-2373504117-2689643630-3100359099-1483
                         Account Name:        mayank
                         Account Domain:        MAS-NOIDA
                         Logon ID:        0x2a0b46d1

                     Target Account:
                         Security ID:        S-1-5-21-2373504117-2689643630-3100359099-13453
                         Account Name:        MAS52629
                         Account Domain:        MAS-NOIDA

                     Additional Information:
                         Privileges    -
Source             : Microsoft-Windows-Security-Auditing
ReplacementStrings : {MAS52629, MAS-NOIDA, S-1-5-21-2373504117-2689643630-3100359099-13453,
                     S-1-5-21-2373504117-2689643630-3100359099-1483...}
InstanceId         : 4726
TimeGenerated      : 6/3/2023 1:47:20 AM
TimeWritten        : 6/3/2023 1:47:20 AM
UserName           :
Site               :
Container          :

EventID            : 4726
MachineName        : TPZ-ADC.mas-noida.com
Data               : {}
Index              : 4547779
Category           : (13824)
CategoryNumber     : 13824
EntryType          : SuccessAudit
Message            : A user account was deleted.

                     Subject:
                         Security ID:        S-1-5-21-2373504117-2689643630-3100359099-1483
                         Account Name:        mayank
                         Account Domain:        MAS-NOIDA
                         Logon ID:        0x2a0b402b

                     Target Account:
                         Security ID:        S-1-5-21-2373504117-2689643630-3100359099-13501
                         Account Name:        MAS52684
                         Account Domain:        MAS-NOIDA

                     Additional Information:
                         Privileges    -
Source             : Microsoft-Windows-Security-Auditing
ReplacementStrings : {MAS52684, MAS-NOIDA, S-1-5-21-2373504117-2689643630-3100359099-13501,
                     S-1-5-21-2373504117-2689643630-3100359099-1483...}
InstanceId         : 4726
TimeGenerated      : 6/3/2023 1:47:07 AM
TimeWritten        : 6/3/2023 1:47:07 AM
UserName           :
Site               :
Container          :

EventID            : 4726
MachineName        : TPZ-ADC.mas-noida.com
Data               : {}
Index              : 4547766
Category           : (13824)
CategoryNumber     : 13824
EntryType          : SuccessAudit
Message            : A user account was deleted.

                     Subject:
                         Security ID:        S-1-5-21-2373504117-2689643630-3100359099-1483
                         Account Name:        mayank
                         Account Domain:        MAS-NOIDA
                         Logon ID:        0x2a0b3a3d

                     Target Account:
                         Security ID:        S-1-5-21-2373504117-2689643630-3100359099-13500
                         Account Name:        MAS52683
                         Account Domain:        MAS-NOIDA

                     Additional Information:
                         Privileges    -
Source             : Microsoft-Windows-Security-Auditing
ReplacementStrings : {MAS52683, MAS-NOIDA, S-1-5-21-2373504117-2689643630-3100359099-13500,
                     S-1-5-21-2373504117-2689643630-3100359099-1483...}
InstanceId         : 4726
TimeGenerated      : 6/3/2023 1:46:54 AM
TimeWritten        : 6/3/2023 1:46:54 AM
UserName           :
Site               :
Container          :

EventID            : 4726
MachineName        : TPZ-ADC.mas-noida.com
Data               : {}
Index              : 4547745
Category           : (13824)
CategoryNumber     : 13824
EntryType          : SuccessAudit
Message            : A user account was deleted.

                     Subject:
                         Security ID:        S-1-5-21-2373504117-2689643630-3100359099-1483
                         Account Name:        mayank
                         Account Domain:        MAS-NOIDA
                         Logon ID:        0x2a0b2f4d

                     Target Account:
                         Security ID:        S-1-5-21-2373504117-2689643630-3100359099-13436
                         Account Name:        MAS52579
                         Account Domain:        MAS-NOIDA

                     Additional Information:
                         Privileges    -
Source             : Microsoft-Windows-Security-Auditing
ReplacementStrings : {MAS52579, MAS-NOIDA, S-1-5-21-2373504117-2689643630-3100359099-13436,
                     S-1-5-21-2373504117-2689643630-3100359099-1483...}
InstanceId         : 4726
TimeGenerated      : 6/3/2023 1:46:41 AM
TimeWritten        : 6/3/2023 1:46:41 AM
UserName           :
Site               :
Container          :

EventID            : 4726
MachineName        : TPZ-ADC.mas-noida.com
Data               : {}
Index              : 4547732
Category           : (13824)
CategoryNumber     : 13824
EntryType          : SuccessAudit
Message            : A user account was deleted.

                     Subject:
                         Security ID:        S-1-5-21-2373504117-2689643630-3100359099-1483
                         Account Name:        mayank
                         Account Domain:        MAS-NOIDA
                         Logon ID:        0x2a0b285a

                     Target Account:
                         Security ID:        S-1-5-21-2373504117-2689643630-3100359099-13515
                         Account Name:        MAS52678
                         Account Domain:        MAS-NOIDA

                     Additional Information:
                         Privileges    -
Source             : Microsoft-Windows-Security-Auditing
ReplacementStrings : {MAS52678, MAS-NOIDA, S-1-5-21-2373504117-2689643630-3100359099-13515,
                     S-1-5-21-2373504117-2689643630-3100359099-1483...}
InstanceId         : 4726
TimeGenerated      : 6/3/2023 1:46:25 AM
TimeWritten        : 6/3/2023 1:46:25 AM
UserName           :
Site               :
Container          :

EventID            : 4726
MachineName        : TPZ-ADC.mas-noida.com
Data               : {}
Index              : 4447704
Category           : (13824)
CategoryNumber     : 13824
EntryType          : SuccessAudit
Message            : A user account was deleted.

                     Subject:
                         Security ID:        S-1-5-21-2373504117-2689643630-3100359099-1483
                         Account Name:        mayank
                         Account Domain:        MAS-NOIDA
                         Logon ID:        0x2878c9b4

                     Target Account:
                         Security ID:        S-1-5-21-2373504117-2689643630-3100359099-12392
                         Account Name:        MAS51791
                         Account Domain:        MAS-NOIDA

                     Additional Information:
                         Privileges    -
Source             : Microsoft-Windows-Security-Auditing
ReplacementStrings : {MAS51791, MAS-NOIDA, S-1-5-21-2373504117-2689643630-3100359099-12392,
                     S-1-5-21-2373504117-2689643630-3100359099-1483...}
InstanceId         : 4726
TimeGenerated      : 6/1/2023 5:00:29 AM
TimeWritten        : 6/1/2023 5:00:29 AM
UserName           :
Site               :
Container          :

EventID            : 4726
MachineName        : TPZ-ADC.mas-noida.com
Data               : {}
Index              : 4447684
Category           : (13824)
CategoryNumber     : 13824
EntryType          : SuccessAudit
Message            : A user account was deleted.

                     Subject:
                         Security ID:        S-1-5-21-2373504117-2689643630-3100359099-1483
                         Account Name:        mayank
                         Account Domain:        MAS-NOIDA
                         Logon ID:        0x2878c106

                     Target Account:
                         Security ID:        S-1-5-21-2373504117-2689643630-3100359099-4018
                         Account Name:        Harvanshs
                         Account Domain:        MAS-NOIDA

                     Additional Information:
                         Privileges    -
Source             : Microsoft-Windows-Security-Auditing
ReplacementStrings : {Harvanshs, MAS-NOIDA, S-1-5-21-2373504117-2689643630-3100359099-4018,
                     S-1-5-21-2373504117-2689643630-3100359099-1483...}
InstanceId         : 4726
TimeGenerated      : 6/1/2023 5:00:17 AM
TimeWritten        : 6/1/2023 5:00:17 AM
UserName           :
Site               :
Container          :

EventID            : 4726
MachineName        : TPZ-ADC.mas-noida.com
Data               : {}
Index              : 4447642
Category           : (13824)
CategoryNumber     : 13824
EntryType          : SuccessAudit
Message            : A user account was deleted.

                     Subject:
                         Security ID:        S-1-5-21-2373504117-2689643630-3100359099-1483
                         Account Name:        mayank
                         Account Domain:        MAS-NOIDA
                         Logon ID:        0x2878acbd

                     Target Account:
                         Security ID:        S-1-5-21-2373504117-2689643630-3100359099-12594
                         Account Name:        MAS52067
                         Account Domain:        MAS-NOIDA

                     Additional Information:
                         Privileges    -
Source             : Microsoft-Windows-Security-Auditing
ReplacementStrings : {MAS52067, MAS-NOIDA, S-1-5-21-2373504117-2689643630-3100359099-12594,
                     S-1-5-21-2373504117-2689643630-3100359099-1483...}
InstanceId         : 4726
TimeGenerated      : 6/1/2023 4:59:51 AM
TimeWritten        : 6/1/2023 4:59:51 AM
UserName           :
Site               :
Container          :

EventID            : 4726
MachineName        : TPZ-ADC.mas-noida.com
Data               : {}
Index              : 4447627
Category           : (13824)
CategoryNumber     : 13824
EntryType          : SuccessAudit
Message            : A user account was deleted.

                     Subject:
                         Security ID:        S-1-5-21-2373504117-2689643630-3100359099-1483
                         Account Name:        mayank
                         Account Domain:        MAS-NOIDA
                         Logon ID:        0x2878a4f7

                     Target Account:
                         Security ID:        S-1-5-21-2373504117-2689643630-3100359099-13223
                         Account Name:        MAS52236
                         Account Domain:        MAS-NOIDA

                     Additional Information:
                         Privileges    -
Source             : Microsoft-Windows-Security-Auditing
ReplacementStrings : {MAS52236, MAS-NOIDA, S-1-5-21-2373504117-2689643630-3100359099-13223,
                     S-1-5-21-2373504117-2689643630-3100359099-1483...}
InstanceId         : 4726
TimeGenerated      : 6/1/2023 4:59:35 AM
TimeWritten        : 6/1/2023 4:59:35 AM
UserName           :
Site               :
Container          :

EventID            : 4726
MachineName        : TPZ-ADC.mas-noida.com
Data               : {}
Index              : 4447615
Category           : (13824)
CategoryNumber     : 13824
EntryType          : SuccessAudit
Message            : A user account was deleted.

                     Subject:
                         Security ID:        S-1-5-21-2373504117-2689643630-3100359099-1483
                         Account Name:        mayank
                         Account Domain:        MAS-NOIDA
                         Logon ID:        0x28789f5f

                     Target Account:
                         Security ID:        S-1-5-21-2373504117-2689643630-3100359099-13460
                         Account Name:        MAS52631
                         Account Domain:        MAS-NOIDA

                     Additional Information:
                         Privileges    -
Source             : Microsoft-Windows-Security-Auditing
ReplacementStrings : {MAS52631, MAS-NOIDA, S-1-5-21-2373504117-2689643630-3100359099-13460,
                     S-1-5-21-2373504117-2689643630-3100359099-1483...}
InstanceId         : 4726
TimeGenerated      : 6/1/2023 4:59:23 AM
TimeWritten        : 6/1/2023 4:59:23 AM
UserName           :
Site               :
Container          :

EventID            : 4726




