Source             : Microsoft-Windows-Security-Auditing
ReplacementStrings : {MAS51500, MAS-NOIDA, S-1-5-21-2373504117-2689643630-3100359099-10641,
                     S-1-5-21-2373504117-2689643630-3100359099-2600...}
InstanceId         : 4726
TimeGenerated      : 1/28/2023 6:56:11 AM
TimeWritten        : 1/28/2023 6:56:11 AM
UserName           :
Site               :
Container          :

EventID            : 4726
MachineName        : DC.mas-noida.com
Data               : {}
Index              : 2766325
Category           : (13824)
CategoryNumber     : 13824
EntryType          : SuccessAudit
Message            : A user account was deleted.

                     Subject:
                         Security ID:        S-1-5-21-2373504117-2689643630-3100359099-2600
                         Account Name:        prateeks
                         Account Domain:        MAS-NOIDA
                         Logon ID:        0x7262826

                     Target Account:
                         Security ID:        S-1-5-21-2373504117-2689643630-3100359099-10648
                         Account Name:        MAS51507
                         Account Domain:        MAS-NOIDA

                     Additional Information:
                         Privileges    -
Source             : Microsoft-Windows-Security-Auditing
ReplacementStrings : {MAS51507, MAS-NOIDA, S-1-5-21-2373504117-2689643630-3100359099-10648,
                     S-1-5-21-2373504117-2689643630-3100359099-2600...}
InstanceId         : 4726
TimeGenerated      : 1/28/2023 6:55:55 AM
TimeWritten        : 1/28/2023 6:55:55 AM
UserName           :
Site               :
Container          :

EventID            : 4726
MachineName        : DC.mas-noida.com
Data               : {}
Index              : 2766279
Category           : (13824)
CategoryNumber     : 13824
EntryType          : SuccessAudit
Message            : A user account was deleted.

                     Subject:
                         Security ID:        S-1-5-21-2373504117-2689643630-3100359099-2600
                         Account Name:        prateeks
                         Account Domain:        MAS-NOIDA
                         Logon ID:        0x7262826

                     Target Account:
                         Security ID:        S-1-5-21-2373504117-2689643630-3100359099-10649
                         Account Name:        MAS51508
                         Account Domain:        MAS-NOIDA

                     Additional Information:
                         Privileges    -
Source             : Microsoft-Windows-Security-Auditing
ReplacementStrings : {MAS51508, MAS-NOIDA, S-1-5-21-2373504117-2689643630-3100359099-10649,
                     S-1-5-21-2373504117-2689643630-3100359099-2600...}
InstanceId         : 4726
TimeGenerated      : 1/28/2023 6:55:35 AM
TimeWritten        : 1/28/2023 6:55:35 AM
UserName           :
Site               :
Container          :

EventID            : 4726
MachineName        : DC.mas-noida.com
Data               : {}
Index              : 2766256
Category           : (13824)
CategoryNumber     : 13824
EntryType          : SuccessAudit
Message            : A user account was deleted.

                     Subject:
                         Security ID:        S-1-5-21-2373504117-2689643630-3100359099-2600
                         Account Name:        prateeks
                         Account Domain:        MAS-NOIDA
                         Logon ID:        0x7262826

                     Target Account:
                         Security ID:        S-1-5-21-2373504117-2689643630-3100359099-7538
                         Account Name:        MAS51204
                         Account Domain:        MAS-NOIDA

                     Additional Information:
                         Privileges    -
Source             : Microsoft-Windows-Security-Auditing
ReplacementStrings : {MAS51204, MAS-NOIDA, S-1-5-21-2373504117-2689643630-3100359099-7538,
                     S-1-5-21-2373504117-2689643630-3100359099-2600...}
InstanceId         : 4726
TimeGenerated      : 1/28/2023 6:55:13 AM
TimeWritten        : 1/28/2023 6:55:13 AM
UserName           :
Site               :
Container          :

EventID            : 4726
MachineName        : DC.mas-noida.com
Data               : {}
Index              : 2766228
Category           : (13824)
CategoryNumber     : 13824
EntryType          : SuccessAudit
Message            : A user account was deleted.

                     Subject:
                         Security ID:        S-1-5-21-2373504117-2689643630-3100359099-2600
                         Account Name:        prateeks
                         Account Domain:        MAS-NOIDA
                         Logon ID:        0x7262826

                     Target Account:
                         Security ID:        S-1-5-21-2373504117-2689643630-3100359099-10642
                         Account Name:        MAS51501
                         Account Domain:        MAS-NOIDA

                     Additional Information:
                         Privileges    -
Source             : Microsoft-Windows-Security-Auditing
ReplacementStrings : {MAS51501, MAS-NOIDA, S-1-5-21-2373504117-2689643630-3100359099-10642,
                     S-1-5-21-2373504117-2689643630-3100359099-2600...}
InstanceId         : 4726
TimeGenerated      : 1/28/2023 6:55:02 AM
TimeWritten        : 1/28/2023 6:55:02 AM
UserName           :
Site               :
Container          :

EventID            : 4726
MachineName        : DC.mas-noida.com
Data               : {}
Index              : 2766182
Category           : (13824)
CategoryNumber     : 13824
EntryType          : SuccessAudit
Message            : A user account was deleted.

                     Subject:
                         Security ID:        S-1-5-21-2373504117-2689643630-3100359099-2600
                         Account Name:        prateeks
                         Account Domain:        MAS-NOIDA
                         Logon ID:        0x7262826

                     Target Account:
                         Security ID:        S-1-5-21-2373504117-2689643630-3100359099-7871
                         Account Name:        MAS50318
                         Account Domain:        MAS-NOIDA

                     Additional Information:
                         Privileges    -
Source             : Microsoft-Windows-Security-Auditing
ReplacementStrings : {MAS50318, MAS-NOIDA, S-1-5-21-2373504117-2689643630-3100359099-7871,
                     S-1-5-21-2373504117-2689643630-3100359099-2600...}
InstanceId         : 4726
TimeGenerated      : 1/28/2023 6:54:43 AM
TimeWritten        : 1/28/2023 6:54:43 AM
UserName           :
Site               :
Container          :

EventID            : 4726
MachineName        : DC.mas-noida.com
Data               : {}
Index              : 2766108
Category           : (13824)
CategoryNumber     : 13824
EntryType          : SuccessAudit
Message            : A user account was deleted.

                     Subject:
                         Security ID:        S-1-5-21-2373504117-2689643630-3100359099-2600
                         Account Name:        prateeks
                         Account Domain:        MAS-NOIDA
                         Logon ID:        0x7262826

                     Target Account:
                         Security ID:        S-1-5-21-2373504117-2689643630-3100359099-7565
                         Account Name:        MAS51201
                         Account Domain:        MAS-NOIDA

                     Additional Information:
                         Privileges    -
Source             : Microsoft-Windows-Security-Auditing
ReplacementStrings : {MAS51201, MAS-NOIDA, S-1-5-21-2373504117-2689643630-3100359099-7565,
                     S-1-5-21-2373504117-2689643630-3100359099-2600...}
InstanceId         : 4726
TimeGenerated      : 1/28/2023 6:54:19 AM
TimeWritten        : 1/28/2023 6:54:19 AM
UserName           :
Site               :
Container          :

EventID            : 4726
MachineName        : DC.mas-noida.com
Data               : {}
Index              : 2765971
Category           : (13824)
CategoryNumber     : 13824
EntryType          : SuccessAudit
Message            : A user account was deleted.

                     Subject:
                         Security ID:        S-1-5-21-2373504117-2689643630-3100359099-2600
                         Account Name:        prateeks
                         Account Domain:        MAS-NOIDA
                         Logon ID:        0x7262826

                     Target Account:
                         Security ID:        S-1-5-21-2373504117-2689643630-3100359099-7521
                         Account Name:        MAS51158
                         Account Domain:        MAS-NOIDA

                     Additional Information:
                         Privileges    -
Source             : Microsoft-Windows-Security-Auditing
ReplacementStrings : {MAS51158, MAS-NOIDA, S-1-5-21-2373504117-2689643630-3100359099-7521,
                     S-1-5-21-2373504117-2689643630-3100359099-2600...}
InstanceId         : 4726
TimeGenerated      : 1/28/2023 6:53:04 AM
TimeWritten        : 1/28/2023 6:53:04 AM
UserName           :
Site               :
Container          :

EventID            : 4726
MachineName        : DC.mas-noida.com
Data               : {}
Index              : 2765883
Category           : (13824)
CategoryNumber     : 13824
EntryType          : SuccessAudit
Message            : A user account was deleted.

                     Subject:
                         Security ID:        S-1-5-21-2373504117-2689643630-3100359099-2600
                         Account Name:        prateeks
                         Account Domain:        MAS-NOIDA
                         Logon ID:        0x7262826

                     Target Account:
                         Security ID:        S-1-5-21-2373504117-2689643630-3100359099-11369
                         Account Name:        MAS51386
                         Account Domain:        MAS-NOIDA

                     Additional Information:
                         Privileges    -
Source             : Microsoft-Windows-Security-Auditing
ReplacementStrings : {MAS51386, MAS-NOIDA, S-1-5-21-2373504117-2689643630-3100359099-11369,
                     S-1-5-21-2373504117-2689643630-3100359099-2600...}
InstanceId         : 4726
TimeGenerated      : 1/28/2023 6:52:29 AM
TimeWritten        : 1/28/2023 6:52:29 AM
UserName           :
Site               :
Container          :

EventID            : 4726
MachineName        : DC.mas-noida.com
Data               : {}
Index              : 2765854
Category           : (13824)
CategoryNumber     : 13824
EntryType          : SuccessAudit
Message            : A user account was deleted.

                     Subject:
                         Security ID:        S-1-5-21-2373504117-2689643630-3100359099-2600
                         Account Name:        prateeks
                         Account Domain:        MAS-NOIDA
                         Logon ID:        0x7262826

                     Target Account:
                         Security ID:        S-1-5-21-2373504117-2689643630-3100359099-6242
                         Account Name:        MAS49449
                         Account Domain:        MAS-NOIDA

                     Additional Information:
                         Privileges    -
Source             : Microsoft-Windows-Security-Auditing
ReplacementStrings : {MAS49449, MAS-NOIDA, S-1-5-21-2373504117-2689643630-3100359099-6242,
                     S-1-5-21-2373504117-2689643630-3100359099-2600...}
InstanceId         : 4726
TimeGenerated      : 1/28/2023 6:52:08 AM
TimeWritten        : 1/28/2023 6:52:08 AM
UserName           :
Site               :
Container          :

EventID            : 4726
MachineName        : DC.mas-noida.com
Data               : {}
Index              : 2765833
Category           : (13824)
CategoryNumber     : 13824
EntryType          : SuccessAudit
Message            : A user account was deleted.

                     Subject:
                         Security ID:        S-1-5-21-2373504117-2689643630-3100359099-2600
                         Account Name:        prateeks
                         Account Domain:        MAS-NOIDA
                         Logon ID:        0x7262826

                     Target Account:
                         Security ID:        S-1-5-21-2373504117-2689643630-3100359099-11286
                         Account Name:        MAS51250
                         Account Domain:        MAS-NOIDA

                     Additional Information:
                         Privileges    -
Source             : Microsoft-Windows-Security-Auditing
ReplacementStrings : {MAS51250, MAS-NOIDA, S-1-5-21-2373504117-2689643630-3100359099-11286,
                     S-1-5-21-2373504117-2689643630-3100359099-2600...}
InstanceId         : 4726
TimeGenerated      : 1/28/2023 6:51:50 AM
TimeWritten        : 1/28/2023 6:51:50 AM
UserName           :
Site               :
Container          :

EventID            : 4726
MachineName        : DC.mas-noida.com
Data               : {}
Index              : 2759088
Category           : (13824)
CategoryNumber     : 13824
EntryType          : SuccessAudit
Message            : A user account was deleted.

                     Subject:
                         Security ID:        S-1-5-21-2373504117-2689643630-3100359099-2600
                         Account Name:        prateeks
                         Account Domain:        MAS-NOIDA
                         Logon ID:        0x7196dc2

                     Target Account:
                         Security ID:        S-1-5-21-2373504117-2689643630-3100359099-11416
                         Account Name:        MAS51435
                         Account Domain:        MAS-NOIDA

                     Additional Information:
                         Privileges    -
Source             : Microsoft-Windows-Security-Auditing
ReplacementStrings : {MAS51435, MAS-NOIDA, S-1-5-21-2373504117-2689643630-3100359099-11416,
                     S-1-5-21-2373504117-2689643630-3100359099-2600...}
InstanceId         : 4726
TimeGenerated      : 1/28/2023 5:40:17 AM
TimeWritten        : 1/28/2023 5:40:17 AM
UserName           :
Site               :
Container          :

EventID            : 4726
MachineName        : DC.mas-noida.com
Data               : {}
Index              : 2759031
Category           : (13824)
CategoryNumber     : 13824
EntryType          : SuccessAudit
Message            : A user account was deleted.

                     Subject:
                         Security ID:        S-1-5-21-2373504117-2689643630-3100359099-2600
                         Account Name:        prateeks
                         Account Domain:        MAS-NOIDA
                         Logon ID:        0x7196dc2

                     Target Account:
                         Security ID:        S-1-5-21-2373504117-2689643630-3100359099-10664
                         Account Name:        MAS51517
                         Account Domain:        MAS-NOIDA

                     Additional Information:
                         Privileges    -
Source             : Microsoft-Windows-Security-Auditing
ReplacementStrings : {MAS51517, MAS-NOIDA, S-1-5-21-2373504117-2689643630-3100359099-10664,
                     S-1-5-21-2373504117-2689643630-3100359099-2600...}
InstanceId         : 4726
TimeGenerated      : 1/28/2023 5:39:56 AM
TimeWritten        : 1/28/2023 5:39:56 AM
UserName           :
Site               :
Container          :

EventID            : 4726
MachineName        : DC.mas-noida.com
Data               : {}
Index              : 2758955
Category           : (13824)
CategoryNumber     : 13824
EntryType          : SuccessAudit
Message            : A user account was deleted.

                     Subject:
                         Security ID:        S-1-5-21-2373504117-2689643630-3100359099-2600
                         Account Name:        prateeks
                         Account Domain:        MAS-NOIDA
                         Logon ID:        0x7196dc2

                     Target Account:
                         Security ID:        S-1-5-21-2373504117-2689643630-3100359099-10659
                         Account Name:        MAS51514
                         Account Domain:        MAS-NOIDA

                     Additional Information:
                         Privileges    -
Source             : Microsoft-Windows-Security-Auditing
ReplacementStrings : {MAS51514, MAS-NOIDA, S-1-5-21-2373504117-2689643630-3100359099-10659,
                     S-1-5-21-2373504117-2689643630-3100359099-2600...}
InstanceId         : 4726
TimeGenerated      : 1/28/2023 5:39:29 AM
TimeWritten        : 1/28/2023 5:39:29 AM
UserName           :
Site               :
Container          :

EventID            : 4726
MachineName        : DC.mas-noida.com
Data               : {}
Index              : 2758891
Category           : (13824)
CategoryNumber     : 13824
EntryType          : SuccessAudit
Message            : A user account was deleted.

                     Subject:
                         Security ID:        S-1-5-21-2373504117-2689643630-3100359099-2600
                         Account Name:        prateeks
                         Account Domain:        MAS-NOIDA
                         Logon ID:        0x7196dc2

                     Target Account:
                         Security ID:        S-1-5-21-2373504117-2689643630-3100359099-11345
                         Account Name:        MAS51367
                         Account Domain:        MAS-NOIDA

                     Additional Information:
                         Privileges    -
Source             : Microsoft-Windows-Security-Auditing
ReplacementStrings : {MAS51367, MAS-NOIDA, S-1-5-21-2373504117-2689643630-3100359099-11345,
                     S-1-5-21-2373504117-2689643630-3100359099-2600...}
InstanceId         : 4726
TimeGenerated      : 1/28/2023 5:38:53 AM
TimeWritten        : 1/28/2023 5:38:53 AM
UserName           :
Site               :
Container          :

EventID            : 4726
MachineName        : DC.mas-noida.com
Data               : {}
Index              : 2246769
Category           : (13824)
CategoryNumber     : 13824
EntryType          : SuccessAudit
Message            : A user account was deleted.

                     Subject:
                         Security ID:        S-1-5-21-2373504117-2689643630-3100359099-1499
                         Account Name:        anupk
                         Account Domain:        MAS-NOIDA
                         Logon ID:        0x30c4742

                     Target Account:
                         Security ID:        S-1-5-21-2373504117-2689643630-3100359099-12163
                         Account Name:        MAS51592
                         Account Domain:        MAS-NOIDA

                     Additional Information:
                         Privileges    -
Source             : Microsoft-Windows-Security-Auditing
ReplacementStrings : {MAS51592, MAS-NOIDA, S-1-5-21-2373504117-2689643630-3100359099-12163,
                     S-1-5-21-2373504117-2689643630-3100359099-1499...}
InstanceId         : 4726
TimeGenerated      : 1/25/2023 10:20:00 AM
TimeWritten        : 1/25/2023 10:20:00 AM
UserName           :
Site               :
Container          :

EventID            : 4726
MachineName        : DC.mas-noida.com
Data               : {}
Index              : 2246741
Category           : (13824)
CategoryNumber     : 13824
EntryType          : SuccessAudit
Message            : A user account was deleted.

                     Subject:
                         Security ID:        S-1-5-21-2373504117-2689643630-3100359099-1499
                         Account Name:        anupk
                         Account Domain:        MAS-NOIDA
                         Logon ID:        0x30c4742

                     Target Account:
                         Security ID:        S-1-5-21-2373504117-2689643630-3100359099-12159
                         Account Name:        MAS51604
                         Account Domain:        MAS-NOIDA

                     Additional Information:
                         Privileges    -
Source             : Microsoft-Windows-Security-Auditing
ReplacementStrings : {MAS51604, MAS-NOIDA, S-1-5-21-2373504117-2689643630-3100359099-12159,
                     S-1-5-21-2373504117-2689643630-3100359099-1499...}
InstanceId         : 4726
TimeGenerated      : 1/25/2023 10:19:50 AM
TimeWritten        : 1/25/2023 10:19:50 AM
UserName           :
Site               :
Container          :

EventID            : 4726
MachineName        : DC.mas-noida.com
Data               : {}
Index              : 2021304
Category           : (13824)
CategoryNumber     : 13824
EntryType          : SuccessAudit
Message            : A user account was deleted.

                     Subject:
                         Security ID:        S-1-5-21-2373504117-2689643630-3100359099-2600
                         Account Name:        prateeks
                         Account Domain:        MAS-NOIDA
                         Logon ID:        0x137e542

                     Target Account:
                         Security ID:        S-1-5-21-2373504117-2689643630-3100359099-12186
                         Account Name:        MAS49598
                         Account Domain:        MAS-NOIDA

                     Additional Information:
                         Privileges    -
Source             : Microsoft-Windows-Security-Auditing
ReplacementStrings : {MAS49598, MAS-NOIDA, S-1-5-21-2373504117-2689643630-3100359099-12186,
                     S-1-5-21-2373504117-2689643630-3100359099-2600...}
InstanceId         : 4726
TimeGenerated      : 1/24/2023 5:36:44 AM
TimeWritten        : 1/24/2023 5:36:44 AM
UserName           :
Site               :
Container          :

EventID            : 4726
MachineName        : DC.mas-noida.com
Data               : {}
Index              : 1948543
Category           : (13824)
CategoryNumber     : 13824
EntryType          : SuccessAudit
Message            : A user account was deleted.

                     Subject:
                         Security ID:        S-1-5-21-2373504117-2689643630-3100359099-1483
                         Account Name:        mayank
                         Account Domain:        MAS-NOIDA
                         Logon ID:        0x8a891a

                     Target Account:
                         Security ID:        S-1-5-21-2373504117-2689643630-3100359099-7080
                         Account Name:        MAS49715
                         Account Domain:        MAS-NOIDA

                     Additional Information:
                         Privileges    -
Source             : Microsoft-Windows-Security-Auditing
ReplacementStrings : {MAS49715, MAS-NOIDA, S-1-5-21-2373504117-2689643630-3100359099-7080,
                     S-1-5-21-2373504117-2689643630-3100359099-1483...}
InstanceId         : 4726
TimeGenerated      : 1/23/2023 6:49:18 PM
TimeWritten        : 1/23/2023 6:49:18 PM
UserName           :
Site               :
Container          :

EventID            : 4726
MachineName        : DC.mas-noida.com
Data               : {}
Index              : 1689675
Category           : (13824)
CategoryNumber     : 13824
EntryType          : SuccessAudit
Message            : A user account was deleted.

                     Subject:
                         Security ID:        S-1-5-21-2373504117-2689643630-3100359099-1483
                         Account Name:        mayank
                         Account Domain:        MAS-NOIDA
                         Logon ID:        0x6c21631

                     Target Account:
                         Security ID:        S-1-5-21-2373504117-2689643630-3100359099-10656
                         Account Name:        MAS51511
                         Account Domain:        MAS-NOIDA

                     Additional Information:
                         Privileges    -
Source             : Microsoft-Windows-Security-Auditing
ReplacementStrings : {MAS51511, MAS-NOIDA, S-1-5-21-2373504117-2689643630-3100359099-10656,
                     S-1-5-21-2373504117-2689643630-3100359099-1483...}
InstanceId         : 4726
TimeGenerated      : 1/22/2023 3:30:41 AM
TimeWritten        : 1/22/2023 3:30:41 AM
UserName           :
Site               :
Container          :

EventID            : 4726
MachineName        : DC.mas-noida.com
Data               : {}
Index              : 1689659
Category           : (13824)
CategoryNumber     : 13824
EntryType          : SuccessAudit
Message            : A user account was deleted.

                     Subject:
                         Security ID:        S-1-5-21-2373504117-2689643630-3100359099-1483
                         Account Name:        mayank
                         Account Domain:        MAS-NOIDA
                         Logon ID:        0x6c21631

                     Target Account:
                         Security ID:        S-1-5-21-2373504117-2689643630-3100359099-10655
                         Account Name:        MAS51521
                         Account Domain:        MAS-NOIDA

                     Additional Information:
                         Privileges    -
Source             : Microsoft-Windows-Security-Auditing
ReplacementStrings : {MAS51521, MAS-NOIDA, S-1-5-21-2373504117-2689643630-3100359099-10655,
                     S-1-5-21-2373504117-2689643630-3100359099-1483...}
InstanceId         : 4726
TimeGenerated      : 1/22/2023 3:30:30 AM
TimeWritten        : 1/22/2023 3:30:30 AM
UserName           :
Site               :
Container          :

EventID            : 4726
MachineName        : DC.mas-noida.com
Data               : {}
Index              : 1689650
Category           : (13824)
CategoryNumber     : 13824
EntryType          : SuccessAudit
Message            : A user account was deleted.

                     Subject:
                         Security ID:        S-1-5-21-2373504117-2689643630-3100359099-1483
                         Account Name:        mayank
                         Account Domain:        MAS-NOIDA
                         Logon ID:        0x6c21631

                     Target Account:
                         Security ID:        S-1-5-21-2373504117-2689643630-3100359099-10657
                         Account Name:        MAS51512
                         Account Domain:        MAS-NOIDA

                     Additional Information:
                         Privileges    -
Source             : Microsoft-Windows-Security-Auditing
ReplacementStrings : {MAS51512, MAS-NOIDA, S-1-5-21-2373504117-2689643630-3100359099-10657,
                     S-1-5-21-2373504117-2689643630-3100359099-1483...}
InstanceId         : 4726
TimeGenerated      : 1/22/2023 3:30:21 AM
TimeWritten        : 1/22/2023 3:30:21 AM
UserName           :
Site               :
Container          :

EventID            : 4726
MachineName        : DC.mas-noida.com
Data               : {}
Index              : 1689642
Category           : (13824)
CategoryNumber     : 13824
EntryType          : SuccessAudit
Message            : A user account was deleted.

                     Subject:
                         Security ID:        S-1-5-21-2373504117-2689643630-3100359099-1483
                         Account Name:        mayank
                         Account Domain:        MAS-NOIDA
                         Logon ID:        0x6c21631

                     Target Account:
                         Security ID:        S-1-5-21-2373504117-2689643630-3100359099-10654
                         Account Name:        MAS51510
                         Account Domain:        MAS-NOIDA

                     Additional Information:
                         Privileges    -
Source             : Microsoft-Windows-Security-Auditing
ReplacementStrings : {MAS51510, MAS-NOIDA, S-1-5-21-2373504117-2689643630-3100359099-10654,
                     S-1-5-21-2373504117-2689643630-3100359099-1483...}
InstanceId         : 4726
TimeGenerated      : 1/22/2023 3:30:12 AM
TimeWritten        : 1/22/2023 3:30:12 AM
UserName           :
Site               :
Container          :

EventID            : 4726
MachineName        : DC.mas-noida.com
Data               : {}
Index              : 1689622
Category           : (13824)
CategoryNumber     : 13824
EntryType          : SuccessAudit
Message            : A user account was deleted.

                     Subject:
                         Security ID:        S-1-5-21-2373504117-2689643630-3100359099-1483
                         Account Name:        mayank
                         Account Domain:        MAS-NOIDA
                         Logon ID:        0x6c21631

                     Target Account:
                         Security ID:        S-1-5-21-2373504117-2689643630-3100359099-12118
                         Account Name:        MAS51549
                         Account Domain:        MAS-NOIDA

                     Additional Information:
                         Privileges    -
Source             : Microsoft-Windows-Security-Auditing
ReplacementStrings : {MAS51549, MAS-NOIDA, S-1-5-21-2373504117-2689643630-3100359099-12118,
                     S-1-5-21-2373504117-2689643630-3100359099-1483...}
InstanceId         : 4726
TimeGenerated      : 1/22/2023 3:30:03 AM
TimeWritten        : 1/22/2023 3:30:03 AM
UserName           :
Site               :
Container          :

EventID            : 4726
MachineName        : DC.mas-noida.com
Data               : {}
Index              : 1689611
Category           : (13824)
CategoryNumber     : 13824
EntryType          : SuccessAudit
Message            : A user account was deleted.

                     Subject:
                         Security ID:        S-1-5-21-2373504117-2689643630-3100359099-1483
                         Account Name:        mayank
                         Account Domain:        MAS-NOIDA
                         Logon ID:        0x6c21631

                     Target Account:
                         Security ID:        S-1-5-21-2373504117-2689643630-3100359099-12133
                         Account Name:        MAS51569
                         Account Domain:        MAS-NOIDA

                     Additional Information:
                         Privileges    -
Source             : Microsoft-Windows-Security-Auditing
ReplacementStrings : {MAS51569, MAS-NOIDA, S-1-5-21-2373504117-2689643630-3100359099-12133,
                     S-1-5-21-2373504117-2689643630-3100359099-1483...}
InstanceId         : 4726
TimeGenerated      : 1/22/2023 3:29:54 AM
TimeWritten        : 1/22/2023 3:29:54 AM
UserName           :
Site               :
Container          :

EventID            : 4726
MachineName        : DC.mas-noida.com
Data               : {}
Index              : 1689600
Category           : (13824)
CategoryNumber     : 13824
EntryType          : SuccessAudit
Message            : A user account was deleted.

                     Subject:
                         Security ID:        S-1-5-21-2373504117-2689643630-3100359099-1483
                         Account Name:        mayank
                         Account Domain:        MAS-NOIDA
                         Logon ID:        0x6c21631

                     Target Account:
                         Security ID:        S-1-5-21-2373504117-2689643630-3100359099-11425
                         Account Name:        MAS51459
                         Account Domain:        MAS-NOIDA

                     Additional Information:
                         Privileges    -
Source             : Microsoft-Windows-Security-Auditing
ReplacementStrings : {MAS51459, MAS-NOIDA, S-1-5-21-2373504117-2689643630-3100359099-11425,
                     S-1-5-21-2373504117-2689643630-3100359099-1483...}
InstanceId         : 4726
TimeGenerated      : 1/22/2023 3:29:45 AM
TimeWritten        : 1/22/2023 3:29:45 AM
UserName           :
Site               :
Container          :

EventID            : 4726
MachineName        : DC.mas-noida.com
Data               : {}
Index              : 1689589
Category           : (13824)
CategoryNumber     : 13824
EntryType          : SuccessAudit
Message            : A user account was deleted.

                     Subject:
                         Security ID:        S-1-5-21-2373504117-2689643630-3100359099-1483
                         Account Name:        mayank
                         Account Domain:        MAS-NOIDA
                         Logon ID:        0x6c21631

                     Target Account:
                         Security ID:        S-1-5-21-2373504117-2689643630-3100359099-11421
                         Account Name:        MAS51427
                         Account Domain:        MAS-NOIDA

                     Additional Information:
                         Privileges    -
Source             : Microsoft-Windows-Security-Auditing
ReplacementStrings : {MAS51427, MAS-NOIDA, S-1-5-21-2373504117-2689643630-3100359099-11421,
                     S-1-5-21-2373504117-2689643630-3100359099-1483...}
InstanceId         : 4726
TimeGenerated      : 1/22/2023 3:29:35 AM
TimeWritten        : 1/22/2023 3:29:35 AM
UserName           :
Site               :
Container          :

EventID            : 4726
MachineName        : DC.mas-noida.com
Data               : {}
Index              : 1689568
Category           : (13824)
CategoryNumber     : 13824
EntryType          : SuccessAudit
Message            : A user account was deleted.

                     Subject:
                         Security ID:        S-1-5-21-2373504117-2689643630-3100359099-1483
                         Account Name:        mayank
                         Account Domain:        MAS-NOIDA
                         Logon ID:        0x6c21631

                     Target Account:
                         Security ID:        S-1-5-21-2373504117-2689643630-3100359099-11417
                         Account Name:        MAS51431
                         Account Domain:        MAS-NOIDA

                     Additional Information:
                         Privileges    -
Source             : Microsoft-Windows-Security-Auditing
ReplacementStrings : {MAS51431, MAS-NOIDA, S-1-5-21-2373504117-2689643630-3100359099-11417,
                     S-1-5-21-2373504117-2689643630-3100359099-1483...}
InstanceId         : 4726
TimeGenerated      : 1/22/2023 3:29:24 AM
TimeWritten        : 1/22/2023 3:29:24 AM
UserName           :
Site               :
Container          :

EventID            : 4726
MachineName        : DC.mas-noida.com
Data               : {}
Index              : 1227361
Category           : (13824)
CategoryNumber     : 13824
EntryType          : SuccessAudit
Message            : A user account was deleted.

                     Subject:
                         Security ID:        S-1-5-21-2373504117-2689643630-3100359099-1499
                         Account Name:        anupk
                         Account Domain:        MAS-NOIDA
                         Logon ID:        0x96f004

                     Target Account:
                         Security ID:        S-1-5-21-2373504117-2689643630-3100359099-12168
                         Account Name:        MAS51593
                         Account Domain:        MAS-NOIDA

                     Additional Information:
                         Privileges    -
Source             : Microsoft-Windows-Security-Auditing
ReplacementStrings : {MAS51593, MAS-NOIDA, S-1-5-21-2373504117-2689643630-3100359099-12168,
                     S-1-5-21-2373504117-2689643630-3100359099-1499...}
InstanceId         : 4726
TimeGenerated      : 1/19/2023 2:00:36 PM
TimeWritten        : 1/19/2023 2:00:36 PM
UserName           :
Site               :
Container          :

EventID            : 4726
MachineName        : DC.mas-noida.com
Data               : {}
Index              : 1226086
Category           : (13824)
CategoryNumber     : 13824
EntryType          : SuccessAudit
Message            : A user account was deleted.

                     Subject:
                         Security ID:        S-1-5-21-2373504117-2689643630-3100359099-1499
                         Account Name:        anupk
                         Account Domain:        MAS-NOIDA
                         Logon ID:        0x96f004

                     Target Account:
                         Security ID:        S-1-5-21-2373504117-2689643630-3100359099-12161
                         Account Name:        MAS51602
                         Account Domain:        MAS-NOIDA

                     Additional Information:
                         Privileges    -
Source             : Microsoft-Windows-Security-Auditing
ReplacementStrings : {MAS51602, MAS-NOIDA, S-1-5-21-2373504117-2689643630-3100359099-12161,
                     S-1-5-21-2373504117-2689643630-3100359099-1499...}
InstanceId         : 4726
TimeGenerated      : 1/19/2023 1:53:38 PM
TimeWritten        : 1/19/2023 1:53:38 PM
UserName           :
Site               :
Container          :

EventID            : 4726
MachineName        : DC.mas-noida.com
Data               : {}
Index              : 334284
Category           : (13824)
CategoryNumber     : 13824
EntryType          : SuccessAudit
Message            : A user account was deleted.

                     Subject:
                         Security ID:        S-1-5-21-2373504117-2689643630-3100359099-1499
                         Account Name:        anupk
                         Account Domain:        MAS-NOIDA
                         Logon ID:        0x365748

                     Target Account:
                         Security ID:        S-1-5-21-2373504117-2689643630-3100359099-12120
                         Account Name:        MAS51551
                         Account Domain:        MAS-NOIDA

                     Additional Information:
                         Privileges    -
Source             : Microsoft-Windows-Security-Auditing
ReplacementStrings : {MAS51551, MAS-NOIDA, S-1-5-21-2373504117-2689643630-3100359099-12120,
                     S-1-5-21-2373504117-2689643630-3100359099-1499...}
InstanceId         : 4726
TimeGenerated      : 1/13/2023 7:11:12 PM
TimeWritten        : 1/13/2023 7:11:12 PM
UserName           :
Site               :
Container          :

EventID            : 4726
MachineName        : DC.mas-noida.com
Data               : {}
Index              : 215868
Category           : (13824)
CategoryNumber     : 13824
EntryType          : SuccessAudit
Message            : A user account was deleted.

                     Subject:
                         Security ID:        S-1-5-21-2373504117-2689643630-3100359099-1483
                         Account Name:        mayank
                         Account Domain:        MAS-NOIDA
                         Logon ID:        0x178a3e8

                     Target Account:
                         Security ID:        S-1-5-21-2373504117-2689643630-3100359099-6244
                         Account Name:        MAS49450
                         Account Domain:        MAS-NOIDA

                     Additional Information:
                         Privileges    -
Source             : Microsoft-Windows-Security-Auditing
ReplacementStrings : {MAS49450, MAS-NOIDA, S-1-5-21-2373504117-2689643630-3100359099-6244,
                     S-1-5-21-2373504117-2689643630-3100359099-1483...}
InstanceId         : 4726
TimeGenerated      : 1/13/2023 12:20:04 AM
TimeWritten        : 1/13/2023 12:20:04 AM
UserName           :
Site               :
Container          :

EventID            : 4726
MachineName        : DC.mas-noida.com
Data               : {}
Index              : 215849
Category           : (13824)
CategoryNumber     : 13824
EntryType          : SuccessAudit
Message            : A user account was deleted.

                     Subject:
                         Security ID:        S-1-5-21-2373504117-2689643630-3100359099-1483
                         Account Name:        mayank
                         Account Domain:        MAS-NOIDA
                         Logon ID:        0x178a3e8

                     Target Account:
                         Security ID:        S-1-5-21-2373504117-2689643630-3100359099-11119
                         Account Name:        MAS51084
                         Account Domain:        MAS-NOIDA

                     Additional Information:
                         Privileges    -
Source             : Microsoft-Windows-Security-Auditing
ReplacementStrings : {MAS51084, MAS-NOIDA, S-1-5-21-2373504117-2689643630-3100359099-11119,
                     S-1-5-21-2373504117-2689643630-3100359099-1483...}
InstanceId         : 4726
TimeGenerated      : 1/13/2023 12:19:50 AM
TimeWritten        : 1/13/2023 12:19:50 AM
UserName           :
Site               :
Container          :

EventID            : 4726
MachineName        : DC.mas-noida.com
Data               : {}
Index              : 215811
Category           : (13824)
CategoryNumber     : 13824
EntryType          : SuccessAudit
Message            : A user account was deleted.

                     Subject:
                         Security ID:        S-1-5-21-2373504117-2689643630-3100359099-1483
                         Account Name:        mayank
                         Account Domain:        MAS-NOIDA
                         Logon ID:        0x178a3e8

                     Target Account:
                         Security ID:        S-1-5-21-2373504117-2689643630-3100359099-6470
                         Account Name:        MAS49579
                         Account Domain:        MAS-NOIDA

                     Additional Information:
                         Privileges    -
Source             : Microsoft-Windows-Security-Auditing
ReplacementStrings : {MAS49579, MAS-NOIDA, S-1-5-21-2373504117-2689643630-3100359099-6470,
                     S-1-5-21-2373504117-2689643630-3100359099-1483...}
InstanceId         : 4726
TimeGenerated      : 1/13/2023 12:19:16 AM
TimeWritten        : 1/13/2023 12:19:16 AM
UserName           :
Site               :
Container          :

EventID            : 4726
MachineName        : DC.mas-noida.com
Data               : {}
Index              : 124381
Category           : (13824)
CategoryNumber     : 13824
EntryType          : SuccessAudit
Message            : A user account was deleted.

                     Subject:
                         Security ID:        S-1-5-21-2373504117-2689643630-3100359099-1499
                         Account Name:        anupk
                         Account Domain:        MAS-NOIDA
                         Logon ID:        0x2c8632

                     Target Account:
                         Security ID:        S-1-5-21-2373504117-2689643630-3100359099-5793
                         Account Name:        MAS46974
                         Account Domain:        MAS-NOIDA

                     Additional Information:
                         Privileges    -
Source             : Microsoft-Windows-Security-Auditing
ReplacementStrings : {MAS46974, MAS-NOIDA, S-1-5-21-2373504117-2689643630-3100359099-5793,
                     S-1-5-21-2373504117-2689643630-3100359099-1499...}
InstanceId         : 4726
TimeGenerated      : 1/12/2023 11:18:16 AM
TimeWritten        : 1/12/2023 11:18:16 AM
UserName           :
Site               :
Container          :

EventID            : 4726
MachineName        : DC.mas-noida.com
Data               : {}
Index              : 97103
Category           : (13824)
CategoryNumber     : 13824
EntryType          : SuccessAudit
Message            : A user account was deleted.

                     Subject:
                         Security ID:        S-1-5-21-2373504117-2689643630-3100359099-1499
                         Account Name:        anupk
                         Account Domain:        MAS-NOIDA
                         Logon ID:        0x2c8632

                     Target Account:
                         Security ID:        S-1-5-21-2373504117-2689643630-3100359099-1502
                         Account Name:        mohit
                         Account Domain:        MAS-NOIDA

                     Additional Information:
                         Privileges    -
Source             : Microsoft-Windows-Security-Auditing
ReplacementStrings : {mohit, MAS-NOIDA, S-1-5-21-2373504117-2689643630-3100359099-1502,
                     S-1-5-21-2373504117-2689643630-3100359099-1499...}
InstanceId         : 4726
TimeGenerated      : 1/12/2023 6:46:23 AM
TimeWritten        : 1/12/2023 6:46:23 AM
UserName           :
Site               :
Container          :

EventID            : 4726
MachineName        : DC.mas-noida.com
Data               : {}
Index              : 97060
Category           : (13824)
CategoryNumber     : 13824
EntryType          : SuccessAudit
Message            : A user account was deleted.

                     Subject:
                         Security ID:        S-1-5-21-2373504117-2689643630-3100359099-1499
                         Account Name:        anupk
                         Account Domain:        MAS-NOIDA
                         Logon ID:        0x2c8632

                     Target Account:
                         Security ID:        S-1-5-21-2373504117-2689643630-3100359099-7854
                         Account Name:        MAS4986
                         Account Domain:        MAS-NOIDA

                     Additional Information:
                         Privileges    -
Source             : Microsoft-Windows-Security-Auditing
ReplacementStrings : {MAS4986, MAS-NOIDA, S-1-5-21-2373504117-2689643630-3100359099-7854,
                     S-1-5-21-2373504117-2689643630-3100359099-1499...}
InstanceId         : 4726
TimeGenerated      : 1/12/2023 6:45:22 AM
TimeWritten        : 1/12/2023 6:45:22 AM
UserName           :
Site               :
Container          :

EventID            : 4726
MachineName        : DC.mas-noida.com
Data               : {}
Index              : 78761
Category           : (13824)
CategoryNumber     : 13824
EntryType          : SuccessAudit
Message            : A user account was deleted.

                     Subject:
                         Security ID:        S-1-5-21-2373504117-2689643630-3100359099-1483
                         Account Name:        mayank
                         Account Domain:        MAS-NOIDA
                         Logon ID:        0x2eeb2fb

                     Target Account:
                         Security ID:        S-1-5-21-2373504117-2689643630-3100359099-1401
                         Account Name:        Shashank
                         Account Domain:        MAS-NOIDA

                     Additional Information:
                         Privileges    -
Source             : Microsoft-Windows-Security-Auditing
ReplacementStrings : {Shashank, MAS-NOIDA, S-1-5-21-2373504117-2689643630-3100359099-1401,
                     S-1-5-21-2373504117-2689643630-3100359099-1483...}
InstanceId         : 4726
TimeGenerated      : 1/12/2023 1:51:16 AM
TimeWritten        : 1/12/2023 1:51:16 AM
UserName           :
Site               :
Container          :

EventID            : 4726
MachineName        : DC.mas-noida.com
Data               : {}
Index              : 78751
Category           : (13824)
CategoryNumber     : 13824
EntryType          : SuccessAudit
Message            : A user account was deleted.

                     Subject:
                         Security ID:        S-1-5-21-2373504117-2689643630-3100359099-1483
                         Account Name:        mayank
                         Account Domain:        MAS-NOIDA
                         Logon ID:        0x2eeb2fb

                     Target Account:
                         Security ID:        S-1-5-21-2373504117-2689643630-3100359099-5246
                         Account Name:        shashankt
                         Account Domain:        MAS-NOIDA

                     Additional Information:
                         Privileges    -
Source             : Microsoft-Windows-Security-Auditing
ReplacementStrings : {shashankt, MAS-NOIDA, S-1-5-21-2373504117-2689643630-3100359099-5246,
                     S-1-5-21-2373504117-2689643630-3100359099-1483...}
InstanceId         : 4726
TimeGenerated      : 1/12/2023 1:51:09 AM
TimeWritten        : 1/12/2023 1:51:09 AM
UserName           :
Site               :
Container          :

EventID            : 4726
MachineName        : DC.mas-noida.com
Data               : {}
Index              : 78702
Category           : (13824)
CategoryNumber     : 13824
EntryType          : SuccessAudit
Message            : A user account was deleted.

                     Subject:
                         Security ID:        S-1-5-21-2373504117-2689643630-3100359099-1483
                         Account Name:        mayank
                         Account Domain:        MAS-NOIDA
                         Logon ID:        0x2eeb2fb

                     Target Account:
                         Security ID:        S-1-5-21-2373504117-2689643630-3100359099-7548
                         Account Name:        MAS51196
                         Account Domain:        MAS-NOIDA

                     Additional Information:
                         Privileges    -
