EventID            : 4726
MachineName        : DC.mas-noida.com
Data               : {}
Index              : 8386657
Category           : (13824)
CategoryNumber     : 13824
EntryType          : SuccessAudit
Message            : A user account was deleted.

                     Subject:
                        Security ID:            S-1-5-21-2373504117-2689643630-3100359099-1483
                        Account Name:           mayank
                        Account Domain:         MAS-NOIDA
                        Logon ID:               0x14fcdbe8f

                     Target Account:
                        Security ID:            S-1-5-21-2373504117-2689643630-3100359099-16835
                        Account Name:           MAS54106
                        Account Domain:         MAS-NOIDA

                     Additional Information:
                        Privileges      -
Source             : Microsoft-Windows-Security-Auditing
ReplacementStrings : {MAS54106, MAS-NOIDA, S-1-5-21-2373504117-2689643630-3100359099-16835,
                     S-1-5-21-2373504117-2689643630-3100359099-1483...}
InstanceId         : 4726
TimeGenerated      : 10/25/2023 9:16:34 PM
TimeWritten        : 10/25/2023 9:16:34 PM
UserName           :
Site               :
Container          :

EventID            : 4726
MachineName        : DC.mas-noida.com
Data               : {}
Index              : 8386589
Category           : (13824)
CategoryNumber     : 13824
EntryType          : SuccessAudit
Message            : A user account was deleted.

                     Subject:
                        Security ID:            S-1-5-21-2373504117-2689643630-3100359099-1483
                        Account Name:           mayank
                        Account Domain:         MAS-NOIDA
                        Logon ID:               0x14fcdbe8f

                     Target Account:
                        Security ID:            S-1-5-21-2373504117-2689643630-3100359099-16833
                        Account Name:           MAS54104
                        Account Domain:         MAS-NOIDA

                     Additional Information:
                        Privileges      -
Source             : Microsoft-Windows-Security-Auditing
ReplacementStrings : {MAS54104, MAS-NOIDA, S-1-5-21-2373504117-2689643630-3100359099-16833,
                     S-1-5-21-2373504117-2689643630-3100359099-1483...}
InstanceId         : 4726
TimeGenerated      : 10/25/2023 9:16:20 PM
TimeWritten        : 10/25/2023 9:16:20 PM
UserName           :
Site               :
Container          :

EventID            : 4726
MachineName        : DC.mas-noida.com
Data               : {}
Index              : 8386515
Category           : (13824)
CategoryNumber     : 13824
EntryType          : SuccessAudit
Message            : A user account was deleted.

                     Subject:
                        Security ID:            S-1-5-21-2373504117-2689643630-3100359099-1483
                        Account Name:           mayank
                        Account Domain:         MAS-NOIDA
                        Logon ID:               0x14fcdbe8f

                     Target Account:
                        Security ID:            S-1-5-21-2373504117-2689643630-3100359099-16837
                        Account Name:           MAS54108
                        Account Domain:         MAS-NOIDA

                     Additional Information:
                        Privileges      -
Source             : Microsoft-Windows-Security-Auditing
ReplacementStrings : {MAS54108, MAS-NOIDA, S-1-5-21-2373504117-2689643630-3100359099-16837,
                     S-1-5-21-2373504117-2689643630-3100359099-1483...}
InstanceId         : 4726
TimeGenerated      : 10/25/2023 9:16:02 PM
TimeWritten        : 10/25/2023 9:16:02 PM
UserName           :
Site               :
Container          :

EventID            : 4726
MachineName        : DC.mas-noida.com
Data               : {}
Index              : 8386411
Category           : (13824)
CategoryNumber     : 13824
EntryType          : SuccessAudit
Message            : A user account was deleted.

                     Subject:
                        Security ID:            S-1-5-21-2373504117-2689643630-3100359099-1483
                        Account Name:           mayank
                        Account Domain:         MAS-NOIDA
                        Logon ID:               0x14fcdbe8f

                     Target Account:
                        Security ID:            S-1-5-21-2373504117-2689643630-3100359099-14000
                        Account Name:           MAS54115
                        Account Domain:         MAS-NOIDA

                     Additional Information:
                        Privileges      -
Source             : Microsoft-Windows-Security-Auditing
ReplacementStrings : {MAS54115, MAS-NOIDA, S-1-5-21-2373504117-2689643630-3100359099-14000,
                     S-1-5-21-2373504117-2689643630-3100359099-1483...}
InstanceId         : 4726
TimeGenerated      : 10/25/2023 9:15:42 PM
TimeWritten        : 10/25/2023 9:15:42 PM
UserName           :
Site               :
Container          :