

                     Additional Information:
                         Privileges    -
Source             : Microsoft-Windows-Security-Auditing
ReplacementStrings : {MAS51688, MAS-NOIDA, S-1-5-21-2373504117-2689643630-3100359099-12262,
                     S-1-5-21-2373504117-2689643630-3100359099-1499...}
InstanceId         : 4726
TimeGenerated      : 1/31/2023 4:50:33 PM
TimeWritten        : 1/31/2023 4:50:33 PM
UserName           :
Site               :
Container          :

EventID            : 4726
MachineName        : DC.mas-noida.com
Data               : {}
Index              : 3392863
Category           : (13824)
CategoryNumber     : 13824
EntryType          : SuccessAudit
Message            : A user account was deleted.

                     Subject:
                         Security ID:        S-1-5-21-2373504117-2689643630-3100359099-1499
                         Account Name:        anupk
                         Account Domain:        MAS-NOIDA
                         Logon ID:        0x1e8f19

                     Target Account:
                         Security ID:        S-1-5-21-2373504117-2689643630-3100359099-3823
                         Account Name:        NOI2145
                         Account Domain:        MAS-NOIDA

                     Additional Information:
                         Privileges    -
Source             : Microsoft-Windows-Security-Auditing
ReplacementStrings : {NOI2145, MAS-NOIDA, S-1-5-21-2373504117-2689643630-3100359099-3823,
                     S-1-5-21-2373504117-2689643630-3100359099-1499...}
InstanceId         : 4726
TimeGenerated      : 1/31/2023 2:41:19 PM
TimeWritten        : 1/31/2023 2:41:19 PM
UserName           :
Site               :
Container          :

EventID            : 4726
MachineName        : DC.mas-noida.com
Data               : {}
Index              : 3392841
Category           : (13824)
CategoryNumber     : 13824
EntryType          : SuccessAudit
Message            : A user account was deleted.

                     Subject:
                         Security ID:        S-1-5-21-2373504117-2689643630-3100359099-1499
                         Account Name:        anupk
                         Account Domain:        MAS-NOIDA
                         Logon ID:        0x1e8f19

                     Target Account:
                         Security ID:        S-1-5-21-2373504117-2689643630-3100359099-6893
                         Account Name:        NOI2349
                         Account Domain:        MAS-NOIDA

                     Additional Information:
                         Privileges    -
Source             : Microsoft-Windows-Security-Auditing
ReplacementStrings : {NOI2349, MAS-NOIDA, S-1-5-21-2373504117-2689643630-3100359099-6893,
                     S-1-5-21-2373504117-2689643630-3100359099-1499...}
InstanceId         : 4726
TimeGenerated      : 1/31/2023 2:41:11 PM
TimeWritten        : 1/31/2023 2:41:11 PM
UserName           :
Site               :
Container          :

EventID            : 4726
MachineName        : DC.mas-noida.com
Data               : {}
Index              : 3392809
Category           : (13824)
CategoryNumber     : 13824
EntryType          : SuccessAudit
Message            : A user account was deleted.

                     Subject:
                         Security ID:        S-1-5-21-2373504117-2689643630-3100359099-1499
                         Account Name:        anupk
                         Account Domain:        MAS-NOIDA
                         Logon ID:        0x1e8f19

                     Target Account:
                         Security ID:        S-1-5-21-2373504117-2689643630-3100359099-7670
                         Account Name:        NOI2430
                         Account Domain:        MAS-NOIDA

                     Additional Information:
                         Privileges    -
Source             : Microsoft-Windows-Security-Auditing
ReplacementStrings : {NOI2430, MAS-NOIDA, S-1-5-21-2373504117-2689643630-3100359099-7670,
                     S-1-5-21-2373504117-2689643630-3100359099-1499...}
InstanceId         : 4726
TimeGenerated      : 1/31/2023 2:41:03 PM
TimeWritten        : 1/31/2023 2:41:03 PM
UserName           :
Site               :
Container          :

EventID            : 4726
MachineName        : DC.mas-noida.com
Data               : {}
Index              : 3392786
Category           : (13824)
CategoryNumber     : 13824
EntryType          : SuccessAudit
Message            : A user account was deleted.

                     Subject:
                         Security ID:        S-1-5-21-2373504117-2689643630-3100359099-1499
                         Account Name:        anupk
                         Account Domain:        MAS-NOIDA
                         Logon ID:        0x1e8f19

                     Target Account:
                         Security ID:        S-1-5-21-2373504117-2689643630-3100359099-11354
                         Account Name:        MAS51373
                         Account Domain:        MAS-NOIDA

                     Additional Information:
                         Privileges    -
Source             : Microsoft-Windows-Security-Auditing
ReplacementStrings : {MAS51373, MAS-NOIDA, S-1-5-21-2373504117-2689643630-3100359099-11354,
                     S-1-5-21-2373504117-2689643630-3100359099-1499...}
InstanceId         : 4726
TimeGenerated      : 1/31/2023 2:40:53 PM
TimeWritten        : 1/31/2023 2:40:53 PM
UserName           :
Site               :
Container          :

EventID            : 4726
MachineName        : DC.mas-noida.com
Data               : {}
Index              : 3392761
Category           : (13824)
CategoryNumber     : 13824
EntryType          : SuccessAudit
Message            : A user account was deleted.

                     Subject:
                         Security ID:        S-1-5-21-2373504117-2689643630-3100359099-1499
                         Account Name:        anupk
                         Account Domain:        MAS-NOIDA
                         Logon ID:        0x1e8f19

                     Target Account:
                         Security ID:        S-1-5-21-2373504117-2689643630-3100359099-10158
                         Account Name:        MAS50521
                         Account Domain:        MAS-NOIDA

                     Additional Information:
                         Privileges    -
Source             : Microsoft-Windows-Security-Auditing
ReplacementStrings : {MAS50521, MAS-NOIDA, S-1-5-21-2373504117-2689643630-3100359099-10158,
                     S-1-5-21-2373504117-2689643630-3100359099-1499...}
InstanceId         : 4726
TimeGenerated      : 1/31/2023 2:40:41 PM
TimeWritten        : 1/31/2023 2:40:41 PM
UserName           :
Site               :
Container          :

EventID            : 4726
MachineName        : DC.mas-noida.com
Data               : {}
Index              : 3392732
Category           : (13824)
CategoryNumber     : 13824
EntryType          : SuccessAudit
Message            : A user account was deleted.

                     Subject:
                         Security ID:        S-1-5-21-2373504117-2689643630-3100359099-1499
                         Account Name:        anupk
                         Account Domain:        MAS-NOIDA
                         Logon ID:        0x1e8f19

                     Target Account:
                         Security ID:        S-1-5-21-2373504117-2689643630-3100359099-10672
                         Account Name:        MAS51529
                         Account Domain:        MAS-NOIDA

                     Additional Information:
                         Privileges    -
Source             : Microsoft-Windows-Security-Auditing
ReplacementStrings : {MAS51529, MAS-NOIDA, S-1-5-21-2373504117-2689643630-3100359099-10672,
                     S-1-5-21-2373504117-2689643630-3100359099-1499...}
InstanceId         : 4726
TimeGenerated      : 1/31/2023 2:40:30 PM
TimeWritten        : 1/31/2023 2:40:30 PM
UserName           :
Site               :
Container          :

EventID            : 4726
MachineName        : DC.mas-noida.com
Data               : {}
Index              : 3392640
Category           : (13824)
CategoryNumber     : 13824
EntryType          : SuccessAudit
Message            : A user account was deleted.

                     Subject:
                         Security ID:        S-1-5-21-2373504117-2689643630-3100359099-1499
                         Account Name:        anupk
                         Account Domain:        MAS-NOIDA
                         Logon ID:        0x1e8f19

                     Target Account:
                         Security ID:        S-1-5-21-2373504117-2689643630-3100359099-4774
                         Account Name:        NOI2203
                         Account Domain:        MAS-NOIDA

                     Additional Information:
                         Privileges    -
Source             : Microsoft-Windows-Security-Auditing
ReplacementStrings : {NOI2203, MAS-NOIDA, S-1-5-21-2373504117-2689643630-3100359099-4774,
                     S-1-5-21-2373504117-2689643630-3100359099-1499...}
InstanceId         : 4726
TimeGenerated      : 1/31/2023 2:39:52 PM
TimeWritten        : 1/31/2023 2:39:52 PM
UserName           :
Site               :
Container          :

EventID            : 4726
MachineName        : DC.mas-noida.com
Data               : {}
Index              : 3392617
Category           : (13824)
CategoryNumber     : 13824
EntryType          : SuccessAudit
Message            : A user account was deleted.

                     Subject:
                         Security ID:        S-1-5-21-2373504117-2689643630-3100359099-1499
                         Account Name:        anupk
                         Account Domain:        MAS-NOIDA
                         Logon ID:        0x1e8f19

                     Target Account:
                         Security ID:        S-1-5-21-2373504117-2689643630-3100359099-10588
                         Account Name:        MAS51054
                         Account Domain:        MAS-NOIDA

                     Additional Information:
                         Privileges    -
Source             : Microsoft-Windows-Security-Auditing
ReplacementStrings : {MAS51054, MAS-NOIDA, S-1-5-21-2373504117-2689643630-3100359099-10588,
                     S-1-5-21-2373504117-2689643630-3100359099-1499...}
InstanceId         : 4726
TimeGenerated      : 1/31/2023 2:39:48 PM
TimeWritten        : 1/31/2023 2:39:48 PM
UserName           :
Site               :
Container          :

EventID            : 4726
MachineName        : DC.mas-noida.com
Data               : {}
Index              : 3392566
Category           : (13824)
CategoryNumber     : 13824
EntryType          : SuccessAudit
Message            : A user account was deleted.

                     Subject:
                         Security ID:        S-1-5-21-2373504117-2689643630-3100359099-1499
                         Account Name:        anupk
                         Account Domain:        MAS-NOIDA
                         Logon ID:        0x1e8f19

                     Target Account:
                         Security ID:        S-1-5-21-2373504117-2689643630-3100359099-6896
                         Account Name:        NOI2352
                         Account Domain:        MAS-NOIDA

                     Additional Information:
                         Privileges    -
Source             : Microsoft-Windows-Security-Auditing
ReplacementStrings : {NOI2352, MAS-NOIDA, S-1-5-21-2373504117-2689643630-3100359099-6896,
                     S-1-5-21-2373504117-2689643630-3100359099-1499...}
InstanceId         : 4726
TimeGenerated      : 1/31/2023 2:39:28 PM
TimeWritten        : 1/31/2023 2:39:28 PM
UserName           :
Site               :
Container          :

EventID            : 4726
MachineName        : DC.mas-noida.com
Data               : {}
Index              : 3392521
Category           : (13824)
CategoryNumber     : 13824
EntryType          : SuccessAudit
Message            : A user account was deleted.

                     Subject:
                         Security ID:        S-1-5-21-2373504117-2689643630-3100359099-1499
                         Account Name:        anupk
                         Account Domain:        MAS-NOIDA
                         Logon ID:        0x1e8f19

                     Target Account:
                         Security ID:        S-1-5-21-2373504117-2689643630-3100359099-7671
                         Account Name:        NOI2431
                         Account Domain:        MAS-NOIDA

                     Additional Information:
                         Privileges    -
Source             : Microsoft-Windows-Security-Auditing
ReplacementStrings : {NOI2431, MAS-NOIDA, S-1-5-21-2373504117-2689643630-3100359099-7671,
                     S-1-5-21-2373504117-2689643630-3100359099-1499...}
InstanceId         : 4726
TimeGenerated      : 1/31/2023 2:39:06 PM
TimeWritten        : 1/31/2023 2:39:06 PM
UserName           :
Site               :
Container          :

EventID            : 4726
MachineName        : DC.mas-noida.com
Data               : {}
Index              : 3392424
Category           : (13824)
CategoryNumber     : 13824
EntryType          : SuccessAudit
Message            : A user account was deleted.

                     Subject:
                         Security ID:        S-1-5-21-2373504117-2689643630-3100359099-1499
                         Account Name:        anupk
                         Account Domain:        MAS-NOIDA
                         Logon ID:        0x1e8f19

                     Target Account:
                         Security ID:        S-1-5-21-2373504117-2689643630-3100359099-6708
                         Account Name:        MAS49771
                         Account Domain:        MAS-NOIDA

                     Additional Information:
                         Privileges    -
Source             : Microsoft-Windows-Security-Auditing
ReplacementStrings : {MAS49771, MAS-NOIDA, S-1-5-21-2373504117-2689643630-3100359099-6708,
                     S-1-5-21-2373504117-2689643630-3100359099-1499...}
InstanceId         : 4726
TimeGenerated      : 1/31/2023 2:38:40 PM
TimeWritten        : 1/31/2023 2:38:40 PM
UserName           :
Site               :
Container          :

EventID            : 4726
MachineName        : DC.mas-noida.com
Data               : {}
Index              : 3392394
Category           : (13824)
CategoryNumber     : 13824
EntryType          : SuccessAudit
Message            : A user account was deleted.

                     Subject:
                         Security ID:        S-1-5-21-2373504117-2689643630-3100359099-1499
                         Account Name:        anupk
                         Account Domain:        MAS-NOIDA
                         Logon ID:        0x1e8f19

                     Target Account:
                         Security ID:        S-1-5-21-2373504117-2689643630-3100359099-7672
                         Account Name:        NOI2432
                         Account Domain:        MAS-NOIDA

                     Additional Information:
                         Privileges    -
Source             : Microsoft-Windows-Security-Auditing
ReplacementStrings : {NOI2432, MAS-NOIDA, S-1-5-21-2373504117-2689643630-3100359099-7672,
                     S-1-5-21-2373504117-2689643630-3100359099-1499...}
InstanceId         : 4726
TimeGenerated      : 1/31/2023 2:38:30 PM
TimeWritten        : 1/31/2023 2:38:30 PM
UserName           :
Site               :
Container          :

EventID            : 4726
MachineName        : DC.mas-noida.com
Data               : {}
Index              : 3392331
Category           : (13824)
CategoryNumber     : 13824
EntryType          : SuccessAudit
Message            : A user account was deleted.

                     Subject:
                         Security ID:        S-1-5-21-2373504117-2689643630-3100359099-1499
                         Account Name:        anupk
                         Account Domain:        MAS-NOIDA
                         Logon ID:        0x1e8f19

                     Target Account:
                         Security ID:        S-1-5-21-2373504117-2689643630-3100359099-7669
                         Account Name:        NOI2433
                         Account Domain:        MAS-NOIDA

                     Additional Information:
                         Privileges    -
Source             : Microsoft-Windows-Security-Auditing
ReplacementStrings : {NOI2433, MAS-NOIDA, S-1-5-21-2373504117-2689643630-3100359099-7669,
                     S-1-5-21-2373504117-2689643630-3100359099-1499...}
InstanceId         : 4726
TimeGenerated      : 1/31/2023 2:38:18 PM
TimeWritten        : 1/31/2023 2:38:18 PM
UserName           :
Site               :
Container          :

EventID            : 4726
MachineName        : DC.mas-noida.com
Data               : {}
Index              : 3392314
Category           : (13824)
CategoryNumber     : 13824
EntryType          : SuccessAudit
Message            : A user account was deleted.

                     Subject:
                         Security ID:        S-1-5-21-2373504117-2689643630-3100359099-1499
                         Account Name:        anupk
                         Account Domain:        MAS-NOIDA
                         Logon ID:        0x1e8f19

                     Target Account:
                         Security ID:        S-1-5-21-2373504117-2689643630-3100359099-5522
                         Account Name:        NOI2358
                         Account Domain:        MAS-NOIDA

                     Additional Information:
                         Privileges    -
Source             : Microsoft-Windows-Security-Auditing
ReplacementStrings : {NOI2358, MAS-NOIDA, S-1-5-21-2373504117-2689643630-3100359099-5522,
                     S-1-5-21-2373504117-2689643630-3100359099-1499...}
InstanceId         : 4726
TimeGenerated      : 1/31/2023 2:38:10 PM
TimeWritten        : 1/31/2023 2:38:10 PM
UserName           :
Site               :
Container          :

EventID            : 4726
MachineName        : DC.mas-noida.com
Data               : {}
Index              : 3392283
Category           : (13824)
CategoryNumber     : 13824
EntryType          : SuccessAudit
Message            : A user account was deleted.

                     Subject:
                         Security ID:        S-1-5-21-2373504117-2689643630-3100359099-1499
                         Account Name:        anupk
                         Account Domain:        MAS-NOIDA
                         Logon ID:        0x1e8f19

                     Target Account:
                         Security ID:        S-1-5-21-2373504117-2689643630-3100359099-8094
                         Account Name:        MAS50509
                         Account Domain:        MAS-NOIDA

                     Additional Information:
                         Privileges    -
Source             : Microsoft-Windows-Security-Auditing
ReplacementStrings : {MAS50509, MAS-NOIDA, S-1-5-21-2373504117-2689643630-3100359099-8094,
                     S-1-5-21-2373504117-2689643630-3100359099-1499...}
InstanceId         : 4726
TimeGenerated      : 1/31/2023 2:38:01 PM
TimeWritten        : 1/31/2023 2:38:01 PM
UserName           :
Site               :
Container          :

EventID            : 4726
MachineName        : DC.mas-noida.com
Data               : {}
Index              : 3391221
Category           : (13824)
CategoryNumber     : 13824
EntryType          : SuccessAudit
Message            : A user account was deleted.

                     Subject:
                         Security ID:        S-1-5-21-2373504117-2689643630-3100359099-1499
                         Account Name:        anupk
                         Account Domain:        MAS-NOIDA
                         Logon ID:        0x1e8f19

                     Target Account:
                         Security ID:        S-1-5-21-2373504117-2689643630-3100359099-10593
                         Account Name:        MAS51059
                         Account Domain:        MAS-NOIDA

                     Additional Information:
                         Privileges    -
Source             : Microsoft-Windows-Security-Auditing
ReplacementStrings : {MAS51059, MAS-NOIDA, S-1-5-21-2373504117-2689643630-3100359099-10593,
                     S-1-5-21-2373504117-2689643630-3100359099-1499...}
InstanceId         : 4726
TimeGenerated      : 1/31/2023 2:33:03 PM
TimeWritten        : 1/31/2023 2:33:03 PM
UserName           :
Site               :
Container          :

EventID            : 4726
MachineName        : DC.mas-noida.com
Data               : {}
Index              : 3391202
Category           : (13824)
CategoryNumber     : 13824
EntryType          : SuccessAudit
Message            : A user account was deleted.

                     Subject:
                         Security ID:        S-1-5-21-2373504117-2689643630-3100359099-1499
                         Account Name:        anupk
                         Account Domain:        MAS-NOIDA
                         Logon ID:        0x1e8f19

                     Target Account:
                         Security ID:        S-1-5-21-2373504117-2689643630-3100359099-11106
                         Account Name:        MAS51074
                         Account Domain:        MAS-NOIDA

                     Additional Information:
                         Privileges    -
Source             : Microsoft-Windows-Security-Auditing
ReplacementStrings : {MAS51074, MAS-NOIDA, S-1-5-21-2373504117-2689643630-3100359099-11106,
                     S-1-5-21-2373504117-2689643630-3100359099-1499...}
InstanceId         : 4726
TimeGenerated      : 1/31/2023 2:32:52 PM
TimeWritten        : 1/31/2023 2:32:52 PM
UserName           :
Site               :
Container          :

EventID            : 4726
MachineName        : DC.mas-noida.com
Data               : {}
Index              : 3391140
Category           : (13824)
CategoryNumber     : 13824
EntryType          : SuccessAudit
Message            : A user account was deleted.

                     Subject:
                         Security ID:        S-1-5-21-2373504117-2689643630-3100359099-1499
                         Account Name:        anupk
                         Account Domain:        MAS-NOIDA
                         Logon ID:        0x1e8f19

                     Target Account:
                         Security ID:        S-1-5-21-2373504117-2689643630-3100359099-9668
                         Account Name:        MAS51050
                         Account Domain:        MAS-NOIDA

                     Additional Information:
                         Privileges    -
Source             : Microsoft-Windows-Security-Auditing
ReplacementStrings : {MAS51050, MAS-NOIDA, S-1-5-21-2373504117-2689643630-3100359099-9668,
                     S-1-5-21-2373504117-2689643630-3100359099-1499...}
InstanceId         : 4726
TimeGenerated      : 1/31/2023 2:32:27 PM
TimeWritten        : 1/31/2023 2:32:27 PM
UserName           :
Site               :
Container          :

EventID            : 4726
MachineName        : DC.mas-noida.com
Data               : {}
Index              : 3391107
Category           : (13824)
CategoryNumber     : 13824
EntryType          : SuccessAudit
Message            : A user account was deleted.

                     Subject:
                         Security ID:        S-1-5-21-2373504117-2689643630-3100359099-1499
                         Account Name:        anupk
                         Account Domain:        MAS-NOIDA
                         Logon ID:        0x1e8f19

                     Target Account:
                         Security ID:        S-1-5-21-2373504117-2689643630-3100359099-10503
                         Account Name:        MAS51002
                         Account Domain:        MAS-NOIDA

                     Additional Information:
                         Privileges    -
Source             : Microsoft-Windows-Security-Auditing
ReplacementStrings : {MAS51002, MAS-NOIDA, S-1-5-21-2373504117-2689643630-3100359099-10503,
                     S-1-5-21-2373504117-2689643630-3100359099-1499...}
InstanceId         : 4726
TimeGenerated      : 1/31/2023 2:32:20 PM
TimeWritten        : 1/31/2023 2:32:20 PM
UserName           :
Site               :
Container          :

EventID            : 4726
MachineName        : DC.mas-noida.com
Data               : {}
Index              : 3391083
Category           : (13824)
CategoryNumber     : 13824
EntryType          : SuccessAudit
Message            : A user account was deleted.

                     Subject:
                         Security ID:        S-1-5-21-2373504117-2689643630-3100359099-1499
                         Account Name:        anupk
                         Account Domain:        MAS-NOIDA
                         Logon ID:        0x1e8f19

                     Target Account:
                         Security ID:        S-1-5-21-2373504117-2689643630-3100359099-12155
                         Account Name:        IDC51590
                         Account Domain:        MAS-NOIDA

                     Additional Information:
                         Privileges    -
Source             : Microsoft-Windows-Security-Auditing
ReplacementStrings : {IDC51590, MAS-NOIDA, S-1-5-21-2373504117-2689643630-3100359099-12155,
                     S-1-5-21-2373504117-2689643630-3100359099-1499...}
InstanceId         : 4726
TimeGenerated      : 1/31/2023 2:32:10 PM
TimeWritten        : 1/31/2023 2:32:10 PM
UserName           :
Site               :
Container          :

EventID            : 4726
MachineName        : DC.mas-noida.com
Data               : {}
Index              : 3391067
Category           : (13824)
CategoryNumber     : 13824
EntryType          : SuccessAudit
Message            : A user account was deleted.

                     Subject:
                         Security ID:        S-1-5-21-2373504117-2689643630-3100359099-1499
                         Account Name:        anupk
                         Account Domain:        MAS-NOIDA
                         Logon ID:        0x1e8f19

                     Target Account:
                         Security ID:        S-1-5-21-2373504117-2689643630-3100359099-10401
                         Account Name:        MAS50876
                         Account Domain:        MAS-NOIDA

                     Additional Information:
                         Privileges    -
Source             : Microsoft-Windows-Security-Auditing
ReplacementStrings : {MAS50876, MAS-NOIDA, S-1-5-21-2373504117-2689643630-3100359099-10401,
                     S-1-5-21-2373504117-2689643630-3100359099-1499...}
InstanceId         : 4726
TimeGenerated      : 1/31/2023 2:31:58 PM
TimeWritten        : 1/31/2023 2:31:58 PM
UserName           :
Site               :
Container          :

EventID            : 4726
MachineName        : DC.mas-noida.com
Data               : {}
Index              : 3391048
Category           : (13824)
CategoryNumber     : 13824
EntryType          : SuccessAudit
Message            : A user account was deleted.

                     Subject:
                         Security ID:        S-1-5-21-2373504117-2689643630-3100359099-1499
                         Account Name:        anupk
                         Account Domain:        MAS-NOIDA
                         Logon ID:        0x1e8f19

                     Target Account:
                         Security ID:        S-1-5-21-2373504117-2689643630-3100359099-11334
                         Account Name:        MAS51353
                         Account Domain:        MAS-NOIDA

                     Additional Information:
                         Privileges    -
Source             : Microsoft-Windows-Security-Auditing
ReplacementStrings : {MAS51353, MAS-NOIDA, S-1-5-21-2373504117-2689643630-3100359099-11334,
                     S-1-5-21-2373504117-2689643630-3100359099-1499...}
InstanceId         : 4726
TimeGenerated      : 1/31/2023 2:31:49 PM
TimeWritten        : 1/31/2023 2:31:49 PM
UserName           :
Site               :
Container          :

EventID            : 4726
MachineName        : DC.mas-noida.com
Data               : {}
Index              : 3391017
Category           : (13824)
CategoryNumber     : 13824
EntryType          : SuccessAudit
Message            : A user account was deleted.

                     Subject:
                         Security ID:        S-1-5-21-2373504117-2689643630-3100359099-1499
                         Account Name:        anupk
                         Account Domain:        MAS-NOIDA
                         Logon ID:        0x1e8f19

                     Target Account:
                         Security ID:        S-1-5-21-2373504117-2689643630-3100359099-7325
                         Account Name:        MAS50364
                         Account Domain:        MAS-NOIDA

                     Additional Information:
                         Privileges    -
Source             : Microsoft-Windows-Security-Auditing
ReplacementStrings : {MAS50364, MAS-NOIDA, S-1-5-21-2373504117-2689643630-3100359099-7325,
                     S-1-5-21-2373504117-2689643630-3100359099-1499...}
InstanceId         : 4726
TimeGenerated      : 1/31/2023 2:31:38 PM
TimeWritten        : 1/31/2023 2:31:38 PM
UserName           :
Site               :
Container          :

EventID            : 4726
MachineName        : DC.mas-noida.com
Data               : {}
Index              : 3390999
Category           : (13824)
CategoryNumber     : 13824
EntryType          : SuccessAudit
Message            : A user account was deleted.

                     Subject:
                         Security ID:        S-1-5-21-2373504117-2689643630-3100359099-1499
                         Account Name:        anupk
                         Account Domain:        MAS-NOIDA
                         Logon ID:        0x1e8f19

                     Target Account:
                         Security ID:        S-1-5-21-2373504117-2689643630-3100359099-6721
                         Account Name:        NOI2314
                         Account Domain:        MAS-NOIDA

                     Additional Information:
                         Privileges    -
Source             : Microsoft-Windows-Security-Auditing
ReplacementStrings : {NOI2314, MAS-NOIDA, S-1-5-21-2373504117-2689643630-3100359099-6721,
                     S-1-5-21-2373504117-2689643630-3100359099-1499...}
InstanceId         : 4726
TimeGenerated      : 1/31/2023 2:31:31 PM
TimeWritten        : 1/31/2023 2:31:31 PM
UserName           :
Site               :
Container          :

EventID            : 4726
MachineName        : DC.mas-noida.com
Data               : {}
Index              : 3390965
Category           : (13824)
CategoryNumber     : 13824
EntryType          : SuccessAudit
Message            : A user account was deleted.

                     Subject:
                         Security ID:        S-1-5-21-2373504117-2689643630-3100359099-1499
                         Account Name:        anupk
                         Account Domain:        MAS-NOIDA
                         Logon ID:        0x1e8f19

                     Target Account:
                         Security ID:        S-1-5-21-2373504117-2689643630-3100359099-5774
                         Account Name:        NOI2174
                         Account Domain:        MAS-NOIDA

                     Additional Information:
                         Privileges    -
Source             : Microsoft-Windows-Security-Auditing
ReplacementStrings : {NOI2174, MAS-NOIDA, S-1-5-21-2373504117-2689643630-3100359099-5774,
                     S-1-5-21-2373504117-2689643630-3100359099-1499...}
InstanceId         : 4726
TimeGenerated      : 1/31/2023 2:31:12 PM
TimeWritten        : 1/31/2023 2:31:12 PM
UserName           :
Site               :
Container          :

EventID            : 4726
MachineName        : DC.mas-noida.com
Data               : {}
Index              : 3390943
Category           : (13824)
CategoryNumber     : 13824
EntryType          : SuccessAudit
Message            : A user account was deleted.

                     Subject:
                         Security ID:        S-1-5-21-2373504117-2689643630-3100359099-1499
                         Account Name:        anupk
                         Account Domain:        MAS-NOIDA
                         Logon ID:        0x1e8f19

                     Target Account:
                         Security ID:        S-1-5-21-2373504117-2689643630-3100359099-10594
                         Account Name:        MAS51060
                         Account Domain:        MAS-NOIDA

                     Additional Information:
                         Privileges    -
Source             : Microsoft-Windows-Security-Auditing
ReplacementStrings : {MAS51060, MAS-NOIDA, S-1-5-21-2373504117-2689643630-3100359099-10594,
                     S-1-5-21-2373504117-2689643630-3100359099-1499...}
InstanceId         : 4726
TimeGenerated      : 1/31/2023 2:31:04 PM
TimeWritten        : 1/31/2023 2:31:04 PM
UserName           :
Site               :
Container          :

EventID            : 4726
MachineName        : DC.mas-noida.com
Data               : {}
Index              : 3390881
Category           : (13824)
CategoryNumber     : 13824
EntryType          : SuccessAudit
Message            : A user account was deleted.

                     Subject:
                         Security ID:        S-1-5-21-2373504117-2689643630-3100359099-1499
                         Account Name:        anupk
                         Account Domain:        MAS-NOIDA
                         Logon ID:        0x1e8f19

                     Target Account:
                         Security ID:        S-1-5-21-2373504117-2689643630-3100359099-10484
                         Account Name:        MAS50942
                         Account Domain:        MAS-NOIDA

                     Additional Information:
                         Privileges    -
Source             : Microsoft-Windows-Security-Auditing
ReplacementStrings : {MAS50942, MAS-NOIDA, S-1-5-21-2373504117-2689643630-3100359099-10484,
                     S-1-5-21-2373504117-2689643630-3100359099-1499...}
InstanceId         : 4726
TimeGenerated      : 1/31/2023 2:30:48 PM
TimeWritten        : 1/31/2023 2:30:48 PM
UserName           :
Site               :
Container          :

EventID            : 4726
MachineName        : DC.mas-noida.com
Data               : {}
Index              : 3390829
Category           : (13824)
CategoryNumber     : 13824
EntryType          : SuccessAudit
Message            : A user account was deleted.

                     Subject:
                         Security ID:        S-1-5-21-2373504117-2689643630-3100359099-1499
                         Account Name:        anupk
                         Account Domain:        MAS-NOIDA
                         Logon ID:        0x1e8f19

                     Target Account:
                         Security ID:        S-1-5-21-2373504117-2689643630-3100359099-11104
                         Account Name:        MAS51072
                         Account Domain:        MAS-NOIDA

                     Additional Information:
                         Privileges    -
Source             : Microsoft-Windows-Security-Auditing
ReplacementStrings : {MAS51072, MAS-NOIDA, S-1-5-21-2373504117-2689643630-3100359099-11104,
                     S-1-5-21-2373504117-2689643630-3100359099-1499...}
InstanceId         : 4726
TimeGenerated      : 1/31/2023 2:30:38 PM
TimeWritten        : 1/31/2023 2:30:38 PM
UserName           :
Site               :
Container          :

EventID            : 4726
MachineName        : DC.mas-noida.com
Data               : {}
Index              : 3390793
Category           : (13824)
CategoryNumber     : 13824
EntryType          : SuccessAudit
Message            : A user account was deleted.

                     Subject:
                         Security ID:        S-1-5-21-2373504117-2689643630-3100359099-1499
                         Account Name:        anupk
                         Account Domain:        MAS-NOIDA
                         Logon ID:        0x1e8f19

                     Target Account:
                         Security ID:        S-1-5-21-2373504117-2689643630-3100359099-10592
                         Account Name:        MAS51058
                         Account Domain:        MAS-NOIDA

                     Additional Information:
                         Privileges    -
Source             : Microsoft-Windows-Security-Auditing
ReplacementStrings : {MAS51058, MAS-NOIDA, S-1-5-21-2373504117-2689643630-3100359099-10592,
                     S-1-5-21-2373504117-2689643630-3100359099-1499...}
InstanceId         : 4726
TimeGenerated      : 1/31/2023 2:30:28 PM
TimeWritten        : 1/31/2023 2:30:28 PM
UserName           :
Site               :
Container          :

EventID            : 4726
MachineName        : DC.mas-noida.com
Data               : {}
Index              : 3390715
Category           : (13824)
CategoryNumber     : 13824
EntryType          : SuccessAudit
Message            : A user account was deleted.

                     Subject:
                         Security ID:        S-1-5-21-2373504117-2689643630-3100359099-1499
                         Account Name:        anupk
                         Account Domain:        MAS-NOIDA
                         Logon ID:        0x1e8f19

                     Target Account:
                         Security ID:        S-1-5-21-2373504117-2689643630-3100359099-11306
                         Account Name:        MAS51036
                         Account Domain:        MAS-NOIDA

                     Additional Information:
                         Privileges    -
Source             : Microsoft-Windows-Security-Auditing
ReplacementStrings : {MAS51036, MAS-NOIDA, S-1-5-21-2373504117-2689643630-3100359099-11306,
                     S-1-5-21-2373504117-2689643630-3100359099-1499...}
InstanceId         : 4726
TimeGenerated      : 1/31/2023 2:30:02 PM
TimeWritten        : 1/31/2023 2:30:02 PM
UserName           :
Site               :
Container          :

EventID            : 4726
MachineName        : DC.mas-noida.com
Data               : {}
Index              : 3390697
Category           : (13824)
CategoryNumber     : 13824
EntryType          : SuccessAudit
Message            : A user account was deleted.

                     Subject:
                         Security ID:        S-1-5-21-2373504117-2689643630-3100359099-1499
                         Account Name:        anupk
                         Account Domain:        MAS-NOIDA
                         Logon ID:        0x1e8f19

                     Target Account:
                         Security ID:        S-1-5-21-2373504117-2689643630-3100359099-10203
                         Account Name:        MAS50078
                         Account Domain:        MAS-NOIDA

                     Additional Information:
                         Privileges    -
Source             : Microsoft-Windows-Security-Auditing
ReplacementStrings : {MAS50078, MAS-NOIDA, S-1-5-21-2373504117-2689643630-3100359099-10203,
                     S-1-5-21-2373504117-2689643630-3100359099-1499...}
InstanceId         : 4726
TimeGenerated      : 1/31/2023 2:29:54 PM
TimeWritten        : 1/31/2023 2:29:54 PM
UserName           :
Site               :
Container          :

EventID            : 4726
MachineName        : DC.mas-noida.com
Data               : {}
Index              : 3369357
Category           : (13824)
CategoryNumber     : 13824
EntryType          : SuccessAudit
Message            : A user account was deleted.

                     Subject:
                         Security ID:        S-1-5-21-2373504117-2689643630-3100359099-1499
                         Account Name:        anupk
                         Account Domain:        MAS-NOIDA
                         Logon ID:        0x1e8f19

                     Target Account:
                         Security ID:        S-1-5-21-2373504117-2689643630-3100359099-10104
                         Account Name:        MAS50540
                         Account Domain:        MAS-NOIDA

                     Additional Information:
                         Privileges    -
Source             : Microsoft-Windows-Security-Auditing
ReplacementStrings : {MAS50540, MAS-NOIDA, S-1-5-21-2373504117-2689643630-3100359099-10104,
                     S-1-5-21-2373504117-2689643630-3100359099-1499...}
InstanceId         : 4726
TimeGenerated      : 1/31/2023 12:29:38 PM
TimeWritten        : 1/31/2023 12:29:38 PM
UserName           :
Site               :
Container          :

EventID            : 4726
MachineName        : DC.mas-noida.com
Data               : {}
Index              : 3369356
Category           : (13824)
CategoryNumber     : 13824
EntryType          : SuccessAudit
Message            : A user account was deleted.

                     Subject:
                         Security ID:        S-1-5-21-2373504117-2689643630-3100359099-1499
                         Account Name:        anupk
                         Account Domain:        MAS-NOIDA
                         Logon ID:        0x1e8f19

                     Target Account:
                         Security ID:        S-1-5-21-2373504117-2689643630-3100359099-10102
                         Account Name:        MAS50541
                         Account Domain:        MAS-NOIDA

                     Additional Information:
                         Privileges    -
Source             : Microsoft-Windows-Security-Auditing
ReplacementStrings : {MAS50541, MAS-NOIDA, S-1-5-21-2373504117-2689643630-3100359099-10102,
                     S-1-5-21-2373504117-2689643630-3100359099-1499...}
InstanceId         : 4726
TimeGenerated      : 1/31/2023 12:29:38 PM
TimeWritten        : 1/31/2023 12:29:38 PM
UserName           :
Site               :
Container          :

EventID            : 4726
MachineName        : DC.mas-noida.com
Data               : {}
Index              : 3369355
Category           : (13824)
CategoryNumber     : 13824
EntryType          : SuccessAudit
Message            : A user account was deleted.

                     Subject:
                         Security ID:        S-1-5-21-2373504117-2689643630-3100359099-1499
                         Account Name:        anupk
                         Account Domain:        MAS-NOIDA
                         Logon ID:        0x1e8f19

                     Target Account:
                         Security ID:        S-1-5-21-2373504117-2689643630-3100359099-10108
                         Account Name:        MAS50536
                         Account Domain:        MAS-NOIDA

                     Additional Information:
                         Privileges    -
Source             : Microsoft-Windows-Security-Auditing
ReplacementStrings : {MAS50536, MAS-NOIDA, S-1-5-21-2373504117-2689643630-3100359099-10108,
                     S-1-5-21-2373504117-2689643630-3100359099-1499...}
InstanceId         : 4726
TimeGenerated      : 1/31/2023 12:29:37 PM
TimeWritten        : 1/31/2023 12:29:37 PM
UserName           :
Site               :
Container          :

EventID            : 4726
MachineName        : DC.mas-noida.com
Data               : {}
Index              : 3369318
Category           : (13824)
CategoryNumber     : 13824
EntryType          : SuccessAudit
Message            : A user account was deleted.

                     Subject:
                         Security ID:        S-1-5-21-2373504117-2689643630-3100359099-1499
                         Account Name:        anupk
                         Account Domain:        MAS-NOIDA
                         Logon ID:        0x1e8f19

                     Target Account:
                         Security ID:        S-1-5-21-2373504117-2689643630-3100359099-10101
                         Account Name:        MAS50543
                         Account Domain:        MAS-NOIDA

                     Additional Information:
                         Privileges    -
Source             : Microsoft-Windows-Security-Auditing
ReplacementStrings : {MAS50543, MAS-NOIDA, S-1-5-21-2373504117-2689643630-3100359099-10101,
                     S-1-5-21-2373504117-2689643630-3100359099-1499...}
InstanceId         : 4726
TimeGenerated      : 1/31/2023 12:29:27 PM
TimeWritten        : 1/31/2023 12:29:27 PM
UserName           :
Site               :
Container          :

EventID            : 4726
MachineName        : DC.mas-noida.com
Data               : {}
Index              : 3369308
Category           : (13824)
CategoryNumber     : 13824
EntryType          : SuccessAudit
Message            : A user account was deleted.

                     Subject:
                         Security ID:        S-1-5-21-2373504117-2689643630-3100359099-1499
                         Account Name:        anupk
                         Account Domain:        MAS-NOIDA
                         Logon ID:        0x1e8f19

                     Target Account:
                         Security ID:        S-1-5-21-2373504117-2689643630-3100359099-12182
                         Account Name:        IDC51612
                         Account Domain:        MAS-NOIDA

                     Additional Information:
                         Privileges    -
Source             : Microsoft-Windows-Security-Auditing
ReplacementStrings : {IDC51612, MAS-NOIDA, S-1-5-21-2373504117-2689643630-3100359099-12182,
                     S-1-5-21-2373504117-2689643630-3100359099-1499...}
InstanceId         : 4726
TimeGenerated      : 1/31/2023 12:29:22 PM
TimeWritten        : 1/31/2023 12:29:22 PM
UserName           :
Site               :
Container          :

EventID            : 4726
MachineName        : DC.mas-noida.com
Data               : {}
Index              : 3369284
Category           : (13824)
CategoryNumber     : 13824
EntryType          : SuccessAudit
Message            : A user account was deleted.

                     Subject:
                         Security ID:        S-1-5-21-2373504117-2689643630-3100359099-1499
                         Account Name:        anupk
                         Account Domain:        MAS-NOIDA
                         Logon ID:        0x1e8f19

                     Target Account:
                         Security ID:        S-1-5-21-2373504117-2689643630-3100359099-10105
                         Account Name:        MAS50538
                         Account Domain:        MAS-NOIDA

                     Additional Information:
                         Privileges    -
Source             : Microsoft-Windows-Security-Auditing
ReplacementStrings : {MAS50538, MAS-NOIDA, S-1-5-21-2373504117-2689643630-3100359099-10105,
                     S-1-5-21-2373504117-2689643630-3100359099-1499...}
InstanceId         : 4726
TimeGenerated      : 1/31/2023 12:29:15 PM
TimeWritten        : 1/31/2023 12:29:15 PM
UserName           :
Site               :
Container          :

EventID            : 4726
MachineName        : DC.mas-noida.com
Data               : {}
Index              : 3369268
Category           : (13824)
CategoryNumber     : 13824
EntryType          : SuccessAudit
Message            : A user account was deleted.

                     Subject:
                         Security ID:        S-1-5-21-2373504117-2689643630-3100359099-1499
                         Account Name:        anupk
                         Account Domain:        MAS-NOIDA
                         Logon ID:        0x1e8f19

                     Target Account:
                         Security ID:        S-1-5-21-2373504117-2689643630-3100359099-12128
                         Account Name:        IDC51563
                         Account Domain:        MAS-NOIDA

                     Additional Information:
                         Privileges    -
Source             : Microsoft-Windows-Security-Auditing
ReplacementStrings : {IDC51563, MAS-NOIDA, S-1-5-21-2373504117-2689643630-3100359099-12128,
                     S-1-5-21-2373504117-2689643630-3100359099-1499...}
InstanceId         : 4726
TimeGenerated      : 1/31/2023 12:29:08 PM
TimeWritten        : 1/31/2023 12:29:08 PM
UserName           :
Site               :
Container          :

EventID            : 4726
MachineName        : DC.mas-noida.com
Data               : {}
Index              : 3369222
Category           : (13824)
CategoryNumber     : 13824
EntryType          : SuccessAudit
Message            : A user account was deleted.

                     Subject:
                         Security ID:        S-1-5-21-2373504117-2689643630-3100359099-1499
                         Account Name:        anupk
                         Account Domain:        MAS-NOIDA
                         Logon ID:        0x1e8f19

                     Target Account:
                         Security ID:        S-1-5-21-2373504117-2689643630-3100359099-10106
                         Account Name:        MAS50539
                         Account Domain:        MAS-NOIDA

                     Additional Information:
                         Privileges    -
