Source             : Microsoft-Windows-Security-Auditing
ReplacementStrings : {MAS52169, MAS-NOIDA, S-1-5-21-2373504117-2689643630-3100359099-13186,
                     S-1-5-21-2373504117-2689643630-3100359099-1483...}
InstanceId         : 4726
TimeGenerated      : 5/19/2023 12:27:54 AM
TimeWritten        : 5/19/2023 12:27:54 AM
UserName           :
Site               :
Container          :

EventID            : 4726
MachineName        : DC.mas-noida.com
Data               : {}
Index              : 21995791
Category           : (13824)
CategoryNumber     : 13824
EntryType          : SuccessAudit
Message            : A user account was deleted.

                     Subject:
                         Security ID:        S-1-5-21-2373504117-2689643630-3100359099-1499
                         Account Name:        anupk
                         Account Domain:        MAS-NOIDA
                         Logon ID:        0xb6b9c8

                     Target Account:
                         Security ID:        S-1-5-21-2373504117-2689643630-3100359099-8881
                         Account Name:        $DUPLICATE-22b1
                         Account Domain:        MAS-NOIDA

                     Additional Information:
                         Privileges    -
Source             : Microsoft-Windows-Security-Auditing
ReplacementStrings : {$DUPLICATE-22b1, MAS-NOIDA, S-1-5-21-2373504117-2689643630-3100359099-8881,
                     S-1-5-21-2373504117-2689643630-3100359099-1499...}
InstanceId         : 4726
TimeGenerated      : 5/18/2023 8:07:50 PM
TimeWritten        : 5/18/2023 8:07:50 PM
UserName           :
Site               :
Container          :

EventID            : 4726
MachineName        : DC.mas-noida.com
Data               : {}
Index              : 21965367
Category           : (13824)
CategoryNumber     : 13824
EntryType          : SuccessAudit
Message            : A user account was deleted.

                     Subject:
                         Security ID:        S-1-5-21-2373504117-2689643630-3100359099-4389
                         Account Name:        Ritik
                         Account Domain:        MAS-NOIDA
                         Logon ID:        0xeef57a

                     Target Account:
                         Security ID:        S-1-5-21-2373504117-2689643630-3100359099-7510
                         Account Name:        MAS51048
                         Account Domain:        MAS-NOIDA

                     Additional Information:
                         Privileges    -
Source             : Microsoft-Windows-Security-Auditing
ReplacementStrings : {MAS51048, MAS-NOIDA, S-1-5-21-2373504117-2689643630-3100359099-7510,
                     S-1-5-21-2373504117-2689643630-3100359099-4389...}
InstanceId         : 4726
TimeGenerated      : 5/18/2023 4:07:16 PM
TimeWritten        : 5/18/2023 4:07:16 PM
UserName           :
Site               :
Container          :

EventID            : 4726
MachineName        : DC.mas-noida.com
Data               : {}
Index              : 21954453
Category           : (13824)
CategoryNumber     : 13824
EntryType          : SuccessAudit
Message            : A user account was deleted.

                     Subject:
                         Security ID:        S-1-5-21-2373504117-2689643630-3100359099-2600
                         Account Name:        prateeks
                         Account Domain:        MAS-NOIDA
                         Logon ID:        0x1a8e5b12

                     Target Account:
                         Security ID:        S-1-5-21-2373504117-2689643630-3100359099-13747
                         Account Name:        MAS52510
                         Account Domain:        MAS-NOIDA

                     Additional Information:
                         Privileges    -
Source             : Microsoft-Windows-Security-Auditing
ReplacementStrings : {MAS52510, MAS-NOIDA, S-1-5-21-2373504117-2689643630-3100359099-13747,
                     S-1-5-21-2373504117-2689643630-3100359099-2600...}
InstanceId         : 4726
TimeGenerated      : 5/18/2023 2:49:10 PM
TimeWritten        : 5/18/2023 2:49:10 PM
UserName           :
Site               :
Container          :

EventID            : 4726
MachineName        : DC.mas-noida.com
Data               : {}
Index              : 21954430
Category           : (13824)
CategoryNumber     : 13824
EntryType          : SuccessAudit
Message            : A user account was deleted.

                     Subject:
                         Security ID:        S-1-5-21-2373504117-2689643630-3100359099-2600
                         Account Name:        prateeks
                         Account Domain:        MAS-NOIDA
                         Logon ID:        0x1a8e5b12

                     Target Account:
                         Security ID:        S-1-5-21-2373504117-2689643630-3100359099-13739
                         Account Name:        MAS52520
                         Account Domain:        MAS-NOIDA

                     Additional Information:
                         Privileges    -
Source             : Microsoft-Windows-Security-Auditing
ReplacementStrings : {MAS52520, MAS-NOIDA, S-1-5-21-2373504117-2689643630-3100359099-13739,
                     S-1-5-21-2373504117-2689643630-3100359099-2600...}
InstanceId         : 4726
TimeGenerated      : 5/18/2023 2:48:58 PM
TimeWritten        : 5/18/2023 2:48:58 PM
UserName           :
Site               :
Container          :

EventID            : 4726
MachineName        : DC.mas-noida.com
Data               : {}
Index              : 21954386
Category           : (13824)
CategoryNumber     : 13824
EntryType          : SuccessAudit
Message            : A user account was deleted.

                     Subject:
                         Security ID:        S-1-5-21-2373504117-2689643630-3100359099-2600
                         Account Name:        prateeks
                         Account Domain:        MAS-NOIDA
                         Logon ID:        0x1a8e5b12

                     Target Account:
                         Security ID:        S-1-5-21-2373504117-2689643630-3100359099-13710
                         Account Name:        MAS52473
                         Account Domain:        MAS-NOIDA

                     Additional Information:
                         Privileges    -
Source             : Microsoft-Windows-Security-Auditing
ReplacementStrings : {MAS52473, MAS-NOIDA, S-1-5-21-2373504117-2689643630-3100359099-13710,
                     S-1-5-21-2373504117-2689643630-3100359099-2600...}
InstanceId         : 4726
TimeGenerated      : 5/18/2023 2:48:43 PM
TimeWritten        : 5/18/2023 2:48:43 PM
UserName           :
Site               :
Container          :

EventID            : 4726
MachineName        : DC.mas-noida.com
Data               : {}
Index              : 21954360
Category           : (13824)
CategoryNumber     : 13824
EntryType          : SuccessAudit
Message            : A user account was deleted.

                     Subject:
                         Security ID:        S-1-5-21-2373504117-2689643630-3100359099-2600
                         Account Name:        prateeks
                         Account Domain:        MAS-NOIDA
                         Logon ID:        0x1a8e5b12

                     Target Account:
                         Security ID:        S-1-5-21-2373504117-2689643630-3100359099-13395
                         Account Name:        MAS52561
                         Account Domain:        MAS-NOIDA

                     Additional Information:
                         Privileges    -
Source             : Microsoft-Windows-Security-Auditing
ReplacementStrings : {MAS52561, MAS-NOIDA, S-1-5-21-2373504117-2689643630-3100359099-13395,
                     S-1-5-21-2373504117-2689643630-3100359099-2600...}
InstanceId         : 4726
TimeGenerated      : 5/18/2023 2:48:32 PM
TimeWritten        : 5/18/2023 2:48:32 PM
UserName           :
Site               :
Container          :

EventID            : 4726
MachineName        : DC.mas-noida.com
Data               : {}
Index              : 21954330
Category           : (13824)
CategoryNumber     : 13824
EntryType          : SuccessAudit
Message            : A user account was deleted.

                     Subject:
                         Security ID:        S-1-5-21-2373504117-2689643630-3100359099-2600
                         Account Name:        prateeks
                         Account Domain:        MAS-NOIDA
                         Logon ID:        0x1a8e5b12

                     Target Account:
                         Security ID:        S-1-5-21-2373504117-2689643630-3100359099-13392
                         Account Name:        MAS52547
                         Account Domain:        MAS-NOIDA

                     Additional Information:
                         Privileges    -
Source             : Microsoft-Windows-Security-Auditing
ReplacementStrings : {MAS52547, MAS-NOIDA, S-1-5-21-2373504117-2689643630-3100359099-13392,
                     S-1-5-21-2373504117-2689643630-3100359099-2600...}
InstanceId         : 4726
TimeGenerated      : 5/18/2023 2:48:18 PM
TimeWritten        : 5/18/2023 2:48:18 PM
UserName           :
Site               :
Container          :

EventID            : 4726
MachineName        : DC.mas-noida.com
Data               : {}
Index              : 21954289
Category           : (13824)
CategoryNumber     : 13824
EntryType          : SuccessAudit
Message            : A user account was deleted.

                     Subject:
                         Security ID:        S-1-5-21-2373504117-2689643630-3100359099-2600
                         Account Name:        prateeks
                         Account Domain:        MAS-NOIDA
                         Logon ID:        0x1a8e5b12

                     Target Account:
                         Security ID:        S-1-5-21-2373504117-2689643630-3100359099-13390
                         Account Name:        MAS52560
                         Account Domain:        MAS-NOIDA

                     Additional Information:
                         Privileges    -
Source             : Microsoft-Windows-Security-Auditing
ReplacementStrings : {MAS52560, MAS-NOIDA, S-1-5-21-2373504117-2689643630-3100359099-13390,
                     S-1-5-21-2373504117-2689643630-3100359099-2600...}
InstanceId         : 4726
TimeGenerated      : 5/18/2023 2:48:07 PM
TimeWritten        : 5/18/2023 2:48:07 PM
UserName           :
Site               :
Container          :

EventID            : 4726
MachineName        : DC.mas-noida.com
Data               : {}
Index              : 21936736
Category           : (13824)
CategoryNumber     : 13824
EntryType          : SuccessAudit
Message            : A user account was deleted.

                     Subject:
                         Security ID:        S-1-5-21-2373504117-2689643630-3100359099-4389
                         Account Name:        Ritik
                         Account Domain:        MAS-NOIDA
                         Logon ID:        0xeef57a

                     Target Account:
                         Security ID:        S-1-5-21-2373504117-2689643630-3100359099-9791
                         Account Name:        MAS52274
                         Account Domain:        MAS-NOIDA

                     Additional Information:
                         Privileges    -
Source             : Microsoft-Windows-Security-Auditing
ReplacementStrings : {MAS52274, MAS-NOIDA, S-1-5-21-2373504117-2689643630-3100359099-9791,
                     S-1-5-21-2373504117-2689643630-3100359099-4389...}
InstanceId         : 4726
TimeGenerated      : 5/18/2023 12:46:57 PM
TimeWritten        : 5/18/2023 12:46:57 PM
UserName           :
Site               :
Container          :

EventID            : 4726
MachineName        : DC.mas-noida.com
Data               : {}
Index              : 21936637
Category           : (13824)
CategoryNumber     : 13824
EntryType          : SuccessAudit
Message            : A user account was deleted.

                     Subject:
                         Security ID:        S-1-5-21-2373504117-2689643630-3100359099-4389
                         Account Name:        Ritik
                         Account Domain:        MAS-NOIDA
                         Logon ID:        0xeef57a

                     Target Account:
                         Security ID:        S-1-5-21-2373504117-2689643630-3100359099-10806
                         Account Name:        MAS51814
                         Account Domain:        MAS-NOIDA

                     Additional Information:
                         Privileges    -
Source             : Microsoft-Windows-Security-Auditing
ReplacementStrings : {MAS51814, MAS-NOIDA, S-1-5-21-2373504117-2689643630-3100359099-10806,
                     S-1-5-21-2373504117-2689643630-3100359099-4389...}
InstanceId         : 4726
TimeGenerated      : 5/18/2023 12:46:24 PM
TimeWritten        : 5/18/2023 12:46:24 PM
UserName           :
Site               :
Container          :

EventID            : 4726
MachineName        : DC.mas-noida.com
Data               : {}
Index              : 21927859
Category           : (13824)
CategoryNumber     : 13824
EntryType          : SuccessAudit
Message            : A user account was deleted.

                     Subject:
                         Security ID:        S-1-5-21-2373504117-2689643630-3100359099-10155
                         Account Name:        ranjeetit
                         Account Domain:        MAS-NOIDA
                         Logon ID:        0x1a6101b8

                     Target Account:
                         Security ID:        S-1-5-21-2373504117-2689643630-3100359099-12453
                         Account Name:        51864C
                         Account Domain:        MAS-NOIDA

                     Additional Information:
                         Privileges    -
Source             : Microsoft-Windows-Security-Auditing
ReplacementStrings : {51864C, MAS-NOIDA, S-1-5-21-2373504117-2689643630-3100359099-12453,
                     S-1-5-21-2373504117-2689643630-3100359099-10155...}
InstanceId         : 4726
TimeGenerated      : 5/18/2023 11:48:31 AM
TimeWritten        : 5/18/2023 11:48:31 AM
UserName           :
Site               :
Container          :

EventID            : 4726
MachineName        : DC.mas-noida.com
Data               : {}
Index              : 21927764
Category           : (13824)
CategoryNumber     : 13824
EntryType          : SuccessAudit
Message            : A user account was deleted.

                     Subject:
                         Security ID:        S-1-5-21-2373504117-2689643630-3100359099-10155
                         Account Name:        ranjeetit
                         Account Domain:        MAS-NOIDA
                         Logon ID:        0x1a6101b8

                     Target Account:
                         Security ID:        S-1-5-21-2373504117-2689643630-3100359099-13204
                         Account Name:        MAS52213
                         Account Domain:        MAS-NOIDA

                     Additional Information:
                         Privileges    -
Source             : Microsoft-Windows-Security-Auditing
ReplacementStrings : {MAS52213, MAS-NOIDA, S-1-5-21-2373504117-2689643630-3100359099-13204,
                     S-1-5-21-2373504117-2689643630-3100359099-10155...}
InstanceId         : 4726
TimeGenerated      : 5/18/2023 11:47:47 AM
TimeWritten        : 5/18/2023 11:47:47 AM
UserName           :
Site               :
Container          :

EventID            : 4726
MachineName        : DC.mas-noida.com
Data               : {}
Index              : 21927720
Category           : (13824)
CategoryNumber     : 13824
EntryType          : SuccessAudit
Message            : A user account was deleted.

                     Subject:
                         Security ID:        S-1-5-21-2373504117-2689643630-3100359099-10155
                         Account Name:        ranjeetit
                         Account Domain:        MAS-NOIDA
                         Logon ID:        0x1a6101b8

                     Target Account:
                         Security ID:        S-1-5-21-2373504117-2689643630-3100359099-12450
                         Account Name:        51865C
                         Account Domain:        MAS-NOIDA

                     Additional Information:
                         Privileges    -
Source             : Microsoft-Windows-Security-Auditing
ReplacementStrings : {51865C, MAS-NOIDA, S-1-5-21-2373504117-2689643630-3100359099-12450,
                     S-1-5-21-2373504117-2689643630-3100359099-10155...}
InstanceId         : 4726
TimeGenerated      : 5/18/2023 11:47:22 AM
TimeWritten        : 5/18/2023 11:47:22 AM
UserName           :
Site               :
Container          :

EventID            : 4726
MachineName        : DC.mas-noida.com
Data               : {}
Index              : 21785652
Category           : (13824)
CategoryNumber     : 13824
EntryType          : SuccessAudit
Message            : A user account was deleted.

                     Subject:
                         Security ID:        S-1-5-21-2373504117-2689643630-3100359099-4389
                         Account Name:        Ritik
                         Account Domain:        MAS-NOIDA
                         Logon ID:        0xeef57a

                     Target Account:
                         Security ID:        S-1-5-21-2373504117-2689643630-3100359099-6015
                         Account Name:        NOI2237
                         Account Domain:        MAS-NOIDA

                     Additional Information:
                         Privileges    -
Source             : Microsoft-Windows-Security-Auditing
ReplacementStrings : {NOI2237, MAS-NOIDA, S-1-5-21-2373504117-2689643630-3100359099-6015,
                     S-1-5-21-2373504117-2689643630-3100359099-4389...}
InstanceId         : 4726
TimeGenerated      : 5/17/2023 1:22:58 PM
TimeWritten        : 5/17/2023 1:22:58 PM
UserName           :
Site               :
Container          :

EventID            : 4726
MachineName        : DC.mas-noida.com
Data               : {}
Index              : 21662071
Category           : (13824)
CategoryNumber     : 13824
EntryType          : SuccessAudit
Message            : A user account was deleted.

                     Subject:
                         Security ID:        S-1-5-21-2373504117-2689643630-3100359099-4389
                         Account Name:        Ritik
                         Account Domain:        MAS-NOIDA
                         Logon ID:        0xeef57a

                     Target Account:
                         Security ID:        S-1-5-21-2373504117-2689643630-3100359099-13705
                         Account Name:        MAS52467
                         Account Domain:        MAS-NOIDA

                     Additional Information:
                         Privileges    -
Source             : Microsoft-Windows-Security-Auditing
ReplacementStrings : {MAS52467, MAS-NOIDA, S-1-5-21-2373504117-2689643630-3100359099-13705,
                     S-1-5-21-2373504117-2689643630-3100359099-4389...}
InstanceId         : 4726
TimeGenerated      : 5/16/2023 5:58:43 PM
TimeWritten        : 5/16/2023 5:58:43 PM
UserName           :
Site               :
Container          :

EventID            : 4726
MachineName        : DC.mas-noida.com
Data               : {}
Index              : 21662059
Category           : (13824)
CategoryNumber     : 13824
EntryType          : SuccessAudit
Message            : A user account was deleted.

                     Subject:
                         Security ID:        S-1-5-21-2373504117-2689643630-3100359099-4389
                         Account Name:        Ritik
                         Account Domain:        MAS-NOIDA
                         Logon ID:        0xeef57a

                     Target Account:
                         Security ID:        S-1-5-21-2373504117-2689643630-3100359099-10941
                         Account Name:        MAS52183
                         Account Domain:        MAS-NOIDA

                     Additional Information:
                         Privileges    -
Source             : Microsoft-Windows-Security-Auditing
ReplacementStrings : {MAS52183, MAS-NOIDA, S-1-5-21-2373504117-2689643630-3100359099-10941,
                     S-1-5-21-2373504117-2689643630-3100359099-4389...}
InstanceId         : 4726
TimeGenerated      : 5/16/2023 5:58:35 PM
TimeWritten        : 5/16/2023 5:58:35 PM
UserName           :
Site               :
Container          :

EventID            : 4726
MachineName        : DC.mas-noida.com
Data               : {}
Index              : 21662011
Category           : (13824)
CategoryNumber     : 13824
EntryType          : SuccessAudit
Message            : A user account was deleted.

                     Subject:
                         Security ID:        S-1-5-21-2373504117-2689643630-3100359099-4389
                         Account Name:        Ritik
                         Account Domain:        MAS-NOIDA
                         Logon ID:        0xeef57a

                     Target Account:
                         Security ID:        S-1-5-21-2373504117-2689643630-3100359099-10943
                         Account Name:        MAS52195
                         Account Domain:        MAS-NOIDA

                     Additional Information:
                         Privileges    -
Source             : Microsoft-Windows-Security-Auditing
ReplacementStrings : {MAS52195, MAS-NOIDA, S-1-5-21-2373504117-2689643630-3100359099-10943,
                     S-1-5-21-2373504117-2689643630-3100359099-4389...}
InstanceId         : 4726
TimeGenerated      : 5/16/2023 5:58:24 PM
TimeWritten        : 5/16/2023 5:58:24 PM
UserName           :
Site               :
Container          :

EventID            : 4726
MachineName        : DC.mas-noida.com
Data               : {}
Index              : 21661975
Category           : (13824)
CategoryNumber     : 13824
EntryType          : SuccessAudit
Message            : A user account was deleted.

                     Subject:
                         Security ID:        S-1-5-21-2373504117-2689643630-3100359099-4389
                         Account Name:        Ritik
                         Account Domain:        MAS-NOIDA
                         Logon ID:        0xeef57a

                     Target Account:
                         Security ID:        S-1-5-21-2373504117-2689643630-3100359099-10938
                         Account Name:        MAS52178
                         Account Domain:        MAS-NOIDA

                     Additional Information:
                         Privileges    -
Source             : Microsoft-Windows-Security-Auditing
ReplacementStrings : {MAS52178, MAS-NOIDA, S-1-5-21-2373504117-2689643630-3100359099-10938,
                     S-1-5-21-2373504117-2689643630-3100359099-4389...}
InstanceId         : 4726
TimeGenerated      : 5/16/2023 5:58:16 PM
TimeWritten        : 5/16/2023 5:58:16 PM
UserName           :
Site               :
Container          :

EventID            : 4726
MachineName        : DC.mas-noida.com
Data               : {}
Index              : 21661949
Category           : (13824)
CategoryNumber     : 13824
EntryType          : SuccessAudit
Message            : A user account was deleted.

                     Subject:
                         Security ID:        S-1-5-21-2373504117-2689643630-3100359099-4389
                         Account Name:        Ritik
                         Account Domain:        MAS-NOIDA
                         Logon ID:        0xeef57a

                     Target Account:
                         Security ID:        S-1-5-21-2373504117-2689643630-3100359099-10804
                         Account Name:        MAS51824
                         Account Domain:        MAS-NOIDA

                     Additional Information:
                         Privileges    -
Source             : Microsoft-Windows-Security-Auditing
ReplacementStrings : {MAS51824, MAS-NOIDA, S-1-5-21-2373504117-2689643630-3100359099-10804,
                     S-1-5-21-2373504117-2689643630-3100359099-4389...}
InstanceId         : 4726
TimeGenerated      : 5/16/2023 5:58:08 PM
TimeWritten        : 5/16/2023 5:58:08 PM
UserName           :
Site               :
Container          :

EventID            : 4726
MachineName        : DC.mas-noida.com
Data               : {}
Index              : 21661933
Category           : (13824)
CategoryNumber     : 13824
EntryType          : SuccessAudit
Message            : A user account was deleted.

                     Subject:
                         Security ID:        S-1-5-21-2373504117-2689643630-3100359099-4389
                         Account Name:        Ritik
                         Account Domain:        MAS-NOIDA
                         Logon ID:        0xeef57a

                     Target Account:
                         Security ID:        S-1-5-21-2373504117-2689643630-3100359099-11157
                         Account Name:        MAS51123
                         Account Domain:        MAS-NOIDA

                     Additional Information:
                         Privileges    -
Source             : Microsoft-Windows-Security-Auditing
ReplacementStrings : {MAS51123, MAS-NOIDA, S-1-5-21-2373504117-2689643630-3100359099-11157,
                     S-1-5-21-2373504117-2689643630-3100359099-4389...}
InstanceId         : 4726
TimeGenerated      : 5/16/2023 5:57:59 PM
TimeWritten        : 5/16/2023 5:57:59 PM
UserName           :
Site               :
Container          :

EventID            : 4726
MachineName        : DC.mas-noida.com
Data               : {}
Index              : 21661922
Category           : (13824)
CategoryNumber     : 13824
EntryType          : SuccessAudit
Message            : A user account was deleted.

                     Subject:
                         Security ID:        S-1-5-21-2373504117-2689643630-3100359099-4389
                         Account Name:        Ritik
                         Account Domain:        MAS-NOIDA
                         Logon ID:        0xeef57a

                     Target Account:
                         Security ID:        S-1-5-21-2373504117-2689643630-3100359099-10496
                         Account Name:        MAS50976
                         Account Domain:        MAS-NOIDA

                     Additional Information:
                         Privileges    -
Source             : Microsoft-Windows-Security-Auditing
ReplacementStrings : {MAS50976, MAS-NOIDA, S-1-5-21-2373504117-2689643630-3100359099-10496,
                     S-1-5-21-2373504117-2689643630-3100359099-4389...}
InstanceId         : 4726
TimeGenerated      : 5/16/2023 5:57:50 PM
TimeWritten        : 5/16/2023 5:57:50 PM
UserName           :
Site               :
Container          :

EventID            : 4726
MachineName        : DC.mas-noida.com
Data               : {}
Index              : 21661899
Category           : (13824)
CategoryNumber     : 13824
EntryType          : SuccessAudit
Message            : A user account was deleted.

                     Subject:
                         Security ID:        S-1-5-21-2373504117-2689643630-3100359099-4389
                         Account Name:        Ritik
                         Account Domain:        MAS-NOIDA
                         Logon ID:        0xeef57a

                     Target Account:
                         Security ID:        S-1-5-21-2373504117-2689643630-3100359099-10387
                         Account Name:        MAS50868
                         Account Domain:        MAS-NOIDA

                     Additional Information:
                         Privileges    -
Source             : Microsoft-Windows-Security-Auditing
ReplacementStrings : {MAS50868, MAS-NOIDA, S-1-5-21-2373504117-2689643630-3100359099-10387,
                     S-1-5-21-2373504117-2689643630-3100359099-4389...}
InstanceId         : 4726
TimeGenerated      : 5/16/2023 5:57:40 PM
TimeWritten        : 5/16/2023 5:57:40 PM
UserName           :
Site               :
Container          :

EventID            : 4726
MachineName        : DC.mas-noida.com
Data               : {}
Index              : 21661866
Category           : (13824)
CategoryNumber     : 13824
EntryType          : SuccessAudit
Message            : A user account was deleted.

                     Subject:
                         Security ID:        S-1-5-21-2373504117-2689643630-3100359099-4389
                         Account Name:        Ritik
                         Account Domain:        MAS-NOIDA
                         Logon ID:        0xeef57a

                     Target Account:
                         Security ID:        S-1-5-21-2373504117-2689643630-3100359099-7390
                         Account Name:        MAS50563
                         Account Domain:        MAS-NOIDA

                     Additional Information:
                         Privileges    -
Source             : Microsoft-Windows-Security-Auditing
ReplacementStrings : {MAS50563, MAS-NOIDA, S-1-5-21-2373504117-2689643630-3100359099-7390,
                     S-1-5-21-2373504117-2689643630-3100359099-4389...}
InstanceId         : 4726
TimeGenerated      : 5/16/2023 5:57:31 PM
TimeWritten        : 5/16/2023 5:57:31 PM
UserName           :
Site               :
Container          :

EventID            : 4726
MachineName        : DC.mas-noida.com
Data               : {}
Index              : 21649968
Category           : (13824)
CategoryNumber     : 13824
EntryType          : SuccessAudit
Message            : A user account was deleted.

                     Subject:
                         Security ID:        S-1-5-21-2373504117-2689643630-3100359099-1499
                         Account Name:        anupk
                         Account Domain:        MAS-NOIDA
                         Logon ID:        0x15f038a5

                     Target Account:
                         Security ID:        S-1-5-21-2373504117-2689643630-3100359099-13742
                         Account Name:        MAS52515
                         Account Domain:        MAS-NOIDA

                     Additional Information:
                         Privileges    -
Source             : Microsoft-Windows-Security-Auditing
ReplacementStrings : {MAS52515, MAS-NOIDA, S-1-5-21-2373504117-2689643630-3100359099-13742,
                     S-1-5-21-2373504117-2689643630-3100359099-1499...}
InstanceId         : 4726
TimeGenerated      : 5/16/2023 4:38:49 PM
TimeWritten        : 5/16/2023 4:38:49 PM
UserName           :
Site               :
Container          :

EventID            : 4726
MachineName        : DC.mas-noida.com
Data               : {}
Index              : 21649888
Category           : (13824)
CategoryNumber     : 13824
EntryType          : SuccessAudit
Message            : A user account was deleted.

                     Subject:
                         Security ID:        S-1-5-21-2373504117-2689643630-3100359099-1499
                         Account Name:        anupk
                         Account Domain:        MAS-NOIDA
                         Logon ID:        0x15f038a5

                     Target Account:
                         Security ID:        S-1-5-21-2373504117-2689643630-3100359099-13368
                         Account Name:        MAS52434
                         Account Domain:        MAS-NOIDA

                     Additional Information:
                         Privileges    -
Source             : Microsoft-Windows-Security-Auditing
ReplacementStrings : {MAS52434, MAS-NOIDA, S-1-5-21-2373504117-2689643630-3100359099-13368,
                     S-1-5-21-2373504117-2689643630-3100359099-1499...}
InstanceId         : 4726
TimeGenerated      : 5/16/2023 4:38:28 PM
TimeWritten        : 5/16/2023 4:38:28 PM
UserName           :
Site               :
Container          :

EventID            : 4726
MachineName        : DC.mas-noida.com
Data               : {}
Index              : 21450712
Category           : (13824)
CategoryNumber     : 13824
EntryType          : SuccessAudit
Message            : A user account was deleted.

                     Subject:
                         Security ID:        S-1-5-21-2373504117-2689643630-3100359099-10155
                         Account Name:        ranjeetit
                         Account Domain:        MAS-NOIDA
                         Logon ID:        0x33e2e01

                     Target Account:
                         Security ID:        S-1-5-21-2373504117-2689643630-3100359099-13746
                         Account Name:        MAS52508
                         Account Domain:        MAS-NOIDA

                     Additional Information:
                         Privileges    -
Source             : Microsoft-Windows-Security-Auditing
ReplacementStrings : {MAS52508, MAS-NOIDA, S-1-5-21-2373504117-2689643630-3100359099-13746,
                     S-1-5-21-2373504117-2689643630-3100359099-10155...}
InstanceId         : 4726
TimeGenerated      : 5/15/2023 11:33:35 AM
TimeWritten        : 5/15/2023 11:33:35 AM
UserName           :
Site               :
Container          :

EventID            : 4726
MachineName        : DC.mas-noida.com
Data               : {}
Index              : 21450675
Category           : (13824)
CategoryNumber     : 13824
EntryType          : SuccessAudit
Message            : A user account was deleted.

                     Subject:
                         Security ID:        S-1-5-21-2373504117-2689643630-3100359099-10155
                         Account Name:        ranjeetit
                         Account Domain:        MAS-NOIDA
                         Logon ID:        0x33e23b7

                     Target Account:
                         Security ID:        S-1-5-21-2373504117-2689643630-3100359099-13732
                         Account Name:        MAS52517
                         Account Domain:        MAS-NOIDA

                     Additional Information:
                         Privileges    -
Source             : Microsoft-Windows-Security-Auditing
ReplacementStrings : {MAS52517, MAS-NOIDA, S-1-5-21-2373504117-2689643630-3100359099-13732,
                     S-1-5-21-2373504117-2689643630-3100359099-10155...}
InstanceId         : 4726
TimeGenerated      : 5/15/2023 11:33:17 AM
TimeWritten        : 5/15/2023 11:33:17 AM
UserName           :
Site               :
Container          :

EventID            : 4726
MachineName        : DC.mas-noida.com
Data               : {}
Index              : 21450611
Category           : (13824)
CategoryNumber     : 13824
EntryType          : SuccessAudit
Message            : A user account was deleted.

                     Subject:
                         Security ID:        S-1-5-21-2373504117-2689643630-3100359099-10155
                         Account Name:        ranjeetit
                         Account Domain:        MAS-NOIDA
                         Logon ID:        0x33df869

                     Target Account:
                         Security ID:        S-1-5-21-2373504117-2689643630-3100359099-13730
                         Account Name:        MAS52511
                         Account Domain:        MAS-NOIDA

                     Additional Information:
                         Privileges    -
Source             : Microsoft-Windows-Security-Auditing
ReplacementStrings : {MAS52511, MAS-NOIDA, S-1-5-21-2373504117-2689643630-3100359099-13730,
                     S-1-5-21-2373504117-2689643630-3100359099-10155...}
InstanceId         : 4726
TimeGenerated      : 5/15/2023 11:32:58 AM
TimeWritten        : 5/15/2023 11:32:58 AM
UserName           :
Site               :
Container          :

EventID            : 4726
MachineName        : DC.mas-noida.com
Data               : {}
Index              : 21450573
Category           : (13824)
CategoryNumber     : 13824
EntryType          : SuccessAudit
Message            : A user account was deleted.

                     Subject:
                         Security ID:        S-1-5-21-2373504117-2689643630-3100359099-10155
                         Account Name:        ranjeetit
                         Account Domain:        MAS-NOIDA
                         Logon ID:        0x33dede1

                     Target Account:
                         Security ID:        S-1-5-21-2373504117-2689643630-3100359099-13713
                         Account Name:        MAS52483
                         Account Domain:        MAS-NOIDA

                     Additional Information:
                         Privileges    -
Source             : Microsoft-Windows-Security-Auditing
ReplacementStrings : {MAS52483, MAS-NOIDA, S-1-5-21-2373504117-2689643630-3100359099-13713,
                     S-1-5-21-2373504117-2689643630-3100359099-10155...}
InstanceId         : 4726
TimeGenerated      : 5/15/2023 11:32:40 AM
TimeWritten        : 5/15/2023 11:32:40 AM
UserName           :
Site               :
Container          :

EventID            : 4726
MachineName        : DC.mas-noida.com
Data               : {}
Index              : 21010503
Category           : (13824)
CategoryNumber     : 13824
EntryType          : SuccessAudit
Message            : A user account was deleted.

                     Subject:
                         Security ID:        S-1-5-21-2373504117-2689643630-3100359099-10155
                         Account Name:        ranjeetit
                         Account Domain:        MAS-NOIDA
                         Logon ID:        0x31437f25

                     Target Account:
                         Security ID:        S-1-5-21-2373504117-2689643630-3100359099-7557
                         Account Name:        MAS49714
                         Account Domain:        MAS-NOIDA

                     Additional Information:
                         Privileges    -
Source             : Microsoft-Windows-Security-Auditing
ReplacementStrings : {MAS49714, MAS-NOIDA, S-1-5-21-2373504117-2689643630-3100359099-7557,
                     S-1-5-21-2373504117-2689643630-3100359099-10155...}
InstanceId         : 4726
TimeGenerated      : 5/12/2023 5:58:23 AM
TimeWritten        : 5/12/2023 5:58:23 AM
UserName           :
Site               :
Container          :

EventID            : 4726
MachineName        : DC.mas-noida.com
Data               : {}
Index              : 21010472
Category           : (13824)
CategoryNumber     : 13824
EntryType          : SuccessAudit
Message            : A user account was deleted.

                     Subject:
                         Security ID:        S-1-5-21-2373504117-2689643630-3100359099-10155
                         Account Name:        ranjeetit
                         Account Domain:        MAS-NOIDA
                         Logon ID:        0x31437804

                     Target Account:
                         Security ID:        S-1-5-21-2373504117-2689643630-3100359099-10280
                         Account Name:        MAS50703
                         Account Domain:        MAS-NOIDA

                     Additional Information:
                         Privileges    -
Source             : Microsoft-Windows-Security-Auditing
ReplacementStrings : {MAS50703, MAS-NOIDA, S-1-5-21-2373504117-2689643630-3100359099-10280,
                     S-1-5-21-2373504117-2689643630-3100359099-10155...}
InstanceId         : 4726
TimeGenerated      : 5/12/2023 5:58:00 AM
TimeWritten        : 5/12/2023 5:58:00 AM
UserName           :
Site               :
Container          :

EventID            : 4726
MachineName        : DC.mas-noida.com
Data               : {}
Index              : 21010452
Category           : (13824)
CategoryNumber     : 13824
EntryType          : SuccessAudit
Message            : A user account was deleted.

                     Subject:
                         Security ID:        S-1-5-21-2373504117-2689643630-3100359099-10155
                         Account Name:        ranjeetit
                         Account Domain:        MAS-NOIDA
                         Logon ID:        0x31437027

                     Target Account:
                         Security ID:        S-1-5-21-2373504117-2689643630-3100359099-9701
                         Account Name:        MAS51395
                         Account Domain:        MAS-NOIDA

                     Additional Information:
                         Privileges    -
Source             : Microsoft-Windows-Security-Auditing
ReplacementStrings : {MAS51395, MAS-NOIDA, S-1-5-21-2373504117-2689643630-3100359099-9701,
                     S-1-5-21-2373504117-2689643630-3100359099-10155...}
InstanceId         : 4726
TimeGenerated      : 5/12/2023 5:57:38 AM
TimeWritten        : 5/12/2023 5:57:38 AM
UserName           :
Site               :
Container          :

EventID            : 4726
MachineName        : DC.mas-noida.com
Data               : {}
Index              : 21010423
Category           : (13824)
CategoryNumber     : 13824
EntryType          : SuccessAudit
Message            : A user account was deleted.

                     Subject:
                         Security ID:        S-1-5-21-2373504117-2689643630-3100359099-10155
                         Account Name:        ranjeetit
                         Account Domain:        MAS-NOIDA
                         Logon ID:        0x31436723

                     Target Account:
                         Security ID:        S-1-5-21-2373504117-2689643630-3100359099-12359
                         Account Name:        MAS51750
                         Account Domain:        MAS-NOIDA

                     Additional Information:
                         Privileges    -
Source             : Microsoft-Windows-Security-Auditing
ReplacementStrings : {MAS51750, MAS-NOIDA, S-1-5-21-2373504117-2689643630-3100359099-12359,
                     S-1-5-21-2373504117-2689643630-3100359099-10155...}
InstanceId         : 4726
TimeGenerated      : 5/12/2023 5:57:17 AM
TimeWritten        : 5/12/2023 5:57:17 AM
UserName           :
Site               :
Container          :

EventID            : 4726
MachineName        : DC.mas-noida.com
Data               : {}
Index              : 21010395
Category           : (13824)
CategoryNumber     : 13824
EntryType          : SuccessAudit
Message            : A user account was deleted.

                     Subject:
                         Security ID:        S-1-5-21-2373504117-2689643630-3100359099-10155
                         Account Name:        ranjeetit
                         Account Domain:        MAS-NOIDA
                         Logon ID:        0x31436026

                     Target Account:
                         Security ID:        S-1-5-21-2373504117-2689643630-3100359099-9808
                         Account Name:        MAS52313
                         Account Domain:        MAS-NOIDA

                     Additional Information:
                         Privileges    -
Source             : Microsoft-Windows-Security-Auditing
ReplacementStrings : {MAS52313, MAS-NOIDA, S-1-5-21-2373504117-2689643630-3100359099-9808,
                     S-1-5-21-2373504117-2689643630-3100359099-10155...}
InstanceId         : 4726
TimeGenerated      : 5/12/2023 5:56:50 AM
TimeWritten        : 5/12/2023 5:56:50 AM
UserName           :
Site               :
Container          :

EventID            : 4726
MachineName        : DC.mas-noida.com
Data               : {}
Index              : 21010368
Category           : (13824)
CategoryNumber     : 13824
EntryType          : SuccessAudit
Message            : A user account was deleted.

                     Subject:
                         Security ID:        S-1-5-21-2373504117-2689643630-3100359099-10155
                         Account Name:        ranjeetit
                         Account Domain:        MAS-NOIDA
                         Logon ID:        0x31434f53

                     Target Account:
                         Security ID:        S-1-5-21-2373504117-2689643630-3100359099-11200
                         Account Name:        MAS48874
                         Account Domain:        MAS-NOIDA

                     Additional Information:
                         Privileges    -
Source             : Microsoft-Windows-Security-Auditing
ReplacementStrings : {MAS48874, MAS-NOIDA, S-1-5-21-2373504117-2689643630-3100359099-11200,
                     S-1-5-21-2373504117-2689643630-3100359099-10155...}
InstanceId         : 4726
TimeGenerated      : 5/12/2023 5:56:28 AM
TimeWritten        : 5/12/2023 5:56:28 AM
UserName           :
Site               :
Container          :

EventID            : 4726
MachineName        : DC.mas-noida.com
Data               : {}
Index              : 21010257
Category           : (13824)
CategoryNumber     : 13824
EntryType          : SuccessAudit
Message            : A user account was deleted.

                     Subject:
                         Security ID:        S-1-5-21-2373504117-2689643630-3100359099-10155
                         Account Name:        ranjeetit
                         Account Domain:        MAS-NOIDA
                         Logon ID:        0x31432447

                     Target Account:
                         Security ID:        S-1-5-21-2373504117-2689643630-3100359099-12508
                         Account Name:        MAS51962
                         Account Domain:        MAS-NOIDA

                     Additional Information:
                         Privileges    -
Source             : Microsoft-Windows-Security-Auditing
ReplacementStrings : {MAS51962, MAS-NOIDA, S-1-5-21-2373504117-2689643630-3100359099-12508,
                     S-1-5-21-2373504117-2689643630-3100359099-10155...}
InstanceId         : 4726
TimeGenerated      : 5/12/2023 5:54:50 AM
TimeWritten        : 5/12/2023 5:54:50 AM
UserName           :
Site               :
Container          :

EventID            : 4726
MachineName        : DC.mas-noida.com
Data               : {}
Index              : 21010196
Category           : (13824)
CategoryNumber     : 13824
EntryType          : SuccessAudit
Message            : A user account was deleted.

                     Subject:
                         Security ID:        S-1-5-21-2373504117-2689643630-3100359099-10155
                         Account Name:        ranjeetit
                         Account Domain:        MAS-NOIDA
                         Logon ID:        0x3142cf80

                     Target Account:
                         Security ID:        S-1-5-21-2373504117-2689643630-3100359099-13241
                         Account Name:        MAS52249
                         Account Domain:        MAS-NOIDA

                     Additional Information:
                         Privileges    -
Source             : Microsoft-Windows-Security-Auditing
ReplacementStrings : {MAS52249, MAS-NOIDA, S-1-5-21-2373504117-2689643630-3100359099-13241,
                     S-1-5-21-2373504117-2689643630-3100359099-10155...}
InstanceId         : 4726
TimeGenerated      : 5/12/2023 5:54:25 AM
TimeWritten        : 5/12/2023 5:54:25 AM
UserName           :
Site               :
Container          :

EventID            : 4726
MachineName        : DC.mas-noida.com
Data               : {}
Index              : 20587424
Category           : (13824)
CategoryNumber     : 13824
EntryType          : SuccessAudit
Message            : A user account was deleted.

                     Subject:
                         Security ID:        S-1-5-21-2373504117-2689643630-3100359099-1483
                         Account Name:        mayank
                         Account Domain:        MAS-NOIDA
                         Logon ID:        0x2cf37567

                     Target Account:
                         Security ID:        S-1-5-21-2373504117-2689643630-3100359099-13365
                         Account Name:        MAS52436
                         Account Domain:        MAS-NOIDA

                     Additional Information:
                         Privileges    -
Source             : Microsoft-Windows-Security-Auditing
ReplacementStrings : {MAS52436, MAS-NOIDA, S-1-5-21-2373504117-2689643630-3100359099-13365,
                     S-1-5-21-2373504117-2689643630-3100359099-1483...}
InstanceId         : 4726
TimeGenerated      : 5/9/2023 11:07:48 AM
TimeWritten        : 5/9/2023 11:07:48 AM
UserName           :
Site               :
Container          :

EventID            : 4726
MachineName        : DC.mas-noida.com
Data               : {}
Index              : 20430367
Category           : (13824)
CategoryNumber     : 13824
EntryType          : SuccessAudit
Message            : A user account was deleted.

                     Subject:
                         Security ID:        S-1-5-21-2373504117-2689643630-3100359099-1483
                         Account Name:        mayank
                         Account Domain:        MAS-NOIDA
                         Logon ID:        0x2b683d21

                     Target Account:
                         Security ID:        S-1-5-21-2373504117-2689643630-3100359099-13363
                         Account Name:        MAS52426
                         Account Domain:        MAS-NOIDA

                     Additional Information:
                         Privileges    -
