Source             : Microsoft-Windows-Security-Auditing
ReplacementStrings : {MAS51259, MAS-NOIDA, S-1-5-21-2373504117-2689643630-3100359099-11278,
                     S-1-5-21-2373504117-2689643630-3100359099-10155...}
InstanceId         : 4726
TimeGenerated      : 4/9/2023 12:15:33 PM
TimeWritten        : 4/9/2023 12:15:33 PM
UserName           :
Site               :
Container          :

EventID            : 4726
MachineName        : DC.mas-noida.com
Data               : {}
Index              : 16126598
Category           : (13824)
CategoryNumber     : 13824
EntryType          : SuccessAudit
Message            : A user account was deleted.

                     Subject:
                         Security ID:        S-1-5-21-2373504117-2689643630-3100359099-10155
                         Account Name:        ranjeetit
                         Account Domain:        MAS-NOIDA
                         Logon ID:        0xd95c69e2

                     Target Account:
                         Security ID:        S-1-5-21-2373504117-2689643630-3100359099-12108
                         Account Name:        MAS51535
                         Account Domain:        MAS-NOIDA

                     Additional Information:
                         Privileges    -
Source             : Microsoft-Windows-Security-Auditing
ReplacementStrings : {MAS51535, MAS-NOIDA, S-1-5-21-2373504117-2689643630-3100359099-12108,
                     S-1-5-21-2373504117-2689643630-3100359099-10155...}
InstanceId         : 4726
TimeGenerated      : 4/9/2023 12:15:01 PM
TimeWritten        : 4/9/2023 12:15:01 PM
UserName           :
Site               :
Container          :

EventID            : 4726
MachineName        : DC.mas-noida.com
Data               : {}
Index              : 16126547
Category           : (13824)
CategoryNumber     : 13824
EntryType          : SuccessAudit
Message            : A user account was deleted.

                     Subject:
                         Security ID:        S-1-5-21-2373504117-2689643630-3100359099-10155
                         Account Name:        ranjeetit
                         Account Domain:        MAS-NOIDA
                         Logon ID:        0xd95c5cd8

                     Target Account:
                         Security ID:        S-1-5-21-2373504117-2689643630-3100359099-9753
                         Account Name:        MAS52107
                         Account Domain:        MAS-NOIDA

                     Additional Information:
                         Privileges    -
Source             : Microsoft-Windows-Security-Auditing
ReplacementStrings : {MAS52107, MAS-NOIDA, S-1-5-21-2373504117-2689643630-3100359099-9753,
                     S-1-5-21-2373504117-2689643630-3100359099-10155...}
InstanceId         : 4726
TimeGenerated      : 4/9/2023 12:14:38 PM
TimeWritten        : 4/9/2023 12:14:38 PM
UserName           :
Site               :
Container          :

EventID            : 4726
MachineName        : DC.mas-noida.com
Data               : {}
Index              : 16126475
Category           : (13824)
CategoryNumber     : 13824
EntryType          : SuccessAudit
Message            : A user account was deleted.

                     Subject:
                         Security ID:        S-1-5-21-2373504117-2689643630-3100359099-10155
                         Account Name:        ranjeetit
                         Account Domain:        MAS-NOIDA
                         Logon ID:        0xd95c3be1

                     Target Account:
                         Security ID:        S-1-5-21-2373504117-2689643630-3100359099-10196
                         Account Name:        MAS50619
                         Account Domain:        MAS-NOIDA

                     Additional Information:
                         Privileges    -
Source             : Microsoft-Windows-Security-Auditing
ReplacementStrings : {MAS50619, MAS-NOIDA, S-1-5-21-2373504117-2689643630-3100359099-10196,
                     S-1-5-21-2373504117-2689643630-3100359099-10155...}
InstanceId         : 4726
TimeGenerated      : 4/9/2023 12:14:10 PM
TimeWritten        : 4/9/2023 12:14:10 PM
UserName           :
Site               :
Container          :

EventID            : 4726
MachineName        : DC.mas-noida.com
Data               : {}
Index              : 16126394
Category           : (13824)
CategoryNumber     : 13824
EntryType          : SuccessAudit
Message            : A user account was deleted.

                     Subject:
                         Security ID:        S-1-5-21-2373504117-2689643630-3100359099-10155
                         Account Name:        ranjeetit
                         Account Domain:        MAS-NOIDA
                         Logon ID:        0xd95c2925

                     Target Account:
                         Security ID:        S-1-5-21-2373504117-2689643630-3100359099-6192
                         Account Name:        MAS49067
                         Account Domain:        MAS-NOIDA

                     Additional Information:
                         Privileges    -
Source             : Microsoft-Windows-Security-Auditing
ReplacementStrings : {MAS49067, MAS-NOIDA, S-1-5-21-2373504117-2689643630-3100359099-6192,
                     S-1-5-21-2373504117-2689643630-3100359099-10155...}
InstanceId         : 4726
TimeGenerated      : 4/9/2023 12:13:36 PM
TimeWritten        : 4/9/2023 12:13:36 PM
UserName           :
Site               :
Container          :

EventID            : 4726
MachineName        : DC.mas-noida.com
Data               : {}
Index              : 16126341
Category           : (13824)
CategoryNumber     : 13824
EntryType          : SuccessAudit
Message            : A user account was deleted.

                     Subject:
                         Security ID:        S-1-5-21-2373504117-2689643630-3100359099-10155
                         Account Name:        ranjeetit
                         Account Domain:        MAS-NOIDA
                         Logon ID:        0xd95c19c0

                     Target Account:
                         Security ID:        S-1-5-21-2373504117-2689643630-3100359099-12117
                         Account Name:        MAS51543
                         Account Domain:        MAS-NOIDA

                     Additional Information:
                         Privileges    -
Source             : Microsoft-Windows-Security-Auditing
ReplacementStrings : {MAS51543, MAS-NOIDA, S-1-5-21-2373504117-2689643630-3100359099-12117,
                     S-1-5-21-2373504117-2689643630-3100359099-10155...}
InstanceId         : 4726
TimeGenerated      : 4/9/2023 12:13:06 PM
TimeWritten        : 4/9/2023 12:13:06 PM
UserName           :
Site               :
Container          :

EventID            : 4726
MachineName        : DC.mas-noida.com
Data               : {}
Index              : 16126300
Category           : (13824)
CategoryNumber     : 13824
EntryType          : SuccessAudit
Message            : A user account was deleted.

                     Subject:
                         Security ID:        S-1-5-21-2373504117-2689643630-3100359099-10155
                         Account Name:        ranjeetit
                         Account Domain:        MAS-NOIDA
                         Logon ID:        0xd95c0926

                     Target Account:
                         Security ID:        S-1-5-21-2373504117-2689643630-3100359099-13632
                         Account Name:        MAS52021
                         Account Domain:        MAS-NOIDA

                     Additional Information:
                         Privileges    -
Source             : Microsoft-Windows-Security-Auditing
ReplacementStrings : {MAS52021, MAS-NOIDA, S-1-5-21-2373504117-2689643630-3100359099-13632,
                     S-1-5-21-2373504117-2689643630-3100359099-10155...}
InstanceId         : 4726
TimeGenerated      : 4/9/2023 12:12:40 PM
TimeWritten        : 4/9/2023 12:12:40 PM
UserName           :
Site               :
Container          :

EventID            : 4726
MachineName        : DC.mas-noida.com
Data               : {}
Index              : 16126244
Category           : (13824)
CategoryNumber     : 13824
EntryType          : SuccessAudit
Message            : A user account was deleted.

                     Subject:
                         Security ID:        S-1-5-21-2373504117-2689643630-3100359099-10155
                         Account Name:        ranjeetit
                         Account Domain:        MAS-NOIDA
                         Logon ID:        0xd95bf70b

                     Target Account:
                         Security ID:        S-1-5-21-2373504117-2689643630-3100359099-13627
                         Account Name:        MAS52020
                         Account Domain:        MAS-NOIDA

                     Additional Information:
                         Privileges    -
Source             : Microsoft-Windows-Security-Auditing
ReplacementStrings : {MAS52020, MAS-NOIDA, S-1-5-21-2373504117-2689643630-3100359099-13627,
                     S-1-5-21-2373504117-2689643630-3100359099-10155...}
InstanceId         : 4726
TimeGenerated      : 4/9/2023 12:11:59 PM
TimeWritten        : 4/9/2023 12:11:59 PM
UserName           :
Site               :
Container          :

EventID            : 4726
MachineName        : DC.mas-noida.com
Data               : {}
Index              : 16126173
Category           : (13824)
CategoryNumber     : 13824
EntryType          : SuccessAudit
Message            : A user account was deleted.

                     Subject:
                         Security ID:        S-1-5-21-2373504117-2689643630-3100359099-10155
                         Account Name:        ranjeetit
                         Account Domain:        MAS-NOIDA
                         Logon ID:        0xd95be492

                     Target Account:
                         Security ID:        S-1-5-21-2373504117-2689643630-3100359099-13618
                         Account Name:        MAS52016
                         Account Domain:        MAS-NOIDA

                     Additional Information:
                         Privileges    -
Source             : Microsoft-Windows-Security-Auditing
ReplacementStrings : {MAS52016, MAS-NOIDA, S-1-5-21-2373504117-2689643630-3100359099-13618,
                     S-1-5-21-2373504117-2689643630-3100359099-10155...}
InstanceId         : 4726
TimeGenerated      : 4/9/2023 12:11:26 PM
TimeWritten        : 4/9/2023 12:11:26 PM
UserName           :
Site               :
Container          :

EventID            : 4726
MachineName        : DC.mas-noida.com
Data               : {}
Index              : 15595558
Category           : (13824)
CategoryNumber     : 13824
EntryType          : SuccessAudit
Message            : A user account was deleted.

                     Subject:
                         Security ID:        S-1-5-21-2373504117-2689643630-3100359099-1499
                         Account Name:        anupk
                         Account Domain:        MAS-NOIDA
                         Logon ID:        0xccf36676

                     Target Account:
                         Security ID:        S-1-5-21-2373504117-2689643630-3100359099-6880
                         Account Name:        NOI2341
                         Account Domain:        MAS-NOIDA

                     Additional Information:
                         Privileges    -
Source             : Microsoft-Windows-Security-Auditing
ReplacementStrings : {NOI2341, MAS-NOIDA, S-1-5-21-2373504117-2689643630-3100359099-6880,
                     S-1-5-21-2373504117-2689643630-3100359099-1499...}
InstanceId         : 4726
TimeGenerated      : 4/6/2023 10:43:06 AM
TimeWritten        : 4/6/2023 10:43:06 AM
UserName           :
Site               :
Container          :

EventID            : 4726
MachineName        : DC.mas-noida.com
Data               : {}
Index              : 15595458
Category           : (13824)
CategoryNumber     : 13824
EntryType          : SuccessAudit
Message            : A user account was deleted.

                     Subject:
                         Security ID:        S-1-5-21-2373504117-2689643630-3100359099-1499
                         Account Name:        anupk
                         Account Domain:        MAS-NOIDA
                         Logon ID:        0xccedba3a

                     Target Account:
                         Security ID:        S-1-5-21-2373504117-2689643630-3100359099-7667
                         Account Name:        MAS50131
                         Account Domain:        MAS-NOIDA

                     Additional Information:
                         Privileges    -
Source             : Microsoft-Windows-Security-Auditing
ReplacementStrings : {MAS50131, MAS-NOIDA, S-1-5-21-2373504117-2689643630-3100359099-7667,
                     S-1-5-21-2373504117-2689643630-3100359099-1499...}
InstanceId         : 4726
TimeGenerated      : 4/6/2023 10:42:48 AM
TimeWritten        : 4/6/2023 10:42:48 AM
UserName           :
Site               :
Container          :

EventID            : 4726
MachineName        : DC.mas-noida.com
Data               : {}
Index              : 14759372
Category           : (13824)
CategoryNumber     : 13824
EntryType          : SuccessAudit
Message            : A user account was deleted.

                     Subject:
                         Security ID:        S-1-5-21-2373504117-2689643630-3100359099-4389
                         Account Name:        Ritik
                         Account Domain:        MAS-NOIDA
                         Logon ID:        0xb89d9a76

                     Target Account:
                         Security ID:        S-1-5-21-2373504117-2689643630-3100359099-13642
                         Account Name:        MAS52149
                         Account Domain:        MAS-NOIDA

                     Additional Information:
                         Privileges    -
Source             : Microsoft-Windows-Security-Auditing
ReplacementStrings : {MAS52149, MAS-NOIDA, S-1-5-21-2373504117-2689643630-3100359099-13642,
                     S-1-5-21-2373504117-2689643630-3100359099-4389...}
InstanceId         : 4726
TimeGenerated      : 4/1/2023 4:11:59 PM
TimeWritten        : 4/1/2023 4:11:59 PM
UserName           :
Site               :
Container          :

EventID            : 4726
MachineName        : DC.mas-noida.com
Data               : {}
Index              : 14556130
Category           : (13824)
CategoryNumber     : 13824
EntryType          : SuccessAudit
Message            : A user account was deleted.

                     Subject:
                         Security ID:        S-1-5-21-2373504117-2689643630-3100359099-3849
                         Account Name:        soorajk
                         Account Domain:        MAS-NOIDA
                         Logon ID:        0xb6fd9420

                     Target Account:
                         Security ID:        S-1-5-21-2373504117-2689643630-3100359099-13159
                         Account Name:        MAS52177
                         Account Domain:        MAS-NOIDA

  Windows PowerShell
Copyright (C) 2014 Microsoft Corporation. All rights reserved.

PS C:\Users\Administrator.MAS-NOIDA> Get-EventLog -LogName Security | Where-Object {$_.EventID -eq 4726} | Select-Object
 -Property *


EventID            : 4726
MachineName        : DC.mas-noida.com
Data               : {}
Index              : 24168852
Category           : (13824)
CategoryNumber     : 13824
EntryType          : SuccessAudit
Message            : A user account was deleted.

                     Subject:
                         Security ID:        S-1-5-21-2373504117-2689643630-3100359099-4389
                         Account Name:        Ritik
                         Account Domain:        MAS-NOIDA
                         Logon ID:        0xeef57a

                     Target Account:
                         Security ID:        S-1-5-21-2373504117-2689643630-3100359099-10836
                         Account Name:        MAS51875
                         Account Domain:        MAS-NOIDA

                     Additional Information:
                         Privileges    -
Source             : Microsoft-Windows-Security-Auditing
ReplacementStrings : {MAS51875, MAS-NOIDA, S-1-5-21-2373504117-2689643630-3100359099-10836,
                     S-1-5-21-2373504117-2689643630-3100359099-4389...}
InstanceId         : 4726
TimeGenerated      : 6/2/2023 11:01:55 AM
TimeWritten        : 6/2/2023 11:01:55 AM
UserName           :
Site               :
Container          :

EventID            : 4726
MachineName        : DC.mas-noida.com
Data               : {}
Index              : 24139881
Category           : (13824)
CategoryNumber     : 13824
EntryType          : SuccessAudit
Message            : A user account was deleted.

                     Subject:
                         Security ID:        S-1-5-21-2373504117-2689643630-3100359099-1483
                         Account Name:        mayank
                         Account Domain:        MAS-NOIDA
                         Logon ID:        0x2b3abd7b

                     Target Account:
                         Security ID:        S-1-5-21-2373504117-2689643630-3100359099-13438
                         Account Name:        MAS52237
                         Account Domain:        MAS-NOIDA

                     Additional Information:
                         Privileges    -
Source             : Microsoft-Windows-Security-Auditing
ReplacementStrings : {MAS52237, MAS-NOIDA, S-1-5-21-2373504117-2689643630-3100359099-13438,
                     S-1-5-21-2373504117-2689643630-3100359099-1483...}
InstanceId         : 4726
TimeGenerated      : 6/2/2023 5:06:58 AM
TimeWritten        : 6/2/2023 5:06:58 AM
UserName           :
Site               :
Container          :

EventID            : 4726
MachineName        : DC.mas-noida.com
Data               : {}
Index              : 24139852
Category           : (13824)
CategoryNumber     : 13824
EntryType          : SuccessAudit
Message            : A user account was deleted.

                     Subject:
                         Security ID:        S-1-5-21-2373504117-2689643630-3100359099-1483
                         Account Name:        mayank
                         Account Domain:        MAS-NOIDA
                         Logon ID:        0x2b3abd7b

                     Target Account:
                         Security ID:        S-1-5-21-2373504117-2689643630-3100359099-11085
                         Account Name:        MAS52582
                         Account Domain:        MAS-NOIDA

                     Additional Information:
                         Privileges    -
Source             : Microsoft-Windows-Security-Auditing
ReplacementStrings : {MAS52582, MAS-NOIDA, S-1-5-21-2373504117-2689643630-3100359099-11085,
                     S-1-5-21-2373504117-2689643630-3100359099-1483...}
InstanceId         : 4726
TimeGenerated      : 6/2/2023 5:06:44 AM
TimeWritten        : 6/2/2023 5:06:44 AM
UserName           :
Site               :
Container          :

EventID            : 4726
MachineName        : DC.mas-noida.com
Data               : {}
Index              : 24139833
Category           : (13824)
CategoryNumber     : 13824
EntryType          : SuccessAudit
Message            : A user account was deleted.

                     Subject:
                         Security ID:        S-1-5-21-2373504117-2689643630-3100359099-1483
                         Account Name:        mayank
                         Account Domain:        MAS-NOIDA
                         Logon ID:        0x2b3abd7b

                     Target Account:
                         Security ID:        S-1-5-21-2373504117-2689643630-3100359099-13429
                         Account Name:        MAS52588
                         Account Domain:        MAS-NOIDA

                     Additional Information:
                         Privileges    -
Source             : Microsoft-Windows-Security-Auditing
ReplacementStrings : {MAS52588, MAS-NOIDA, S-1-5-21-2373504117-2689643630-3100359099-13429,
                     S-1-5-21-2373504117-2689643630-3100359099-1483...}
InstanceId         : 4726
TimeGenerated      : 6/2/2023 5:06:29 AM
TimeWritten        : 6/2/2023 5:06:29 AM
UserName           :
Site               :
Container          :

EventID            : 4726
MachineName        : DC.mas-noida.com
Data               : {}
Index              : 24139797
Category           : (13824)
CategoryNumber     : 13824
EntryType          : SuccessAudit
Message            : A user account was deleted.

                     Subject:
                         Security ID:        S-1-5-21-2373504117-2689643630-3100359099-1483
                         Account Name:        mayank
                         Account Domain:        MAS-NOIDA
                         Logon ID:        0x2b3abd7b

                     Target Account:
                         Security ID:        S-1-5-21-2373504117-2689643630-3100359099-13426
                         Account Name:        MAS52591
                         Account Domain:        MAS-NOIDA

                     Additional Information:
                         Privileges    -
Source             : Microsoft-Windows-Security-Auditing
ReplacementStrings : {MAS52591, MAS-NOIDA, S-1-5-21-2373504117-2689643630-3100359099-13426,
                     S-1-5-21-2373504117-2689643630-3100359099-1483...}
InstanceId         : 4726
TimeGenerated      : 6/2/2023 5:06:10 AM
TimeWritten        : 6/2/2023 5:06:10 AM
UserName           :
Site               :
Container          :

EventID            : 4726
MachineName        : DC.mas-noida.com
Data               : {}
Index              : 24124432
Category           : (13824)
CategoryNumber     : 13824
EntryType          : SuccessAudit
Message            : A user account was deleted.

                     Subject:
                         Security ID:        S-1-5-21-2373504117-2689643630-3100359099-1483
                         Account Name:        mayank
                         Account Domain:        MAS-NOIDA
                         Logon ID:        0x2b16b2b0

                     Target Account:
                         Security ID:        S-1-5-21-2373504117-2689643630-3100359099-5351
                         Account Name:        MAS49628
                         Account Domain:        MAS-NOIDA

                     Additional Information:
                         Privileges    -
Source             : Microsoft-Windows-Security-Auditing
ReplacementStrings : {MAS49628, MAS-NOIDA, S-1-5-21-2373504117-2689643630-3100359099-5351,
                     S-1-5-21-2373504117-2689643630-3100359099-1483...}
InstanceId         : 4726
TimeGenerated      : 6/2/2023 1:56:08 AM
TimeWritten        : 6/2/2023 1:56:08 AM
UserName           :
Site               :
Container          :

EventID            : 4726
MachineName        : DC.mas-noida.com
Data               : {}
Index              : 24124344
Category           : (13824)
CategoryNumber     : 13824
EntryType          : SuccessAudit
Message            : A user account was deleted.

                     Subject:
                         Security ID:        S-1-5-21-2373504117-2689643630-3100359099-1483
                         Account Name:        mayank
                         Account Domain:        MAS-NOIDA
                         Logon ID:        0x2b16b2b0

                     Target Account:
                         Security ID:        S-1-5-21-2373504117-2689643630-3100359099-13625
                         Account Name:        MAS52022
                         Account Domain:        MAS-NOIDA

                     Additional Information:
                         Privileges    -
Source             : Microsoft-Windows-Security-Auditing
ReplacementStrings : {MAS52022, MAS-NOIDA, S-1-5-21-2373504117-2689643630-3100359099-13625,
                     S-1-5-21-2373504117-2689643630-3100359099-1483...}
InstanceId         : 4726
TimeGenerated      : 6/2/2023 1:54:54 AM
TimeWritten        : 6/2/2023 1:54:54 AM
UserName           :
Site               :
Container          :

EventID            : 4726
MachineName        : DC.mas-noida.com
Data               : {}
Index              : 24041776
Category           : (13824)
CategoryNumber     : 13824
EntryType          : SuccessAudit
Message            : A user account was deleted.

                     Subject:
                         Security ID:        S-1-5-21-2373504117-2689643630-3100359099-4389
                         Account Name:        Ritik
                         Account Domain:        MAS-NOIDA
                         Logon ID:        0xeef57a

                     Target Account:
                         Security ID:        S-1-5-21-2373504117-2689643630-3100359099-12181
                         Account Name:        IDC51588
                         Account Domain:        MAS-NOIDA

                     Additional Information:
                         Privileges    -
Source             : Microsoft-Windows-Security-Auditing
ReplacementStrings : {IDC51588, MAS-NOIDA, S-1-5-21-2373504117-2689643630-3100359099-12181,
                     S-1-5-21-2373504117-2689643630-3100359099-4389...}
InstanceId         : 4726
TimeGenerated      : 6/1/2023 3:11:48 PM
TimeWritten        : 6/1/2023 3:11:48 PM
UserName           :
Site               :
Container          :

EventID            : 4726
MachineName        : DC.mas-noida.com
Data               : {}
Index              : 24041708
Category           : (13824)
CategoryNumber     : 13824
EntryType          : SuccessAudit
Message            : A user account was deleted.

                     Subject:
                         Security ID:        S-1-5-21-2373504117-2689643630-3100359099-4389
                         Account Name:        Ritik
                         Account Domain:        MAS-NOIDA
                         Logon ID:        0xeef57a

                     Target Account:
                         Security ID:        S-1-5-21-2373504117-2689643630-3100359099-10103
                         Account Name:        MAS50542
                         Account Domain:        MAS-NOIDA

                     Additional Information:
                         Privileges    -
Source             : Microsoft-Windows-Security-Auditing
ReplacementStrings : {MAS50542, MAS-NOIDA, S-1-5-21-2373504117-2689643630-3100359099-10103,
                     S-1-5-21-2373504117-2689643630-3100359099-4389...}
InstanceId         : 4726
TimeGenerated      : 6/1/2023 3:11:27 PM
TimeWritten        : 6/1/2023 3:11:27 PM
UserName           :
Site               :
Container          :

EventID            : 4726
MachineName        : DC.mas-noida.com
Data               : {}
Index              : 24041694
Category           : (13824)
CategoryNumber     : 13824
EntryType          : SuccessAudit
Message            : A user account was deleted.

                     Subject:
                         Security ID:        S-1-5-21-2373504117-2689643630-3100359099-4389
                         Account Name:        Ritik
                         Account Domain:        MAS-NOIDA
                         Logon ID:        0xeef57a

                     Target Account:
                         Security ID:        S-1-5-21-2373504117-2689643630-3100359099-11288
                         Account Name:        MAS51295
                         Account Domain:        MAS-NOIDA

                     Additional Information:
                         Privileges    -
Source             : Microsoft-Windows-Security-Auditing
ReplacementStrings : {MAS51295, MAS-NOIDA, S-1-5-21-2373504117-2689643630-3100359099-11288,
                     S-1-5-21-2373504117-2689643630-3100359099-4389...}
InstanceId         : 4726
TimeGenerated      : 6/1/2023 3:11:22 PM
TimeWritten        : 6/1/2023 3:11:22 PM
UserName           :
Site               :
Container          :

EventID            : 4726
MachineName        : DC.mas-noida.com
Data               : {}
Index              : 24041686
Category           : (13824)
CategoryNumber     : 13824
EntryType          : SuccessAudit
Message            : A user account was deleted.

                     Subject:
                         Security ID:        S-1-5-21-2373504117-2689643630-3100359099-4389
                         Account Name:        Ritik
                         Account Domain:        MAS-NOIDA
                         Logon ID:        0xeef57a

                     Target Account:
                         Security ID:        S-1-5-21-2373504117-2689643630-3100359099-10107
                         Account Name:        MAS50537
                         Account Domain:        MAS-NOIDA

                     Additional Information:
                         Privileges    -
Source             : Microsoft-Windows-Security-Auditing
ReplacementStrings : {MAS50537, MAS-NOIDA, S-1-5-21-2373504117-2689643630-3100359099-10107,
                     S-1-5-21-2373504117-2689643630-3100359099-4389...}
InstanceId         : 4726
TimeGenerated      : 6/1/2023 3:11:18 PM
TimeWritten        : 6/1/2023 3:11:18 PM
UserName           :
Site               :
Container          :

EventID            : 4726
MachineName        : DC.mas-noida.com
Data               : {}
Index              : 24041679
Category           : (13824)
CategoryNumber     : 13824
EntryType          : SuccessAudit
Message            : A user account was deleted.

                     Subject:
                         Security ID:        S-1-5-21-2373504117-2689643630-3100359099-4389
                         Account Name:        Ritik
                         Account Domain:        MAS-NOIDA
                         Logon ID:        0xeef57a

                     Target Account:
                         Security ID:        S-1-5-21-2373504117-2689643630-3100359099-12523
                         Account Name:        IDC51927
                         Account Domain:        MAS-NOIDA

                     Additional Information:
                         Privileges    -
Source             : Microsoft-Windows-Security-Auditing
ReplacementStrings : {IDC51927, MAS-NOIDA, S-1-5-21-2373504117-2689643630-3100359099-12523,
                     S-1-5-21-2373504117-2689643630-3100359099-4389...}
InstanceId         : 4726
TimeGenerated      : 6/1/2023 3:11:15 PM
TimeWritten        : 6/1/2023 3:11:15 PM
UserName           :
Site               :
Container          :

EventID            : 4726
MachineName        : DC.mas-noida.com
Data               : {}
Index              : 24041629
Category           : (13824)
CategoryNumber     : 13824
EntryType          : SuccessAudit
Message            : A user account was deleted.

                     Subject:
                         Security ID:        S-1-5-21-2373504117-2689643630-3100359099-4389
                         Account Name:        Ritik
                         Account Domain:        MAS-NOIDA
                         Logon ID:        0xeef57a

                     Target Account:
                         Security ID:        S-1-5-21-2373504117-2689643630-3100359099-10304
                         Account Name:        MAS50809
                         Account Domain:        MAS-NOIDA

                     Additional Information:
                         Privileges    -
Source             : Microsoft-Windows-Security-Auditing
ReplacementStrings : {MAS50809, MAS-NOIDA, S-1-5-21-2373504117-2689643630-3100359099-10304,
                     S-1-5-21-2373504117-2689643630-3100359099-4389...}
InstanceId         : 4726
TimeGenerated      : 6/1/2023 3:11:08 PM
TimeWritten        : 6/1/2023 3:11:08 PM
UserName           :
Site               :
Container          :

EventID            : 4726
MachineName        : DC.mas-noida.com
Data               : {}
Index              : 24041607
Category           : (13824)
CategoryNumber     : 13824
EntryType          : SuccessAudit
Message            : A user account was deleted.

                     Subject:
                         Security ID:        S-1-5-21-2373504117-2689643630-3100359099-4389
                         Account Name:        Ritik
                         Account Domain:        MAS-NOIDA
                         Logon ID:        0xeef57a

                     Target Account:
                         Security ID:        S-1-5-21-2373504117-2689643630-3100359099-10468
                         Account Name:        MAS50938
                         Account Domain:        MAS-NOIDA

                     Additional Information:
                         Privileges    -
Source             : Microsoft-Windows-Security-Auditing
ReplacementStrings : {MAS50938, MAS-NOIDA, S-1-5-21-2373504117-2689643630-3100359099-10468,
                     S-1-5-21-2373504117-2689643630-3100359099-4389...}
InstanceId         : 4726
TimeGenerated      : 6/1/2023 3:11:03 PM
TimeWritten        : 6/1/2023 3:11:03 PM
UserName           :
Site               :
Container          :

EventID            : 4726
MachineName        : DC.mas-noida.com
Data               : {}
Index              : 24041407
Category           : (13824)
CategoryNumber     : 13824
EntryType          : SuccessAudit
Message            : A user account was deleted.

                     Subject:
                         Security ID:        S-1-5-21-2373504117-2689643630-3100359099-4389
                         Account Name:        Ritik
                         Account Domain:        MAS-NOIDA
                         Logon ID:        0xeef57a

                     Target Account:
                         Security ID:        S-1-5-21-2373504117-2689643630-3100359099-12180
                         Account Name:        IDC51591
                         Account Domain:        MAS-NOIDA

                     Additional Information:
                         Privileges    -
Source             : Microsoft-Windows-Security-Auditing
ReplacementStrings : {IDC51591, MAS-NOIDA, S-1-5-21-2373504117-2689643630-3100359099-12180,
                     S-1-5-21-2373504117-2689643630-3100359099-4389...}
InstanceId         : 4726
TimeGenerated      : 6/1/2023 3:09:47 PM
TimeWritten        : 6/1/2023 3:09:47 PM
UserName           :
Site               :
Container          :

EventID            : 4726
MachineName        : DC.mas-noida.com
Data               : {}
Index              : 24009754
Category           : (13824)
CategoryNumber     : 13824
EntryType          : SuccessAudit
Message            : A user account was deleted.

                     Subject:
                         Security ID:        S-1-5-21-2373504117-2689643630-3100359099-1499
                         Account Name:        anupk
                         Account Domain:        MAS-NOIDA
                         Logon ID:        0x2a4f4ece

                     Target Account:
                         Security ID:        S-1-5-21-2373504117-2689643630-3100359099-10405
                         Account Name:        MAS50877
                         Account Domain:        MAS-NOIDA

                     Additional Information:
                         Privileges    -
Source             : Microsoft-Windows-Security-Auditing
ReplacementStrings : {MAS50877, MAS-NOIDA, S-1-5-21-2373504117-2689643630-3100359099-10405,
                     S-1-5-21-2373504117-2689643630-3100359099-1499...}
InstanceId         : 4726
TimeGenerated      : 6/1/2023 12:05:20 PM
TimeWritten        : 6/1/2023 12:05:20 PM
UserName           :
Site               :
Container          :

EventID            : 4726
MachineName        : DC.mas-noida.com
Data               : {}
Index              : 23876550
Category           : (13824)
CategoryNumber     : 13824
EntryType          : SuccessAudit
Message            : A user account was deleted.

                     Subject:
                         Security ID:        S-1-5-21-2373504117-2689643630-3100359099-4389
                         Account Name:        Ritik
                         Account Domain:        MAS-NOIDA
                         Logon ID:        0xeef57a

                     Target Account:
                         Security ID:        S-1-5-21-2373504117-2689643630-3100359099-10854
                         Account Name:        MAS51943
                         Account Domain:        MAS-NOIDA

                     Additional Information:
                         Privileges    -
Source             : Microsoft-Windows-Security-Auditing
ReplacementStrings : {MAS51943, MAS-NOIDA, S-1-5-21-2373504117-2689643630-3100359099-10854,
                     S-1-5-21-2373504117-2689643630-3100359099-4389...}
InstanceId         : 4726
TimeGenerated      : 5/31/2023 3:29:08 PM
TimeWritten        : 5/31/2023 3:29:08 PM
UserName           :
Site               :
Container          :

EventID            : 4726
MachineName        : DC.mas-noida.com
Data               : {}
Index              : 23847214
Category           : (13824)
CategoryNumber     : 13824
EntryType          : SuccessAudit
Message            : A user account was deleted.

                     Subject:
                         Security ID:        S-1-5-21-2373504117-2689643630-3100359099-4389
                         Account Name:        Ritik
                         Account Domain:        MAS-NOIDA
                         Logon ID:        0xeef57a

                     Target Account:
                         Security ID:        S-1-5-21-2373504117-2689643630-3100359099-13233
                         Account Name:        MAS52239
                         Account Domain:        MAS-NOIDA

                     Additional Information:
                         Privileges    -
Source             : Microsoft-Windows-Security-Auditing
ReplacementStrings : {MAS52239, MAS-NOIDA, S-1-5-21-2373504117-2689643630-3100359099-13233,
                     S-1-5-21-2373504117-2689643630-3100359099-4389...}
InstanceId         : 4726
TimeGenerated      : 5/31/2023 12:01:08 PM
TimeWritten        : 5/31/2023 12:01:08 PM
UserName           :
Site               :
Container          :

EventID            : 4726
MachineName        : DC.mas-noida.com
Data               : {}
Index              : 23538481
Category           : (13824)
CategoryNumber     : 13824
EntryType          : SuccessAudit
Message            : A user account was deleted.

                     Subject:
                         Security ID:        S-1-5-21-2373504117-2689643630-3100359099-4389
                         Account Name:        Ritik
                         Account Domain:        MAS-NOIDA
                         Logon ID:        0xeef57a

                     Target Account:
                         Security ID:        S-1-5-21-2373504117-2689643630-3100359099-13446
                         Account Name:        MAS52604
                         Account Domain:        MAS-NOIDA

                     Additional Information:
                         Privileges    -
Source             : Microsoft-Windows-Security-Auditing
ReplacementStrings : {MAS52604, MAS-NOIDA, S-1-5-21-2373504117-2689643630-3100359099-13446,
                     S-1-5-21-2373504117-2689643630-3100359099-4389...}
InstanceId         : 4726
TimeGenerated      : 5/29/2023 1:21:26 PM
TimeWritten        : 5/29/2023 1:21:26 PM
UserName           :
Site               :
Container          :

EventID            : 4726
MachineName        : DC.mas-noida.com
Data               : {}
Index              : 23538456
Category           : (13824)
CategoryNumber     : 13824
EntryType          : SuccessAudit
Message            : A user account was deleted.

                     Subject:
                         Security ID:        S-1-5-21-2373504117-2689643630-3100359099-4389
                         Account Name:        Ritik
                         Account Domain:        MAS-NOIDA
                         Logon ID:        0xeef57a

                     Target Account:
                         Security ID:        S-1-5-21-2373504117-2689643630-3100359099-13445
                         Account Name:        MAS52603
                         Account Domain:        MAS-NOIDA

                     Additional Information:
                         Privileges    -
Source             : Microsoft-Windows-Security-Auditing
ReplacementStrings : {MAS52603, MAS-NOIDA, S-1-5-21-2373504117-2689643630-3100359099-13445,
                     S-1-5-21-2373504117-2689643630-3100359099-4389...}
InstanceId         : 4726
TimeGenerated      : 5/29/2023 1:21:14 PM
TimeWritten        : 5/29/2023 1:21:14 PM
UserName           :
Site               :
Container          :

EventID            : 4726
MachineName        : DC.mas-noida.com
Data               : {}
Index              : 23525002
Category           : (13824)
CategoryNumber     : 13824
EntryType          : SuccessAudit
Message            : A user account was deleted.

                     Subject:
                         Security ID:        S-1-5-21-2373504117-2689643630-3100359099-1499
                         Account Name:        anupk
                         Account Domain:        MAS-NOIDA
                         Logon ID:        0x26a67cb5

                     Target Account:
                         Security ID:        S-1-5-21-2373504117-2689643630-3100359099-13735
                         Account Name:        MAS52519
                         Account Domain:        MAS-NOIDA

                     Additional Information:
                         Privileges    -
Source             : Microsoft-Windows-Security-Auditing
ReplacementStrings : {MAS52519, MAS-NOIDA, S-1-5-21-2373504117-2689643630-3100359099-13735,
                     S-1-5-21-2373504117-2689643630-3100359099-1499...}
InstanceId         : 4726
TimeGenerated      : 5/29/2023 11:36:04 AM
TimeWritten        : 5/29/2023 11:36:04 AM
UserName           :
Site               :
Container          :

EventID            : 4726
MachineName        : DC.mas-noida.com
Data               : {}
Index              : 23497694
Category           : (13824)
CategoryNumber     : 13824
EntryType          : SuccessAudit
Message            : A user account was deleted.

                     Subject:
                         Security ID:        S-1-5-21-2373504117-2689643630-3100359099-10155
                         Account Name:        ranjeetit
                         Account Domain:        MAS-NOIDA
                         Logon ID:        0x2672ea06

                     Target Account:
                         Security ID:        S-1-5-21-2373504117-2689643630-3100359099-13161
                         Account Name:        MAS52162
                         Account Domain:        MAS-NOIDA

                     Additional Information:
                         Privileges    -
Source             : Microsoft-Windows-Security-Auditing
ReplacementStrings : {MAS52162, MAS-NOIDA, S-1-5-21-2373504117-2689643630-3100359099-13161,
                     S-1-5-21-2373504117-2689643630-3100359099-10155...}
InstanceId         : 4726
TimeGenerated      : 5/29/2023 5:54:55 AM
TimeWritten        : 5/29/2023 5:54:55 AM
UserName           :
Site               :
Container          :

EventID            : 4726
MachineName        : DC.mas-noida.com
Data               : {}
Index              : 23497671
Category           : (13824)
CategoryNumber     : 13824
EntryType          : SuccessAudit
Message            : A user account was deleted.

                     Subject:
                         Security ID:        S-1-5-21-2373504117-2689643630-3100359099-10155
                         Account Name:        ranjeetit
                         Account Domain:        MAS-NOIDA
                         Logon ID:        0x2672ea06

                     Target Account:
                         Security ID:        S-1-5-21-2373504117-2689643630-3100359099-10382
                         Account Name:        MAS48104
                         Account Domain:        MAS-NOIDA

                     Additional Information:
                         Privileges    -
Source             : Microsoft-Windows-Security-Auditing
ReplacementStrings : {MAS48104, MAS-NOIDA, S-1-5-21-2373504117-2689643630-3100359099-10382,
                     S-1-5-21-2373504117-2689643630-3100359099-10155...}
InstanceId         : 4726
TimeGenerated      : 5/29/2023 5:54:29 AM
TimeWritten        : 5/29/2023 5:54:29 AM
UserName           :
Site               :
Container          :

EventID            : 4726
MachineName        : DC.mas-noida.com
Data               : {}
Index              : 23497641
Category           : (13824)
CategoryNumber     : 13824
EntryType          : SuccessAudit
Message            : A user account was deleted.

                     Subject:
                         Security ID:        S-1-5-21-2373504117-2689643630-3100359099-10155
                         Account Name:        ranjeetit
                         Account Domain:        MAS-NOIDA
                         Logon ID:        0x2672ea06

                     Target Account:
                         Security ID:        S-1-5-21-2373504117-2689643630-3100359099-9748
                         Account Name:        MAS52085
                         Account Domain:        MAS-NOIDA

                     Additional Information:
                         Privileges    -
Source             : Microsoft-Windows-Security-Auditing
ReplacementStrings : {MAS52085, MAS-NOIDA, S-1-5-21-2373504117-2689643630-3100359099-9748,
                     S-1-5-21-2373504117-2689643630-3100359099-10155...}
InstanceId         : 4726
TimeGenerated      : 5/29/2023 5:54:01 AM
TimeWritten        : 5/29/2023 5:54:01 AM
UserName           :
Site               :
Container          :

EventID            : 4726
MachineName        : DC.mas-noida.com
Data               : {}
Index              : 23497517
Category           : (13824)
CategoryNumber     : 13824
EntryType          : SuccessAudit
Message            : A user account was deleted.

                     Subject:
                         Security ID:        S-1-5-21-2373504117-2689643630-3100359099-10155
                         Account Name:        ranjeetit
                         Account Domain:        MAS-NOIDA
                         Logon ID:        0x2672ea06

                     Target Account:
                         Security ID:        S-1-5-21-2373504117-2689643630-3100359099-7473
                         Account Name:        MAS50960
                         Account Domain:        MAS-NOIDA

                     Additional Information:
                         Privileges    -
Source             : Microsoft-Windows-Security-Auditing
ReplacementStrings : {MAS50960, MAS-NOIDA, S-1-5-21-2373504117-2689643630-3100359099-7473,
                     S-1-5-21-2373504117-2689643630-3100359099-10155...}
InstanceId         : 4726
TimeGenerated      : 5/29/2023 5:52:31 AM
TimeWritten        : 5/29/2023 5:52:31 AM
UserName           :
Site               :
Container          :

EventID            : 4726
MachineName        : DC.mas-noida.com
Data               : {}
Index              : 23497493
Category           : (13824)
CategoryNumber     : 13824
EntryType          : SuccessAudit
Message            : A user account was deleted.

                     Subject:
                         Security ID:        S-1-5-21-2373504117-2689643630-3100359099-10155
                         Account Name:        ranjeetit
                         Account Domain:        MAS-NOIDA
                         Logon ID:        0x2672ea06

                     Target Account:
                         Security ID:        S-1-5-21-2373504117-2689643630-3100359099-12368
                         Account Name:        MAS51742
                         Account Domain:        MAS-NOIDA

                     Additional Information:
                         Privileges    -
Source             : Microsoft-Windows-Security-Auditing
ReplacementStrings : {MAS51742, MAS-NOIDA, S-1-5-21-2373504117-2689643630-3100359099-12368,
                     S-1-5-21-2373504117-2689643630-3100359099-10155...}
InstanceId         : 4726
TimeGenerated      : 5/29/2023 5:52:09 AM
TimeWritten        : 5/29/2023 5:52:09 AM
UserName           :
Site               :
Container          :

EventID            : 4726
MachineName        : DC.mas-noida.com
Data               : {}
Index              : 23497466
Category           : (13824)
CategoryNumber     : 13824
EntryType          : SuccessAudit
Message            : A user account was deleted.

                     Subject:
                         Security ID:        S-1-5-21-2373504117-2689643630-3100359099-10155
                         Account Name:        ranjeetit
                         Account Domain:        MAS-NOIDA
                         Logon ID:        0x2672ea06

                     Target Account:
                         Security ID:        S-1-5-21-2373504117-2689643630-3100359099-12257
                         Account Name:        MAS51677
                         Account Domain:        MAS-NOIDA

                     Additional Information:
                         Privileges    -
