Windows PowerShell
Copyright (C) Microsoft Corporation. All rights reserved.

Install the latest PowerShell for new features and improvements! https://aka.ms/PSWindows

PS C:\WINDOWS\system32> Get-EventLog -LogName Security | Where-Object {$_.EventID -eq 4726} | Select-Object -Property *


EventID            : 4726
MachineName        : DC.mas-noida.com
Data               : {}
Index              : 5883053
Category           : (13824)
CategoryNumber     : 13824
EntryType          : SuccessAudit
Message            : A user account was deleted.

                     Subject:
                        Security ID:            S-1-5-21-2373504117-2689643630-3100359099-1499
                        Account Name:           anupk
                        Account Domain:         MAS-NOIDA
                        Logon ID:               0xdcd2f474

                     Target Account:
                        Security ID:            S-1-5-21-2373504117-2689643630-3100359099-11072
                        Account Name:           MAS48850
                        Account Domain:         MAS-NOIDA

                     Additional Information:
                        Privileges      -
Source             : Microsoft-Windows-Security-Auditing
ReplacementStrings : {MAS48850, MAS-NOIDA, S-1-5-21-2373504117-2689643630-3100359099-11072,
                     S-1-5-21-2373504117-2689643630-3100359099-1499...}
InstanceId         : 4726
TimeGenerated      : 10/16/2023 12:39:59 PM
TimeWritten        : 10/16/2023 12:39:59 PM
UserName           :
Site               :
Container          :

EventID            : 4726
MachineName        : DC.mas-noida.com
Data               : {}
Index              : 5883019
Category           : (13824)
CategoryNumber     : 13824
EntryType          : SuccessAudit
Message            : A user account was deleted.

                     Subject:
                        Security ID:            S-1-5-21-2373504117-2689643630-3100359099-1499
                        Account Name:           anupk
                        Account Domain:         MAS-NOIDA
                        Logon ID:               0xdcd2f474

                     Target Account:
                        Security ID:            S-1-5-21-2373504117-2689643630-3100359099-7993
                        Account Name:           MAS50313
                        Account Domain:         MAS-NOIDA

                     Additional Information:
                        Privileges      -
Source             : Microsoft-Windows-Security-Auditing
ReplacementStrings : {MAS50313, MAS-NOIDA, S-1-5-21-2373504117-2689643630-3100359099-7993,
                     S-1-5-21-2373504117-2689643630-3100359099-1499...}
InstanceId         : 4726
TimeGenerated      : 10/16/2023 12:39:48 PM
TimeWritten        : 10/16/2023 12:39:48 PM
UserName           :
Site               :
Container          :

EventID            : 4726
MachineName        : DC.mas-noida.com
Data               : {}
Index              : 5882979
Category           : (13824)
CategoryNumber     : 13824
EntryType          : SuccessAudit
Message            : A user account was deleted.

                     Subject:
                        Security ID:            S-1-5-21-2373504117-2689643630-3100359099-1499
                        Account Name:           anupk
                        Account Domain:         MAS-NOIDA
                        Logon ID:               0xdcd2f474

                     Target Account:
                        Security ID:            S-1-5-21-2373504117-2689643630-3100359099-9692
                        Account Name:           MAS51097
                        Account Domain:         MAS-NOIDA

                     Additional Information:
                        Privileges      -
Source             : Microsoft-Windows-Security-Auditing
ReplacementStrings : {MAS51097, MAS-NOIDA, S-1-5-21-2373504117-2689643630-3100359099-9692,
                     S-1-5-21-2373504117-2689643630-3100359099-1499...}
InstanceId         : 4726
TimeGenerated      : 10/16/2023 12:39:37 PM
TimeWritten        : 10/16/2023 12:39:37 PM
UserName           :
Site               :
Container          :

EventID            : 4726
MachineName        : DC.mas-noida.com
Data               : {}
Index              : 5882933
Category           : (13824)
CategoryNumber     : 13824
EntryType          : SuccessAudit
Message            : A user account was deleted.

                     Subject:
                        Security ID:            S-1-5-21-2373504117-2689643630-3100359099-1499
                        Account Name:           anupk
                        Account Domain:         MAS-NOIDA
                        Logon ID:               0xdcd2f474

                     Target Account:
                        Security ID:            S-1-5-21-2373504117-2689643630-3100359099-14948
                        Account Name:           MAS53143
                        Account Domain:         MAS-NOIDA

                     Additional Information:
                        Privileges      -
Source             : Microsoft-Windows-Security-Auditing
ReplacementStrings : {MAS53143, MAS-NOIDA, S-1-5-21-2373504117-2689643630-3100359099-14948,
                     S-1-5-21-2373504117-2689643630-3100359099-1499...}
InstanceId         : 4726
TimeGenerated      : 10/16/2023 12:39:26 PM
TimeWritten        : 10/16/2023 12:39:26 PM
UserName           :
Site               :
Container          :

EventID            : 4726
MachineName        : DC.mas-noida.com
Data               : {}
Index              : 5882879
Category           : (13824)
CategoryNumber     : 13824
EntryType          : SuccessAudit
Message            : A user account was deleted.

                     Subject:
                        Security ID:            S-1-5-21-2373504117-2689643630-3100359099-1499
                        Account Name:           anupk
                        Account Domain:         MAS-NOIDA
                        Logon ID:               0xdcd2f474

                     Target Account:
                        Security ID:            S-1-5-21-2373504117-2689643630-3100359099-14997
                        Account Name:           MAS53217
                        Account Domain:         MAS-NOIDA

                     Additional Information:
                        Privileges      -
Source             : Microsoft-Windows-Security-Auditing
ReplacementStrings : {MAS53217, MAS-NOIDA, S-1-5-21-2373504117-2689643630-3100359099-14997,
                     S-1-5-21-2373504117-2689643630-3100359099-1499...}
InstanceId         : 4726
TimeGenerated      : 10/16/2023 12:39:15 PM
TimeWritten        : 10/16/2023 12:39:15 PM
UserName           :
Site               :
Container          :

EventID            : 4726
MachineName        : DC.mas-noida.com
Data               : {}
Index              : 5882854
Category           : (13824)
CategoryNumber     : 13824
EntryType          : SuccessAudit
Message            : A user account was deleted.

                     Subject:
                        Security ID:            S-1-5-21-2373504117-2689643630-3100359099-1499
                        Account Name:           anupk
                        Account Domain:         MAS-NOIDA
                        Logon ID:               0xdcd2f474

                     Target Account:
                        Security ID:            S-1-5-21-2373504117-2689643630-3100359099-15911
                        Account Name:           MAS53708
                        Account Domain:         MAS-NOIDA

                     Additional Information:
                        Privileges      -
Source             : Microsoft-Windows-Security-Auditing
ReplacementStrings : {MAS53708, MAS-NOIDA, S-1-5-21-2373504117-2689643630-3100359099-15911,
                     S-1-5-21-2373504117-2689643630-3100359099-1499...}
InstanceId         : 4726
TimeGenerated      : 10/16/2023 12:39:04 PM
TimeWritten        : 10/16/2023 12:39:04 PM
UserName           :
Site               :
Container          :

EventID            : 4726
MachineName        : DC.mas-noida.com
Data               : {}
Index              : 5882804
Category           : (13824)
CategoryNumber     : 13824
EntryType          : SuccessAudit
Message            : A user account was deleted.

                     Subject:
                        Security ID:            S-1-5-21-2373504117-2689643630-3100359099-1499
                        Account Name:           anupk
                        Account Domain:         MAS-NOIDA
                        Logon ID:               0xdcd2f474

                     Target Account:
                        Security ID:            S-1-5-21-2373504117-2689643630-3100359099-15912
                        Account Name:           MAS53709
                        Account Domain:         MAS-NOIDA

                     Additional Information:
                        Privileges      -
Source             : Microsoft-Windows-Security-Auditing
ReplacementStrings : {MAS53709, MAS-NOIDA, S-1-5-21-2373504117-2689643630-3100359099-15912,
                     S-1-5-21-2373504117-2689643630-3100359099-1499...}
InstanceId         : 4726
TimeGenerated      : 10/16/2023 12:38:46 PM
TimeWritten        : 10/16/2023 12:38:46 PM
UserName           :
Site               :
Container          :

EventID            : 4726
MachineName        : DC.mas-noida.com
Data               : {}
Index              : 5882754
Category           : (13824)
CategoryNumber     : 13824
EntryType          : SuccessAudit
Message            : A user account was deleted.

                     Subject:
                        Security ID:            S-1-5-21-2373504117-2689643630-3100359099-1499
                        Account Name:           anupk
                        Account Domain:         MAS-NOIDA
                        Logon ID:               0xdcd2f474

                     Target Account:
                        Security ID:            S-1-5-21-2373504117-2689643630-3100359099-16643
                        Account Name:           MAS53949
                        Account Domain:         MAS-NOIDA

                     Additional Information:
                        Privileges      -
Source             : Microsoft-Windows-Security-Auditing
ReplacementStrings : {MAS53949, MAS-NOIDA, S-1-5-21-2373504117-2689643630-3100359099-16643,
                     S-1-5-21-2373504117-2689643630-3100359099-1499...}
InstanceId         : 4726
TimeGenerated      : 10/16/2023 12:38:36 PM
TimeWritten        : 10/16/2023 12:38:36 PM
UserName           :
Site               :
Container          :

EventID            : 4726
MachineName        : DC.mas-noida.com
Data               : {}
Index              : 5882729
Category           : (13824)
CategoryNumber     : 13824
EntryType          : SuccessAudit
Message            : A user account was deleted.

                     Subject:
                        Security ID:            S-1-5-21-2373504117-2689643630-3100359099-1499
                        Account Name:           anupk
                        Account Domain:         MAS-NOIDA
                        Logon ID:               0xdcd2f474

                     Target Account:
                        Security ID:            S-1-5-21-2373504117-2689643630-3100359099-16660
                        Account Name:           MAS53966
                        Account Domain:         MAS-NOIDA

                     Additional Information:
                        Privileges      -
Source             : Microsoft-Windows-Security-Auditing
ReplacementStrings : {MAS53966, MAS-NOIDA, S-1-5-21-2373504117-2689643630-3100359099-16660,
                     S-1-5-21-2373504117-2689643630-3100359099-1499...}
InstanceId         : 4726
TimeGenerated      : 10/16/2023 12:38:26 PM
TimeWritten        : 10/16/2023 12:38:26 PM
UserName           :
Site               :
Container          :

EventID            : 4726
MachineName        : DC.mas-noida.com
Data               : {}
Index              : 5882689
Category           : (13824)
CategoryNumber     : 13824
EntryType          : SuccessAudit
Message            : A user account was deleted.

                     Subject:
                        Security ID:            S-1-5-21-2373504117-2689643630-3100359099-1499
                        Account Name:           anupk
                        Account Domain:         MAS-NOIDA
                        Logon ID:               0xdcd2f474

                     Target Account:
                        Security ID:            S-1-5-21-2373504117-2689643630-3100359099-16755
                        Account Name:           MAS54020
                        Account Domain:         MAS-NOIDA

                     Additional Information:
                        Privileges      -
Source             : Microsoft-Windows-Security-Auditing
ReplacementStrings : {MAS54020, MAS-NOIDA, S-1-5-21-2373504117-2689643630-3100359099-16755,
                     S-1-5-21-2373504117-2689643630-3100359099-1499...}
InstanceId         : 4726
TimeGenerated      : 10/16/2023 12:38:14 PM
TimeWritten        : 10/16/2023 12:38:14 PM
UserName           :
Site               :
Container          :

EventID            : 4726
MachineName        : DC.mas-noida.com
Data               : {}
Index              : 5882619
Category           : (13824)
CategoryNumber     : 13824
EntryType          : SuccessAudit
Message            : A user account was deleted.

                     Subject:
                        Security ID:            S-1-5-21-2373504117-2689643630-3100359099-1499
                        Account Name:           anupk
                        Account Domain:         MAS-NOIDA
                        Logon ID:               0xdcd2f474

                     Target Account:
                        Security ID:            S-1-5-21-2373504117-2689643630-3100359099-16759
                        Account Name:           MAS54024
                        Account Domain:         MAS-NOIDA

                     Additional Information:
                        Privileges      -
Source             : Microsoft-Windows-Security-Auditing
ReplacementStrings : {MAS54024, MAS-NOIDA, S-1-5-21-2373504117-2689643630-3100359099-16759,
                     S-1-5-21-2373504117-2689643630-3100359099-1499...}
InstanceId         : 4726
TimeGenerated      : 10/16/2023 12:38:03 PM
TimeWritten        : 10/16/2023 12:38:03 PM
UserName           :
Site               :
Container          :

EventID            : 4726
MachineName        : DC.mas-noida.com
Data               : {}
Index              : 5882555
Category           : (13824)
CategoryNumber     : 13824
EntryType          : SuccessAudit
Message            : A user account was deleted.

                     Subject:
                        Security ID:            S-1-5-21-2373504117-2689643630-3100359099-1499
                        Account Name:           anupk
                        Account Domain:         MAS-NOIDA
                        Logon ID:               0xdcd2f474

                     Target Account:
                        Security ID:            S-1-5-21-2373504117-2689643630-3100359099-16761
                        Account Name:           MAS54026
                        Account Domain:         MAS-NOIDA

                     Additional Information:
                        Privileges      -
Source             : Microsoft-Windows-Security-Auditing
ReplacementStrings : {MAS54026, MAS-NOIDA, S-1-5-21-2373504117-2689643630-3100359099-16761,
                     S-1-5-21-2373504117-2689643630-3100359099-1499...}
InstanceId         : 4726
TimeGenerated      : 10/16/2023 12:37:51 PM
TimeWritten        : 10/16/2023 12:37:51 PM
UserName           :
Site               :
Container          :

EventID            : 4726
MachineName        : DC.mas-noida.com
Data               : {}
Index              : 5882494
Category           : (13824)
CategoryNumber     : 13824
EntryType          : SuccessAudit
Message            : A user account was deleted.

                     Subject:
                        Security ID:            S-1-5-21-2373504117-2689643630-3100359099-1499
                        Account Name:           anupk
                        Account Domain:         MAS-NOIDA
                        Logon ID:               0xdcd2f474

                     Target Account:
                        Security ID:            S-1-5-21-2373504117-2689643630-3100359099-16765
                        Account Name:           MAS54030
                        Account Domain:         MAS-NOIDA

                     Additional Information:
                        Privileges      -
Source             : Microsoft-Windows-Security-Auditing
ReplacementStrings : {MAS54030, MAS-NOIDA, S-1-5-21-2373504117-2689643630-3100359099-16765,
                     S-1-5-21-2373504117-2689643630-3100359099-1499...}
InstanceId         : 4726
TimeGenerated      : 10/16/2023 12:37:39 PM
TimeWritten        : 10/16/2023 12:37:39 PM
UserName           :
Site               :
Container          :

Windows PowerShell
Copyright (C) Microsoft Corporation. All rights reserved.

Install the latest PowerShell for new features and improvements! https://aka.ms/PSWindows

PS C:\WINDOWS\system32> Get-EventLog -LogName Security | Where-Object {$_.EventID -eq 4726} | Select-Object -Property *


EventID            : 4726
MachineName        : DC.mas-noida.com
Data               : {}
Index              : 4903599
Category           : (13824)
CategoryNumber     : 13824
EntryType          : SuccessAudit
Message            : A user account was deleted.

                     Subject:
                        Security ID:            S-1-5-21-2373504117-2689643630-3100359099-1499
                        Account Name:           anupk
                        Account Domain:         MAS-NOIDA
                        Logon ID:               0xb224f898

                     Target Account:
                        Security ID:            S-1-5-21-2373504117-2689643630-3100359099-16638
                        Account Name:           MAS53944
                        Account Domain:         MAS-NOIDA

                     Additional Information:
                        Privileges      -
Source             : Microsoft-Windows-Security-Auditing
ReplacementStrings : {MAS53944, MAS-NOIDA, S-1-5-21-2373504117-2689643630-3100359099-16638,
                     S-1-5-21-2373504117-2689643630-3100359099-1499...}
InstanceId         : 4726
TimeGenerated      : 10/12/2023 4:33:41 PM
TimeWritten        : 10/12/2023 4:33:41 PM
UserName           :
Site               :
Container          :

EventID            : 4726
MachineName        : DC.mas-noida.com
Data               : {}
Index              : 4903432
Category           : (13824)
CategoryNumber     : 13824
EntryType          : SuccessAudit
Message            : A user account was deleted.

                     Subject:
                        Security ID:            S-1-5-21-2373504117-2689643630-3100359099-1499
                        Account Name:           anupk
                        Account Domain:         MAS-NOIDA
                        Logon ID:               0xb224f898

                     Target Account:
                        Security ID:            S-1-5-21-2373504117-2689643630-3100359099-16641
                        Account Name:           MAS53947
                        Account Domain:         MAS-NOIDA

                     Additional Information:
                        Privileges      -
Source             : Microsoft-Windows-Security-Auditing
ReplacementStrings : {MAS53947, MAS-NOIDA, S-1-5-21-2373504117-2689643630-3100359099-16641,
                     S-1-5-21-2373504117-2689643630-3100359099-1499...}
InstanceId         : 4726
TimeGenerated      : 10/12/2023 4:32:52 PM
TimeWritten        : 10/12/2023 4:32:52 PM
UserName           :
Site               :
Container          :

EventID            : 4726
MachineName        : DC.mas-noida.com
Data               : {}
Index              : 4903393
Category           : (13824)
CategoryNumber     : 13824
EntryType          : SuccessAudit
Message            : A user account was deleted.

                     Subject:
                        Security ID:            S-1-5-21-2373504117-2689643630-3100359099-1499
                        Account Name:           anupk
                        Account Domain:         MAS-NOIDA
                        Logon ID:               0xb224f898

                     Target Account:
                        Security ID:            S-1-5-21-2373504117-2689643630-3100359099-16650
                        Account Name:           MAS53956
                        Account Domain:         MAS-NOIDA

                     Additional Information:
                        Privileges      -
Source             : Microsoft-Windows-Security-Auditing
ReplacementStrings : {MAS53956, MAS-NOIDA, S-1-5-21-2373504117-2689643630-3100359099-16650,
                     S-1-5-21-2373504117-2689643630-3100359099-1499...}
InstanceId         : 4726
TimeGenerated      : 10/12/2023 4:32:42 PM
TimeWritten        : 10/12/2023 4:32:42 PM
UserName           :
Site               :
Container          :

EventID            : 4726
MachineName        : DC.mas-noida.com
Data               : {}
Index              : 4765315
Category           : (13824)
CategoryNumber     : 13824
EntryType          : SuccessAudit
Message            : A user account was deleted.

                     Subject:
                        Security ID:            S-1-5-21-2373504117-2689643630-3100359099-1483
                        Account Name:           mayank
                        Account Domain:         MAS-NOIDA
                        Logon ID:               0xa3ecebed

                     Target Account:
                        Security ID:            S-1-5-21-2373504117-2689643630-3100359099-11174
                        Account Name:           MAS51137
                        Account Domain:         MAS-NOIDA

                     Additional Information:
                        Privileges      -
Source             : Microsoft-Windows-Security-Auditing
ReplacementStrings : {MAS51137, MAS-NOIDA, S-1-5-21-2373504117-2689643630-3100359099-11174,
                     S-1-5-21-2373504117-2689643630-3100359099-1483...}
InstanceId         : 4726
TimeGenerated      : 10/12/2023 1:22:19 AM
TimeWritten        : 10/12/2023 1:22:19 AM
UserName           :
Site               :
Container          :

EventID            : 4726
MachineName        : DC.mas-noida.com
Data               : {}
Index              : 4765269
Category           : (13824)
CategoryNumber     : 13824
EntryType          : SuccessAudit
Message            : A user account was deleted.

                     Subject:
                        Security ID:            S-1-5-21-2373504117-2689643630-3100359099-1483
                        Account Name:           mayank
                        Account Domain:         MAS-NOIDA
                        Logon ID:               0xa3ecebed

                     Target Account:
                        Security ID:            S-1-5-21-2373504117-2689643630-3100359099-15724
                        Account Name:           MAS53497
                        Account Domain:         MAS-NOIDA

                     Additional Information:
                        Privileges      -
Source             : Microsoft-Windows-Security-Auditing
ReplacementStrings : {MAS53497, MAS-NOIDA, S-1-5-21-2373504117-2689643630-3100359099-15724,
                     S-1-5-21-2373504117-2689643630-3100359099-1483...}
InstanceId         : 4726
TimeGenerated      : 10/12/2023 1:21:59 AM
TimeWritten        : 10/12/2023 1:21:59 AM
UserName           :
Site               :
Container          :

EventID            : 4726
MachineName        : DC.mas-noida.com
Data               : {}
Index              : 4765206
Category           : (13824)
CategoryNumber     : 13824
EntryType          : SuccessAudit
Message            : A user account was deleted.

                     Subject:
                        Security ID:            S-1-5-21-2373504117-2689643630-3100359099-1483
                        Account Name:           mayank
                        Account Domain:         MAS-NOIDA
                        Logon ID:               0xa3ecebed

                     Target Account:
                        Security ID:            S-1-5-21-2373504117-2689643630-3100359099-14647
                        Account Name:           MAS52809
                        Account Domain:         MAS-NOIDA

                     Additional Information:
                        Privileges      -
Source             : Microsoft-Windows-Security-Auditing
ReplacementStrings : {MAS52809, MAS-NOIDA, S-1-5-21-2373504117-2689643630-3100359099-14647,
                     S-1-5-21-2373504117-2689643630-3100359099-1483...}
InstanceId         : 4726
TimeGenerated      : 10/12/2023 1:21:32 AM
TimeWritten        : 10/12/2023 1:21:32 AM
UserName           :
Site               :
Container          :

EventID            : 4726
MachineName        : DC.mas-noida.com
Data               : {}
Index              : 4765096
Category           : (13824)
CategoryNumber     : 13824
EntryType          : SuccessAudit
Message            : A user account was deleted.

                     Subject:
                        Security ID:            S-1-5-21-2373504117-2689643630-3100359099-1483
                        Account Name:           mayank
                        Account Domain:         MAS-NOIDA
                        Logon ID:               0xa3ecebed

                     Target Account:
                        Security ID:            S-1-5-21-2373504117-2689643630-3100359099-11036
                        Account Name:           MAS52331
                        Account Domain:         MAS-NOIDA

                     Additional Information:
                        Privileges      -
Source             : Microsoft-Windows-Security-Auditing
ReplacementStrings : {MAS52331, MAS-NOIDA, S-1-5-21-2373504117-2689643630-3100359099-11036,
                     S-1-5-21-2373504117-2689643630-3100359099-1483...}
InstanceId         : 4726
TimeGenerated      : 10/12/2023 1:20:59 AM
TimeWritten        : 10/12/2023 1:20:59 AM
UserName           :
Site               :
Container          :

EventID            : 4726
MachineName        : DC.mas-noida.com
Data               : {}
Index              : 4669661
Category           : (13824)
CategoryNumber     : 13824
EntryType          : SuccessAudit
Message            : A user account was deleted.

                     Subject:
                        Security ID:            S-1-5-21-2373504117-2689643630-3100359099-2600
                        Account Name:           prateeks
                        Account Domain:         MAS-NOIDA
                        Logon ID:               0xa0ab4b21

                     Target Account:
                        Security ID:            S-1-5-21-2373504117-2689643630-3100359099-15050
                        Account Name:           MAS53292
                        Account Domain:         MAS-NOIDA

                     Additional Information:
                        Privileges      -
Source             : Microsoft-Windows-Security-Auditing
ReplacementStrings : {MAS53292, MAS-NOIDA, S-1-5-21-2373504117-2689643630-3100359099-15050,
                     S-1-5-21-2373504117-2689643630-3100359099-2600...}
InstanceId         : 4726
TimeGenerated      : 10/11/2023 4:24:52 PM
TimeWritten        : 10/11/2023 4:24:52 PM
UserName           :
Site               :
Container          :

EventID            : 4726
MachineName        : DC.mas-noida.com
Data               : {}
Index              : 4669599
Category           : (13824)
CategoryNumber     : 13824
EntryType          : SuccessAudit
Message            : A user account was deleted.

                     Subject:
                        Security ID:            S-1-5-21-2373504117-2689643630-3100359099-2600
                        Account Name:           prateeks
                        Account Domain:         MAS-NOIDA
                        Logon ID:               0xa0aaf7df

                     Target Account:
                        Security ID:            S-1-5-21-2373504117-2689643630-3100359099-16007
                        Account Name:           MAS53809
                        Account Domain:         MAS-NOIDA

                     Additional Information:
                        Privileges      -
Source             : Microsoft-Windows-Security-Auditing
ReplacementStrings : {MAS53809, MAS-NOIDA, S-1-5-21-2373504117-2689643630-3100359099-16007,
                     S-1-5-21-2373504117-2689643630-3100359099-2600...}
InstanceId         : 4726
TimeGenerated      : 10/11/2023 4:24:38 PM
TimeWritten        : 10/11/2023 4:24:38 PM
UserName           :
Site               :
Container          :

EventID            : 4726
MachineName        : DC.mas-noida.com
Data               : {}
Index              : 4669525
Category           : (13824)
CategoryNumber     : 13824
EntryType          : SuccessAudit
Message            : A user account was deleted.

                     Subject:
                        Security ID:            S-1-5-21-2373504117-2689643630-3100359099-2600
                        Account Name:           prateeks
                        Account Domain:         MAS-NOIDA
                        Logon ID:               0xa0aaa183

                     Target Account:
                        Security ID:            S-1-5-21-2373504117-2689643630-3100359099-15865
                        Account Name:           MAS53661
                        Account Domain:         MAS-NOIDA

                     Additional Information:
                        Privileges      -
Source             : Microsoft-Windows-Security-Auditing
ReplacementStrings : {MAS53661, MAS-NOIDA, S-1-5-21-2373504117-2689643630-3100359099-15865,
                     S-1-5-21-2373504117-2689643630-3100359099-2600...}
InstanceId         : 4726
TimeGenerated      : 10/11/2023 4:24:20 PM
TimeWritten        : 10/11/2023 4:24:20 PM
UserName           :
Site               :
Container          :

EventID            : 4726
MachineName        : DC.mas-noida.com
Data               : {}
Index              : 4647188
Category           : (13824)
CategoryNumber     : 13824
EntryType          : SuccessAudit
Message            : A user account was deleted.

                     Subject:
                        Security ID:            S-1-5-21-2373504117-2689643630-3100359099-2600
                        Account Name:           prateeks
                        Account Domain:         MAS-NOIDA
                        Logon ID:               0x99daf8fb

                     Target Account:
                        Security ID:            S-1-5-21-2373504117-2689643630-3100359099-15927
                        Account Name:           MAS53724
                        Account Domain:         MAS-NOIDA

                     Additional Information:
                        Privileges      -
Source             : Microsoft-Windows-Security-Auditing
ReplacementStrings : {MAS53724, MAS-NOIDA, S-1-5-21-2373504117-2689643630-3100359099-15927,
                     S-1-5-21-2373504117-2689643630-3100359099-2600...}
InstanceId         : 4726
TimeGenerated      : 10/11/2023 2:36:03 PM
TimeWritten        : 10/11/2023 2:36:03 PM
UserName           :
Site               :
Container          :

EventID            : 4726
MachineName        : DC.mas-noida.com
Data               : {}
Index              : 4647070
Category           : (13824)
CategoryNumber     : 13824
EntryType          : SuccessAudit
Message            : A user account was deleted.

                     Subject:
                        Security ID:            S-1-5-21-2373504117-2689643630-3100359099-2600
                        Account Name:           prateeks
                        Account Domain:         MAS-NOIDA
                        Logon ID:               0x99daf8fb

                     Target Account:
                        Security ID:            S-1-5-21-2373504117-2689643630-3100359099-15921
                        Account Name:           MAS53718
                        Account Domain:         MAS-NOIDA

                     Additional Information:
                        Privileges      -
Source             : Microsoft-Windows-Security-Auditing
ReplacementStrings : {MAS53718, MAS-NOIDA, S-1-5-21-2373504117-2689643630-3100359099-15921,
                     S-1-5-21-2373504117-2689643630-3100359099-2600...}
InstanceId         : 4726
TimeGenerated      : 10/11/2023 2:35:34 PM
TimeWritten        : 10/11/2023 2:35:34 PM
UserName           :
Site               :
Container          :

EventID            : 4726
MachineName        : DC.mas-noida.com
Data               : {}
Index              : 4646862
Category           : (13824)
CategoryNumber     : 13824
EntryType          : SuccessAudit
Message            : A user account was deleted.

                     Subject:
                        Security ID:            S-1-5-21-2373504117-2689643630-3100359099-2600
                        Account Name:           prateeks
                        Account Domain:         MAS-NOIDA
                        Logon ID:               0x99daf8fb

                     Target Account:
                        Security ID:            S-1-5-21-2373504117-2689643630-3100359099-15615
                        Account Name:           MAS53377
                        Account Domain:         MAS-NOIDA

                     Additional Information:
                        Privileges      -
Source             : Microsoft-Windows-Security-Auditing
ReplacementStrings : {MAS53377, MAS-NOIDA, S-1-5-21-2373504117-2689643630-3100359099-15615,
                     S-1-5-21-2373504117-2689643630-3100359099-2600...}
InstanceId         : 4726
TimeGenerated      : 10/11/2023 2:34:40 PM
TimeWritten        : 10/11/2023 2:34:40 PM
UserName           :
Site               :
Container          :

EventID            : 4726
MachineName        : DC.mas-noida.com
Data               : {}
Index              : 4646783
Category           : (13824)
CategoryNumber     : 13824
EntryType          : SuccessAudit
Message            : A user account was deleted.

                     Subject:
                        Security ID:            S-1-5-21-2373504117-2689643630-3100359099-2600
                        Account Name:           prateeks
                        Account Domain:         MAS-NOIDA
                        Logon ID:               0x99daf8fb

                     Target Account:
                        Security ID:            S-1-5-21-2373504117-2689643630-3100359099-15613
                        Account Name:           MAS53375
                        Account Domain:         MAS-NOIDA

                     Additional Information:
                        Privileges      -
Source             : Microsoft-Windows-Security-Auditing
ReplacementStrings : {MAS53375, MAS-NOIDA, S-1-5-21-2373504117-2689643630-3100359099-15613,
                     S-1-5-21-2373504117-2689643630-3100359099-2600...}
InstanceId         : 4726
TimeGenerated      : 10/11/2023 2:34:16 PM
TimeWritten        : 10/11/2023 2:34:16 PM
UserName           :
Site               :
Container          :

EventID            : 4726
MachineName        : DC.mas-noida.com
Data               : {}
Index              : 4646719
Category           : (13824)
CategoryNumber     : 13824
EntryType          : SuccessAudit
Message            : A user account was deleted.

                     Subject:
                        Security ID:            S-1-5-21-2373504117-2689643630-3100359099-2600
                        Account Name:           prateeks
                        Account Domain:         MAS-NOIDA
                        Logon ID:               0x99daf8fb

                     Target Account:
                        Security ID:            S-1-5-21-2373504117-2689643630-3100359099-15612
                        Account Name:           MAS53374
                        Account Domain:         MAS-NOIDA

                     Additional Information:
                        Privileges      -
Source             : Microsoft-Windows-Security-Auditing
ReplacementStrings : {MAS53374, MAS-NOIDA, S-1-5-21-2373504117-2689643630-3100359099-15612,
                     S-1-5-21-2373504117-2689643630-3100359099-2600...}
InstanceId         : 4726
TimeGenerated      : 10/11/2023 2:33:58 PM
TimeWritten        : 10/11/2023 2:33:58 PM
UserName           :
Site               :
Container          :

EventID            : 4726
MachineName        : DC.mas-noida.com
Data               : {}
Index              : 4646648
Category           : (13824)
CategoryNumber     : 13824
EntryType          : SuccessAudit
Message            : A user account was deleted.

                     Subject:
                        Security ID:            S-1-5-21-2373504117-2689643630-3100359099-2600
                        Account Name:           prateeks
                        Account Domain:         MAS-NOIDA
                        Logon ID:               0x99daf8fb

                     Target Account:
                        Security ID:            S-1-5-21-2373504117-2689643630-3100359099-15601
                        Account Name:           MAS53363
                        Account Domain:         MAS-NOIDA

                     Additional Information:
                        Privileges      -
Source             : Microsoft-Windows-Security-Auditing
ReplacementStrings : {MAS53363, MAS-NOIDA, S-1-5-21-2373504117-2689643630-3100359099-15601,
                     S-1-5-21-2373504117-2689643630-3100359099-2600...}
InstanceId         : 4726
TimeGenerated      : 10/11/2023 2:33:44 PM
TimeWritten        : 10/11/2023 2:33:44 PM
UserName           :
Site               :
Container          :

EventID            : 4726
MachineName        : DC.mas-noida.com
Data               : {}
Index              : 4646576
Category           : (13824)
CategoryNumber     : 13824
EntryType          : SuccessAudit
Message            : A user account was deleted.

                     Subject:
                        Security ID:            S-1-5-21-2373504117-2689643630-3100359099-2600
                        Account Name:           prateeks
                        Account Domain:         MAS-NOIDA
                        Logon ID:               0x99daf8fb

                     Target Account:
                        Security ID:            S-1-5-21-2373504117-2689643630-3100359099-15061
                        Account Name:           MAS53303
                        Account Domain:         MAS-NOIDA

                     Additional Information:
                        Privileges      -
Source             : Microsoft-Windows-Security-Auditing
ReplacementStrings : {MAS53303, MAS-NOIDA, S-1-5-21-2373504117-2689643630-3100359099-15061,
                     S-1-5-21-2373504117-2689643630-3100359099-2600...}
InstanceId         : 4726
TimeGenerated      : 10/11/2023 2:33:25 PM
TimeWritten        : 10/11/2023 2:33:25 PM
UserName           :
Site               :
Container          :

EventID            : 4726
MachineName        : DC.mas-noida.com
Data               : {}
Index              : 4646454
Category           : (13824)
CategoryNumber     : 13824
EntryType          : SuccessAudit
Message            : A user account was deleted.

                     Subject:
                        Security ID:            S-1-5-21-2373504117-2689643630-3100359099-2600
                        Account Name:           prateeks
                        Account Domain:         MAS-NOIDA
                        Logon ID:               0x99daf8fb

                     Target Account:
                        Security ID:            S-1-5-21-2373504117-2689643630-3100359099-15053
                        Account Name:           MAS53295
                        Account Domain:         MAS-NOIDA

                     Additional Information:
                        Privileges      -
Source             : Microsoft-Windows-Security-Auditing
ReplacementStrings : {MAS53295, MAS-NOIDA, S-1-5-21-2373504117-2689643630-3100359099-15053,
                     S-1-5-21-2373504117-2689643630-3100359099-2600...}
InstanceId         : 4726
TimeGenerated      : 10/11/2023 2:33:06 PM
TimeWritten        : 10/11/2023 2:33:06 PM
UserName           :
Site               :
Container          :

EventID            : 4726
MachineName        : DC.mas-noida.com
Data               : {}
Index              : 4646397
Category           : (13824)
CategoryNumber     : 13824
EntryType          : SuccessAudit
Message            : A user account was deleted.

                     Subject:
                        Security ID:            S-1-5-21-2373504117-2689643630-3100359099-2600
                        Account Name:           prateeks
                        Account Domain:         MAS-NOIDA
                        Logon ID:               0x99daf8fb

                     Target Account:
                        Security ID:            S-1-5-21-2373504117-2689643630-3100359099-15051
                        Account Name:           MAS53293
                        Account Domain:         MAS-NOIDA

                     Additional Information:
                        Privileges      -
Source             : Microsoft-Windows-Security-Auditing
ReplacementStrings : {MAS53293, MAS-NOIDA, S-1-5-21-2373504117-2689643630-3100359099-15051,
                     S-1-5-21-2373504117-2689643630-3100359099-2600...}
InstanceId         : 4726
TimeGenerated      : 10/11/2023 2:32:52 PM
TimeWritten        : 10/11/2023 2:32:52 PM
UserName           :
Site               :
Container          :

EventID            : 4726
MachineName        : DC.mas-noida.com
Data               : {}
Index              : 4646331
Category           : (13824)
CategoryNumber     : 13824
EntryType          : SuccessAudit
Message            : A user account was deleted.

                     Subject:
                        Security ID:            S-1-5-21-2373504117-2689643630-3100359099-2600
                        Account Name:           prateeks
                        Account Domain:         MAS-NOIDA
                        Logon ID:               0x99daf8fb

                     Target Account:
                        Security ID:            S-1-5-21-2373504117-2689643630-3100359099-15048
                        Account Name:           MAS53290
                        Account Domain:         MAS-NOIDA

                     Additional Information:
                        Privileges      -
Source             : Microsoft-Windows-Security-Auditing
ReplacementStrings : {MAS53290, MAS-NOIDA, S-1-5-21-2373504117-2689643630-3100359099-15048,
                     S-1-5-21-2373504117-2689643630-3100359099-2600...}
InstanceId         : 4726
TimeGenerated      : 10/11/2023 2:32:26 PM
TimeWritten        : 10/11/2023 2:32:26 PM
UserName           :
Site               :
Container          :

EventID            : 4726
MachineName        : DC.mas-noida.com
Data               : {}
Index              : 4646273
Category           : (13824)
CategoryNumber     : 13824
EntryType          : SuccessAudit
Message            : A user account was deleted.

                     Subject:
                        Security ID:            S-1-5-21-2373504117-2689643630-3100359099-2600
                        Account Name:           prateeks
                        Account Domain:         MAS-NOIDA
                        Logon ID:               0x99daf8fb

                     Target Account:
                        Security ID:            S-1-5-21-2373504117-2689643630-3100359099-15011
                        Account Name:           MAS53231
                        Account Domain:         MAS-NOIDA

                     Additional Information:
                        Privileges      -
Source             : Microsoft-Windows-Security-Auditing
ReplacementStrings : {MAS53231, MAS-NOIDA, S-1-5-21-2373504117-2689643630-3100359099-15011,
                     S-1-5-21-2373504117-2689643630-3100359099-2600...}
InstanceId         : 4726
TimeGenerated      : 10/11/2023 2:32:12 PM
TimeWritten        : 10/11/2023 2:32:12 PM
UserName           :
Site               :
Container          :

EventID            : 4726
MachineName        : DC.mas-noida.com
Data               : {}
Index              : 4646251
Category           : (13824)
CategoryNumber     : 13824
EntryType          : SuccessAudit
Message            : A user account was deleted.

                     Subject:
                        Security ID:            S-1-5-21-2373504117-2689643630-3100359099-2600
                        Account Name:           prateeks
                        Account Domain:         MAS-NOIDA
                        Logon ID:               0x99daf8fb

                     Target Account:
                        Security ID:            S-1-5-21-2373504117-2689643630-3100359099-15009
                        Account Name:           MAS53229
                        Account Domain:         MAS-NOIDA

                     Additional Information:
                        Privileges      -
Source             : Microsoft-Windows-Security-Auditing
ReplacementStrings : {MAS53229, MAS-NOIDA, S-1-5-21-2373504117-2689643630-3100359099-15009,
                     S-1-5-21-2373504117-2689643630-3100359099-2600...}
InstanceId         : 4726
TimeGenerated      : 10/11/2023 2:31:58 PM
TimeWritten        : 10/11/2023 2:31:58 PM
UserName           :
Site               :
Container          :

EventID            : 4726
MachineName        : DC.mas-noida.com
Data               : {}
Index              : 4646205
Category           : (13824)
CategoryNumber     : 13824
EntryType          : SuccessAudit
Message            : A user account was deleted.

                     Subject:
                        Security ID:            S-1-5-21-2373504117-2689643630-3100359099-2600
                        Account Name:           prateeks
                        Account Domain:         MAS-NOIDA
                        Logon ID:               0x99daf8fb

                     Target Account:
                        Security ID:            S-1-5-21-2373504117-2689643630-3100359099-14996
                        Account Name:           MAS53216
                        Account Domain:         MAS-NOIDA

                     Additional Information:
                        Privileges      -
Source             : Microsoft-Windows-Security-Auditing
ReplacementStrings : {MAS53216, MAS-NOIDA, S-1-5-21-2373504117-2689643630-3100359099-14996,
                     S-1-5-21-2373504117-2689643630-3100359099-2600...}
InstanceId         : 4726
TimeGenerated      : 10/11/2023 2:31:45 PM
TimeWritten        : 10/11/2023 2:31:45 PM
UserName           :
Site               :
Container          :

EventID            : 4726
MachineName        : DC.mas-noida.com
Data               : {}
Index              : 4646136
Category           : (13824)
CategoryNumber     : 13824
EntryType          : SuccessAudit
Message            : A user account was deleted.

                     Subject:
                        Security ID:            S-1-5-21-2373504117-2689643630-3100359099-2600
                        Account Name:           prateeks
                        Account Domain:         MAS-NOIDA
                        Logon ID:               0x99daf8fb

                     Target Account:
                        Security ID:            S-1-5-21-2373504117-2689643630-3100359099-14869
                        Account Name:           MAS53052
                        Account Domain:         MAS-NOIDA

                     Additional Information:
                        Privileges      -
Source             : Microsoft-Windows-Security-Auditing
ReplacementStrings : {MAS53052, MAS-NOIDA, S-1-5-21-2373504117-2689643630-3100359099-14869,
                     S-1-5-21-2373504117-2689643630-3100359099-2600...}
InstanceId         : 4726
TimeGenerated      : 10/11/2023 2:31:31 PM
TimeWritten        : 10/11/2023 2:31:31 PM
UserName           :
Site               :
Container          :

EventID            : 4726
MachineName        : DC.mas-noida.com
Data               : {}
Index              : 4646070
Category           : (13824)
CategoryNumber     : 13824
EntryType          : SuccessAudit
Message            : A user account was deleted.

                     Subject:
                        Security ID:            S-1-5-21-2373504117-2689643630-3100359099-2600
                        Account Name:           prateeks
                        Account Domain:         MAS-NOIDA
                        Logon ID:               0x99daf8fb

                     Target Account:
                        Security ID:            S-1-5-21-2373504117-2689643630-3100359099-14776
                        Account Name:           MAS52969
                        Account Domain:         MAS-NOIDA

                     Additional Information:
                        Privileges      -
Source             : Microsoft-Windows-Security-Auditing
ReplacementStrings : {MAS52969, MAS-NOIDA, S-1-5-21-2373504117-2689643630-3100359099-14776,
                     S-1-5-21-2373504117-2689643630-3100359099-2600...}
InstanceId         : 4726
TimeGenerated      : 10/11/2023 2:31:05 PM
TimeWritten        : 10/11/2023 2:31:05 PM
UserName           :
Site               :
Container          :

