Source             : Microsoft-Windows-Security-Auditing
ReplacementStrings : {NOI1829, MAS-NOIDA, S-1-5-21-2373504117-2689643630-3100359099-5125,
                     S-1-5-21-2373504117-2689643630-3100359099-1499...}
InstanceId         : 4726
TimeGenerated      : 2/5/2023 9:17:46 AM
TimeWritten        : 2/5/2023 9:17:46 AM
UserName           :
Site               :
Container          :

EventID            : 4726
MachineName        : DC.mas-noida.com
Data               : {}
Index              : 4376905
Category           : (13824)
CategoryNumber     : 13824
EntryType          : SuccessAudit
Message            : A user account was deleted.

                     Subject:
                         Security ID:        S-1-5-21-2373504117-2689643630-3100359099-1499
                         Account Name:        anupk
                         Account Domain:        MAS-NOIDA
                         Logon ID:        0xdae78

                     Target Account:
                         Security ID:        S-1-5-21-2373504117-2689643630-3100359099-6666
                         Account Name:        NOI2275
                         Account Domain:        MAS-NOIDA

                     Additional Information:
                         Privileges    -
Source             : Microsoft-Windows-Security-Auditing
ReplacementStrings : {NOI2275, MAS-NOIDA, S-1-5-21-2373504117-2689643630-3100359099-6666,
                     S-1-5-21-2373504117-2689643630-3100359099-1499...}
InstanceId         : 4726
TimeGenerated      : 2/5/2023 9:17:43 AM
TimeWritten        : 2/5/2023 9:17:43 AM
UserName           :
Site               :
Container          :

EventID            : 4726
MachineName        : DC.mas-noida.com
Data               : {}
Index              : 4250908
Category           : (13824)
CategoryNumber     : 13824
EntryType          : SuccessAudit
Message            : A user account was deleted.

                     Subject:
                         Security ID:        S-1-5-21-2373504117-2689643630-3100359099-2600
                         Account Name:        prateeks
                         Account Domain:        MAS-NOIDA
                         Logon ID:        0x4bdee68

                     Target Account:
                         Security ID:        S-1-5-21-2373504117-2689643630-3100359099-7528
                         Account Name:        MAS51078
                         Account Domain:        MAS-NOIDA

                     Additional Information:
                         Privileges    -
Source             : Microsoft-Windows-Security-Auditing
ReplacementStrings : {MAS51078, MAS-NOIDA, S-1-5-21-2373504117-2689643630-3100359099-7528,
                     S-1-5-21-2373504117-2689643630-3100359099-2600...}
InstanceId         : 4726
TimeGenerated      : 2/4/2023 3:53:03 PM
TimeWritten        : 2/4/2023 3:53:03 PM
UserName           :
Site               :
Container          :

EventID            : 4726
MachineName        : DC.mas-noida.com
Data               : {}
Index              : 4250831
Category           : (13824)
CategoryNumber     : 13824
EntryType          : SuccessAudit
Message            : A user account was deleted.

                     Subject:
                         Security ID:        S-1-5-21-2373504117-2689643630-3100359099-2600
                         Account Name:        prateeks
                         Account Domain:        MAS-NOIDA
                         Logon ID:        0x4bdee68

                     Target Account:
                         Security ID:        S-1-5-21-2373504117-2689643630-3100359099-11410
                         Account Name:        MAS51453
                         Account Domain:        MAS-NOIDA

                     Additional Information:
                         Privileges    -
Source             : Microsoft-Windows-Security-Auditing
ReplacementStrings : {MAS51453, MAS-NOIDA, S-1-5-21-2373504117-2689643630-3100359099-11410,
                     S-1-5-21-2373504117-2689643630-3100359099-2600...}
InstanceId         : 4726
TimeGenerated      : 2/4/2023 3:52:34 PM
TimeWritten        : 2/4/2023 3:52:34 PM
UserName           :
Site               :
Container          :

EventID            : 4726
MachineName        : DC.mas-noida.com
Data               : {}
Index              : 4082449
Category           : (13824)
CategoryNumber     : 13824
EntryType          : SuccessAudit
Message            : A user account was deleted.

                     Subject:
                         Security ID:        S-1-5-21-2373504117-2689643630-3100359099-1499
                         Account Name:        anupk
                         Account Domain:        MAS-NOIDA
                         Logon ID:        0xdae78

                     Target Account:
                         Security ID:        S-1-5-21-2373504117-2689643630-3100359099-12294
                         Account Name:        MAS51711
                         Account Domain:        MAS-NOIDA

                     Additional Information:
                         Privileges    -
Source             : Microsoft-Windows-Security-Auditing
ReplacementStrings : {MAS51711, MAS-NOIDA, S-1-5-21-2373504117-2689643630-3100359099-12294,
                     S-1-5-21-2373504117-2689643630-3100359099-1499...}
InstanceId         : 4726
TimeGenerated      : 2/3/2023 6:51:00 PM
TimeWritten        : 2/3/2023 6:51:00 PM
UserName           :
Site               :
Container          :

EventID            : 4726
MachineName        : DC.mas-noida.com
Data               : {}
Index              : 4082405
Category           : (13824)
CategoryNumber     : 13824
EntryType          : SuccessAudit
Message            : A user account was deleted.

                     Subject:
                         Security ID:        S-1-5-21-2373504117-2689643630-3100359099-1499
                         Account Name:        anupk
                         Account Domain:        MAS-NOIDA
                         Logon ID:        0xdae78

                     Target Account:
                         Security ID:        S-1-5-21-2373504117-2689643630-3100359099-12134
                         Account Name:        MAS51572
                         Account Domain:        MAS-NOIDA

                     Additional Information:
                         Privileges    -
Source             : Microsoft-Windows-Security-Auditing
ReplacementStrings : {MAS51572, MAS-NOIDA, S-1-5-21-2373504117-2689643630-3100359099-12134,
                     S-1-5-21-2373504117-2689643630-3100359099-1499...}
InstanceId         : 4726
TimeGenerated      : 2/3/2023 6:50:48 PM
TimeWritten        : 2/3/2023 6:50:48 PM
UserName           :
Site               :
Container          :

EventID            : 4726
MachineName        : DC.mas-noida.com
Data               : {}
Index              : 3990922
Category           : (13824)
CategoryNumber     : 13824
EntryType          : SuccessAudit
Message            : A user account was deleted.

                     Subject:
                         Security ID:        S-1-5-21-2373504117-2689643630-3100359099-1499
                         Account Name:        anupk
                         Account Domain:        MAS-NOIDA
                         Logon ID:        0xdae78

                     Target Account:
                         Security ID:        S-1-5-21-2373504117-2689643630-3100359099-11105
                         Account Name:        MAS51073
                         Account Domain:        MAS-NOIDA

                     Additional Information:
                         Privileges    -
Source             : Microsoft-Windows-Security-Auditing
ReplacementStrings : {MAS51073, MAS-NOIDA, S-1-5-21-2373504117-2689643630-3100359099-11105,
                     S-1-5-21-2373504117-2689643630-3100359099-1499...}
InstanceId         : 4726
TimeGenerated      : 2/3/2023 10:41:03 AM
TimeWritten        : 2/3/2023 10:41:03 AM
UserName           :
Site               :
Container          :

EventID            : 4726
MachineName        : DC.mas-noida.com
Data               : {}
Index              : 3946461
Category           : (13824)
CategoryNumber     : 13824
EntryType          : SuccessAudit
Message            : A user account was deleted.

                     Subject:
                         Security ID:        S-1-5-21-2373504117-2689643630-3100359099-1483
                         Account Name:        mayank
                         Account Domain:        MAS-NOIDA
                         Logon ID:        0x1da53b4

                     Target Account:
                         Security ID:        S-1-5-21-2373504117-2689643630-3100359099-8054
                         Account Name:        MAS50442
                         Account Domain:        MAS-NOIDA

                     Additional Information:
                         Privileges    -
Source             : Microsoft-Windows-Security-Auditing
ReplacementStrings : {MAS50442, MAS-NOIDA, S-1-5-21-2373504117-2689643630-3100359099-8054,
                     S-1-5-21-2373504117-2689643630-3100359099-1483...}
InstanceId         : 4726
TimeGenerated      : 2/3/2023 5:22:13 AM
TimeWritten        : 2/3/2023 5:22:13 AM
UserName           :
Site               :
Container          :

EventID            : 4726
MachineName        : DC.mas-noida.com
Data               : {}
Index              : 3946169
Category           : (13824)
CategoryNumber     : 13824
EntryType          : SuccessAudit
Message            : A user account was deleted.

                     Subject:
                         Security ID:        S-1-5-21-2373504117-2689643630-3100359099-1483
                         Account Name:        mayank
                         Account Domain:        MAS-NOIDA
                         Logon ID:        0x1da53b4

                     Target Account:
                         Security ID:        S-1-5-21-2373504117-2689643630-3100359099-10646
                         Account Name:        MAS51505
                         Account Domain:        MAS-NOIDA

                     Additional Information:
                         Privileges    -
Source             : Microsoft-Windows-Security-Auditing
ReplacementStrings : {MAS51505, MAS-NOIDA, S-1-5-21-2373504117-2689643630-3100359099-10646,
                     S-1-5-21-2373504117-2689643630-3100359099-1483...}
InstanceId         : 4726
TimeGenerated      : 2/3/2023 5:20:14 AM
TimeWritten        : 2/3/2023 5:20:14 AM
UserName           :
Site               :
Container          :

EventID            : 4726
MachineName        : DC.mas-noida.com
Data               : {}
Index              : 3850417
Category           : (13824)
CategoryNumber     : 13824
EntryType          : SuccessAudit
Message            : A user account was deleted.

                     Subject:
                         Security ID:        S-1-5-21-2373504117-2689643630-3100359099-500
                         Account Name:        administrator
                         Account Domain:        MAS-NOIDA
                         Logon ID:        0xfa4897

                     Target Account:
                         Security ID:        S-1-5-21-2373504117-2689643630-3100359099-12285
                         Account Name:        Jhumpa Goswami
                         Account Domain:        MAS-NOIDA

                     Additional Information:
                         Privileges    -
Source             : Microsoft-Windows-Security-Auditing
ReplacementStrings : {Jhumpa Goswami, MAS-NOIDA, S-1-5-21-2373504117-2689643630-3100359099-12285,
                     S-1-5-21-2373504117-2689643630-3100359099-500...}
InstanceId         : 4726
TimeGenerated      : 2/2/2023 5:34:19 PM
TimeWritten        : 2/2/2023 5:34:19 PM
UserName           :
Site               :
Container          :

EventID            : 4726
MachineName        : DC.mas-noida.com
Data               : {}
Index              : 3780304
Category           : (13824)
CategoryNumber     : 13824
EntryType          : SuccessAudit
Message            : A user account was deleted.

                     Subject:
                         Security ID:        S-1-5-21-2373504117-2689643630-3100359099-1499
                         Account Name:        anupk
                         Account Domain:        MAS-NOIDA
                         Logon ID:        0xdae78

                     Target Account:
                         Security ID:        S-1-5-21-2373504117-2689643630-3100359099-12267
                         Account Name:        MAS51681
                         Account Domain:        MAS-NOIDA

                     Additional Information:
                         Privileges    -
Source             : Microsoft-Windows-Security-Auditing
ReplacementStrings : {MAS51681, MAS-NOIDA, S-1-5-21-2373504117-2689643630-3100359099-12267,
                     S-1-5-21-2373504117-2689643630-3100359099-1499...}
InstanceId         : 4726
TimeGenerated      : 2/2/2023 11:35:23 AM
TimeWritten        : 2/2/2023 11:35:23 AM
UserName           :
Site               :
Container          :

EventID            : 4726
MachineName        : DC.mas-noida.com
Data               : {}
Index              : 3780263
Category           : (13824)
CategoryNumber     : 13824
EntryType          : SuccessAudit
Message            : A user account was deleted.

                     Subject:
                         Security ID:        S-1-5-21-2373504117-2689643630-3100359099-1499
                         Account Name:        anupk
                         Account Domain:        MAS-NOIDA
                         Logon ID:        0xdae78

                     Target Account:
                         Security ID:        S-1-5-21-2373504117-2689643630-3100359099-12266
                         Account Name:        MAS51686
                         Account Domain:        MAS-NOIDA

                     Additional Information:
                         Privileges    -
Source             : Microsoft-Windows-Security-Auditing
ReplacementStrings : {MAS51686, MAS-NOIDA, S-1-5-21-2373504117-2689643630-3100359099-12266,
                     S-1-5-21-2373504117-2689643630-3100359099-1499...}
InstanceId         : 4726
TimeGenerated      : 2/2/2023 11:35:11 AM
TimeWritten        : 2/2/2023 11:35:11 AM
UserName           :
Site               :
Container          :

EventID            : 4726
MachineName        : DC.mas-noida.com
Data               : {}
Index              : 3780225
Category           : (13824)
CategoryNumber     : 13824
EntryType          : SuccessAudit
Message            : A user account was deleted.

                     Subject:
                         Security ID:        S-1-5-21-2373504117-2689643630-3100359099-1499
                         Account Name:        anupk
                         Account Domain:        MAS-NOIDA
                         Logon ID:        0xdae78

                     Target Account:
                         Security ID:        S-1-5-21-2373504117-2689643630-3100359099-12261
                         Account Name:        MAS51682
                         Account Domain:        MAS-NOIDA

                     Additional Information:
                         Privileges    -
Source             : Microsoft-Windows-Security-Auditing
ReplacementStrings : {MAS51682, MAS-NOIDA, S-1-5-21-2373504117-2689643630-3100359099-12261,
                     S-1-5-21-2373504117-2689643630-3100359099-1499...}
InstanceId         : 4726
TimeGenerated      : 2/2/2023 11:34:58 AM
TimeWritten        : 2/2/2023 11:34:58 AM
UserName           :
Site               :
Container          :

EventID            : 4726
MachineName        : DC.mas-noida.com
Data               : {}
Index              : 3780174
Category           : (13824)
CategoryNumber     : 13824
EntryType          : SuccessAudit
Message            : A user account was deleted.

                     Subject:
                         Security ID:        S-1-5-21-2373504117-2689643630-3100359099-1499
                         Account Name:        anupk
                         Account Domain:        MAS-NOIDA
                         Logon ID:        0xdae78

                     Target Account:
                         Security ID:        S-1-5-21-2373504117-2689643630-3100359099-12231
                         Account Name:        MAS51657
                         Account Domain:        MAS-NOIDA

                     Additional Information:
                         Privileges    -
Source             : Microsoft-Windows-Security-Auditing
ReplacementStrings : {MAS51657, MAS-NOIDA, S-1-5-21-2373504117-2689643630-3100359099-12231,
                     S-1-5-21-2373504117-2689643630-3100359099-1499...}
InstanceId         : 4726
TimeGenerated      : 2/2/2023 11:34:40 AM
TimeWritten        : 2/2/2023 11:34:40 AM
UserName           :
Site               :
Container          :

EventID            : 4726
MachineName        : DC.mas-noida.com
Data               : {}
Index              : 3780124
Category           : (13824)
CategoryNumber     : 13824
EntryType          : SuccessAudit
Message            : A user account was deleted.

                     Subject:
                         Security ID:        S-1-5-21-2373504117-2689643630-3100359099-1499
                         Account Name:        anupk
                         Account Domain:        MAS-NOIDA
                         Logon ID:        0xdae78

                     Target Account:
                         Security ID:        S-1-5-21-2373504117-2689643630-3100359099-12228
                         Account Name:        MAS51659
                         Account Domain:        MAS-NOIDA

                     Additional Information:
                         Privileges    -
Source             : Microsoft-Windows-Security-Auditing
ReplacementStrings : {MAS51659, MAS-NOIDA, S-1-5-21-2373504117-2689643630-3100359099-12228,
                     S-1-5-21-2373504117-2689643630-3100359099-1499...}
InstanceId         : 4726
TimeGenerated      : 2/2/2023 11:34:14 AM
TimeWritten        : 2/2/2023 11:34:14 AM
UserName           :
Site               :
Container          :

EventID            : 4726
MachineName        : DC.mas-noida.com
Data               : {}
Index              : 3780113
Category           : (13824)
CategoryNumber     : 13824
EntryType          : SuccessAudit
Message            : A user account was deleted.

                     Subject:
                         Security ID:        S-1-5-21-2373504117-2689643630-3100359099-1499
                         Account Name:        anupk
                         Account Domain:        MAS-NOIDA
                         Logon ID:        0xdae78

                     Target Account:
                         Security ID:        S-1-5-21-2373504117-2689643630-3100359099-8878
                         Account Name:        $DUPLICATE-22ae
                         Account Domain:        MAS-NOIDA

                     Additional Information:
                         Privileges    -
Source             : Microsoft-Windows-Security-Auditing
ReplacementStrings : {$DUPLICATE-22ae, MAS-NOIDA, S-1-5-21-2373504117-2689643630-3100359099-8878,
                     S-1-5-21-2373504117-2689643630-3100359099-1499...}
InstanceId         : 4726
TimeGenerated      : 2/2/2023 11:34:10 AM
TimeWritten        : 2/2/2023 11:34:10 AM
UserName           :
Site               :
Container          :



PS C:\Users\Administrator.MAS-NOIDA>


Windows PowerShell
Copyright (C) 2014 Microsoft Corporation. All rights reserved.

PS C:\Users\Administrator.MAS-NOIDA> Get-EventLog -LogName Security | Where-Object {$_.EventID -eq 4726} | Select-Object
 -Property *


EventID            : 4726
MachineName        : DC.mas-noida.com
Data               : {}
Index              : 14759372
Category           : (13824)
CategoryNumber     : 13824
EntryType          : SuccessAudit
Message            : A user account was deleted.

                     Subject:
                         Security ID:        S-1-5-21-2373504117-2689643630-3100359099-4389
                         Account Name:        Ritik
                         Account Domain:        MAS-NOIDA
                         Logon ID:        0xb89d9a76

                     Target Account:
                         Security ID:        S-1-5-21-2373504117-2689643630-3100359099-13642
                         Account Name:        MAS52149
                         Account Domain:        MAS-NOIDA

                     Additional Information:
                         Privileges    -
Source             : Microsoft-Windows-Security-Auditing
ReplacementStrings : {MAS52149, MAS-NOIDA, S-1-5-21-2373504117-2689643630-3100359099-13642,
                     S-1-5-21-2373504117-2689643630-3100359099-4389...}
InstanceId         : 4726
TimeGenerated      : 4/1/2023 4:11:59 PM
TimeWritten        : 4/1/2023 4:11:59 PM
UserName           :
Site               :
Container          :

EventID            : 4726
MachineName        : DC.mas-noida.com
Data               : {}
Index              : 14556130
Category           : (13824)
CategoryNumber     : 13824
EntryType          : SuccessAudit
Message            : A user account was deleted.

                     Subject:
                         Security ID:        S-1-5-21-2373504117-2689643630-3100359099-3849
                         Account Name:        soorajk
                         Account Domain:        MAS-NOIDA
                         Logon ID:        0xb6fd9420

                     Target Account:
                         Security ID:        S-1-5-21-2373504117-2689643630-3100359099-13159
                         Account Name:        MAS52177
                         Account Domain:        MAS-NOIDA

                     Additional Information:
                         Privileges    -
Source             : Microsoft-Windows-Security-Auditing
ReplacementStrings : {MAS52177, MAS-NOIDA, S-1-5-21-2373504117-2689643630-3100359099-13159,
                     S-1-5-21-2373504117-2689643630-3100359099-3849...}
InstanceId         : 4726
TimeGenerated      : 3/31/2023 4:36:09 PM
TimeWritten        : 3/31/2023 4:36:09 PM
UserName           :
Site               :
Container          :

EventID            : 4726
MachineName        : DC.mas-noida.com
Data               : {}
Index              : 14556092
Category           : (13824)
CategoryNumber     : 13824
EntryType          : SuccessAudit
Message            : A user account was deleted.

                     Subject:
                         Security ID:        S-1-5-21-2373504117-2689643630-3100359099-3849
                         Account Name:        soorajk
                         Account Domain:        MAS-NOIDA
                         Logon ID:        0xb6fd9420

                     Target Account:
                         Security ID:        S-1-5-21-2373504117-2689643630-3100359099-13178
                         Account Name:        MAS52202
                         Account Domain:        MAS-NOIDA

                     Additional Information:
                         Privileges    -
Source             : Microsoft-Windows-Security-Auditing
ReplacementStrings : {MAS52202, MAS-NOIDA, S-1-5-21-2373504117-2689643630-3100359099-13178,
                     S-1-5-21-2373504117-2689643630-3100359099-3849...}
InstanceId         : 4726
TimeGenerated      : 3/31/2023 4:35:59 PM
TimeWritten        : 3/31/2023 4:35:59 PM
UserName           :
Site               :
Container          :

EventID            : 4726
MachineName        : DC.mas-noida.com
Data               : {}
Index              : 14556067
Category           : (13824)
CategoryNumber     : 13824
EntryType          : SuccessAudit
Message            : A user account was deleted.

                     Subject:
                         Security ID:        S-1-5-21-2373504117-2689643630-3100359099-3849
                         Account Name:        soorajk
                         Account Domain:        MAS-NOIDA
                         Logon ID:        0xb6fd9420

                     Target Account:
                         Security ID:        S-1-5-21-2373504117-2689643630-3100359099-13175
                         Account Name:        MAS52203
                         Account Domain:        MAS-NOIDA

                     Additional Information:
                         Privileges    -
Source             : Microsoft-Windows-Security-Auditing
ReplacementStrings : {MAS52203, MAS-NOIDA, S-1-5-21-2373504117-2689643630-3100359099-13175,
                     S-1-5-21-2373504117-2689643630-3100359099-3849...}
InstanceId         : 4726
TimeGenerated      : 3/31/2023 4:35:49 PM
TimeWritten        : 3/31/2023 4:35:49 PM
UserName           :
Site               :
Container          :

EventID            : 4726
MachineName        : DC.mas-noida.com
Data               : {}
Index              : 14556030
Category           : (13824)
CategoryNumber     : 13824
EntryType          : SuccessAudit
Message            : A user account was deleted.

                     Subject:
                         Security ID:        S-1-5-21-2373504117-2689643630-3100359099-3849
                         Account Name:        soorajk
                         Account Domain:        MAS-NOIDA
                         Logon ID:        0xb6fd9420

                     Target Account:
                         Security ID:        S-1-5-21-2373504117-2689643630-3100359099-13153
                         Account Name:        MAS52153
                         Account Domain:        MAS-NOIDA

                     Additional Information:
                         Privileges    -
Source             : Microsoft-Windows-Security-Auditing
ReplacementStrings : {MAS52153, MAS-NOIDA, S-1-5-21-2373504117-2689643630-3100359099-13153,
                     S-1-5-21-2373504117-2689643630-3100359099-3849...}
InstanceId         : 4726
TimeGenerated      : 3/31/2023 4:35:39 PM
TimeWritten        : 3/31/2023 4:35:39 PM
UserName           :
Site               :
Container          :

EventID            : 4726
MachineName        : DC.mas-noida.com
Data               : {}
Index              : 14556002
Category           : (13824)
CategoryNumber     : 13824
EntryType          : SuccessAudit
Message            : A user account was deleted.

                     Subject:
                         Security ID:        S-1-5-21-2373504117-2689643630-3100359099-3849
                         Account Name:        soorajk
                         Account Domain:        MAS-NOIDA
                         Logon ID:        0xb6fd9420

                     Target Account:
                         Security ID:        S-1-5-21-2373504117-2689643630-3100359099-13189
                         Account Name:        MAS52191
                         Account Domain:        MAS-NOIDA

                     Additional Information:
                         Privileges    -
Source             : Microsoft-Windows-Security-Auditing
ReplacementStrings : {MAS52191, MAS-NOIDA, S-1-5-21-2373504117-2689643630-3100359099-13189,
                     S-1-5-21-2373504117-2689643630-3100359099-3849...}
InstanceId         : 4726
TimeGenerated      : 3/31/2023 4:35:28 PM
TimeWritten        : 3/31/2023 4:35:28 PM
UserName           :
Site               :
Container          :

EventID            : 4726
MachineName        : DC.mas-noida.com
Data               : {}
Index              : 14554850
Category           : (13824)
CategoryNumber     : 13824
EntryType          : SuccessAudit
Message            : A user account was deleted.

                     Subject:
                         Security ID:        S-1-5-21-2373504117-2689643630-3100359099-1499
                         Account Name:        anupk
                         Account Domain:        MAS-NOIDA
                         Logon ID:        0xb6fc06ee

                     Target Account:
                         Security ID:        S-1-5-21-2373504117-2689643630-3100359099-9773
                         Account Name:        IDC52194
                         Account Domain:        MAS-NOIDA

                     Additional Information:
                         Privileges    -
Source             : Microsoft-Windows-Security-Auditing
ReplacementStrings : {IDC52194, MAS-NOIDA, S-1-5-21-2373504117-2689643630-3100359099-9773,
                     S-1-5-21-2373504117-2689643630-3100359099-1499...}
InstanceId         : 4726
TimeGenerated      : 3/31/2023 4:27:46 PM
TimeWritten        : 3/31/2023 4:27:46 PM
UserName           :
Site               :
Container          :

EventID            : 4726
MachineName        : DC.mas-noida.com
Data               : {}
Index              : 14503003
Category           : (13824)
CategoryNumber     : 13824
EntryType          : SuccessAudit
Message            : A user account was deleted.

                     Subject:
                         Security ID:        S-1-5-21-2373504117-2689643630-3100359099-1499
                         Account Name:        anupk
                         Account Domain:        MAS-NOIDA
                         Logon ID:        0xb69c7355

                     Target Account:
                         Security ID:        S-1-5-21-2373504117-2689643630-3100359099-5639
                         Account Name:        MAS49225
                         Account Domain:        MAS-NOIDA

                     Additional Information:
                         Privileges    -
Source             : Microsoft-Windows-Security-Auditing
ReplacementStrings : {MAS49225, MAS-NOIDA, S-1-5-21-2373504117-2689643630-3100359099-5639,
                     S-1-5-21-2373504117-2689643630-3100359099-1499...}
InstanceId         : 4726
TimeGenerated      : 3/31/2023 11:21:41 AM
TimeWritten        : 3/31/2023 11:21:41 AM
UserName           :
Site               :
Container          :

EventID            : 4726
MachineName        : DC.mas-noida.com
Data               : {}
Index              : 14036213
Category           : (13824)
CategoryNumber     : 13824
EntryType          : SuccessAudit
Message            : A user account was deleted.

                     Subject:
                         Security ID:        S-1-5-21-2373504117-2689643630-3100359099-1483
                         Account Name:        mayank
                         Account Domain:        MAS-NOIDA
                         Logon ID:        0xa84ec893

                     Target Account:
                         Security ID:        S-1-5-21-2373504117-2689643630-3100359099-11366
                         Account Name:        MAS51385
                         Account Domain:        MAS-NOIDA

                     Additional Information:
                         Privileges    -
Source             : Microsoft-Windows-Security-Auditing
ReplacementStrings : {MAS51385, MAS-NOIDA, S-1-5-21-2373504117-2689643630-3100359099-11366,
                     S-1-5-21-2373504117-2689643630-3100359099-1483...}
InstanceId         : 4726
TimeGenerated      : 3/28/2023 11:44:39 PM
TimeWritten        : 3/28/2023 11:44:39 PM
UserName           :
Site               :
Container          :

EventID            : 4726
MachineName        : DC.mas-noida.com
Data               : {}
Index              : 14036141
Category           : (13824)
CategoryNumber     : 13824
EntryType          : SuccessAudit
Message            : A user account was deleted.

                     Subject:
                         Security ID:        S-1-5-21-2373504117-2689643630-3100359099-1483
                         Account Name:        mayank
                         Account Domain:        MAS-NOIDA
                         Logon ID:        0xa84ea2fe

                     Target Account:
                         Security ID:        S-1-5-21-2373504117-2689643630-3100359099-5269
                         Account Name:        MAS47249
                         Account Domain:        MAS-NOIDA

                     Additional Information:
                         Privileges    -
Source             : Microsoft-Windows-Security-Auditing
ReplacementStrings : {MAS47249, MAS-NOIDA, S-1-5-21-2373504117-2689643630-3100359099-5269,
                     S-1-5-21-2373504117-2689643630-3100359099-1483...}
InstanceId         : 4726
TimeGenerated      : 3/28/2023 11:44:18 PM
TimeWritten        : 3/28/2023 11:44:18 PM
UserName           :
Site               :
Container          :

EventID            : 4726
MachineName        : DC.mas-noida.com
Data               : {}
Index              : 13887729
Category           : (13824)
CategoryNumber     : 13824
EntryType          : SuccessAudit
Message            : A user account was deleted.

                     Subject:
                         Security ID:        S-1-5-21-2373504117-2689643630-3100359099-1499
                         Account Name:        anupk
                         Account Domain:        MAS-NOIDA
                         Logon ID:        0xa737045b

                     Target Account:
                         Security ID:        S-1-5-21-2373504117-2689643630-3100359099-12519
                         Account Name:        MAS51455
                         Account Domain:        MAS-NOIDA

                     Additional Information:
                         Privileges    -
Source             : Microsoft-Windows-Security-Auditing
ReplacementStrings : {MAS51455, MAS-NOIDA, S-1-5-21-2373504117-2689643630-3100359099-12519,
                     S-1-5-21-2373504117-2689643630-3100359099-1499...}
InstanceId         : 4726
TimeGenerated      : 3/28/2023 9:39:17 AM
TimeWritten        : 3/28/2023 9:39:17 AM
UserName           :
Site               :
Container          :

EventID            : 4726
MachineName        : DC.mas-noida.com
Data               : {}
Index              : 13887688
Category           : (13824)
CategoryNumber     : 13824
EntryType          : SuccessAudit
Message            : A user account was deleted.

                     Subject:
                         Security ID:        S-1-5-21-2373504117-2689643630-3100359099-1499
                         Account Name:        anupk
                         Account Domain:        MAS-NOIDA
                         Logon ID:        0xa736f1fb

                     Target Account:
                         Security ID:        S-1-5-21-2373504117-2689643630-3100359099-11411
                         Account Name:        MAS51454
                         Account Domain:        MAS-NOIDA

                     Additional Information:
                         Privileges    -
Source             : Microsoft-Windows-Security-Auditing
ReplacementStrings : {MAS51454, MAS-NOIDA, S-1-5-21-2373504117-2689643630-3100359099-11411,
                     S-1-5-21-2373504117-2689643630-3100359099-1499...}
InstanceId         : 4726
TimeGenerated      : 3/28/2023 9:39:03 AM
TimeWritten        : 3/28/2023 9:39:03 AM
UserName           :
Site               :
Container          :

EventID            : 4726
MachineName        : DC.mas-noida.com
Data               : {}
Index              : 13887620
Category           : (13824)
CategoryNumber     : 13824
EntryType          : SuccessAudit
Message            : A user account was deleted.

                     Subject:
                         Security ID:        S-1-5-21-2373504117-2689643630-3100359099-1499
                         Account Name:        anupk
                         Account Domain:        MAS-NOIDA
                         Logon ID:        0xa736e31c

                     Target Account:
                         Security ID:        S-1-5-21-2373504117-2689643630-3100359099-12298
                         Account Name:        MAS51715
                         Account Domain:        MAS-NOIDA

                     Additional Information:
                         Privileges    -
Source             : Microsoft-Windows-Security-Auditing
ReplacementStrings : {MAS51715, MAS-NOIDA, S-1-5-21-2373504117-2689643630-3100359099-12298,
                     S-1-5-21-2373504117-2689643630-3100359099-1499...}
InstanceId         : 4726
TimeGenerated      : 3/28/2023 9:38:51 AM
TimeWritten        : 3/28/2023 9:38:51 AM
UserName           :
Site               :
Container          :

EventID            : 4726
MachineName        : DC.mas-noida.com
Data               : {}
Index              : 13887579
Category           : (13824)
CategoryNumber     : 13824
EntryType          : SuccessAudit
Message            : A user account was deleted.

                     Subject:
                         Security ID:        S-1-5-21-2373504117-2689643630-3100359099-1499
                         Account Name:        anupk
                         Account Domain:        MAS-NOIDA
                         Logon ID:        0xa736d97e

                     Target Account:
                         Security ID:        S-1-5-21-2373504117-2689643630-3100359099-12297
                         Account Name:        MAS51714
                         Account Domain:        MAS-NOIDA

                     Additional Information:
                         Privileges    -
Source             : Microsoft-Windows-Security-Auditing
ReplacementStrings : {MAS51714, MAS-NOIDA, S-1-5-21-2373504117-2689643630-3100359099-12297,
                     S-1-5-21-2373504117-2689643630-3100359099-1499...}
InstanceId         : 4726
TimeGenerated      : 3/28/2023 9:38:38 AM
TimeWritten        : 3/28/2023 9:38:38 AM
UserName           :
Site               :
Container          :

EventID            : 4726
MachineName        : DC.mas-noida.com
Data               : {}
Index              : 13887545
Category           : (13824)
CategoryNumber     : 13824
EntryType          : SuccessAudit
Message            : A user account was deleted.

                     Subject:
                         Security ID:        S-1-5-21-2373504117-2689643630-3100359099-1499
                         Account Name:        anupk
                         Account Domain:        MAS-NOIDA
                         Logon ID:        0xa736d36d

                     Target Account:
                         Security ID:        S-1-5-21-2373504117-2689643630-3100359099-12444
                         Account Name:        MAS51850
                         Account Domain:        MAS-NOIDA

                     Additional Information:
                         Privileges    -
Source             : Microsoft-Windows-Security-Auditing
ReplacementStrings : {MAS51850, MAS-NOIDA, S-1-5-21-2373504117-2689643630-3100359099-12444,
                     S-1-5-21-2373504117-2689643630-3100359099-1499...}
InstanceId         : 4726
TimeGenerated      : 3/28/2023 9:38:26 AM
TimeWritten        : 3/28/2023 9:38:26 AM
UserName           :
Site               :
Container          :

EventID            : 4726
MachineName        : DC.mas-noida.com
Data               : {}
Index              : 13887440
Category           : (13824)
CategoryNumber     : 13824
EntryType          : SuccessAudit
Message            : A user account was deleted.

                     Subject:
                         Security ID:        S-1-5-21-2373504117-2689643630-3100359099-1499
                         Account Name:        anupk
                         Account Domain:        MAS-NOIDA
                         Logon ID:        0xa7366571

                     Target Account:
                         Security ID:        S-1-5-21-2373504117-2689643630-3100359099-12456
                         Account Name:        MAS51601
                         Account Domain:        MAS-NOIDA

                     Additional Information:
                         Privileges    -
Source             : Microsoft-Windows-Security-Auditing
ReplacementStrings : {MAS51601, MAS-NOIDA, S-1-5-21-2373504117-2689643630-3100359099-12456,
                     S-1-5-21-2373504117-2689643630-3100359099-1499...}
InstanceId         : 4726
TimeGenerated      : 3/28/2023 9:38:00 AM
TimeWritten        : 3/28/2023 9:38:00 AM
UserName           :
Site               :
Container          :

EventID            : 4726
MachineName        : DC.mas-noida.com
Data               : {}
Index              : 13337475
Category           : (13824)
CategoryNumber     : 13824
EntryType          : SuccessAudit
Message            : A user account was deleted.

                     Subject:
                         Security ID:        S-1-5-21-2373504117-2689643630-3100359099-1499
                         Account Name:        anupk
                         Account Domain:        MAS-NOIDA
                         Logon ID:        0x981ae826

                     Target Account:
                         Security ID:        S-1-5-21-2373504117-2689643630-3100359099-12482
                         Account Name:        MAS51914
                         Account Domain:        MAS-NOIDA

                     Additional Information:
                         Privileges    -
Source             : Microsoft-Windows-Security-Auditing
ReplacementStrings : {MAS51914, MAS-NOIDA, S-1-5-21-2373504117-2689643630-3100359099-12482,
                     S-1-5-21-2373504117-2689643630-3100359099-1499...}
InstanceId         : 4726
TimeGenerated      : 3/25/2023 10:07:15 AM
TimeWritten        : 3/25/2023 10:07:15 AM
UserName           :
Site               :
Container          :

EventID            : 4726
MachineName        : DC.mas-noida.com
Data               : {}
Index              : 13337407
Category           : (13824)
CategoryNumber     : 13824
EntryType          : SuccessAudit
Message            : A user account was deleted.

                     Subject:
                         Security ID:        S-1-5-21-2373504117-2689643630-3100359099-1499
                         Account Name:        anupk
                         Account Domain:        MAS-NOIDA
                         Logon ID:        0x981adc54

                     Target Account:
                         Security ID:        S-1-5-21-2373504117-2689643630-3100359099-12205
                         Account Name:        MAS51651
                         Account Domain:        MAS-NOIDA

                     Additional Information:
                         Privileges    -
Source             : Microsoft-Windows-Security-Auditing
ReplacementStrings : {MAS51651, MAS-NOIDA, S-1-5-21-2373504117-2689643630-3100359099-12205,
                     S-1-5-21-2373504117-2689643630-3100359099-1499...}
InstanceId         : 4726
TimeGenerated      : 3/25/2023 10:06:55 AM
TimeWritten        : 3/25/2023 10:06:55 AM
UserName           :
Site               :
Container          :

EventID            : 4726
MachineName        : DC.mas-noida.com
Data               : {}
Index              : 13336702
Category           : (13824)
CategoryNumber     : 13824
EntryType          : SuccessAudit
Message            : A user account was deleted.

                     Subject:
                         Security ID:        S-1-5-21-2373504117-2689643630-3100359099-1499
                         Account Name:        anupk
                         Account Domain:        MAS-NOIDA
                         Logon ID:        0x9819a0b9

                     Target Account:
                         Security ID:        S-1-5-21-2373504117-2689643630-3100359099-13172
                         Account Name:        MAS49594
                         Account Domain:        MAS-NOIDA

                     Additional Information:
                         Privileges    -
Source             : Microsoft-Windows-Security-Auditing
ReplacementStrings : {MAS49594, MAS-NOIDA, S-1-5-21-2373504117-2689643630-3100359099-13172,
                     S-1-5-21-2373504117-2689643630-3100359099-1499...}
InstanceId         : 4726
TimeGenerated      : 3/25/2023 10:03:36 AM
TimeWritten        : 3/25/2023 10:03:36 AM
UserName           :
Site               :
Container          :

EventID            : 4726
MachineName        : DC.mas-noida.com
Data               : {}
Index              : 13336648
Category           : (13824)
CategoryNumber     : 13824
EntryType          : SuccessAudit
Message            : A user account was deleted.

                     Subject:
                         Security ID:        S-1-5-21-2373504117-2689643630-3100359099-1499
                         Account Name:        anupk
                         Account Domain:        MAS-NOIDA
                         Logon ID:        0x98199738

                     Target Account:
                         Security ID:        S-1-5-21-2373504117-2689643630-3100359099-12535
                         Account Name:        MAS51992
                         Account Domain:        MAS-NOIDA

                     Additional Information:
                         Privileges    -
Source             : Microsoft-Windows-Security-Auditing
ReplacementStrings : {MAS51992, MAS-NOIDA, S-1-5-21-2373504117-2689643630-3100359099-12535,
                     S-1-5-21-2373504117-2689643630-3100359099-1499...}
InstanceId         : 4726
TimeGenerated      : 3/25/2023 10:03:14 AM
TimeWritten        : 3/25/2023 10:03:14 AM
UserName           :
Site               :
Container          :

EventID            : 4726
MachineName        : DC.mas-noida.com
Data               : {}
Index              : 13336497
Category           : (13824)
CategoryNumber     : 13824
EntryType          : SuccessAudit
Message            : A user account was deleted.

                     Subject:
                         Security ID:        S-1-5-21-2373504117-2689643630-3100359099-1499
                         Account Name:        anupk
                         Account Domain:        MAS-NOIDA
                         Logon ID:        0x98197cde

                     Target Account:
                         Security ID:        S-1-5-21-2373504117-2689643630-3100359099-12479
                         Account Name:        MAS51917
                         Account Domain:        MAS-NOIDA

                     Additional Information:
                         Privileges    -
Source             : Microsoft-Windows-Security-Auditing
ReplacementStrings : {MAS51917, MAS-NOIDA, S-1-5-21-2373504117-2689643630-3100359099-12479,
                     S-1-5-21-2373504117-2689643630-3100359099-1499...}
InstanceId         : 4726
TimeGenerated      : 3/25/2023 10:02:41 AM
TimeWritten        : 3/25/2023 10:02:41 AM
UserName           :
Site               :
Container          :

EventID            : 4726
MachineName        : DC.mas-noida.com
Data               : {}
Index              : 13336433
Category           : (13824)
CategoryNumber     : 13824
EntryType          : SuccessAudit
Message            : A user account was deleted.

                     Subject:
                         Security ID:        S-1-5-21-2373504117-2689643630-3100359099-1499
                         Account Name:        anupk
                         Account Domain:        MAS-NOIDA
                         Logon ID:        0x98196dfd

                     Target Account:
                         Security ID:        S-1-5-21-2373504117-2689643630-3100359099-7595
                         Account Name:        MAS51438
                         Account Domain:        MAS-NOIDA

                     Additional Information:
                         Privileges    -
Source             : Microsoft-Windows-Security-Auditing
ReplacementStrings : {MAS51438, MAS-NOIDA, S-1-5-21-2373504117-2689643630-3100359099-7595,
                     S-1-5-21-2373504117-2689643630-3100359099-1499...}
InstanceId         : 4726
TimeGenerated      : 3/25/2023 10:02:25 AM
TimeWritten        : 3/25/2023 10:02:25 AM
UserName           :
Site               :
Container          :

EventID            : 4726
MachineName        : DC.mas-noida.com
Data               : {}
Index              : 13336377
Category           : (13824)
CategoryNumber     : 13824
EntryType          : SuccessAudit
Message            : A user account was deleted.

                     Subject:
                         Security ID:        S-1-5-21-2373504117-2689643630-3100359099-1499
                         Account Name:        anupk
                         Account Domain:        MAS-NOIDA
                         Logon ID:        0x98196522

                     Target Account:
                         Security ID:        S-1-5-21-2373504117-2689643630-3100359099-11301
                         Account Name:        MAS49580
                         Account Domain:        MAS-NOIDA

                     Additional Information:
                         Privileges    -
Source             : Microsoft-Windows-Security-Auditing
ReplacementStrings : {MAS49580, MAS-NOIDA, S-1-5-21-2373504117-2689643630-3100359099-11301,
                     S-1-5-21-2373504117-2689643630-3100359099-1499...}
InstanceId         : 4726
TimeGenerated      : 3/25/2023 10:02:04 AM
TimeWritten        : 3/25/2023 10:02:04 AM
UserName           :
Site               :
Container          :

EventID            : 4726
MachineName        : DC.mas-noida.com
Data               : {}
Index              : 13187283
Category           : (13824)
CategoryNumber     : 13824
EntryType          : SuccessAudit
Message            : A user account was deleted.

                     Subject:
                         Security ID:        S-1-5-21-2373504117-2689643630-3100359099-2600
                         Account Name:        prateeks
                         Account Domain:        MAS-NOIDA
                         Logon ID:        0x949efd19

                     Target Account:
                         Security ID:        S-1-5-21-2373504117-2689643630-3100359099-12572
                         Account Name:        IDC52040
                         Account Domain:        MAS-NOIDA

                     Additional Information:
                         Privileges    -
