Source             : Microsoft-Windows-Security-Auditing
ReplacementStrings : {MAS51222, MAS-NOIDA, S-1-5-21-2373504117-2689643630-3100359099-11236,
                     S-1-5-21-2373504117-2689643630-3100359099-1499...}
InstanceId         : 4726
TimeGenerated      : 2/13/2023 9:57:12 AM
TimeWritten        : 2/13/2023 9:57:12 AM
UserName           :
Site               :
Container          :

EventID            : 4726
MachineName        : DC.mas-noida.com
Data               : {}
Index              : 5908951
Category           : (13824)
CategoryNumber     : 13824
EntryType          : SuccessAudit
Message            : A user account was deleted.

                     Subject:
                         Security ID:        S-1-5-21-2373504117-2689643630-3100359099-1499
                         Account Name:        anupk
                         Account Domain:        MAS-NOIDA
                         Logon ID:        0xdae78

                     Target Account:
                         Security ID:        S-1-5-21-2373504117-2689643630-3100359099-2430
                         Account Name:        Gouravs
                         Account Domain:        MAS-NOIDA

                     Additional Information:
                         Privileges    -
Source             : Microsoft-Windows-Security-Auditing
ReplacementStrings : {Gouravs, MAS-NOIDA, S-1-5-21-2373504117-2689643630-3100359099-2430,
                     S-1-5-21-2373504117-2689643630-3100359099-1499...}
InstanceId         : 4726
TimeGenerated      : 2/13/2023 9:57:12 AM
TimeWritten        : 2/13/2023 9:57:12 AM
UserName           :
Site               :
Container          :

EventID            : 4726
MachineName        : DC.mas-noida.com
Data               : {}
Index              : 5908892
Category           : (13824)
CategoryNumber     : 13824
EntryType          : SuccessAudit
Message            : A user account was deleted.

                     Subject:
                         Security ID:        S-1-5-21-2373504117-2689643630-3100359099-1499
                         Account Name:        anupk
                         Account Domain:        MAS-NOIDA
                         Logon ID:        0xdae78

                     Target Account:
                         Security ID:        S-1-5-21-2373504117-2689643630-3100359099-4048
                         Account Name:        Gyank
                         Account Domain:        MAS-NOIDA

                     Additional Information:
                         Privileges    -
Source             : Microsoft-Windows-Security-Auditing
ReplacementStrings : {Gyank, MAS-NOIDA, S-1-5-21-2373504117-2689643630-3100359099-4048,
                     S-1-5-21-2373504117-2689643630-3100359099-1499...}
InstanceId         : 4726
TimeGenerated      : 2/13/2023 9:57:12 AM
TimeWritten        : 2/13/2023 9:57:12 AM
UserName           :
Site               :
Container          :

EventID            : 4726
MachineName        : DC.mas-noida.com
Data               : {}
Index              : 5908876
Category           : (13824)
CategoryNumber     : 13824
EntryType          : SuccessAudit
Message            : A user account was deleted.

                     Subject:
                         Security ID:        S-1-5-21-2373504117-2689643630-3100359099-1499
                         Account Name:        anupk
                         Account Domain:        MAS-NOIDA
                         Logon ID:        0xdae78

                     Target Account:
                         Security ID:        S-1-5-21-2373504117-2689643630-3100359099-7696
                         Account Name:        MAS50137
                         Account Domain:        MAS-NOIDA

                     Additional Information:
                         Privileges    -
Source             : Microsoft-Windows-Security-Auditing
ReplacementStrings : {MAS50137, MAS-NOIDA, S-1-5-21-2373504117-2689643630-3100359099-7696,
                     S-1-5-21-2373504117-2689643630-3100359099-1499...}
InstanceId         : 4726
TimeGenerated      : 2/13/2023 9:57:12 AM
TimeWritten        : 2/13/2023 9:57:12 AM
UserName           :
Site               :
Container          :

EventID            : 4726
MachineName        : DC.mas-noida.com
Data               : {}
Index              : 5908875
Category           : (13824)
CategoryNumber     : 13824
EntryType          : SuccessAudit
Message            : A user account was deleted.

                     Subject:
                         Security ID:        S-1-5-21-2373504117-2689643630-3100359099-1499
                         Account Name:        anupk
                         Account Domain:        MAS-NOIDA
                         Logon ID:        0xdae78

                     Target Account:
                         Security ID:        S-1-5-21-2373504117-2689643630-3100359099-7467
                         Account Name:        MAS50955
                         Account Domain:        MAS-NOIDA

                     Additional Information:
                         Privileges    -
Source             : Microsoft-Windows-Security-Auditing
ReplacementStrings : {MAS50955, MAS-NOIDA, S-1-5-21-2373504117-2689643630-3100359099-7467,
                     S-1-5-21-2373504117-2689643630-3100359099-1499...}
InstanceId         : 4726
TimeGenerated      : 2/13/2023 9:57:12 AM
TimeWritten        : 2/13/2023 9:57:12 AM
UserName           :
Site               :
Container          :

EventID            : 4726
MachineName        : DC.mas-noida.com
Data               : {}
Index              : 5908874
Category           : (13824)
CategoryNumber     : 13824
EntryType          : SuccessAudit
Message            : A user account was deleted.

                     Subject:
                         Security ID:        S-1-5-21-2373504117-2689643630-3100359099-1499
                         Account Name:        anupk
                         Account Domain:        MAS-NOIDA
                         Logon ID:        0xdae78

                     Target Account:
                         Security ID:        S-1-5-21-2373504117-2689643630-3100359099-10538
                         Account Name:        MAS51016
                         Account Domain:        MAS-NOIDA

                     Additional Information:
                         Privileges    -
Source             : Microsoft-Windows-Security-Auditing
ReplacementStrings : {MAS51016, MAS-NOIDA, S-1-5-21-2373504117-2689643630-3100359099-10538,
                     S-1-5-21-2373504117-2689643630-3100359099-1499...}
InstanceId         : 4726
TimeGenerated      : 2/13/2023 9:57:12 AM
TimeWritten        : 2/13/2023 9:57:12 AM
UserName           :
Site               :
Container          :

EventID            : 4726
MachineName        : DC.mas-noida.com
Data               : {}
Index              : 5908873
Category           : (13824)
CategoryNumber     : 13824
EntryType          : SuccessAudit
Message            : A user account was deleted.

                     Subject:
                         Security ID:        S-1-5-21-2373504117-2689643630-3100359099-1499
                         Account Name:        anupk
                         Account Domain:        MAS-NOIDA
                         Logon ID:        0xdae78

                     Target Account:
                         Security ID:        S-1-5-21-2373504117-2689643630-3100359099-10373
                         Account Name:        MAS50835
                         Account Domain:        MAS-NOIDA

                     Additional Information:
                         Privileges    -
Source             : Microsoft-Windows-Security-Auditing
ReplacementStrings : {MAS50835, MAS-NOIDA, S-1-5-21-2373504117-2689643630-3100359099-10373,
                     S-1-5-21-2373504117-2689643630-3100359099-1499...}
InstanceId         : 4726
TimeGenerated      : 2/13/2023 9:57:12 AM
TimeWritten        : 2/13/2023 9:57:12 AM
UserName           :
Site               :
Container          :

EventID            : 4726
MachineName        : DC.mas-noida.com
Data               : {}
Index              : 5908872
Category           : (13824)
CategoryNumber     : 13824
EntryType          : SuccessAudit
Message            : A user account was deleted.

                     Subject:
                         Security ID:        S-1-5-21-2373504117-2689643630-3100359099-1499
                         Account Name:        anupk
                         Account Domain:        MAS-NOIDA
                         Logon ID:        0xdae78

                     Target Account:
                         Security ID:        S-1-5-21-2373504117-2689643630-3100359099-10346
                         Account Name:        MAS50799
                         Account Domain:        MAS-NOIDA

                     Additional Information:
                         Privileges    -
Source             : Microsoft-Windows-Security-Auditing
ReplacementStrings : {MAS50799, MAS-NOIDA, S-1-5-21-2373504117-2689643630-3100359099-10346,
                     S-1-5-21-2373504117-2689643630-3100359099-1499...}
InstanceId         : 4726
TimeGenerated      : 2/13/2023 9:57:12 AM
TimeWritten        : 2/13/2023 9:57:12 AM
UserName           :
Site               :
Container          :

EventID            : 4726
MachineName        : DC.mas-noida.com
Data               : {}
Index              : 5908871
Category           : (13824)
CategoryNumber     : 13824
EntryType          : SuccessAudit
Message            : A user account was deleted.

                     Subject:
                         Security ID:        S-1-5-21-2373504117-2689643630-3100359099-1499
                         Account Name:        anupk
                         Account Domain:        MAS-NOIDA
                         Logon ID:        0xdae78

                     Target Account:
                         Security ID:        S-1-5-21-2373504117-2689643630-3100359099-7339
                         Account Name:        MAS50390
                         Account Domain:        MAS-NOIDA

                     Additional Information:
                         Privileges    -
Source             : Microsoft-Windows-Security-Auditing
ReplacementStrings : {MAS50390, MAS-NOIDA, S-1-5-21-2373504117-2689643630-3100359099-7339,
                     S-1-5-21-2373504117-2689643630-3100359099-1499...}
InstanceId         : 4726
TimeGenerated      : 2/13/2023 9:57:12 AM
TimeWritten        : 2/13/2023 9:57:12 AM
UserName           :
Site               :
Container          :

EventID            : 4726
MachineName        : DC.mas-noida.com
Data               : {}
Index              : 5908870
Category           : (13824)
CategoryNumber     : 13824
EntryType          : SuccessAudit
Message            : A user account was deleted.

                     Subject:
                         Security ID:        S-1-5-21-2373504117-2689643630-3100359099-1499
                         Account Name:        anupk
                         Account Domain:        MAS-NOIDA
                         Logon ID:        0xdae78

                     Target Account:
                         Security ID:        S-1-5-21-2373504117-2689643630-3100359099-11348
                         Account Name:        MAS51362
                         Account Domain:        MAS-NOIDA

                     Additional Information:
                         Privileges    -
Source             : Microsoft-Windows-Security-Auditing
ReplacementStrings : {MAS51362, MAS-NOIDA, S-1-5-21-2373504117-2689643630-3100359099-11348,
                     S-1-5-21-2373504117-2689643630-3100359099-1499...}
InstanceId         : 4726
TimeGenerated      : 2/13/2023 9:57:12 AM
TimeWritten        : 2/13/2023 9:57:12 AM
UserName           :
Site               :
Container          :

EventID            : 4726
MachineName        : DC.mas-noida.com
Data               : {}
Index              : 5908869
Category           : (13824)
CategoryNumber     : 13824
EntryType          : SuccessAudit
Message            : A user account was deleted.

                     Subject:
                         Security ID:        S-1-5-21-2373504117-2689643630-3100359099-1499
                         Account Name:        anupk
                         Account Domain:        MAS-NOIDA
                         Logon ID:        0xdae78

                     Target Account:
                         Security ID:        S-1-5-21-2373504117-2689643630-3100359099-4986
                         Account Name:        ketans
                         Account Domain:        MAS-NOIDA

                     Additional Information:
                         Privileges    -
Source             : Microsoft-Windows-Security-Auditing
ReplacementStrings : {ketans, MAS-NOIDA, S-1-5-21-2373504117-2689643630-3100359099-4986,
                     S-1-5-21-2373504117-2689643630-3100359099-1499...}
InstanceId         : 4726
TimeGenerated      : 2/13/2023 9:57:12 AM
TimeWritten        : 2/13/2023 9:57:12 AM
UserName           :
Site               :
Container          :

EventID            : 4726
MachineName        : DC.mas-noida.com
Data               : {}
Index              : 5908868
Category           : (13824)
CategoryNumber     : 13824
EntryType          : SuccessAudit
Message            : A user account was deleted.

                     Subject:
                         Security ID:        S-1-5-21-2373504117-2689643630-3100359099-1499
                         Account Name:        anupk
                         Account Domain:        MAS-NOIDA
                         Logon ID:        0xdae78

                     Target Account:
                         Security ID:        S-1-5-21-2373504117-2689643630-3100359099-8003
                         Account Name:        krishna
                         Account Domain:        MAS-NOIDA

                     Additional Information:
                         Privileges    -
Source             : Microsoft-Windows-Security-Auditing
ReplacementStrings : {krishna, MAS-NOIDA, S-1-5-21-2373504117-2689643630-3100359099-8003,
                     S-1-5-21-2373504117-2689643630-3100359099-1499...}
InstanceId         : 4726
TimeGenerated      : 2/13/2023 9:57:12 AM
TimeWritten        : 2/13/2023 9:57:12 AM
UserName           :
Site               :
Container          :

EventID            : 4726
MachineName        : DC.mas-noida.com
Data               : {}
Index              : 5908867
Category           : (13824)
CategoryNumber     : 13824
EntryType          : SuccessAudit
Message            : A user account was deleted.

                     Subject:
                         Security ID:        S-1-5-21-2373504117-2689643630-3100359099-1499
                         Account Name:        anupk
                         Account Domain:        MAS-NOIDA
                         Logon ID:        0xdae78

                     Target Account:
                         Security ID:        S-1-5-21-2373504117-2689643630-3100359099-3778
                         Account Name:        krishnak1
                         Account Domain:        MAS-NOIDA

                     Additional Information:
                         Privileges    -
Source             : Microsoft-Windows-Security-Auditing
ReplacementStrings : {krishnak1, MAS-NOIDA, S-1-5-21-2373504117-2689643630-3100359099-3778,
                     S-1-5-21-2373504117-2689643630-3100359099-1499...}
InstanceId         : 4726
TimeGenerated      : 2/13/2023 9:57:12 AM
TimeWritten        : 2/13/2023 9:57:12 AM
UserName           :
Site               :
Container          :

EventID            : 4726
MachineName        : DC.mas-noida.com
Data               : {}
Index              : 5908866
Category           : (13824)
CategoryNumber     : 13824
EntryType          : SuccessAudit
Message            : A user account was deleted.

                     Subject:
                         Security ID:        S-1-5-21-2373504117-2689643630-3100359099-1499
                         Account Name:        anupk
                         Account Domain:        MAS-NOIDA
                         Logon ID:        0xdae78

                     Target Account:
                         Security ID:        S-1-5-21-2373504117-2689643630-3100359099-10289
                         Account Name:        MAS50686
                         Account Domain:        MAS-NOIDA

                     Additional Information:
                         Privileges    -
Source             : Microsoft-Windows-Security-Auditing
ReplacementStrings : {MAS50686, MAS-NOIDA, S-1-5-21-2373504117-2689643630-3100359099-10289,
                     S-1-5-21-2373504117-2689643630-3100359099-1499...}
InstanceId         : 4726
TimeGenerated      : 2/13/2023 9:57:12 AM
TimeWritten        : 2/13/2023 9:57:12 AM
UserName           :
Site               :
Container          :

EventID            : 4726
MachineName        : DC.mas-noida.com
Data               : {}
Index              : 5908865
Category           : (13824)
CategoryNumber     : 13824
EntryType          : SuccessAudit
Message            : A user account was deleted.

                     Subject:
                         Security ID:        S-1-5-21-2373504117-2689643630-3100359099-1499
                         Account Name:        anupk
                         Account Domain:        MAS-NOIDA
                         Logon ID:        0xdae78

                     Target Account:
                         Security ID:        S-1-5-21-2373504117-2689643630-3100359099-2121
                         Account Name:        manisha
                         Account Domain:        MAS-NOIDA

                     Additional Information:
                         Privileges    -
Source             : Microsoft-Windows-Security-Auditing
ReplacementStrings : {manisha, MAS-NOIDA, S-1-5-21-2373504117-2689643630-3100359099-2121,
                     S-1-5-21-2373504117-2689643630-3100359099-1499...}
InstanceId         : 4726
TimeGenerated      : 2/13/2023 9:57:12 AM
TimeWritten        : 2/13/2023 9:57:12 AM
UserName           :
Site               :
Container          :

EventID            : 4726
MachineName        : DC.mas-noida.com
Data               : {}
Index              : 5908864
Category           : (13824)
CategoryNumber     : 13824
EntryType          : SuccessAudit
Message            : A user account was deleted.

                     Subject:
                         Security ID:        S-1-5-21-2373504117-2689643630-3100359099-1499
                         Account Name:        anupk
                         Account Domain:        MAS-NOIDA
                         Logon ID:        0xdae78

                     Target Account:
                         Security ID:        S-1-5-21-2373504117-2689643630-3100359099-7782
                         Account Name:        MAS48876
                         Account Domain:        MAS-NOIDA

                     Additional Information:
                         Privileges    -
Source             : Microsoft-Windows-Security-Auditing
ReplacementStrings : {MAS48876, MAS-NOIDA, S-1-5-21-2373504117-2689643630-3100359099-7782,
                     S-1-5-21-2373504117-2689643630-3100359099-1499...}
InstanceId         : 4726
TimeGenerated      : 2/13/2023 9:57:12 AM
TimeWritten        : 2/13/2023 9:57:12 AM
UserName           :
Site               :
Container          :

EventID            : 4726
MachineName        : DC.mas-noida.com
Data               : {}
Index              : 5908863
Category           : (13824)
CategoryNumber     : 13824
EntryType          : SuccessAudit
Message            : A user account was deleted.

                     Subject:
                         Security ID:        S-1-5-21-2373504117-2689643630-3100359099-1499
                         Account Name:        anupk
                         Account Domain:        MAS-NOIDA
                         Logon ID:        0xdae78

                     Target Account:
                         Security ID:        S-1-5-21-2373504117-2689643630-3100359099-7116
                         Account Name:        MAS49948
                         Account Domain:        MAS-NOIDA

                     Additional Information:
                         Privileges    -
Source             : Microsoft-Windows-Security-Auditing
ReplacementStrings : {MAS49948, MAS-NOIDA, S-1-5-21-2373504117-2689643630-3100359099-7116,
                     S-1-5-21-2373504117-2689643630-3100359099-1499...}
InstanceId         : 4726
TimeGenerated      : 2/13/2023 9:57:12 AM
TimeWritten        : 2/13/2023 9:57:12 AM
UserName           :
Site               :
Container          :

EventID            : 4726
MachineName        : DC.mas-noida.com
Data               : {}
Index              : 5908862
Category           : (13824)
CategoryNumber     : 13824
EntryType          : SuccessAudit
Message            : A user account was deleted.

                     Subject:
                         Security ID:        S-1-5-21-2373504117-2689643630-3100359099-1499
                         Account Name:        anupk
                         Account Domain:        MAS-NOIDA
                         Logon ID:        0xdae78

                     Target Account:
                         Security ID:        S-1-5-21-2373504117-2689643630-3100359099-7905
                         Account Name:        MAS50327
                         Account Domain:        MAS-NOIDA

                     Additional Information:
                         Privileges    -
Source             : Microsoft-Windows-Security-Auditing
ReplacementStrings : {MAS50327, MAS-NOIDA, S-1-5-21-2373504117-2689643630-3100359099-7905,
                     S-1-5-21-2373504117-2689643630-3100359099-1499...}
InstanceId         : 4726
TimeGenerated      : 2/13/2023 9:57:12 AM
TimeWritten        : 2/13/2023 9:57:12 AM
UserName           :
Site               :
Container          :

EventID            : 4726
MachineName        : DC.mas-noida.com
Data               : {}
Index              : 5908861
Category           : (13824)
CategoryNumber     : 13824
EntryType          : SuccessAudit
Message            : A user account was deleted.

                     Subject:
                         Security ID:        S-1-5-21-2373504117-2689643630-3100359099-1499
                         Account Name:        anupk
                         Account Domain:        MAS-NOIDA
                         Logon ID:        0xdae78

                     Target Account:
                         Security ID:        S-1-5-21-2373504117-2689643630-3100359099-10124
                         Account Name:        MAS50553
                         Account Domain:        MAS-NOIDA

                     Additional Information:
                         Privileges    -
Source             : Microsoft-Windows-Security-Auditing
ReplacementStrings : {MAS50553, MAS-NOIDA, S-1-5-21-2373504117-2689643630-3100359099-10124,
                     S-1-5-21-2373504117-2689643630-3100359099-1499...}
InstanceId         : 4726
TimeGenerated      : 2/13/2023 9:57:12 AM
TimeWritten        : 2/13/2023 9:57:12 AM
UserName           :
Site               :
Container          :

EventID            : 4726
MachineName        : DC.mas-noida.com
Data               : {}
Index              : 5908859
Category           : (13824)
CategoryNumber     : 13824
EntryType          : SuccessAudit
Message            : A user account was deleted.

                     Subject:
                         Security ID:        S-1-5-21-2373504117-2689643630-3100359099-1499
                         Account Name:        anupk
                         Account Domain:        MAS-NOIDA
                         Logon ID:        0xdae78

                     Target Account:
                         Security ID:        S-1-5-21-2373504117-2689643630-3100359099-10121
                         Account Name:        MAS50555
                         Account Domain:        MAS-NOIDA

                     Additional Information:
                         Privileges    -
Source             : Microsoft-Windows-Security-Auditing
ReplacementStrings : {MAS50555, MAS-NOIDA, S-1-5-21-2373504117-2689643630-3100359099-10121,
                     S-1-5-21-2373504117-2689643630-3100359099-1499...}
InstanceId         : 4726
TimeGenerated      : 2/13/2023 9:57:12 AM
TimeWritten        : 2/13/2023 9:57:12 AM
UserName           :
Site               :
Container          :

EventID            : 4726
MachineName        : DC.mas-noida.com
Data               : {}
Index              : 5908858
Category           : (13824)
CategoryNumber     : 13824
EntryType          : SuccessAudit
Message            : A user account was deleted.

                     Subject:
                         Security ID:        S-1-5-21-2373504117-2689643630-3100359099-1499
                         Account Name:        anupk
                         Account Domain:        MAS-NOIDA
                         Logon ID:        0xdae78

                     Target Account:
                         Security ID:        S-1-5-21-2373504117-2689643630-3100359099-10120
                         Account Name:        MAS50557
                         Account Domain:        MAS-NOIDA

                     Additional Information:
                         Privileges    -
Source             : Microsoft-Windows-Security-Auditing
ReplacementStrings : {MAS50557, MAS-NOIDA, S-1-5-21-2373504117-2689643630-3100359099-10120,
                     S-1-5-21-2373504117-2689643630-3100359099-1499...}
InstanceId         : 4726
TimeGenerated      : 2/13/2023 9:57:12 AM
TimeWritten        : 2/13/2023 9:57:12 AM
UserName           :
Site               :
Container          :

EventID            : 4726
MachineName        : DC.mas-noida.com
Data               : {}
Index              : 5908857
Category           : (13824)
CategoryNumber     : 13824
EntryType          : SuccessAudit
Message            : A user account was deleted.

                     Subject:
                         Security ID:        S-1-5-21-2373504117-2689643630-3100359099-1499
                         Account Name:        anupk
                         Account Domain:        MAS-NOIDA
                         Logon ID:        0xdae78

                     Target Account:
                         Security ID:        S-1-5-21-2373504117-2689643630-3100359099-4886
                         Account Name:        meghak
                         Account Domain:        MAS-NOIDA

                     Additional Information:
                         Privileges    -
Source             : Microsoft-Windows-Security-Auditing
ReplacementStrings : {meghak, MAS-NOIDA, S-1-5-21-2373504117-2689643630-3100359099-4886,
                     S-1-5-21-2373504117-2689643630-3100359099-1499...}
InstanceId         : 4726
TimeGenerated      : 2/13/2023 9:57:12 AM
TimeWritten        : 2/13/2023 9:57:12 AM
UserName           :
Site               :
Container          :

EventID            : 4726
MachineName        : DC.mas-noida.com
Data               : {}
Index              : 5908854
Category           : (13824)
CategoryNumber     : 13824
EntryType          : SuccessAudit
Message            : A user account was deleted.

                     Subject:
                         Security ID:        S-1-5-21-2373504117-2689643630-3100359099-1499
                         Account Name:        anupk
                         Account Domain:        MAS-NOIDA
                         Logon ID:        0xdae78

                     Target Account:
                         Security ID:        S-1-5-21-2373504117-2689643630-3100359099-1477
                         Account Name:        Mohdf
                         Account Domain:        MAS-NOIDA

                     Additional Information:
                         Privileges    -
Source             : Microsoft-Windows-Security-Auditing
ReplacementStrings : {Mohdf, MAS-NOIDA, S-1-5-21-2373504117-2689643630-3100359099-1477,
                     S-1-5-21-2373504117-2689643630-3100359099-1499...}
InstanceId         : 4726
TimeGenerated      : 2/13/2023 9:57:11 AM
TimeWritten        : 2/13/2023 9:57:11 AM
UserName           :
Site               :
Container          :

EventID            : 4726
MachineName        : DC.mas-noida.com
Data               : {}
Index              : 5908853
Category           : (13824)
CategoryNumber     : 13824
EntryType          : SuccessAudit
Message            : A user account was deleted.

                     Subject:
                         Security ID:        S-1-5-21-2373504117-2689643630-3100359099-1499
                         Account Name:        anupk
                         Account Domain:        MAS-NOIDA
                         Logon ID:        0xdae78

                     Target Account:
                         Security ID:        S-1-5-21-2373504117-2689643630-3100359099-7863
                         Account Name:        MAS50307
                         Account Domain:        MAS-NOIDA

                     Additional Information:
                         Privileges    -
Source             : Microsoft-Windows-Security-Auditing
ReplacementStrings : {MAS50307, MAS-NOIDA, S-1-5-21-2373504117-2689643630-3100359099-7863,
                     S-1-5-21-2373504117-2689643630-3100359099-1499...}
InstanceId         : 4726
TimeGenerated      : 2/13/2023 9:57:11 AM
TimeWritten        : 2/13/2023 9:57:11 AM
UserName           :
Site               :
Container          :

EventID            : 4726
MachineName        : DC.mas-noida.com
Data               : {}
Index              : 5908852
Category           : (13824)
CategoryNumber     : 13824
EntryType          : SuccessAudit
Message            : A user account was deleted.

                     Subject:
                         Security ID:        S-1-5-21-2373504117-2689643630-3100359099-1499
                         Account Name:        anupk
                         Account Domain:        MAS-NOIDA
                         Logon ID:        0xdae78

                     Target Account:
                         Security ID:        S-1-5-21-2373504117-2689643630-3100359099-7641
                         Account Name:        MAS49971
                         Account Domain:        MAS-NOIDA

                     Additional Information:
                         Privileges    -
Source             : Microsoft-Windows-Security-Auditing
ReplacementStrings : {MAS49971, MAS-NOIDA, S-1-5-21-2373504117-2689643630-3100359099-7641,
                     S-1-5-21-2373504117-2689643630-3100359099-1499...}
InstanceId         : 4726
TimeGenerated      : 2/13/2023 9:57:11 AM
TimeWritten        : 2/13/2023 9:57:11 AM
UserName           :
Site               :
Container          :

EventID            : 4726
MachineName        : DC.mas-noida.com
Data               : {}
Index              : 5908851
Category           : (13824)
CategoryNumber     : 13824
EntryType          : SuccessAudit
Message            : A user account was deleted.

                     Subject:
                         Security ID:        S-1-5-21-2373504117-2689643630-3100359099-1499
                         Account Name:        anupk
                         Account Domain:        MAS-NOIDA
                         Logon ID:        0xdae78

                     Target Account:
                         Security ID:        S-1-5-21-2373504117-2689643630-3100359099-3678
                         Account Name:        tariq
                         Account Domain:        MAS-NOIDA

                     Additional Information:
                         Privileges    -
Source             : Microsoft-Windows-Security-Auditing
ReplacementStrings : {tariq, MAS-NOIDA, S-1-5-21-2373504117-2689643630-3100359099-3678,
                     S-1-5-21-2373504117-2689643630-3100359099-1499...}
InstanceId         : 4726
TimeGenerated      : 2/13/2023 9:57:11 AM
TimeWritten        : 2/13/2023 9:57:11 AM
UserName           :
Site               :
Container          :

EventID            : 4726
MachineName        : DC.mas-noida.com
Data               : {}
Index              : 5908847
Category           : (13824)
CategoryNumber     : 13824
EntryType          : SuccessAudit
Message            : A user account was deleted.

                     Subject:
                         Security ID:        S-1-5-21-2373504117-2689643630-3100359099-1499
                         Account Name:        anupk
                         Account Domain:        MAS-NOIDA
                         Logon ID:        0xdae78

                     Target Account:
                         Security ID:        S-1-5-21-2373504117-2689643630-3100359099-7547
                         Account Name:        MAS51192
                         Account Domain:        MAS-NOIDA

                     Additional Information:
                         Privileges    -
Source             : Microsoft-Windows-Security-Auditing
ReplacementStrings : {MAS51192, MAS-NOIDA, S-1-5-21-2373504117-2689643630-3100359099-7547,
                     S-1-5-21-2373504117-2689643630-3100359099-1499...}
InstanceId         : 4726
TimeGenerated      : 2/13/2023 9:57:11 AM
TimeWritten        : 2/13/2023 9:57:11 AM
UserName           :
Site               :
Container          :

EventID            : 4726
MachineName        : DC.mas-noida.com
Data               : {}
Index              : 5908843
Category           : (13824)
CategoryNumber     : 13824
EntryType          : SuccessAudit
Message            : A user account was deleted.

                     Subject:
                         Security ID:        S-1-5-21-2373504117-2689643630-3100359099-1499
                         Account Name:        anupk
                         Account Domain:        MAS-NOIDA
                         Logon ID:        0xdae78

                     Target Account:
                         Security ID:        S-1-5-21-2373504117-2689643630-3100359099-1266
                         Account Name:        Neerajk
                         Account Domain:        MAS-NOIDA

                     Additional Information:
                         Privileges    -
Source             : Microsoft-Windows-Security-Auditing
ReplacementStrings : {Neerajk, MAS-NOIDA, S-1-5-21-2373504117-2689643630-3100359099-1266,
                     S-1-5-21-2373504117-2689643630-3100359099-1499...}
InstanceId         : 4726
TimeGenerated      : 2/13/2023 9:57:11 AM
TimeWritten        : 2/13/2023 9:57:11 AM
UserName           :
Site               :
Container          :

EventID            : 4726
MachineName        : DC.mas-noida.com
Data               : {}
Index              : 5908842
Category           : (13824)
CategoryNumber     : 13824
EntryType          : SuccessAudit
Message            : A user account was deleted.

                     Subject:
                         Security ID:        S-1-5-21-2373504117-2689643630-3100359099-1499
                         Account Name:        anupk
                         Account Domain:        MAS-NOIDA
                         Logon ID:        0xdae78

                     Target Account:
                         Security ID:        S-1-5-21-2373504117-2689643630-3100359099-7460
                         Account Name:        MAS50947
                         Account Domain:        MAS-NOIDA

                     Additional Information:
                         Privileges    -
Source             : Microsoft-Windows-Security-Auditing
ReplacementStrings : {MAS50947, MAS-NOIDA, S-1-5-21-2373504117-2689643630-3100359099-7460,
                     S-1-5-21-2373504117-2689643630-3100359099-1499...}
InstanceId         : 4726
TimeGenerated      : 2/13/2023 9:57:11 AM
TimeWritten        : 2/13/2023 9:57:11 AM
UserName           :
Site               :
Container          :

EventID            : 4726
MachineName        : DC.mas-noida.com
Data               : {}
Index              : 5908841
Category           : (13824)
CategoryNumber     : 13824
EntryType          : SuccessAudit
Message            : A user account was deleted.

                     Subject:
                         Security ID:        S-1-5-21-2373504117-2689643630-3100359099-1499
                         Account Name:        anupk
                         Account Domain:        MAS-NOIDA
                         Logon ID:        0xdae78

                     Target Account:
                         Security ID:        S-1-5-21-2373504117-2689643630-3100359099-10442
                         Account Name:        MAS50925
                         Account Domain:        MAS-NOIDA

                     Additional Information:
                         Privileges    -
Source             : Microsoft-Windows-Security-Auditing
ReplacementStrings : {MAS50925, MAS-NOIDA, S-1-5-21-2373504117-2689643630-3100359099-10442,
                     S-1-5-21-2373504117-2689643630-3100359099-1499...}
InstanceId         : 4726
TimeGenerated      : 2/13/2023 9:57:11 AM
TimeWritten        : 2/13/2023 9:57:11 AM
UserName           :
Site               :
Container          :

EventID            : 4726
MachineName        : DC.mas-noida.com
Data               : {}
Index              : 5908840
Category           : (13824)
CategoryNumber     : 13824
EntryType          : SuccessAudit
Message            : A user account was deleted.

                     Subject:
                         Security ID:        S-1-5-21-2373504117-2689643630-3100359099-1499
                         Account Name:        anupk
                         Account Domain:        MAS-NOIDA
                         Logon ID:        0xdae78

                     Target Account:
                         Security ID:        S-1-5-21-2373504117-2689643630-3100359099-2587
                         Account Name:        nishap
                         Account Domain:        MAS-NOIDA

                     Additional Information:
                         Privileges    -
Source             : Microsoft-Windows-Security-Auditing
ReplacementStrings : {nishap, MAS-NOIDA, S-1-5-21-2373504117-2689643630-3100359099-2587,
                     S-1-5-21-2373504117-2689643630-3100359099-1499...}
InstanceId         : 4726
TimeGenerated      : 2/13/2023 9:57:11 AM
TimeWritten        : 2/13/2023 9:57:11 AM
UserName           :
Site               :
Container          :

EventID            : 4726
MachineName        : DC.mas-noida.com
Data               : {}
Index              : 5908839
Category           : (13824)
CategoryNumber     : 13824
EntryType          : SuccessAudit
Message            : A user account was deleted.

                     Subject:
                         Security ID:        S-1-5-21-2373504117-2689643630-3100359099-1499
                         Account Name:        anupk
                         Account Domain:        MAS-NOIDA
                         Logon ID:        0xdae78

                     Target Account:
                         Security ID:        S-1-5-21-2373504117-2689643630-3100359099-5400
                         Account Name:        MAS49678
                         Account Domain:        MAS-NOIDA

                     Additional Information:
                         Privileges    -
Source             : Microsoft-Windows-Security-Auditing
ReplacementStrings : {MAS49678, MAS-NOIDA, S-1-5-21-2373504117-2689643630-3100359099-5400,
                     S-1-5-21-2373504117-2689643630-3100359099-1499...}
InstanceId         : 4726
TimeGenerated      : 2/13/2023 9:57:11 AM
TimeWritten        : 2/13/2023 9:57:11 AM
UserName           :
Site               :
Container          :

EventID            : 4726
MachineName        : DC.mas-noida.com
Data               : {}
Index              : 5908838
Category           : (13824)
CategoryNumber     : 13824
EntryType          : SuccessAudit
Message            : A user account was deleted.

                     Subject:
                         Security ID:        S-1-5-21-2373504117-2689643630-3100359099-1499
                         Account Name:        anupk
                         Account Domain:        MAS-NOIDA
                         Logon ID:        0xdae78

                     Target Account:
                         Security ID:        S-1-5-21-2373504117-2689643630-3100359099-9691
                         Account Name:        MAS51106
                         Account Domain:        MAS-NOIDA

                     Additional Information:
                         Privileges    -
Source             : Microsoft-Windows-Security-Auditing
ReplacementStrings : {MAS51106, MAS-NOIDA, S-1-5-21-2373504117-2689643630-3100359099-9691,
                     S-1-5-21-2373504117-2689643630-3100359099-1499...}
InstanceId         : 4726
TimeGenerated      : 2/13/2023 9:57:11 AM
TimeWritten        : 2/13/2023 9:57:11 AM
UserName           :
Site               :
Container          :

EventID            : 4726
MachineName        : DC.mas-noida.com
Data               : {}
Index              : 5908837
Category           : (13824)
CategoryNumber     : 13824
EntryType          : SuccessAudit
Message            : A user account was deleted.

                     Subject:
                         Security ID:        S-1-5-21-2373504117-2689643630-3100359099-1499
                         Account Name:        anupk
                         Account Domain:        MAS-NOIDA
                         Logon ID:        0xdae78

                     Target Account:
                         Security ID:        S-1-5-21-2373504117-2689643630-3100359099-1428
                         Account Name:        Pankaj
                         Account Domain:        MAS-NOIDA

                     Additional Information:
                         Privileges    -
Source             : Microsoft-Windows-Security-Auditing
ReplacementStrings : {Pankaj, MAS-NOIDA, S-1-5-21-2373504117-2689643630-3100359099-1428,
                     S-1-5-21-2373504117-2689643630-3100359099-1499...}
InstanceId         : 4726
TimeGenerated      : 2/13/2023 9:57:11 AM
TimeWritten        : 2/13/2023 9:57:11 AM
UserName           :
Site               :
Container          :

EventID            : 4726
MachineName        : DC.mas-noida.com
Data               : {}
Index              : 5908836
Category           : (13824)
CategoryNumber     : 13824
EntryType          : SuccessAudit
Message            : A user account was deleted.

                     Subject:
                         Security ID:        S-1-5-21-2373504117-2689643630-3100359099-1499
                         Account Name:        anupk
                         Account Domain:        MAS-NOIDA
                         Logon ID:        0xdae78

                     Target Account:
                         Security ID:        S-1-5-21-2373504117-2689643630-3100359099-4065
                         Account Name:        pankajsh
                         Account Domain:        MAS-NOIDA

                     Additional Information:
                         Privileges    -
Source             : Microsoft-Windows-Security-Auditing
ReplacementStrings : {pankajsh, MAS-NOIDA, S-1-5-21-2373504117-2689643630-3100359099-4065,
                     S-1-5-21-2373504117-2689643630-3100359099-1499...}
InstanceId         : 4726
TimeGenerated      : 2/13/2023 9:57:11 AM
TimeWritten        : 2/13/2023 9:57:11 AM
UserName           :
Site               :
Container          :

EventID            : 4726
MachineName        : DC.mas-noida.com
Data               : {}
Index              : 5908835
Category           : (13824)
CategoryNumber     : 13824
EntryType          : SuccessAudit
Message            : A user account was deleted.

                     Subject:
                         Security ID:        S-1-5-21-2373504117-2689643630-3100359099-1499
                         Account Name:        anupk
                         Account Domain:        MAS-NOIDA
                         Logon ID:        0xdae78

                     Target Account:
                         Security ID:        S-1-5-21-2373504117-2689643630-3100359099-4024
                         Account Name:        Pawans
                         Account Domain:        MAS-NOIDA

                     Additional Information:
                         Privileges    -
Source             : Microsoft-Windows-Security-Auditing
ReplacementStrings : {Pawans, MAS-NOIDA, S-1-5-21-2373504117-2689643630-3100359099-4024,
                     S-1-5-21-2373504117-2689643630-3100359099-1499...}
InstanceId         : 4726
TimeGenerated      : 2/13/2023 9:57:11 AM
TimeWritten        : 2/13/2023 9:57:11 AM
UserName           :
Site               :
Container          :

EventID            : 4726
MachineName        : DC.mas-noida.com
Data               : {}
Index              : 5908834
Category           : (13824)
CategoryNumber     : 13824
EntryType          : SuccessAudit
Message            : A user account was deleted.

                     Subject:
                         Security ID:        S-1-5-21-2373504117-2689643630-3100359099-1499
                         Account Name:        anupk
                         Account Domain:        MAS-NOIDA
                         Logon ID:        0xdae78

                     Target Account:
                         Security ID:        S-1-5-21-2373504117-2689643630-3100359099-2393
                         Account Name:        peeyush
                         Account Domain:        MAS-NOIDA

                     Additional Information:
                         Privileges    -
Source             : Microsoft-Windows-Security-Auditing
ReplacementStrings : {peeyush, MAS-NOIDA, S-1-5-21-2373504117-2689643630-3100359099-2393,
                     S-1-5-21-2373504117-2689643630-3100359099-1499...}
InstanceId         : 4726
TimeGenerated      : 2/13/2023 9:57:11 AM
TimeWritten        : 2/13/2023 9:57:11 AM
UserName           :
Site               :
Container          :

EventID            : 4726
MachineName        : DC.mas-noida.com
Data               : {}
Index              : 5908833
Category           : (13824)
CategoryNumber     : 13824
EntryType          : SuccessAudit
Message            : A user account was deleted.

                     Subject:
                         Security ID:        S-1-5-21-2373504117-2689643630-3100359099-1499
                         Account Name:        anupk
                         Account Domain:        MAS-NOIDA
                         Logon ID:        0xdae78

                     Target Account:
                         Security ID:        S-1-5-21-2373504117-2689643630-3100359099-4636
                         Account Name:        pintu
                         Account Domain:        MAS-NOIDA

                     Additional Information:
                         Privileges    -
Source             : Microsoft-Windows-Security-Auditing
ReplacementStrings : {pintu, MAS-NOIDA, S-1-5-21-2373504117-2689643630-3100359099-4636,
                     S-1-5-21-2373504117-2689643630-3100359099-1499...}
InstanceId         : 4726
TimeGenerated      : 2/13/2023 9:57:11 AM
TimeWritten        : 2/13/2023 9:57:11 AM
UserName           :
Site               :
Container          :

EventID            : 4726
MachineName        : DC.mas-noida.com
Data               : {}
Index              : 5908832
Category           : (13824)
CategoryNumber     : 13824
EntryType          : SuccessAudit
Message            : A user account was deleted.

                     Subject:
                         Security ID:        S-1-5-21-2373504117-2689643630-3100359099-1499
                         Account Name:        anupk
                         Account Domain:        MAS-NOIDA
                         Logon ID:        0xdae78

                     Target Account:
                         Security ID:        S-1-5-21-2373504117-2689643630-3100359099-3613
                         Account Name:        prachit
                         Account Domain:        MAS-NOIDA

                     Additional Information:
                         Privileges    -
Source             : Microsoft-Windows-Security-Auditing
ReplacementStrings : {prachit, MAS-NOIDA, S-1-5-21-2373504117-2689643630-3100359099-3613,
                     S-1-5-21-2373504117-2689643630-3100359099-1499...}
InstanceId         : 4726
TimeGenerated      : 2/13/2023 9:57:11 AM
TimeWritten        : 2/13/2023 9:57:11 AM
UserName           :
Site               :
Container          :

EventID            : 4726
MachineName        : DC.mas-noida.com
Data               : {}
Index              : 5908830
Category           : (13824)
CategoryNumber     : 13824
EntryType          : SuccessAudit
Message            : A user account was deleted.

                     Subject:
                         Security ID:        S-1-5-21-2373504117-2689643630-3100359099-1499
                         Account Name:        anupk
                         Account Domain:        MAS-NOIDA
                         Logon ID:        0xdae78

                     Target Account:
                         Security ID:        S-1-5-21-2373504117-2689643630-3100359099-4398
                         Account Name:        psingh
                         Account Domain:        MAS-NOIDA

                     Additional Information:
                         Privileges    -
