Source             : Microsoft-Windows-Security-Auditing
ReplacementStrings : {MAS51677, MAS-NOIDA, S-1-5-21-2373504117-2689643630-3100359099-12257,
                     S-1-5-21-2373504117-2689643630-3100359099-10155...}
InstanceId         : 4726
TimeGenerated      : 5/29/2023 5:51:46 AM
TimeWritten        : 5/29/2023 5:51:46 AM
UserName           :
Site               :
Container          :

EventID            : 4726
MachineName        : DC.mas-noida.com
Data               : {}
Index              : 23497336
Category           : (13824)
CategoryNumber     : 13824
EntryType          : SuccessAudit
Message            : A user account was deleted.

                     Subject:
                         Security ID:        S-1-5-21-2373504117-2689643630-3100359099-10155
                         Account Name:        ranjeetit
                         Account Domain:        MAS-NOIDA
                         Logon ID:        0x2672ea06

                     Target Account:
                         Security ID:        S-1-5-21-2373504117-2689643630-3100359099-11073
                         Account Name:        MAS51331
                         Account Domain:        MAS-NOIDA

                     Additional Information:
                         Privileges    -
Source             : Microsoft-Windows-Security-Auditing
ReplacementStrings : {MAS51331, MAS-NOIDA, S-1-5-21-2373504117-2689643630-3100359099-11073,
                     S-1-5-21-2373504117-2689643630-3100359099-10155...}
InstanceId         : 4726
TimeGenerated      : 5/29/2023 5:49:42 AM
TimeWritten        : 5/29/2023 5:49:42 AM
UserName           :
Site               :
Container          :

EventID            : 4726
MachineName        : DC.mas-noida.com
Data               : {}
Index              : 23497320
Category           : (13824)
CategoryNumber     : 13824
EntryType          : SuccessAudit
Message            : A user account was deleted.

                     Subject:
                         Security ID:        S-1-5-21-2373504117-2689643630-3100359099-10155
                         Account Name:        ranjeetit
                         Account Domain:        MAS-NOIDA
                         Logon ID:        0x2672ea06

                     Target Account:
                         Security ID:        S-1-5-21-2373504117-2689643630-3100359099-10823
                         Account Name:        MAS51887
                         Account Domain:        MAS-NOIDA

                     Additional Information:
                         Privileges    -
Source             : Microsoft-Windows-Security-Auditing
ReplacementStrings : {MAS51887, MAS-NOIDA, S-1-5-21-2373504117-2689643630-3100359099-10823,
                     S-1-5-21-2373504117-2689643630-3100359099-10155...}
InstanceId         : 4726
TimeGenerated      : 5/29/2023 5:49:16 AM
TimeWritten        : 5/29/2023 5:49:16 AM
UserName           :
Site               :
Container          :

EventID            : 4726
MachineName        : DC.mas-noida.com
Data               : {}
Index              : 23442835
Category           : (13824)
CategoryNumber     : 13824
EntryType          : SuccessAudit
Message            : A user account was deleted.

                     Subject:
                         Security ID:        S-1-5-21-2373504117-2689643630-3100359099-4389
                         Account Name:        Ritik
                         Account Domain:        MAS-NOIDA
                         Logon ID:        0xeef57a

                     Target Account:
                         Security ID:        S-1-5-21-2373504117-2689643630-3100359099-10502
                         Account Name:        MAS50988
                         Account Domain:        MAS-NOIDA

                     Additional Information:
                         Privileges    -
Source             : Microsoft-Windows-Security-Auditing
ReplacementStrings : {MAS50988, MAS-NOIDA, S-1-5-21-2373504117-2689643630-3100359099-10502,
                     S-1-5-21-2373504117-2689643630-3100359099-4389...}
InstanceId         : 4726
TimeGenerated      : 5/28/2023 6:06:07 PM
TimeWritten        : 5/28/2023 6:06:07 PM
UserName           :
Site               :
Container          :

EventID            : 4726
MachineName        : DC.mas-noida.com
Data               : {}
Index              : 23403602
Category           : (13824)
CategoryNumber     : 13824
EntryType          : SuccessAudit
Message            : A user account was deleted.

                     Subject:
                         Security ID:        S-1-5-21-2373504117-2689643630-3100359099-1499
                         Account Name:        anupk
                         Account Domain:        MAS-NOIDA
                         Logon ID:        0x25aca41b

                     Target Account:
                         Security ID:        S-1-5-21-2373504117-2689643630-3100359099-13468
                         Account Name:        MAS52649
                         Account Domain:        MAS-NOIDA

                     Additional Information:
                         Privileges    -
Source             : Microsoft-Windows-Security-Auditing
ReplacementStrings : {MAS52649, MAS-NOIDA, S-1-5-21-2373504117-2689643630-3100359099-13468,
                     S-1-5-21-2373504117-2689643630-3100359099-1499...}
InstanceId         : 4726
TimeGenerated      : 5/28/2023 11:49:24 AM
TimeWritten        : 5/28/2023 11:49:24 AM
UserName           :
Site               :
Container          :

EventID            : 4726
MachineName        : DC.mas-noida.com
Data               : {}
Index              : 23403583
Category           : (13824)
CategoryNumber     : 13824
EntryType          : SuccessAudit
Message            : A user account was deleted.

                     Subject:
                         Security ID:        S-1-5-21-2373504117-2689643630-3100359099-1499
                         Account Name:        anupk
                         Account Domain:        MAS-NOIDA
                         Logon ID:        0x25aca41b

                     Target Account:
                         Security ID:        S-1-5-21-2373504117-2689643630-3100359099-13466
                         Account Name:        MAS52647
                         Account Domain:        MAS-NOIDA

                     Additional Information:
                         Privileges    -
Source             : Microsoft-Windows-Security-Auditing
ReplacementStrings : {MAS52647, MAS-NOIDA, S-1-5-21-2373504117-2689643630-3100359099-13466,
                     S-1-5-21-2373504117-2689643630-3100359099-1499...}
InstanceId         : 4726
TimeGenerated      : 5/28/2023 11:49:11 AM
TimeWritten        : 5/28/2023 11:49:11 AM
UserName           :
Site               :
Container          :

EventID            : 4726
MachineName        : DC.mas-noida.com
Data               : {}
Index              : 23403556
Category           : (13824)
CategoryNumber     : 13824
EntryType          : SuccessAudit
Message            : A user account was deleted.

                     Subject:
                         Security ID:        S-1-5-21-2373504117-2689643630-3100359099-1499
                         Account Name:        anupk
                         Account Domain:        MAS-NOIDA
                         Logon ID:        0x25aca41b

                     Target Account:
                         Security ID:        S-1-5-21-2373504117-2689643630-3100359099-13461
                         Account Name:        MAS52641
                         Account Domain:        MAS-NOIDA

                     Additional Information:
                         Privileges    -
Source             : Microsoft-Windows-Security-Auditing
ReplacementStrings : {MAS52641, MAS-NOIDA, S-1-5-21-2373504117-2689643630-3100359099-13461,
                     S-1-5-21-2373504117-2689643630-3100359099-1499...}
InstanceId         : 4726
TimeGenerated      : 5/28/2023 11:48:58 AM
TimeWritten        : 5/28/2023 11:48:58 AM
UserName           :
Site               :
Container          :

EventID            : 4726
MachineName        : DC.mas-noida.com
Data               : {}
Index              : 23403538
Category           : (13824)
CategoryNumber     : 13824
EntryType          : SuccessAudit
Message            : A user account was deleted.

                     Subject:
                         Security ID:        S-1-5-21-2373504117-2689643630-3100359099-1499
                         Account Name:        anupk
                         Account Domain:        MAS-NOIDA
                         Logon ID:        0x25aca41b

                     Target Account:
                         Security ID:        S-1-5-21-2373504117-2689643630-3100359099-13455
                         Account Name:        MAS52638
                         Account Domain:        MAS-NOIDA

                     Additional Information:
                         Privileges    -
Source             : Microsoft-Windows-Security-Auditing
ReplacementStrings : {MAS52638, MAS-NOIDA, S-1-5-21-2373504117-2689643630-3100359099-13455,
                     S-1-5-21-2373504117-2689643630-3100359099-1499...}
InstanceId         : 4726
TimeGenerated      : 5/28/2023 11:48:46 AM
TimeWritten        : 5/28/2023 11:48:46 AM
UserName           :
Site               :
Container          :

EventID            : 4726
MachineName        : DC.mas-noida.com
Data               : {}
Index              : 23403519
Category           : (13824)
CategoryNumber     : 13824
EntryType          : SuccessAudit
Message            : A user account was deleted.

                     Subject:
                         Security ID:        S-1-5-21-2373504117-2689643630-3100359099-1499
                         Account Name:        anupk
                         Account Domain:        MAS-NOIDA
                         Logon ID:        0x25aca41b

                     Target Account:
                         Security ID:        S-1-5-21-2373504117-2689643630-3100359099-13454
                         Account Name:        MAS52627
                         Account Domain:        MAS-NOIDA

                     Additional Information:
                         Privileges    -
Source             : Microsoft-Windows-Security-Auditing
ReplacementStrings : {MAS52627, MAS-NOIDA, S-1-5-21-2373504117-2689643630-3100359099-13454,
                     S-1-5-21-2373504117-2689643630-3100359099-1499...}
InstanceId         : 4726
TimeGenerated      : 5/28/2023 11:48:32 AM
TimeWritten        : 5/28/2023 11:48:32 AM
UserName           :
Site               :
Container          :

EventID            : 4726
MachineName        : DC.mas-noida.com
Data               : {}
Index              : 23294328
Category           : (13824)
CategoryNumber     : 13824
EntryType          : SuccessAudit
Message            : A user account was deleted.

                     Subject:
                         Security ID:        S-1-5-21-2373504117-2689643630-3100359099-1499
                         Account Name:        anupk
                         Account Domain:        MAS-NOIDA
                         Logon ID:        0x24ceee33

                     Target Account:
                         Security ID:        S-1-5-21-2373504117-2689643630-3100359099-1272
                         Account Name:        Saurabhk
                         Account Domain:        MAS-NOIDA

                     Additional Information:
                         Privileges    -
Source             : Microsoft-Windows-Security-Auditing
ReplacementStrings : {Saurabhk, MAS-NOIDA, S-1-5-21-2373504117-2689643630-3100359099-1272,
                     S-1-5-21-2373504117-2689643630-3100359099-1499...}
InstanceId         : 4726
TimeGenerated      : 5/27/2023 4:04:53 PM
TimeWritten        : 5/27/2023 4:04:53 PM
UserName           :
Site               :
Container          :

EventID            : 4726
MachineName        : DC.mas-noida.com
Data               : {}
Index              : 23272926
Category           : (13824)
CategoryNumber     : 13824
EntryType          : SuccessAudit
Message            : A user account was deleted.

                     Subject:
                         Security ID:        S-1-5-21-2373504117-2689643630-3100359099-4389
                         Account Name:        Ritik
                         Account Domain:        MAS-NOIDA
                         Logon ID:        0xeef57a

                     Target Account:
                         Security ID:        S-1-5-21-2373504117-2689643630-3100359099-13442
                         Account Name:        MAS52600
                         Account Domain:        MAS-NOIDA

                     Additional Information:
                         Privileges    -
Source             : Microsoft-Windows-Security-Auditing
ReplacementStrings : {MAS52600, MAS-NOIDA, S-1-5-21-2373504117-2689643630-3100359099-13442,
                     S-1-5-21-2373504117-2689643630-3100359099-4389...}
InstanceId         : 4726
TimeGenerated      : 5/27/2023 1:26:44 PM
TimeWritten        : 5/27/2023 1:26:44 PM
UserName           :
Site               :
Container          :

EventID            : 4726
MachineName        : DC.mas-noida.com
Data               : {}
Index              : 23121360
Category           : (13824)
CategoryNumber     : 13824
EntryType          : SuccessAudit
Message            : A user account was deleted.

                     Subject:
                         Security ID:        S-1-5-21-2373504117-2689643630-3100359099-4389
                         Account Name:        Ritik
                         Account Domain:        MAS-NOIDA
                         Logon ID:        0xeef57a

                     Target Account:
                         Security ID:        S-1-5-21-2373504117-2689643630-3100359099-7968
                         Account Name:        MAS48825
                         Account Domain:        MAS-NOIDA

                     Additional Information:
                         Privileges    -
Source             : Microsoft-Windows-Security-Auditing
ReplacementStrings : {MAS48825, MAS-NOIDA, S-1-5-21-2373504117-2689643630-3100359099-7968,
                     S-1-5-21-2373504117-2689643630-3100359099-4389...}
InstanceId         : 4726
TimeGenerated      : 5/26/2023 1:12:35 PM
TimeWritten        : 5/26/2023 1:12:35 PM
UserName           :
Site               :
Container          :

EventID            : 4726
MachineName        : DC.mas-noida.com
Data               : {}
Index              : 23121354
Category           : (13824)
CategoryNumber     : 13824
EntryType          : SuccessAudit
Message            : A user account was deleted.

                     Subject:
                         Security ID:        S-1-5-21-2373504117-2689643630-3100359099-4389
                         Account Name:        Ritik
                         Account Domain:        MAS-NOIDA
                         Logon ID:        0xeef57a

                     Target Account:
                         Security ID:        S-1-5-21-2373504117-2689643630-3100359099-10575
                         Account Name:        MAS51051
                         Account Domain:        MAS-NOIDA

                     Additional Information:
                         Privileges    -
Source             : Microsoft-Windows-Security-Auditing
ReplacementStrings : {MAS51051, MAS-NOIDA, S-1-5-21-2373504117-2689643630-3100359099-10575,
                     S-1-5-21-2373504117-2689643630-3100359099-4389...}
InstanceId         : 4726
TimeGenerated      : 5/26/2023 1:12:29 PM
TimeWritten        : 5/26/2023 1:12:29 PM
UserName           :
Site               :
Container          :

EventID            : 4726
MachineName        : DC.mas-noida.com
Data               : {}
Index              : 23121347
Category           : (13824)
CategoryNumber     : 13824
EntryType          : SuccessAudit
Message            : A user account was deleted.

                     Subject:
                         Security ID:        S-1-5-21-2373504117-2689643630-3100359099-4389
                         Account Name:        Ritik
                         Account Domain:        MAS-NOIDA
                         Logon ID:        0xeef57a

                     Target Account:
                         Security ID:        S-1-5-21-2373504117-2689643630-3100359099-10673
                         Account Name:        MAS51526
                         Account Domain:        MAS-NOIDA

                     Additional Information:
                         Privileges    -
Source             : Microsoft-Windows-Security-Auditing
ReplacementStrings : {MAS51526, MAS-NOIDA, S-1-5-21-2373504117-2689643630-3100359099-10673,
                     S-1-5-21-2373504117-2689643630-3100359099-4389...}
InstanceId         : 4726
TimeGenerated      : 5/26/2023 1:12:26 PM
TimeWritten        : 5/26/2023 1:12:26 PM
UserName           :
Site               :
Container          :

EventID            : 4726
MachineName        : DC.mas-noida.com
Data               : {}
Index              : 23121336
Category           : (13824)
CategoryNumber     : 13824
EntryType          : SuccessAudit
Message            : A user account was deleted.

                     Subject:
                         Security ID:        S-1-5-21-2373504117-2689643630-3100359099-4389
                         Account Name:        Ritik
                         Account Domain:        MAS-NOIDA
                         Logon ID:        0xeef57a

                     Target Account:
                         Security ID:        S-1-5-21-2373504117-2689643630-3100359099-6895
                         Account Name:        NOI2351
                         Account Domain:        MAS-NOIDA

                     Additional Information:
                         Privileges    -
Source             : Microsoft-Windows-Security-Auditing
ReplacementStrings : {NOI2351, MAS-NOIDA, S-1-5-21-2373504117-2689643630-3100359099-6895,
                     S-1-5-21-2373504117-2689643630-3100359099-4389...}
InstanceId         : 4726
TimeGenerated      : 5/26/2023 1:12:22 PM
TimeWritten        : 5/26/2023 1:12:22 PM
UserName           :
Site               :
Container          :

EventID            : 4726
MachineName        : DC.mas-noida.com
Data               : {}
Index              : 22982195
Category           : (13824)
CategoryNumber     : 13824
EntryType          : SuccessAudit
Message            : A user account was deleted.

                     Subject:
                         Security ID:        S-1-5-21-2373504117-2689643630-3100359099-10155
                         Account Name:        ranjeetit
                         Account Domain:        MAS-NOIDA
                         Logon ID:        0x22791e7f

                     Target Account:
                         Security ID:        S-1-5-21-2373504117-2689643630-3100359099-13481
                         Account Name:        MAS52620
                         Account Domain:        MAS-NOIDA

                     Additional Information:
                         Privileges    -
Source             : Microsoft-Windows-Security-Auditing
ReplacementStrings : {MAS52620, MAS-NOIDA, S-1-5-21-2373504117-2689643630-3100359099-13481,
                     S-1-5-21-2373504117-2689643630-3100359099-10155...}
InstanceId         : 4726
TimeGenerated      : 5/25/2023 3:01:05 PM
TimeWritten        : 5/25/2023 3:01:05 PM
UserName           :
Site               :
Container          :

EventID            : 4726
MachineName        : DC.mas-noida.com
Data               : {}
Index              : 22980493
Category           : (13824)
CategoryNumber     : 13824
EntryType          : SuccessAudit
Message            : A user account was deleted.

                     Subject:
                         Security ID:        S-1-5-21-2373504117-2689643630-3100359099-2600
                         Account Name:        prateeks
                         Account Domain:        MAS-NOIDA
                         Logon ID:        0x227a2dd8

                     Target Account:
                         Security ID:        S-1-5-21-2373504117-2689643630-3100359099-13740
                         Account Name:        MAS52514
                         Account Domain:        MAS-NOIDA

                     Additional Information:
                         Privileges    -
Source             : Microsoft-Windows-Security-Auditing
ReplacementStrings : {MAS52514, MAS-NOIDA, S-1-5-21-2373504117-2689643630-3100359099-13740,
                     S-1-5-21-2373504117-2689643630-3100359099-2600...}
InstanceId         : 4726
TimeGenerated      : 5/25/2023 2:51:21 PM
TimeWritten        : 5/25/2023 2:51:21 PM
UserName           :
Site               :
Container          :

EventID            : 4726
MachineName        : DC.mas-noida.com
Data               : {}
Index              : 22980455
Category           : (13824)
CategoryNumber     : 13824
EntryType          : SuccessAudit
Message            : A user account was deleted.

                     Subject:
                         Security ID:        S-1-5-21-2373504117-2689643630-3100359099-2600
                         Account Name:        prateeks
                         Account Domain:        MAS-NOIDA
                         Logon ID:        0x227a23e9

                     Target Account:
                         Security ID:        S-1-5-21-2373504117-2689643630-3100359099-11086
                         Account Name:        MAS52583
                         Account Domain:        MAS-NOIDA

                     Additional Information:
                         Privileges    -
Source             : Microsoft-Windows-Security-Auditing
ReplacementStrings : {MAS52583, MAS-NOIDA, S-1-5-21-2373504117-2689643630-3100359099-11086,
                     S-1-5-21-2373504117-2689643630-3100359099-2600...}
InstanceId         : 4726
TimeGenerated      : 5/25/2023 2:51:05 PM
TimeWritten        : 5/25/2023 2:51:05 PM
UserName           :
Site               :
Container          :

EventID            : 4726
MachineName        : DC.mas-noida.com
Data               : {}
Index              : 22925908
Category           : (13824)
CategoryNumber     : 13824
EntryType          : SuccessAudit
Message            : A user account was deleted.

                     Subject:
                         Security ID:        S-1-5-21-2373504117-2689643630-3100359099-1483
                         Account Name:        mayank
                         Account Domain:        MAS-NOIDA
                         Logon ID:        0x221ea850

                     Target Account:
                         Security ID:        S-1-5-21-2373504117-2689643630-3100359099-7192
                         Account Name:        MAS50227
                         Account Domain:        MAS-NOIDA

                     Additional Information:
                         Privileges    -
Source             : Microsoft-Windows-Security-Auditing
ReplacementStrings : {MAS50227, MAS-NOIDA, S-1-5-21-2373504117-2689643630-3100359099-7192,
                     S-1-5-21-2373504117-2689643630-3100359099-1483...}
InstanceId         : 4726
TimeGenerated      : 5/25/2023 7:13:39 AM
TimeWritten        : 5/25/2023 7:13:39 AM
UserName           :
Site               :
Container          :

EventID            : 4726
MachineName        : DC.mas-noida.com
Data               : {}
Index              : 22925892
Category           : (13824)
CategoryNumber     : 13824
EntryType          : SuccessAudit
Message            : A user account was deleted.

                     Subject:
                         Security ID:        S-1-5-21-2373504117-2689643630-3100359099-1483
                         Account Name:        mayank
                         Account Domain:        MAS-NOIDA
                         Logon ID:        0x221ea4c4

                     Target Account:
                         Security ID:        S-1-5-21-2373504117-2689643630-3100359099-12399
                         Account Name:        MAS51798
                         Account Domain:        MAS-NOIDA

                     Additional Information:
                         Privileges    -
Source             : Microsoft-Windows-Security-Auditing
ReplacementStrings : {MAS51798, MAS-NOIDA, S-1-5-21-2373504117-2689643630-3100359099-12399,
                     S-1-5-21-2373504117-2689643630-3100359099-1483...}
InstanceId         : 4726
TimeGenerated      : 5/25/2023 7:13:24 AM
TimeWritten        : 5/25/2023 7:13:24 AM
UserName           :
Site               :
Container          :

EventID            : 4726
MachineName        : DC.mas-noida.com
Data               : {}
Index              : 22669286
Category           : (13824)
CategoryNumber     : 13824
EntryType          : SuccessAudit
Message            : A user account was deleted.

                     Subject:
                         Security ID:        S-1-5-21-2373504117-2689643630-3100359099-2600
                         Account Name:        prateeks
                         Account Domain:        MAS-NOIDA
                         Logon ID:        0x202db50b

                     Target Account:
                         Security ID:        S-1-5-21-2373504117-2689643630-3100359099-13347
                         Account Name:        MAS52451
                         Account Domain:        MAS-NOIDA

                     Additional Information:
                         Privileges    -
Source             : Microsoft-Windows-Security-Auditing
ReplacementStrings : {MAS52451, MAS-NOIDA, S-1-5-21-2373504117-2689643630-3100359099-13347,
                     S-1-5-21-2373504117-2689643630-3100359099-2600...}
InstanceId         : 4726
TimeGenerated      : 5/23/2023 2:55:23 PM
TimeWritten        : 5/23/2023 2:55:23 PM
UserName           :
Site               :
Container          :

EventID            : 4726
MachineName        : DC.mas-noida.com
Data               : {}
Index              : 22669187
Category           : (13824)
CategoryNumber     : 13824
EntryType          : SuccessAudit
Message            : A user account was deleted.

                     Subject:
                         Security ID:        S-1-5-21-2373504117-2689643630-3100359099-2600
                         Account Name:        prateeks
                         Account Domain:        MAS-NOIDA
                         Logon ID:        0x202db50b

                     Target Account:
                         Security ID:        S-1-5-21-2373504117-2689643630-3100359099-13387
                         Account Name:        MAS52551
                         Account Domain:        MAS-NOIDA

                     Additional Information:
                         Privileges    -
Source             : Microsoft-Windows-Security-Auditing
ReplacementStrings : {MAS52551, MAS-NOIDA, S-1-5-21-2373504117-2689643630-3100359099-13387,
                     S-1-5-21-2373504117-2689643630-3100359099-2600...}
InstanceId         : 4726
TimeGenerated      : 5/23/2023 2:55:01 PM
TimeWritten        : 5/23/2023 2:55:01 PM
UserName           :
Site               :
Container          :

EventID            : 4726
MachineName        : DC.mas-noida.com
Data               : {}
Index              : 22511895
Category           : (13824)
CategoryNumber     : 13824
EntryType          : SuccessAudit
Message            : A user account was deleted.

                     Subject:
                         Security ID:        S-1-5-21-2373504117-2689643630-3100359099-10155
                         Account Name:        ranjeetit
                         Account Domain:        MAS-NOIDA
                         Logon ID:        0x1efc1b08

                     Target Account:
                         Security ID:        S-1-5-21-2373504117-2689643630-3100359099-13439
                         Account Name:        MAS52596
                         Account Domain:        MAS-NOIDA

                     Additional Information:
                         Privileges    -
Source             : Microsoft-Windows-Security-Auditing
ReplacementStrings : {MAS52596, MAS-NOIDA, S-1-5-21-2373504117-2689643630-3100359099-13439,
                     S-1-5-21-2373504117-2689643630-3100359099-10155...}
InstanceId         : 4726
TimeGenerated      : 5/22/2023 2:01:47 PM
TimeWritten        : 5/22/2023 2:01:47 PM
UserName           :
Site               :
Container          :

EventID            : 4726
MachineName        : DC.mas-noida.com
Data               : {}
Index              : 22511843
Category           : (13824)
CategoryNumber     : 13824
EntryType          : SuccessAudit
Message            : A user account was deleted.

                     Subject:
                         Security ID:        S-1-5-21-2373504117-2689643630-3100359099-10155
                         Account Name:        ranjeetit
                         Account Domain:        MAS-NOIDA
                         Logon ID:        0x1efc1b08

                     Target Account:
                         Security ID:        S-1-5-21-2373504117-2689643630-3100359099-13424
                         Account Name:        MAS52590
                         Account Domain:        MAS-NOIDA

                     Additional Information:
                         Privileges    -
Source             : Microsoft-Windows-Security-Auditing
ReplacementStrings : {MAS52590, MAS-NOIDA, S-1-5-21-2373504117-2689643630-3100359099-13424,
                     S-1-5-21-2373504117-2689643630-3100359099-10155...}
InstanceId         : 4726
TimeGenerated      : 5/22/2023 2:01:26 PM
TimeWritten        : 5/22/2023 2:01:26 PM
UserName           :
Site               :
Container          :

EventID            : 4726
MachineName        : DC.mas-noida.com
Data               : {}
Index              : 22475122
Category           : (13824)
CategoryNumber     : 13824
EntryType          : SuccessAudit
Message            : A user account was deleted.

                     Subject:
                         Security ID:        S-1-5-21-2373504117-2689643630-3100359099-10155
                         Account Name:        ranjeetit
                         Account Domain:        MAS-NOIDA
                         Logon ID:        0x1ebee052

                     Target Account:
                         Security ID:        S-1-5-21-2373504117-2689643630-3100359099-13399
                         Account Name:        MAS52558
                         Account Domain:        MAS-NOIDA

                     Additional Information:
                         Privileges    -
Source             : Microsoft-Windows-Security-Auditing
ReplacementStrings : {MAS52558, MAS-NOIDA, S-1-5-21-2373504117-2689643630-3100359099-13399,
                     S-1-5-21-2373504117-2689643630-3100359099-10155...}
InstanceId         : 4726
TimeGenerated      : 5/22/2023 9:19:01 AM
TimeWritten        : 5/22/2023 9:19:01 AM
UserName           :
Site               :
Container          :

EventID            : 4726
MachineName        : DC.mas-noida.com
Data               : {}
Index              : 22475078
Category           : (13824)
CategoryNumber     : 13824
EntryType          : SuccessAudit
Message            : A user account was deleted.

                     Subject:
                         Security ID:        S-1-5-21-2373504117-2689643630-3100359099-10155
                         Account Name:        ranjeetit
                         Account Domain:        MAS-NOIDA
                         Logon ID:        0x1ebee052

                     Target Account:
                         Security ID:        S-1-5-21-2373504117-2689643630-3100359099-13715
                         Account Name:        MAS52480
                         Account Domain:        MAS-NOIDA

                     Additional Information:
                         Privileges    -
Source             : Microsoft-Windows-Security-Auditing
ReplacementStrings : {MAS52480, MAS-NOIDA, S-1-5-21-2373504117-2689643630-3100359099-13715,
                     S-1-5-21-2373504117-2689643630-3100359099-10155...}
InstanceId         : 4726
TimeGenerated      : 5/22/2023 9:18:43 AM
TimeWritten        : 5/22/2023 9:18:43 AM
UserName           :
Site               :
Container          :

EventID            : 4726
MachineName        : DC.mas-noida.com
Data               : {}
Index              : 22475055
Category           : (13824)
CategoryNumber     : 13824
EntryType          : SuccessAudit
Message            : A user account was deleted.

                     Subject:
                         Security ID:        S-1-5-21-2373504117-2689643630-3100359099-10155
                         Account Name:        ranjeetit
                         Account Domain:        MAS-NOIDA
                         Logon ID:        0x1ebee052

                     Target Account:
                         Security ID:        S-1-5-21-2373504117-2689643630-3100359099-13437
                         Account Name:        MAS52578
                         Account Domain:        MAS-NOIDA

                     Additional Information:
                         Privileges    -
Source             : Microsoft-Windows-Security-Auditing
ReplacementStrings : {MAS52578, MAS-NOIDA, S-1-5-21-2373504117-2689643630-3100359099-13437,
                     S-1-5-21-2373504117-2689643630-3100359099-10155...}
InstanceId         : 4726
TimeGenerated      : 5/22/2023 9:18:24 AM
TimeWritten        : 5/22/2023 9:18:24 AM
UserName           :
Site               :
Container          :

EventID            : 4726
MachineName        : DC.mas-noida.com
Data               : {}
Index              : 22475022
Category           : (13824)
CategoryNumber     : 13824
EntryType          : SuccessAudit
Message            : A user account was deleted.

                     Subject:
                         Security ID:        S-1-5-21-2373504117-2689643630-3100359099-10155
                         Account Name:        ranjeetit
                         Account Domain:        MAS-NOIDA
                         Logon ID:        0x1ebee052

                     Target Account:
                         Security ID:        S-1-5-21-2373504117-2689643630-3100359099-13433
                         Account Name:        MAS52583
                         Account Domain:        MAS-NOIDA

                     Additional Information:
                         Privileges    -
Source             : Microsoft-Windows-Security-Auditing
ReplacementStrings : {MAS52583, MAS-NOIDA, S-1-5-21-2373504117-2689643630-3100359099-13433,
                     S-1-5-21-2373504117-2689643630-3100359099-10155...}
InstanceId         : 4726
TimeGenerated      : 5/22/2023 9:18:03 AM
TimeWritten        : 5/22/2023 9:18:03 AM
UserName           :
Site               :
Container          :

EventID            : 4726
MachineName        : DC.mas-noida.com
Data               : {}
Index              : 22474973
Category           : (13824)
CategoryNumber     : 13824
EntryType          : SuccessAudit
Message            : A user account was deleted.

                     Subject:
                         Security ID:        S-1-5-21-2373504117-2689643630-3100359099-10155
                         Account Name:        ranjeetit
                         Account Domain:        MAS-NOIDA
                         Logon ID:        0x1ebee052

                     Target Account:
                         Security ID:        S-1-5-21-2373504117-2689643630-3100359099-13430
                         Account Name:        MAS52582
                         Account Domain:        MAS-NOIDA

                     Additional Information:
                         Privileges    -
Source             : Microsoft-Windows-Security-Auditing
ReplacementStrings : {MAS52582, MAS-NOIDA, S-1-5-21-2373504117-2689643630-3100359099-13430,
                     S-1-5-21-2373504117-2689643630-3100359099-10155...}
InstanceId         : 4726
TimeGenerated      : 5/22/2023 9:17:43 AM
TimeWritten        : 5/22/2023 9:17:43 AM
UserName           :
Site               :
Container          :

EventID            : 4726
MachineName        : DC.mas-noida.com
Data               : {}
Index              : 22474951
Category           : (13824)
CategoryNumber     : 13824
EntryType          : SuccessAudit
Message            : A user account was deleted.

                     Subject:
                         Security ID:        S-1-5-21-2373504117-2689643630-3100359099-10155
                         Account Name:        ranjeetit
                         Account Domain:        MAS-NOIDA
                         Logon ID:        0x1ebee052

                     Target Account:
                         Security ID:        S-1-5-21-2373504117-2689643630-3100359099-13403
                         Account Name:        MAS52553
                         Account Domain:        MAS-NOIDA

                     Additional Information:
                         Privileges    -
Source             : Microsoft-Windows-Security-Auditing
ReplacementStrings : {MAS52553, MAS-NOIDA, S-1-5-21-2373504117-2689643630-3100359099-13403,
                     S-1-5-21-2373504117-2689643630-3100359099-10155...}
InstanceId         : 4726
TimeGenerated      : 5/22/2023 9:17:24 AM
TimeWritten        : 5/22/2023 9:17:24 AM
UserName           :
Site               :
Container          :

EventID            : 4726
MachineName        : DC.mas-noida.com
Data               : {}
Index              : 22330235
Category           : (13824)
CategoryNumber     : 13824
EntryType          : SuccessAudit
Message            : A user account was deleted.

                     Subject:
                         Security ID:        S-1-5-21-2373504117-2689643630-3100359099-1483
                         Account Name:        mayank
                         Account Domain:        MAS-NOIDA
                         Logon ID:        0x1d926ff6

                     Target Account:
                         Security ID:        S-1-5-21-2373504117-2689643630-3100359099-11170
                         Account Name:        MAS51136
                         Account Domain:        MAS-NOIDA

                     Additional Information:
                         Privileges    -
Source             : Microsoft-Windows-Security-Auditing
ReplacementStrings : {MAS51136, MAS-NOIDA, S-1-5-21-2373504117-2689643630-3100359099-11170,
                     S-1-5-21-2373504117-2689643630-3100359099-1483...}
InstanceId         : 4726
TimeGenerated      : 5/21/2023 2:31:34 AM
TimeWritten        : 5/21/2023 2:31:34 AM
UserName           :
Site               :
Container          :

EventID            : 4726
MachineName        : DC.mas-noida.com
Data               : {}
Index              : 22330198
Category           : (13824)
CategoryNumber     : 13824
EntryType          : SuccessAudit
Message            : A user account was deleted.

                     Subject:
                         Security ID:        S-1-5-21-2373504117-2689643630-3100359099-1483
                         Account Name:        mayank
                         Account Domain:        MAS-NOIDA
                         Logon ID:        0x1d926941

                     Target Account:
                         Security ID:        S-1-5-21-2373504117-2689643630-3100359099-13245
                         Account Name:        MAS52253
                         Account Domain:        MAS-NOIDA

                     Additional Information:
                         Privileges    -
Source             : Microsoft-Windows-Security-Auditing
ReplacementStrings : {MAS52253, MAS-NOIDA, S-1-5-21-2373504117-2689643630-3100359099-13245,
                     S-1-5-21-2373504117-2689643630-3100359099-1483...}
InstanceId         : 4726
TimeGenerated      : 5/21/2023 2:31:20 AM
TimeWritten        : 5/21/2023 2:31:20 AM
UserName           :
Site               :
Container          :

EventID            : 4726
MachineName        : DC.mas-noida.com
Data               : {}
Index              : 22303694
Category           : (13824)
CategoryNumber     : 13824
EntryType          : SuccessAudit
Message            : A user account was deleted.

                     Subject:
                         Security ID:        S-1-5-21-2373504117-2689643630-3100359099-2600
                         Account Name:        prateeks
                         Account Domain:        MAS-NOIDA
                         Logon ID:        0x1d565187

                     Target Account:
                         Security ID:        S-1-5-21-2373504117-2689643630-3100359099-13416
                         Account Name:        MAS52575
                         Account Domain:        MAS-NOIDA

                     Additional Information:
                         Privileges    -
Source             : Microsoft-Windows-Security-Auditing
ReplacementStrings : {MAS52575, MAS-NOIDA, S-1-5-21-2373504117-2689643630-3100359099-13416,
                     S-1-5-21-2373504117-2689643630-3100359099-2600...}
InstanceId         : 4726
TimeGenerated      : 5/20/2023 9:21:50 PM
TimeWritten        : 5/20/2023 9:21:50 PM
UserName           :
Site               :
Container          :

EventID            : 4726
MachineName        : DC.mas-noida.com
Data               : {}
Index              : 22303670
Category           : (13824)
CategoryNumber     : 13824
EntryType          : SuccessAudit
Message            : A user account was deleted.

                     Subject:
                         Security ID:        S-1-5-21-2373504117-2689643630-3100359099-2600
                         Account Name:        prateeks
                         Account Domain:        MAS-NOIDA
                         Logon ID:        0x1d565187

                     Target Account:
                         Security ID:        S-1-5-21-2373504117-2689643630-3100359099-13412
                         Account Name:        MAS52571
                         Account Domain:        MAS-NOIDA

                     Additional Information:
                         Privileges    -
Source             : Microsoft-Windows-Security-Auditing
ReplacementStrings : {MAS52571, MAS-NOIDA, S-1-5-21-2373504117-2689643630-3100359099-13412,
                     S-1-5-21-2373504117-2689643630-3100359099-2600...}
InstanceId         : 4726
TimeGenerated      : 5/20/2023 9:21:35 PM
TimeWritten        : 5/20/2023 9:21:35 PM
UserName           :
Site               :
Container          :

EventID            : 4726
MachineName        : DC.mas-noida.com
Data               : {}
Index              : 22303647
Category           : (13824)
CategoryNumber     : 13824
EntryType          : SuccessAudit
Message            : A user account was deleted.

                     Subject:
                         Security ID:        S-1-5-21-2373504117-2689643630-3100359099-2600
                         Account Name:        prateeks
                         Account Domain:        MAS-NOIDA
                         Logon ID:        0x1d565187

                     Target Account:
                         Security ID:        S-1-5-21-2373504117-2689643630-3100359099-13411
                         Account Name:        MAS52570
                         Account Domain:        MAS-NOIDA

                     Additional Information:
                         Privileges    -
Source             : Microsoft-Windows-Security-Auditing
ReplacementStrings : {MAS52570, MAS-NOIDA, S-1-5-21-2373504117-2689643630-3100359099-13411,
                     S-1-5-21-2373504117-2689643630-3100359099-2600...}
InstanceId         : 4726
TimeGenerated      : 5/20/2023 9:21:18 PM
TimeWritten        : 5/20/2023 9:21:18 PM
UserName           :
Site               :
Container          :

EventID            : 4726
MachineName        : DC.mas-noida.com
Data               : {}
Index              : 22107351
Category           : (13824)
CategoryNumber     : 13824
EntryType          : SuccessAudit
Message            : A user account was deleted.

                     Subject:
                         Security ID:        S-1-5-21-2373504117-2689643630-3100359099-10155
                         Account Name:        ranjeetit
                         Account Domain:        MAS-NOIDA
                         Logon ID:        0x1bdca2a0

                     Target Account:
                         Security ID:        S-1-5-21-2373504117-2689643630-3100359099-10829
                         Account Name:        MAS51870
                         Account Domain:        MAS-NOIDA

                     Additional Information:
                         Privileges    -
Source             : Microsoft-Windows-Security-Auditing
ReplacementStrings : {MAS51870, MAS-NOIDA, S-1-5-21-2373504117-2689643630-3100359099-10829,
                     S-1-5-21-2373504117-2689643630-3100359099-10155...}
InstanceId         : 4726
TimeGenerated      : 5/19/2023 3:08:32 PM
TimeWritten        : 5/19/2023 3:08:32 PM
UserName           :
Site               :
Container          :

EventID            : 4726
MachineName        : DC.mas-noida.com
Data               : {}
Index              : 22048106
Category           : (13824)
CategoryNumber     : 13824
EntryType          : SuccessAudit
Message            : A user account was deleted.

                     Subject:
                         Security ID:        S-1-5-21-2373504117-2689643630-3100359099-1483
                         Account Name:        mayank
                         Account Domain:        MAS-NOIDA
                         Logon ID:        0x1b689cd2

                     Target Account:
                         Security ID:        S-1-5-21-2373504117-2689643630-3100359099-12503
                         Account Name:        MAS51955
                         Account Domain:        MAS-NOIDA

                     Additional Information:
                         Privileges    -
Source             : Microsoft-Windows-Security-Auditing
ReplacementStrings : {MAS51955, MAS-NOIDA, S-1-5-21-2373504117-2689643630-3100359099-12503,
                     S-1-5-21-2373504117-2689643630-3100359099-1483...}
InstanceId         : 4726
TimeGenerated      : 5/19/2023 5:39:25 AM
TimeWritten        : 5/19/2023 5:39:25 AM
UserName           :
Site               :
Container          :

EventID            : 4726
MachineName        : DC.mas-noida.com
Data               : {}
Index              : 22048095
Category           : (13824)
CategoryNumber     : 13824
EntryType          : SuccessAudit
Message            : A user account was deleted.

                     Subject:
                         Security ID:        S-1-5-21-2373504117-2689643630-3100359099-1483
                         Account Name:        mayank
                         Account Domain:        MAS-NOIDA
                         Logon ID:        0x1b689cd2

                     Target Account:
                         Security ID:        S-1-5-21-2373504117-2689643630-3100359099-10820
                         Account Name:        MAS51883
                         Account Domain:        MAS-NOIDA

                     Additional Information:
                         Privileges    -
Source             : Microsoft-Windows-Security-Auditing
ReplacementStrings : {MAS51883, MAS-NOIDA, S-1-5-21-2373504117-2689643630-3100359099-10820,
                     S-1-5-21-2373504117-2689643630-3100359099-1483...}
InstanceId         : 4726
TimeGenerated      : 5/19/2023 5:39:12 AM
TimeWritten        : 5/19/2023 5:39:12 AM
UserName           :
Site               :
Container          :

EventID            : 4726
MachineName        : DC.mas-noida.com
Data               : {}
Index              : 22048051
Category           : (13824)
CategoryNumber     : 13824
EntryType          : SuccessAudit
Message            : A user account was deleted.

                     Subject:
                         Security ID:        S-1-5-21-2373504117-2689643630-3100359099-1483
                         Account Name:        mayank
                         Account Domain:        MAS-NOIDA
                         Logon ID:        0x1b689cd2

                     Target Account:
                         Security ID:        S-1-5-21-2373504117-2689643630-3100359099-12366
                         Account Name:        MAS51734
                         Account Domain:        MAS-NOIDA

                     Additional Information:
                         Privileges    -
Source             : Microsoft-Windows-Security-Auditing
ReplacementStrings : {MAS51734, MAS-NOIDA, S-1-5-21-2373504117-2689643630-3100359099-12366,
                     S-1-5-21-2373504117-2689643630-3100359099-1483...}
InstanceId         : 4726
TimeGenerated      : 5/19/2023 5:38:34 AM
TimeWritten        : 5/19/2023 5:38:34 AM
UserName           :
Site               :
Container          :

EventID            : 4726
MachineName        : DC.mas-noida.com
Data               : {}
Index              : 22023252
Category           : (13824)
CategoryNumber     : 13824
EntryType          : SuccessAudit
Message            : A user account was deleted.

                     Subject:
                         Security ID:        S-1-5-21-2373504117-2689643630-3100359099-1483
                         Account Name:        mayank
                         Account Domain:        MAS-NOIDA
                         Logon ID:        0x1b2da2ba

                     Target Account:
                         Security ID:        S-1-5-21-2373504117-2689643630-3100359099-13186
                         Account Name:        MAS52169
                         Account Domain:        MAS-NOIDA

                     Additional Information:
                         Privileges    -
