Source             : Microsoft-Windows-Security-Auditing
ReplacementStrings : {MAS52015, MAS-NOIDA, S-1-5-21-2373504117-2689643630-3100359099-13621,
                     S-1-5-21-2373504117-2689643630-3100359099-2600...}
InstanceId         : 4726
TimeGenerated      : 3/11/2023 5:40:13 PM
TimeWritten        : 3/11/2023 5:40:13 PM
UserName           :
Site               :
Container          :

EventID            : 4726
MachineName        : DC.mas-noida.com
Data               : {}
Index              : 10868373
Category           : (13824)
CategoryNumber     : 13824
EntryType          : SuccessAudit
Message            : A user account was deleted.

                     Subject:
                         Security ID:        S-1-5-21-2373504117-2689643630-3100359099-2600
                         Account Name:        prateeks
                         Account Domain:        MAS-NOIDA
                         Logon ID:        0x16433688

                     Target Account:
                         Security ID:        S-1-5-21-2373504117-2689643630-3100359099-13629
                         Account Name:        MAS52018
                         Account Domain:        MAS-NOIDA

                     Additional Information:
                         Privileges    -
Source             : Microsoft-Windows-Security-Auditing
ReplacementStrings : {MAS52018, MAS-NOIDA, S-1-5-21-2373504117-2689643630-3100359099-13629,
                     S-1-5-21-2373504117-2689643630-3100359099-2600...}
InstanceId         : 4726
TimeGenerated      : 3/11/2023 5:36:45 PM
TimeWritten        : 3/11/2023 5:36:45 PM
UserName           :
Site               :
Container          :

EventID            : 4726
MachineName        : DC.mas-noida.com
Data               : {}
Index              : 10868325
Category           : (13824)
CategoryNumber     : 13824
EntryType          : SuccessAudit
Message            : A user account was deleted.

                     Subject:
                         Security ID:        S-1-5-21-2373504117-2689643630-3100359099-2600
                         Account Name:        prateeks
                         Account Domain:        MAS-NOIDA
                         Logon ID:        0x16433688

                     Target Account:
                         Security ID:        S-1-5-21-2373504117-2689643630-3100359099-13622
                         Account Name:        MAS52012
                         Account Domain:        MAS-NOIDA

                     Additional Information:
                         Privileges    -
Source             : Microsoft-Windows-Security-Auditing
ReplacementStrings : {MAS52012, MAS-NOIDA, S-1-5-21-2373504117-2689643630-3100359099-13622,
                     S-1-5-21-2373504117-2689643630-3100359099-2600...}
InstanceId         : 4726
TimeGenerated      : 3/11/2023 5:36:28 PM
TimeWritten        : 3/11/2023 5:36:28 PM
UserName           :
Site               :
Container          :

EventID            : 4726
MachineName        : DC.mas-noida.com
Data               : {}
Index              : 10868275
Category           : (13824)
CategoryNumber     : 13824
EntryType          : SuccessAudit
Message            : A user account was deleted.

                     Subject:
                         Security ID:        S-1-5-21-2373504117-2689643630-3100359099-2600
                         Account Name:        prateeks
                         Account Domain:        MAS-NOIDA
                         Logon ID:        0x16433688

                     Target Account:
                         Security ID:        S-1-5-21-2373504117-2689643630-3100359099-12548
                         Account Name:        MAS51999
                         Account Domain:        MAS-NOIDA

                     Additional Information:
                         Privileges    -
Source             : Microsoft-Windows-Security-Auditing
ReplacementStrings : {MAS51999, MAS-NOIDA, S-1-5-21-2373504117-2689643630-3100359099-12548,
                     S-1-5-21-2373504117-2689643630-3100359099-2600...}
InstanceId         : 4726
TimeGenerated      : 3/11/2023 5:36:11 PM
TimeWritten        : 3/11/2023 5:36:11 PM
UserName           :
Site               :
Container          :

EventID            : 4726
MachineName        : DC.mas-noida.com
Data               : {}
Index              : 10868224
Category           : (13824)
CategoryNumber     : 13824
EntryType          : SuccessAudit
Message            : A user account was deleted.

                     Subject:
                         Security ID:        S-1-5-21-2373504117-2689643630-3100359099-2600
                         Account Name:        prateeks
                         Account Domain:        MAS-NOIDA
                         Logon ID:        0x16433688

                     Target Account:
                         Security ID:        S-1-5-21-2373504117-2689643630-3100359099-12531
                         Account Name:        MAS51983
                         Account Domain:        MAS-NOIDA

                     Additional Information:
                         Privileges    -
Source             : Microsoft-Windows-Security-Auditing
ReplacementStrings : {MAS51983, MAS-NOIDA, S-1-5-21-2373504117-2689643630-3100359099-12531,
                     S-1-5-21-2373504117-2689643630-3100359099-2600...}
InstanceId         : 4726
TimeGenerated      : 3/11/2023 5:35:53 PM
TimeWritten        : 3/11/2023 5:35:53 PM
UserName           :
Site               :
Container          :

EventID            : 4726
MachineName        : DC.mas-noida.com
Data               : {}
Index              : 10868173
Category           : (13824)
CategoryNumber     : 13824
EntryType          : SuccessAudit
Message            : A user account was deleted.

                     Subject:
                         Security ID:        S-1-5-21-2373504117-2689643630-3100359099-2600
                         Account Name:        prateeks
                         Account Domain:        MAS-NOIDA
                         Logon ID:        0x16433688

                     Target Account:
                         Security ID:        S-1-5-21-2373504117-2689643630-3100359099-12547
                         Account Name:        MAS52002
                         Account Domain:        MAS-NOIDA

                     Additional Information:
                         Privileges    -
Source             : Microsoft-Windows-Security-Auditing
ReplacementStrings : {MAS52002, MAS-NOIDA, S-1-5-21-2373504117-2689643630-3100359099-12547,
                     S-1-5-21-2373504117-2689643630-3100359099-2600...}
InstanceId         : 4726
TimeGenerated      : 3/11/2023 5:35:35 PM
TimeWritten        : 3/11/2023 5:35:35 PM
UserName           :
Site               :
Container          :

EventID            : 4726
MachineName        : DC.mas-noida.com
Data               : {}
Index              : 10868136
Category           : (13824)
CategoryNumber     : 13824
EntryType          : SuccessAudit
Message            : A user account was deleted.

                     Subject:
                         Security ID:        S-1-5-21-2373504117-2689643630-3100359099-2600
                         Account Name:        prateeks
                         Account Domain:        MAS-NOIDA
                         Logon ID:        0x16433688

                     Target Account:
                         Security ID:        S-1-5-21-2373504117-2689643630-3100359099-12525
                         Account Name:        MAS51985
                         Account Domain:        MAS-NOIDA

                     Additional Information:
                         Privileges    -
Source             : Microsoft-Windows-Security-Auditing
ReplacementStrings : {MAS51985, MAS-NOIDA, S-1-5-21-2373504117-2689643630-3100359099-12525,
                     S-1-5-21-2373504117-2689643630-3100359099-2600...}
InstanceId         : 4726
TimeGenerated      : 3/11/2023 5:35:22 PM
TimeWritten        : 3/11/2023 5:35:22 PM
UserName           :
Site               :
Container          :

EventID            : 4726
MachineName        : DC.mas-noida.com
Data               : {}
Index              : 10868054
Category           : (13824)
CategoryNumber     : 13824
EntryType          : SuccessAudit
Message            : A user account was deleted.

                     Subject:
                         Security ID:        S-1-5-21-2373504117-2689643630-3100359099-2600
                         Account Name:        prateeks
                         Account Domain:        MAS-NOIDA
                         Logon ID:        0x16433688

                     Target Account:
                         Security ID:        S-1-5-21-2373504117-2689643630-3100359099-12520
                         Account Name:        MAS51965
                         Account Domain:        MAS-NOIDA

                     Additional Information:
                         Privileges    -
Source             : Microsoft-Windows-Security-Auditing
ReplacementStrings : {MAS51965, MAS-NOIDA, S-1-5-21-2373504117-2689643630-3100359099-12520,
                     S-1-5-21-2373504117-2689643630-3100359099-2600...}
InstanceId         : 4726
TimeGenerated      : 3/11/2023 5:35:01 PM
TimeWritten        : 3/11/2023 5:35:01 PM
UserName           :
Site               :
Container          :

EventID            : 4726
MachineName        : DC.mas-noida.com
Data               : {}
Index              : 10868008
Category           : (13824)
CategoryNumber     : 13824
EntryType          : SuccessAudit
Message            : A user account was deleted.

                     Subject:
                         Security ID:        S-1-5-21-2373504117-2689643630-3100359099-2600
                         Account Name:        prateeks
                         Account Domain:        MAS-NOIDA
                         Logon ID:        0x16433688

                     Target Account:
                         Security ID:        S-1-5-21-2373504117-2689643630-3100359099-12470
                         Account Name:        MAS51892
                         Account Domain:        MAS-NOIDA

                     Additional Information:
                         Privileges    -
Source             : Microsoft-Windows-Security-Auditing
ReplacementStrings : {MAS51892, MAS-NOIDA, S-1-5-21-2373504117-2689643630-3100359099-12470,
                     S-1-5-21-2373504117-2689643630-3100359099-2600...}
InstanceId         : 4726
TimeGenerated      : 3/11/2023 5:34:42 PM
TimeWritten        : 3/11/2023 5:34:42 PM
UserName           :
Site               :
Container          :

EventID            : 4726
MachineName        : DC.mas-noida.com
Data               : {}
Index              : 10867932
Category           : (13824)
CategoryNumber     : 13824
EntryType          : SuccessAudit
Message            : A user account was deleted.

                     Subject:
                         Security ID:        S-1-5-21-2373504117-2689643630-3100359099-2600
                         Account Name:        prateeks
                         Account Domain:        MAS-NOIDA
                         Logon ID:        0x16433688

                     Target Account:
                         Security ID:        S-1-5-21-2373504117-2689643630-3100359099-12421
                         Account Name:        MAS51841
                         Account Domain:        MAS-NOIDA

                     Additional Information:
                         Privileges    -
Source             : Microsoft-Windows-Security-Auditing
ReplacementStrings : {MAS51841, MAS-NOIDA, S-1-5-21-2373504117-2689643630-3100359099-12421,
                     S-1-5-21-2373504117-2689643630-3100359099-2600...}
InstanceId         : 4726
TimeGenerated      : 3/11/2023 5:34:26 PM
TimeWritten        : 3/11/2023 5:34:26 PM
UserName           :
Site               :
Container          :

EventID            : 4726
MachineName        : DC.mas-noida.com
Data               : {}
Index              : 10560255
Category           : (13824)
CategoryNumber     : 13824
EntryType          : SuccessAudit
Message            : A user account was deleted.

                     Subject:
                         Security ID:        S-1-5-21-2373504117-2689643630-3100359099-2600
                         Account Name:        prateeks
                         Account Domain:        MAS-NOIDA
                         Logon ID:        0x1395efbe

                     Target Account:
                         Security ID:        S-1-5-21-2373504117-2689643630-3100359099-12374
                         Account Name:        MAS51737
                         Account Domain:        MAS-NOIDA

                     Additional Information:
                         Privileges    -
Source             : Microsoft-Windows-Security-Auditing
ReplacementStrings : {MAS51737, MAS-NOIDA, S-1-5-21-2373504117-2689643630-3100359099-12374,
                     S-1-5-21-2373504117-2689643630-3100359099-2600...}
InstanceId         : 4726
TimeGenerated      : 3/10/2023 1:31:51 AM
TimeWritten        : 3/10/2023 1:31:51 AM
UserName           :
Site               :
Container          :

EventID            : 4726
MachineName        : DC.mas-noida.com
Data               : {}
Index              : 10560217
Category           : (13824)
CategoryNumber     : 13824
EntryType          : SuccessAudit
Message            : A user account was deleted.

                     Subject:
                         Security ID:        S-1-5-21-2373504117-2689643630-3100359099-2600
                         Account Name:        prateeks
                         Account Domain:        MAS-NOIDA
                         Logon ID:        0x1395efbe

                     Target Account:
                         Security ID:        S-1-5-21-2373504117-2689643630-3100359099-12213
                         Account Name:        MAS51639
                         Account Domain:        MAS-NOIDA

                     Additional Information:
                         Privileges    -
Source             : Microsoft-Windows-Security-Auditing
ReplacementStrings : {MAS51639, MAS-NOIDA, S-1-5-21-2373504117-2689643630-3100359099-12213,
                     S-1-5-21-2373504117-2689643630-3100359099-2600...}
InstanceId         : 4726
TimeGenerated      : 3/10/2023 1:31:30 AM
TimeWritten        : 3/10/2023 1:31:30 AM
UserName           :
Site               :
Container          :

EventID            : 4726
MachineName        : DC.mas-noida.com
Data               : {}
Index              : 10560157
Category           : (13824)
CategoryNumber     : 13824
EntryType          : SuccessAudit
Message            : A user account was deleted.

                     Subject:
                         Security ID:        S-1-5-21-2373504117-2689643630-3100359099-2600
                         Account Name:        prateeks
                         Account Domain:        MAS-NOIDA
                         Logon ID:        0x1395efbe

                     Target Account:
                         Security ID:        S-1-5-21-2373504117-2689643630-3100359099-12160
                         Account Name:        MAS51603
                         Account Domain:        MAS-NOIDA

                     Additional Information:
                         Privileges    -
Source             : Microsoft-Windows-Security-Auditing
ReplacementStrings : {MAS51603, MAS-NOIDA, S-1-5-21-2373504117-2689643630-3100359099-12160,
                     S-1-5-21-2373504117-2689643630-3100359099-2600...}
InstanceId         : 4726
TimeGenerated      : 3/10/2023 1:30:56 AM
TimeWritten        : 3/10/2023 1:30:56 AM
UserName           :
Site               :
Container          :

EventID            : 4726
MachineName        : DC.mas-noida.com
Data               : {}
Index              : 10560137
Category           : (13824)
CategoryNumber     : 13824
EntryType          : SuccessAudit
Message            : A user account was deleted.

                     Subject:
                         Security ID:        S-1-5-21-2373504117-2689643630-3100359099-2600
                         Account Name:        prateeks
                         Account Domain:        MAS-NOIDA
                         Logon ID:        0x1395efbe

                     Target Account:
                         Security ID:        S-1-5-21-2373504117-2689643630-3100359099-6467
                         Account Name:        MAS49594
                         Account Domain:        MAS-NOIDA

                     Additional Information:
                         Privileges    -
Source             : Microsoft-Windows-Security-Auditing
ReplacementStrings : {MAS49594, MAS-NOIDA, S-1-5-21-2373504117-2689643630-3100359099-6467,
                     S-1-5-21-2373504117-2689643630-3100359099-2600...}
InstanceId         : 4726
TimeGenerated      : 3/10/2023 1:30:41 AM
TimeWritten        : 3/10/2023 1:30:41 AM
UserName           :
Site               :
Container          :

EventID            : 4726
MachineName        : DC.mas-noida.com
Data               : {}
Index              : 10560087
Category           : (13824)
CategoryNumber     : 13824
EntryType          : SuccessAudit
Message            : A user account was deleted.

                     Subject:
                         Security ID:        S-1-5-21-2373504117-2689643630-3100359099-2600
                         Account Name:        prateeks
                         Account Domain:        MAS-NOIDA
                         Logon ID:        0x1395efbe

                     Target Account:
                         Security ID:        S-1-5-21-2373504117-2689643630-3100359099-10427
                         Account Name:        MAS50896
                         Account Domain:        MAS-NOIDA

                     Additional Information:
                         Privileges    -
Source             : Microsoft-Windows-Security-Auditing
ReplacementStrings : {MAS50896, MAS-NOIDA, S-1-5-21-2373504117-2689643630-3100359099-10427,
                     S-1-5-21-2373504117-2689643630-3100359099-2600...}
InstanceId         : 4726
TimeGenerated      : 3/10/2023 1:30:05 AM
TimeWritten        : 3/10/2023 1:30:05 AM
UserName           :
Site               :
Container          :

EventID            : 4726
MachineName        : DC.mas-noida.com
Data               : {}
Index              : 10560057
Category           : (13824)
CategoryNumber     : 13824
EntryType          : SuccessAudit
Message            : A user account was deleted.

                     Subject:
                         Security ID:        S-1-5-21-2373504117-2689643630-3100359099-2600
                         Account Name:        prateeks
                         Account Domain:        MAS-NOIDA
                         Logon ID:        0x1395efbe

                     Target Account:
                         Security ID:        S-1-5-21-2373504117-2689643630-3100359099-6067
                         Account Name:        MAS49342
                         Account Domain:        MAS-NOIDA

                     Additional Information:
                         Privileges    -
Source             : Microsoft-Windows-Security-Auditing
ReplacementStrings : {MAS49342, MAS-NOIDA, S-1-5-21-2373504117-2689643630-3100359099-6067,
                     S-1-5-21-2373504117-2689643630-3100359099-2600...}
InstanceId         : 4726
TimeGenerated      : 3/10/2023 1:29:46 AM
TimeWritten        : 3/10/2023 1:29:46 AM
UserName           :
Site               :
Container          :

EventID            : 4726
MachineName        : DC.mas-noida.com
Data               : {}
Index              : 10560018
Category           : (13824)
CategoryNumber     : 13824
EntryType          : SuccessAudit
Message            : A user account was deleted.

                     Subject:
                         Security ID:        S-1-5-21-2373504117-2689643630-3100359099-2600
                         Account Name:        prateeks
                         Account Domain:        MAS-NOIDA
                         Logon ID:        0x1395efbe

                     Target Account:
                         Security ID:        S-1-5-21-2373504117-2689643630-3100359099-6170
                         Account Name:        MAS49404
                         Account Domain:        MAS-NOIDA

                     Additional Information:
                         Privileges    -
Source             : Microsoft-Windows-Security-Auditing
ReplacementStrings : {MAS49404, MAS-NOIDA, S-1-5-21-2373504117-2689643630-3100359099-6170,
                     S-1-5-21-2373504117-2689643630-3100359099-2600...}
InstanceId         : 4726
TimeGenerated      : 3/10/2023 1:29:28 AM
TimeWritten        : 3/10/2023 1:29:28 AM
UserName           :
Site               :
Container          :

EventID            : 4726
MachineName        : DC.mas-noida.com
Data               : {}
Index              : 10559990
Category           : (13824)
CategoryNumber     : 13824
EntryType          : SuccessAudit
Message            : A user account was deleted.

                     Subject:
                         Security ID:        S-1-5-21-2373504117-2689643630-3100359099-2600
                         Account Name:        prateeks
                         Account Domain:        MAS-NOIDA
                         Logon ID:        0x1395efbe

                     Target Account:
                         Security ID:        S-1-5-21-2373504117-2689643630-3100359099-12165
                         Account Name:        MAS51610
                         Account Domain:        MAS-NOIDA

                     Additional Information:
                         Privileges    -
Source             : Microsoft-Windows-Security-Auditing
ReplacementStrings : {MAS51610, MAS-NOIDA, S-1-5-21-2373504117-2689643630-3100359099-12165,
                     S-1-5-21-2373504117-2689643630-3100359099-2600...}
InstanceId         : 4726
TimeGenerated      : 3/10/2023 1:29:11 AM
TimeWritten        : 3/10/2023 1:29:11 AM
UserName           :
Site               :
Container          :

EventID            : 4726
MachineName        : DC.mas-noida.com
Data               : {}
Index              : 10559945
Category           : (13824)
CategoryNumber     : 13824
EntryType          : SuccessAudit
Message            : A user account was deleted.

                     Subject:
                         Security ID:        S-1-5-21-2373504117-2689643630-3100359099-2600
                         Account Name:        prateeks
                         Account Domain:        MAS-NOIDA
                         Logon ID:        0x1395efbe

                     Target Account:
                         Security ID:        S-1-5-21-2373504117-2689643630-3100359099-12119
                         Account Name:        MAS51550
                         Account Domain:        MAS-NOIDA

                     Additional Information:
                         Privileges    -
Source             : Microsoft-Windows-Security-Auditing
ReplacementStrings : {MAS51550, MAS-NOIDA, S-1-5-21-2373504117-2689643630-3100359099-12119,
                     S-1-5-21-2373504117-2689643630-3100359099-2600...}
InstanceId         : 4726
TimeGenerated      : 3/10/2023 1:28:57 AM
TimeWritten        : 3/10/2023 1:28:57 AM
UserName           :
Site               :
Container          :

EventID            : 4726
MachineName        : DC.mas-noida.com
Data               : {}
Index              : 10559860
Category           : (13824)
CategoryNumber     : 13824
EntryType          : SuccessAudit
Message            : A user account was deleted.

                     Subject:
                         Security ID:        S-1-5-21-2373504117-2689643630-3100359099-2600
                         Account Name:        prateeks
                         Account Domain:        MAS-NOIDA
                         Logon ID:        0x1395efbe

                     Target Account:
                         Security ID:        S-1-5-21-2373504117-2689643630-3100359099-4909
                         Account Name:        MAS48842
                         Account Domain:        MAS-NOIDA

                     Additional Information:
                         Privileges    -
Source             : Microsoft-Windows-Security-Auditing
ReplacementStrings : {MAS48842, MAS-NOIDA, S-1-5-21-2373504117-2689643630-3100359099-4909,
                     S-1-5-21-2373504117-2689643630-3100359099-2600...}
InstanceId         : 4726
TimeGenerated      : 3/10/2023 1:28:38 AM
TimeWritten        : 3/10/2023 1:28:38 AM
UserName           :
Site               :
Container          :

EventID            : 4726
MachineName        : DC.mas-noida.com
Data               : {}
Index              : 10559749
Category           : (13824)
CategoryNumber     : 13824
EntryType          : SuccessAudit
Message            : A user account was deleted.

                     Subject:
                         Security ID:        S-1-5-21-2373504117-2689643630-3100359099-2600
                         Account Name:        prateeks
                         Account Domain:        MAS-NOIDA
                         Logon ID:        0x1395efbe

                     Target Account:
                         Security ID:        S-1-5-21-2373504117-2689643630-3100359099-6031
                         Account Name:        MAS48369
                         Account Domain:        MAS-NOIDA

                     Additional Information:
                         Privileges    -
Source             : Microsoft-Windows-Security-Auditing
ReplacementStrings : {MAS48369, MAS-NOIDA, S-1-5-21-2373504117-2689643630-3100359099-6031,
                     S-1-5-21-2373504117-2689643630-3100359099-2600...}
InstanceId         : 4726
TimeGenerated      : 3/10/2023 1:28:23 AM
TimeWritten        : 3/10/2023 1:28:23 AM
UserName           :
Site               :
Container          :

EventID            : 4726
MachineName        : DC.mas-noida.com
Data               : {}
Index              : 10384487
Category           : (13824)
CategoryNumber     : 13824
EntryType          : SuccessAudit
Message            : A user account was deleted.

                     Subject:
                         Security ID:        S-1-5-21-2373504117-2689643630-3100359099-2600
                         Account Name:        prateeks
                         Account Domain:        MAS-NOIDA
                         Logon ID:        0x124aca50

                     Target Account:
                         Security ID:        S-1-5-21-2373504117-2689643630-3100359099-4040
                         Account Name:        Mda
                         Account Domain:        MAS-NOIDA

                     Additional Information:
                         Privileges    -
Source             : Microsoft-Windows-Security-Auditing
ReplacementStrings : {Mda, MAS-NOIDA, S-1-5-21-2373504117-2689643630-3100359099-4040,
                     S-1-5-21-2373504117-2689643630-3100359099-2600...}
InstanceId         : 4726
TimeGenerated      : 3/9/2023 3:46:55 AM
TimeWritten        : 3/9/2023 3:46:55 AM
UserName           :
Site               :
Container          :

EventID            : 4726
MachineName        : DC.mas-noida.com
Data               : {}
Index              : 10384257
Category           : (13824)
CategoryNumber     : 13824
EntryType          : SuccessAudit
Message            : A user account was deleted.

                     Subject:
                         Security ID:        S-1-5-21-2373504117-2689643630-3100359099-2600
                         Account Name:        prateeks
                         Account Domain:        MAS-NOIDA
                         Logon ID:        0x124aca50

                     Target Account:
                         Security ID:        S-1-5-21-2373504117-2689643630-3100359099-7853
                         Account Name:        MAS49866
                         Account Domain:        MAS-NOIDA

                     Additional Information:
                         Privileges    -
Source             : Microsoft-Windows-Security-Auditing
ReplacementStrings : {MAS49866, MAS-NOIDA, S-1-5-21-2373504117-2689643630-3100359099-7853,
                     S-1-5-21-2373504117-2689643630-3100359099-2600...}
InstanceId         : 4726
TimeGenerated      : 3/9/2023 3:43:43 AM
TimeWritten        : 3/9/2023 3:43:43 AM
UserName           :
Site               :
Container          :

EventID            : 4726
MachineName        : DC.mas-noida.com
Data               : {}
Index              : 10384026
Category           : (13824)
CategoryNumber     : 13824
EntryType          : SuccessAudit
Message            : A user account was deleted.

                     Subject:
                         Security ID:        S-1-5-21-2373504117-2689643630-3100359099-2600
                         Account Name:        prateeks
                         Account Domain:        MAS-NOIDA
                         Logon ID:        0x124aca50

                     Target Account:
                         Security ID:        S-1-5-21-2373504117-2689643630-3100359099-11376
                         Account Name:        MAS51382
                         Account Domain:        MAS-NOIDA

                     Additional Information:
                         Privileges    -
Source             : Microsoft-Windows-Security-Auditing
ReplacementStrings : {MAS51382, MAS-NOIDA, S-1-5-21-2373504117-2689643630-3100359099-11376,
                     S-1-5-21-2373504117-2689643630-3100359099-2600...}
InstanceId         : 4726
TimeGenerated      : 3/9/2023 3:43:02 AM
TimeWritten        : 3/9/2023 3:43:02 AM
UserName           :
Site               :
Container          :

EventID            : 4726
MachineName        : DC.mas-noida.com
Data               : {}
Index              : 10384002
Category           : (13824)
CategoryNumber     : 13824
EntryType          : SuccessAudit
Message            : A user account was deleted.

                     Subject:
                         Security ID:        S-1-5-21-2373504117-2689643630-3100359099-2600
                         Account Name:        prateeks
                         Account Domain:        MAS-NOIDA
                         Logon ID:        0x124aca50

                     Target Account:
                         Security ID:        S-1-5-21-2373504117-2689643630-3100359099-12272
                         Account Name:        MAS51592
                         Account Domain:        MAS-NOIDA

                     Additional Information:
                         Privileges    -
Source             : Microsoft-Windows-Security-Auditing
ReplacementStrings : {MAS51592, MAS-NOIDA, S-1-5-21-2373504117-2689643630-3100359099-12272,
                     S-1-5-21-2373504117-2689643630-3100359099-2600...}
InstanceId         : 4726
TimeGenerated      : 3/9/2023 3:42:42 AM
TimeWritten        : 3/9/2023 3:42:42 AM
UserName           :
Site               :
Container          :

EventID            : 4726
MachineName        : DC.mas-noida.com
Data               : {}
Index              : 10383974
Category           : (13824)
CategoryNumber     : 13824
EntryType          : SuccessAudit
Message            : A user account was deleted.

                     Subject:
                         Security ID:        S-1-5-21-2373504117-2689643630-3100359099-2600
                         Account Name:        prateeks
                         Account Domain:        MAS-NOIDA
                         Logon ID:        0x124aca50

                     Target Account:
                         Security ID:        S-1-5-21-2373504117-2689643630-3100359099-10272
                         Account Name:        MAS50733
                         Account Domain:        MAS-NOIDA

                     Additional Information:
                         Privileges    -
Source             : Microsoft-Windows-Security-Auditing
ReplacementStrings : {MAS50733, MAS-NOIDA, S-1-5-21-2373504117-2689643630-3100359099-10272,
                     S-1-5-21-2373504117-2689643630-3100359099-2600...}
InstanceId         : 4726
TimeGenerated      : 3/9/2023 3:42:24 AM
TimeWritten        : 3/9/2023 3:42:24 AM
UserName           :
Site               :
Container          :

EventID            : 4726
MachineName        : DC.mas-noida.com
Data               : {}
Index              : 10383912
Category           : (13824)
CategoryNumber     : 13824
EntryType          : SuccessAudit
Message            : A user account was deleted.

                     Subject:
                         Security ID:        S-1-5-21-2373504117-2689643630-3100359099-2600
                         Account Name:        prateeks
                         Account Domain:        MAS-NOIDA
                         Logon ID:        0x124aca50

                     Target Account:
                         Security ID:        S-1-5-21-2373504117-2689643630-3100359099-11199
                         Account Name:        MAS50264
                         Account Domain:        MAS-NOIDA

                     Additional Information:
                         Privileges    -
Source             : Microsoft-Windows-Security-Auditing
ReplacementStrings : {MAS50264, MAS-NOIDA, S-1-5-21-2373504117-2689643630-3100359099-11199,
                     S-1-5-21-2373504117-2689643630-3100359099-2600...}
InstanceId         : 4726
TimeGenerated      : 3/9/2023 3:41:49 AM
TimeWritten        : 3/9/2023 3:41:49 AM
UserName           :
Site               :
Container          :

EventID            : 4726
MachineName        : DC.mas-noida.com
Data               : {}
Index              : 10383890
Category           : (13824)
CategoryNumber     : 13824
EntryType          : SuccessAudit
Message            : A user account was deleted.

                     Subject:
                         Security ID:        S-1-5-21-2373504117-2689643630-3100359099-2600
                         Account Name:        prateeks
                         Account Domain:        MAS-NOIDA
                         Logon ID:        0x124aca50

                     Target Account:
                         Security ID:        S-1-5-21-2373504117-2689643630-3100359099-12423
                         Account Name:        MAS51843
                         Account Domain:        MAS-NOIDA

                     Additional Information:
                         Privileges    -
Source             : Microsoft-Windows-Security-Auditing
ReplacementStrings : {MAS51843, MAS-NOIDA, S-1-5-21-2373504117-2689643630-3100359099-12423,
                     S-1-5-21-2373504117-2689643630-3100359099-2600...}
InstanceId         : 4726
TimeGenerated      : 3/9/2023 3:41:31 AM
TimeWritten        : 3/9/2023 3:41:31 AM
UserName           :
Site               :
Container          :

EventID            : 4726
MachineName        : DC.mas-noida.com
Data               : {}
Index              : 10383870
Category           : (13824)
CategoryNumber     : 13824
EntryType          : SuccessAudit
Message            : A user account was deleted.

                     Subject:
                         Security ID:        S-1-5-21-2373504117-2689643630-3100359099-2600
                         Account Name:        prateeks
                         Account Domain:        MAS-NOIDA
                         Logon ID:        0x124aca50

                     Target Account:
                         Security ID:        S-1-5-21-2373504117-2689643630-3100359099-11315
                         Account Name:        MAS51345
                         Account Domain:        MAS-NOIDA

                     Additional Information:
                         Privileges    -
Source             : Microsoft-Windows-Security-Auditing
ReplacementStrings : {MAS51345, MAS-NOIDA, S-1-5-21-2373504117-2689643630-3100359099-11315,
                     S-1-5-21-2373504117-2689643630-3100359099-2600...}
InstanceId         : 4726
TimeGenerated      : 3/9/2023 3:41:11 AM
TimeWritten        : 3/9/2023 3:41:11 AM
UserName           :
Site               :
Container          :

EventID            : 4726
MachineName        : DC.mas-noida.com
Data               : {}
Index              : 10383789
Category           : (13824)
CategoryNumber     : 13824
EntryType          : SuccessAudit
Message            : A user account was deleted.

                     Subject:
                         Security ID:        S-1-5-21-2373504117-2689643630-3100359099-2600
                         Account Name:        prateeks
                         Account Domain:        MAS-NOIDA
                         Logon ID:        0x124aca50

                     Target Account:
                         Security ID:        S-1-5-21-2373504117-2689643630-3100359099-12106
                         Account Name:        MAS51539
                         Account Domain:        MAS-NOIDA

                     Additional Information:
                         Privileges    -
Source             : Microsoft-Windows-Security-Auditing
ReplacementStrings : {MAS51539, MAS-NOIDA, S-1-5-21-2373504117-2689643630-3100359099-12106,
                     S-1-5-21-2373504117-2689643630-3100359099-2600...}
InstanceId         : 4726
TimeGenerated      : 3/9/2023 3:39:55 AM
TimeWritten        : 3/9/2023 3:39:55 AM
UserName           :
Site               :
Container          :

EventID            : 4726
MachineName        : DC.mas-noida.com
Data               : {}
Index              : 10383752
Category           : (13824)
CategoryNumber     : 13824
EntryType          : SuccessAudit
Message            : A user account was deleted.

                     Subject:
                         Security ID:        S-1-5-21-2373504117-2689643630-3100359099-2600
                         Account Name:        prateeks
                         Account Domain:        MAS-NOIDA
                         Logon ID:        0x124aca50

                     Target Account:
                         Security ID:        S-1-5-21-2373504117-2689643630-3100359099-4041
                         Account Name:        MAS48903
                         Account Domain:        MAS-NOIDA

                     Additional Information:
                         Privileges    -
Source             : Microsoft-Windows-Security-Auditing
ReplacementStrings : {MAS48903, MAS-NOIDA, S-1-5-21-2373504117-2689643630-3100359099-4041,
                     S-1-5-21-2373504117-2689643630-3100359099-2600...}
InstanceId         : 4726
TimeGenerated      : 3/9/2023 3:39:34 AM
TimeWritten        : 3/9/2023 3:39:34 AM
UserName           :
Site               :
Container          :

EventID            : 4726
MachineName        : DC.mas-noida.com
Data               : {}
Index              : 10383701
Category           : (13824)
CategoryNumber     : 13824
EntryType          : SuccessAudit
Message            : A user account was deleted.

                     Subject:
                         Security ID:        S-1-5-21-2373504117-2689643630-3100359099-2600
                         Account Name:        prateeks
                         Account Domain:        MAS-NOIDA
                         Logon ID:        0x124aca50

                     Target Account:
                         Security ID:        S-1-5-21-2373504117-2689643630-3100359099-7340
                         Account Name:        MAS50381
                         Account Domain:        MAS-NOIDA

                     Additional Information:
                         Privileges    -
Source             : Microsoft-Windows-Security-Auditing
ReplacementStrings : {MAS50381, MAS-NOIDA, S-1-5-21-2373504117-2689643630-3100359099-7340,
                     S-1-5-21-2373504117-2689643630-3100359099-2600...}
InstanceId         : 4726
TimeGenerated      : 3/9/2023 3:39:10 AM
TimeWritten        : 3/9/2023 3:39:10 AM
UserName           :
Site               :
Container          :

EventID            : 4726
MachineName        : DC.mas-noida.com
Data               : {}
Index              : 9485900
Category           : (13824)
CategoryNumber     : 13824
EntryType          : SuccessAudit
Message            : A user account was deleted.

                     Subject:
                         Security ID:        S-1-5-21-2373504117-2689643630-3100359099-2600
                         Account Name:        prateeks
                         Account Domain:        MAS-NOIDA
                         Logon ID:        0x11322d6

                     Target Account:
                         Security ID:        S-1-5-21-2373504117-2689643630-3100359099-12386
                         Account Name:        MAS48962
                         Account Domain:        MAS-NOIDA

                     Additional Information:
                         Privileges    -
Source             : Microsoft-Windows-Security-Auditing
ReplacementStrings : {MAS48962, MAS-NOIDA, S-1-5-21-2373504117-2689643630-3100359099-12386,
                     S-1-5-21-2373504117-2689643630-3100359099-2600...}
InstanceId         : 4726
TimeGenerated      : 3/4/2023 5:08:45 AM
TimeWritten        : 3/4/2023 5:08:45 AM
UserName           :
Site               :
Container          :

EventID            : 4726
MachineName        : DC.mas-noida.com
Data               : {}
Index              : 9485875
Category           : (13824)
CategoryNumber     : 13824
EntryType          : SuccessAudit
Message            : A user account was deleted.

                     Subject:
                         Security ID:        S-1-5-21-2373504117-2689643630-3100359099-2600
                         Account Name:        prateeks
                         Account Domain:        MAS-NOIDA
                         Logon ID:        0x11322d6

                     Target Account:
                         Security ID:        S-1-5-21-2373504117-2689643630-3100359099-12375
                         Account Name:        MAS51735
                         Account Domain:        MAS-NOIDA

                     Additional Information:
                         Privileges    -
Source             : Microsoft-Windows-Security-Auditing
ReplacementStrings : {MAS51735, MAS-NOIDA, S-1-5-21-2373504117-2689643630-3100359099-12375,
                     S-1-5-21-2373504117-2689643630-3100359099-2600...}
InstanceId         : 4726
TimeGenerated      : 3/4/2023 5:08:20 AM
TimeWritten        : 3/4/2023 5:08:20 AM
UserName           :
Site               :
Container          :

EventID            : 4726
MachineName        : DC.mas-noida.com
Data               : {}
Index              : 9485853
Category           : (13824)
CategoryNumber     : 13824
EntryType          : SuccessAudit
Message            : A user account was deleted.

                     Subject:
                         Security ID:        S-1-5-21-2373504117-2689643630-3100359099-2600
                         Account Name:        prateeks
                         Account Domain:        MAS-NOIDA
                         Logon ID:        0x11322d6

                     Target Account:
                         Security ID:        S-1-5-21-2373504117-2689643630-3100359099-10410
                         Account Name:        MAS50884
                         Account Domain:        MAS-NOIDA

                     Additional Information:
                         Privileges    -
Source             : Microsoft-Windows-Security-Auditing
ReplacementStrings : {MAS50884, MAS-NOIDA, S-1-5-21-2373504117-2689643630-3100359099-10410,
                     S-1-5-21-2373504117-2689643630-3100359099-2600...}
InstanceId         : 4726
TimeGenerated      : 3/4/2023 5:08:03 AM
TimeWritten        : 3/4/2023 5:08:03 AM
UserName           :
Site               :
Container          :

EventID            : 4726
MachineName        : DC.mas-noida.com
Data               : {}
Index              : 9327724
Category           : (13824)
CategoryNumber     : 13824
EntryType          : SuccessAudit
Message            : A user account was deleted.

                     Subject:
                         Security ID:        S-1-5-21-2373504117-2689643630-3100359099-1499
                         Account Name:        anupk
                         Account Domain:        MAS-NOIDA
                         Logon ID:        0x6fc08

                     Target Account:
                         Security ID:        S-1-5-21-2373504117-2689643630-3100359099-12530
                         Account Name:        MAS51993
                         Account Domain:        MAS-NOIDA

                     Additional Information:
                         Privileges    -
Source             : Microsoft-Windows-Security-Auditing
ReplacementStrings : {MAS51993, MAS-NOIDA, S-1-5-21-2373504117-2689643630-3100359099-12530,
                     S-1-5-21-2373504117-2689643630-3100359099-1499...}
InstanceId         : 4726
TimeGenerated      : 3/3/2023 10:46:02 AM
TimeWritten        : 3/3/2023 10:46:02 AM
UserName           :
Site               :
Container          :

EventID            : 4726
MachineName        : DC.mas-noida.com
Data               : {}
Index              : 9327688
Category           : (13824)
CategoryNumber     : 13824
EntryType          : SuccessAudit
Message            : A user account was deleted.

                     Subject:
                         Security ID:        S-1-5-21-2373504117-2689643630-3100359099-1499
                         Account Name:        anupk
                         Account Domain:        MAS-NOIDA
                         Logon ID:        0x6fc08

                     Target Account:
                         Security ID:        S-1-5-21-2373504117-2689643630-3100359099-12477
                         Account Name:        MAS51912
                         Account Domain:        MAS-NOIDA

                     Additional Information:
                         Privileges    -
Source             : Microsoft-Windows-Security-Auditing
ReplacementStrings : {MAS51912, MAS-NOIDA, S-1-5-21-2373504117-2689643630-3100359099-12477,
                     S-1-5-21-2373504117-2689643630-3100359099-1499...}
InstanceId         : 4726
TimeGenerated      : 3/3/2023 10:45:50 AM
TimeWritten        : 3/3/2023 10:45:50 AM
UserName           :
Site               :
Container          :

EventID            : 4726
MachineName        : DC.mas-noida.com
Data               : {}
Index              : 9327657
Category           : (13824)
CategoryNumber     : 13824
EntryType          : SuccessAudit
Message            : A user account was deleted.

                     Subject:
                         Security ID:        S-1-5-21-2373504117-2689643630-3100359099-1499
                         Account Name:        anupk
                         Account Domain:        MAS-NOIDA
                         Logon ID:        0x6fc08

                     Target Account:
                         Security ID:        S-1-5-21-2373504117-2689643630-3100359099-12402
                         Account Name:        MAS51789
                         Account Domain:        MAS-NOIDA

                     Additional Information:
                         Privileges    -
Source             : Microsoft-Windows-Security-Auditing
ReplacementStrings : {MAS51789, MAS-NOIDA, S-1-5-21-2373504117-2689643630-3100359099-12402,
                     S-1-5-21-2373504117-2689643630-3100359099-1499...}
InstanceId         : 4726
TimeGenerated      : 3/3/2023 10:45:39 AM
TimeWritten        : 3/3/2023 10:45:39 AM
UserName           :
Site               :
Container          :

EventID            : 4726
MachineName        : DC.mas-noida.com
Data               : {}
Index              : 9327629
Category           : (13824)
CategoryNumber     : 13824
EntryType          : SuccessAudit
Message            : A user account was deleted.

                     Subject:
                         Security ID:        S-1-5-21-2373504117-2689643630-3100359099-1499
                         Account Name:        anupk
                         Account Domain:        MAS-NOIDA
                         Logon ID:        0x6fc08

                     Target Account:
                         Security ID:        S-1-5-21-2373504117-2689643630-3100359099-12411
                         Account Name:        MAS51809
                         Account Domain:        MAS-NOIDA

                     Additional Information:
                         Privileges    -
Source             : Microsoft-Windows-Security-Auditing
ReplacementStrings : {MAS51809, MAS-NOIDA, S-1-5-21-2373504117-2689643630-3100359099-12411,
                     S-1-5-21-2373504117-2689643630-3100359099-1499...}
InstanceId         : 4726
TimeGenerated      : 3/3/2023 10:45:22 AM
TimeWritten        : 3/3/2023 10:45:22 AM
UserName           :
Site               :
Container          :

EventID            : 4726
MachineName        : DC.mas-noida.com
Data               : {}
Index              : 9327579
Category           : (13824)
CategoryNumber     : 13824
EntryType          : SuccessAudit
Message            : A user account was deleted.

                     Subject:
                         Security ID:        S-1-5-21-2373504117-2689643630-3100359099-1499
                         Account Name:        anupk
                         Account Domain:        MAS-NOIDA
                         Logon ID:        0x6fc08

                     Target Account:
                         Security ID:        S-1-5-21-2373504117-2689643630-3100359099-12391
                         Account Name:        MAS51799
                         Account Domain:        MAS-NOIDA

                     Additional Information:
                         Privileges    -
